
 eiger (nano06.int-nano.int.kit.edu) : TURBOMOLE rev. V7-6 19 Oct 2021 at 10:10:11 compiled Oct 19th 2021
 Copyright (C) 2021 TURBOMOLE GmbH, Karlsruhe


    2025-05-28 12:28:28.425 

 PBE0                                                                           
  
Total energy =  -2291.7447983480 H =    -62361.5523672 eV
 
 HOMO-LUMO Separation
   HOMO:   167.   167 a     -0.19870080 H =     -5.40692 eV
   LUMO:   168.   168 a     -0.11957375 H =     -3.25377 eV
   Gap :                    +0.07912705 H =     +2.15316 eV
 
Number of MOs=   1413, Electrons=    334.00, Symmetry: c1   
 
   Nr.   Orbital    Occupation       Energy
  184.   184 a                     +0.015242 H =        +0.415 eV
  183.   183 a                     +0.015049 H =        +0.410 eV
  182.   182 a                     +0.013303 H =        +0.362 eV
  181.   181 a                     +0.007749 H =        +0.211 eV
  180.   180 a                     +0.006247 H =        +0.170 eV
  179.   179 a                     +0.005813 H =        +0.158 eV
  178.   178 a                     +0.000959 H =        +0.026 eV
  177.   177 a                     -0.001822 H =        -0.050 eV
  176.   176 a                     -0.004541 H =        -0.124 eV
  175.   175 a                     -0.011949 H =        -0.325 eV
  174.   174 a                     -0.013186 H =        -0.359 eV
  173.   173 a                     -0.013348 H =        -0.363 eV
  172.   172 a                     -0.025852 H =        -0.703 eV
  171.   171 a                     -0.030271 H =        -0.824 eV
  170.   170 a                     -0.035427 H =        -0.964 eV
  169.   169 a                     -0.057077 H =        -1.553 eV
  168.   168 a                     -0.119574 H =        -3.254 eV
  167.   167 a        2.000        -0.198701 H =        -5.407 eV
  166.   166 a        2.000        -0.244398 H =        -6.650 eV
  165.   165 a        2.000        -0.262224 H =        -7.135 eV
  164.   164 a        2.000        -0.262981 H =        -7.156 eV
  163.   163 a        2.000        -0.277576 H =        -7.553 eV
  162.   162 a        2.000        -0.287867 H =        -7.833 eV
  161.   161 a        2.000        -0.298008 H =        -8.109 eV
  160.   160 a        2.000        -0.314222 H =        -8.550 eV
  159.   159 a        2.000        -0.318233 H =        -8.660 eV
  158.   158 a        2.000        -0.323755 H =        -8.810 eV
  157.   157 a        2.000        -0.326482 H =        -8.884 eV
  156.   156 a        2.000        -0.329218 H =        -8.958 eV
  155.   155 a        2.000        -0.341350 H =        -9.289 eV
  154.   154 a        2.000        -0.346128 H =        -9.419 eV
  153.   153 a        2.000        -0.348032 H =        -9.470 eV
  152.   152 a        2.000        -0.349784 H =        -9.518 eV


    ------------------------------------------------------------------------
         total  cpu-time :   1.03 seconds
         total wall-time :   1.05 seconds
    ------------------------------------------------------------------------

   ****  eiger : all done  ****


    2025-05-28 12:28:29.456 

