
 eiger (nano22.int-nano.int.kit.edu) : TURBOMOLE rev. V7-6 19 Oct 2021 at 10:10:11 compiled Oct 19th 2021
 Copyright (C) 2021 TURBOMOLE GmbH, Karlsruhe


    2025-03-22 18:06:11.777 

 pbe0                                                                           
  
Total energy =  -1773.4118690960 H =    -48256.9949424 eV
 
 HOMO-LUMO Separation
   HOMO:   123.   123 a     -0.20045914 H =     -5.45477 eV
   LUMO:   124.   124 a     -0.12256694 H =     -3.33522 eV
   Gap :                    +0.07789220 H =     +2.11955 eV
 
Number of MOs=   1020, Electrons=    246.00, Symmetry: c1   
 
   Nr.   Orbital    Occupation       Energy
  140.   140 a                     +0.021570 H =        +0.587 eV
  139.   139 a                     +0.018986 H =        +0.517 eV
  138.   138 a                     +0.015756 H =        +0.429 eV
  137.   137 a                     +0.015207 H =        +0.414 eV
  136.   136 a                     +0.012344 H =        +0.336 eV
  135.   135 a                     +0.011188 H =        +0.304 eV
  134.   134 a                     +0.007696 H =        +0.209 eV
  133.   133 a                     +0.006455 H =        +0.176 eV
  132.   132 a                     +0.003450 H =        +0.094 eV
  131.   131 a                     -0.005284 H =        -0.144 eV
  130.   130 a                     -0.008050 H =        -0.219 eV
  129.   129 a                     -0.013702 H =        -0.373 eV
  128.   128 a                     -0.014639 H =        -0.398 eV
  127.   127 a                     -0.022108 H =        -0.602 eV
  126.   126 a                     -0.034497 H =        -0.939 eV
  125.   125 a                     -0.066793 H =        -1.818 eV
  124.   124 a                     -0.122567 H =        -3.335 eV
  123.   123 a        2.000        -0.200459 H =        -5.455 eV
  122.   122 a        2.000        -0.236860 H =        -6.445 eV
  121.   121 a        2.000        -0.262035 H =        -7.130 eV
  120.   120 a        2.000        -0.281035 H =        -7.647 eV
  119.   119 a        2.000        -0.286084 H =        -7.785 eV
  118.   118 a        2.000        -0.292525 H =        -7.960 eV
  117.   117 a        2.000        -0.319833 H =        -8.703 eV
  116.   116 a        2.000        -0.343484 H =        -9.347 eV
  115.   115 a        2.000        -0.346970 H =        -9.442 eV
  114.   114 a        2.000        -0.347720 H =        -9.462 eV
  113.   113 a        2.000        -0.358771 H =        -9.763 eV
  112.   112 a        2.000        -0.361479 H =        -9.836 eV
  111.   111 a        2.000        -0.363266 H =        -9.885 eV
  110.   110 a        2.000        -0.363686 H =        -9.896 eV
  109.   109 a        2.000        -0.366590 H =        -9.975 eV
  108.   108 a        2.000        -0.370167 H =       -10.073 eV


    ------------------------------------------------------------------------
         total  cpu-time :   0.44 seconds
         total wall-time :   0.46 seconds
    ------------------------------------------------------------------------

   ****  eiger : all done  ****


    2025-03-22 18:06:12.214 

