
 ridft (nano14.int-nano.int.kit.edu) : TURBOMOLE rev. V7-6 19 Oct 2021 at 10:10:11 compiled Oct 19th 2021
 Copyright (C) 2021 TURBOMOLE GmbH, Karlsruhe


    2025-04-09 01:02:42.982 



                                  r i d f t

                        DFT program with RI approximation 
                                for coulomb part 




                                                 
                                 References:     
                                                 
          TURBOMOLE:                             
              R. Ahlrichs, M. Baer, M. Haeser, H. Horn, and
              C. Koelmel
              Electronic structure calculations on workstation
              computers: the program system TURBOMOLE
              Chem. Phys. Lett. 162: 165 (1989)
          Density Functional:                              
              O. Treutler and R. Ahlrichs                      
              Efficient Molecular Numerical Integration Schemes
              J. Chem. Phys. 102: 346 (1995)                   
          Parallel Version:                                
              Performance of parallel TURBOMOLE for Density    
              Functional Calculations                          
              M. v. Arnim and R. Ahlrichs                      
              J. Comp. Chem. 19: 1746 (1998)                   
          RI-J Method:                                     
              Auxiliary Basis Sets to approximate Coulomb      
              Potentials                                       
              Chem. Phys. Lett. 240: 283 (1995)                
              K. Eichkorn, O. Treutler, H. Oehm, M. Haeser     
              and R. Ahlrichs                                  
              Chem. Phys. Lett. 242: 652 (1995)                
                                                           
              Auxiliary Basis Sets for Main Row Atoms and their
              Use to approximate Coulomb Potentials            
              K. Eichkorn, F. Weigend, O. Treutler and         
              R. Ahlrichs                                      
              Theo. Chem. Acc. 97: 119 (1997)                   
                                                           
              Accurate Coulomb-fitting basis sets for H to Rn 
              F. Weigend                                        
              Phys. Chem. Chem. Phys. 8: 1057 (2006)            
                                                           
          Multipole accelerated RI-J (MARI-J):             
              Fast evaluation of the Coulomb potential for     
              electron densities using multipole accelerated   
              resolution of identity approximation             
              M. Sierka, A. Hogekamp and R. Ahlrichs           
              J. Chem. Phys. 118: 9136 (2003)                  
          RI-JK Method:                                     
              A fully direct RI-HF algorithm: Implementation,
              optimised auxiliary basis sets, demonstration of
              accuracy and efficiency                         
              F. Weigend                                      
              Phys. Chem. Chem. Phys. 4: 4285 (2002)           
          Two-component HF and DFT with spin-orbit coupling:  
              Self-consistent treatment of spin-orbit         
              interactions with efficient Hartree-Fock and    
              density functional methods                      
              M. K. Armbruster, F. Weigend, C. van Wüllen and 
              W. Klopper                                      
              Phys. Chem. Chem. Phys. 10: 1748 (2008)         
          Two-component difference density and DIIS algorithm 
              Efficient two-component self-consistent field   
              procedures and gradients: implementation in     
              TURBOMOLE and application to Au20-              
              A. Baldes, F. Weigend                           
              Mol. Phys. 111: 2617 (2013)                     
          Relativistic all-electron 2c calculations           
              An efficient implementation of two-component    
              relativistic exact-decoupling methods for large 
              molecules                                       
              D. Peng, N. Middendorf, F. Weigend, M. Reiher   
              J. Chem. Phys. 138: 184105 (2013)               
          Finite nucleus model and SNSO approximation         
              Efficient implementation of one- and two-       
              component analytical energy gradients in exact  
              two-component theory                            
              Y. J. Franzke, N. Middendorf, F. Weigend        
              J. Chem. Phys. 148: 104110 (2018)               
          Grids for all-electron relativistic methods         
              Error-consistent segmented contracted all-      
              electron relativistic basis sets of double-     
              and triple-zeta quality for NMR shielding       
              constants                                       
              Y. J. Franzke, R. Tress, T. M. Pazdera,         
              F. Weigend                                      
              Phys. Chem. Chem. Phys. 21: 166658 (2019)       
          Seminumerical exchange algorithms                   
              Seminumerical calculation of the Hartree-Fock   
              exchange matirx: Application to two-component   
              procedures and efficient evaluation of local    
              hybrid functionsl                               
               P. Plessow, F. Weigend,                        
              J. Comput. Chem. 33: 810 (2012)                 
          Improved seminumerical algorithms                   
              C. Holzer,                                      
              J. Chem. Phys. 153 (2020), 184115               
                                         




              +--------------------------------------------------+
              |      general information about current run       |
              +--------------------------------------------------+

 
 Libxc version: 5.1.4
 S. Lehtola, C. Steigemann, M.J.T. Oliveira, and M.A.L. Marques, Software X 7, 1 (2018)
 M.A.L. Marques, M.J.T. Oliveira, and T. Burnus, Comput. Phys. Commun. 183, 2272 (2012)
 TURBOMOLE integration by Christof Holzer

 Name of XC-Functional: Minnesota M06-2X hybrid exchange functional
 HF exchange scaling factor =    0.54000
 [1] Y. Zhao and D. G. Truhlar, Theor. Chem. Acc. 120, 215 (2008)
 A Hybrid-DFT calculation using the RI-J approximation will be carried out.
 Allocatable memory for RI due to $ricore (MB):                  2000

   *************************************************************************
   m062x                                                                    
   *************************************************************************




              +--------------------------------------------------+
              | Atomic coordinate, charge and isotop information |
              +--------------------------------------------------+

                    atomic coordinates            atom    charge  isotop
        -13.44380289    6.28041113   -0.49176247    c      6.000     0
        -11.05061409    7.46277766   -0.41400114    c      6.000     0
         -8.83294176    6.08890874   -0.27391666    c      6.000     0
         -8.88185783    3.42422177   -0.20600878    c      6.000     0
         -6.61225744    1.96257203   -0.04135255    c      6.000     0
         -6.67496654   -0.61780555    0.02370394    c      6.000     0
         -9.01184301   -1.99453297   -0.08718099    c      6.000     0
         -9.10103364   -4.69552587   -0.03496035    c      6.000     0
        -11.49065704   -5.87714321   -0.12700910    c      6.000     0
        -13.72025862   -4.50275979   -0.23011703    c      6.000     0
        -13.69058628   -1.84391206   -0.28733083    c      6.000     0
        -15.95985947   -0.37941482   -0.42720665    c      6.000     0
        -15.90728904    2.20034405   -0.49583580    c      6.000     0
        -13.56628829    3.57752301   -0.42686329    c      6.000     0
        -11.25999942    2.14523899   -0.28770110    c      6.000     0
        -11.31477011   -0.56580541   -0.22436763    c      6.000     0
        -15.73749146    7.79311709   -0.63188221    c      6.000     0
         -6.78365577   -6.20366045    0.08879835    c      6.000     0
        -15.90824906   10.33046463   -0.75935655    c      6.000     0
         -6.62359425   -8.57941640    1.00006497    c      6.000     0
         -4.43309383   -9.87729025    0.96105174    o      8.000     0
         -4.40629095  -12.23733501    2.21826772    c      6.000     0
        -18.36668964   11.54934309   -0.88600538    n      7.000     0
        -18.33635095   13.86287362   -1.00776058    o      8.000     0
        -20.28546542   10.25415435   -0.86584840    o      8.000     0
        -10.94037185    9.52230925   -0.45777639    h      1.000     0
         -7.01297468    7.06404006   -0.21035481    h      1.000     0
         -4.80392613    2.95845994    0.04357342    h      1.000     0
         -4.89992333   -1.65120796    0.18121223    h      1.000     0
        -11.59055364   -7.93796651   -0.18050018    h      1.000     0
        -15.53435731   -5.48960793   -0.31016528    h      1.000     0
        -17.77118926   -1.37314541   -0.48055845    h      1.000     0
        -17.69342306    3.21838081   -0.60507295    h      1.000     0
        -17.56417142    6.83644189   -0.63901080    h      1.000     0
         -5.01709125   -5.37904881   -0.59008745    h      1.000     0
        -14.38226509   11.70749560   -0.78945291    h      1.000     0
         -8.24895620   -9.56888576    1.82767156    h      1.000     0
         -2.52856189  -13.06759385    1.91484051    h      1.000     0
         -4.72413665  -12.01701533    4.27064021    h      1.000     0
         -5.84969998  -13.53421961    1.44449413    h      1.000     0
 
       center of nuclear mass  :  -11.71415904    1.23244474   -0.14259092
       center of nuclear charge:  -11.63626484    1.09686828   -0.12080902

              +--------------------------------------------------+
              |               basis set information              |
              +--------------------------------------------------+

              we will work with the 1s 3p 5d 7f 9g ... basis set
              ...i.e. with spherical basis functions...

   type   atoms  prim   cont   basis
   ---------------------------------------------------------------------------
    c       21     43     23   aug-cc-pVDZ   [4s3p2d|18s5p2d]
    o        3     43     23   aug-cc-pVDZ   [4s3p2d|18s5p2d]
    n        1     43     23   aug-cc-pVDZ   [4s3p2d|18s5p2d]
    h       15     11      9   aug-cc-pVDZ   [3s2p|5s2p]
   ---------------------------------------------------------------------------
   total:   40   1240    710
   ---------------------------------------------------------------------------

   total number of primitive shells          :   82
   total number of contracted shells         :  300
   total number of cartesian basis functions :  760
   total number of SCF-basis functions       :  710


 integral neglect threshold       :  0.44E-11
 integral storage threshold THIZE :  0.10E-04
 integral storage threshold THIME :         5

 RI-J AUXILIARY BASIS SET information:

              we will work with the 1s 3p 5d 7f 9g ... basis set
              ...i.e. with spherical basis functions...

   type   atoms  prim   cont   basis
   ---------------------------------------------------------------------------
    c       21     70     49   aug-cc-pVDZ   [6s4p3d1f1g|12s5p4d2f1g]
    o        3     70     49   aug-cc-pVDZ   [6s4p3d1f1g|12s5p4d2f1g]
    n        1     70     49   aug-cc-pVDZ   [6s4p3d1f1g|12s5p4d2f1g]
    h       15     16     11   aug-cc-pVDZ   [3s1p1d|5s2p1d]
   ---------------------------------------------------------------------------
   total:   40   1990   1390
   ---------------------------------------------------------------------------

   total number of primitive shells          :   80
   total number of contracted shells         :  450
   total number of cartesian basis functions : 1705
   total number of SCF-basis functions       : 1390


 symmetry group of the molecule :   c1 

 the group has the following generators :
   c1(z)

    1 symmetry operations found

 there are 1 real representations :   a   

 maximum number of shells which are related by symmetry :  1

  
           ------------------
           density functional
           ------------------
 Name of XC-Functional: Minnesota M06-2X hybrid exchange functional
 HF exchange scaling factor =    0.54000
 [1] Y. Zhao and D. G. Truhlar, Theor. Chem. Acc. 120, 215 (2008)

 iterations will be done with small grid
  
 spherical integration : Lebedev's spherical grid
 spherical gridsize    :                     3
    i.e. gridpoints    :                   302
 value for diffuse not defined
 radial integration    : Chebyshev 2nd kind (scaling 3)
 radial gridsize       :                     3
 integration cells     :                    40
 partition function    : becke
 partition sharpness   :                     3
  

 biggest AO integral is expected to be     4.738267915

          ------------------------
          nuclear repulsion energy  :   1906.50920327    
          ------------------------


         -----------------
         -S,T+V- integrals
         -----------------

 1e-integrals will be neglected if expon. factor < 0.439732E-12
 
   Difference densities algorithm switched on.
   The maximal number of linear combinations of
   difference densities is                    20 .

 DIIS switched on: error vector is FDS-SDF
 Max. Iterations for DIIS is     :   4
 DIIS matrix (see manual) 
    Scaling factor of diagonals  :  1.200
    threshold for scaling factor :  0.000

 scf convergence criterion : increment of total energy < .1000000D-06
                  and increment of one-electron energy < .1000000D-03

 MOs are in ASCII format !


    mo occupation :
   irrep   mo's   occupied
    a      710       86
 
 number of basis functions   :   710
 number of occupied orbitals :    86
 

 reading orbital data $scfmo  from file mos
 orbital characterization : expanded
 virtual MOs provided and orthogonalized by Cholesky decomposition

 automatic virtual orbital shift switched on 
      shift if e(lumo)-e(homo) < 0.10000000    

  
           ------------------------
               RI-J - INFORMATION
           ------------------------
 Contributions to RI integral batches: 
  neglected integral batches:                  9620
  direct contribution:                         6390
  memory contribution:                 29140
 Memory core needed for (P|Q) and Cholesky     15 MByte
 Memory core minimum needed except of (P|Q)     2 MByte
 Total minimum memory core needed (sum)        17 MByte
  
 ****************************************
 Memory allocated for RI-J  1986 MByte
 ****************************************
                                            

 DSCF restart information will be dumped onto file mos


 Starting SCF iterations

          Overall gridpoints after grid construction =         55655

 ITERATION  ENERGY          1e-ENERGY        2e-ENERGY     NORM[dD(SAO)]  TOL
   1  -1085.7445106247    -5226.6391305     2234.3854166    0.000D+00 0.439D-11
                            Exc = -72.0322045066     Coul =  2383.36229161    
                            exK = -76.9446704548    
                              N = 171.99317603    
                            current damping = 0.300
 
          max. resid. norm for Fia-block=  3.566D-01 for orbital     50a         
          max. resid. fock norm         =  1.524D+00 for orbital    662a         

 ITERATION  ENERGY          1e-ENERGY        2e-ENERGY     NORM[dD(SAO)]  TOL
   2  -1088.9292016054    -5261.2231460     2265.7847411    0.320D+03 0.104D-11
                            Exc = -73.0382477760      Eck =  2338.82298887    
                              N = 171.99555822    
                            current damping = 0.250
 
          Norm of current diis error:  2.6649    
          max. resid. norm for Fia-block=  1.863D-01 for orbital     26a         
          max. resid. fock norm         =  2.648D-01 for orbital    702a         

 ITERATION  ENERGY          1e-ENERGY        2e-ENERGY     NORM[dD(SAO)]  TOL
   3  -1089.1776889570    -5262.0742748     2266.3873826    0.805D+02 0.104D-11
                            Exc = -73.2792766912      Eck =  2339.66665930    
                              N = 171.99545222    
                            current damping = 0.150
 
          Norm of current diis error:  1.5248    
          max. resid. norm for Fia-block=  7.404D-02 for orbital     60a         
          max. resid. fock norm         =  9.333D-02 for orbital     27a         

 ITERATION  ENERGY          1e-ENERGY        2e-ENERGY     NORM[dD(SAO)]  TOL
   4  -1089.3051225702    -5261.9386311     2266.1243053    0.180D+02 0.104D-11
                            Exc = -73.1959547038      Eck =  2339.32025996    
                              N = 171.99539215    
                            current damping = 0.200
 
          Norm of current diis error: 0.50105    
          max. resid. norm for Fia-block=  2.362D-02 for orbital     50a         
          max. resid. fock norm         =  3.191D-02 for orbital     26a         

 ITERATION  ENERGY          1e-ENERGY        2e-ENERGY     NORM[dD(SAO)]  TOL
   5  -1089.3185371355    -5263.9345718     2268.1068314    0.642D+01 0.103D-11
                            Exc = -73.2629905984      Eck =  2341.36982200    
                              N = 171.99537424    
                            current damping = 0.250
 
          Norm of current diis error: 0.14916    
          max. resid. norm for Fia-block=  5.351D-03 for orbital     27a         
          max. resid. fock norm         =  9.352D-03 for orbital     33a         
          mo-orthogonalization: Cholesky decomposition

 ITERATION  ENERGY          1e-ENERGY        2e-ENERGY     NORM[dD(SAO)]  TOL
   6  -1089.3197256723    -5263.6138917     2267.7849627    0.276D+01 0.103D-11
                            Exc = -73.2652802021      Eck =  2341.05024292    
                              N = 171.99537628    
                            current damping = 0.300
 
          Norm of current diis error: 0.62719E-01
          max. resid. norm for Fia-block=  2.377D-03 for orbital     84a         
          max. resid. fock norm         =  3.560D-03 for orbital     30a         

 ITERATION  ENERGY          1e-ENERGY        2e-ENERGY     NORM[dD(SAO)]  TOL
   7  -1089.3200069829    -5263.5717882     2267.7425780    0.103D+01 0.102D-11
                            Exc = -73.2598258742      Eck =  2341.00240385    
                              N = 171.99536771    
                            current damping = 0.150
 
          Norm of current diis error: 0.21468E-01
          max. resid. norm for Fia-block=  1.239D-03 for orbital     86a         
          max. resid. fock norm         =  1.378D-03 for orbital     86a         

 ITERATION  ENERGY          1e-ENERGY        2e-ENERGY     NORM[dD(SAO)]  TOL
   8  -1089.3200558631    -5263.6132040     2267.7839449    0.454D+00 0.102D-11
                            Exc = -73.2606868923      Eck =  2341.04463181    
                              N = 171.99536723    
                            current damping = 0.200
 
          Norm of current diis error: 0.14580E-01
          max. resid. norm for Fia-block=  5.914D-04 for orbital     28a         
          max. resid. fock norm         =  8.126D-04 for orbital     53a         

 ITERATION  ENERGY          1e-ENERGY        2e-ENERGY     NORM[dD(SAO)]  TOL
   9  -1089.3200721240    -5263.6173653     2267.7880899    0.189D+00 0.102D-11
                            Exc = -73.2616846570      Eck =  2341.04977453    
                              N = 171.99536628    
                            current damping = 0.100
 
          Norm of current diis error: 0.66240E-02
          max. resid. norm for Fia-block=  4.128D-04 for orbital     50a         
          max. resid. fock norm         =  5.305D-04 for orbital    627a         

 ITERATION  ENERGY          1e-ENERGY        2e-ENERGY     NORM[dD(SAO)]  TOL
  10  -1089.3200763255    -5263.6029136     2267.7736341    0.809D-01 0.102D-11
                            Exc = -73.2608585545      Eck =  2341.03449261    
                              N = 171.99536594    
                            current damping = 0.150
 
          Norm of current diis error: 0.45589E-02
          max. resid. norm for Fia-block=  1.967D-04 for orbital     50a         
          max. resid. fock norm         =  2.618D-04 for orbital     78a         
          mo-orthogonalization: Cholesky decomposition

 ITERATION  ENERGY          1e-ENERGY        2e-ENERGY     NORM[dD(SAO)]  TOL
  11  -1089.3200780677    -5263.6072598     2267.7779785    0.495D-01 0.102D-11
                            Exc = -73.2610211375      Eck =  2341.03899963    
                              N = 171.99536555    
                            current damping = 0.200
 
          Norm of current diis error: 0.19527E-02
          max. resid. norm for Fia-block=  9.197D-05 for orbital     86a         
          max. resid. fock norm         =  2.084D-04 for orbital    706a         

 ITERATION  ENERGY          1e-ENERGY        2e-ENERGY     NORM[dD(SAO)]  TOL
  12  -1089.3200783655    -5263.6084944     2267.7792127    0.498D-01 0.102D-11
                            Exc = -73.2612059715      Eck =  2341.04041872    
                              N = 171.99536559    
                            current damping = 0.100
 
          Norm of current diis error: 0.12479E-02
          max. resid. norm for Fia-block=  5.143D-05 for orbital     84a         
          max. resid. fock norm         =  3.162D-04 for orbital    709a         

 ITERATION  ENERGY          1e-ENERGY        2e-ENERGY     NORM[dD(SAO)]  TOL
  13  -1089.3200785261    -5263.6093100     2267.7800282    0.637D+02 0.125D-11
                            Exc = -73.2611603552      Eck =  2341.04118851    
                              N = 171.99536547    
                            current damping = 0.100
 
          Norm of current diis error: 0.80705E-03
          max. resid. norm for Fia-block=  3.014D-05 for orbital     86a         
          max. resid. fock norm         =  1.046D-03 for orbital    706a         

 ITERATION  ENERGY          1e-ENERGY        2e-ENERGY     NORM[dD(SAO)]  TOL
  14  -1089.3200786393    -5263.6081592     2267.7788773    0.347D+00 0.164D-11
                            Exc = -73.2611134044      Eck =  2341.03999073    
                              N = 171.99536544    
                            current damping = 0.150
 
          Norm of current diis error: 0.39738E-03
          max. resid. norm for Fia-block=  1.819D-05 for orbital     84a         
          max. resid. fock norm         =  1.973D-03 for orbital    706a         

 ENERGY CONVERGED !

          Overall gridpoints after grid construction =        202118

 ITERATION  ENERGY          1e-ENERGY        2e-ENERGY     NORM[dD(SAO)]  TOL
  15  -1089.3237052905    -5263.6082244     2267.7753159    0.726D-01 0.129D-11
                            Exc = -73.2647682102      Eck =  2341.04008409    
                              N = 171.99992500    
                            current damping = 0.200
 
          Norm of current diis error: 0.19146E-03
          max. resid. norm for Fia-block=  9.245D-06 for orbital     50a         
          max. resid. fock norm         =  1.203D-03 for orbital    709a         

 End of SCF iterations

   convergence criteria satisfied after    15 iterations


   *************************************************************************
   m062x                                                                    
   *************************************************************************


                  ------------------------------------------ 
                 |  total energy      =  -1089.32370529050  |
                  ------------------------------------------ 
                 :  kinetic energy    =   1082.91944198911  :
                 :  potential energy  =  -2172.24314727961  :
                 :  virial theorem    =      1.99412088136  :
                 :  wavefunction norm =      1.00000000000  :
                  .......................................... 


 <geterg> : there is no data group $energy 


 <skperg> : $end is missing 


 orbitals $scfmo  will be written to file mos

    irrep                 82a         83a         84a         85a         86a   
 eigenvalues H         -0.34585    -0.32479    -0.30062    -0.29016    -0.24281
            eV          -9.4112     -8.8379     -8.1804     -7.8957     -6.6073
 occupation              2.0000      2.0000      2.0000      2.0000      2.0000

    irrep                 87a         88a         89a         90a         91a   
 eigenvalues H         -0.08029    -0.03863    -0.02408    -0.01352    -0.00633
            eV          -2.1849     -1.0512     -0.6553     -0.3679     -0.1723
 
 
 
 
 ==============================================================================
                           electrostatic moments
 ==============================================================================

 reference point for electrostatic moments:    0.00000   0.00000   0.00000

 
              nuc           elec       ->  total
 ------------------------------------------------------------------------------
                          charge      
 ------------------------------------------------------------------------------
         172.000000    -172.000000      -0.000000
 
 ------------------------------------------------------------------------------
                       dipole moment  
 ------------------------------------------------------------------------------
   x   -2001.437553    2003.493926       2.056374
   y     188.661345    -191.717133      -3.055788
   z     -20.779152      21.323380       0.544229
 
   | dipole moment | =     3.7233 a.u. =     9.4636 debye 
 
 ------------------------------------------------------------------------------
                     quadrupole moment
 ------------------------------------------------------------------------------
  xx   27051.047456  -27213.160502    -162.113046
  yy    9259.385530   -9369.590910    -110.205379
  zz     106.782745    -218.520337    -111.737592
  xy   -6505.288375    6561.197012      55.908637
  xz     715.725684    -720.950569      -5.224885
  yz    -806.277987     802.859419      -3.418568
 
     1/3  trace=    -128.018672
     anisotropy=     110.052283
 
 ==============================================================================
 
HOMO-LUMO Separation
 HOMO         :   -0.24281112 H =     -6.60723 eV
 LUMO         :   -0.08029223 H =     -2.18486 eV
 HOMO-LUMO gap:    0.16251889 H =     +4.42237 eV
 
 ==============================================================================


    ------------------------------------------------------------------------
         total  cpu-time :  1 hours 40 minutes and 47 seconds
         total wall-time :  1 hours 41 minutes and  9 seconds
    ------------------------------------------------------------------------

   ****  ridft : all done  ****


    2025-04-09 02:43:52.302 

 ridft ended normally
