
 eiger (nano18.int-nano.int.kit.edu) : TURBOMOLE rev. V7-6 19 Oct 2021 at 10:10:11 compiled Oct 19th 2021
 Copyright (C) 2021 TURBOMOLE GmbH, Karlsruhe


    2025-04-08 14:39:39.851 

 b3                                                                             
  
Total energy =   -976.8440901171 H =    -26581.2816175 eV
 
 HOMO-LUMO Separation
   HOMO:    81.    81 a     -0.19953864 H =     -5.42972 eV
   LUMO:    82.    82 a     -0.09398298 H =     -2.55741 eV
   Gap :                    +0.10555566 H =     +2.87232 eV
 
Number of MOs=    687, Electrons=    162.00, Symmetry: c1   
 
   Nr.   Orbital    Occupation       Energy
   98.    98 a                     +0.032470 H =        +0.884 eV
   97.    97 a                     +0.027501 H =        +0.748 eV
   96.    96 a                     +0.023267 H =        +0.633 eV
   95.    95 a                     +0.021137 H =        +0.575 eV
   94.    94 a                     +0.017658 H =        +0.480 eV
   93.    93 a                     +0.014979 H =        +0.408 eV
   92.    92 a                     +0.007705 H =        +0.210 eV
   91.    91 a                     +0.005206 H =        +0.142 eV
   90.    90 a                     +0.002006 H =        +0.055 eV
   89.    89 a                     -0.004160 H =        -0.113 eV
   88.    88 a                     -0.008167 H =        -0.222 eV
   87.    87 a                     -0.009167 H =        -0.249 eV
   86.    86 a                     -0.015923 H =        -0.433 eV
   85.    85 a                     -0.026730 H =        -0.727 eV
   84.    84 a                     -0.047085 H =        -1.281 eV
   83.    83 a                     -0.056720 H =        -1.543 eV
   82.    82 a                     -0.093983 H =        -2.557 eV
   81.    81 a        2.000        -0.199539 H =        -5.430 eV
   80.    80 a        2.000        -0.239277 H =        -6.511 eV
   79.    79 a        2.000        -0.247015 H =        -6.722 eV
   78.    78 a        2.000        -0.269561 H =        -7.335 eV
   77.    77 a        2.000        -0.281198 H =        -7.652 eV
   76.    76 a        2.000        -0.299900 H =        -8.161 eV
   75.    75 a        2.000        -0.325807 H =        -8.866 eV
   74.    74 a        2.000        -0.327437 H =        -8.910 eV
   73.    73 a        2.000        -0.330331 H =        -8.989 eV
   72.    72 a        2.000        -0.342954 H =        -9.332 eV
   71.    71 a        2.000        -0.353590 H =        -9.622 eV
   70.    70 a        2.000        -0.355684 H =        -9.679 eV
   69.    69 a        2.000        -0.358346 H =        -9.751 eV
   68.    68 a        2.000        -0.365826 H =        -9.955 eV
   67.    67 a        2.000        -0.369777 H =       -10.062 eV
   66.    66 a        2.000        -0.373624 H =       -10.167 eV


    ------------------------------------------------------------------------
         total  cpu-time :   0.24 seconds
         total wall-time :   0.26 seconds
    ------------------------------------------------------------------------

   ****  eiger : all done  ****


    2025-04-08 14:39:40.091 

