
 ridft (nano18.int-nano.int.kit.edu) : TURBOMOLE rev. V7-6 19 Oct 2021 at 10:10:11 compiled Oct 19th 2021
 Copyright (C) 2021 TURBOMOLE GmbH, Karlsruhe


    2025-04-08 13:09:21.833 



                                  r i d f t

                        DFT program with RI approximation 
                                for coulomb part 




                                                 
                                 References:     
                                                 
          TURBOMOLE:                             
              R. Ahlrichs, M. Baer, M. Haeser, H. Horn, and
              C. Koelmel
              Electronic structure calculations on workstation
              computers: the program system TURBOMOLE
              Chem. Phys. Lett. 162: 165 (1989)
          Density Functional:                              
              O. Treutler and R. Ahlrichs                      
              Efficient Molecular Numerical Integration Schemes
              J. Chem. Phys. 102: 346 (1995)                   
          Parallel Version:                                
              Performance of parallel TURBOMOLE for Density    
              Functional Calculations                          
              M. v. Arnim and R. Ahlrichs                      
              J. Comp. Chem. 19: 1746 (1998)                   
          RI-J Method:                                     
              Auxiliary Basis Sets to approximate Coulomb      
              Potentials                                       
              Chem. Phys. Lett. 240: 283 (1995)                
              K. Eichkorn, O. Treutler, H. Oehm, M. Haeser     
              and R. Ahlrichs                                  
              Chem. Phys. Lett. 242: 652 (1995)                
                                                           
              Auxiliary Basis Sets for Main Row Atoms and their
              Use to approximate Coulomb Potentials            
              K. Eichkorn, F. Weigend, O. Treutler and         
              R. Ahlrichs                                      
              Theo. Chem. Acc. 97: 119 (1997)                   
                                                           
              Accurate Coulomb-fitting basis sets for H to Rn 
              F. Weigend                                        
              Phys. Chem. Chem. Phys. 8: 1057 (2006)            
                                                           
          Multipole accelerated RI-J (MARI-J):             
              Fast evaluation of the Coulomb potential for     
              electron densities using multipole accelerated   
              resolution of identity approximation             
              M. Sierka, A. Hogekamp and R. Ahlrichs           
              J. Chem. Phys. 118: 9136 (2003)                  
          RI-JK Method:                                     
              A fully direct RI-HF algorithm: Implementation,
              optimised auxiliary basis sets, demonstration of
              accuracy and efficiency                         
              F. Weigend                                      
              Phys. Chem. Chem. Phys. 4: 4285 (2002)           
          Two-component HF and DFT with spin-orbit coupling:  
              Self-consistent treatment of spin-orbit         
              interactions with efficient Hartree-Fock and    
              density functional methods                      
              M. K. Armbruster, F. Weigend, C. van Wüllen and 
              W. Klopper                                      
              Phys. Chem. Chem. Phys. 10: 1748 (2008)         
          Two-component difference density and DIIS algorithm 
              Efficient two-component self-consistent field   
              procedures and gradients: implementation in     
              TURBOMOLE and application to Au20-              
              A. Baldes, F. Weigend                           
              Mol. Phys. 111: 2617 (2013)                     
          Relativistic all-electron 2c calculations           
              An efficient implementation of two-component    
              relativistic exact-decoupling methods for large 
              molecules                                       
              D. Peng, N. Middendorf, F. Weigend, M. Reiher   
              J. Chem. Phys. 138: 184105 (2013)               
          Finite nucleus model and SNSO approximation         
              Efficient implementation of one- and two-       
              component analytical energy gradients in exact  
              two-component theory                            
              Y. J. Franzke, N. Middendorf, F. Weigend        
              J. Chem. Phys. 148: 104110 (2018)               
          Grids for all-electron relativistic methods         
              Error-consistent segmented contracted all-      
              electron relativistic basis sets of double-     
              and triple-zeta quality for NMR shielding       
              constants                                       
              Y. J. Franzke, R. Tress, T. M. Pazdera,         
              F. Weigend                                      
              Phys. Chem. Chem. Phys. 21: 166658 (2019)       
          Seminumerical exchange algorithms                   
              Seminumerical calculation of the Hartree-Fock   
              exchange matirx: Application to two-component   
              procedures and efficient evaluation of local    
              hybrid functionsl                               
               P. Plessow, F. Weigend,                        
              J. Comput. Chem. 33: 810 (2012)                 
          Improved seminumerical algorithms                   
              C. Holzer,                                      
              J. Chem. Phys. 153 (2020), 184115               
                                         




              +--------------------------------------------------+
              |      general information about current run       |
              +--------------------------------------------------+

 
 Becke-3-Parameter hybrid functional: B3-LYP
 exchange:    0.8*LDA + 0.72*B88 + 0.2*HF
 correlation: 0.19*LDA(VWN) + 0.81*LYP
 A Hybrid-DFT calculation using the RI-J approximation will be carried out.
 Allocatable memory for RI due to $ricore (MB):                  2000

   *************************************************************************
   b3                                                                       
   *************************************************************************




              +--------------------------------------------------+
              | Atomic coordinate, charge and isotop information |
              +--------------------------------------------------+

                    atomic coordinates            atom    charge  isotop
        -13.63978187    6.57345484   -0.42543319    c      6.000     0
        -11.25052943    7.75799330   -0.35232650    c      6.000     0
         -9.02652232    6.38597720   -0.23917500    c      6.000     0
         -9.06832105    3.72310322   -0.18968248    c      6.000     0
         -6.79503038    2.26244183   -0.04076261    c      6.000     0
         -6.85345955   -0.31750065    0.00952789    c      6.000     0
         -9.19042011   -1.69676628   -0.10197806    c      6.000     0
         -9.27661395   -4.39709983   -0.06887002    c      6.000     0
        -11.66445395   -5.58230597   -0.15905217    c      6.000     0
        -13.89687091   -4.21133283   -0.24801188    c      6.000     0
        -13.87027869   -1.55229273   -0.28965908    c      6.000     0
        -16.14224271   -0.09061691   -0.42958469    c      6.000     0
        -16.09211206    2.48913284   -0.48417134    c      6.000     0
        -13.75373972    3.87177616   -0.38385197    c      6.000     0
        -11.44541189    2.44158633   -0.26547512    c      6.000     0
        -11.49603930   -0.27033965   -0.22163558    c      6.000     0
        -15.94292548    8.09349999   -0.51126654    c      6.000     0
         -6.95715258   -5.90561446    0.02920151    c      6.000     0
        -16.11132196   10.59234995   -1.06486869    c      6.000     0
         -6.78919744   -8.28303933    0.93299673    c      6.000     0
        -18.45326828   11.92375602   -1.04599718    c      6.000     0
         -4.60430987   -9.59091213    0.85198378    o      8.000     0
         -4.54592852  -11.92369945    2.15565278    c      6.000     0
        -20.34672518   13.04157466   -1.04776320    n      7.000     0
        -11.14637050    9.81846858   -0.33206203    h      1.000     0
         -7.20947589    7.36597022   -0.16163891    h      1.000     0
         -4.98820991    3.26147885    0.04349521    h      1.000     0
         -5.07749876   -1.35149166    0.15377871    h      1.000     0
        -11.75911691   -7.64298894   -0.22653235    h      1.000     0
        -15.70968926   -5.20026641   -0.33173781    h      1.000     0
        -17.95064659   -1.08854720   -0.50299496    h      1.000     0
        -17.87838513    3.50486672   -0.62173041    h      1.000     0
        -17.71803498    7.13544866   -0.07661646    h      1.000     0
         -5.19913597   -5.08102352   -0.67204240    h      1.000     0
        -14.45101555   11.71095144   -1.58064036    h      1.000     0
         -8.40461486   -9.27020611    1.78283657    h      1.000     0
         -2.68700663  -12.77514577    1.79854521    h      1.000     0
         -4.78337277  -11.65942695    4.21392829    h      1.000     0
         -6.02687665  -13.22575733    1.46532450    h      1.000     0
 
       center of nuclear mass  :  -11.44516539    0.86428685   -0.11902870
       center of nuclear charge:  -11.38160950    0.74921505   -0.09835246

              +--------------------------------------------------+
              |               basis set information              |
              +--------------------------------------------------+

              we will work with the 1s 3p 5d 7f 9g ... basis set
              ...i.e. with spherical basis functions...

   type   atoms  prim   cont   basis
   ---------------------------------------------------------------------------
    c       22     43     23   aug-cc-pVDZ   [4s3p2d|18s5p2d]
    o        1     43     23   aug-cc-pVDZ   [4s3p2d|18s5p2d]
    n        1     43     23   aug-cc-pVDZ   [4s3p2d|18s5p2d]
    h       15     11      9   aug-cc-pVDZ   [3s2p|5s2p]
   ---------------------------------------------------------------------------
   total:   39   1197    687
   ---------------------------------------------------------------------------

   total number of primitive shells          :   82
   total number of contracted shells         :  291
   total number of cartesian basis functions :  735
   total number of SCF-basis functions       :  687


 integral neglect threshold       :  0.45E-11
 integral storage threshold THIZE :  0.10E-04
 integral storage threshold THIME :         5

 RI-J AUXILIARY BASIS SET information:

              we will work with the 1s 3p 5d 7f 9g ... basis set
              ...i.e. with spherical basis functions...

   type   atoms  prim   cont   basis
   ---------------------------------------------------------------------------
    c       22     70     49   aug-cc-pVDZ   [6s4p3d1f1g|12s5p4d2f1g]
    o        1     70     49   aug-cc-pVDZ   [6s4p3d1f1g|12s5p4d2f1g]
    n        1     70     49   aug-cc-pVDZ   [6s4p3d1f1g|12s5p4d2f1g]
    h       15     16     11   aug-cc-pVDZ   [3s1p1d|5s2p1d]
   ---------------------------------------------------------------------------
   total:   39   1920   1341
   ---------------------------------------------------------------------------

   total number of primitive shells          :   80
   total number of contracted shells         :  435
   total number of cartesian basis functions : 1644
   total number of SCF-basis functions       : 1341


 symmetry group of the molecule :   c1 

 the group has the following generators :
   c1(z)

    1 symmetry operations found

 there are 1 real representations :   a   

 maximum number of shells which are related by symmetry :  1

  
           ------------------
           density functional
           ------------------
 Becke-3-Parameter hybrid functional: B3-LYP
 exchange:    0.8*LDA + 0.72*B88 + 0.2*HF
 correlation: 0.19*LDA(VWN) + 0.81*LYP

 iterations will be done with small grid
  
 spherical integration : Lebedev's spherical grid
 spherical gridsize    :                     3
    i.e. gridpoints    :                   302
 value for diffuse not defined
 radial integration    : Chebyshev 2nd kind (scaling 3)
 radial gridsize       :                     3
 integration cells     :                    39
 partition function    : becke
 partition sharpness   :                     3
  

 biggest AO integral is expected to be     4.738267915

          ------------------------
          nuclear repulsion energy  :   1735.80725117    
          ------------------------


         -----------------
         -S,T+V- integrals
         -----------------

 1e-integrals will be neglected if expon. factor < 0.454689E-12
 
   Difference densities algorithm switched on.
   The maximal number of linear combinations of
   difference densities is                    20 .

 DIIS switched on: error vector is FDS-SDF
 Max. Iterations for DIIS is     :   4
 DIIS matrix (see manual) 
    Scaling factor of diagonals  :  1.200
    threshold for scaling factor :  0.000

 scf convergence criterion : increment of total energy < .1000000D-06
                  and increment of one-electron energy < .1000000D-03

 MOs are in ASCII format !


    mo occupation :
   irrep   mo's   occupied
    a      687       81
 
 number of basis functions   :   687
 number of occupied orbitals :    81
 

 reading orbital data $scfmo  from file mos
 orbital characterization : expanded
 virtual MOs provided and orthogonalized by Cholesky decomposition

 automatic virtual orbital shift switched on 
      shift if e(lumo)-e(homo) < 0.10000000    

  
           ------------------------
               RI-J - INFORMATION
           ------------------------
 Contributions to RI integral batches: 
  neglected integral batches:                  8258
  direct contribution:                         6187
  memory contribution:                 28041
 Memory core needed for (P|Q) and Cholesky     14 MByte
 Memory core minimum needed except of (P|Q)     2 MByte
 Total minimum memory core needed (sum)        16 MByte
  
 ****************************************
 Memory allocated for RI-J  1835 MByte
 ****************************************
                                            

 DSCF restart information will be dumped onto file mos


 Starting SCF iterations

          Overall gridpoints after grid construction =         53932

 ITERATION  ENERGY          1e-ENERGY        2e-ENERGY     NORM[dD(SAO)]  TOL
   1  -973.56798290506    -4731.0454780     2021.6702440    0.000D+00 0.454D-11
                            Exc = -110.538448794     Coul =  2158.41268149    
                            exK = -26.2039887393    
                              N = 161.99333976    
                            current damping = 0.300
 
          max. resid. norm for Fia-block=  3.152D-01 for orbital     48a         
          max. resid. fock norm         =  1.453D+00 for orbital    669a         

 ITERATION  ENERGY          1e-ENERGY        2e-ENERGY     NORM[dD(SAO)]  TOL
   2  -976.48660102799    -4767.9340073     2055.6401551    0.292D+03 0.102D-11
                            Exc = -112.681214931      Eck =  2168.32137000    
                              N = 161.99585927    
                            current damping = 0.250
 
          Norm of current diis error:  2.5138    
          max. resid. norm for Fia-block=  1.745D-01 for orbital     78a         
          max. resid. fock norm         =  3.180D-01 for orbital    637a         

 ITERATION  ENERGY          1e-ENERGY        2e-ENERGY     NORM[dD(SAO)]  TOL
   3  -976.55104804251    -4765.6693542     2053.3110549    0.877D+02 0.101D-11
                            Exc = -113.135686359      Eck =  2166.44674131    
                              N = 161.99588400    
                            current damping = 0.200
 
          Norm of current diis error:  2.1101    
          max. resid. norm for Fia-block=  1.135D-01 for orbital     73a         
          max. resid. fock norm         =  1.240D-01 for orbital     71a         

 ITERATION  ENERGY          1e-ENERGY        2e-ENERGY     NORM[dD(SAO)]  TOL
   4  -976.79428491117    -4766.0919540     2053.4904179    0.162D+02 0.101D-11
                            Exc = -112.860642062      Eck =  2166.35105996    
                              N = 161.99589450    
                            current damping = 0.250
 
          Norm of current diis error: 0.92523    
          max. resid. norm for Fia-block=  3.896D-02 for orbital     76a         
          max. resid. fock norm         =  4.974D-02 for orbital     76a         

 ITERATION  ENERGY          1e-ENERGY        2e-ENERGY     NORM[dD(SAO)]  TOL
   5  -976.84024615161    -4768.4980745     2055.8505772    0.771D+01 0.989D-12
                            Exc = -113.020517252      Eck =  2168.87109447    
                              N = 161.99593025    
                            current damping = 0.150
 
          Norm of current diis error: 0.29488    
          max. resid. norm for Fia-block=  1.709D-02 for orbital     25a         
          max. resid. fock norm         =  2.144D-02 for orbital     71a         
          mo-orthogonalization: Cholesky decomposition

 ITERATION  ENERGY          1e-ENERGY        2e-ENERGY     NORM[dD(SAO)]  TOL
   6  -976.84277161444    -4768.4271898     2055.7771670    0.308D+01 0.992D-12
                            Exc = -113.071861111      Eck =  2168.84902815    
                              N = 161.99598132    
                            current damping = 0.200
 
          Norm of current diis error: 0.19672    
          max. resid. norm for Fia-block=  6.268D-03 for orbital     25a         
          max. resid. fock norm         =  9.820D-03 for orbital    679a         

 ITERATION  ENERGY          1e-ENERGY        2e-ENERGY     NORM[dD(SAO)]  TOL
   7  -976.84477671522    -4768.1493703     2055.4973424    0.126D+01 0.990D-12
                            Exc = -113.032746365      Eck =  2168.53008879    
                              N = 161.99596208    
                            current damping = 0.100
 
          Norm of current diis error: 0.53853E-01
          max. resid. norm for Fia-block=  1.657D-03 for orbital     80a         
          max. resid. fock norm         =  2.671D-03 for orbital     43a         

 ITERATION  ENERGY          1e-ENERGY        2e-ENERGY     NORM[dD(SAO)]  TOL
   8  -976.84483041717    -4768.1436935     2055.4916120    0.440D+00 0.990D-12
                            Exc = -113.033988045      Eck =  2168.52560000    
                              N = 161.99596475    
                            current damping = 0.100
 
          Norm of current diis error: 0.42912E-01
          max. resid. norm for Fia-block=  8.853D-04 for orbital     81a         
          max. resid. fock norm         =  1.533D-03 for orbital     28a         

 ITERATION  ENERGY          1e-ENERGY        2e-ENERGY     NORM[dD(SAO)]  TOL
   9  -976.84491231580    -4768.2199640     2055.5678005    0.166D+00 0.990D-12
                            Exc = -113.038414664      Eck =  2168.60621515    
                              N = 161.99596283    
                            current damping = 0.150
 
          Norm of current diis error: 0.12639E-01
          max. resid. norm for Fia-block=  3.444D-04 for orbital     81a         
          max. resid. fock norm         =  6.399D-04 for orbital     28a         

 ITERATION  ENERGY          1e-ENERGY        2e-ENERGY     NORM[dD(SAO)]  TOL
  10  -976.84491761264    -4768.2122280     2055.5600593    0.916D-01 0.990D-12
                            Exc = -113.036651754      Eck =  2168.59671102    
                              N = 161.99596309    
                            current damping = 0.200
 
          Norm of current diis error: 0.77161E-02
          max. resid. norm for Fia-block=  1.653D-04 for orbital     81a         
          max. resid. fock norm         =  2.701D-04 for orbital     44a         
          mo-orthogonalization: Cholesky decomposition

 ITERATION  ENERGY          1e-ENERGY        2e-ENERGY     NORM[dD(SAO)]  TOL
  11  -976.84492056110    -4768.1889236     2055.5367519    0.377D-01 0.990D-12
                            Exc = -113.036341654      Eck =  2168.57309357    
                              N = 161.99596320    
                            current damping = 0.100
 
          Norm of current diis error: 0.19794E-02
          max. resid. norm for Fia-block=  4.761D-05 for orbital     81a         
          max. resid. fock norm         =  1.248D-04 for orbital    685a         

 ITERATION  ENERGY          1e-ENERGY        2e-ENERGY     NORM[dD(SAO)]  TOL
  12  -976.84492068606    -4768.2023735     2055.5502016    0.366D-01 0.989D-12
                            Exc = -113.036662561      Eck =  2168.58686417    
                              N = 161.99596302    
                            current damping = 0.150
 
          Norm of current diis error: 0.11353E-02
          max. resid. norm for Fia-block=  2.353D-05 for orbital     81a         
          max. resid. fock norm         =  1.098D-04 for orbital    683a         

 ITERATION  ENERGY          1e-ENERGY        2e-ENERGY     NORM[dD(SAO)]  TOL
  13  -976.84492075193    -4768.1995614     2055.5473895    0.280D-01 0.989D-12
                            Exc = -113.036721087      Eck =  2168.58411061    
                              N = 161.99596318    
                            current damping = 0.200
 
          Norm of current diis error: 0.38119E-03
          max. resid. norm for Fia-block=  8.721D-06 for orbital     80a         
          max. resid. fock norm         =  2.709D-04 for orbital    683a         

 ITERATION  ENERGY          1e-ENERGY        2e-ENERGY     NORM[dD(SAO)]  TOL
  14  -976.84492103539    -4768.1991384     2055.5469662    0.918D+02 0.129D-11
                            Exc = -113.036649601      Eck =  2168.58361581    
                              N = 161.99596314    
                            current damping = 0.100
 
          Norm of current diis error: 0.12055E-03
          max. resid. norm for Fia-block=  1.208D-05 for orbital     65a         
          max. resid. fock norm         =  2.546D-03 for orbital    683a         

 ENERGY CONVERGED !

          Overall gridpoints after grid construction =        196092

 ITERATION  ENERGY          1e-ENERGY        2e-ENERGY     NORM[dD(SAO)]  TOL
  15  -976.84409011706    -4768.1989070     2055.5475657    0.535D+00 0.129D-11
                            Exc = -113.035815170      Eck =  2168.58338090    
                              N = 161.99990641    
                            current damping = 0.150
 
          Norm of current diis error: 0.83830E-04
          max. resid. norm for Fia-block=  7.957D-06 for orbital     62a         
          max. resid. fock norm         =  1.416D-03 for orbital    683a         

 End of SCF iterations

   convergence criteria satisfied after    15 iterations


   *************************************************************************
   b3                                                                       
   *************************************************************************


                  ------------------------------------------ 
                 |  total energy      =   -976.84409011706  |
                  ------------------------------------------ 
                 :  kinetic energy    =    971.36990544768  :
                 :  potential energy  =  -1948.21399556474  :
                 :  virial theorem    =      1.99439605079  :
                 :  wavefunction norm =      1.00000000000  :
                  .......................................... 


 <geterg> : there is no data group $energy 


 <skperg> : $end is missing 


 orbitals $scfmo  will be written to file mos

    irrep                 77a         78a         79a         80a         81a   
 eigenvalues H         -0.28120    -0.26956    -0.24702    -0.23928    -0.19954
            eV          -7.6519     -7.3352     -6.7217     -6.5111     -5.4298
 occupation              2.0000      2.0000      2.0000      2.0000      2.0000

    irrep                 82a         83a         84a         85a         86a   
 eigenvalues H         -0.09398    -0.05672    -0.04709    -0.02673    -0.01592
            eV          -2.5574     -1.5434     -1.2813     -0.7274     -0.4333
 
 
 
 
 ==============================================================================
                           electrostatic moments
 ==============================================================================

 reference point for electrostatic moments:    0.00000   0.00000   0.00000

 
              nuc           elec       ->  total
 ------------------------------------------------------------------------------
                          charge      
 ------------------------------------------------------------------------------
         162.000000    -162.000000      -0.000000
 
 ------------------------------------------------------------------------------
                       dipole moment  
 ------------------------------------------------------------------------------
   x   -1843.820739    1845.813216       1.992477
   y     121.372838    -124.250860      -2.878022
   z     -15.933098      16.430343       0.497245
 
   | dipole moment | =     3.5356 a.u. =     8.9865 debye 
 
 ------------------------------------------------------------------------------
                     quadrupole moment
 ------------------------------------------------------------------------------
  xx   24225.257524  -24385.205043    -159.947519
  yy    7939.673603   -8048.227123    -108.553520
  zz      99.404769    -207.272232    -107.867463
  xy   -4958.441750    5014.583263      56.141513
  xz     600.328413    -605.392342      -5.063929
  yz    -705.782916     702.048510      -3.734406
 
     1/3  trace=    -125.456167
     anisotropy=     110.686264
 
 ==============================================================================
 
HOMO-LUMO Separation
 HOMO         :   -0.19953864 H =     -5.42973 eV
 LUMO         :   -0.09398298 H =     -2.55741 eV
 HOMO-LUMO gap:    0.10555566 H =     +2.87232 eV
 
 ==============================================================================


    ------------------------------------------------------------------------
         total  cpu-time :  1 hours 25 minutes and 29 seconds
         total wall-time :  1 hours 30 minutes and  5 seconds
    ------------------------------------------------------------------------

   ****  ridft : all done  ****


    2025-04-08 14:39:26.576 

 ridft ended normally
