
 eiger (nano17.int-nano.int.kit.edu) : TURBOMOLE rev. V7-6 19 Oct 2021 at 10:10:11 compiled Oct 19th 2021
 Copyright (C) 2021 TURBOMOLE GmbH, Karlsruhe


    2025-03-25 22:32:17.220 

 b3                                                                             
  
Total energy =  -2140.4183452000 H =    -58243.7498355 eV
 
 HOMO-LUMO Separation
   HOMO:   171.   171 a     -0.19149066 H =     -5.21073 eV
   LUMO:   172.   172 a     -0.12546799 H =     -3.41416 eV
   Gap :                    +0.06602266 H =     +1.79657 eV
 
Number of MOs=   1455, Electrons=    342.00, Symmetry: c1   
 
   Nr.   Orbital    Occupation       Energy
  188.   188 a                     +0.008701 H =        +0.237 eV
  187.   187 a                     +0.006658 H =        +0.181 eV
  186.   186 a                     +0.005897 H =        +0.160 eV
  185.   185 a                     +0.003289 H =        +0.090 eV
  184.   184 a                     +0.001608 H =        +0.044 eV
  183.   183 a                     -0.002120 H =        -0.058 eV
  182.   182 a                     -0.002968 H =        -0.081 eV
  181.   181 a                     -0.011605 H =        -0.316 eV
  180.   180 a                     -0.014722 H =        -0.401 eV
  179.   179 a                     -0.016108 H =        -0.438 eV
  178.   178 a                     -0.019348 H =        -0.526 eV
  177.   177 a                     -0.025126 H =        -0.684 eV
  176.   176 a                     -0.028564 H =        -0.777 eV
  175.   175 a                     -0.039524 H =        -1.076 eV
  174.   174 a                     -0.044996 H =        -1.224 eV
  173.   173 a                     -0.068329 H =        -1.859 eV
  172.   172 a                     -0.125468 H =        -3.414 eV
  171.   171 a        2.000        -0.191491 H =        -5.211 eV
  170.   170 a        2.000        -0.222661 H =        -6.059 eV
  169.   169 a        2.000        -0.254347 H =        -6.921 eV
  168.   168 a        2.000        -0.268717 H =        -7.312 eV
  167.   167 a        2.000        -0.270003 H =        -7.347 eV
  166.   166 a        2.000        -0.272268 H =        -7.409 eV
  165.   165 a        2.000        -0.275204 H =        -7.489 eV
  164.   164 a        2.000        -0.299750 H =        -8.157 eV
  163.   163 a        2.000        -0.316827 H =        -8.621 eV
  162.   162 a        2.000        -0.322845 H =        -8.785 eV
  161.   161 a        2.000        -0.325548 H =        -8.859 eV
  160.   160 a        2.000        -0.327795 H =        -8.920 eV
  159.   159 a        2.000        -0.334895 H =        -9.113 eV
  158.   158 a        2.000        -0.337006 H =        -9.170 eV
  157.   157 a        2.000        -0.338007 H =        -9.198 eV
  156.   156 a        2.000        -0.343429 H =        -9.345 eV


    ------------------------------------------------------------------------
         total  cpu-time :   0.97 seconds
         total wall-time :   0.98 seconds
    ------------------------------------------------------------------------

   ****  eiger : all done  ****


    2025-03-25 22:32:18.183 

