
 ridft (nano17.int-nano.int.kit.edu) : TURBOMOLE rev. V7-6 19 Oct 2021 at 10:10:11 compiled Oct 19th 2021
 Copyright (C) 2021 TURBOMOLE GmbH, Karlsruhe


    2025-03-25 13:53:19.116 



                                  r i d f t

                        DFT program with RI approximation 
                                for coulomb part 




                                                 
                                 References:     
                                                 
          TURBOMOLE:                             
              R. Ahlrichs, M. Baer, M. Haeser, H. Horn, and
              C. Koelmel
              Electronic structure calculations on workstation
              computers: the program system TURBOMOLE
              Chem. Phys. Lett. 162: 165 (1989)
          Density Functional:                              
              O. Treutler and R. Ahlrichs                      
              Efficient Molecular Numerical Integration Schemes
              J. Chem. Phys. 102: 346 (1995)                   
          Parallel Version:                                
              Performance of parallel TURBOMOLE for Density    
              Functional Calculations                          
              M. v. Arnim and R. Ahlrichs                      
              J. Comp. Chem. 19: 1746 (1998)                   
          RI-J Method:                                     
              Auxiliary Basis Sets to approximate Coulomb      
              Potentials                                       
              Chem. Phys. Lett. 240: 283 (1995)                
              K. Eichkorn, O. Treutler, H. Oehm, M. Haeser     
              and R. Ahlrichs                                  
              Chem. Phys. Lett. 242: 652 (1995)                
                                                           
              Auxiliary Basis Sets for Main Row Atoms and their
              Use to approximate Coulomb Potentials            
              K. Eichkorn, F. Weigend, O. Treutler and         
              R. Ahlrichs                                      
              Theo. Chem. Acc. 97: 119 (1997)                   
                                                           
              Accurate Coulomb-fitting basis sets for H to Rn 
              F. Weigend                                        
              Phys. Chem. Chem. Phys. 8: 1057 (2006)            
                                                           
          Multipole accelerated RI-J (MARI-J):             
              Fast evaluation of the Coulomb potential for     
              electron densities using multipole accelerated   
              resolution of identity approximation             
              M. Sierka, A. Hogekamp and R. Ahlrichs           
              J. Chem. Phys. 118: 9136 (2003)                  
          RI-JK Method:                                     
              A fully direct RI-HF algorithm: Implementation,
              optimised auxiliary basis sets, demonstration of
              accuracy and efficiency                         
              F. Weigend                                      
              Phys. Chem. Chem. Phys. 4: 4285 (2002)           
          Two-component HF and DFT with spin-orbit coupling:  
              Self-consistent treatment of spin-orbit         
              interactions with efficient Hartree-Fock and    
              density functional methods                      
              M. K. Armbruster, F. Weigend, C. van Wüllen and 
              W. Klopper                                      
              Phys. Chem. Chem. Phys. 10: 1748 (2008)         
          Two-component difference density and DIIS algorithm 
              Efficient two-component self-consistent field   
              procedures and gradients: implementation in     
              TURBOMOLE and application to Au20-              
              A. Baldes, F. Weigend                           
              Mol. Phys. 111: 2617 (2013)                     
          Relativistic all-electron 2c calculations           
              An efficient implementation of two-component    
              relativistic exact-decoupling methods for large 
              molecules                                       
              D. Peng, N. Middendorf, F. Weigend, M. Reiher   
              J. Chem. Phys. 138: 184105 (2013)               
          Finite nucleus model and SNSO approximation         
              Efficient implementation of one- and two-       
              component analytical energy gradients in exact  
              two-component theory                            
              Y. J. Franzke, N. Middendorf, F. Weigend        
              J. Chem. Phys. 148: 104110 (2018)               
          Grids for all-electron relativistic methods         
              Error-consistent segmented contracted all-      
              electron relativistic basis sets of double-     
              and triple-zeta quality for NMR shielding       
              constants                                       
              Y. J. Franzke, R. Tress, T. M. Pazdera,         
              F. Weigend                                      
              Phys. Chem. Chem. Phys. 21: 166658 (2019)       
          Seminumerical exchange algorithms                   
              Seminumerical calculation of the Hartree-Fock   
              exchange matirx: Application to two-component   
              procedures and efficient evaluation of local    
              hybrid functionsl                               
               P. Plessow, F. Weigend,                        
              J. Comput. Chem. 33: 810 (2012)                 
          Improved seminumerical algorithms                   
              C. Holzer,                                      
              J. Chem. Phys. 153 (2020), 184115               
                                         




              +--------------------------------------------------+
              |      general information about current run       |
              +--------------------------------------------------+

 
 Becke-3-Parameter hybrid functional: B3-LYP
 exchange:    0.8*LDA + 0.72*B88 + 0.2*HF
 correlation: 0.19*LDA(VWN) + 0.81*LYP
 A Hybrid-DFT calculation using the RI-J approximation will be carried out.
 Allocatable memory for RI due to $ricore (MB):                  2000

   *************************************************************************
   b3                                                                       
   *************************************************************************




              +--------------------------------------------------+
              | Atomic coordinate, charge and isotop information |
              +--------------------------------------------------+

                    atomic coordinates            atom    charge  isotop
         -2.12497435    9.18582017   -4.70322956    c      6.000     0
          1.38069154    5.85455918   -9.80418108    c      6.000     0
          0.62744482    8.28110718   -4.90274930    c      6.000     0
          0.82834690    4.24365705   -7.46745347    c      6.000     0
          0.81956572    4.10581211   -2.84265851    c      6.000     0
          0.71743755    1.42078152   -2.91780706    c      6.000     0
          0.80469187    5.22629252   -0.39146622    c      6.000     0
          0.66684996   -0.00328208   -0.71504969    c      6.000     0
          0.75187421    3.77643946    1.78398140    c      6.000     0
          0.68800563    1.10333455    1.71253973    c      6.000     0
          0.62777533   -0.49028529    3.93962751    c      6.000     0
          0.61104823    0.26850986    6.40794507    c      6.000     0
          0.51859319   -1.34857376    8.59326159    c      6.000     0
          0.42370060   -0.27777954   10.96930212    c      6.000     0
          0.46073394   -4.19469916    8.33340270    c      6.000     0
          0.70636904   -8.44517868   10.44831275    c      6.000     0
          0.24426127   -1.68501153   13.26598643    c      6.000     0
          1.38080001   -5.63097851   10.70744088    c      6.000     0
          0.19274564   -0.40684348   15.55561848    c      6.000     0
          0.02580875   -4.52645135   13.05062436    c      6.000     0
          4.26851337   -5.37066892   10.99353956    c      6.000     0
         -0.01668099   -1.50056745   17.98642724    c      6.000     0
         -0.08718327   -0.08369843   20.18039473    c      6.000     0
         -0.29299429   -0.98711072   22.68664533    c      6.000     0
         -0.34605742   -3.74030960   23.58444079    c      6.000     0
         -0.49265141    0.51350303   24.84207829    c      6.000     0
         -0.73409945   -1.09700624   27.02723569    c      6.000     0
         -0.99041378   -0.55881790   29.56869604    c      6.000     0
         -2.33586042   12.06498479   -4.56967846    c      6.000     0
          1.39173321    4.24142906  -12.20587313    c      6.000     0
          0.93994240    5.54235772   -5.02052799    n      7.000     0
          2.32577929   -4.95663994   23.36448574    c      6.000     0
         -0.48540469    3.19775656   24.78743119    c      6.000     0
         -2.49662792   -5.32441353   22.47374349    c      6.000     0
         -0.73174466   -3.53406243   26.28069882    o      8.000     0
         -1.03408686    1.96656938   30.52117356    c      6.000     0
         -1.22904291   -2.57535826   31.35322092    c      6.000     0
          2.96827219   -5.38407766   20.94092144    f      9.000     0
          4.06547042   -3.42238075   24.36025368    f      9.000     0
          2.43891493   -7.15753404   24.59127440    f      9.000     0
         -0.47274617    5.38337997   24.56648686    n      7.000     0
         -2.18019423   -7.75559664   21.46506211    c      6.000     0
         -4.26587304   -9.10162551   20.55319934    c      6.000     0
         -6.68433226   -8.05357244   20.65290053    c      6.000     0
         -7.01601056   -5.63699690   21.67157289    c      6.000     0
         -4.93898536   -4.28597217   22.56881127    c      6.000     0
         -1.08045715    3.98861432   31.37859768    n      7.000     0
         -1.43157620   -4.18676061   32.83215876    n      7.000     0
         -3.19424772    8.46960358   -6.34645036    h      1.000     0
         -3.00965379    8.32505352   -3.02286865    h      1.000     0
         -0.03816415    7.36725679  -10.00790376    h      1.000     0
          3.23067295    6.79343540   -9.58982038    h      1.000     0
          1.73257896    9.02133596   -3.30268777    h      1.000     0
          1.50611815    9.12053070   -6.58451295    h      1.000     0
          2.22640049    2.69721101   -7.43686221    h      1.000     0
         -1.03964870    3.32148544   -7.71323427    h      1.000     0
          0.66790612    0.42305299   -4.71483815    h      1.000     0
          0.83861964    7.27259738   -0.18108301    h      1.000     0
          0.59488314   -2.06408908   -0.87484739    h      1.000     0
          0.75526401    4.75686074    3.60085745    h      1.000     0
          0.58165392   -2.52031696    3.54084277    h      1.000     0
          0.63673963    2.29538645    6.82229776    h      1.000     0
          0.47919222    1.78497483   11.12328192    h      1.000     0
         -1.50253107   -4.77130619    7.89852816    h      1.000     0
          1.59735866   -4.79133823    6.69332735    h      1.000     0
          1.34560878   -9.52329465   12.11239405    h      1.000     0
          1.61603577   -9.27941245    8.76982985    h      1.000     0
         -1.35038903   -8.72330706   10.26123308    h      1.000     0
          0.31259812    1.65962419   15.47791502    h      1.000     0
         -2.00743622   -5.00434589   12.93154421    h      1.000     0
          0.73736150   -5.46147971   14.76698191    h      1.000     0
          4.86391467   -3.38520889   11.16415612    h      1.000     0
          4.93591739   -6.38047450   12.68928699    h      1.000     0
          5.24818311   -6.18879958    9.34708468    h      1.000     0
         -0.14079178   -3.55401151   18.12683521    h      1.000     0
         -0.00834295    1.97664238   19.99968098    h      1.000     0
         -4.32132668   12.67364668   -4.43752783    h      1.000     0
         -1.33669796   12.82675040   -2.90557202    h      1.000     0
         -1.51272312   12.97208678   -6.25725604    h      1.000     0
          1.76344064    5.40920346  -13.88704662    h      1.000     0
          2.85980097    2.76412395  -12.12802756    h      1.000     0
         -0.44024364    3.29040171  -12.49344031    h      1.000     0
         -0.32433917   -8.64098228   21.38537633    h      1.000     0
         -3.98641940  -10.99544950   19.77740365    h      1.000     0
         -8.30868943   -9.11730173   19.94818027    h      1.000     0
         -8.90050063   -4.79788443   21.77049306    h      1.000     0
         -5.22491812   -2.40001303   23.35923684    h      1.000     0
 
       center of nuclear mass  :   -0.11748586   -0.71381366   13.49333813
       center of nuclear charge:   -0.13673372   -0.62793664   12.94862913

              +--------------------------------------------------+
              |               basis set information              |
              +--------------------------------------------------+

              we will work with the 1s 3p 5d 7f 9g ... basis set
              ...i.e. with spherical basis functions...

   type   atoms  prim   cont   basis
   ---------------------------------------------------------------------------
    c       40     43     23   aug-cc-pVDZ   [4s3p2d|18s5p2d]
    n        4     43     23   aug-cc-pVDZ   [4s3p2d|18s5p2d]
    o        1     43     23   aug-cc-pVDZ   [4s3p2d|18s5p2d]
    f        3     43     23   aug-cc-pVDZ   [4s3p2d|18s5p2d]
    h       39     11      9   aug-cc-pVDZ   [3s2p|5s2p]
   ---------------------------------------------------------------------------
   total:   87   2493   1455
   ---------------------------------------------------------------------------

   total number of primitive shells          :  107
   total number of contracted shells         :  627
   total number of cartesian basis functions : 1551
   total number of SCF-basis functions       : 1455


 integral neglect threshold       :  0.21E-11
 integral storage threshold THIZE :  0.10E-04
 integral storage threshold THIME :         5

 RI-J AUXILIARY BASIS SET information:

              we will work with the 1s 3p 5d 7f 9g ... basis set
              ...i.e. with spherical basis functions...

   type   atoms  prim   cont   basis
   ---------------------------------------------------------------------------
    c       40     70     49   aug-cc-pVDZ   [6s4p3d1f1g|12s5p4d2f1g]
    n        4     70     49   aug-cc-pVDZ   [6s4p3d1f1g|12s5p4d2f1g]
    o        1     70     49   aug-cc-pVDZ   [6s4p3d1f1g|12s5p4d2f1g]
    f        3     70     49   aug-cc-pVDZ   [6s4p3d1f1g|12s5p4d2f1g]
    h       39     16     11   aug-cc-pVDZ   [3s1p1d|5s2p1d]
   ---------------------------------------------------------------------------
   total:   87   3984   2781
   ---------------------------------------------------------------------------

   total number of primitive shells          :  104
   total number of contracted shells         :  915
   total number of cartesian basis functions : 3396
   total number of SCF-basis functions       : 2781


 symmetry group of the molecule :   c1 

 the group has the following generators :
   c1(z)

    1 symmetry operations found

 there are 1 real representations :   a   

 maximum number of shells which are related by symmetry :  1

 ==============================================================================
                      COSMO switched on
 ==============================================================================
 COSMO stati: segments per atom: H   32 other atoms   92
 COSMO statistics: nps   2815 npspher:   1133
 COSMO surface:
   number of segments: 2815
   area (bohr**2):     2348.692411
   volume (bohr**3):   5480.287932
 COSMO: check number of disjunct cavities:

       ... OK contiguous cavity found
  
           ------------------
           density functional
           ------------------
 Becke-3-Parameter hybrid functional: B3-LYP
 exchange:    0.8*LDA + 0.72*B88 + 0.2*HF
 correlation: 0.19*LDA(VWN) + 0.81*LYP

 iterations will be done with small grid
  
 spherical integration : Lebedev's spherical grid
 spherical gridsize    :                     3
    i.e. gridpoints    :                   302
 value for diffuse not defined
 radial integration    : Chebyshev 2nd kind (scaling 3)
 radial gridsize       :                     3
 integration cells     :                    87
 partition function    : becke
 partition sharpness   :                     3
  

 biggest AO integral is expected to be     5.353727796

          ------------------------
          nuclear repulsion energy  :   5342.84393434    
          ------------------------


         -----------------
         -S,T+V- integrals
         -----------------

 1e-integrals will be neglected if expon. factor < 0.215471E-12
 
   Difference densities algorithm switched on.
   The maximal number of linear combinations of
   difference densities is                    20 .

 DIIS switched on: error vector is FDS-SDF
 Max. Iterations for DIIS is     :   4
 DIIS matrix (see manual) 
    Scaling factor of diagonals  :  1.200
    threshold for scaling factor :  0.000

 scf convergence criterion : increment of total energy < .1000000D-06
                  and increment of one-electron energy < .1000000D-03

 MOs are in ASCII format !


    mo occupation :
   irrep   mo's   occupied
    a     1455      171
 
 number of basis functions   :  1455
 number of occupied orbitals :   171
 

 reading orbital data $scfmo  from file mos
 orbital characterization : expanded
 virtual MOs provided and orthogonalized by Cholesky decomposition

 automatic virtual orbital shift switched on 
      shift if e(lumo)-e(homo) < 0.10000000    

  
           ------------------------
               RI-J - INFORMATION
           ------------------------
 Contributions to RI integral batches: 
  neglected integral batches:                 86346
  direct contribution:                        78670
  memory contribution:                 31862
 Memory core needed for (P|Q) and Cholesky     60 MByte
 Memory core minimum needed except of (P|Q)     3 MByte
 Total minimum memory core needed (sum)        62 MByte
  
 ****************************************
 Memory allocated for RI-J  1942 MByte
 ****************************************
                                            

 DSCF restart information will be dumped onto file mos


 Starting SCF iterations

          Overall gridpoints after grid construction =        114515

 ITERATION  ENERGY          1e-ENERGY        2e-ENERGY     NORM[dD(SAO)]  TOL
   1  -2132.7007040201    -13455.630206     5980.0855680    0.000D+00 0.215D-11
                            Exc = -236.381242117     Coul =  6272.56953126    
                            exK = -56.1027211324    
                              N = 341.99915280    
                          Ediel =-0.194957890227    
                            current damping = 0.300
 
          max. resid. norm for Fia-block=  3.452D-01 for orbital    109a         
          max. resid. fock norm         =  1.463D+00 for orbital   1404a         

 ITERATION  ENERGY          1e-ENERGY        2e-ENERGY     NORM[dD(SAO)]  TOL
   2  -2139.4200092384    -13541.935281     6059.6713377    0.301D+03 0.468D-12
                            Exc = -239.706149446      Eck =  6299.37748713    
                              N = 341.99914627    
                          Ediel =-0.371276783154E-01
                            current damping = 0.250
 
          Norm of current diis error:  3.9880    
          max. resid. norm for Fia-block=  1.630D-01 for orbital     61a         
          max. resid. fock norm         =  3.098D-01 for orbital   1393a         

 ITERATION  ENERGY          1e-ENERGY        2e-ENERGY     NORM[dD(SAO)]  TOL
   3  -2139.8030266146    -13533.702790     6051.0558287    0.839D+02 0.429D-12
                            Exc = -241.345034305      Eck =  6292.40086303    
                              N = 341.99918679    
                          Ediel =-0.922491126635E-01
                            current damping = 0.200
 
          Norm of current diis error:  3.0874    
          max. resid. norm for Fia-block=  1.091D-01 for orbital    158a         
          max. resid. fock norm         =  1.206D-01 for orbital    158a         

 ITERATION  ENERGY          1e-ENERGY        2e-ENERGY     NORM[dD(SAO)]  TOL
   4  -2140.3200939013    -13536.651215     6053.4871863    0.262D+02 0.417D-12
                            Exc = -240.428003067      Eck =  6293.91518940    
                              N = 341.99896607    
                          Ediel =-0.276268246790E-01
                            current damping = 0.250
 
          Norm of current diis error:  1.3366    
          max. resid. norm for Fia-block=  3.630D-02 for orbital    157a         
          max. resid. fock norm         =  4.391D-02 for orbital     54a         
          irrep a   : virtual orbitals shifted by    0.01286

 ITERATION  ENERGY          1e-ENERGY        2e-ENERGY     NORM[dD(SAO)]  TOL
   5  -2140.4077012161    -13538.785193     6055.5335579    0.866D+01 0.415D-12
                            Exc = -240.636717166      Eck =  6296.17027506    
                              N = 341.99894283    
                          Ediel =-0.347177705722E-01
                            current damping = 0.150
 
          Norm of current diis error: 0.46657    
          max. resid. norm for Fia-block=  1.636D-02 for orbital     85a         
          max. resid. fock norm         =  2.025D-02 for orbital    127a         
          irrep a   : virtual orbitals shifted by    0.02212
          mo-orthogonalization: Cholesky decomposition

 ITERATION  ENERGY          1e-ENERGY        2e-ENERGY     NORM[dD(SAO)]  TOL
   6  -2140.4175268142    -13540.772465     6057.5110038    0.329D+01 0.414D-12
                            Exc = -240.832914181      Eck =  6298.34391797    
                              N = 341.99895107    
                          Ediel =-0.326624509149E-01
                            current damping = 0.100
 
          Norm of current diis error: 0.21394    
          max. resid. norm for Fia-block=  4.913D-03 for orbital     52a         
          max. resid. fock norm         =  7.589D-03 for orbital     52a         
          irrep a   : virtual orbitals shifted by    0.02814

 ITERATION  ENERGY          1e-ENERGY        2e-ENERGY     NORM[dD(SAO)]  TOL
   7  -2140.4196963316    -13539.321971     6056.0583404    0.128D+01 0.414D-12
                            Exc = -240.741053061      Eck =  6296.79939351    
                              N = 341.99895229    
                          Ediel =-0.332426021582E-01
                            current damping = 0.150
 
          Norm of current diis error: 0.81295E-01
          max. resid. norm for Fia-block=  1.641D-03 for orbital    157a         
          max. resid. fock norm         =  2.657D-03 for orbital     57a         
          irrep a   : virtual orbitals shifted by    0.02376

 ITERATION  ENERGY          1e-ENERGY        2e-ENERGY     NORM[dD(SAO)]  TOL
   8  -2140.4199786095    -13539.486237     6056.2223241    0.464D+00 0.414D-12
                            Exc = -240.741877124      Eck =  6296.96420126    
                              N = 341.99894491    
                          Ediel =-0.328456838123E-01
                            current damping = 0.200
 
          Norm of current diis error: 0.29353E-01
          max. resid. norm for Fia-block=  8.965D-04 for orbital    158a         
          max. resid. fock norm         =  1.046D-03 for orbital    138a         
          irrep a   : virtual orbitals shifted by    0.02071

 ITERATION  ENERGY          1e-ENERGY        2e-ENERGY     NORM[dD(SAO)]  TOL
   9  -2140.4200151666    -13539.628860     6056.3649106    0.176D+00 0.414D-12
                            Exc = -240.751948244      Eck =  6297.11685884    
                              N = 341.99894808    
                          Ediel =-0.330244476385E-01
                            current damping = 0.100
 
          Norm of current diis error: 0.15063E-01
          max. resid. norm for Fia-block=  4.726D-04 for orbital    158a         
          max. resid. fock norm         =  5.643D-04 for orbital     64a         
          irrep a   : virtual orbitals shifted by    0.02739

 ITERATION  ENERGY          1e-ENERGY        2e-ENERGY     NORM[dD(SAO)]  TOL
  10  -2140.4200253782    -13539.599915     6056.3359554    0.920D-01 0.414D-12
                            Exc = -240.750316471      Eck =  6297.08627185    
                              N = 341.99894657    
                          Ediel =-0.329600517987E-01
                            current damping = 0.150
 
          Norm of current diis error: 0.63172E-02
          max. resid. norm for Fia-block=  1.779D-04 for orbital    158a         
          max. resid. fock norm         =  2.503D-04 for orbital    136a         
          irrep a   : virtual orbitals shifted by    0.02407
          mo-orthogonalization: Cholesky decomposition

 ITERATION  ENERGY          1e-ENERGY        2e-ENERGY     NORM[dD(SAO)]  TOL
  11  -2140.4200272840    -13539.585159     6056.3211974    0.652D-01 0.414D-12
                            Exc = -240.749642540      Eck =  6297.07083992    
                              N = 341.99894668    
                          Ediel =-0.329643317967E-01
                            current damping = 0.100
 
          Norm of current diis error: 0.27507E-02
          max. resid. norm for Fia-block=  6.719D-05 for orbital    136a         
          max. resid. fock norm         =  1.024D-04 for orbital    136a         
          irrep a   : virtual orbitals shifted by    0.02737

 ITERATION  ENERGY          1e-ENERGY        2e-ENERGY     NORM[dD(SAO)]  TOL
  12  -2140.4200275968    -13539.587988     6056.3240263    0.618D-01 0.414D-12
                            Exc = -240.749585549      Eck =  6297.07361184    
                              N = 341.99894682    
                          Ediel =-0.329690519576E-01
                            current damping = 0.150
 
          Norm of current diis error: 0.11551E-02
          max. resid. norm for Fia-block=  3.754D-05 for orbital    158a         
          max. resid. fock norm         =  1.314D-04 for orbital   1414a         
          irrep a   : virtual orbitals shifted by    0.02407

 ITERATION  ENERGY          1e-ENERGY        2e-ENERGY     NORM[dD(SAO)]  TOL
  13  -2140.4200278157    -13539.592061     6056.3280993    0.101D+03 0.613D-12
                            Exc = -240.749739213      Eck =  6297.07783855    
                              N = 341.99894675    
                          Ediel =-0.329583580784E-01
                            current damping = 0.100
 
          Norm of current diis error: 0.57469E-03
          max. resid. norm for Fia-block=  3.268D-05 for orbital    110a         
          max. resid. fock norm         =  3.125D-03 for orbital   1403a         
          irrep a   : virtual orbitals shifted by    0.02737

 ITERATION  ENERGY          1e-ENERGY        2e-ENERGY     NORM[dD(SAO)]  TOL
  14  -2140.4200277722    -13539.589699     6056.3257373    0.260D+01 0.599D-12
                            Exc = -240.749776255      Eck =  6297.07551356    
                              N = 341.99894661    
                          Ediel =-0.329652034889E-01
                            current damping = 0.150
 
          Norm of current diis error: 0.24788E-03
          max. resid. norm for Fia-block=  2.339D-05 for orbital    110a         
          max. resid. fock norm         =  1.380D-03 for orbital   1403a         
          irrep a   : virtual orbitals shifted by    0.02408

 ENERGY CONVERGED !

          Overall gridpoints after grid construction =        419357

 ITERATION  ENERGY          1e-ENERGY        2e-ENERGY     NORM[dD(SAO)]  TOL
  15  -2140.4183452001    -13539.590038     6056.3277582    0.648D+00 0.614D-12
                            Exc = -240.748029970      Eck =  6297.07578816    
                              N = 341.99989495    
                          Ediel =-0.329630481967E-01
                            current damping = 0.200
 
          Norm of current diis error: 0.80711E-04
          max. resid. norm for Fia-block=  3.095D-05 for orbital    110a         
          max. resid. fock norm         =  1.973D-03 for orbital   1403a         

 End of SCF iterations

   convergence criteria satisfied after    15 iterations


   *************************************************************************
   b3                                                                       
   *************************************************************************


                  ------------------------------------------ 
                 |  total energy      =  -2140.41834520008  |
                  ------------------------------------------ 
                 :  kinetic energy    =   2128.19743561760  :
                 :  potential energy  =  -4268.61578081767  :
                 :  virial theorem    =      1.99429041075  :
                 :  wavefunction norm =      1.00000000000  :
                  .......................................... 


 <geterg> : there is no data group $energy 


 <skperg> : $end is missing 


 orbitals $scfmo  will be written to file mos

    irrep                167a        168a        169a        170a        171a   
 eigenvalues H         -0.27000    -0.26872    -0.25435    -0.22266    -0.19149
            eV          -7.3472     -7.3122     -6.9212     -6.0590     -5.2108
 occupation              2.0000      2.0000      2.0000      2.0000      2.0000

    irrep                172a        173a        174a        175a        176a   
 eigenvalues H         -0.12547    -0.06833    -0.04500    -0.03952    -0.02856
            eV          -3.4142     -1.8593     -1.2244     -1.0755     -0.7773
 
 ==============================================================================
                                  COSMO RESULTS
 ==============================================================================
  PARAMETER:
    nppa:      1082
    nspa:        92
    nsph:        32
    nps:       2815
    npspher:   1133
    disex:   10.0000    
    disex2:  4251.00    
    rsolv [A]: 1.3000
    routf:     0.8500
    phsran:    0.0    
    ampran:   0.10E-04
    cavity:  closed
    epsilon:     4.800
    refind:     1.300
    fepsi:      0.7169811
  CAVITY VOLUME/AREA [a.u.]:
    surface: V1.0, A matrix: V1.0
    area:  2348.69
    volume:  5480.29
  SCREENING CHARGE:
    cosmo      :  -0.065399
    correction :   0.063719
    total      :  -0.001680
  ENERGIES [a.u.]:
    Total energy            =   -2140.4183452000757
    Total energy + OC corr. =    -2140.4180559805
    Dielectric energy       =       -0.0329630482
    Diel. energy + OC corr. =       -0.0326738286
  ELEMENT RADIUS [A]: ATOM LIST
    c  2.00: 1-30,32-34,36,37,42-46
    n  1.83: 31,41,47,48
    o  1.72: 35
    f  1.72: 38-40
    h  1.30: 49-87
 ==============================================================================
 
 
 
 ==============================================================================
                           electrostatic moments
 ==============================================================================

 reference point for electrostatic moments:    0.00000   0.00000   0.00000

 
              nuc           elec       ->  total
 ------------------------------------------------------------------------------
                          charge      
 ------------------------------------------------------------------------------
         342.000000    -342.000000       0.000000
 
 ------------------------------------------------------------------------------
                       dipole moment  
 ------------------------------------------------------------------------------
   x     -46.762933      46.349630      -0.413303
   y    -214.754332     213.497632      -1.256700
   z    4428.431163   -4442.023687     -13.592523
 
   | dipole moment | =    13.6567 a.u. =    34.7120 debye 
 
 ------------------------------------------------------------------------------
                     quadrupole moment
 ------------------------------------------------------------------------------
  xx    1865.559306   -2074.984670    -209.425365
  yy    9147.877555   -9353.341264    -205.463708
  zz  113935.949756 -114587.380313    -651.430557
  xy     376.401921    -370.119807       6.282114
  xz   -3028.660808    3023.956064      -4.704745
  yz  -15840.017820   15783.683825     -56.333995
 
     1/3  trace=    -355.439877
     anisotropy=     454.797442
 
 ==============================================================================
 
HOMO-LUMO Separation
 HOMO         :   -0.19149066 H =     -5.21073 eV
 LUMO         :   -0.12546799 H =     -3.41416 eV
 HOMO-LUMO gap:    0.06602266 H =     +1.79657 eV
 
 ==============================================================================


    ------------------------------------------------------------------------
         total  cpu-time :  8 hours 38 minutes and 37 seconds
         total wall-time :  8 hours 38 minutes and 58 seconds
    ------------------------------------------------------------------------

   ****  ridft : all done  ****


    2025-03-25 22:32:16.995 

