
 eiger (nano21.int-nano.int.kit.edu) : TURBOMOLE rev. V7-6 19 Oct 2021 at 10:10:11 compiled Oct 19th 2021
 Copyright (C) 2021 TURBOMOLE GmbH, Karlsruhe


    2025-04-08 12:44:52.679 

 b3                                                                             
  
Total energy =  -1029.9553515480 H =    -28026.5126543 eV
 
 HOMO-LUMO Separation
   HOMO:    82.    82 a     -0.19492651 H =     -5.30422 eV
   LUMO:    83.    83 a     -0.10298658 H =     -2.80241 eV
   Gap :                    +0.09193993 H =     +2.50181 eV
 
Number of MOs=    678, Electrons=    164.00, Symmetry: c1   
 
   Nr.   Orbital    Occupation       Energy
   99.    99 a                     +0.036370 H =        +0.990 eV
   98.    98 a                     +0.027584 H =        +0.751 eV
   97.    97 a                     +0.026291 H =        +0.715 eV
   96.    96 a                     +0.020018 H =        +0.545 eV
   95.    95 a                     +0.017010 H =        +0.463 eV
   94.    94 a                     +0.011256 H =        +0.306 eV
   93.    93 a                     +0.009148 H =        +0.249 eV
   92.    92 a                     +0.006705 H =        +0.182 eV
   91.    91 a                     +0.001473 H =        +0.040 eV
   90.    90 a                     -0.006937 H =        -0.189 eV
   89.    89 a                     -0.009917 H =        -0.270 eV
   88.    88 a                     -0.019936 H =        -0.542 eV
   87.    87 a                     -0.026460 H =        -0.720 eV
   86.    86 a                     -0.031052 H =        -0.845 eV
   85.    85 a                     -0.048025 H =        -1.307 eV
   84.    84 a                     -0.065002 H =        -1.769 eV
   83.    83 a                     -0.102987 H =        -2.802 eV
   82.    82 a        2.000        -0.194927 H =        -5.304 eV
   81.    81 a        2.000        -0.235510 H =        -6.409 eV
   80.    80 a        2.000        -0.248135 H =        -6.752 eV
   79.    79 a        2.000        -0.268684 H =        -7.311 eV
   78.    78 a        2.000        -0.282406 H =        -7.685 eV
   77.    77 a        2.000        -0.285578 H =        -7.771 eV
   76.    76 a        2.000        -0.300966 H =        -8.190 eV
   75.    75 a        2.000        -0.301842 H =        -8.214 eV
   74.    74 a        2.000        -0.303679 H =        -8.264 eV
   73.    73 a        2.000        -0.329667 H =        -8.971 eV
   72.    72 a        2.000        -0.334433 H =        -9.100 eV
   71.    71 a        2.000        -0.342470 H =        -9.319 eV
   70.    70 a        2.000        -0.357914 H =        -9.739 eV
   69.    69 a        2.000        -0.363881 H =        -9.902 eV
   68.    68 a        2.000        -0.372943 H =       -10.148 eV
   67.    67 a        2.000        -0.385863 H =       -10.500 eV


    ------------------------------------------------------------------------
         total  cpu-time :   0.22 seconds
         total wall-time :   0.23 seconds
    ------------------------------------------------------------------------

   ****  eiger : all done  ****


    2025-04-08 12:44:52.894 

