
 ridft (nano21.int-nano.int.kit.edu) : TURBOMOLE rev. V7-6 19 Oct 2021 at 10:10:11 compiled Oct 19th 2021
 Copyright (C) 2021 TURBOMOLE GmbH, Karlsruhe


    2025-04-08 11:31:08.738 



                                  r i d f t

                        DFT program with RI approximation 
                                for coulomb part 




                                                 
                                 References:     
                                                 
          TURBOMOLE:                             
              R. Ahlrichs, M. Baer, M. Haeser, H. Horn, and
              C. Koelmel
              Electronic structure calculations on workstation
              computers: the program system TURBOMOLE
              Chem. Phys. Lett. 162: 165 (1989)
          Density Functional:                              
              O. Treutler and R. Ahlrichs                      
              Efficient Molecular Numerical Integration Schemes
              J. Chem. Phys. 102: 346 (1995)                   
          Parallel Version:                                
              Performance of parallel TURBOMOLE for Density    
              Functional Calculations                          
              M. v. Arnim and R. Ahlrichs                      
              J. Comp. Chem. 19: 1746 (1998)                   
          RI-J Method:                                     
              Auxiliary Basis Sets to approximate Coulomb      
              Potentials                                       
              Chem. Phys. Lett. 240: 283 (1995)                
              K. Eichkorn, O. Treutler, H. Oehm, M. Haeser     
              and R. Ahlrichs                                  
              Chem. Phys. Lett. 242: 652 (1995)                
                                                           
              Auxiliary Basis Sets for Main Row Atoms and their
              Use to approximate Coulomb Potentials            
              K. Eichkorn, F. Weigend, O. Treutler and         
              R. Ahlrichs                                      
              Theo. Chem. Acc. 97: 119 (1997)                   
                                                           
              Accurate Coulomb-fitting basis sets for H to Rn 
              F. Weigend                                        
              Phys. Chem. Chem. Phys. 8: 1057 (2006)            
                                                           
          Multipole accelerated RI-J (MARI-J):             
              Fast evaluation of the Coulomb potential for     
              electron densities using multipole accelerated   
              resolution of identity approximation             
              M. Sierka, A. Hogekamp and R. Ahlrichs           
              J. Chem. Phys. 118: 9136 (2003)                  
          RI-JK Method:                                     
              A fully direct RI-HF algorithm: Implementation,
              optimised auxiliary basis sets, demonstration of
              accuracy and efficiency                         
              F. Weigend                                      
              Phys. Chem. Chem. Phys. 4: 4285 (2002)           
          Two-component HF and DFT with spin-orbit coupling:  
              Self-consistent treatment of spin-orbit         
              interactions with efficient Hartree-Fock and    
              density functional methods                      
              M. K. Armbruster, F. Weigend, C. van Wüllen and 
              W. Klopper                                      
              Phys. Chem. Chem. Phys. 10: 1748 (2008)         
          Two-component difference density and DIIS algorithm 
              Efficient two-component self-consistent field   
              procedures and gradients: implementation in     
              TURBOMOLE and application to Au20-              
              A. Baldes, F. Weigend                           
              Mol. Phys. 111: 2617 (2013)                     
          Relativistic all-electron 2c calculations           
              An efficient implementation of two-component    
              relativistic exact-decoupling methods for large 
              molecules                                       
              D. Peng, N. Middendorf, F. Weigend, M. Reiher   
              J. Chem. Phys. 138: 184105 (2013)               
          Finite nucleus model and SNSO approximation         
              Efficient implementation of one- and two-       
              component analytical energy gradients in exact  
              two-component theory                            
              Y. J. Franzke, N. Middendorf, F. Weigend        
              J. Chem. Phys. 148: 104110 (2018)               
          Grids for all-electron relativistic methods         
              Error-consistent segmented contracted all-      
              electron relativistic basis sets of double-     
              and triple-zeta quality for NMR shielding       
              constants                                       
              Y. J. Franzke, R. Tress, T. M. Pazdera,         
              F. Weigend                                      
              Phys. Chem. Chem. Phys. 21: 166658 (2019)       
          Seminumerical exchange algorithms                   
              Seminumerical calculation of the Hartree-Fock   
              exchange matirx: Application to two-component   
              procedures and efficient evaluation of local    
              hybrid functionsl                               
               P. Plessow, F. Weigend,                        
              J. Comput. Chem. 33: 810 (2012)                 
          Improved seminumerical algorithms                   
              C. Holzer,                                      
              J. Chem. Phys. 153 (2020), 184115               
                                         




              +--------------------------------------------------+
              |      general information about current run       |
              +--------------------------------------------------+

 
 Becke-3-Parameter hybrid functional: B3-LYP
 exchange:    0.8*LDA + 0.72*B88 + 0.2*HF
 correlation: 0.19*LDA(VWN) + 0.81*LYP
 A Hybrid-DFT calculation using the RI-J approximation will be carried out.
 Allocatable memory for RI due to $ricore (MB):                  2000

   *************************************************************************
   b3                                                                       
   *************************************************************************




              +--------------------------------------------------+
              | Atomic coordinate, charge and isotop information |
              +--------------------------------------------------+

                    atomic coordinates            atom    charge  isotop
        -13.44927959    5.44487519   -0.48654534    c      6.000     0
        -11.07102429    6.66053883   -0.45717708    c      6.000     0
         -8.83623067    5.32252568   -0.26476790    c      6.000     0
         -8.85113624    2.66064086   -0.09356981    c      6.000     0
         -6.56415627    1.23645803    0.12853654    c      6.000     0
         -6.59527510   -1.34166732    0.28820287    c      6.000     0
         -8.90909184   -2.75637758    0.22587549    c      6.000     0
         -8.95759694   -5.46049415    0.37023742    c      6.000     0
        -11.34171772   -6.66615409    0.33849027    c      6.000     0
        -13.58520001   -5.32336172    0.19839663    c      6.000     0
        -13.59114662   -2.66714764    0.03644587    c      6.000     0
        -15.87740873   -1.23992936   -0.15377886    c      6.000     0
        -15.85972703    1.33688473   -0.32499161    c      6.000     0
        -13.53750791    2.74385118   -0.31675958    c      6.000     0
        -11.21178284    1.34695465   -0.12483636    c      6.000     0
        -11.23051196   -1.36102345    0.04238046    c      6.000     0
        -15.76117765    6.91871590   -0.68358866    c      6.000     0
         -6.63059960   -6.93801568    0.52084096    c      6.000     0
        -15.97496435    9.45181573   -0.85198667    c      6.000     0
         -6.45905370   -9.34630117    1.39471438    c      6.000     0
         -4.33478822  -10.82766541    1.37311296    n      7.000     0
        -18.45018001   10.62303364   -1.03616106    n      7.000     0
        -18.46206636   12.93647029   -1.17886422    o      8.000     0
        -20.34613046    9.29343256   -1.04093705    o      8.000     0
        -10.98788779    8.71786760   -0.58676986    h      1.000     0
         -7.02861117    6.32225446   -0.24168895    h      1.000     0
         -4.76933884    2.25889912    0.18176165    h      1.000     0
         -4.80562009   -2.34184719    0.48959783    h      1.000     0
        -11.42463873   -8.72807190    0.36113512    h      1.000     0
        -15.38766430   -6.33451932    0.16675277    h      1.000     0
        -17.67576648   -2.25871105   -0.16175856    h      1.000     0
        -17.65923683    2.32705889   -0.46715098    h      1.000     0
        -17.57062455    5.93010918   -0.70322448    h      1.000     0
         -4.88184868   -6.04529075   -0.12444875    h      1.000     0
        -14.47351309   10.85562994   -0.87153918    h      1.000     0
         -8.12540702  -10.30026521    2.16598379    h      1.000     0
         -4.23609428  -12.30356527    2.58531910    h      1.000     0
         -2.65164566  -10.02012727    0.94147466    h      1.000     0
 
       center of nuclear mass  :  -12.01505262    1.05290509   -0.09416239
       center of nuclear charge:  -11.93540112    0.94282289   -0.07894871

              +--------------------------------------------------+
              |               basis set information              |
              +--------------------------------------------------+

              we will work with the 1s 3p 5d 7f 9g ... basis set
              ...i.e. with spherical basis functions...

   type   atoms  prim   cont   basis
   ---------------------------------------------------------------------------
    c       20     43     23   aug-cc-pVDZ   [4s3p2d|18s5p2d]
    n        2     43     23   aug-cc-pVDZ   [4s3p2d|18s5p2d]
    o        2     43     23   aug-cc-pVDZ   [4s3p2d|18s5p2d]
    h       14     11      9   aug-cc-pVDZ   [3s2p|5s2p]
   ---------------------------------------------------------------------------
   total:   38   1186    678
   ---------------------------------------------------------------------------

   total number of primitive shells          :   82
   total number of contracted shells         :  286
   total number of cartesian basis functions :  726
   total number of SCF-basis functions       :  678


 integral neglect threshold       :  0.46E-11
 integral storage threshold THIZE :  0.10E-04
 integral storage threshold THIME :         5

 RI-J AUXILIARY BASIS SET information:

              we will work with the 1s 3p 5d 7f 9g ... basis set
              ...i.e. with spherical basis functions...

   type   atoms  prim   cont   basis
   ---------------------------------------------------------------------------
    c       20     70     49   aug-cc-pVDZ   [6s4p3d1f1g|12s5p4d2f1g]
    n        2     70     49   aug-cc-pVDZ   [6s4p3d1f1g|12s5p4d2f1g]
    o        2     70     49   aug-cc-pVDZ   [6s4p3d1f1g|12s5p4d2f1g]
    h       14     16     11   aug-cc-pVDZ   [3s1p1d|5s2p1d]
   ---------------------------------------------------------------------------
   total:   38   1904   1330
   ---------------------------------------------------------------------------

   total number of primitive shells          :   80
   total number of contracted shells         :  430
   total number of cartesian basis functions : 1632
   total number of SCF-basis functions       : 1330


 symmetry group of the molecule :   c1 

 the group has the following generators :
   c1(z)

    1 symmetry operations found

 there are 1 real representations :   a   

 maximum number of shells which are related by symmetry :  1

  
           ------------------
           density functional
           ------------------
 Becke-3-Parameter hybrid functional: B3-LYP
 exchange:    0.8*LDA + 0.72*B88 + 0.2*HF
 correlation: 0.19*LDA(VWN) + 0.81*LYP

 iterations will be done with small grid
  
 spherical integration : Lebedev's spherical grid
 spherical gridsize    :                     3
    i.e. gridpoints    :                   302
 value for diffuse not defined
 radial integration    : Chebyshev 2nd kind (scaling 3)
 radial gridsize       :                     3
 integration cells     :                    38
 partition function    : becke
 partition sharpness   :                     3
  

 biggest AO integral is expected to be     4.738267915

          ------------------------
          nuclear repulsion energy  :   1790.73791405    
          ------------------------


         -----------------
         -S,T+V- integrals
         -----------------

 1e-integrals will be neglected if expon. factor < 0.460325E-12
 
   Difference densities algorithm switched on.
   The maximal number of linear combinations of
   difference densities is                    20 .

 DIIS switched on: error vector is FDS-SDF
 Max. Iterations for DIIS is     :   4
 DIIS matrix (see manual) 
    Scaling factor of diagonals  :  1.200
    threshold for scaling factor :  0.000

 scf convergence criterion : increment of total energy < .1000000D-06
                  and increment of one-electron energy < .1000000D-03

 MOs are in ASCII format !


    mo occupation :
   irrep   mo's   occupied
    a      678       82
 
 number of basis functions   :   678
 number of occupied orbitals :    82
 

 reading orbital data $scfmo  from file mos
 orbital characterization : expanded
 virtual MOs provided and orthogonalized by Cholesky decomposition

 automatic virtual orbital shift switched on 
      shift if e(lumo)-e(homo) < 0.10000000    

  
           ------------------------
               RI-J - INFORMATION
           ------------------------
 Contributions to RI integral batches: 
  neglected integral batches:                  7717
  direct contribution:                         5929
  memory contribution:                 27395
 Memory core needed for (P|Q) and Cholesky     14 MByte
 Memory core minimum needed except of (P|Q)     2 MByte
 Total minimum memory core needed (sum)        16 MByte
  
 ****************************************
 Memory allocated for RI-J  1795 MByte
 ****************************************
                                            

 DSCF restart information will be dumped onto file mos


 Starting SCF iterations

          Overall gridpoints after grid construction =         53086

 ITERATION  ENERGY          1e-ENERGY        2e-ENERGY     NORM[dD(SAO)]  TOL
   1  -1026.5637913337    -4917.2144689     2099.9127636    0.000D+00 0.459D-11
                            Exc = -114.254929299     Coul =  2241.25398626    
                            exK = -27.0862934069    
                              N = 163.99503342    
                            current damping = 0.300
 
          max. resid. norm for Fia-block=  3.410D-01 for orbital     39a         
          max. resid. fock norm         =  1.513D+00 for orbital    653a         

 ITERATION  ENERGY          1e-ENERGY        2e-ENERGY     NORM[dD(SAO)]  TOL
   2  -1029.5448789653    -4954.0493396     2133.7665466    0.325D+03 0.102D-11
                            Exc = -116.207588577      Eck =  2249.97413518    
                              N = 163.99697632    
                            current damping = 0.250
 
          Norm of current diis error:  2.6805    
          max. resid. norm for Fia-block=  2.054D-01 for orbital     25a         
          max. resid. fock norm         =  2.899D-01 for orbital     25a         

 ITERATION  ENERGY          1e-ENERGY        2e-ENERGY     NORM[dD(SAO)]  TOL
   3  -1029.7194110504    -4951.2531110     2130.7957859    0.925D+02 0.101D-11
                            Exc = -116.603901095      Eck =  2247.39968701    
                              N = 163.99712863    
                            current damping = 0.200
 
          Norm of current diis error:  1.9952    
          max. resid. norm for Fia-block=  1.008D-01 for orbital     62a         
          max. resid. fock norm         =  1.115D-01 for orbital     25a         

 ITERATION  ENERGY          1e-ENERGY        2e-ENERGY     NORM[dD(SAO)]  TOL
   4  -1029.9396278167    -4950.2965524     2129.6190105    0.168D+02 0.101D-11
                            Exc = -116.357017938      Eck =  2245.97602848    
                              N = 163.99710387    
                            current damping = 0.100
 
          Norm of current diis error: 0.56806    
          max. resid. norm for Fia-block=  1.734D-02 for orbital     50a         
          max. resid. fock norm         =  2.421D-02 for orbital     25a         

 ITERATION  ENERGY          1e-ENERGY        2e-ENERGY     NORM[dD(SAO)]  TOL
   5  -1029.9506625892    -4954.4132833     2133.7247066    0.925D+01 0.985D-12
                            Exc = -116.538241476      Eck =  2250.26294809    
                              N = 163.99715640    
                            current damping = 0.150
 
          Norm of current diis error: 0.33699    
          max. resid. norm for Fia-block=  8.342D-03 for orbital     77a         
          max. resid. fock norm         =  1.563D-02 for orbital     32a         
          mo-orthogonalization: Cholesky decomposition

 ITERATION  ENERGY          1e-ENERGY        2e-ENERGY     NORM[dD(SAO)]  TOL
   6  -1029.9550358502    -4953.0173229     2132.3243730    0.318D+01 0.991D-12
                            Exc = -116.530790794      Eck =  2248.85516384    
                              N = 163.99720402    
                            current damping = 0.200
 
          Norm of current diis error: 0.14854    
          max. resid. norm for Fia-block=  3.718D-03 for orbital     74a         
          max. resid. fock norm         =  5.420D-03 for orbital     46a         

 ITERATION  ENERGY          1e-ENERGY        2e-ENERGY     NORM[dD(SAO)]  TOL
   7  -1029.9561122773    -4952.9149200     2132.2208937    0.146D+01 0.990D-12
                            Exc = -116.499944972      Eck =  2248.72083864    
                              N = 163.99718596    
                            current damping = 0.100
 
          Norm of current diis error: 0.49925E-01
          max. resid. norm for Fia-block=  1.939D-03 for orbital     75a         
          max. resid. fock norm         =  3.311D-03 for orbital     78a         

 ITERATION  ENERGY          1e-ENERGY        2e-ENERGY     NORM[dD(SAO)]  TOL
   8  -1029.9561536010    -4952.9655374     2132.2714698    0.500D+00 0.990D-12
                            Exc = -116.502798026      Eck =  2248.77426778    
                              N = 163.99718549    
                            current damping = 0.150
 
          Norm of current diis error: 0.38187E-01
          max. resid. norm for Fia-block=  1.750D-03 for orbital     75a         
          max. resid. fock norm         =  2.658D-03 for orbital     78a         

 ITERATION  ENERGY          1e-ENERGY        2e-ENERGY     NORM[dD(SAO)]  TOL
   9  -1029.9562404924    -4952.9668322     2132.2726776    0.178D+00 0.990D-12
                            Exc = -116.506028600      Eck =  2248.77870625    
                              N = 163.99718840    
                            current damping = 0.100
 
          Norm of current diis error: 0.13124E-01
          max. resid. norm for Fia-block=  7.357D-04 for orbital     75a         
          max. resid. fock norm         =  1.311D-03 for orbital     78a         

 ITERATION  ENERGY          1e-ENERGY        2e-ENERGY     NORM[dD(SAO)]  TOL
  10  -1029.9562450189    -4952.9883183     2132.2941593    0.113D+00 0.990D-12
                            Exc = -116.505943904      Eck =  2248.80010319    
                              N = 163.99718735    
                            current damping = 0.100
 
          Norm of current diis error: 0.10648E-01
          max. resid. norm for Fia-block=  3.851D-04 for orbital     75a         
          max. resid. fock norm         =  6.296D-04 for orbital     78a         
          mo-orthogonalization: Cholesky decomposition

 ITERATION  ENERGY          1e-ENERGY        2e-ENERGY     NORM[dD(SAO)]  TOL
  11  -1029.9562525496    -4952.9671750     2132.2730084    0.499D-01 0.990D-12
                            Exc = -116.505114361      Eck =  2248.77812277    
                              N = 163.99718791    
                            current damping = 0.150
 
          Norm of current diis error: 0.25344E-02
          max. resid. norm for Fia-block=  7.492D-05 for orbital     49a         
          max. resid. fock norm         =  1.622D-04 for orbital    677a         

 ITERATION  ENERGY          1e-ENERGY        2e-ENERGY     NORM[dD(SAO)]  TOL
  12  -1029.9562527190    -4952.9706606     2132.2764939    0.424D-01 0.989D-12
                            Exc = -116.505375010      Eck =  2248.78186889    
                              N = 163.99718785    
                            current damping = 0.200
 
          Norm of current diis error: 0.20054E-02
          max. resid. norm for Fia-block=  4.090D-05 for orbital     82a         
          max. resid. fock norm         =  1.684D-04 for orbital    677a         

 ITERATION  ENERGY          1e-ENERGY        2e-ENERGY     NORM[dD(SAO)]  TOL
  13  -1029.9562528856    -4952.9718252     2132.2776583    0.349D-01 0.989D-12
                            Exc = -116.505451063      Eck =  2248.78310931    
                              N = 163.99718786    
                            current damping = 0.100
 
          Norm of current diis error: 0.51423E-03
          max. resid. norm for Fia-block=  1.982D-05 for orbital     49a         
          max. resid. fock norm         =  3.198D-04 for orbital    677a         

 ITERATION  ENERGY          1e-ENERGY        2e-ENERGY     NORM[dD(SAO)]  TOL
  14  -1029.9562531822    -4952.9712680     2132.2771008    0.102D+03 0.131D-11
                            Exc = -116.505366905      Eck =  2248.78246772    
                              N = 163.99718789    
                            current damping = 0.150
 
          Norm of current diis error: 0.34269E-03
          max. resid. norm for Fia-block=  1.256D-05 for orbital     64a         
          max. resid. fock norm         =  2.106D-03 for orbital    674a         

 ITERATION  ENERGY          1e-ENERGY        2e-ENERGY     NORM[dD(SAO)]  TOL
  15  -1029.9562531196    -4952.9708532     2132.2766860    0.407D+00 0.131D-11
                            Exc = -116.505370759      Eck =  2248.78205679    
                              N = 163.99718786    
                            current damping = 0.100
 
          Norm of current diis error: 0.10059E-03
          max. resid. norm for Fia-block=  5.359D-06 for orbital     64a         
          max. resid. fock norm         =  8.462D-04 for orbital    674a         
          mo-orthogonalization: Cholesky decomposition

 ENERGY CONVERGED !

          Overall gridpoints after grid construction =        192538

 ITERATION  ENERGY          1e-ENERGY        2e-ENERGY     NORM[dD(SAO)]  TOL
  16  -1029.9553515482    -4952.9710092     2132.2777436    0.814D-01 0.224D-11
                            Exc = -116.504476517      Eck =  2248.78222014    
                              N = 163.99985720    
                            current damping = 0.150
 
          Norm of current diis error: 0.43383E-04
          max. resid. norm for Fia-block=  1.484D-05 for orbital     64a         
          max. resid. fock norm         =  2.452D-03 for orbital    674a         

 End of SCF iterations

   convergence criteria satisfied after    16 iterations


   *************************************************************************
   b3                                                                       
   *************************************************************************


                  ------------------------------------------ 
                 |  total energy      =  -1029.95535154821  |
                  ------------------------------------------ 
                 :  kinetic energy    =   1024.35043980409  :
                 :  potential energy  =  -2054.30579135230  :
                 :  virial theorem    =      1.99455810222  :
                 :  wavefunction norm =      1.00000000000  :
                  .......................................... 


 <geterg> : there is no data group $energy 


 <skperg> : $end is missing 


 orbitals $scfmo  will be written to file mos

    irrep                 78a         79a         80a         81a         82a   
 eigenvalues H         -0.28241    -0.26868    -0.24813    -0.23551    -0.19493
            eV          -7.6847     -7.3113     -6.7521     -6.4086     -5.3043
 occupation              2.0000      2.0000      2.0000      2.0000      2.0000

    irrep                 83a         84a         85a         86a         87a   
 eigenvalues H         -0.10299    -0.06500    -0.04802    -0.03105    -0.02646
            eV          -2.8024     -1.7688     -1.3068     -0.8450     -0.7200
 
 
 
 
 ==============================================================================
                           electrostatic moments
 ==============================================================================

 reference point for electrostatic moments:    0.00000   0.00000   0.00000

 
              nuc           elec       ->  total
 ------------------------------------------------------------------------------
                          charge      
 ------------------------------------------------------------------------------
         164.000000    -164.000000      -0.000000
 
 ------------------------------------------------------------------------------
                       dipole moment  
 ------------------------------------------------------------------------------
   x   -1957.405784    1960.445857       3.040073
   y     154.622953    -158.137341      -3.514387
   z     -12.947589      13.630162       0.682574
 
   | dipole moment | =     4.6967 a.u. =    11.9378 debye 
 
 ------------------------------------------------------------------------------
                     quadrupole moment
 ------------------------------------------------------------------------------
  xx   26785.464141  -26959.991778    -174.527637
  yy    7544.779287   -7653.188965    -108.409678
  zz      82.854256    -190.026073    -107.171817
  xy   -5387.843572    5443.046955      55.203383
  xz     585.977732    -593.031300      -7.053568
  yz    -735.684438     731.643747      -4.040691
 
     1/3  trace=    -130.036377
     anisotropy=     117.454000
 
 ==============================================================================
 
HOMO-LUMO Separation
 HOMO         :   -0.19492651 H =     -5.30422 eV
 LUMO         :   -0.10298658 H =     -2.80241 eV
 HOMO-LUMO gap:    0.09193993 H =     +2.50181 eV
 
 ==============================================================================


    ------------------------------------------------------------------------
         total  cpu-time :  1 hours 11 minutes and 23 seconds
         total wall-time :  1 hours 13 minutes and 44 seconds
    ------------------------------------------------------------------------

   ****  ridft : all done  ****


    2025-04-08 12:44:52.371 

 ridft ended normally
