
 eiger (nano04.int-nano.int.kit.edu) : TURBOMOLE rev. V7-6 19 Oct 2021 at 10:10:11 compiled Oct 19th 2021
 Copyright (C) 2021 TURBOMOLE GmbH, Karlsruhe


    2025-07-03 04:16:51.493 

 mp2                                                                            
  
Total energy =  -1102.1598169060 H =    -29991.2962336 eV
 
 HOMO-LUMO Separation
   HOMO:    90.    90 a     -0.24378349 H =     -6.63369 eV
   LUMO:    91.    91 a     +0.01971106 H =     +0.53637 eV
   Gap :                    +0.26349456 H =     +7.17005 eV
 
Number of MOs=    454, Electrons=    180.00, Symmetry: c1   
 
   Nr.   Orbital    Occupation       Energy
  107.   107 a                     +0.238440 H =        +6.488 eV
  106.   106 a                     +0.231078 H =        +6.288 eV
  105.   105 a                     +0.224962 H =        +6.122 eV
  104.   104 a                     +0.213381 H =        +5.806 eV
  103.   103 a                     +0.206198 H =        +5.611 eV
  102.   102 a                     +0.202244 H =        +5.503 eV
  101.   101 a                     +0.193594 H =        +5.268 eV
  100.   100 a                     +0.186644 H =        +5.079 eV
   99.    99 a                     +0.182976 H =        +4.979 eV
   98.    98 a                     +0.176771 H =        +4.810 eV
   97.    97 a                     +0.174483 H =        +4.748 eV
   96.    96 a                     +0.159108 H =        +4.330 eV
   95.    95 a                     +0.139909 H =        +3.807 eV
   94.    94 a                     +0.121655 H =        +3.310 eV
   93.    93 a                     +0.087190 H =        +2.373 eV
   92.    92 a                     +0.074284 H =        +2.021 eV
   91.    91 a                     +0.019711 H =        +0.536 eV
   90.    90 a        2.000        -0.243783 H =        -6.634 eV
   89.    89 a        2.000        -0.302516 H =        -8.232 eV
   88.    88 a        2.000        -0.315875 H =        -8.595 eV
   87.    87 a        2.000        -0.351236 H =        -9.558 eV
   86.    86 a        2.000        -0.371687 H =       -10.114 eV
   85.    85 a        2.000        -0.400569 H =       -10.900 eV
   84.    84 a        2.000        -0.430038 H =       -11.702 eV
   83.    83 a        2.000        -0.436767 H =       -11.885 eV
   82.    82 a        2.000        -0.466153 H =       -12.685 eV
   81.    81 a        2.000        -0.466552 H =       -12.696 eV
   80.    80 a        2.000        -0.470143 H =       -12.793 eV
   79.    79 a        2.000        -0.474487 H =       -12.911 eV
   78.    78 a        2.000        -0.476994 H =       -12.980 eV
   77.    77 a        2.000        -0.486460 H =       -13.237 eV
   76.    76 a        2.000        -0.507866 H =       -13.820 eV
   75.    75 a        2.000        -0.515692 H =       -14.033 eV


    ------------------------------------------------------------------------
         total  cpu-time :   0.12 seconds
         total wall-time :   0.13 seconds
    ------------------------------------------------------------------------

   ****  eiger : all done  ****


    2025-07-03 04:16:51.613 

