
 ridft (nano18.int-nano.int.kit.edu) : TURBOMOLE rev. V7-6 19 Oct 2021 at 10:10:11 compiled Oct 19th 2021
 Copyright (C) 2021 TURBOMOLE GmbH, Karlsruhe


    2025-07-28 11:25:02.864 



                                  r i d f t

                        DFT program with RI approximation 
                                for coulomb part 




                                                 
                                 References:     
                                                 
          TURBOMOLE:                             
              R. Ahlrichs, M. Baer, M. Haeser, H. Horn, and
              C. Koelmel
              Electronic structure calculations on workstation
              computers: the program system TURBOMOLE
              Chem. Phys. Lett. 162: 165 (1989)
          Density Functional:                              
              O. Treutler and R. Ahlrichs                      
              Efficient Molecular Numerical Integration Schemes
              J. Chem. Phys. 102: 346 (1995)                   
          Parallel Version:                                
              Performance of parallel TURBOMOLE for Density    
              Functional Calculations                          
              M. v. Arnim and R. Ahlrichs                      
              J. Comp. Chem. 19: 1746 (1998)                   
          RI-J Method:                                     
              Auxiliary Basis Sets to approximate Coulomb      
              Potentials                                       
              Chem. Phys. Lett. 240: 283 (1995)                
              K. Eichkorn, O. Treutler, H. Oehm, M. Haeser     
              and R. Ahlrichs                                  
              Chem. Phys. Lett. 242: 652 (1995)                
                                                           
              Auxiliary Basis Sets for Main Row Atoms and their
              Use to approximate Coulomb Potentials            
              K. Eichkorn, F. Weigend, O. Treutler and         
              R. Ahlrichs                                      
              Theo. Chem. Acc. 97: 119 (1997)                   
                                                           
              Accurate Coulomb-fitting basis sets for H to Rn 
              F. Weigend                                        
              Phys. Chem. Chem. Phys. 8: 1057 (2006)            
                                                           
          Multipole accelerated RI-J (MARI-J):             
              Fast evaluation of the Coulomb potential for     
              electron densities using multipole accelerated   
              resolution of identity approximation             
              M. Sierka, A. Hogekamp and R. Ahlrichs           
              J. Chem. Phys. 118: 9136 (2003)                  
          RI-JK Method:                                     
              A fully direct RI-HF algorithm: Implementation,
              optimised auxiliary basis sets, demonstration of
              accuracy and efficiency                         
              F. Weigend                                      
              Phys. Chem. Chem. Phys. 4: 4285 (2002)           
          Two-component HF and DFT with spin-orbit coupling:  
              Self-consistent treatment of spin-orbit         
              interactions with efficient Hartree-Fock and    
              density functional methods                      
              M. K. Armbruster, F. Weigend, C. van Wüllen and 
              W. Klopper                                      
              Phys. Chem. Chem. Phys. 10: 1748 (2008)         
          Two-component difference density and DIIS algorithm 
              Efficient two-component self-consistent field   
              procedures and gradients: implementation in     
              TURBOMOLE and application to Au20-              
              A. Baldes, F. Weigend                           
              Mol. Phys. 111: 2617 (2013)                     
          Relativistic all-electron 2c calculations           
              An efficient implementation of two-component    
              relativistic exact-decoupling methods for large 
              molecules                                       
              D. Peng, N. Middendorf, F. Weigend, M. Reiher   
              J. Chem. Phys. 138: 184105 (2013)               
          Finite nucleus model and SNSO approximation         
              Efficient implementation of one- and two-       
              component analytical energy gradients in exact  
              two-component theory                            
              Y. J. Franzke, N. Middendorf, F. Weigend        
              J. Chem. Phys. 148: 104110 (2018)               
          Grids for all-electron relativistic methods         
              Error-consistent segmented contracted all-      
              electron relativistic basis sets of double-     
              and triple-zeta quality for NMR shielding       
              constants                                       
              Y. J. Franzke, R. Tress, T. M. Pazdera,         
              F. Weigend                                      
              Phys. Chem. Chem. Phys. 21: 166658 (2019)       
          Seminumerical exchange algorithms                   
              Seminumerical calculation of the Hartree-Fock   
              exchange matirx: Application to two-component   
              procedures and efficient evaluation of local    
              hybrid functionsl                               
               P. Plessow, F. Weigend,                        
              J. Comput. Chem. 33: 810 (2012)                 
          Improved seminumerical algorithms                   
              C. Holzer,                                      
              J. Chem. Phys. 153 (2020), 184115               
                                         




              +--------------------------------------------------+
              |      general information about current run       |
              +--------------------------------------------------+

 
 Libxc version: 5.1.4
 S. Lehtola, C. Steigemann, M.J.T. Oliveira, and M.A.L. Marques, Software X 7, 1 (2018)
 M.A.L. Marques, M.J.T. Oliveira, and T. Burnus, Comput. Phys. Commun. 183, 2272 (2012)
 TURBOMOLE integration by Christof Holzer

 Name of XC-Functional: wB97X range-separated functional
 alpha=    0.15771
 beta =    0.84229
 omega=    0.30000
 [1] J.-D. Chai and M. Head-Gordon, J. Chem. Phys. 128, 084106 (2008)
 A Hybrid-DFT calculation using the RI-J approximation will be carried out.
 Allocatable memory for RI due to $ricore (MB):                  2000

   *************************************************************************
   b3                                                                       
   *************************************************************************




              +--------------------------------------------------+
              | Atomic coordinate, charge and isotop information |
              +--------------------------------------------------+

                    atomic coordinates            atom    charge  isotop
          9.48813195    8.27959407    3.51659985    c      6.000     0
         11.59347072    7.11620365    4.43268937    c      6.000     0
         -3.56360773    6.17294062   -2.97911979    c      6.000     0
         -6.27162098    5.98037413   -2.68035012    c      6.000     0
          1.91969132    3.49914388   -4.34445655    c      6.000     0
         10.46692863    5.36946025    0.91717820    c      6.000     0
         19.59419375    2.97227161   -3.69974549    c      6.000     0
          2.11348425    6.25450914   -0.35104970    c      6.000     0
         -7.31334442    3.99210105   -1.19949440    c      6.000     0
         -2.03889959    4.32487445   -1.75857214    c      6.000     0
          0.83242587    3.97446669   -1.66945851    c      6.000     0
         19.85699041    3.86802541    1.03320984    c      6.000     0
         -3.15776335    2.43778601   -0.32390473    c      6.000     0
         20.48312943    2.02234011   -1.11123984    c      6.000     0
         -5.80499753    2.22480688   -0.02052110    c      6.000     0
          1.08198367    1.57871859   -0.02012483    c      6.000     0
          5.76451638    0.85232771   -0.00513835    c      6.000     0
         10.40137328    0.25178276   -0.21080991    c      6.000     0
         15.03267627   -0.31908196   -0.39057162    c      6.000     0
         24.06913419   -0.46394912   -0.82196907    c      6.000     0
         26.64121907   -0.94245404   -0.87273448    c      6.000     0
         19.72714732   -0.69903955   -0.53723553    c      6.000     0
          3.23183664    0.25497659    0.65908847    c      6.000     0
          7.90976806   -0.54856501    0.54570075    c      6.000     0
         12.53870285   -1.27195368    0.03924678    c      6.000     0
         17.24599531   -1.67583596   -0.19495567    c      6.000     0
         21.93443512   -2.11409104   -0.37347886    c      6.000     0
         -1.89787009   -1.31667083    2.30212484    c      6.000     0
          7.80158464   -3.02283142    1.98440462    c      6.000     0
         12.26190275   -4.01140498    0.85083275    c      6.000     0
          9.54456711   -5.02207284    0.79081996    c      6.000     0
          9.24147601   -7.74865133    1.91431619    c      6.000     0
          6.57680816   -8.75784445    1.28909690    c      6.000     0
          9.61063023   -7.80190797    4.80413583    c      6.000     0
         11.17970781   -9.54801737    0.68360238    c      6.000     0
          8.79253415    7.12780147    1.27516243    n      7.000     0
         12.24791576    5.26272474    2.77035947    o      8.000     0
         10.75236761    3.33331966   -1.70142399    s     16.000     0
         23.23545392    1.88407981   -1.24147561    o      8.000     0
         27.67704277   -3.39834022   -0.45496290    c      6.000     0
         -1.30396073    0.85784269    0.72660215    n      7.000     0
         28.36086190    1.08357671   -1.36359840    c      6.000     0
         21.97755810   -4.74831975    0.15689886    c      6.000     0
         28.60049354   -5.36537410   -0.12735677    n      7.000     0
         29.77787058    2.71586185   -1.75844232    n      7.000     0
         21.81756066   -6.89332160    0.60342035    n      7.000     0
         -2.27452822   -3.77978994    0.81741634    c      6.000     0
         -2.90139838   -6.03349055    2.52368332    c      6.000     0
         -3.29959466   -8.49432441    1.06026353    c      6.000     0
         -2.61233888    8.20753579   -4.47673832    c      6.000     0
         -4.21589735    9.92606634   -5.60387152    c      6.000     0
         -6.86996950    9.72328625   -5.30934674    c      6.000     0
         -7.86299658    7.78865192   -3.87618261    c      6.000     0
          8.42508125    9.84714060    4.31965862    h      1.000     0
         12.76872655    7.33816635    6.10152636    h      1.000     0
          1.56281938    5.12733512   -5.58274495    h      1.000     0
          3.97093574    3.18428697   -4.28813364    h      1.000     0
          1.03084314    1.83327793   -5.21704364    h      1.000     0
         17.53925454    3.27068506   -3.72952757    h      1.000     0
         20.53207919    4.78011080   -4.11924919    h      1.000     0
         20.08962722    1.61118465   -5.19040927    h      1.000     0
          4.17267969    6.03457884   -0.20047367    h      1.000     0
          1.74593422    8.00489612   -1.40888645    h      1.000     0
          1.34805522    6.50987935    1.56704915    h      1.000     0
         -9.36727961    3.87857027   -1.00596509    h      1.000     0
         17.80594025    4.13708500    1.22337562    h      1.000     0
         20.60075051    3.15988853    2.84072796    h      1.000     0
         20.73911494    5.70823939    0.63294619    h      1.000     0
         -6.64518828    0.71102797    1.09843789    h      1.000     0
          6.08024974    2.58141578   -1.07590725    h      1.000     0
         15.14045850    1.67826086   -0.87353252    h      1.000     0
          2.93623642   -1.43690542    1.79764393    h      1.000     0
         17.16905190   -3.68817564    0.26220725    h      1.000     0
         -0.38087109   -1.53894911    3.70838645    h      1.000     0
         -3.61426713   -0.86557091    3.38873890    h      1.000     0
          8.38573168   -2.68548167    3.96278479    h      1.000     0
          5.85102048   -3.71823665    2.05791251    h      1.000     0
         13.46934402   -5.17010133   -0.38319829    h      1.000     0
         13.06823661   -4.21223676    2.76893746    h      1.000     0
          8.99480042   -5.17098610   -1.22062210    h      1.000     0
          6.36157062  -10.71608354    1.96493685    h      1.000     0
          6.23394551   -8.75947434   -0.76639166    h      1.000     0
          5.07247392   -7.63414262    2.18744813    h      1.000     0
          9.48361947   -9.75815586    5.50885968    h      1.000     0
         11.47544183   -7.07000948    5.37250668    h      1.000     0
          8.15731405   -6.69364955    5.80130765    h      1.000     0
         11.06616079   -9.48142304   -1.39674118    h      1.000     0
         13.13659046   -9.10432536    1.23209954    h      1.000     0
         10.81453563  -11.51352151    1.26788491    h      1.000     0
         -3.80151423   -3.50391128   -0.57775806    h      1.000     0
         -0.55030261   -4.18378372   -0.28564080    h      1.000     0
         -1.36766188   -6.29146405    3.91886320    h      1.000     0
         -4.61356035   -5.59934600    3.63999878    h      1.000     0
         -3.75124393  -10.07360916    2.33845520    h      1.000     0
         -4.86605365   -8.31829604   -0.30355143    h      1.000     0
         -1.59336189   -9.02072690   -0.01445376    h      1.000     0
         -0.58093110    8.42032406   -4.73786106    h      1.000     0
         -3.42889747   11.46363085   -6.73753636    h      1.000     0
         -8.11597686   11.09861513   -6.21540843    h      1.000     0
         -9.90829705    7.61456430   -3.63244951    h      1.000     0
 
       center of nuclear mass  :    9.08917653    0.66267617   -0.25213939
       center of nuclear charge:    8.87704902    0.57295554   -0.22376755

              +--------------------------------------------------+
              |               basis set information              |
              +--------------------------------------------------+

              we will work with the 1s 3p 5d 7f 9g ... basis set
              ...i.e. with spherical basis functions...

   type   atoms  prim   cont   basis
   ---------------------------------------------------------------------------
    c       45     43     23   aug-cc-pVDZ   [4s3p2d|18s5p2d]
    n        5     43     23   aug-cc-pVDZ   [4s3p2d|18s5p2d]
    o        2     43     23   aug-cc-pVDZ   [4s3p2d|18s5p2d]
    s        1     93     27   aug-cc-pVDZ   [5s4p2d|35s16p2d]
    h       47     11      9   aug-cc-pVDZ   [3s2p|5s2p]
   ---------------------------------------------------------------------------
   total:  100   2846   1646
   ---------------------------------------------------------------------------

   total number of primitive shells          :  135
   total number of contracted shells         :  714
   total number of cartesian basis functions : 1752
   total number of SCF-basis functions       : 1646


 integral neglect threshold       :  0.19E-11
 integral storage threshold THIZE :  0.10E-04
 integral storage threshold THIME :         5

 RI-J AUXILIARY BASIS SET information:

              we will work with the 1s 3p 5d 7f 9g ... basis set
              ...i.e. with spherical basis functions...

   type   atoms  prim   cont   basis
   ---------------------------------------------------------------------------
    c       45     70     49   aug-cc-pVDZ   [6s4p3d1f1g|12s5p4d2f1g]
    n        5     70     49   aug-cc-pVDZ   [6s4p3d1f1g|12s5p4d2f1g]
    o        2     70     49   aug-cc-pVDZ   [6s4p3d1f1g|12s5p4d2f1g]
    s        1     77     51   aug-cc-pVDZ   [8s4p3d1f1g|14s5p5d2f1g]
    h       47     16     11   aug-cc-pVDZ   [3s1p1d|5s2p1d]
   ---------------------------------------------------------------------------
   total:  100   4469   3116
   ---------------------------------------------------------------------------

   total number of primitive shells          :  107
   total number of contracted shells         : 1032
   total number of cartesian basis functions : 3799
   total number of SCF-basis functions       : 3116


 symmetry group of the molecule :   c1 

 the group has the following generators :
   c1(z)

    1 symmetry operations found

 there are 1 real representations :   a   

 maximum number of shells which are related by symmetry :  1

 ==============================================================================
                      COSMO switched on
 ==============================================================================
 COSMO stati: segments per atom: H   32 other atoms   92
 COSMO statistics: nps   3078 npspher:   1191
 COSMO surface:
   number of segments: 3078
   area (bohr**2):     2521.129339
   volume (bohr**3):   6199.144824
 COSMO: check number of disjunct cavities:

       ... OK contiguous cavity found
  
           ------------------
           density functional
           ------------------
 Name of XC-Functional: wB97X range-separated functional
 alpha=    0.15771
 beta =    0.84229
 omega=    0.30000
 [1] J.-D. Chai and M. Head-Gordon, J. Chem. Phys. 128, 084106 (2008)

 iterations will be done with small grid
  
 spherical integration : Lebedev's spherical grid
 spherical gridsize    :                     3
    i.e. gridpoints    :                   302
 value for diffuse not defined
 radial integration    : Chebyshev 2nd kind (scaling 3)
 radial gridsize       :                     3
 integration cells     :                   100
 partition function    : becke
 partition sharpness   :                     3
  

 biggest AO integral is expected to be     9.680754338

          ------------------------
          nuclear repulsion energy  :   6810.25645465    
          ------------------------

  _________________________________
 |                                 |
 |         DFTD3 V3.1 Rev 0        |
 | S.Grimme, University Bonn       |
 |            June  2014           |
 |   see standalone version        |
 |       dftd3 -h for options      |
 |_________________________________|
 
 Please cite DFT-D3 work done with this code as:
 S. Grimme, J. Antony, S. Ehrlich and H. Krieg,
 J. Chem. Phys, 132 (2010), 154104.
 If used with BJ-damping cite also
 S. Grimme, S. Ehrlich and L. Goerigk,
 J. Comput. Chem. 32 (2011), 1456-1465
 For DFT-D2 the reference is
 S. Grimme, J. Comput. Chem., 27 (2006), 1787-1799
 
C6 coefficients used:
                     2  C6 for element                      1
Z=  1 CN= 0.912     C6(AA)=    3.03
Z=  1 CN= 0.000     C6(AA)=    7.59
                     5  C6 for element                      6
Z=  6 CN= 0.000     C6(AA)=   49.11
Z=  6 CN= 0.987     C6(AA)=   43.25
Z=  6 CN= 1.998     C6(AA)=   29.36
Z=  6 CN= 2.999     C6(AA)=   25.78
Z=  6 CN= 3.984     C6(AA)=   18.21
                     4  C6 for element                      7
Z=  7 CN= 0.000     C6(AA)=   25.27
Z=  7 CN= 0.994     C6(AA)=   22.12
Z=  7 CN= 2.014     C6(AA)=   19.68
Z=  7 CN= 2.990     C6(AA)=   15.58
                     3  C6 for element                      8
Z=  8 CN= 0.000     C6(AA)=   15.51
Z=  8 CN= 0.993     C6(AA)=   12.82
Z=  8 CN= 1.989     C6(AA)=   10.37
                     3  C6 for element                     16
Z= 16 CN= 0.000     C6(AA)=  134.01
Z= 16 CN= 0.995     C6(AA)=  131.00
Z= 16 CN= 1.990     C6(AA)=  125.81

#           XYZ [au]              R0(AA) [Ang.]  CN          C6(AA)     C8(AA)   C10(AA) [au]
  1   9.48813   8.27959   3.51660   c   0.000  3.340        23.9       690.1     24450.5
  2  11.59347   7.11620   4.43269   c   0.000  3.342        23.8       689.5     24430.0
  3  -3.56361   6.17294  -2.97912   c   0.000  3.229        24.9       718.8     25465.7
  4  -6.27162   5.98037  -2.68035   c   0.000  3.226        24.9       719.4     25487.2
  5   1.91969   3.49914  -4.34446   c   0.000  4.069        18.3       528.6     18727.2
  6  10.46693   5.36946   0.91718   c   0.000  3.516        21.4       618.9     21926.8
  7  19.59419   2.97227  -3.69975   c   0.000  4.058        18.3       528.8     18733.7
  8   2.11348   6.25451  -0.35105   c   0.000  4.070        18.3       528.6     18726.6
  9  -7.31334   3.99210  -1.19949   c   0.000  3.162        25.2       729.2     25836.2
 10  -2.03890   4.32487  -1.75857   c   0.000  3.356        23.7       684.9     24263.7
 11   0.83243   3.97447  -1.66946   c   0.000  4.160        18.2       527.6     18690.7
 12  19.85699   3.86803   1.03321   c   0.000  4.059        18.3       528.7     18733.1
 13  -3.15776   2.43779  -0.32390   c   0.000  3.364        23.6       681.8     24154.1
 14  20.48313   2.02234  -1.11124   c   0.000  4.198        18.2       527.3     18681.8
 15  -5.80500   2.22481  -0.02052   c   0.000  3.136        25.3       732.4     25947.3
 16   1.08198   1.57872  -0.02012   c   0.000  3.324        24.0       695.3     24634.8
 17   5.76452   0.85233  -0.00514   c   0.000  3.143        25.3       731.6     25918.3
 18  10.40137   0.25178  -0.21081   c   0.000  3.177        25.1       727.4     25769.9
 19  15.03268  -0.31908  -0.39057   c   0.000  3.150        25.3       730.7     25888.3
 20  24.06913  -0.46395  -0.82197   c   0.000  3.339        23.9       690.6     24467.5
 21  26.64122  -0.94245  -0.87273   c   0.000  3.094        25.5       736.4     26088.3
 22  19.72715  -0.69904  -0.53724   c   0.000  3.283        24.4       706.9     25043.8
 23   3.23184   0.25498   0.65909   c   0.000  3.113        25.4       734.6     26027.1
 24   7.90977  -0.54857   0.54570   c   0.000  3.201        25.0       723.6     25637.6
 25  12.53870  -1.27195   0.03925   c   0.000  3.210        25.0       722.2     25585.3
 26  17.24600  -1.67584  -0.19496   c   0.000  3.113        25.4       734.7     26028.8
 27  21.93444  -2.11409  -0.37348   c   0.000  3.219        24.9       720.6     25531.6
 28  -1.89787  -1.31667   2.30212   c   0.000  4.095        18.3       528.2     18713.9
 29   7.80158  -3.02283   1.98440   c   0.000  4.131        18.2       527.8     18699.8
 30  12.26190  -4.01140   0.85083   c   0.000  4.129        18.3       527.8     18700.3
 31   9.54457  -5.02207   0.79082   c   0.000  4.143        18.2       527.7     18695.7
 32   9.24148  -7.74865   1.91432   c   0.000  4.048        18.3       528.9     18739.7
 33   6.57681  -8.75784   1.28910   c   0.000  4.083        18.3       528.4     18719.8
 34   9.61063  -7.80191   4.80414   c   0.000  4.075        18.3       528.5     18723.7
 35  11.17971  -9.54802   0.68360   c   0.000  4.083        18.3       528.4     18719.7
 36   8.79253   7.12780   1.27516   n   0.000  2.228        19.2       424.2     11463.0
 37  12.24792   5.26272   2.77036   o   0.000  2.157        10.4       209.5      5179.4
 38  10.75237   3.33332  -1.70142   s   0.000  2.340       125.8      6163.9    369922.9
 39  23.23545   1.88408  -1.24148   o   0.000  2.146        10.4       209.5      5179.9
 40  27.67704  -3.39834  -0.45496   c   0.000  2.104        29.3       847.2     30016.2
 41  -1.30396   0.85784   0.72660   n   0.000  3.239        15.6       344.0      9296.7
 42  28.36086   1.08358  -1.36360   c   0.000  2.112        29.3       846.8     30000.9
 43  21.97756  -4.74832   0.15690   c   0.000  2.083        29.3       848.3     30055.5
 44  28.60049  -5.36537  -0.12736   n   0.000  1.022        22.1       488.0     13188.1
 45  29.77787   2.71586  -1.75844   n   0.000  1.021        22.1       488.0     13188.6
 46  21.81756  -6.89332   0.60342   n   0.000  1.023        22.1       488.0     13187.6
 47  -2.27453  -3.77979   0.81742   c   0.000  4.046        18.3       529.0     18741.1
 48  -2.90140  -6.03349   2.52368   c   0.000  4.018        18.3       529.6     18761.9
 49  -3.29959  -8.49432   1.06026   c   0.000  4.006        18.3       529.9     18772.4
 50  -2.61234   8.20754  -4.47674   c   0.000  3.150        25.3       730.7     25888.9
 51  -4.21590   9.92607  -5.60387   c   0.000  3.121        25.4       733.9     26001.4
 52  -6.86997   9.72329  -5.30935   c   0.000  3.117        25.4       734.3     26016.0
 53  -7.86300   7.78865  -3.87618   c   0.000  3.155        25.2       730.2     25868.9
 54   8.42508   9.84714   4.31966   h   0.000  1.000         3.1        37.4       553.3
 55  12.76873   7.33817   6.10153   h   0.000  0.998         3.1        37.4       553.4
 56   1.56282   5.12734  -5.58274   h   0.000  0.998         3.1        37.4       553.4
 57   3.97094   3.18429  -4.28813   h   0.000  0.998         3.1        37.4       553.4
 58   1.03084   1.83328  -5.21704   h   0.000  0.997         3.1        37.4       553.5
 59  17.53925   3.27069  -3.72953   h   0.000  0.998         3.1        37.4       553.4
 60  20.53208   4.78011  -4.11925   h   0.000  0.997         3.1        37.4       553.5
 61  20.08963   1.61118  -5.19041   h   0.000  0.997         3.1        37.4       553.5
 62   4.17268   6.03458  -0.20047   h   0.000  0.998         3.1        37.4       553.4
 63   1.74593   8.00490  -1.40889   h   0.000  0.998         3.1        37.4       553.4
 64   1.34806   6.50988   1.56705   h   0.000  0.997         3.1        37.4       553.5
 65  -9.36728   3.87857  -1.00597   h   0.000  1.002         3.1        37.3       553.0
 66  17.80594   4.13708   1.22338   h   0.000  0.998         3.1        37.4       553.4
 67  20.60075   3.15989   2.84073   h   0.000  0.997         3.1        37.4       553.5
 68  20.73911   5.70824   0.63295   h   0.000  0.997         3.1        37.4       553.5
 69  -6.64519   0.71103   1.09844   h   0.000  1.002         3.1        37.3       553.0
 70   6.08025   2.58142  -1.07591   h   0.000  1.016         3.1        37.3       552.0
 71  15.14046   1.67826  -0.87353   h   0.000  1.015         3.1        37.3       552.0
 72   2.93624  -1.43691   1.79764   h   0.000  1.006         3.1        37.3       552.7
 73  17.16905  -3.68818   0.26221   h   0.000  1.006         3.1        37.3       552.8
 74  -0.38087  -1.53895   3.70839   h   0.000  1.002         3.1        37.3       553.1
 75  -3.61427  -0.86557   3.38874   h   0.000  1.002         3.1        37.3       553.1
 76   8.38573  -2.68548   3.96278   h   0.000  1.002         3.1        37.4       553.1
 77   5.85102  -3.71824   2.05791   h   0.000  1.004         3.1        37.3       552.9
 78  13.46934  -5.17010  -0.38320   h   0.000  1.003         3.1        37.3       553.0
 79  13.06824  -4.21224   2.76894   h   0.000  1.002         3.1        37.4       553.1
 80   8.99480  -5.17099  -1.22062   h   0.000  1.007         3.1        37.3       552.6
 81   6.36157 -10.71608   1.96494   h   0.000  0.997         3.1        37.4       553.5
 82   6.23395  -8.75947  -0.76639   h   0.000  0.996         3.1        37.4       553.5
 83   5.07247  -7.63414   2.18745   h   0.000  0.997         3.1        37.4       553.5
 84   9.48362  -9.75816   5.50886   h   0.000  0.997         3.1        37.4       553.5
 85  11.47544  -7.07001   5.37251   h   0.000  0.997         3.1        37.4       553.5
 86   8.15731  -6.69365   5.80131   h   0.000  0.997         3.1        37.4       553.5
 87  11.06616  -9.48142  -1.39674   h   0.000  0.996         3.1        37.4       553.5
 88  13.13659  -9.10433   1.23210   h   0.000  0.997         3.1        37.4       553.5
 89  10.81454 -11.51352   1.26788   h   0.000  0.997         3.1        37.4       553.5
 90  -3.80151  -3.50391  -0.57776   h   0.000  1.001         3.1        37.4       553.2
 91  -0.55030  -4.18378  -0.28564   h   0.000  1.001         3.1        37.4       553.2
 92  -1.36766  -6.29146   3.91886   h   0.000  1.000         3.1        37.4       553.2
 93  -4.61356  -5.59935   3.64000   h   0.000  1.000         3.1        37.4       553.2
 94  -3.75124 -10.07361   2.33846   h   0.000  0.996         3.1        37.4       553.6
 95  -4.86605  -8.31830  -0.30355   h   0.000  0.996         3.1        37.4       553.6
 96  -1.59336  -9.02073  -0.01445   h   0.000  0.996         3.1        37.4       553.6
 97  -0.58093   8.42032  -4.73786   h   0.000  1.004         3.1        37.3       552.9
 98  -3.42890  11.46363  -6.73754   h   0.000  1.002         3.1        37.4       553.1
 99  -8.11598  11.09862  -6.21541   h   0.000  1.001         3.1        37.4       553.1
100  -9.90830   7.61456  -3.63245   h   0.000  1.002         3.1        37.3       553.1

molecular C6(AA) [au] =    112312.95

           DFT-D V3(BJ)
 DF wb97x                                             
 parameters
 s6       :    1.0000
 s8       :    0.2641
 a1       :    0.0000
 a2       :    5.4959
 k1-k3    :   16.0000    1.3333   -4.0000
 
 Edisp /kcal,au:  -161.4114 -0.25722538

 E6    /kcal :  -133.9658
 E8    /kcal :   -27.4456
 % E8        : 17.00
 nuclear repulsion energy                  =    6810.256454651
  DFT-D3 Energy contribution               =      -0.257225380
 nuclear repulsion + dispersion correction =    6809.999229271


         -----------------
         -S,T+V- integrals
         -----------------

 1e-integrals will be neglected if expon. factor < 0.190751E-12
 
   Difference densities algorithm switched on.
   The maximal number of linear combinations of
   difference densities is                    20 .

 DIIS switched on: error vector is FDS-SDF
 Max. Iterations for DIIS is     :   4
 DIIS matrix (see manual) 
    Scaling factor of diagonals  :  1.200
    threshold for scaling factor :  0.000

 scf convergence criterion : increment of total energy < .1000000D-06
                  and increment of one-electron energy < .1000000D-03

 MOs are in ASCII format !


    mo occupation :
   irrep   mo's   occupied
    a     1646      192
 
 number of basis functions   :  1646
 number of occupied orbitals :   192
 

 reading orbital data $scfmo  from file mos
 orbital characterization : expanded
 virtual MOs provided and orthogonalized by Cholesky decomposition

 automatic virtual orbital shift switched on 
      shift if e(lumo)-e(homo) < 0.10000000    

  
           ------------------------
               RI-J - INFORMATION
           ------------------------
 Contributions to RI integral batches: 
  neglected integral batches:                 94577
  direct contribution:                       131418
  memory contribution:                 29260
 Memory core needed for (P|Q) and Cholesky     75 MByte
 Memory core minimum needed except of (P|Q)     4 MByte
 Total minimum memory core needed (sum)        78 MByte
  
 ****************************************
 Memory allocated for RI-J  1753 MByte
 ****************************************
                                            

 DSCF restart information will be dumped onto file mos


 Starting SCF iterations

          Overall gridpoints after grid construction =        129255

 ITERATION  ENERGY          1e-ENERGY        2e-ENERGY     NORM[dD(SAO)]  TOL
   1  -2557.3861102650    -16949.755765     7582.3704252    0.000D+00 0.190D-11
                            Exc = -232.119304059     Coul =  7914.68054863    
                            exK = -100.190819326    
                              N = 383.99493018    
                          Ediel =-0.210308892615    
                            current damping = 0.300
 
          max. resid. norm for Fia-block=  9.520D-01 for orbital      1a         
          max. resid. fock norm         =  1.644D+00 for orbital      1a         

 ITERATION  ENERGY          1e-ENERGY        2e-ENERGY     NORM[dD(SAO)]  TOL
   2  -2564.5065818391    -17027.493544     7652.9877330    0.377D+03 0.554D-12
                            Exc = -235.537881374      Eck =  7888.52561433    
                              N = 383.99654460    
                          Ediel =-0.492928326668E-01
                            current damping = 0.250
 
          Norm of current diis error:  3.8940    
          max. resid. norm for Fia-block=  2.276D-01 for orbital      1a         
          max. resid. fock norm         =  3.745D-01 for orbital      1a         

 ITERATION  ENERGY          1e-ENERGY        2e-ENERGY     NORM[dD(SAO)]  TOL
   3  -2565.1097255130    -17032.090724     7656.9817687    0.685D+02 0.465D-12
                            Exc = -236.801010006      Eck =  7893.78277875    
                              N = 383.99682772    
                          Ediel =-0.711223086970E-01
                            current damping = 0.150
 
          Norm of current diis error:  2.1542    
          max. resid. norm for Fia-block=  9.755D-02 for orbital    179a         
          max. resid. fock norm         =  1.086D-01 for orbital    179a         

 ITERATION  ENERGY          1e-ENERGY        2e-ENERGY     NORM[dD(SAO)]  TOL
   4  -2565.3682480589    -17036.178851     7660.8113739    0.202D+02 0.445D-12
                            Exc = -236.565786465      Eck =  7897.37716037    
                              N = 383.99677488    
                          Ediel =-0.350971055587E-01
                            current damping = 0.100
 
          Norm of current diis error: 0.92180    
          max. resid. norm for Fia-block=  3.732D-02 for orbital     66a         
          max. resid. fock norm         =  4.783D-02 for orbital     62a         

 ITERATION  ENERGY          1e-ENERGY        2e-ENERGY     NORM[dD(SAO)]  TOL
   5  -2565.4191085122    -17038.964605     7663.5462676    0.109D+02 0.442D-12
                            Exc = -236.821264453      Eck =  7900.36753207    
                              N = 383.99680461    
                          Ediel =-0.395525321600E-01
                            current damping = 0.100
 
          Norm of current diis error: 0.27931    
          max. resid. norm for Fia-block=  1.100D-02 for orbital     61a         
          max. resid. fock norm         =  1.399D-02 for orbital     61a         
          mo-orthogonalization: Cholesky decomposition

 ITERATION  ENERGY          1e-ENERGY        2e-ENERGY     NORM[dD(SAO)]  TOL
   6  -2565.4243809280    -17038.933452     7663.5098420    0.272D+01 0.442D-12
                            Exc = -236.827795784      Eck =  7900.33763778    
                              N = 383.99677877    
                          Ediel =-0.371311269915E-01
                            current damping = 0.150
 
          Norm of current diis error: 0.11493    
          max. resid. norm for Fia-block=  5.131D-03 for orbital    188a         
          max. resid. fock norm         =  5.253D-03 for orbital    188a         

 ITERATION  ENERGY          1e-ENERGY        2e-ENERGY     NORM[dD(SAO)]  TOL
   7  -2565.4256367633    -17039.026427     7663.6015606    0.111D+01 0.442D-12
                            Exc = -236.813131511      Eck =  7900.41469213    
                              N = 383.99676038    
                          Ediel =-0.366893505517E-01
                            current damping = 0.200
 
          Norm of current diis error: 0.46936E-01
          max. resid. norm for Fia-block=  3.237D-03 for orbital    192a         
          max. resid. fock norm         =  3.747D-03 for orbital    193a         

 ITERATION  ENERGY          1e-ENERGY        2e-ENERGY     NORM[dD(SAO)]  TOL
   8  -2565.4260214869    -17039.232716     7663.8074655    0.523D+00 0.442D-12
                            Exc = -236.820576588      Eck =  7900.62804212    
                              N = 383.99675257    
                          Ediel =-0.361623666898E-01
                            current damping = 0.100
 
          Norm of current diis error: 0.27757E-01
          max. resid. norm for Fia-block=  2.476D-03 for orbital    192a         
          max. resid. fock norm         =  2.800D-03 for orbital    193a         

 ITERATION  ENERGY          1e-ENERGY        2e-ENERGY     NORM[dD(SAO)]  TOL
   9  -2565.4262055266    -17039.245502     7663.8200671    0.324D+00 0.441D-12
                            Exc = -236.821735510      Eck =  7900.64180259    
                              N = 383.99674114    
                          Ediel =-0.359403325254E-01
                            current damping = 0.100
 
          Norm of current diis error: 0.21292E-01
          max. resid. norm for Fia-block=  1.683D-03 for orbital    192a         
          max. resid. fock norm         =  1.908D-03 for orbital    193a         

 ITERATION  ENERGY          1e-ENERGY        2e-ENERGY     NORM[dD(SAO)]  TOL
  10  -2565.4262946725    -17039.304030     7663.8785057    0.234D+00 0.440D-12
                            Exc = -236.818696056      Eck =  7900.69720172    
                              N = 383.99673550    
                          Ediel =-0.354873888387E-01
                            current damping = 0.100
 
          Norm of current diis error: 0.16390E-01
          max. resid. norm for Fia-block=  1.623D-03 for orbital    192a         
          max. resid. fock norm         =  1.804D-03 for orbital    193a         
          mo-orthogonalization: Cholesky decomposition

 ITERATION  ENERGY          1e-ENERGY        2e-ENERGY     NORM[dD(SAO)]  TOL
  11  -2565.4263563727    -17039.335147     7663.9095610    0.213D+00 0.439D-12
                            Exc = -236.821268389      Eck =  7900.73082936    
                              N = 383.99673020    
                          Ediel =-0.354005778185E-01
                            current damping = 0.100
 
          Norm of current diis error: 0.10569E-01
          max. resid. norm for Fia-block=  1.586D-03 for orbital    192a         
          max. resid. fock norm         =  1.733D-03 for orbital    193a         

 ITERATION  ENERGY          1e-ENERGY        2e-ENERGY     NORM[dD(SAO)]  TOL
  12  -2565.4263926718    -17039.365068     7663.9394464    0.208D+00 0.436D-12
                            Exc = -236.821088275      Eck =  7900.76053464    
                              N = 383.99672437    
                          Ediel =-0.351323975979E-01
                            current damping = 0.100
 
          Norm of current diis error: 0.60603E-02
          max. resid. norm for Fia-block=  9.125D-04 for orbital    192a         
          max. resid. fock norm         =  9.990D-04 for orbital    193a         

 ITERATION  ENERGY          1e-ENERGY        2e-ENERGY     NORM[dD(SAO)]  TOL
  13  -2565.4264045184    -17039.371723     7663.9460891    0.236D+00 0.428D-12
                            Exc = -236.820577597      Eck =  7900.76666670    
                              N = 383.99672145    
                          Ediel =-0.350394772024E-01
                            current damping = 0.100
 
          Norm of current diis error: 0.36887E-02
          max. resid. norm for Fia-block=  6.499D-04 for orbital    192a         
          max. resid. fock norm         =  1.125D-03 for orbital   1618a         

 ITERATION  ENERGY          1e-ENERGY        2e-ENERGY     NORM[dD(SAO)]  TOL
  14  -2565.4264090850    -17039.386189     7663.9605503    0.281D+00 0.414D-12
                            Exc = -236.821092022      Eck =  7900.78164234    
                              N = 383.99671937    
                          Ediel =-0.349473374103E-01
                            current damping = 0.100
 
          Norm of current diis error: 0.21379E-02
          max. resid. norm for Fia-block=  3.178D-04 for orbital    192a         
          max. resid. fock norm         =  1.458D-03 for orbital   1618a         

 ITERATION  ENERGY          1e-ENERGY        2e-ENERGY     NORM[dD(SAO)]  TOL
  15  -2565.4264102365    -17039.386145     7663.9605053    0.155D+00 0.397D-12
                            Exc = -236.820998481      Eck =  7900.78150376    
                              N = 383.99671811    
                          Ediel =-0.349233412446E-01
                            current damping = 0.150
 
          Norm of current diis error: 0.12145E-02
          max. resid. norm for Fia-block=  1.578D-04 for orbital    192a         
          max. resid. fock norm         =  1.677D-03 for orbital   1637a         
          mo-orthogonalization: Cholesky decomposition

 ITERATION  ENERGY          1e-ENERGY        2e-ENERGY     NORM[dD(SAO)]  TOL
  16  -2565.4264104154    -17039.388087     7663.9624469    0.103D+03 0.543D-12
                            Exc = -236.820877396      Eck =  7900.78332427    
                              N = 383.99671768    
                          Ediel =-0.348984602147E-01
                            current damping = 0.200
 
          Norm of current diis error: 0.69441E-03
          max. resid. norm for Fia-block=  5.455D-05 for orbital    192a         
          max. resid. fock norm         =  3.829D-03 for orbital   1618a         

 ENERGY CONVERGED !

          Overall gridpoints after grid construction =        474057

 ITERATION  ENERGY          1e-ENERGY        2e-ENERGY     NORM[dD(SAO)]  TOL
  17  -2565.3988752680    -17039.388020     7663.9899158    0.333D+01 0.543D-12
                            Exc = -236.793457469      Eck =  7900.78337328    
                              N = 383.99968727    
                          Ediel =-0.349002340673E-01
                            current damping = 0.250
 
          Norm of current diis error: 0.40752E-03
          max. resid. norm for Fia-block=  2.755D-05 for orbital    192a         
          max. resid. fock norm         =  2.830D-03 for orbital   1618a         

 End of SCF iterations

   convergence criteria satisfied after    17 iterations


   *************************************************************************
   b3                                                                       
   *************************************************************************


                  ------------------------------------------ 
                 |  total energy      =  -2565.39887526804  |
                  ------------------------------------------ 
                 :  kinetic energy    =   2548.86360537722  :
                 :  potential energy  =  -5114.26248064527  :
                 :  virial theorem    =      1.99355450334  :
                 :  wavefunction norm =      1.00000000000  :
                  .......................................... 


 <geterg> : there is no data group $energy 


 <skperg> : $end is missing 


 orbitals $scfmo  will be written to file mos

    irrep                188a        189a        190a        191a        192a   
 eigenvalues H         -0.34697    -0.34015    -0.32690    -0.30598    -0.25515
            eV          -9.4415     -9.2560     -8.8954     -8.3263     -6.9430
 occupation              2.0000      2.0000      2.0000      2.0000      2.0000

    irrep                193a        194a        195a        196a        197a   
 eigenvalues H         -0.06508     0.00658     0.01741     0.03366     0.03785
            eV          -1.7709      0.1791      0.4738      0.9159      1.0299
 
 ==============================================================================
                                  COSMO RESULTS
 ==============================================================================
  PARAMETER:
    nppa:      1082
    nspa:        92
    nsph:        32
    nps:       3078
    npspher:   1191
    disex:   10.0000    
    disex2:  4320.61    
    rsolv [A]: 1.3000
    routf:     0.8500
    phsran:    0.0    
    ampran:   0.10E-04
    cavity:  closed
    epsilon:     4.800
    refind:     1.300
    fepsi:      0.7169811
  CAVITY VOLUME/AREA [a.u.]:
    surface: V1.0, A matrix: V1.0
    area:  2521.13
    volume:  6199.14
  SCREENING CHARGE:
    cosmo      :  -0.061102
    correction :   0.059650
    total      :  -0.001451
  ENERGIES [a.u.]:
    Total energy            =   -2565.3988752680416
    Total energy + OC corr. =    -2565.3988914773
    Dielectric energy       =       -0.0349002341
    Diel. energy + OC corr. =       -0.0349164433
  ELEMENT RADIUS [A]: ATOM LIST
    c  2.00: 1-35,40,42,43,47-53
    n  1.83: 36,41,44-46
    o  1.72: 37,39
    s  2.16: 38
    h  1.30: 54-100
 ==============================================================================
 
 
 
 ==============================================================================
                           electrostatic moments
 ==============================================================================

 reference point for electrostatic moments:    0.00000   0.00000   0.00000

 
              nuc           elec       ->  total
 ------------------------------------------------------------------------------
                          charge      
 ------------------------------------------------------------------------------
         384.000000    -384.000000      -0.000000
 
 ------------------------------------------------------------------------------
                       dipole moment  
 ------------------------------------------------------------------------------
   x    3408.786824   -3418.970553     -10.183729
   y     220.014926    -217.641402       2.373524
   z     -85.926739      87.106923       1.180184
 
   | dipole moment | =    10.5231 a.u. =    26.7470 debye 
 
 ------------------------------------------------------------------------------
                     quadrupole moment
 ------------------------------------------------------------------------------
  xx   73756.605868  -74327.091785    -570.485917
  yy   10602.380857  -10851.309466    -248.928609
  zz    2118.903694   -2351.440511    -232.536817
  xy   -3536.724948    3596.603958      59.879010
  xz     571.951088    -557.886465      14.064623
  yz   -2273.038137    2275.216767       2.178630
 
     1/3  trace=    -350.650448
     anisotropy=     346.847029
 
 ==============================================================================
 
HOMO-LUMO Separation
 HOMO         :   -0.25515004 H =     -6.94299 eV
 LUMO         :   -0.06507775 H =     -1.77086 eV
 HOMO-LUMO gap:    0.19007228 H =     +5.17213 eV
 
 ==============================================================================


    ------------------------------------------------------------------------
         total  cpu-time :   1 days  2 hours 21 minutes and  7 seconds
         total wall-time :   1 days  2 hours 24 minutes and 13 seconds
    ------------------------------------------------------------------------

   ****  ridft : all done  ****


    2025-07-29 13:49:15.871 

 ridft ended normally
