
 eiger (nano22.int-nano.int.kit.edu) : TURBOMOLE rev. V7-6 19 Oct 2021 at 10:10:11 compiled Oct 19th 2021
 Copyright (C) 2021 TURBOMOLE GmbH, Karlsruhe


    2025-03-22 18:42:02.299 

 tcf1-wb97x                                                                     
  
Total energy =  -1067.0848775780 H =    -29036.8585199 eV
 
 HOMO-LUMO Separation
   HOMO:    87.    87 a     -0.28459768 H =     -7.74430 eV
   LUMO:    88.    88 a     -0.05205109 H =     -1.41638 eV
   Gap :                    +0.23254659 H =     +6.32791 eV
 
Number of MOs=    737, Electrons=    174.00, Symmetry: c1   
 
   Nr.   Orbital    Occupation       Energy
  104.   104 a                     +0.082343 H =        +2.241 eV
  103.   103 a                     +0.074996 H =        +2.041 eV
  102.   102 a                     +0.074385 H =        +2.024 eV
  101.   101 a                     +0.070308 H =        +1.913 eV
  100.   100 a                     +0.067076 H =        +1.825 eV
   99.    99 a                     +0.063312 H =        +1.723 eV
   98.    98 a                     +0.062488 H =        +1.700 eV
   97.    97 a                     +0.058790 H =        +1.600 eV
   96.    96 a                     +0.055449 H =        +1.509 eV
   95.    95 a                     +0.054186 H =        +1.474 eV
   94.    94 a                     +0.052297 H =        +1.423 eV
   93.    93 a                     +0.046760 H =        +1.272 eV
   92.    92 a                     +0.046366 H =        +1.262 eV
   91.    91 a                     +0.040782 H =        +1.110 eV
   90.    90 a                     +0.034186 H =        +0.930 eV
   89.    89 a                     +0.031343 H =        +0.853 eV
   88.    88 a                     -0.052051 H =        -1.416 eV
   87.    87 a        2.000        -0.284598 H =        -7.744 eV
   86.    86 a        2.000        -0.335711 H =        -9.135 eV
   85.    85 a        2.000        -0.370287 H =       -10.076 eV
   84.    84 a        2.000        -0.374112 H =       -10.180 eV
   83.    83 a        2.000        -0.418763 H =       -11.395 eV
   82.    82 a        2.000        -0.444048 H =       -12.083 eV
   81.    81 a        2.000        -0.446559 H =       -12.152 eV
   80.    80 a        2.000        -0.455781 H =       -12.402 eV
   79.    79 a        2.000        -0.456334 H =       -12.417 eV
   78.    78 a        2.000        -0.463119 H =       -12.602 eV
   77.    77 a        2.000        -0.464670 H =       -12.644 eV
   76.    76 a        2.000        -0.471908 H =       -12.841 eV
   75.    75 a        2.000        -0.477502 H =       -12.993 eV
   74.    74 a        2.000        -0.489318 H =       -13.315 eV
   73.    73 a        2.000        -0.493088 H =       -13.418 eV
   72.    72 a        2.000        -0.493385 H =       -13.426 eV


    ------------------------------------------------------------------------
         total  cpu-time :   0.23 seconds
         total wall-time :   0.24 seconds
    ------------------------------------------------------------------------

   ****  eiger : all done  ****


    2025-03-22 18:42:02.519 

