
 eiger (nano18.int-nano.int.kit.edu) : TURBOMOLE rev. V7-6 19 Oct 2021 at 10:10:11 compiled Oct 19th 2021
 Copyright (C) 2021 TURBOMOLE GmbH, Karlsruhe


    2025-04-10 07:20:13.746 

 cam                                                                            
  
Total energy =  -1108.5811004200 H =    -30166.0282580 eV
 
 HOMO-LUMO Separation
   HOMO:    90.    90 a     -0.23219951 H =     -6.31847 eV
   LUMO:    91.    91 a     -0.06745190 H =     -1.83546 eV
   Gap :                    +0.16474761 H =     +4.48301 eV
 
Number of MOs=    760, Electrons=    180.00, Symmetry: c1   
 
   Nr.   Orbital    Occupation       Energy
  107.   107 a                     +0.050159 H =        +1.365 eV
  106.   106 a                     +0.047499 H =        +1.293 eV
  105.   105 a                     +0.043916 H =        +1.195 eV
  104.   104 a                     +0.041453 H =        +1.128 eV
  103.   103 a                     +0.036306 H =        +0.988 eV
  102.   102 a                     +0.033770 H =        +0.919 eV
  101.   101 a                     +0.027754 H =        +0.755 eV
  100.   100 a                     +0.024537 H =        +0.668 eV
   99.    99 a                     +0.021499 H =        +0.585 eV
   98.    98 a                     +0.019463 H =        +0.530 eV
   97.    97 a                     +0.014929 H =        +0.406 eV
   96.    96 a                     +0.013181 H =        +0.359 eV
   95.    95 a                     +0.010010 H =        +0.272 eV
   94.    94 a                     -0.001713 H =        -0.047 eV
   93.    93 a                     -0.007393 H =        -0.201 eV
   92.    92 a                     -0.024834 H =        -0.676 eV
   91.    91 a                     -0.067452 H =        -1.835 eV
   90.    90 a        2.000        -0.232200 H =        -6.318 eV
   89.    89 a        2.000        -0.279131 H =        -7.596 eV
   88.    88 a        2.000        -0.295520 H =        -8.042 eV
   87.    87 a        2.000        -0.323028 H =        -8.790 eV
   86.    86 a        2.000        -0.336585 H =        -9.159 eV
   85.    85 a        2.000        -0.355725 H =        -9.680 eV
   84.    84 a        2.000        -0.362400 H =        -9.861 eV
   83.    83 a        2.000        -0.369288 H =       -10.049 eV
   82.    82 a        2.000        -0.373487 H =       -10.163 eV
   81.    81 a        2.000        -0.385167 H =       -10.481 eV
   80.    80 a        2.000        -0.390043 H =       -10.614 eV
   79.    79 a        2.000        -0.403103 H =       -10.969 eV
   78.    78 a        2.000        -0.410397 H =       -11.167 eV
   77.    77 a        2.000        -0.423267 H =       -11.518 eV
   76.    76 a        2.000        -0.426071 H =       -11.594 eV
   75.    75 a        2.000        -0.448603 H =       -12.207 eV


    ------------------------------------------------------------------------
         total  cpu-time :   0.29 seconds
         total wall-time :   0.31 seconds
    ------------------------------------------------------------------------

   ****  eiger : all done  ****


    2025-04-10 07:20:14.040 

