
 ridft (nano18.int-nano.int.kit.edu) : TURBOMOLE rev. V7-6 19 Oct 2021 at 10:10:11 compiled Oct 19th 2021
 Copyright (C) 2021 TURBOMOLE GmbH, Karlsruhe


    2025-04-10 05:11:12.697 



                                  r i d f t

                        DFT program with RI approximation 
                                for coulomb part 




                                                 
                                 References:     
                                                 
          TURBOMOLE:                             
              R. Ahlrichs, M. Baer, M. Haeser, H. Horn, and
              C. Koelmel
              Electronic structure calculations on workstation
              computers: the program system TURBOMOLE
              Chem. Phys. Lett. 162: 165 (1989)
          Density Functional:                              
              O. Treutler and R. Ahlrichs                      
              Efficient Molecular Numerical Integration Schemes
              J. Chem. Phys. 102: 346 (1995)                   
          Parallel Version:                                
              Performance of parallel TURBOMOLE for Density    
              Functional Calculations                          
              M. v. Arnim and R. Ahlrichs                      
              J. Comp. Chem. 19: 1746 (1998)                   
          RI-J Method:                                     
              Auxiliary Basis Sets to approximate Coulomb      
              Potentials                                       
              Chem. Phys. Lett. 240: 283 (1995)                
              K. Eichkorn, O. Treutler, H. Oehm, M. Haeser     
              and R. Ahlrichs                                  
              Chem. Phys. Lett. 242: 652 (1995)                
                                                           
              Auxiliary Basis Sets for Main Row Atoms and their
              Use to approximate Coulomb Potentials            
              K. Eichkorn, F. Weigend, O. Treutler and         
              R. Ahlrichs                                      
              Theo. Chem. Acc. 97: 119 (1997)                   
                                                           
              Accurate Coulomb-fitting basis sets for H to Rn 
              F. Weigend                                        
              Phys. Chem. Chem. Phys. 8: 1057 (2006)            
                                                           
          Multipole accelerated RI-J (MARI-J):             
              Fast evaluation of the Coulomb potential for     
              electron densities using multipole accelerated   
              resolution of identity approximation             
              M. Sierka, A. Hogekamp and R. Ahlrichs           
              J. Chem. Phys. 118: 9136 (2003)                  
          RI-JK Method:                                     
              A fully direct RI-HF algorithm: Implementation,
              optimised auxiliary basis sets, demonstration of
              accuracy and efficiency                         
              F. Weigend                                      
              Phys. Chem. Chem. Phys. 4: 4285 (2002)           
          Two-component HF and DFT with spin-orbit coupling:  
              Self-consistent treatment of spin-orbit         
              interactions with efficient Hartree-Fock and    
              density functional methods                      
              M. K. Armbruster, F. Weigend, C. van Wüllen and 
              W. Klopper                                      
              Phys. Chem. Chem. Phys. 10: 1748 (2008)         
          Two-component difference density and DIIS algorithm 
              Efficient two-component self-consistent field   
              procedures and gradients: implementation in     
              TURBOMOLE and application to Au20-              
              A. Baldes, F. Weigend                           
              Mol. Phys. 111: 2617 (2013)                     
          Relativistic all-electron 2c calculations           
              An efficient implementation of two-component    
              relativistic exact-decoupling methods for large 
              molecules                                       
              D. Peng, N. Middendorf, F. Weigend, M. Reiher   
              J. Chem. Phys. 138: 184105 (2013)               
          Finite nucleus model and SNSO approximation         
              Efficient implementation of one- and two-       
              component analytical energy gradients in exact  
              two-component theory                            
              Y. J. Franzke, N. Middendorf, F. Weigend        
              J. Chem. Phys. 148: 104110 (2018)               
          Grids for all-electron relativistic methods         
              Error-consistent segmented contracted all-      
              electron relativistic basis sets of double-     
              and triple-zeta quality for NMR shielding       
              constants                                       
              Y. J. Franzke, R. Tress, T. M. Pazdera,         
              F. Weigend                                      
              Phys. Chem. Chem. Phys. 21: 166658 (2019)       
          Seminumerical exchange algorithms                   
              Seminumerical calculation of the Hartree-Fock   
              exchange matirx: Application to two-component   
              procedures and efficient evaluation of local    
              hybrid functionsl                               
               P. Plessow, F. Weigend,                        
              J. Comput. Chem. 33: 810 (2012)                 
          Improved seminumerical algorithms                   
              C. Holzer,                                      
              J. Chem. Phys. 153 (2020), 184115               
                                         




              +--------------------------------------------------+
              |      general information about current run       |
              +--------------------------------------------------+

 
 Libxc version: 5.1.4
 S. Lehtola, C. Steigemann, M.J.T. Oliveira, and M.A.L. Marques, Software X 7, 1 (2018)
 M.A.L. Marques, M.J.T. Oliveira, and T. Burnus, Comput. Phys. Commun. 183, 2272 (2012)
 TURBOMOLE integration by Christof Holzer

 Name of XC-Functional: CAM version of B3LYP
 alpha=    0.19000
 beta =    0.46000
 omega=    0.33000
 [1] T. Yanai, D. P. Tew, and N. C. Handy, Chem. Phys. Lett. 393, 51 (2004)
 A Hybrid-DFT calculation using the RI-J approximation will be carried out.
 Allocatable memory for RI due to $ricore (MB):                  2000

   *************************************************************************
   cam                                                                      
   *************************************************************************




              +--------------------------------------------------+
              | Atomic coordinate, charge and isotop information |
              +--------------------------------------------------+

                    atomic coordinates            atom    charge  isotop
         -3.36595242    7.00398816   -0.23076581    c      6.000     0
         -0.98564081    8.21069442   -0.35336191    c      6.000     0
          1.25128066    6.86375007   -0.31434503    c      6.000     0
          1.23719798    4.20131336   -0.14303543    c      6.000     0
          3.52655627    2.76480254   -0.12373216    c      6.000     0
          3.49551593    0.18690014    0.04818482    c      6.000     0
          1.18011380   -1.21229421    0.23591983    c      6.000     0
          1.13402115   -3.91435723    0.44317684    c      6.000     0
         -1.25400725   -5.10898657    0.56575335    c      6.000     0
         -3.49825946   -3.76385194    0.46997715    c      6.000     0
         -3.50550688   -1.10861649    0.28808263    c      6.000     0
         -5.79333698    0.32640250    0.23294186    c      6.000     0
         -5.77688486    2.90433837    0.07208494    c      6.000     0
         -3.45352212    4.30298262   -0.05555764    c      6.000     0
         -1.12528636    2.89750326   -0.00512912    c      6.000     0
         -1.14302760    0.19028626    0.17674742    c      6.000     0
         -5.67930097    8.48623284   -0.28481018    c      6.000     0
          3.46304206   -5.38914138    0.55111679    c      6.000     0
         -5.89513920   11.02096470   -0.43129784    c      6.000     0
          3.63155485   -7.89279025   -0.04202658    c      6.000     0
          5.70373259   -9.42080350    0.20539405    n      7.000     0
          5.83527610  -11.76938076   -1.20070666    c      6.000     0
          8.05085432   -8.40470002    1.17170071    c      6.000     0
         -8.37284631   12.19942105   -0.46617697    n      7.000     0
         -8.38639420   14.51383936   -0.59688547    o      8.000     0
        -10.27043053   10.87542766   -0.36694688    o      8.000     0
         -0.90352497   10.26781026   -0.48765262    h      1.000     0
          3.06031800    7.85568588   -0.41921852    h      1.000     0
          5.32372665    3.77466523   -0.26536861    h      1.000     0
          5.28817213   -0.82789481    0.01606743    h      1.000     0
         -1.34046706   -7.15599697    0.81301079    h      1.000     0
         -5.30242132   -4.76610791    0.58484508    h      1.000     0
         -7.59296109   -0.68617059    0.32425658    h      1.000     0
         -7.57835796    3.90055937    0.03863572    h      1.000     0
         -7.49034653    7.50384015   -0.20073567    h      1.000     0
          5.17674239   -4.40609514    1.13385829    h      1.000     0
         -4.39331289   12.42079810   -0.53331020    h      1.000     0
          1.97856569   -8.87595855   -0.80429421    h      1.000     0
          3.91686222  -12.47758155   -1.57416845    h      1.000     0
          6.80891784  -11.55506712   -3.04399542    h      1.000     0
          6.85545329  -13.21718326   -0.10349818    h      1.000     0
          9.35733899   -9.96194804    1.60463570    h      1.000     0
          8.99517739   -7.11957896   -0.18846843    h      1.000     0
          7.70760170   -7.33751836    2.92620953    h      1.000     0
 
       center of nuclear mass  :   -1.19719304    1.55315391   -0.01866557
       center of nuclear charge:   -1.05607567    1.35931644   -0.01827679

              +--------------------------------------------------+
              |               basis set information              |
              +--------------------------------------------------+

              we will work with the 1s 3p 5d 7f 9g ... basis set
              ...i.e. with spherical basis functions...

   type   atoms  prim   cont   basis
   ---------------------------------------------------------------------------
    c       22     43     23   aug-cc-pVDZ   [4s3p2d|18s5p2d]
    n        2     43     23   aug-cc-pVDZ   [4s3p2d|18s5p2d]
    o        2     43     23   aug-cc-pVDZ   [4s3p2d|18s5p2d]
    h       18     11      9   aug-cc-pVDZ   [3s2p|5s2p]
   ---------------------------------------------------------------------------
   total:   44   1316    760
   ---------------------------------------------------------------------------

   total number of primitive shells          :   82
   total number of contracted shells         :  324
   total number of cartesian basis functions :  812
   total number of SCF-basis functions       :  760


 integral neglect threshold       :  0.41E-11
 integral storage threshold THIZE :  0.10E-04
 integral storage threshold THIME :         5

 RI-J AUXILIARY BASIS SET information:

              we will work with the 1s 3p 5d 7f 9g ... basis set
              ...i.e. with spherical basis functions...

   type   atoms  prim   cont   basis
   ---------------------------------------------------------------------------
    c       22     70     49   aug-cc-pVDZ   [6s4p3d1f1g|12s5p4d2f1g]
    n        2     70     49   aug-cc-pVDZ   [6s4p3d1f1g|12s5p4d2f1g]
    o        2     70     49   aug-cc-pVDZ   [6s4p3d1f1g|12s5p4d2f1g]
    h       18     16     11   aug-cc-pVDZ   [3s1p1d|5s2p1d]
   ---------------------------------------------------------------------------
   total:   44   2108   1472
   ---------------------------------------------------------------------------

   total number of primitive shells          :   80
   total number of contracted shells         :  480
   total number of cartesian basis functions : 1802
   total number of SCF-basis functions       : 1472


 symmetry group of the molecule :   c1 

 the group has the following generators :
   c1(z)

    1 symmetry operations found

 there are 1 real representations :   a   

 maximum number of shells which are related by symmetry :  1

  
           ------------------
           density functional
           ------------------
 Name of XC-Functional: CAM version of B3LYP
 alpha=    0.19000
 beta =    0.46000
 omega=    0.33000
 [1] T. Yanai, D. P. Tew, and N. C. Handy, Chem. Phys. Lett. 393, 51 (2004)

 iterations will be done with small grid
  
 spherical integration : Lebedev's spherical grid
 spherical gridsize    :                     3
    i.e. gridpoints    :                   302
 value for diffuse not defined
 radial integration    : Chebyshev 2nd kind (scaling 3)
 radial gridsize       :                     3
 integration cells     :                    44
 partition function    : becke
 partition sharpness   :                     3
  

 biggest AO integral is expected to be     4.738267915

          ------------------------
          nuclear repulsion energy  :   2038.66343137    
          ------------------------


         -----------------
         -S,T+V- integrals
         -----------------

 1e-integrals will be neglected if expon. factor < 0.411572E-12
 
   Difference densities algorithm switched on.
   The maximal number of linear combinations of
   difference densities is                    20 .

 DIIS switched on: error vector is FDS-SDF
 Max. Iterations for DIIS is     :   4
 DIIS matrix (see manual) 
    Scaling factor of diagonals  :  1.200
    threshold for scaling factor :  0.000

 scf convergence criterion : increment of total energy < .1000000D-06
                  and increment of one-electron energy < .1000000D-03

 MOs are in ASCII format !


    mo occupation :
   irrep   mo's   occupied
    a      760       90
 
 number of basis functions   :   760
 number of occupied orbitals :    90
 

 reading orbital data $scfmo  from file mos
 orbital characterization : expanded
 virtual MOs provided and orthogonalized by Cholesky decomposition

 automatic virtual orbital shift switched on 
      shift if e(lumo)-e(homo) < 0.10000000    

  
           ------------------------
               RI-J - INFORMATION
           ------------------------
 Contributions to RI integral batches: 
  neglected integral batches:                 12082
  direct contribution:                        10865
  memory contribution:                 29703
 Memory core needed for (P|Q) and Cholesky     17 MByte
 Memory core minimum needed except of (P|Q)     2 MByte
 Total minimum memory core needed (sum)        19 MByte
  
 ****************************************
 Memory allocated for RI-J  1960 MByte
 ****************************************
                                            

 DSCF restart information will be dumped onto file mos


 Starting SCF iterations

          Overall gridpoints after grid construction =         59771

 ITERATION  ENERGY          1e-ENERGY        2e-ENERGY     NORM[dD(SAO)]  TOL
   1  -1104.9258454770    -5512.2898193     2368.7005425    0.000D+00 0.411D-11
                            Exc = -111.461377258     Coul =  2521.93720393    
                            exK = -41.7752841937    
                              N = 179.99619670    
                            current damping = 0.300
 
          max. resid. norm for Fia-block=  3.462D-01 for orbital     52a         
          max. resid. fock norm         =  1.566D+00 for orbital    708a         

 ITERATION  ENERGY          1e-ENERGY        2e-ENERGY     NORM[dD(SAO)]  TOL
   2  -1108.1708729689    -5550.0214074     2403.1871030    0.336D+03 0.920D-12
                            Exc = -113.493533599      Eck =  2516.68063664    
                              N = 179.99751033    
                            current damping = 0.250
 
          Norm of current diis error:  2.7072    
          max. resid. norm for Fia-block=  1.938D-01 for orbital     27a         
          max. resid. fock norm         =  2.741D-01 for orbital     27a         

 ITERATION  ENERGY          1e-ENERGY        2e-ENERGY     NORM[dD(SAO)]  TOL
   3  -1108.4189337896    -5549.9691093     2402.8867441    0.893D+02 0.885D-12
                            Exc = -113.934710664      Eck =  2516.82145477    
                              N = 179.99754574    
                            current damping = 0.200
 
          Norm of current diis error:  1.6385    
          max. resid. norm for Fia-block=  9.018D-02 for orbital     68a         
          max. resid. fock norm         =  1.063D-01 for orbital     27a         

 ITERATION  ENERGY          1e-ENERGY        2e-ENERGY     NORM[dD(SAO)]  TOL
   4  -1108.5669022817    -5549.9470876     2402.7167540    0.175D+02 0.879D-12
                            Exc = -113.806622170      Eck =  2516.52337614    
                              N = 179.99743914    
                            current damping = 0.100
 
          Norm of current diis error: 0.49497    
          max. resid. norm for Fia-block=  2.191D-02 for orbital     27a         
          max. resid. fock norm         =  3.064D-02 for orbital     27a         

 ITERATION  ENERGY          1e-ENERGY        2e-ENERGY     NORM[dD(SAO)]  TOL
   5  -1108.5803778564    -5552.3750805     2405.1312713    0.752D+01 0.867D-12
                            Exc = -113.950649648      Eck =  2519.08192092    
                              N = 179.99743952    
                            current damping = 0.150
 
          Norm of current diis error: 0.16168    
          max. resid. norm for Fia-block=  5.314D-03 for orbital     86a         
          max. resid. fock norm         =  9.928D-03 for orbital     34a         
          mo-orthogonalization: Cholesky decomposition

 ITERATION  ENERGY          1e-ENERGY        2e-ENERGY     NORM[dD(SAO)]  TOL
   6  -1108.5818407965    -5551.6839301     2404.4386580    0.275D+01 0.870D-12
                            Exc = -113.932591276      Eck =  2518.37124924    
                              N = 179.99743247    
                            current damping = 0.200
 
          Norm of current diis error: 0.68553E-01
          max. resid. norm for Fia-block=  2.435D-03 for orbital     90a         
          max. resid. fock norm         =  3.498D-03 for orbital     89a         

 ITERATION  ENERGY          1e-ENERGY        2e-ENERGY     NORM[dD(SAO)]  TOL
   7  -1108.5821704197    -5551.7127237     2404.4671219    0.108D+01 0.869D-12
                            Exc = -113.925355898      Eck =  2518.39247784    
                              N = 179.99741495    
                            current damping = 0.250
 
          Norm of current diis error: 0.28584E-01
          max. resid. norm for Fia-block=  1.404D-03 for orbital     90a         
          max. resid. fock norm         =  2.140D-03 for orbital     85a         

 ITERATION  ENERGY          1e-ENERGY        2e-ENERGY     NORM[dD(SAO)]  TOL
   8  -1108.5822510504    -5551.7720401     2404.5263576    0.338D+00 0.869D-12
                            Exc = -113.928864152      Eck =  2518.45522180    
                              N = 179.99741084    
                            current damping = 0.100
 
          Norm of current diis error: 0.14856E-01
          max. resid. norm for Fia-block=  1.031D-03 for orbital     83a         
          max. resid. fock norm         =  1.565D-03 for orbital     28a         

 ITERATION  ENERGY          1e-ENERGY        2e-ENERGY     NORM[dD(SAO)]  TOL
   9  -1108.5822712376    -5551.7554358     2404.5097332    0.208D+00 0.869D-12
                            Exc = -113.930139058      Eck =  2518.43987228    
                              N = 179.99740899    
                            current damping = 0.150
 
          Norm of current diis error: 0.11737E-01
          max. resid. norm for Fia-block=  6.868D-04 for orbital     83a         
          max. resid. fock norm         =  1.003D-03 for orbital     28a         

 ITERATION  ENERGY          1e-ENERGY        2e-ENERGY     NORM[dD(SAO)]  TOL
  10  -1108.5822843761    -5551.7495320     2404.5038163    0.644D-01 0.869D-12
                            Exc = -113.928589829      Eck =  2518.43240612    
                              N = 179.99740610    
                            current damping = 0.100
 
          Norm of current diis error: 0.49214E-02
          max. resid. norm for Fia-block=  3.108D-04 for orbital     90a         
          max. resid. fock norm         =  3.829D-04 for orbital     82a         
          mo-orthogonalization: Cholesky decomposition

 ITERATION  ENERGY          1e-ENERGY        2e-ENERGY     NORM[dD(SAO)]  TOL
  11  -1108.5822875550    -5551.7587034     2404.5129845    0.637D-01 0.868D-12
                            Exc = -113.929094600      Eck =  2518.44207905    
                              N = 179.99740468    
                            current damping = 0.150
 
          Norm of current diis error: 0.33818E-02
          max. resid. norm for Fia-block=  1.430D-04 for orbital     90a         
          max. resid. fock norm         =  2.240D-04 for orbital     49a         

 ITERATION  ENERGY          1e-ENERGY        2e-ENERGY     NORM[dD(SAO)]  TOL
  12  -1108.5822885899    -5551.7551980     2404.5094781    0.343D-01 0.867D-12
                            Exc = -113.929223865      Eck =  2518.43870193    
                              N = 179.99740414    
                            current damping = 0.200
 
          Norm of current diis error: 0.16394E-02
          max. resid. norm for Fia-block=  1.054D-04 for orbital     83a         
          max. resid. fock norm         =  1.576D-04 for orbital     85a         

 ENERGY CONVERGED !

          Overall gridpoints after grid construction =        218213

 ITERATION  ENERGY          1e-ENERGY        2e-ENERGY     NORM[dD(SAO)]  TOL
  13  -1108.5811004195    -5551.7551969     2404.5106651    0.233D-01 0.867D-12
                            Exc = -113.927844012      Eck =  2518.43850908    
                              N = 179.99992732    
                            current damping = 0.250
 
          Norm of current diis error: 0.11947E-02
          max. resid. norm for Fia-block=  6.642D-05 for orbital     83a         
          max. resid. fock norm         =  1.065D-04 for orbital     85a         

 End of SCF iterations

   convergence criteria satisfied after    13 iterations


   *************************************************************************
   cam                                                                      
   *************************************************************************


                  ------------------------------------------ 
                 |  total energy      =  -1108.58110041954  |
                  ------------------------------------------ 
                 :  kinetic energy    =   1101.90678530592  :
                 :  potential energy  =  -2210.48788572546  :
                 :  virial theorem    =      1.99397940745  :
                 :  wavefunction norm =      1.00000000000  :
                  .......................................... 


 <geterg> : there is no data group $energy 


 <skperg> : $end is missing 


 orbitals $scfmo  will be written to file mos

    irrep                 86a         87a         88a         89a         90a   
 eigenvalues H         -0.33658    -0.32303    -0.29552    -0.27913    -0.23220
            eV          -9.1590     -8.7901     -8.0416     -7.5956     -6.3185
 occupation              2.0000      2.0000      2.0000      2.0000      2.0000

    irrep                 91a         92a         93a         94a         95a   
 eigenvalues H         -0.06745    -0.02483    -0.00739    -0.00171     0.01001
            eV          -1.8355     -0.6758     -0.2012     -0.0466      0.2724
 
 
 
 
 ==============================================================================
                           electrostatic moments
 ==============================================================================

 reference point for electrostatic moments:    0.00000   0.00000   0.00000

 
              nuc           elec       ->  total
 ------------------------------------------------------------------------------
                          charge      
 ------------------------------------------------------------------------------
         180.000000    -180.000000      -0.000000
 
 ------------------------------------------------------------------------------
                       dipole moment  
 ------------------------------------------------------------------------------
   x    -190.093620     193.140738       3.047118
   y     244.676959    -248.348858      -3.671898
   z      -3.289823       3.267000      -0.022823
 
   | dipole moment | =     4.7716 a.u. =    12.1282 debye 
 
 ------------------------------------------------------------------------------
                     quadrupole moment
 ------------------------------------------------------------------------------
  xx    4827.071387   -4949.029099    -121.957713
  yy   10202.577380  -10325.916114    -123.338734
  zz      60.555081    -178.625321    -118.070241
  xy   -5442.958714    5464.631473      21.672759
  xz     138.660503    -139.751892      -1.091388
  yz    -278.906846     281.328103       2.421257
 
     1/3  trace=    -121.122229
     anisotropy=      38.113969
 
 ==============================================================================
 
HOMO-LUMO Separation
 HOMO         :   -0.23219951 H =     -6.31847 eV
 LUMO         :   -0.06745190 H =     -1.83546 eV
 HOMO-LUMO gap:    0.16474761 H =     +4.48301 eV
 
 ==============================================================================


    ------------------------------------------------------------------------
         total  cpu-time :  2 hours  8 minutes and 21 seconds
         total wall-time :  2 hours  9 minutes and  1 seconds
    ------------------------------------------------------------------------

   ****  ridft : all done  ****


    2025-04-10 07:20:13.549 

 ridft ended normally
