
 eiger (nano15.int-nano.int.kit.edu) : TURBOMOLE rev. V7-6 19 Oct 2021 at 10:10:11 compiled Oct 19th 2021
 Copyright (C) 2021 TURBOMOLE GmbH, Karlsruhe


    2025-03-24 04:30:24.112 

 wb97xd                                                                         
  
Total energy =  -1298.1140847860 H =    -35323.4834591 eV
 
 HOMO-LUMO Separation
   HOMO:   107.   107 a     -0.25723958 H =     -6.99985 eV
   LUMO:   108.   108 a     -0.05875218 H =     -1.59873 eV
   Gap :                    +0.19848740 H =     +5.40112 eV
 
Number of MOs=    911, Electrons=    214.00, Symmetry: c1   
 
   Nr.   Orbital    Occupation       Energy
  124.   124 a                     +0.070915 H =        +1.930 eV
  123.   123 a                     +0.069432 H =        +1.889 eV
  122.   122 a                     +0.064401 H =        +1.752 eV
  121.   121 a                     +0.064370 H =        +1.752 eV
  120.   120 a                     +0.060920 H =        +1.658 eV
  119.   119 a                     +0.058997 H =        +1.605 eV
  118.   118 a                     +0.057004 H =        +1.551 eV
  117.   117 a                     +0.054469 H =        +1.482 eV
  116.   116 a                     +0.050035 H =        +1.362 eV
  115.   115 a                     +0.047377 H =        +1.289 eV
  114.   114 a                     +0.045187 H =        +1.230 eV
  113.   113 a                     +0.040113 H =        +1.092 eV
  112.   112 a                     +0.037310 H =        +1.015 eV
  111.   111 a                     +0.032260 H =        +0.878 eV
  110.   110 a                     +0.031644 H =        +0.861 eV
  109.   109 a                     +0.006204 H =        +0.169 eV
  108.   108 a                     -0.058752 H =        -1.599 eV
  107.   107 a        2.000        -0.257240 H =        -7.000 eV
  106.   106 a        2.000        -0.321407 H =        -8.746 eV
  105.   105 a        2.000        -0.347530 H =        -9.457 eV
  104.   104 a        2.000        -0.368949 H =       -10.040 eV
  103.   103 a        2.000        -0.376243 H =       -10.238 eV
  102.   102 a        2.000        -0.411044 H =       -11.185 eV
  101.   101 a        2.000        -0.435860 H =       -11.860 eV
  100.   100 a        2.000        -0.444563 H =       -12.097 eV
   99.    99 a        2.000        -0.449108 H =       -12.221 eV
   98.    98 a        2.000        -0.453286 H =       -12.335 eV
   97.    97 a        2.000        -0.454722 H =       -12.374 eV
   96.    96 a        2.000        -0.456366 H =       -12.418 eV
   95.    95 a        2.000        -0.458750 H =       -12.483 eV
   94.    94 a        2.000        -0.463249 H =       -12.606 eV
   93.    93 a        2.000        -0.468401 H =       -12.746 eV
   92.    92 a        2.000        -0.469345 H =       -12.772 eV


    ------------------------------------------------------------------------
         total  cpu-time :   0.42 seconds
         total wall-time :   0.45 seconds
    ------------------------------------------------------------------------

   ****  eiger : all done  ****


    2025-03-24 04:30:24.544 

