
 eiger (nano09.int-nano.int.kit.edu) : TURBOMOLE rev. V7-6 19 Oct 2021 at 10:10:11 compiled Oct 19th 2021
 Copyright (C) 2021 TURBOMOLE GmbH, Karlsruhe


    2025-05-12 11:57:25.086 

 OPT                                                                            
  
Total energy =  -2578.3003701270 H =    -70159.1266470 eV
 
 HOMO-LUMO Separation
   HOMO:   192.   192 a     -0.18537491 H =     -5.04431 eV
   LUMO:   193.   193 a     -0.11616070 H =     -3.16089 eV
   Gap :                    +0.06921421 H =     +1.88341 eV
 
Number of MOs=    976, Electrons=    384.00, Symmetry: c1   
 
   Nr.   Orbital    Occupation       Energy
  209.   209 a                     +0.050521 H =        +1.375 eV
  208.   208 a                     +0.043849 H =        +1.193 eV
  207.   207 a                     +0.042461 H =        +1.155 eV
  206.   206 a                     +0.040372 H =        +1.099 eV
  205.   205 a                     +0.040128 H =        +1.092 eV
  204.   204 a                     +0.038826 H =        +1.057 eV
  203.   203 a                     +0.028565 H =        +0.777 eV
  202.   202 a                     +0.026615 H =        +0.724 eV
  201.   201 a                     +0.011238 H =        +0.306 eV
  200.   200 a                     -0.005488 H =        -0.149 eV
  199.   199 a                     -0.007397 H =        -0.201 eV
  198.   198 a                     -0.010944 H =        -0.298 eV
  197.   197 a                     -0.021996 H =        -0.599 eV
  196.   196 a                     -0.023305 H =        -0.634 eV
  195.   195 a                     -0.026070 H =        -0.709 eV
  194.   194 a                     -0.062950 H =        -1.713 eV
  193.   193 a                     -0.116161 H =        -3.161 eV
  192.   192 a        2.000        -0.185375 H =        -5.044 eV
  191.   191 a        2.000        -0.206853 H =        -5.629 eV
  190.   190 a        2.000        -0.218265 H =        -5.939 eV
  189.   189 a        2.000        -0.236229 H =        -6.428 eV
  188.   188 a        2.000        -0.239375 H =        -6.514 eV
  187.   187 a        2.000        -0.259826 H =        -7.070 eV
  186.   186 a        2.000        -0.266329 H =        -7.247 eV
  185.   185 a        2.000        -0.267332 H =        -7.274 eV
  184.   184 a        2.000        -0.290516 H =        -7.905 eV
  183.   183 a        2.000        -0.294517 H =        -8.014 eV
  182.   182 a        2.000        -0.300098 H =        -8.166 eV
  181.   181 a        2.000        -0.301425 H =        -8.202 eV
  180.   180 a        2.000        -0.308047 H =        -8.382 eV
  179.   179 a        2.000        -0.308844 H =        -8.404 eV
  178.   178 a        2.000        -0.314921 H =        -8.569 eV
  177.   177 a        2.000        -0.316949 H =        -8.625 eV


    ------------------------------------------------------------------------
         total  cpu-time :   0.47 seconds
         total wall-time :   0.48 seconds
    ------------------------------------------------------------------------

   ****  eiger : all done  ****


    2025-05-12 11:57:25.553 

