
 riper (nano09.int-nano.int.kit.edu) : TURBOMOLE rev. V7-6 19 Oct 2021 at 10:10:11 compiled Oct 19th 2021
 Copyright (C) 2021 TURBOMOLE GmbH, Karlsruhe


    2025-05-08 16:24:31.566 

 Number of MKL threads:      1

   *************************************************************************
   OPT                                                                      
   *************************************************************************


    
    *************************************************************************
    *************************************************************************
    ***            _            _                   _     _               ***
    ***           | |_ _  _ _ _| |__  ___ _ __  ___| |___( )___           ***
    ***           |  _| || | '_| '_ \/ _ \ '  \/ _ \ / -_)/(_-<           ***
    ***            \__|\_,_|_| |_.__/\___/_|_|_\___/_\___| /__/           ***
    ***                      ___   ___                                    ***
    ***             //   ) )    / /    //   ) ) //   / /  //   ) )        ***
    ***            //___/ /    / /    //___/ / //____    //___/ /         ***
    ***           / ___ (     / /    / ____ / / ____    / ___ (           ***
    ***          //   | |    / /    //       //        //   | |           ***
    ***         //    | | __/ /___ //       //____/ / //    | |           ***
    ***                                                                   ***
    *************************************************************************
    *************************************************************************
    *************************** PROGRAM RIPER *******************************
    ****** Density Functional Theory with periodic boundary conditions ******
    ******                                                             ******
    ****** Developed by the groups in Jena   (M. Sierka)               ******
    ******                        and Munich (A. Burow)                ******
    *************************************************************************
    
    
                               References:                                  
    
    (1) General implementation:                                             
        R. Lazarski, A. M. Burow, M. Sierka                                 
        Density Functional Theory for Molecular and Periodic Systems Using  
        Density Fitting and Continuous Fast Multipole Methods               
        J. Chem. Theory Comput. 2015, 11, 3029-3041                         
        R. Lazarski, A. M. Burow, L. Grajciar, M. Sierka                    
        Density Functional Theory for Molecular and Periodic Systems Using  
        Density Fitting and Continuous Fast Multipole Methods: Analytical   
        Gradients                                                           
        J. Comput. Chem. 2016, 57, 2518–2526                                
    (2) DFT implementation:                                                 
        A. M. Burow, M. Sierka                                              
        Linear Scaling Hierarchical Integration Scheme For the              
        Exchange-Correlation Term in Molecular and Periodic Systems         
        J. Chem. Theory Comput. 2011, 7, 3097-3104                          
    (3) RI/DF approximation:                                                
        A. M. Burow, M. Sierka, F. Mohamed                                  
        Resolution of Identity Approximation for the Coulomb Term in        
        Molecular and Periodic Systems                                      
        J. Chem. Phys. 2009, 131, 214101/1-214101/6                         
    (4) Low-Memory Iterative Density Fitting (LMIDF) method:                
        L. Grajciar                                                         
        Low-Memory Iterative Density Fitting                                
        J. Comput. Chem. 2015, 36, 1521-1535                                
    


              +--------------------------------------------------+
              | Atomic coordinate, charge and isotop information |
              +--------------------------------------------------+

                    atomic coordinates            atom    charge  isotop
         11.67680292    3.96201113    6.32452595    c      6.000     0
         13.96391766    5.00366786    6.09658529    c      6.000     0
         12.86785572    3.82803333    2.70793785    c      6.000     0
         21.80859977    2.83227049   -2.63999653    c      6.000     0
         21.33647060    3.61912411    2.12332651    c      6.000     0
         22.27215715    1.83074588    0.04191035    c      6.000     0
          3.58283758    1.05844694   -0.51495415    c      6.000     0
          8.10180581    0.27139491   -0.59669236    c      6.000     0
         12.56606646   -0.27208844   -0.49663703    c      6.000     0
         17.02523052   -0.72395786   -0.11064157    c      6.000     0
         25.61985422   -0.57374731    0.79767418    c      6.000     0
         28.10312820   -1.03676611    1.13786457    c      6.000     0
         21.53723132   -0.90578731    0.41900141    c      6.000     0
          5.65939148   -0.44297259   -0.42859177    c      6.000     0
         10.18206168   -1.22390569   -0.52732996    c      6.000     0
         14.66936943   -1.72202238   -0.24579479    c      6.000     0
         19.21398501   -1.94487778    0.32546942    c      6.000     0
         23.67207571   -2.20984384    0.87023778    c      6.000     0
          9.79516860   -4.06777910   -0.45242878    c      6.000     0
         14.37824011   -4.57122293   -0.05265911    c      6.000     0
         12.05561175   -5.56602200   -1.46130443    c      6.000     0
         11.73332274   -8.49662251   -1.40851115    c      6.000     0
         13.93205310   -9.78837503   -2.84174369    c      6.000     0
          9.26522514   -9.29157171   -2.75948769    c      6.000     0
         11.66483906   -9.57714145    1.29946072    c      6.000     0
         11.04028269    3.23477460    4.14150866    n      7.000     0
         14.59584019    4.87088058    3.87166333    o      8.000     0
         12.96883890    3.19457634   -0.66121895    s     16.000     0
         24.94316975    1.61248818    0.35010767    o      8.000     0
         29.07199079   -3.28096139    1.62538745    c      6.000     0
         29.74571406    0.84129284    0.99061144    c      6.000     0
         23.72947992   -4.65981140    1.28498542    c      6.000     0
         29.94800357   -5.24243664    2.05676847    n      7.000     0
         31.22626345    2.45320655    0.87288150    n      7.000     0
         23.75099823   -6.81888397    1.64936241    n      7.000     0
          1.34597255    0.12703306    0.35217314    c      6.000     0
          3.70876893    3.41218587   -1.52931000    c      6.000     0
          2.33808632    5.35350151   -0.61810296    c      6.000     0
          2.46966418    7.69485895   -1.58859260    c      6.000     0
          3.96946421    8.30276117   -3.55904026    c      6.000     0
          5.32533326    6.34569466   -4.47181200    c      6.000     0
          5.20428874    4.00389124   -3.50108425    c      6.000     0
         -0.90667926    0.98696238   -0.47147344    c      6.000     0
         -3.12725296    0.06768621    0.34515092    c      6.000     0
         -3.31107229   -1.80705250    2.06139829    c      6.000     0
         -1.05710901   -2.68109429    2.86820552    c      6.000     0
          1.16469490   -1.76840004    2.04542444    c      6.000     0
         -5.43019038   -2.68278749    2.84481072    n      7.000     0
          4.09311655   10.53953172   -4.48288201    n      7.000     0
          5.80299933   11.05535703   -6.65118967    c      6.000     0
          2.52946078   12.59218814   -3.37247894    c      6.000     0
         -5.46317177   -4.76220054    4.73318947    c      6.000     0
         -7.82975139   -1.60751631    1.85617026    c      6.000     0
         10.52672505    3.74300510    8.03276088    h      1.000     0
         15.25622577    5.87574056    7.45551002    h      1.000     0
         19.76912419    3.06208954   -3.08144222    h      1.000     0
         22.70630850    4.71928864   -2.89085389    h      1.000     0
         22.63233895    1.54003608   -4.08307833    h      1.000     0
         19.26500573    3.93415090    2.04302071    h      1.000     0
         21.79548696    2.86879701    4.03552148    h      1.000     0
         22.24716363    5.50804143    1.94452818    h      1.000     0
          8.36724619    2.32423841   -0.68885431    h      1.000     0
         17.26214737    1.31659109   -0.34015637    h      1.000     0
          5.33712893   -2.46528190   -0.08697842    h      1.000     0
         19.14423333   -3.99417427    0.66121139    h      1.000     0
          9.34363555   -4.61801255    1.52857112    h      1.000     0
          8.18285049   -4.57804295   -1.70348795    h      1.000     0
         14.30256603   -5.06251582    1.99300911    h      1.000     0
         16.01941056   -5.54478715   -0.92863220    h      1.000     0
         12.28393602   -5.02150876   -3.49657726    h      1.000     0
         13.64098992  -11.86679598   -2.99141000    h      1.000     0
         15.78106507   -9.53633848   -1.87682685    h      1.000     0
         14.11767334   -9.04339586   -4.80064513    h      1.000     0
          9.13552946  -11.38068283   -2.97272817    h      1.000     0
          7.55038372   -8.72032073   -1.68637270    h      1.000     0
          9.14473432   -8.46017347   -4.68880358    h      1.000     0
         10.11404666   -8.74063717    2.44417933    h      1.000     0
         11.35172467  -11.65790944    1.27618874    h      1.000     0
         13.47052718   -9.25845803    2.32594294    h      1.000     0
          1.11443953    5.09753622    1.05333334    h      1.000     0
          1.27328046    9.10715333   -0.63507837    h      1.000     0
          6.60666395    6.55415035   -6.09974869    h      1.000     0
          6.32838855    2.53381471   -4.46493906    h      1.000     0
         -1.02728158    2.44733895   -1.95538844    h      1.000     0
         -4.81138444    0.94033528   -0.51448550    h      1.000     0
         -0.91416635   -4.20443843    4.28113674    h      1.000     0
          2.85533271   -2.61701179    2.92105739    h      1.000     0
          7.81472806   10.69093469   -6.15056532    h      1.000     0
          5.22860951    9.96676707   -8.35864415    h      1.000     0
          5.71494754   13.08049148   -7.20771591    h      1.000     0
          0.47353702   12.17899197   -3.55366777    h      1.000     0
          3.06225205   12.96734791   -1.37100764    h      1.000     0
          2.83680395   14.40304088   -4.39469038    h      1.000     0
         -4.55118238   -6.50252303    3.97821175    h      1.000     0
         -4.58601382   -4.16445371    6.55078663    h      1.000     0
         -7.43609498   -5.31329381    5.20495014    h      1.000     0
         -8.01300191    0.43475795    2.33155354    h      1.000     0
         -8.02157748   -1.93230921   -0.21463887    h      1.000     0
         -9.49025751   -2.54722420    2.73850417    h      1.000     0
 
       center of nuclear mass  :   11.62159816    0.30070597    0.17572739
       center of nuclear charge:   11.40047956    0.26737645    0.14160253

   * BASIS SET information:

              +--------------------------------------------------+
              |               basis set information              |
              +--------------------------------------------------+

              we will work with the 1s 3p 5d 7f 9g ... basis set
              ...i.e. with spherical basis functions...

   type   atoms  prim   cont   basis
   ---------------------------------------------------------------------------
    c       44     24     14   def2-SVP   [3s2p1d|7s4p1d]
    n        6     24     14   def2-SVP   [3s2p1d|7s4p1d]
    o        2     24     14   def2-SVP   [3s2p1d|7s4p1d]
    s        1     36     18   def2-SVP   [4s3p1d|10s7p1d]
    h       46      7      5   def2-SVP   [2s1p|4s1p]
   ---------------------------------------------------------------------------
   total:   99   1606    976
   ---------------------------------------------------------------------------

   total number of primitive shells          :   59
   total number of contracted shells         :  458
   total number of cartesian basis functions : 1029
   total number of SCF-basis functions       :  976


   * AUXILIARY RI-J BASIS SET information:

              +--------------------------------------------------+
              |               basis set information              |
              +--------------------------------------------------+

              we will work with the 1s 3p 5d 7f 9g ... basis set
              ...i.e. with spherical basis functions...

   type   atoms  prim   cont   basis
   ---------------------------------------------------------------------------
    c       44     70     49   def2-SVP   [6s4p3d1f1g|12s5p4d2f1g]
    n        6     70     49   def2-SVP   [6s4p3d1f1g|12s5p4d2f1g]
    o        2     70     49   def2-SVP   [6s4p3d1f1g|12s5p4d2f1g]
    s        1     77     51   def2-SVP   [8s4p3d1f1g|14s5p5d2f1g]
    h       46     16     11   def2-SVP   [3s1p1d|5s2p1d]
   ---------------------------------------------------------------------------
   total:   99   4453   3105
   ---------------------------------------------------------------------------

   total number of primitive shells          :  107
   total number of contracted shells         : 1027
   total number of cartesian basis functions : 3787
   total number of SCF-basis functions       : 3105

  Keyword $riper not found - using default options 
               
              +--------------------------------------------------+
              |       Summary of SCF and related options         |
              +--------------------------------------------------+
               
       Energy calculation only 
       Diagonalization method set to:                                2
       Maximum number of SCF iterations included in the DIIS:        4
       Automatic orbital shift for HOMO-LUMO gap below:           0.1000E+00
               
              +--------------------------------------------------+
              |      SCREENING OF BASIS FUNCTION PRODUCTS        |
              +--------------------------------------------------+
               
         Threshold for shell products neglect:          0.3E-12
         Tolerance for shell products extents:          0.1E-06
         The biggest integral is expected to be:        0.3E+01
         Number of {mu,nu} shell products:                48285
        
               
              +--------------------------------------------------+
              |             INITIAL ORBITALS/BANDS               |
              +--------------------------------------------------+
               
  Bands restarted from             RIPER.BANDS
  Bands occupations restarted from RIPER.BANDS.OCCUPATIONS
  Bands energies restarted from    RIPER.BANDS.ENERGIES
              
              +--------------------------------------------------+
              |         Calculation of quantities on grid        |
              +--------------------------------------------------+
              
 Creating .cub files
   *grid construction*
   *plotting orbital     1 of     2*
   calculating values on grid points
   writing orbital values to   orb_k_1_1_1_a_192_real.cub
   *plotting orbital     2 of     2*
   calculating values on grid points
   writing orbital values to   orb_k_1_1_1_a_193_real.cub
 

    ------------------------------------------------------------------------
    RIPER profiling                cpu                    wall         ratio
    ------------------------------------------------------------------------
    module                         sec     %               sec     %
    ------------------------------------------------------------------------
    RIPER                         2.3   99.96            2.9   99.97   0.8
    Preliminaries                 0.1    6.25            0.2    6.16   0.8
    preescrening                  0.1    2.39            0.1    1.93   1.0
    T+S matrix                    0.0    0.61            0.0    0.49   1.0
    BANDS init                    0.0    1.07            0.1    2.05   0.4
    Properties                    2.1   92.02            2.6   91.22   0.8
    Orbital plot                  2.0   84.96            2.4   85.46   0.8
    ------------------------------------------------------------------------
    sum                           6.6  287.27            8.2  287.28   0.8
    ------------------------------------------------------------------------


    ------------------------------------------------------------------------
         total  cpu-time :   2.32 seconds
         total wall-time :   2.87 seconds
    ------------------------------------------------------------------------

   ****  riper : all done  ****


    2025-05-08 16:24:34.414 

