
 ridft (nano13.int-nano.int.kit.edu) : TURBOMOLE rev. V7-6 19 Oct 2021 at 10:10:11 compiled Oct 19th 2021
 Copyright (C) 2021 TURBOMOLE GmbH, Karlsruhe


    2025-04-09 07:02:42.169 



                                  r i d f t

                        DFT program with RI approximation 
                                for coulomb part 




                                                 
                                 References:     
                                                 
          TURBOMOLE:                             
              R. Ahlrichs, M. Baer, M. Haeser, H. Horn, and
              C. Koelmel
              Electronic structure calculations on workstation
              computers: the program system TURBOMOLE
              Chem. Phys. Lett. 162: 165 (1989)
          Density Functional:                              
              O. Treutler and R. Ahlrichs                      
              Efficient Molecular Numerical Integration Schemes
              J. Chem. Phys. 102: 346 (1995)                   
          Parallel Version:                                
              Performance of parallel TURBOMOLE for Density    
              Functional Calculations                          
              M. v. Arnim and R. Ahlrichs                      
              J. Comp. Chem. 19: 1746 (1998)                   
          RI-J Method:                                     
              Auxiliary Basis Sets to approximate Coulomb      
              Potentials                                       
              Chem. Phys. Lett. 240: 283 (1995)                
              K. Eichkorn, O. Treutler, H. Oehm, M. Haeser     
              and R. Ahlrichs                                  
              Chem. Phys. Lett. 242: 652 (1995)                
                                                           
              Auxiliary Basis Sets for Main Row Atoms and their
              Use to approximate Coulomb Potentials            
              K. Eichkorn, F. Weigend, O. Treutler and         
              R. Ahlrichs                                      
              Theo. Chem. Acc. 97: 119 (1997)                   
                                                           
              Accurate Coulomb-fitting basis sets for H to Rn 
              F. Weigend                                        
              Phys. Chem. Chem. Phys. 8: 1057 (2006)            
                                                           
          Multipole accelerated RI-J (MARI-J):             
              Fast evaluation of the Coulomb potential for     
              electron densities using multipole accelerated   
              resolution of identity approximation             
              M. Sierka, A. Hogekamp and R. Ahlrichs           
              J. Chem. Phys. 118: 9136 (2003)                  
          RI-JK Method:                                     
              A fully direct RI-HF algorithm: Implementation,
              optimised auxiliary basis sets, demonstration of
              accuracy and efficiency                         
              F. Weigend                                      
              Phys. Chem. Chem. Phys. 4: 4285 (2002)           
          Two-component HF and DFT with spin-orbit coupling:  
              Self-consistent treatment of spin-orbit         
              interactions with efficient Hartree-Fock and    
              density functional methods                      
              M. K. Armbruster, F. Weigend, C. van Wüllen and 
              W. Klopper                                      
              Phys. Chem. Chem. Phys. 10: 1748 (2008)         
          Two-component difference density and DIIS algorithm 
              Efficient two-component self-consistent field   
              procedures and gradients: implementation in     
              TURBOMOLE and application to Au20-              
              A. Baldes, F. Weigend                           
              Mol. Phys. 111: 2617 (2013)                     
          Relativistic all-electron 2c calculations           
              An efficient implementation of two-component    
              relativistic exact-decoupling methods for large 
              molecules                                       
              D. Peng, N. Middendorf, F. Weigend, M. Reiher   
              J. Chem. Phys. 138: 184105 (2013)               
          Finite nucleus model and SNSO approximation         
              Efficient implementation of one- and two-       
              component analytical energy gradients in exact  
              two-component theory                            
              Y. J. Franzke, N. Middendorf, F. Weigend        
              J. Chem. Phys. 148: 104110 (2018)               
          Grids for all-electron relativistic methods         
              Error-consistent segmented contracted all-      
              electron relativistic basis sets of double-     
              and triple-zeta quality for NMR shielding       
              constants                                       
              Y. J. Franzke, R. Tress, T. M. Pazdera,         
              F. Weigend                                      
              Phys. Chem. Chem. Phys. 21: 166658 (2019)       
          Seminumerical exchange algorithms                   
              Seminumerical calculation of the Hartree-Fock   
              exchange matirx: Application to two-component   
              procedures and efficient evaluation of local    
              hybrid functionsl                               
               P. Plessow, F. Weigend,                        
              J. Comput. Chem. 33: 810 (2012)                 
          Improved seminumerical algorithms                   
              C. Holzer,                                      
              J. Chem. Phys. 153 (2020), 184115               
                                         




              +--------------------------------------------------+
              |      general information about current run       |
              +--------------------------------------------------+

 
 Libxc version: 5.1.4
 S. Lehtola, C. Steigemann, M.J.T. Oliveira, and M.A.L. Marques, Software X 7, 1 (2018)
 M.A.L. Marques, M.J.T. Oliveira, and T. Burnus, Comput. Phys. Commun. 183, 2272 (2012)
 TURBOMOLE integration by Christof Holzer

 Name of XC-Functional: wB97X range-separated functional
 alpha=    0.15771
 beta =    0.84229
 omega=    0.30000
 [1] J.-D. Chai and M. Head-Gordon, J. Chem. Phys. 128, 084106 (2008)
 A Hybrid-DFT calculation using the RI-J approximation will be carried out.
 Allocatable memory for RI due to $ricore (MB):                  2000

   *************************************************************************
   wb97xd                                                                   
   *************************************************************************




              +--------------------------------------------------+
              | Atomic coordinate, charge and isotop information |
              +--------------------------------------------------+

                    atomic coordinates            atom    charge  isotop
        -13.42747215    5.17616736   -0.49692604    c      6.000     0
        -11.04204706    6.37669451   -0.50378335    c      6.000     0
         -8.81504838    5.02918493   -0.27735445    c      6.000     0
         -8.84712625    2.37523774   -0.02392208    c      6.000     0
         -6.56572634    0.93877275    0.19678805    c      6.000     0
         -6.61224448   -1.63092780    0.44484466    c      6.000     0
         -8.94464776   -3.01844354    0.51192802    c      6.000     0
         -9.01860871   -5.70546336    0.78527488    c      6.000     0
        -11.40081916   -6.90415067    0.80106304    c      6.000     0
        -13.63655023   -5.56224696    0.52937107    c      6.000     0
        -13.62219841   -2.91603503    0.26482223    c      6.000     0
        -15.90094862   -1.47986499    0.01878636    c      6.000     0
        -15.86478841    1.08975178   -0.22157497    c      6.000     0
        -13.53281835    2.48397073   -0.24364185    c      6.000     0
        -11.21784713    1.08018221   -0.00020342    c      6.000     0
        -11.25598077   -1.61890147    0.26285961    c      6.000     0
        -15.73174256    6.65815967   -0.74528627    c      6.000     0
         -6.69441080   -7.18415352    1.07119875    c      6.000     0
        -15.92742752    9.18475989   -0.99257512    c      6.000     0
         -6.43501200   -9.64064066    0.45394004    c      6.000     0
         -4.24369978  -10.89795557    0.85518074    o      8.000     0
        -18.39704239   10.36565043   -1.22197841    n      7.000     0
        -18.39265240   12.67226375   -1.43975182    o      8.000     0
        -20.29959735    9.04728019   -1.18892278    o      8.000     0
        -10.94485355    8.42836044   -0.69622515    h      1.000     0
         -7.00082961    6.01683193   -0.29477281    h      1.000     0
         -4.76144252    1.94458842    0.15271418    h      1.000     0
         -4.82724780   -2.65096698    0.57744200    h      1.000     0
        -11.49575972   -8.94431167    1.09916470    h      1.000     0
        -15.44637206   -6.55948013    0.56286290    h      1.000     0
        -17.70527573   -2.48756926    0.02695594    h      1.000     0
        -17.65721534    2.08660274   -0.40188404    h      1.000     0
        -17.54751823    5.68111952   -0.73881247    h      1.000     0
         -5.01101391   -6.26251279    1.83364430    h      1.000     0
        -14.41740156   10.57834913   -1.05179210    h      1.000     0
         -7.97051832  -10.72669025   -0.41712657    h      1.000     0
         -4.36222499  -12.58665212    0.17885153    h      1.000     0
 
       center of nuclear mass  :  -11.99154708    0.75935214   -0.07168741
       center of nuclear charge:  -11.94131315    0.68318445   -0.06644587

              +--------------------------------------------------+
              |               basis set information              |
              +--------------------------------------------------+

              we will work with the 1s 3p 5d 7f 9g ... basis set
              ...i.e. with spherical basis functions...

   type   atoms  prim   cont   basis
   ---------------------------------------------------------------------------
    c       20     43     23   aug-cc-pVDZ   [4s3p2d|18s5p2d]
    o        3     43     23   aug-cc-pVDZ   [4s3p2d|18s5p2d]
    n        1     43     23   aug-cc-pVDZ   [4s3p2d|18s5p2d]
    h       13     11      9   aug-cc-pVDZ   [3s2p|5s2p]
   ---------------------------------------------------------------------------
   total:   37   1175    669
   ---------------------------------------------------------------------------

   total number of primitive shells          :   82
   total number of contracted shells         :  281
   total number of cartesian basis functions :  717
   total number of SCF-basis functions       :  669


 integral neglect threshold       :  0.46E-11
 integral storage threshold THIZE :  0.10E-04
 integral storage threshold THIME :         5

 RI-J AUXILIARY BASIS SET information:

              we will work with the 1s 3p 5d 7f 9g ... basis set
              ...i.e. with spherical basis functions...

   type   atoms  prim   cont   basis
   ---------------------------------------------------------------------------
    c       20     70     49   aug-cc-pVDZ   [6s4p3d1f1g|12s5p4d2f1g]
    o        3     70     49   aug-cc-pVDZ   [6s4p3d1f1g|12s5p4d2f1g]
    n        1     70     49   aug-cc-pVDZ   [6s4p3d1f1g|12s5p4d2f1g]
    h       13     16     11   aug-cc-pVDZ   [3s1p1d|5s2p1d]
   ---------------------------------------------------------------------------
   total:   37   1888   1319
   ---------------------------------------------------------------------------

   total number of primitive shells          :   80
   total number of contracted shells         :  425
   total number of cartesian basis functions : 1620
   total number of SCF-basis functions       : 1319


 symmetry group of the molecule :   c1 

 the group has the following generators :
   c1(z)

    1 symmetry operations found

 there are 1 real representations :   a   

 maximum number of shells which are related by symmetry :  1

  
           ------------------
           density functional
           ------------------
 Name of XC-Functional: wB97X range-separated functional
 alpha=    0.15771
 beta =    0.84229
 omega=    0.30000
 [1] J.-D. Chai and M. Head-Gordon, J. Chem. Phys. 128, 084106 (2008)

 iterations will be done with small grid
  
 spherical integration : Lebedev's spherical grid
 spherical gridsize    :                     3
    i.e. gridpoints    :                   302
 value for diffuse not defined
 radial integration    : Chebyshev 2nd kind (scaling 3)
 radial gridsize       :                     3
 integration cells     :                    37
 partition function    : becke
 partition sharpness   :                     3
  

 biggest AO integral is expected to be     4.738267915

          ------------------------
          nuclear repulsion energy  :   1791.06504735    
          ------------------------

  _________________________________
 |                                 |
 |         DFTD3 V3.1 Rev 0        |
 | S.Grimme, University Bonn       |
 |            June  2014           |
 |   see standalone version        |
 |       dftd3 -h for options      |
 |_________________________________|
 
 Please cite DFT-D3 work done with this code as:
 S. Grimme, J. Antony, S. Ehrlich and H. Krieg,
 J. Chem. Phys, 132 (2010), 154104.
 If used with BJ-damping cite also
 S. Grimme, S. Ehrlich and L. Goerigk,
 J. Comput. Chem. 32 (2011), 1456-1465
 For DFT-D2 the reference is
 S. Grimme, J. Comput. Chem., 27 (2006), 1787-1799
 
C6 coefficients used:
                     2  C6 for element                      1
Z=  1 CN= 0.912     C6(AA)=    3.03
Z=  1 CN= 0.000     C6(AA)=    7.59
                     5  C6 for element                      6
Z=  6 CN= 0.000     C6(AA)=   49.11
Z=  6 CN= 0.987     C6(AA)=   43.25
Z=  6 CN= 1.998     C6(AA)=   29.36
Z=  6 CN= 2.999     C6(AA)=   25.78
Z=  6 CN= 3.984     C6(AA)=   18.21
                     4  C6 for element                      7
Z=  7 CN= 0.000     C6(AA)=   25.27
Z=  7 CN= 0.994     C6(AA)=   22.12
Z=  7 CN= 2.014     C6(AA)=   19.68
Z=  7 CN= 2.990     C6(AA)=   15.58
                     3  C6 for element                      8
Z=  8 CN= 0.000     C6(AA)=   15.51
Z=  8 CN= 0.993     C6(AA)=   12.82
Z=  8 CN= 1.989     C6(AA)=   10.37

#           XYZ [au]              R0(AA) [Ang.]  CN          C6(AA)     C8(AA)   C10(AA) [au]
  1 -13.42747   5.17617  -0.49693   c   0.000  3.181        25.1       726.7     25747.9
  2 -11.04205   6.37669  -0.50378   c   0.000  3.160        25.2       729.6     25848.2
  3  -8.81505   5.02918  -0.27735   c   0.000  3.152        25.3       730.6     25883.0
  4  -8.84713   2.37524  -0.02392   c   0.000  3.218        24.9       720.8     25536.0
  5  -6.56573   0.93877   0.19679   c   0.000  3.148        25.3       731.0     25900.4
  6  -6.61224  -1.63093   0.44484   c   0.000  3.151        25.3       730.6     25886.1
  7  -8.94465  -3.01844   0.51193   c   0.000  3.241        24.8       716.4     25381.7
  8  -9.01861  -5.70546   0.78527   c   0.000  3.183        25.1       726.4     25735.6
  9 -11.40082  -6.90415   0.80106   c   0.000  3.160        25.2       729.6     25848.3
 10 -13.63655  -5.56225   0.52937   c   0.000  3.153        25.3       730.4     25878.3
 11 -13.62220  -2.91604   0.26482   c   0.000  3.217        24.9       720.9     25542.5
 12 -15.90095  -1.47986   0.01879   c   0.000  3.148        25.3       731.0     25897.2
 13 -15.86479   1.08975  -0.22157   c   0.000  3.148        25.3       731.0     25899.5
 14 -13.53282   2.48397  -0.24364   c   0.000  3.238        24.8       716.9     25400.4
 15 -11.21785   1.08018  -0.00020   c   0.000  3.298        24.3       702.9     24903.0
 16 -11.25598  -1.61890   0.26286   c   0.000  3.300        24.3       702.3     24883.0
 17 -15.73174   6.65816  -0.74529   c   0.000  3.126        25.4       733.4     25983.1
 18  -6.69441  -7.18415   1.07120   c   0.000  3.106        25.4       735.3     26051.0
 19 -15.92743   9.18476  -0.99258   c   0.000  3.121        25.4       733.9     26001.9
 20  -6.43501  -9.64064   0.45394   c   0.000  3.058        25.6       739.0     26182.9
 21  -4.24370 -10.89796   0.85518   o   0.000  2.022        10.4       209.9      5190.0
 22 -18.39704  10.36565  -1.22198   n   0.000  3.039        15.6       345.0      9323.4
 23 -18.39265  12.67226  -1.43975   o   0.000  1.072        12.8       257.3      6361.6
 24 -20.29960   9.04728  -1.18892   o   0.000  1.068        12.8       257.4      6363.6
 25 -10.94485   8.42836  -0.69623   h   0.000  1.003         3.1        37.3       553.0
 26  -7.00083   6.01683  -0.29477   h   0.000  1.002         3.1        37.3       553.1
 27  -4.76144   1.94459   0.15271   h   0.000  1.002         3.1        37.3       553.0
 28  -4.82725  -2.65097   0.57744   h   0.000  1.004         3.1        37.3       552.9
 29 -11.49576  -8.94431   1.09916   h   0.000  1.003         3.1        37.3       553.0
 30 -15.44637  -6.55948   0.56286   h   0.000  1.002         3.1        37.3       553.1
 31 -17.70528  -2.48757   0.02696   h   0.000  1.002         3.1        37.3       553.0
 32 -17.65722   2.08660  -0.40188   h   0.000  1.004         3.1        37.3       552.9
 33 -17.54752   5.68112  -0.73881   h   0.000  1.007         3.1        37.3       552.7
 34  -5.01101  -6.26251   1.83364   h   0.000  1.004         3.1        37.3       552.9
 35 -14.41740  10.57835  -1.05179   h   0.000  1.002         3.1        37.3       553.1
 36  -7.97052 -10.72669  -0.41713   h   0.000  1.000         3.1        37.4       553.3
 37  -4.36222 -12.58665   0.17885   h   0.000  1.011         3.1        37.3       552.4

molecular C6(AA) [au] =     18787.85

           DFT-D V3(BJ)
 DF wb97x                                             
 parameters
 s6       :    1.0000
 s8       :    0.2641
 a1       :    0.0000
 a2       :    5.4959
 k1-k3    :   16.0000    1.3333   -4.0000
 
 Edisp /kcal,au:   -63.9784 -0.10195607

 E6    /kcal :   -52.3797
 E8    /kcal :   -11.5987
 % E8        : 18.13
 nuclear repulsion energy                  =    1791.065047349
  DFT-D3 Energy contribution               =      -0.101956072
 nuclear repulsion + dispersion correction =    1790.963091277


         -----------------
         -S,T+V- integrals
         -----------------

 1e-integrals will be neglected if expon. factor < 0.466103E-12
 
   Difference densities algorithm switched on.
   The maximal number of linear combinations of
   difference densities is                    20 .

 DIIS switched on: error vector is FDS-SDF
 Max. Iterations for DIIS is     :   4
 DIIS matrix (see manual) 
    Scaling factor of diagonals  :  1.200
    threshold for scaling factor :  0.000

 scf convergence criterion : increment of total energy < .1000000D-06
                  and increment of one-electron energy < .1000000D-03

 MOs are in ASCII format !


    mo occupation :
   irrep   mo's   occupied
    a      669       82
 
 number of basis functions   :   669
 number of occupied orbitals :    82
 

 reading orbital data $scfmo  from file mos
 orbital characterization : expanded
 virtual MOs provided and orthogonalized by Cholesky decomposition

 automatic virtual orbital shift switched on 
      shift if e(lumo)-e(homo) < 0.10000000    

  
           ------------------------
               RI-J - INFORMATION
           ------------------------
 Contributions to RI integral batches: 
  neglected integral batches:                  7288
  direct contribution:                         5865
  memory contribution:                 26468
 Memory core needed for (P|Q) and Cholesky     14 MByte
 Memory core minimum needed except of (P|Q)     2 MByte
 Total minimum memory core needed (sum)        15 MByte
  
 ****************************************
 Memory allocated for RI-J  1739 MByte
 ****************************************
                                            

 DSCF restart information will be dumped onto file mos


 Starting SCF iterations

          Overall gridpoints after grid construction =         52297

 ITERATION  ENERGY          1e-ENERGY        2e-ENERGY     NORM[dD(SAO)]  TOL
   1  -1046.8463232204    -4946.4726254     2108.6632109    0.000D+00 0.465D-11
                            Exc = -100.192393415     Coul =  2251.87484400    
                            exK = -43.0192396631    
                              N = 163.99766305    
                            current damping = 0.300
 
          max. resid. norm for Fia-block=  3.586D-01 for orbital     49a         
          max. resid. fock norm         =  1.502D+00 for orbital    633a         

 ITERATION  ENERGY          1e-ENERGY        2e-ENERGY     NORM[dD(SAO)]  TOL
   2  -1049.8756242498    -4977.5303434     2136.6916278    0.228D+03 0.125D-11
                            Exc = -101.592169120      Eck =  2238.28379695    
                              N = 163.99864091    
                            current damping = 0.250
 
          Norm of current diis error:  2.6747    
          max. resid. norm for Fia-block=  1.835D-01 for orbital     25a         
          max. resid. fock norm         =  2.600D-01 for orbital     25a         

 ITERATION  ENERGY          1e-ENERGY        2e-ENERGY     NORM[dD(SAO)]  TOL
   3  -1050.1377909438    -4979.9573980     2138.8565158    0.648D+02 0.115D-11
                            Exc = -102.139414576      Eck =  2240.99593040    
                              N = 163.99862725    
                            current damping = 0.150
 
          Norm of current diis error:  1.4103    
          max. resid. norm for Fia-block=  7.432D-02 for orbital     60a         
          max. resid. fock norm         =  9.266D-02 for orbital     25a         

 ITERATION  ENERGY          1e-ENERGY        2e-ENERGY     NORM[dD(SAO)]  TOL
   4  -1050.2490509110    -4980.0309732     2138.8188310    0.142D+02 0.113D-11
                            Exc = -102.012589936      Eck =  2240.83142096    
                              N = 163.99852441    
                            current damping = 0.200
 
          Norm of current diis error: 0.46043    
          max. resid. norm for Fia-block=  2.484D-02 for orbital     25a         
          max. resid. fock norm         =  3.449D-02 for orbital     25a         

 ITERATION  ENERGY          1e-ENERGY        2e-ENERGY     NORM[dD(SAO)]  TOL
   5  -1050.2623609459    -4981.3600563     2140.1346041    0.597D+01 0.112D-11
                            Exc = -102.099940078      Eck =  2242.23454415    
                              N = 163.99849514    
                            current damping = 0.250
 
          Norm of current diis error: 0.11725    
          max. resid. norm for Fia-block=  6.210D-03 for orbital     82a         
          max. resid. fock norm         =  1.367D-02 for orbital     10a         
          mo-orthogonalization: Cholesky decomposition

 ITERATION  ENERGY          1e-ENERGY        2e-ENERGY     NORM[dD(SAO)]  TOL
   6  -1050.2637156449    -4981.2056137     2139.9788068    0.165D+01 0.112D-11
                            Exc = -102.106927993      Eck =  2242.08573481    
                              N = 163.99849628    
                            current damping = 0.300
 
          Norm of current diis error: 0.54982E-01
          max. resid. norm for Fia-block=  3.875D-03 for orbital     82a         
          max. resid. fock norm         =  4.228D-03 for orbital     82a         

 ITERATION  ENERGY          1e-ENERGY        2e-ENERGY     NORM[dD(SAO)]  TOL
   7  -1050.2641345916    -4981.2198842     2139.9926583    0.706D+00 0.112D-11
                            Exc = -102.101678931      Eck =  2242.09433728    
                              N = 163.99848698    
                            current damping = 0.350
 
          Norm of current diis error: 0.26697E-01
          max. resid. norm for Fia-block=  2.867D-03 for orbital     82a         
          max. resid. fock norm         =  2.946D-03 for orbital     82a         

 ITERATION  ENERGY          1e-ENERGY        2e-ENERGY     NORM[dD(SAO)]  TOL
   8  -1050.2642912141    -4981.2507923     2140.0234098    0.271D+00 0.111D-11
                            Exc = -102.103846665      Eck =  2242.12725643    
                              N = 163.99848513    
                            current damping = 0.200
 
          Norm of current diis error: 0.14868E-01
          max. resid. norm for Fia-block=  1.691D-03 for orbital     82a         
          max. resid. fock norm         =  1.788D-03 for orbital     82a         

 ITERATION  ENERGY          1e-ENERGY        2e-ENERGY     NORM[dD(SAO)]  TOL
   9  -1050.2643442509    -4981.2450090     2140.0175734    0.176D+00 0.111D-11
                            Exc = -102.104251179      Eck =  2242.12182461    
                              N = 163.99848479    
                            current damping = 0.250
 
          Norm of current diis error: 0.94258E-02
          max. resid. norm for Fia-block=  8.091D-04 for orbital     82a         
          max. resid. fock norm         =  1.183D-03 for orbital     77a         

 ITERATION  ENERGY          1e-ENERGY        2e-ENERGY     NORM[dD(SAO)]  TOL
  10  -1050.2643582293    -4981.2465824     2140.0191329    0.655D-01 0.111D-11
                            Exc = -102.103592559      Eck =  2242.12272549    
                              N = 163.99848376    
                            current damping = 0.300
 
          Norm of current diis error: 0.51361E-02
          max. resid. norm for Fia-block=  4.940D-04 for orbital     82a         
          max. resid. fock norm         =  5.425D-04 for orbital     83a         
          mo-orthogonalization: Cholesky decomposition

 ITERATION  ENERGY          1e-ENERGY        2e-ENERGY     NORM[dD(SAO)]  TOL
  11  -1050.2643626769    -4981.2491441     2140.0216902    0.345D-01 0.111D-11
                            Exc = -102.103918920      Eck =  2242.12560908    
                              N = 163.99848377    
                            current damping = 0.150
 
          Norm of current diis error: 0.23193E-02
          max. resid. norm for Fia-block=  2.713D-04 for orbital     82a         
          max. resid. fock norm         =  2.948D-04 for orbital     83a         

 ITERATION  ENERGY          1e-ENERGY        2e-ENERGY     NORM[dD(SAO)]  TOL
  12  -1050.2643638252    -4981.2497992     2140.0223441    0.461D-01 0.111D-11
                            Exc = -102.103995352      Eck =  2242.12633946    
                              N = 163.99848381    
                            current damping = 0.100
 
          Norm of current diis error: 0.10733E-02
          max. resid. norm for Fia-block=  1.222D-04 for orbital     82a         
          max. resid. fock norm         =  1.954D-04 for orbital    668a         

 ITERATION  ENERGY          1e-ENERGY        2e-ENERGY     NORM[dD(SAO)]  TOL
  13  -1050.2643641106    -4981.2493652     2140.0219099    0.508D+02 0.132D-11
                            Exc = -102.103892644      Eck =  2242.12580250    
                              N = 163.99848369    
                            current damping = 0.150
 
          Norm of current diis error: 0.55059E-03
          max. resid. norm for Fia-block=  5.208D-05 for orbital     82a         
          max. resid. fock norm         =  1.354D-03 for orbital    665a         

 ENERGY CONVERGED !

          Overall gridpoints after grid construction =        189136

 ITERATION  ENERGY          1e-ENERGY        2e-ENERGY     NORM[dD(SAO)]  TOL
  14  -1050.2506653237    -4981.2497335     2140.0359769    0.225D+00 0.133D-11
                            Exc = -102.090266724      Eck =  2242.12624358    
                              N = 163.99993632    
                            current damping = 0.200
 
          Norm of current diis error: 0.29683E-03
          max. resid. norm for Fia-block=  2.533D-05 for orbital     82a         
          max. resid. fock norm         =  3.440D-04 for orbital    668a         

 End of SCF iterations

   convergence criteria satisfied after    14 iterations


   *************************************************************************
   wb97xd                                                                   
   *************************************************************************


                  ------------------------------------------ 
                 |  total energy      =  -1050.25066532371  |
                  ------------------------------------------ 
                 :  kinetic energy    =   1043.43747465009  :
                 :  potential energy  =  -2093.68813997380  :
                 :  virial theorem    =      1.99351279566  :
                 :  wavefunction norm =      1.00000000000  :
                  .......................................... 


 <geterg> : there is no data group $energy 


 <skperg> : $end is missing 


 orbitals $scfmo  will be written to file mos

    irrep                 78a         79a         80a         81a         82a   
 eigenvalues H         -0.39067    -0.36733    -0.34193    -0.32936    -0.27787
            eV         -10.6307     -9.9957     -9.3045     -8.9623     -7.5612
 occupation              2.0000      2.0000      2.0000      2.0000      2.0000

    irrep                 83a         84a         85a         86a         87a   
 eigenvalues H         -0.04283     0.00197     0.01757     0.02725     0.03725
            eV          -1.1656      0.0535      0.4781      0.7414      1.0137
 
 
 
 
 ==============================================================================
                           electrostatic moments
 ==============================================================================

 reference point for electrostatic moments:    0.00000   0.00000   0.00000

 
              nuc           elec       ->  total
 ------------------------------------------------------------------------------
                          charge      
 ------------------------------------------------------------------------------
         164.000000    -164.000000      -0.000000
 
 ------------------------------------------------------------------------------
                       dipole moment  
 ------------------------------------------------------------------------------
   x   -1958.375357    1960.216759       1.841402
   y     112.042250    -114.910448      -2.868197
   z     -10.897122      10.876721      -0.020402
 
   | dipole moment | =     3.4085 a.u. =     8.6635 debye 
 
 ------------------------------------------------------------------------------
                     quadrupole moment
 ------------------------------------------------------------------------------
  xx   26763.190743  -26918.068404    -154.877661
  yy    7453.965967   -7552.977150     -99.011183
  zz      86.576975    -194.744841    -108.167865
  xy   -4839.096452    4891.837923      52.741470
  xz     546.421604    -550.243476      -3.821873
  yz    -746.129493     751.742003       5.612510
 
     1/3  trace=    -120.685570
     anisotropy=     105.719751
 
 ==============================================================================
 
HOMO-LUMO Separation
 HOMO         :   -0.27786667 H =     -7.56114 eV
 LUMO         :   -0.04283359 H =     -1.16556 eV
 HOMO-LUMO gap:    0.23503308 H =     +6.39558 eV
 
 ==============================================================================


    ------------------------------------------------------------------------
         total  cpu-time :  1 hours 45 minutes and 34 seconds
         total wall-time :  1 hours 45 minutes and 57 seconds
    ------------------------------------------------------------------------

   ****  ridft : all done  ****


    2025-04-09 08:48:38.766 

 ridft ended normally
