
 eiger (nano13.int-nano.int.kit.edu) : TURBOMOLE rev. V7-6 19 Oct 2021 at 10:10:11 compiled Oct 19th 2021
 Copyright (C) 2021 TURBOMOLE GmbH, Karlsruhe


    2025-04-09 21:28:52.401 

 wb97xd                                                                         
  
Total energy =   -996.7351203639 H =    -27122.5441199 eV
 
 HOMO-LUMO Separation
   HOMO:    85.    85 a     -0.25933004 H =     -7.05673 eV
   LUMO:    86.    86 a     -0.02806322 H =     -0.76364 eV
   Gap :                    +0.23126682 H =     +6.29309 eV
 
Number of MOs=    737, Electrons=    170.00, Symmetry: c1   
 
   Nr.   Orbital    Occupation       Energy
  102.   102 a                     +0.078711 H =        +2.142 eV
  101.   101 a                     +0.074951 H =        +2.040 eV
  100.   100 a                     +0.074711 H =        +2.033 eV
   99.    99 a                     +0.070349 H =        +1.914 eV
   98.    98 a                     +0.066502 H =        +1.810 eV
   97.    97 a                     +0.061393 H =        +1.671 eV
   96.    96 a                     +0.057544 H =        +1.566 eV
   95.    95 a                     +0.055035 H =        +1.498 eV
   94.    94 a                     +0.050786 H =        +1.382 eV
   93.    93 a                     +0.048747 H =        +1.326 eV
   92.    92 a                     +0.045299 H =        +1.233 eV
   91.    91 a                     +0.040805 H =        +1.110 eV
   90.    90 a                     +0.036825 H =        +1.002 eV
   89.    89 a                     +0.030771 H =        +0.837 eV
   88.    88 a                     +0.029327 H =        +0.798 eV
   87.    87 a                     +0.018394 H =        +0.501 eV
   86.    86 a                     -0.028063 H =        -0.764 eV
   85.    85 a        2.000        -0.259330 H =        -7.057 eV
   84.    84 a        2.000        -0.309204 H =        -8.414 eV
   83.    83 a        2.000        -0.324931 H =        -8.842 eV
   82.    82 a        2.000        -0.358481 H =        -9.755 eV
   81.    81 a        2.000        -0.365394 H =        -9.943 eV
   80.    80 a        2.000        -0.395045 H =       -10.750 eV
   79.    79 a        2.000        -0.416894 H =       -11.344 eV
   78.    78 a        2.000        -0.423294 H =       -11.518 eV
   77.    77 a        2.000        -0.429888 H =       -11.698 eV
   76.    76 a        2.000        -0.438197 H =       -11.924 eV
   75.    75 a        2.000        -0.443624 H =       -12.072 eV
   74.    74 a        2.000        -0.458255 H =       -12.470 eV
   73.    73 a        2.000        -0.465646 H =       -12.671 eV
   72.    72 a        2.000        -0.469698 H =       -12.781 eV
   71.    71 a        2.000        -0.480389 H =       -13.072 eV
   70.    70 a        2.000        -0.484587 H =       -13.186 eV


    ------------------------------------------------------------------------
         total  cpu-time :   0.28 seconds
         total wall-time :   0.30 seconds
    ------------------------------------------------------------------------

   ****  eiger : all done  ****


    2025-04-09 21:28:52.686 

