
 ridft (nano13.int-nano.int.kit.edu) : TURBOMOLE rev. V7-6 19 Oct 2021 at 10:10:11 compiled Oct 19th 2021
 Copyright (C) 2021 TURBOMOLE GmbH, Karlsruhe


    2025-04-09 18:58:18.709 



                                  r i d f t

                        DFT program with RI approximation 
                                for coulomb part 




                                                 
                                 References:     
                                                 
          TURBOMOLE:                             
              R. Ahlrichs, M. Baer, M. Haeser, H. Horn, and
              C. Koelmel
              Electronic structure calculations on workstation
              computers: the program system TURBOMOLE
              Chem. Phys. Lett. 162: 165 (1989)
          Density Functional:                              
              O. Treutler and R. Ahlrichs                      
              Efficient Molecular Numerical Integration Schemes
              J. Chem. Phys. 102: 346 (1995)                   
          Parallel Version:                                
              Performance of parallel TURBOMOLE for Density    
              Functional Calculations                          
              M. v. Arnim and R. Ahlrichs                      
              J. Comp. Chem. 19: 1746 (1998)                   
          RI-J Method:                                     
              Auxiliary Basis Sets to approximate Coulomb      
              Potentials                                       
              Chem. Phys. Lett. 240: 283 (1995)                
              K. Eichkorn, O. Treutler, H. Oehm, M. Haeser     
              and R. Ahlrichs                                  
              Chem. Phys. Lett. 242: 652 (1995)                
                                                           
              Auxiliary Basis Sets for Main Row Atoms and their
              Use to approximate Coulomb Potentials            
              K. Eichkorn, F. Weigend, O. Treutler and         
              R. Ahlrichs                                      
              Theo. Chem. Acc. 97: 119 (1997)                   
                                                           
              Accurate Coulomb-fitting basis sets for H to Rn 
              F. Weigend                                        
              Phys. Chem. Chem. Phys. 8: 1057 (2006)            
                                                           
          Multipole accelerated RI-J (MARI-J):             
              Fast evaluation of the Coulomb potential for     
              electron densities using multipole accelerated   
              resolution of identity approximation             
              M. Sierka, A. Hogekamp and R. Ahlrichs           
              J. Chem. Phys. 118: 9136 (2003)                  
          RI-JK Method:                                     
              A fully direct RI-HF algorithm: Implementation,
              optimised auxiliary basis sets, demonstration of
              accuracy and efficiency                         
              F. Weigend                                      
              Phys. Chem. Chem. Phys. 4: 4285 (2002)           
          Two-component HF and DFT with spin-orbit coupling:  
              Self-consistent treatment of spin-orbit         
              interactions with efficient Hartree-Fock and    
              density functional methods                      
              M. K. Armbruster, F. Weigend, C. van Wüllen and 
              W. Klopper                                      
              Phys. Chem. Chem. Phys. 10: 1748 (2008)         
          Two-component difference density and DIIS algorithm 
              Efficient two-component self-consistent field   
              procedures and gradients: implementation in     
              TURBOMOLE and application to Au20-              
              A. Baldes, F. Weigend                           
              Mol. Phys. 111: 2617 (2013)                     
          Relativistic all-electron 2c calculations           
              An efficient implementation of two-component    
              relativistic exact-decoupling methods for large 
              molecules                                       
              D. Peng, N. Middendorf, F. Weigend, M. Reiher   
              J. Chem. Phys. 138: 184105 (2013)               
          Finite nucleus model and SNSO approximation         
              Efficient implementation of one- and two-       
              component analytical energy gradients in exact  
              two-component theory                            
              Y. J. Franzke, N. Middendorf, F. Weigend        
              J. Chem. Phys. 148: 104110 (2018)               
          Grids for all-electron relativistic methods         
              Error-consistent segmented contracted all-      
              electron relativistic basis sets of double-     
              and triple-zeta quality for NMR shielding       
              constants                                       
              Y. J. Franzke, R. Tress, T. M. Pazdera,         
              F. Weigend                                      
              Phys. Chem. Chem. Phys. 21: 166658 (2019)       
          Seminumerical exchange algorithms                   
              Seminumerical calculation of the Hartree-Fock   
              exchange matirx: Application to two-component   
              procedures and efficient evaluation of local    
              hybrid functionsl                               
               P. Plessow, F. Weigend,                        
              J. Comput. Chem. 33: 810 (2012)                 
          Improved seminumerical algorithms                   
              C. Holzer,                                      
              J. Chem. Phys. 153 (2020), 184115               
                                         




              +--------------------------------------------------+
              |      general information about current run       |
              +--------------------------------------------------+

 
 Libxc version: 5.1.4
 S. Lehtola, C. Steigemann, M.J.T. Oliveira, and M.A.L. Marques, Software X 7, 1 (2018)
 M.A.L. Marques, M.J.T. Oliveira, and T. Burnus, Comput. Phys. Commun. 183, 2272 (2012)
 TURBOMOLE integration by Christof Holzer

 Name of XC-Functional: wB97X range-separated functional
 alpha=    0.15771
 beta =    0.84229
 omega=    0.30000
 [1] J.-D. Chai and M. Head-Gordon, J. Chem. Phys. 128, 084106 (2008)
 A Hybrid-DFT calculation using the RI-J approximation will be carried out.
 Allocatable memory for RI due to $ricore (MB):                  2000

   *************************************************************************
   wb97xd                                                                   
   *************************************************************************




              +--------------------------------------------------+
              | Atomic coordinate, charge and isotop information |
              +--------------------------------------------------+

                    atomic coordinates            atom    charge  isotop
        -22.89259418    7.30563624   -0.80306708    c      6.000     0
        -20.52082753    8.51573594   -0.98832765    c      6.000     0
        -18.27220514    7.19481052   -0.81682214    c      6.000     0
        -18.26613467    4.55627833   -0.43627338    c      6.000     0
        -15.96474395    3.14591555   -0.26912016    c      6.000     0
        -15.97723431    0.59065923    0.10553554    c      6.000     0
        -18.28647409   -0.81015719    0.36714573    c      6.000     0
        -18.31551213   -3.48804931    0.77754797    c      6.000     0
        -20.69378322   -4.69181524    0.96326420    c      6.000     0
        -22.94815156   -3.37864514    0.73455762    c      6.000     0
        -22.97267960   -0.74660451    0.34570141    c      6.000     0
        -25.27159895    0.65814608    0.13600422    c      6.000     0
        -25.27218612    3.21396071   -0.23061801    c      6.000     0
        -22.95862879    4.62711303   -0.41638497    c      6.000     0
        -20.62098500    3.24877017   -0.22432762    c      6.000     0
        -20.61947282    0.56309062    0.16795667    c      6.000     0
        -25.22142910    8.77079984   -0.99376253    c      6.000     0
        -15.97517644   -4.93417907    1.01797733    c      6.000     0
        -25.45134718   11.23760710   -1.66351693    c      6.000     0
        -15.78141231   -7.46648886    0.58048744    c      6.000     0
        -27.83740497   12.48423944   -1.76000002    c      6.000     0
        -13.70253366   -8.96434210    0.94816331    n      7.000     0
        -13.53927516  -11.38674478   -0.32204180    c      6.000     0
        -11.37326047   -7.86944882    1.86829275    c      6.000     0
        -29.76828121   13.53279145   -1.85433029    n      7.000     0
        -20.44732476   10.56116441   -1.24798415    h      1.000     0
        -16.47005964    8.19411712   -0.96441235    h      1.000     0
        -14.17407061    4.15866532   -0.46437232    h      1.000     0
        -14.17734959   -0.40874168    0.18219910    h      1.000     0
        -20.76454164   -6.71476231    1.36556274    h      1.000     0
        -24.74610789   -4.38454634    0.90232734    h      1.000     0
        -27.06389219   -0.36280818    0.26982281    h      1.000     0
        -27.08335065    4.17891845   -0.39735373    h      1.000     0
        -26.98160358    7.79242735   -0.54845404    h      1.000     0
        -14.27959765   -3.90244583    1.56934680    h      1.000     0
        -23.81839699   12.39273557   -2.18435345    h      1.000     0
        -17.41793249   -8.50458838   -0.14374487    h      1.000     0
        -15.44793456  -12.14667852   -0.64088566    h      1.000     0
        -12.57923898  -11.26627152   -2.18145485    h      1.000     0
        -12.49055329  -12.75199747    0.85106660    h      1.000     0
        -10.43103076   -6.65644935    0.44150900    h      1.000     0
        -11.74029407   -6.70396244    3.55424492    h      1.000     0
        -10.05394305   -9.38385542    2.40289448    h      1.000     0
 
       center of nuclear mass  :  -20.21373417    1.25376533   -0.10000406
       center of nuclear charge:  -20.08622372    1.08302262   -0.08668211

              +--------------------------------------------------+
              |               basis set information              |
              +--------------------------------------------------+

              we will work with the 1s 3p 5d 7f 9g ... basis set
              ...i.e. with spherical basis functions...

   type   atoms  prim   cont   basis
   ---------------------------------------------------------------------------
    c       23     43     23   aug-cc-pVDZ   [4s3p2d|18s5p2d]
    n        2     43     23   aug-cc-pVDZ   [4s3p2d|18s5p2d]
    h       18     11      9   aug-cc-pVDZ   [3s2p|5s2p]
   ---------------------------------------------------------------------------
   total:   43   1273    737
   ---------------------------------------------------------------------------

   total number of primitive shells          :   57
   total number of contracted shells         :  315
   total number of cartesian basis functions :  787
   total number of SCF-basis functions       :  737


 integral neglect threshold       :  0.42E-11
 integral storage threshold THIZE :  0.10E-04
 integral storage threshold THIME :         5

 RI-J AUXILIARY BASIS SET information:

              we will work with the 1s 3p 5d 7f 9g ... basis set
              ...i.e. with spherical basis functions...

   type   atoms  prim   cont   basis
   ---------------------------------------------------------------------------
    c       23     70     49   aug-cc-pVDZ   [6s4p3d1f1g|12s5p4d2f1g]
    n        2     70     49   aug-cc-pVDZ   [6s4p3d1f1g|12s5p4d2f1g]
    h       18     16     11   aug-cc-pVDZ   [3s1p1d|5s2p1d]
   ---------------------------------------------------------------------------
   total:   43   2038   1423
   ---------------------------------------------------------------------------

   total number of primitive shells          :   56
   total number of contracted shells         :  465
   total number of cartesian basis functions : 1741
   total number of SCF-basis functions       : 1423


 symmetry group of the molecule :   c1 

 the group has the following generators :
   c1(z)

    1 symmetry operations found

 there are 1 real representations :   a   

 maximum number of shells which are related by symmetry :  1

  
           ------------------
           density functional
           ------------------
 Name of XC-Functional: wB97X range-separated functional
 alpha=    0.15771
 beta =    0.84229
 omega=    0.30000
 [1] J.-D. Chai and M. Head-Gordon, J. Chem. Phys. 128, 084106 (2008)

 iterations will be done with small grid
  
 spherical integration : Lebedev's spherical grid
 spherical gridsize    :                     3
    i.e. gridpoints    :                   302
 value for diffuse not defined
 radial integration    : Chebyshev 2nd kind (scaling 3)
 radial gridsize       :                     3
 integration cells     :                    43
 partition function    : becke
 partition sharpness   :                     3
  

 biggest AO integral is expected to be     4.122252735

          ------------------------
          nuclear repulsion energy  :   1864.92438709    
          ------------------------

  _________________________________
 |                                 |
 |         DFTD3 V3.1 Rev 0        |
 | S.Grimme, University Bonn       |
 |            June  2014           |
 |   see standalone version        |
 |       dftd3 -h for options      |
 |_________________________________|
 
 Please cite DFT-D3 work done with this code as:
 S. Grimme, J. Antony, S. Ehrlich and H. Krieg,
 J. Chem. Phys, 132 (2010), 154104.
 If used with BJ-damping cite also
 S. Grimme, S. Ehrlich and L. Goerigk,
 J. Comput. Chem. 32 (2011), 1456-1465
 For DFT-D2 the reference is
 S. Grimme, J. Comput. Chem., 27 (2006), 1787-1799
 
C6 coefficients used:
                     2  C6 for element                      1
Z=  1 CN= 0.912     C6(AA)=    3.03
Z=  1 CN= 0.000     C6(AA)=    7.59
                     5  C6 for element                      6
Z=  6 CN= 0.000     C6(AA)=   49.11
Z=  6 CN= 0.987     C6(AA)=   43.25
Z=  6 CN= 1.998     C6(AA)=   29.36
Z=  6 CN= 2.999     C6(AA)=   25.78
Z=  6 CN= 3.984     C6(AA)=   18.21
                     4  C6 for element                      7
Z=  7 CN= 0.000     C6(AA)=   25.27
Z=  7 CN= 0.994     C6(AA)=   22.12
Z=  7 CN= 2.014     C6(AA)=   19.68
Z=  7 CN= 2.990     C6(AA)=   15.58

#           XYZ [au]              R0(AA) [Ang.]  CN          C6(AA)     C8(AA)   C10(AA) [au]
  1 -22.89259   7.30564  -0.80307   c   0.000  3.178        25.1       727.1     25761.0
  2 -20.52083   8.51574  -0.98833   c   0.000  3.160        25.2       729.6     25848.2
  3 -18.27221   7.19481  -0.81682   c   0.000  3.152        25.3       730.6     25883.6
  4 -18.26613   4.55628  -0.43627   c   0.000  3.218        24.9       720.8     25538.5
  5 -15.96474   3.14592  -0.26912   c   0.000  3.147        25.3       731.1     25901.5
  6 -15.97723   0.59066   0.10554   c   0.000  3.151        25.3       730.6     25885.0
  7 -18.28647  -0.81016   0.36715   c   0.000  3.240        24.8       716.7     25392.8
  8 -18.31551  -3.48805   0.77755   c   0.000  3.181        25.1       726.7     25747.4
  9 -20.69378  -4.69182   0.96326   c   0.000  3.160        25.2       729.6     25848.4
 10 -22.94815  -3.37865   0.73456   c   0.000  3.152        25.3       730.5     25881.0
 11 -22.97268  -0.74660   0.34570   c   0.000  3.217        24.9       721.0     25545.3
 12 -25.27160   0.65815   0.13600   c   0.000  3.148        25.3       731.0     25897.8
 13 -25.27219   3.21396  -0.23062   c   0.000  3.148        25.3       731.0     25900.1
 14 -22.95863   4.62711  -0.41638   c   0.000  3.237        24.8       717.3     25412.4
 15 -20.62098   3.24877  -0.22433   c   0.000  3.297        24.3       703.1     24910.3
 16 -20.61947   0.56309   0.16796   c   0.000  3.298        24.3       702.7     24896.7
 17 -25.22143   8.77080  -0.99376   c   0.000  3.134        25.3       732.6     25955.2
 18 -15.97518  -4.93418   1.01798   c   0.000  3.121        25.4       733.9     26002.1
 19 -25.45135  11.23761  -1.66352   c   0.000  3.057        25.6       739.1     26186.6
 20 -15.78141  -7.46649   0.58049   c   0.000  3.151        25.3       730.6     25885.9
 21 -27.83740  12.48424  -1.76000   c   0.000  2.058        29.4       849.6     30101.3
 22 -13.70253  -8.96434   0.94816   n   0.000  3.055        15.6       344.9      9319.5
 23 -13.53928 -11.38674  -0.32204   c   0.000  4.069        18.3       528.6     18727.0
 24 -11.37326  -7.86945   1.86829   c   0.000  4.075        18.3       528.5     18724.1
 25 -29.76828  13.53279  -1.85433   n   0.000  1.020        22.1       488.0     13189.0
 26 -20.44732  10.56116  -1.24798   h   0.000  1.003         3.1        37.3       553.0
 27 -16.47006   8.19412  -0.96441   h   0.000  1.002         3.1        37.3       553.1
 28 -14.17407   4.15867  -0.46437   h   0.000  1.002         3.1        37.3       553.0
 29 -14.17735  -0.40874   0.18220   h   0.000  1.004         3.1        37.3       552.9
 30 -20.76454  -6.71476   1.36556   h   0.000  1.003         3.1        37.3       553.0
 31 -24.74611  -4.38455   0.90233   h   0.000  1.002         3.1        37.3       553.1
 32 -27.06389  -0.36281   0.26982   h   0.000  1.002         3.1        37.3       553.0
 33 -27.08335   4.17892  -0.39735   h   0.000  1.004         3.1        37.3       552.9
 34 -26.98160   7.79243  -0.54845   h   0.000  1.006         3.1        37.3       552.8
 35 -14.27960  -3.90245   1.56935   h   0.000  1.005         3.1        37.3       552.8
 36 -23.81840  12.39274  -2.18435   h   0.000  1.003         3.1        37.3       553.0
 37 -17.41793  -8.50459  -0.14374   h   0.000  1.004         3.1        37.3       552.9
 38 -15.44793 -12.14668  -0.64089   h   0.000  0.997         3.1        37.4       553.5
 39 -12.57924 -11.26627  -2.18145   h   0.000  0.994         3.1        37.4       553.7
 40 -12.49055 -12.75200   0.85107   h   0.000  0.996         3.1        37.4       553.6
 41 -10.43103  -6.65645   0.44151   h   0.000  0.994         3.1        37.4       553.7
 42 -11.74029  -6.70396   3.55424   h   0.000  0.997         3.1        37.4       553.5
 43 -10.05394  -9.38386   2.40289   h   0.000  0.997         3.1        37.4       553.5

molecular C6(AA) [au] =     23818.27

           DFT-D V3(BJ)
 DF wb97x                                             
 parameters
 s6       :    1.0000
 s8       :    0.2641
 a1       :    0.0000
 a2       :    5.4959
 k1-k3    :   16.0000    1.3333   -4.0000
 
 Edisp /kcal,au:   -71.0438 -0.11321542

 E6    /kcal :   -58.3211
 E8    /kcal :   -12.7227
 % E8        : 17.91
 nuclear repulsion energy                  =    1864.924387094
  DFT-D3 Energy contribution               =      -0.113215425
 nuclear repulsion + dispersion correction =    1864.811171669


         -----------------
         -S,T+V- integrals
         -----------------

 1e-integrals will be neglected if expon. factor < 0.424646E-12
 
   Difference densities algorithm switched on.
   The maximal number of linear combinations of
   difference densities is                    20 .

 DIIS switched on: error vector is FDS-SDF
 Max. Iterations for DIIS is     :   4
 DIIS matrix (see manual) 
    Scaling factor of diagonals  :  1.200
    threshold for scaling factor :  0.000

 scf convergence criterion : increment of total energy < .1000000D-06
                  and increment of one-electron energy < .1000000D-03

 MOs are in ASCII format !


    mo occupation :
   irrep   mo's   occupied
    a      737       85
 
 number of basis functions   :   737
 number of occupied orbitals :    85
 

 reading orbital data $scfmo  from file mos
 orbital characterization : expanded
 virtual MOs provided and orthogonalized by Cholesky decomposition

 automatic virtual orbital shift switched on 
      shift if e(lumo)-e(homo) < 0.10000000    

  
           ------------------------
               RI-J - INFORMATION
           ------------------------
 Contributions to RI integral batches: 
  neglected integral batches:                 10507
  direct contribution:                        10529
  memory contribution:                 28734
 Memory core needed for (P|Q) and Cholesky     16 MByte
 Memory core minimum needed except of (P|Q)     2 MByte
 Total minimum memory core needed (sum)        18 MByte
  
 ****************************************
 Memory allocated for RI-J  1825 MByte
 ****************************************
                                            

 DSCF restart information will be dumped onto file mos


 Starting SCF iterations

          Overall gridpoints after grid construction =         58072

 ITERATION  ENERGY          1e-ENERGY        2e-ENERGY     NORM[dD(SAO)]  TOL
   1  -993.55272775616    -5010.6447312     2152.2808318    0.000D+00 0.424D-11
                            Exc = -98.2653130653     Coul =  2293.96380430    
                            exK = -43.4176594294    
                              N = 170.00096056    
                            current damping = 0.300
 
          max. resid. norm for Fia-block=  3.116D-01 for orbital     50a         
          max. resid. fock norm         =  1.440D+00 for orbital    725a         

 ITERATION  ENERGY          1e-ENERGY        2e-ENERGY     NORM[dD(SAO)]  TOL
   2  -996.39166295877    -5044.7542831     2183.5514485    0.231D+03 0.112D-11
                            Exc = -100.276434898      Eck =  2283.82788337    
                              N = 170.00091519    
                            current damping = 0.250
 
          Norm of current diis error:  2.6534    
          max. resid. norm for Fia-block=  1.345D-01 for orbital     85a         
          max. resid. fock norm         =  3.001D-01 for orbital    724a         

 ITERATION  ENERGY          1e-ENERGY        2e-ENERGY     NORM[dD(SAO)]  TOL
   3  -996.62482165390    -5046.1742697     2184.7382763    0.702D+02 0.104D-11
                            Exc = -100.727688193      Eck =  2285.46596452    
                              N = 170.00066390    
                            current damping = 0.150
 
          Norm of current diis error:  1.4196    
          max. resid. norm for Fia-block=  1.042D-01 for orbital     79a         
          max. resid. fock norm         =  1.112D-01 for orbital     79a         

 ITERATION  ENERGY          1e-ENERGY        2e-ENERGY     NORM[dD(SAO)]  TOL
   4  -996.72115020181    -5048.1653351     2186.6330132    0.140D+02 0.101D-11
                            Exc = -100.721461831      Eck =  2287.35447507    
                              N = 170.00054527    
                            current damping = 0.100
 
          Norm of current diis error: 0.68145    
          max. resid. norm for Fia-block=  4.179D-02 for orbital     79a         
          max. resid. fock norm         =  5.060D-02 for orbital     79a         

 ITERATION  ENERGY          1e-ENERGY        2e-ENERGY     NORM[dD(SAO)]  TOL
   5  -996.74893909014    -5049.3858649     2187.8257541    0.703D+01 0.100D-11
                            Exc = -100.832700450      Eck =  2288.65845458    
                              N = 170.00049701    
                            current damping = 0.100
 
          Norm of current diis error: 0.14412    
          max. resid. norm for Fia-block=  7.034D-03 for orbital     78a         
          max. resid. fock norm         =  9.423D-03 for orbital     40a         
          mo-orthogonalization: Cholesky decomposition

 ITERATION  ENERGY          1e-ENERGY        2e-ENERGY     NORM[dD(SAO)]  TOL
   6  -996.75033168348    -5049.0281682     2187.4666649    0.220D+01 0.101D-11
                            Exc = -100.824072808      Eck =  2288.29073768    
                              N = 170.00048604    
                            current damping = 0.150
 
          Norm of current diis error: 0.60393E-01
          max. resid. norm for Fia-block=  2.466D-03 for orbital     85a         
          max. resid. fock norm         =  3.589D-03 for orbital     35a         

 ITERATION  ENERGY          1e-ENERGY        2e-ENERGY     NORM[dD(SAO)]  TOL
   7  -996.75058417015    -5049.1876879     2187.6259320    0.993D+00 0.100D-11
                            Exc = -100.824011104      Eck =  2288.44994313    
                              N = 170.00046965    
                            current damping = 0.200
 
          Norm of current diis error: 0.23286E-01
          max. resid. norm for Fia-block=  1.454D-03 for orbital     85a         
          max. resid. fock norm         =  1.637D-03 for orbital     86a         

 ITERATION  ENERGY          1e-ENERGY        2e-ENERGY     NORM[dD(SAO)]  TOL
   8  -996.75064974845    -5049.1913618     2187.6295403    0.287D+00 0.100D-11
                            Exc = -100.826243012      Eck =  2288.45578336    
                              N = 170.00046428    
                            current damping = 0.100
 
          Norm of current diis error: 0.10710E-01
          max. resid. norm for Fia-block=  8.843D-04 for orbital     85a         
          max. resid. fock norm         =  9.631D-04 for orbital     85a         

 ITERATION  ENERGY          1e-ENERGY        2e-ENERGY     NORM[dD(SAO)]  TOL
   9  -996.75066999340    -5049.1846837     2187.6228420    0.168D+00 0.100D-11
                            Exc = -100.826041812      Eck =  2288.44888383    
                              N = 170.00045909    
                            current damping = 0.150
 
          Norm of current diis error: 0.65014E-02
          max. resid. norm for Fia-block=  4.890D-04 for orbital     85a         
          max. resid. fock norm         =  5.493D-04 for orbital     86a         

 ITERATION  ENERGY          1e-ENERGY        2e-ENERGY     NORM[dD(SAO)]  TOL
  10  -996.75067530042    -5049.1883700     2187.6265230    0.633D-01 0.100D-11
                            Exc = -100.825673127      Eck =  2288.45219617    
                              N = 170.00045715    
                            current damping = 0.200
 
          Norm of current diis error: 0.51884E-02
          max. resid. norm for Fia-block=  3.046D-04 for orbital     72a         
          max. resid. fock norm         =  4.507D-04 for orbital     72a         
          mo-orthogonalization: Cholesky decomposition

 ITERATION  ENERGY          1e-ENERGY        2e-ENERGY     NORM[dD(SAO)]  TOL
  11  -996.75067818982    -5049.1901815     2187.6283317    0.292D-01 0.100D-11
                            Exc = -100.826085415      Eck =  2288.45441709    
                              N = 170.00045589    
                            current damping = 0.100
 
          Norm of current diis error: 0.22858E-02
          max. resid. norm for Fia-block=  2.259D-04 for orbital     85a         
          max. resid. fock norm         =  2.493D-04 for orbital    733a         

 ITERATION  ENERGY          1e-ENERGY        2e-ENERGY     NORM[dD(SAO)]  TOL
  12  -996.75067907539    -5049.1879989     2187.6261482    0.470D-01 0.996D-12
                            Exc = -100.826055930      Eck =  2288.45220409    
                              N = 170.00045521    
                            current damping = 0.150
 
          Norm of current diis error: 0.11148E-02
          max. resid. norm for Fia-block=  7.763D-05 for orbital     83a         
          max. resid. fock norm         =  3.817D-04 for orbital    733a         

 ITERATION  ENERGY          1e-ENERGY        2e-ENERGY     NORM[dD(SAO)]  TOL
  13  -996.75067934260    -5049.1895202     2187.6276692    0.559D+02 0.121D-11
                            Exc = -100.825995758      Eck =  2288.45366494    
                              N = 170.00045500    
                            current damping = 0.200
 
          Norm of current diis error: 0.64261E-03
          max. resid. norm for Fia-block=  5.108D-05 for orbital     85a         
          max. resid. fock norm         =  2.136D-03 for orbital    733a         

 ITERATION  ENERGY          1e-ENERGY        2e-ENERGY     NORM[dD(SAO)]  TOL
  14  -996.75067942251    -5049.1887512     2187.6269001    0.371D+00 0.121D-11
                            Exc = -100.826030893      Eck =  2288.45293098    
                              N = 170.00045501    
                            current damping = 0.250
 
          Norm of current diis error: 0.36183E-03
          max. resid. norm for Fia-block=  3.373D-05 for orbital     85a         
          max. resid. fock norm         =  1.581D-03 for orbital    733a         

 ENERGY CONVERGED !

          Overall gridpoints after grid construction =        212258

 ITERATION  ENERGY          1e-ENERGY        2e-ENERGY     NORM[dD(SAO)]  TOL
  15  -996.73512036390    -5049.1890262     2187.6427342    0.101D+00 0.121D-11
                            Exc = -100.810480063      Eck =  2288.45321427    
                              N = 169.99962462    
                            current damping = 0.300
 
          Norm of current diis error: 0.18435E-03
          max. resid. norm for Fia-block=  1.344D-05 for orbital     83a         
          max. resid. fock norm         =  1.086D-03 for orbital    733a         

 End of SCF iterations

   convergence criteria satisfied after    15 iterations


   *************************************************************************
   wb97xd                                                                   
   *************************************************************************


                  ------------------------------------------ 
                 |  total energy      =   -996.73512036390  |
                  ------------------------------------------ 
                 :  kinetic energy    =    989.81598603269  :
                 :  potential energy  =  -1986.55110639659  :
                 :  virial theorem    =      1.99305820153  :
                 :  wavefunction norm =      1.00000000000  :
                  .......................................... 


 <geterg> : there is no data group $energy 


 <skperg> : $end is missing 


 orbitals $scfmo  will be written to file mos

    irrep                 81a         82a         83a         84a         85a   
 eigenvalues H         -0.36539    -0.35848    -0.32493    -0.30920    -0.25933
            eV          -9.9430     -9.7548     -8.8419     -8.4139     -7.0568
 occupation              2.0000      2.0000      2.0000      2.0000      2.0000

    irrep                 86a         87a         88a         89a         90a   
 eigenvalues H         -0.02806     0.01839     0.02933     0.03077     0.03682
            eV          -0.7636      0.5005      0.7980      0.8373      1.0021
 
 
 
 
 ==============================================================================
                           electrostatic moments
 ==============================================================================

 reference point for electrostatic moments:    0.00000   0.00000   0.00000

 
              nuc           elec       ->  total
 ------------------------------------------------------------------------------
                          charge      
 ------------------------------------------------------------------------------
         170.000000    -170.000000      -0.000000
 
 ------------------------------------------------------------------------------
                       dipole moment  
 ------------------------------------------------------------------------------
   x   -3414.658032    3417.473192       2.815160
   y     184.113845    -187.289185      -3.175340
   z     -14.735959      14.954854       0.218895
 
   | dipole moment | =     4.2492 a.u. =    10.8004 debye 
 
 ------------------------------------------------------------------------------
                     quadrupole moment
 ------------------------------------------------------------------------------
  xx   72656.459981  -72883.321535    -226.861554
  yy    8614.342141   -8729.390495    -115.048354
  zz     170.255877    -285.608298    -115.352421
  xy   -8047.958471    8131.850716      83.892245
  xz     810.860240    -818.419413      -7.559173
  yz    -974.312915     976.647459       2.334544
 
     1/3  trace=    -152.420776
     anisotropy=     183.765571
 
 ==============================================================================
 
HOMO-LUMO Separation
 HOMO         :   -0.25933004 H =     -7.05673 eV
 LUMO         :   -0.02806322 H =     -0.76364 eV
 HOMO-LUMO gap:    0.23126682 H =     +6.29309 eV
 
 ==============================================================================


    ------------------------------------------------------------------------
         total  cpu-time :  2 hours 21 minutes and 10 seconds
         total wall-time :  2 hours 30 minutes and 34 seconds
    ------------------------------------------------------------------------

   ****  ridft : all done  ****


    2025-04-09 21:28:52.181 

 ridft ended normally
