
 eiger (nano09.int-nano.int.kit.edu) : TURBOMOLE rev. V7-6 19 Oct 2021 at 10:10:11 compiled Oct 19th 2021
 Copyright (C) 2021 TURBOMOLE GmbH, Karlsruhe


    2025-04-09 01:52:49.514 

 m062x                                                                          
  
Total energy =  -1030.1798220600 H =    -28032.6208081 eV
 
 HOMO-LUMO Separation
   HOMO:    82.    82 a     -0.23369208 H =     -6.35909 eV
   LUMO:    83.    83 a     -0.07700964 H =     -2.09554 eV
   Gap :                    +0.15668244 H =     +4.26355 eV
 
Number of MOs=    678, Electrons=    164.00, Symmetry: c1   
 
   Nr.   Orbital    Occupation       Energy
   99.    99 a                     +0.040648 H =        +1.106 eV
   98.    98 a                     +0.036368 H =        +0.990 eV
   97.    97 a                     +0.033753 H =        +0.918 eV
   96.    96 a                     +0.028884 H =        +0.786 eV
   95.    95 a                     +0.022135 H =        +0.602 eV
   94.    94 a                     +0.019468 H =        +0.530 eV
   93.    93 a                     +0.015215 H =        +0.414 eV
   92.    92 a                     +0.011097 H =        +0.302 eV
   91.    91 a                     +0.007330 H =        +0.199 eV
   90.    90 a                     +0.002885 H =        +0.079 eV
   89.    89 a                     +0.001499 H =        +0.041 eV
   88.    88 a                     -0.004633 H =        -0.126 eV
   87.    87 a                     -0.007141 H =        -0.194 eV
   86.    86 a                     -0.019012 H =        -0.517 eV
   85.    85 a                     -0.020757 H =        -0.565 eV
   84.    84 a                     -0.034561 H =        -0.940 eV
   83.    83 a                     -0.077010 H =        -2.096 eV
   82.    82 a        2.000        -0.233692 H =        -6.359 eV
   81.    81 a        2.000        -0.282106 H =        -7.676 eV
   80.    80 a        2.000        -0.294855 H =        -8.023 eV
   79.    79 a        2.000        -0.320993 H =        -8.735 eV
   78.    78 a        2.000        -0.340043 H =        -9.253 eV
   77.    77 a        2.000        -0.360489 H =        -9.809 eV
   76.    76 a        2.000        -0.367236 H =        -9.993 eV
   75.    75 a        2.000        -0.371681 H =       -10.114 eV
   74.    74 a        2.000        -0.383179 H =       -10.427 eV
   73.    73 a        2.000        -0.385479 H =       -10.489 eV
   72.    72 a        2.000        -0.396036 H =       -10.777 eV
   71.    71 a        2.000        -0.399435 H =       -10.869 eV
   70.    70 a        2.000        -0.421779 H =       -11.477 eV
   69.    69 a        2.000        -0.424076 H =       -11.540 eV
   68.    68 a        2.000        -0.439872 H =       -11.970 eV
   67.    67 a        2.000        -0.446625 H =       -12.153 eV


    ------------------------------------------------------------------------
         total  cpu-time :   0.25 seconds
         total wall-time :   0.26 seconds
    ------------------------------------------------------------------------

   ****  eiger : all done  ****


    2025-04-09 01:52:49.757 

