
 eiger (nano14.int-nano.int.kit.edu) : TURBOMOLE rev. V7-6 19 Oct 2021 at 10:10:11 compiled Oct 19th 2021
 Copyright (C) 2021 TURBOMOLE GmbH, Karlsruhe


    2025-03-21 17:14:28.691 

 opt                                                                            
  
Total energy =  -1772.9771112910 H =    -48245.1645800 eV
 
 HOMO-LUMO Separation
   HOMO:   123.   123 a     -0.18848957 H =     -5.12906 eV
   LUMO:   124.   124 a     -0.11801164 H =     -3.21126 eV
   Gap :                    +0.07047793 H =     +1.91780 eV
 
Number of MOs=    610, Electrons=    246.00, Symmetry: c1   
 
   Nr.   Orbital    Occupation       Energy
  140.   140 a                     +0.072824 H =        +1.982 eV
  139.   139 a                     +0.071398 H =        +1.943 eV
  138.   138 a                     +0.066518 H =        +1.810 eV
  137.   137 a                     +0.057394 H =        +1.562 eV
  136.   136 a                     +0.051209 H =        +1.393 eV
  135.   135 a                     +0.048594 H =        +1.322 eV
  134.   134 a                     +0.046715 H =        +1.271 eV
  133.   133 a                     +0.043808 H =        +1.192 eV
  132.   132 a                     +0.026803 H =        +0.729 eV
  131.   131 a                     +0.023763 H =        +0.647 eV
  130.   130 a                     +0.015647 H =        +0.426 eV
  129.   129 a                     -0.005550 H =        -0.151 eV
  128.   128 a                     -0.008733 H =        -0.238 eV
  127.   127 a                     -0.016477 H =        -0.448 eV
  126.   126 a                     -0.030646 H =        -0.834 eV
  125.   125 a                     -0.062978 H =        -1.714 eV
  124.   124 a                     -0.118012 H =        -3.211 eV
  123.   123 a        2.000        -0.188490 H =        -5.129 eV
  122.   122 a        2.000        -0.222690 H =        -6.060 eV
  121.   121 a        2.000        -0.245961 H =        -6.693 eV
  120.   120 a        2.000        -0.265942 H =        -7.237 eV
  119.   119 a        2.000        -0.270218 H =        -7.353 eV
  118.   118 a        2.000        -0.276595 H =        -7.527 eV
  117.   117 a        2.000        -0.303850 H =        -8.268 eV
  116.   116 a        2.000        -0.327154 H =        -8.902 eV
  115.   115 a        2.000        -0.327885 H =        -8.922 eV
  114.   114 a        2.000        -0.334611 H =        -9.105 eV
  113.   113 a        2.000        -0.338105 H =        -9.200 eV
  112.   112 a        2.000        -0.341999 H =        -9.306 eV
  111.   111 a        2.000        -0.346850 H =        -9.438 eV
  110.   110 a        2.000        -0.349836 H =        -9.520 eV
  109.   109 a        2.000        -0.351444 H =        -9.563 eV
  108.   108 a        2.000        -0.353224 H =        -9.612 eV


    ------------------------------------------------------------------------
         total  cpu-time :   0.20 seconds
         total wall-time :   0.21 seconds
    ------------------------------------------------------------------------

   ****  eiger : all done  ****


    2025-03-21 17:14:28.885 

