
 eiger (nano15.int-nano.int.kit.edu) : TURBOMOLE rev. V7-6 19 Oct 2021 at 10:10:11 compiled Oct 19th 2021
 Copyright (C) 2021 TURBOMOLE GmbH, Karlsruhe


    2025-06-02 02:57:01.027 

 M062X                                                                          
  
Total energy =  -2293.3511352260 H =    -62405.2630200 eV
 
 HOMO-LUMO Separation
   HOMO:   167.   167 a     -0.22531520 H =     -6.13114 eV
   LUMO:   168.   168 a     -0.10074577 H =     -2.74143 eV
   Gap :                    +0.12456943 H =     +3.38971 eV
 
Number of MOs=   1413, Electrons=    334.00, Symmetry: c1   
 
   Nr.   Orbital    Occupation       Energy
  184.   184 a                     +0.017415 H =        +0.474 eV
  183.   183 a                     +0.015081 H =        +0.410 eV
  182.   182 a                     +0.011327 H =        +0.308 eV
  181.   181 a                     +0.009909 H =        +0.270 eV
  180.   180 a                     +0.008790 H =        +0.239 eV
  179.   179 a                     +0.007840 H =        +0.213 eV
  178.   178 a                     +0.004573 H =        +0.124 eV
  177.   177 a                     +0.003243 H =        +0.088 eV
  176.   176 a                     +0.002461 H =        +0.067 eV
  175.   175 a                     +0.000921 H =        +0.025 eV
  174.   174 a                     -0.001565 H =        -0.043 eV
  173.   173 a                     -0.003477 H =        -0.095 eV
  172.   172 a                     -0.006454 H =        -0.176 eV
  171.   171 a                     -0.007725 H =        -0.210 eV
  170.   170 a                     -0.014042 H =        -0.382 eV
  169.   169 a                     -0.030438 H =        -0.828 eV
  168.   168 a                     -0.100746 H =        -2.741 eV
  167.   167 a        2.000        -0.225315 H =        -6.131 eV
  166.   166 a        2.000        -0.279000 H =        -7.592 eV
  165.   165 a        2.000        -0.301219 H =        -8.197 eV
  164.   164 a        2.000        -0.302753 H =        -8.238 eV
  163.   163 a        2.000        -0.315250 H =        -8.578 eV
  162.   162 a        2.000        -0.329386 H =        -8.963 eV
  161.   161 a        2.000        -0.342380 H =        -9.317 eV
  160.   160 a        2.000        -0.359733 H =        -9.789 eV
  159.   159 a        2.000        -0.361044 H =        -9.825 eV
  158.   158 a        2.000        -0.367987 H =       -10.013 eV
  157.   157 a        2.000        -0.371621 H =       -10.112 eV
  156.   156 a        2.000        -0.381852 H =       -10.391 eV
  155.   155 a        2.000        -0.387783 H =       -10.552 eV
  154.   154 a        2.000        -0.392417 H =       -10.678 eV
  153.   153 a        2.000        -0.398875 H =       -10.854 eV
  152.   152 a        2.000        -0.399394 H =       -10.868 eV


    ------------------------------------------------------------------------
         total  cpu-time :   0.98 seconds
         total wall-time :   1.00 seconds
    ------------------------------------------------------------------------

   ****  eiger : all done  ****


    2025-06-02 02:57:02.005 

