
 eiger (nano19.int-nano.int.kit.edu) : TURBOMOLE rev. V7-6 19 Oct 2021 at 10:10:11 compiled Oct 19th 2021
 Copyright (C) 2021 TURBOMOLE GmbH, Karlsruhe


    2025-06-23 15:33:41.719 

 cam                                                                            
  
Total energy =  -1144.0564724600 H =    -31131.3623008 eV
 
 HOMO-LUMO Separation
   HOMO:    94.    94 a     -0.24519836 H =     -6.67219 eV
   LUMO:    95.    95 a     -0.08588156 H =     -2.33696 eV
   Gap :                    +0.15931680 H =     +4.33523 eV
 
Number of MOs=    801, Electrons=    188.00, Symmetry: c1   
 
   Nr.   Orbital    Occupation       Energy
  111.   111 a                     +0.050099 H =        +1.363 eV
  110.   110 a                     +0.048371 H =        +1.316 eV
  109.   109 a                     +0.046189 H =        +1.257 eV
  108.   108 a                     +0.040368 H =        +1.098 eV
  107.   107 a                     +0.036541 H =        +0.994 eV
  106.   106 a                     +0.035848 H =        +0.975 eV
  105.   105 a                     +0.030170 H =        +0.821 eV
  104.   104 a                     +0.029610 H =        +0.806 eV
  103.   103 a                     +0.025305 H =        +0.689 eV
  102.   102 a                     +0.023857 H =        +0.649 eV
  101.   101 a                     +0.018496 H =        +0.503 eV
  100.   100 a                     +0.018264 H =        +0.497 eV
   99.    99 a                     +0.012101 H =        +0.329 eV
   98.    98 a                     +0.010589 H =        +0.288 eV
   97.    97 a                     +0.006544 H =        +0.178 eV
   96.    96 a                     -0.009988 H =        -0.272 eV
   95.    95 a                     -0.085882 H =        -2.337 eV
   94.    94 a        2.000        -0.245198 H =        -6.672 eV
   93.    93 a        2.000        -0.292096 H =        -7.948 eV
   92.    92 a        2.000        -0.321499 H =        -8.748 eV
   91.    91 a        2.000        -0.329060 H =        -8.954 eV
   90.    90 a        2.000        -0.362613 H =        -9.867 eV
   89.    89 a        2.000        -0.392955 H =       -10.693 eV
   88.    88 a        2.000        -0.402978 H =       -10.966 eV
   87.    87 a        2.000        -0.407184 H =       -11.080 eV
   86.    86 a        2.000        -0.414533 H =       -11.280 eV
   85.    85 a        2.000        -0.419972 H =       -11.428 eV
   84.    84 a        2.000        -0.422433 H =       -11.495 eV
   83.    83 a        2.000        -0.425463 H =       -11.577 eV
   82.    82 a        2.000        -0.432607 H =       -11.772 eV
   81.    81 a        2.000        -0.433760 H =       -11.803 eV
   80.    80 a        2.000        -0.442336 H =       -12.037 eV
   79.    79 a        2.000        -0.450507 H =       -12.259 eV


    ------------------------------------------------------------------------
         total  cpu-time :   0.36 seconds
         total wall-time :   0.38 seconds
    ------------------------------------------------------------------------

   ****  eiger : all done  ****


    2025-06-23 15:33:42.079 

