
 ridft (nano19.int-nano.int.kit.edu) : TURBOMOLE rev. V7-6 19 Oct 2021 at 10:10:11 compiled Oct 19th 2021
 Copyright (C) 2021 TURBOMOLE GmbH, Karlsruhe


    2025-06-23 13:03:17.488 



                                  r i d f t

                        DFT program with RI approximation 
                                for coulomb part 




                                                 
                                 References:     
                                                 
          TURBOMOLE:                             
              R. Ahlrichs, M. Baer, M. Haeser, H. Horn, and
              C. Koelmel
              Electronic structure calculations on workstation
              computers: the program system TURBOMOLE
              Chem. Phys. Lett. 162: 165 (1989)
          Density Functional:                              
              O. Treutler and R. Ahlrichs                      
              Efficient Molecular Numerical Integration Schemes
              J. Chem. Phys. 102: 346 (1995)                   
          Parallel Version:                                
              Performance of parallel TURBOMOLE for Density    
              Functional Calculations                          
              M. v. Arnim and R. Ahlrichs                      
              J. Comp. Chem. 19: 1746 (1998)                   
          RI-J Method:                                     
              Auxiliary Basis Sets to approximate Coulomb      
              Potentials                                       
              Chem. Phys. Lett. 240: 283 (1995)                
              K. Eichkorn, O. Treutler, H. Oehm, M. Haeser     
              and R. Ahlrichs                                  
              Chem. Phys. Lett. 242: 652 (1995)                
                                                           
              Auxiliary Basis Sets for Main Row Atoms and their
              Use to approximate Coulomb Potentials            
              K. Eichkorn, F. Weigend, O. Treutler and         
              R. Ahlrichs                                      
              Theo. Chem. Acc. 97: 119 (1997)                   
                                                           
              Accurate Coulomb-fitting basis sets for H to Rn 
              F. Weigend                                        
              Phys. Chem. Chem. Phys. 8: 1057 (2006)            
                                                           
          Multipole accelerated RI-J (MARI-J):             
              Fast evaluation of the Coulomb potential for     
              electron densities using multipole accelerated   
              resolution of identity approximation             
              M. Sierka, A. Hogekamp and R. Ahlrichs           
              J. Chem. Phys. 118: 9136 (2003)                  
          RI-JK Method:                                     
              A fully direct RI-HF algorithm: Implementation,
              optimised auxiliary basis sets, demonstration of
              accuracy and efficiency                         
              F. Weigend                                      
              Phys. Chem. Chem. Phys. 4: 4285 (2002)           
          Two-component HF and DFT with spin-orbit coupling:  
              Self-consistent treatment of spin-orbit         
              interactions with efficient Hartree-Fock and    
              density functional methods                      
              M. K. Armbruster, F. Weigend, C. van Wüllen and 
              W. Klopper                                      
              Phys. Chem. Chem. Phys. 10: 1748 (2008)         
          Two-component difference density and DIIS algorithm 
              Efficient two-component self-consistent field   
              procedures and gradients: implementation in     
              TURBOMOLE and application to Au20-              
              A. Baldes, F. Weigend                           
              Mol. Phys. 111: 2617 (2013)                     
          Relativistic all-electron 2c calculations           
              An efficient implementation of two-component    
              relativistic exact-decoupling methods for large 
              molecules                                       
              D. Peng, N. Middendorf, F. Weigend, M. Reiher   
              J. Chem. Phys. 138: 184105 (2013)               
          Finite nucleus model and SNSO approximation         
              Efficient implementation of one- and two-       
              component analytical energy gradients in exact  
              two-component theory                            
              Y. J. Franzke, N. Middendorf, F. Weigend        
              J. Chem. Phys. 148: 104110 (2018)               
          Grids for all-electron relativistic methods         
              Error-consistent segmented contracted all-      
              electron relativistic basis sets of double-     
              and triple-zeta quality for NMR shielding       
              constants                                       
              Y. J. Franzke, R. Tress, T. M. Pazdera,         
              F. Weigend                                      
              Phys. Chem. Chem. Phys. 21: 166658 (2019)       
          Seminumerical exchange algorithms                   
              Seminumerical calculation of the Hartree-Fock   
              exchange matirx: Application to two-component   
              procedures and efficient evaluation of local    
              hybrid functionsl                               
               P. Plessow, F. Weigend,                        
              J. Comput. Chem. 33: 810 (2012)                 
          Improved seminumerical algorithms                   
              C. Holzer,                                      
              J. Chem. Phys. 153 (2020), 184115               
                                         




              +--------------------------------------------------+
              |      general information about current run       |
              +--------------------------------------------------+

 
 Libxc version: 5.1.4
 S. Lehtola, C. Steigemann, M.J.T. Oliveira, and M.A.L. Marques, Software X 7, 1 (2018)
 M.A.L. Marques, M.J.T. Oliveira, and T. Burnus, Comput. Phys. Commun. 183, 2272 (2012)
 TURBOMOLE integration by Christof Holzer

 Name of XC-Functional: CAM version of B3LYP
 alpha=    0.19000
 beta =    0.46000
 omega=    0.33000
 [1] T. Yanai, D. P. Tew, and N. C. Handy, Chem. Phys. Lett. 393, 51 (2004)
 A Hybrid-DFT calculation using the RI-J approximation will be carried out.
 Allocatable memory for RI due to $ricore (MB):                  2000

   *************************************************************************
   cam                                                                      
   *************************************************************************




              +--------------------------------------------------+
              | Atomic coordinate, charge and isotop information |
              +--------------------------------------------------+

                    atomic coordinates            atom    charge  isotop
         -8.16149810    6.08081931   -4.16244021    c      6.000     0
         -8.24394250    7.30254501    0.50809898    c      6.000     0
         -6.78332027    7.41532764   -1.99137374    c      6.000     0
         -4.24430484   10.86764203   -2.85087541    c      6.000     0
         -3.75202533   13.35282899   -3.49366859    c      6.000     0
         -4.33926377    2.07912298   -0.54914704    c      6.000     0
         -0.95453657   -5.45400187    1.49910953    c      6.000     0
         -4.01382100    6.65999088   -1.74455094    c      6.000     0
         -2.56581590    8.78099246   -2.27487839    c      6.000     0
         -0.10874127   -7.84112754    2.14948637    c      6.000     0
         -3.56066278   -4.87839602    1.29914929    c      6.000     0
         -3.01531485    4.24572308   -1.09330105    c      6.000     0
         -2.80439760  -14.22748702    3.78853352    c      6.000     0
         -1.83432767   -9.84712133    2.65116519    c      6.000     0
         -5.26374141   -6.87705484    1.79868762    c      6.000     0
         -4.45346465   -9.28063208    2.45292611    c      6.000     0
          1.68826601  -12.73820293    3.48161705    c      6.000     0
         -6.63927778   10.07786180   -2.68588059    o      8.000     0
         -1.24966663   14.33860178   -3.71303329    c      6.000     0
         -5.81486813   15.03425438   -3.96764724    c      6.000     0
          0.12193023    8.80428957   -2.23305743    c      6.000     0
         -1.00091007  -12.21793128    3.29619637    n      7.000     0
          0.75210079   15.22130155   -3.91509112    n      7.000     0
         -7.47770769   16.41649247   -4.35612750    n      7.000     0
          2.31055188    8.64049057   -2.15081258    n      7.000     0
         -3.17722053   -0.26902897    0.08979941    c      6.000     0
         -4.52273388   -2.41152297    0.62905865    c      6.000     0
         -8.43287637    4.06195837   -3.75532971    h      1.000     0
        -10.02571027    6.96032298   -4.43691253    h      1.000     0
         -7.08225850    6.25688282   -5.93027786    h      1.000     0
         -8.52053416    5.34030386    1.13039184    h      1.000     0
         -7.22088503    8.32915195    1.99821455    h      1.000     0
        -10.10714481    8.19033022    0.25641259    h      1.000     0
         -6.40810948    2.09587975   -0.59162317    h      1.000     0
          0.45274569   -3.98823921    1.13387234    h      1.000     0
          1.92051109   -8.16283149    2.27173766    h      1.000     0
         -0.94871149    4.14346830   -1.02827085    h      1.000     0
         -4.06843465  -13.76918781    5.38648101    h      1.000     0
         -4.00222601  -14.62833081    2.12493448    h      1.000     0
         -1.78261815  -15.96717286    4.26708436    h      1.000     0
         -7.29567926   -6.51731751    1.66593228    h      1.000     0
         -5.86460176  -10.73401629    2.81528601    h      1.000     0
          1.96919893  -14.72170615    4.01568464    h      1.000     0
          2.67438803  -12.42130078    1.66814818    h      1.000     0
          2.61718073  -11.55136724    4.92692664    h      1.000     0
         -1.10879983   -0.30316933    0.13859667    h      1.000     0
         -6.59007196   -2.26690129    0.55143928    h      1.000     0
 
       center of nuclear mass  :   -3.33317314    2.40737335   -0.60832862
       center of nuclear charge:   -3.36793321    2.09690160   -0.52721920

              +--------------------------------------------------+
              |               basis set information              |
              +--------------------------------------------------+

              we will work with the 1s 3p 5d 7f 9g ... basis set
              ...i.e. with spherical basis functions...

   type   atoms  prim   cont   basis
   ---------------------------------------------------------------------------
    c       22     43     23   aug-cc-pVDZ   [4s3p2d|18s5p2d]
    o        1     43     23   aug-cc-pVDZ   [4s3p2d|18s5p2d]
    n        4     43     23   aug-cc-pVDZ   [4s3p2d|18s5p2d]
    h       20     11      9   aug-cc-pVDZ   [3s2p|5s2p]
   ---------------------------------------------------------------------------
   total:   47   1381    801
   ---------------------------------------------------------------------------

   total number of primitive shells          :   82
   total number of contracted shells         :  343
   total number of cartesian basis functions :  855
   total number of SCF-basis functions       :  801


 integral neglect threshold       :  0.39E-11
 integral storage threshold THIZE :  0.10E-04
 integral storage threshold THIME :         5

 RI-J AUXILIARY BASIS SET information:

              we will work with the 1s 3p 5d 7f 9g ... basis set
              ...i.e. with spherical basis functions...

   type   atoms  prim   cont   basis
   ---------------------------------------------------------------------------
    c       22     70     49   aug-cc-pVDZ   [6s4p3d1f1g|12s5p4d2f1g]
    o        1     70     49   aug-cc-pVDZ   [6s4p3d1f1g|12s5p4d2f1g]
    n        4     70     49   aug-cc-pVDZ   [6s4p3d1f1g|12s5p4d2f1g]
    h       20     16     11   aug-cc-pVDZ   [3s1p1d|5s2p1d]
   ---------------------------------------------------------------------------
   total:   47   2210   1543
   ---------------------------------------------------------------------------

   total number of primitive shells          :   80
   total number of contracted shells         :  505
   total number of cartesian basis functions : 1887
   total number of SCF-basis functions       : 1543


 symmetry group of the molecule :   c1 

 the group has the following generators :
   c1(z)

    1 symmetry operations found

 there are 1 real representations :   a   

 maximum number of shells which are related by symmetry :  1

 ==============================================================================
                      COSMO switched on
 ==============================================================================
 COSMO stati: segments per atom: H   32 other atoms   92
 COSMO statistics: nps   1771 npspher:    746
 COSMO surface:
   number of segments: 1771
   area (bohr**2):     1484.631399
   volume (bohr**3):   3090.949770
 COSMO: check number of disjunct cavities:

       ... OK contiguous cavity found
  
           ------------------
           density functional
           ------------------
 Name of XC-Functional: CAM version of B3LYP
 alpha=    0.19000
 beta =    0.46000
 omega=    0.33000
 [1] T. Yanai, D. P. Tew, and N. C. Handy, Chem. Phys. Lett. 393, 51 (2004)

 iterations will be done with small grid
  
 spherical integration : Lebedev's spherical grid
 spherical gridsize    :                     3
    i.e. gridpoints    :                   302
 value for diffuse not defined
 radial integration    : Chebyshev 2nd kind (scaling 3)
 radial gridsize       :                     3
 integration cells     :                    47
 partition function    : becke
 partition sharpness   :                     3
  

 biggest AO integral is expected to be     4.738267915

          ------------------------
          nuclear repulsion energy  :   2051.18623084    
          ------------------------


         -----------------
         -S,T+V- integrals
         -----------------

 1e-integrals will be neglected if expon. factor < 0.390873E-12
 
   Difference densities algorithm switched on.
   The maximal number of linear combinations of
   difference densities is                    20 .

 DIIS switched on: error vector is FDS-SDF
 Max. Iterations for DIIS is     :   4
 DIIS matrix (see manual) 
    Scaling factor of diagonals  :  1.200
    threshold for scaling factor :  0.000

 scf convergence criterion : increment of total energy < .1000000D-06
                  and increment of one-electron energy < .1000000D-03

 MOs are in ASCII format !


    mo occupation :
   irrep   mo's   occupied
    a      801       94
 
 number of basis functions   :   801
 number of occupied orbitals :    94
 

 reading orbital data $scfmo  from file mos
 orbital characterization : expanded
 virtual MOs provided and orthogonalized by Cholesky decomposition

 automatic virtual orbital shift switched on 
      shift if e(lumo)-e(homo) < 0.10000000    

  
           ------------------------
               RI-J - INFORMATION
           ------------------------
 Contributions to RI integral batches: 
  neglected integral batches:                 17090
  direct contribution:                        15187
  memory contribution:                 26719
 Memory core needed for (P|Q) and Cholesky     19 MByte
 Memory core minimum needed except of (P|Q)     2 MByte
 Total minimum memory core needed (sum)        20 MByte
  
 ****************************************
 Memory allocated for RI-J  1636 MByte
 ****************************************
                                            

 DSCF restart information will be dumped onto file mos


 Starting SCF iterations

          Overall gridpoints after grid construction =         63510

 ITERATION  ENERGY          1e-ENERGY        2e-ENERGY     NORM[dD(SAO)]  TOL
   1  -1139.2602942085    -5572.1902057     2381.7436807    0.000D+00 0.390D-11
                            Exc = -115.558312083     Coul =  2540.75903440    
                            exK = -43.4570416412    
                              N = 188.00389373    
                          Ediel =-0.197911991626    
                            current damping = 0.300
 
          max. resid. norm for Fia-block=  3.745D-01 for orbital     85a         
          max. resid. fock norm         =  1.450D+00 for orbital    777a         

 ITERATION  ENERGY          1e-ENERGY        2e-ENERGY     NORM[dD(SAO)]  TOL
   2  -1143.4980819352    -5617.9415905     2423.2572777    0.145D+03 0.106D-11
                            Exc = -117.408275046      Eck =  2540.66555279    
                              N = 188.00282216    
                          Ediel =-0.371169982264E-01
                            current damping = 0.250
 
          Norm of current diis error:  2.9459    
          max. resid. norm for Fia-block=  1.415D-01 for orbital     43a         
          max. resid. fock norm         =  2.872D-01 for orbital    772a         

 ITERATION  ENERGY          1e-ENERGY        2e-ENERGY     NORM[dD(SAO)]  TOL
   3  -1143.8007715947    -5617.5854679     2422.5984655    0.367D+02 0.949D-12
                            Exc = -118.216203481      Eck =  2540.81466897    
                              N = 188.00244157    
                          Ediel =-0.673939156768E-01
                            current damping = 0.200
 
          Norm of current diis error:  1.9649    
          max. resid. norm for Fia-block=  8.388D-02 for orbital     89a         
          max. resid. fock norm         =  8.825D-02 for orbital     89a         

 ITERATION  ENERGY          1e-ENERGY        2e-ENERGY     NORM[dD(SAO)]  TOL
   4  -1144.0358709621    -5618.4008827     2423.1787809    0.979D+01 0.923D-12
                            Exc = -117.869168722      Eck =  2541.04794962    
                              N = 188.00237831    
                          Ediel =-0.309952093626E-01
                            current damping = 0.250
 
          Norm of current diis error: 0.59455    
          max. resid. norm for Fia-block=  2.476D-02 for orbital     32a         
          max. resid. fock norm         =  2.941D-02 for orbital     32a         

 ITERATION  ENERGY          1e-ENERGY        2e-ENERGY     NORM[dD(SAO)]  TOL
   5  -1144.0554029965    -5619.9265107     2424.6848769    0.319D+01 0.916D-12
                            Exc = -118.001481951      Eck =  2542.68635884    
                              N = 188.00233491    
                          Ediel =-0.328480041297E-01
                            current damping = 0.150
 
          Norm of current diis error: 0.17160    
          max. resid. norm for Fia-block=  8.590D-03 for orbital     28a         
          max. resid. fock norm         =  1.225D-02 for orbital     28a         
          mo-orthogonalization: Cholesky decomposition

 ITERATION  ENERGY          1e-ENERGY        2e-ENERGY     NORM[dD(SAO)]  TOL
   6  -1144.0569842877    -5620.0853320     2424.8421169    0.993D+00 0.914D-12
                            Exc = -118.030064576      Eck =  2542.87218147    
                              N = 188.00232551    
                          Ediel =-0.322886882228E-01
                            current damping = 0.100
 
          Norm of current diis error: 0.84243E-01
          max. resid. norm for Fia-block=  3.103D-03 for orbital     28a         
          max. resid. fock norm         =  4.518D-03 for orbital     56a         

 ITERATION  ENERGY          1e-ENERGY        2e-ENERGY     NORM[dD(SAO)]  TOL
   7  -1144.0573685576    -5619.8555172     2424.6119178    0.498D+00 0.914D-12
                            Exc = -118.013780291      Eck =  2542.62569808    
                              N = 188.00232241    
                          Ediel =-0.321244305529E-01
                            current damping = 0.150
 
          Norm of current diis error: 0.38286E-01
          max. resid. norm for Fia-block=  1.689D-03 for orbital     88a         
          max. resid. fock norm         =  1.840D-03 for orbital     45a         

 ITERATION  ENERGY          1e-ENERGY        2e-ENERGY     NORM[dD(SAO)]  TOL
   8  -1144.0574514240    -5619.9778049     2424.7341227    0.153D+00 0.913D-12
                            Exc = -118.016194011      Eck =  2542.75031668    
                              N = 188.00232416    
                          Ediel =-0.317449555859E-01
                            current damping = 0.200
 
          Norm of current diis error: 0.18671E-01
          max. resid. norm for Fia-block=  1.014D-03 for orbital     79a         
          max. resid. fock norm         =  1.182D-03 for orbital     79a         

 ITERATION  ENERGY          1e-ENERGY        2e-ENERGY     NORM[dD(SAO)]  TOL
   9  -1144.0574728685    -5619.9694081     2424.7257044    0.565D-01 0.913D-12
                            Exc = -118.019793571      Eck =  2542.74549797    
                              N = 188.00232355    
                          Ediel =-0.318545210180E-01
                            current damping = 0.250
 
          Norm of current diis error: 0.10210E-01
          max. resid. norm for Fia-block=  3.848D-04 for orbital     86a         
          max. resid. fock norm         =  5.659D-04 for orbital     37a         

 ITERATION  ENERGY          1e-ENERGY        2e-ENERGY     NORM[dD(SAO)]  TOL
  10  -1144.0574793470    -5619.9644709     2424.7207607    0.214D-01 0.912D-12
                            Exc = -118.018033184      Eck =  2542.73879385    
                              N = 188.00232386    
                          Ediel =-0.317266796950E-01
                            current damping = 0.100
 
          Norm of current diis error: 0.35472E-02
          max. resid. norm for Fia-block=  2.096D-04 for orbital     93a         
          max. resid. fock norm         =  2.585D-04 for orbital     95a         
          mo-orthogonalization: Cholesky decomposition

 ITERATION  ENERGY          1e-ENERGY        2e-ENERGY     NORM[dD(SAO)]  TOL
  11  -1144.0574811528    -5619.9608146     2424.7171026    0.142D-01 0.912D-12
                            Exc = -118.018092598      Eck =  2542.73519517    
                              N = 188.00232410    
                          Ediel =-0.316983533879E-01
                            current damping = 0.100
 
          Norm of current diis error: 0.24214E-02
          max. resid. norm for Fia-block=  1.211D-04 for orbital     94a         
          max. resid. fock norm         =  1.429D-04 for orbital     95a         

 ITERATION  ENERGY          1e-ENERGY        2e-ENERGY     NORM[dD(SAO)]  TOL
  12  -1144.0574818436    -5619.9657120     2424.7219993    0.956D-02 0.910D-12
                            Exc = -118.018257286      Eck =  2542.74025658    
                              N = 188.00232431    
                          Ediel =-0.316539991542E-01
                            current damping = 0.150
 
          Norm of current diis error: 0.13967E-02
          max. resid. norm for Fia-block=  7.941D-05 for orbital     94a         
          max. resid. fock norm         =  1.025D-04 for orbital     93a         

 ITERATION  ENERGY          1e-ENERGY        2e-ENERGY     NORM[dD(SAO)]  TOL
  13  -1144.0574820857    -5619.9612515     2424.7175386    0.896D-02 0.908D-12
                            Exc = -118.018201184      Eck =  2542.73573975    
                              N = 188.00232439    
                          Ediel =-0.316457071182E-01
                            current damping = 0.200
 
          Norm of current diis error: 0.94670E-03
          max. resid. norm for Fia-block=  4.917D-05 for orbital     85a         
          max. resid. fock norm         =  5.770D-05 for orbital     93a         

 ITERATION  ENERGY          1e-ENERGY        2e-ENERGY     NORM[dD(SAO)]  TOL
  14  -1144.0574821756    -5619.9629905     2424.7192775    0.675D-02 0.906D-12
                            Exc = -118.018113278      Eck =  2542.73739081    
                              N = 188.00232451    
                          Ediel =-0.316246933016E-01
                            current damping = 0.250
 
          Norm of current diis error: 0.64901E-03
          max. resid. norm for Fia-block=  3.047D-05 for orbital     94a         
          max. resid. fock norm         =  3.562D-05 for orbital     95a         

 ENERGY CONVERGED !

          Overall gridpoints after grid construction =        232212

 ITERATION  ENERGY          1e-ENERGY        2e-ENERGY     NORM[dD(SAO)]  TOL
  15  -1144.0564724596    -5619.9627822     2424.7200789    0.243D+02 0.111D-11
                            Exc = -118.017197054      Eck =  2542.73727597    
                              N = 187.99982573    
                          Ediel =-0.316238722766E-01
                            current damping = 0.300
 
          Norm of current diis error: 0.35667E-03
          max. resid. norm for Fia-block=  2.071D-05 for orbital     94a         
          max. resid. fock norm         =  4.325D-04 for orbital    783a         

 End of SCF iterations

   convergence criteria satisfied after    15 iterations


   *************************************************************************
   cam                                                                      
   *************************************************************************


                  ------------------------------------------ 
                 |  total energy      =  -1144.05647245956  |
                  ------------------------------------------ 
                 :  kinetic energy    =   1136.78713188271  :
                 :  potential energy  =  -2280.84360434227  :
                 :  virial theorem    =      1.99364599497  :
                 :  wavefunction norm =      1.00000000000  :
                  .......................................... 


 <geterg> : there is no data group $energy 


 <skperg> : $end is missing 


 orbitals $scfmo  will be written to file mos

    irrep                 90a         91a         92a         93a         94a   
 eigenvalues H         -0.36261    -0.32906    -0.32150    -0.29210    -0.24520
            eV          -9.8673     -8.9543     -8.7485     -7.9484     -6.6722
 occupation              2.0000      2.0000      2.0000      2.0000      2.0000

    irrep                 95a         96a         97a         98a         99a   
 eigenvalues H         -0.08588    -0.00999     0.00654     0.01059     0.01210
            eV          -2.3370     -0.2718      0.1781      0.2881      0.3293
 
 ==============================================================================
                                  COSMO RESULTS
 ==============================================================================
  PARAMETER:
    nppa:      1082
    nspa:        92
    nsph:        32
    nps:       1771
    npspher:    746
    disex:   10.0000    
    disex2:  4451.90    
    rsolv [A]: 1.3000
    routf:     0.8500
    phsran:    0.0    
    ampran:   0.10E-04
    cavity:  closed
    epsilon:     4.800
    refind:     1.300
    fepsi:      0.7169811
  CAVITY VOLUME/AREA [a.u.]:
    surface: V1.0, A matrix: V1.0
    area:  1484.63
    volume:  3090.95
  SCREENING CHARGE:
    cosmo      :  -0.050792
    correction :   0.049504
    total      :  -0.001288
  ENERGIES [a.u.]:
    Total energy            =   -1144.0564724595583
    Total energy + OC corr. =    -1144.0564096273
    Dielectric energy       =       -0.0316238723
    Diel. energy + OC corr. =       -0.0315610400
  ELEMENT RADIUS [A]: ATOM LIST
    c  2.00: 1-17,19-21,26,27
    o  1.72: 18
    n  1.83: 22-25
    h  1.30: 28-47
 ==============================================================================
 
 
 
 ==============================================================================
                           electrostatic moments
 ==============================================================================

 reference point for electrostatic moments:    0.00000   0.00000   0.00000

 
              nuc           elec       ->  total
 ------------------------------------------------------------------------------
                          charge      
 ------------------------------------------------------------------------------
         188.000000    -188.000000      -0.000000
 
 ------------------------------------------------------------------------------
                       dipole moment  
 ------------------------------------------------------------------------------
   x    -633.171444     631.128734      -2.042710
   y     394.217500    -403.916429      -9.698928
   z     -99.117210     101.630934       2.513724
 
   | dipole moment | =    10.2255 a.u. =    25.9906 debye 
 
 ------------------------------------------------------------------------------
                     quadrupole moment
 ------------------------------------------------------------------------------
  xx    3899.563470   -4014.092213    -114.528743
  yy   18451.256750  -18647.798672    -196.541922
  zz    1421.336241   -1547.035433    -125.699191
  xy   -2979.549162    2988.016090       8.466928
  xz     798.319113    -800.541104      -2.221991
  yz   -4843.788101    4862.969511      19.181410
 
     1/3  trace=    -145.589952
     anisotropy=      85.255347
 
 ==============================================================================
 
HOMO-LUMO Separation
 HOMO         :   -0.24519836 H =     -6.67219 eV
 LUMO         :   -0.08588156 H =     -2.33696 eV
 HOMO-LUMO gap:    0.15931680 H =     +4.33523 eV
 
 ==============================================================================


    ------------------------------------------------------------------------
         total  cpu-time :  2 hours 29 minutes and 55 seconds
         total wall-time :  2 hours 30 minutes and 24 seconds
    ------------------------------------------------------------------------

   ****  ridft : all done  ****


    2025-06-23 15:33:41.529 

 ridft ended normally
