
 riper (nano13.int-nano.int.kit.edu) : TURBOMOLE rev. V7-6 19 Oct 2021 at 10:10:11 compiled Oct 19th 2021
 Copyright (C) 2021 TURBOMOLE GmbH, Karlsruhe


    2025-04-09 10:18:53.024 

 Number of MKL threads:      1

   *************************************************************************
   m062x                                                                    
   *************************************************************************


    
    *************************************************************************
    *************************************************************************
    ***            _            _                   _     _               ***
    ***           | |_ _  _ _ _| |__  ___ _ __  ___| |___( )___           ***
    ***           |  _| || | '_| '_ \/ _ \ '  \/ _ \ / -_)/(_-<           ***
    ***            \__|\_,_|_| |_.__/\___/_|_|_\___/_\___| /__/           ***
    ***                      ___   ___                                    ***
    ***             //   ) )    / /    //   ) ) //   / /  //   ) )        ***
    ***            //___/ /    / /    //___/ / //____    //___/ /         ***
    ***           / ___ (     / /    / ____ / / ____    / ___ (           ***
    ***          //   | |    / /    //       //        //   | |           ***
    ***         //    | | __/ /___ //       //____/ / //    | |           ***
    ***                                                                   ***
    *************************************************************************
    *************************************************************************
    *************************** PROGRAM RIPER *******************************
    ****** Density Functional Theory with periodic boundary conditions ******
    ******                                                             ******
    ****** Developed by the groups in Jena   (M. Sierka)               ******
    ******                        and Munich (A. Burow)                ******
    *************************************************************************
    
    
                               References:                                  
    
    (1) General implementation:                                             
        R. Lazarski, A. M. Burow, M. Sierka                                 
        Density Functional Theory for Molecular and Periodic Systems Using  
        Density Fitting and Continuous Fast Multipole Methods               
        J. Chem. Theory Comput. 2015, 11, 3029-3041                         
        R. Lazarski, A. M. Burow, L. Grajciar, M. Sierka                    
        Density Functional Theory for Molecular and Periodic Systems Using  
        Density Fitting and Continuous Fast Multipole Methods: Analytical   
        Gradients                                                           
        J. Comput. Chem. 2016, 57, 2518–2526                                
    (2) DFT implementation:                                                 
        A. M. Burow, M. Sierka                                              
        Linear Scaling Hierarchical Integration Scheme For the              
        Exchange-Correlation Term in Molecular and Periodic Systems         
        J. Chem. Theory Comput. 2011, 7, 3097-3104                          
    (3) RI/DF approximation:                                                
        A. M. Burow, M. Sierka, F. Mohamed                                  
        Resolution of Identity Approximation for the Coulomb Term in        
        Molecular and Periodic Systems                                      
        J. Chem. Phys. 2009, 131, 214101/1-214101/6                         
    (4) Low-Memory Iterative Density Fitting (LMIDF) method:                
        L. Grajciar                                                         
        Low-Memory Iterative Density Fitting                                
        J. Comput. Chem. 2015, 36, 1521-1535                                
    


              +--------------------------------------------------+
              | Atomic coordinate, charge and isotop information |
              +--------------------------------------------------+

                    atomic coordinates            atom    charge  isotop
        -13.69369143    5.69834176   -0.42859113    c      6.000     0
        -11.32633965    6.92856423   -0.41307367    c      6.000     0
         -9.07701048    5.60421181   -0.25559866    c      6.000     0
         -9.06925642    2.94412036   -0.10111242    c      6.000     0
         -6.77021485    1.53319105    0.10093012    c      6.000     0
         -6.78261364   -1.04442339    0.25138894    c      6.000     0
         -9.08906749   -2.47443597    0.19601767    c      6.000     0
         -9.11866195   -5.17804816    0.32828845    c      6.000     0
        -11.49308160   -6.40134601    0.30018727    c      6.000     0
        -13.74762769   -5.07458068    0.17421147    c      6.000     0
        -13.77283409   -2.41816259    0.02648382    c      6.000     0
        -16.07020385   -1.00644557   -0.16011330    c      6.000     0
        -16.06981214    1.57065859   -0.31775099    c      6.000     0
        -13.75772970    2.99761768   -0.28177013    c      6.000     0
        -11.42178163    1.61517443   -0.11772895    c      6.000     0
        -11.42107060   -1.09438442    0.03202725    c      6.000     0
        -16.02408134    7.17101178   -0.56088823    c      6.000     0
         -6.77974280   -6.64126801    0.46388658    c      6.000     0
        -16.24334262    9.64544576   -1.20105853    c      6.000     0
         -6.58428107   -9.04081460    1.35336930    c      6.000     0
        -18.61196059   10.92897682   -1.21601074    c      6.000     0
         -4.45179164  -10.51472980    1.31190300    n      7.000     0
        -20.52708185   12.00959759   -1.22766390    n      7.000     0
        -11.26087142    8.98999888   -0.47445299    h      1.000     0
         -7.27808135    6.61968244   -0.22365114    h      1.000     0
         -4.98204772    2.56791167    0.14649585    h      1.000     0
         -4.98558951   -2.03419056    0.43833755    h      1.000     0
        -11.55919780   -8.46411484    0.31213361    h      1.000     0
        -15.54264506   -6.09896075    0.14117758    h      1.000     0
        -17.86009229   -2.03994230   -0.18550678    h      1.000     0
        -17.87521708    2.54665455   -0.48865022    h      1.000     0
        -17.77834459    6.19399473   -0.08544206    h      1.000     0
         -5.04374075   -5.74333502   -0.20919143    h      1.000     0
        -14.60745827   10.77717739   -1.76323571    h      1.000     0
         -8.23627215   -9.99701093    2.15281500    h      1.000     0
         -4.32152377  -11.95959550    2.55866795    h      1.000     0
         -2.78101252   -9.69314131    0.85782886    h      1.000     0
 
       center of nuclear mass  :  -11.75767278    0.67196611   -0.05965733
       center of nuclear charge:  -11.69162755    0.58253008   -0.04671711

   * BASIS SET information:

              +--------------------------------------------------+
              |               basis set information              |
              +--------------------------------------------------+

              we will work with the 1s 3p 5d 7f 9g ... basis set
              ...i.e. with spherical basis functions...

   type   atoms  prim   cont   basis
   ---------------------------------------------------------------------------
    c       21     43     23   aug-cc-pVDZ   [4s3p2d|18s5p2d]
    n        2     43     23   aug-cc-pVDZ   [4s3p2d|18s5p2d]
    h       14     11      9   aug-cc-pVDZ   [3s2p|5s2p]
   ---------------------------------------------------------------------------
   total:   37   1143    655
   ---------------------------------------------------------------------------

   total number of primitive shells          :   57
   total number of contracted shells         :  277
   total number of cartesian basis functions :  701
   total number of SCF-basis functions       :  655


   * AUXILIARY RI-J BASIS SET information:

              +--------------------------------------------------+
              |               basis set information              |
              +--------------------------------------------------+

              we will work with the 1s 3p 5d 7f 9g ... basis set
              ...i.e. with spherical basis functions...

   type   atoms  prim   cont   basis
   ---------------------------------------------------------------------------
    c       21     70     49   aug-cc-pVDZ   [6s4p3d1f1g|12s5p4d2f1g]
    n        2     70     49   aug-cc-pVDZ   [6s4p3d1f1g|12s5p4d2f1g]
    h       14     16     11   aug-cc-pVDZ   [3s1p1d|5s2p1d]
   ---------------------------------------------------------------------------
   total:   37   1834   1281
   ---------------------------------------------------------------------------

   total number of primitive shells          :   56
   total number of contracted shells         :  415
   total number of cartesian basis functions : 1571
   total number of SCF-basis functions       : 1281

 Libxc version: 5.1.4
 S. Lehtola, C. Steigemann, M.J.T. Oliveira, and M.A.L. Marques, Software X 7, 1 (2018)
 M.A.L. Marques, M.J.T. Oliveira, and T. Burnus, Comput. Phys. Commun. 183, 2272 (2012)
 TURBOMOLE integration by Christof Holzer

  Keyword $riper not found - using default options 
               
              +--------------------------------------------------+
              |       Summary of SCF and related options         |
              +--------------------------------------------------+
               
       Energy calculation only 
       Diagonalization method set to:                                2
       Maximum number of SCF iterations included in the DIIS:        4
       Automatic orbital shift for HOMO-LUMO gap below:           0.1000E+00
               
              +--------------------------------------------------+
              |      SCREENING OF BASIS FUNCTION PRODUCTS        |
              +--------------------------------------------------+
               
         Threshold for shell products neglect:          0.5E-12
         Tolerance for shell products extents:          0.1E-06
         The biggest integral is expected to be:        0.2E+01
         Number of {mu,nu} shell products:                33421
        
               
              +--------------------------------------------------+
              |             INITIAL ORBITALS/BANDS               |
              +--------------------------------------------------+
               
  Bands restarted from             RIPER.BANDS
  Bands occupations restarted from RIPER.BANDS.OCCUPATIONS
  Bands energies restarted from    RIPER.BANDS.ENERGIES
              
              +--------------------------------------------------+
              |         Calculation of quantities on grid        |
              +--------------------------------------------------+
              
 Creating .cub files
   *grid construction*
   *plotting orbital     1 of     2*
   calculating values on grid points
   writing orbital values to   orb_k_1_1_1_a_77_real.cub
   *plotting orbital     2 of     2*
   calculating values on grid points
   writing orbital values to   orb_k_1_1_1_a_78_real.cub
 

    ------------------------------------------------------------------------
    RIPER profiling                cpu                    wall         ratio
    ------------------------------------------------------------------------
    module                         sec     %               sec     %
    ------------------------------------------------------------------------
    RIPER                         4.4   99.98            6.9   99.99   0.6
    Preliminaries                 0.1    3.10            0.2    2.36   0.8
    preescrening                  0.1    1.72            0.1    1.11   1.0
    T+S matrix                    0.0    0.30            0.0    0.19   1.0
    BANDS init                    0.0    0.29            0.3    3.65   0.1
    Properties                    4.3   96.28            6.4   93.77   0.7
    Orbital plot                  4.1   92.77            6.3   91.47   0.7
    ------------------------------------------------------------------------
    sum                          13.0  294.45           20.1  292.53   0.6
    ------------------------------------------------------------------------


    ------------------------------------------------------------------------
         total  cpu-time :   4.42 seconds
         total wall-time :   6.88 seconds
    ------------------------------------------------------------------------

   ****  riper : all done  ****


    2025-04-09 10:18:59.879 

