
 eiger (nano21.int-nano.int.kit.edu) : TURBOMOLE rev. V7-6 19 Oct 2021 at 10:10:11 compiled Oct 19th 2021
 Copyright (C) 2021 TURBOMOLE GmbH, Karlsruhe


    2025-06-25 16:47:46.792 

 mp2                                                                            
  
Total energy =  -1290.1344281830 H =    -35106.3459430 eV
 
 HOMO-LUMO Separation
   HOMO:   107.   107 a     -0.24745186 H =     -6.73351 eV
   LUMO:   108.   108 a     -0.00554580 H =     -0.15091 eV
   Gap :                    +0.24190606 H =     +6.58260 eV
 
Number of MOs=    911, Electrons=    214.00, Symmetry: c1   
 
   Nr.   Orbital    Occupation       Energy
  124.   124 a                     +0.075005 H =        +2.041 eV
  123.   123 a                     +0.074866 H =        +2.037 eV
  122.   122 a                     +0.069228 H =        +1.884 eV
  121.   121 a                     +0.067635 H =        +1.840 eV
  120.   120 a                     +0.063210 H =        +1.720 eV
  119.   119 a                     +0.061559 H =        +1.675 eV
  118.   118 a                     +0.059516 H =        +1.620 eV
  117.   117 a                     +0.055264 H =        +1.504 eV
  116.   116 a                     +0.050762 H =        +1.381 eV
  115.   115 a                     +0.050138 H =        +1.364 eV
  114.   114 a                     +0.045124 H =        +1.228 eV
  113.   113 a                     +0.044014 H =        +1.198 eV
  112.   112 a                     +0.040995 H =        +1.116 eV
  111.   111 a                     +0.033578 H =        +0.914 eV
  110.   110 a                     +0.030675 H =        +0.835 eV
  109.   109 a                     +0.025848 H =        +0.703 eV
  108.   108 a                     -0.005546 H =        -0.151 eV
  107.   107 a        2.000        -0.247452 H =        -6.734 eV
  106.   106 a        2.000        -0.317694 H =        -8.645 eV
  105.   105 a        2.000        -0.343343 H =        -9.343 eV
  104.   104 a        2.000        -0.362957 H =        -9.877 eV
  103.   103 a        2.000        -0.373702 H =       -10.169 eV
  102.   102 a        2.000        -0.418903 H =       -11.399 eV
  101.   101 a        2.000        -0.455338 H =       -12.390 eV
  100.   100 a        2.000        -0.457918 H =       -12.461 eV
   99.    99 a        2.000        -0.469861 H =       -12.786 eV
   98.    98 a        2.000        -0.480430 H =       -13.073 eV
   97.    97 a        2.000        -0.487748 H =       -13.272 eV
   96.    96 a        2.000        -0.487900 H =       -13.276 eV
   95.    95 a        2.000        -0.495434 H =       -13.481 eV
   94.    94 a        2.000        -0.500313 H =       -13.614 eV
   93.    93 a        2.000        -0.502215 H =       -13.666 eV
   92.    92 a        2.000        -0.502957 H =       -13.686 eV


    ------------------------------------------------------------------------
         total  cpu-time :   0.36 seconds
         total wall-time :   0.38 seconds
    ------------------------------------------------------------------------

   ****  eiger : all done  ****


    2025-06-25 16:47:47.152 

