
 ricc2 (nano21.int-nano.int.kit.edu) : TURBOMOLE rev. V7-6 19 Oct 2021 at 10:10:11 compiled Oct 19th 2021
 Copyright (C) 2021 TURBOMOLE GmbH, Karlsruhe


    2025-06-25 16:47:47.184 



                              R I C C 2 - PROGRAM

                          the quantum chemistry groups
                             at the universities in
                               Karlsruhe & Bochum
                                   Germany



   *-----------------------------------------------------------------------*
   |                     program will use  1 thread(s)                     |
   *-----------------------------------------------------------------------*


              +--------------------------------------------------+
              | Atomic coordinate, charge and isotop information |
              +--------------------------------------------------+

                    atomic coordinates            atom    charge  isotop
          0.30210277   -3.38629397    3.18114682    c      6.000     0
         -0.07889796    0.88169632    4.57272923    c      6.000     0
         -0.01765136    0.20288402    7.05626607    c      6.000     0
          0.37618986   -4.21790650    5.75311566    c      6.000     0
          0.21184699   -2.38287416    7.83980548    c      6.000     0
          0.27557347   -3.10916715   10.37559118    c      6.000     0
          0.13597298   -1.49786571   12.49879882    c      6.000     0
         -0.25221400    2.87870673   21.96317672    c      6.000     0
          0.00193584    0.01264321   21.78938409    c      6.000     0
          0.08248881   -0.91626130   24.25194063    c      6.000     0
         -0.10449826    1.18321157   25.98832587    c      6.000     0
         -0.11622496    1.27266233   28.60469270    c      6.000     0
         -0.00210289    0.00808671   -0.03706282    c      6.000     0
          0.07099172   -0.80995778    2.62482978    n      7.000     0
          2.04289372    4.31186066   20.92892205    c      6.000     0
         -2.76468519    3.88424588   20.92889598    c      6.000     0
         -0.29308934    3.33995694   24.67899190    o      8.000     0
          0.31316447   -3.52334523   24.85523569    c      6.000     0
          0.07444671   -0.93546413   30.14253424    c      6.000     0
         -0.33088972    3.65986377   29.85193159    c      6.000     0
          0.50534036   -5.68984196   25.16633186    n      7.000     0
          0.22363302   -2.68067081   31.46973293    n      7.000     0
         -0.50541065    5.58851296   30.89072840    n      7.000     0
          0.20669352   -2.31917432   14.98029400    c      6.000     0
          0.06534578   -0.68553462   17.09365164    c      6.000     0
          0.13438485   -1.49158143   19.57723667    c      6.000     0
         -0.25539025    2.83993484   -0.47798506    c      6.000     0
          0.46386691   -5.18297962    1.21053871    c      6.000     0
          0.69395335   -7.74432065    1.73564579    c      6.000     0
          0.76930656   -8.58615093    4.24403934    c      6.000     0
          0.61219945   -6.84030685    6.19331602    c      6.000     0
         -0.25500078    2.85971366    4.04343678    h      1.000     0
         -0.15108833    1.70949614    8.45226837    h      1.000     0
          0.45062900   -5.11757166   10.81069892    h      1.000     0
         -0.04020222    0.54432522   12.19712975    h      1.000     0
          1.73655664   -0.67206844   -0.96561055    h      1.000     0
         -1.59251265   -0.96961205   -0.96557522    h      1.000     0
          2.16956792    4.13882525   18.86270364    h      1.000     0
          1.87731932    6.32510911   21.42165170    h      1.000     0
          3.79908348    3.57200624   21.75891358    h      1.000     0
         -2.85872382    3.69197154   18.86247290    h      1.000     0
         -4.36300346    2.84645345   21.75934784    h      1.000     0
         -2.95725962    5.89516921   21.42141152    h      1.000     0
          0.38181142   -4.35087860   15.34775295    h      1.000     0
         -0.10903909    1.33557717   16.68084551    h      1.000     0
          0.31135770   -3.52739283   19.90971698    h      1.000     0
         -0.28519728    3.17115149   -2.53085540    h      1.000     0
         -2.02269122    3.61355281    0.29996662    h      1.000     0
          1.34703930    3.91547360    0.29902214    h      1.000     0
          0.41081758   -4.58747438   -0.75628691    h      1.000     0
          0.81542004   -9.09330788    0.17655995    h      1.000     0
          0.95017848  -10.59771223    4.66954009    h      1.000     0
          0.67423746   -7.52631731    8.13338124    h      1.000     0
 
       center of nuclear mass  :    0.08324281   -0.93550461   15.41118233
       center of nuclear charge:    0.07965110   -0.89415019   15.13548968

   *************************************************************************
   mp2                                                                      
   *************************************************************************



              +--------------------------------------------------+
              |               basis set information              |
              +--------------------------------------------------+

              we will work with the 1s 3p 5d 7f 9g ... basis set
              ...i.e. with spherical basis functions...

   type   atoms  prim   cont   basis
   ---------------------------------------------------------------------------
    c       26     43     23   aug-cc-pVDZ   [4s3p2d|18s5p2d]
    n        4     43     23   aug-cc-pVDZ   [4s3p2d|18s5p2d]
    o        1     43     23   aug-cc-pVDZ   [4s3p2d|18s5p2d]
    h       22     11      9   aug-cc-pVDZ   [3s2p|5s2p]
   ---------------------------------------------------------------------------
   total:   53   1575    911
   ---------------------------------------------------------------------------

   total number of primitive shells          :   82
   total number of contracted shells         :  389
   total number of cartesian basis functions :  973
   total number of SCF-basis functions       :  911


 symmetry group of the molecule :   c1 

 the group has the following generators :
   c1(z)

    1 symmetry operations found

 there are 1 real representations :   a   
WARNING: an $rij but no $rik flag found
WARNING: $rij is ignored by ricc2!


   =========================================================================


     restricted closed shell calculation for the wavefunction models:
               MP2        - Second Order Moeller Plesset PT


     global parameters for ricc2 program:

        hard restart (reuse of interm.) :  disabled
        soft restart (reuse of vectors) :  disabled
        threshold for vector function   :    0.100000E-05
        convergence threshold energy    :    0.100000E-06
        linear dependence threshold     :    0.100000E-13
        global print level              :      1
        maximum number of iterations    :   500
        maximum number DIIS vectors     :    10
        max. dim. of reduced space      :   100
        core memory limit (MB)          :   500


     MP2 energy only: Energy will be calculated directly from T2 amplitudes!

     Scratch Directory : 


   =========================================================================

    der. integral neglect threshold  :  0.10E-07
    integral neglect threshold       :  0.34E-11
    integral storage threshold THIZE :  0.10E-04
    integral storage threshold THIME :         5


                  +------------------------------------------+
                  |     Auxiliary basis set information      |
                  +------------------------------------------+

              assign orbital basis set names as defaults
              read basis sets from /shared/software/chem/TURBOMOLE/TURBOMOLE-V7.6/cbasen/
              (basis sets have been saved in file auxbasis)

              we will work with the 1s 3p 5d 7f 9g ... basis set
              ...i.e. with spherical basis functions...

   type   atoms  prim   cont   basis
   ---------------------------------------------------------------------------
    c       26     72     72   aug-cc-pVDZ   [8s6p5d3f|8s6p5d3f]
    n        4     72     72   aug-cc-pVDZ   [8s6p5d3f|8s6p5d3f]
    o        1     72     72   aug-cc-pVDZ   [8s6p5d3f|8s6p5d3f]
    h       22     23     23   aug-cc-pVDZ   [4s3p2d|4s3p2d]
   ---------------------------------------------------------------------------
   total:   53   2738   2738
   ---------------------------------------------------------------------------

   total number of primitive shells          :   75
   total number of contracted shells         :  880
   total number of cartesian basis functions : 3216
   total number of SCF-basis functions       : 2738


 maximum number of shells which are related by symmetry :  1


 The symmetry information takes   1 MB

*---------------------------------------------------------------------*
|               simplified C1 algorithm will be applied               |
*---------------------------------------------------------------------*
 ==============================================================================
                      COSMO switched on
 ==============================================================================
 COSMO stati: segments per atom: H   32 other atoms   92
 COSMO statistics: nps   1997 npspher:    816
 COSMO surface:
   number of segments: 1997
   area (bohr**2):     1644.179173
   volume (bohr**3):   3439.152393
 COSMO: check number of disjunct cavities:

       ... OK contiguous cavity found
            ======================================================
                      COSMO settings in RICC2
                   --------------------------
             Solvent charges are equilibrated for ground state
             COSMO linear response (LR) contribution included
             Outlying Charge Correction (OCC) is performed
             Using epsilon          =     4.800
             Using refractive index =     1.300
            ======================================================
        IMPORTANT NOTICE: The calculation of the solvent contributions will
         need the relaxed densities in general. Therefore the actual COSMO
         energies will be output only at the end of the run. Any energies
         or excitation energies quoted before that are only intermediate
         quantities and should be ignored unless you know what you are doing!

 ==============================================================================
                                  COSMO SETTINGS
 ==============================================================================
  PARAMETER:
    nppa:      1082
    nspa:        92
    nsph:        32
    nps:       1997
    npspher:    816
    disex:   10.0000    
    disex2:  4508.77    
    rsolv [A]: 1.3000
    routf:     0.8500
    phsran:    0.0    
    ampran:   0.10E-04
    cavity:  closed
    epsilon:     4.800
    refind:     1.300
    fepsi:      0.7169811
  CAVITY VOLUME/AREA [a.u.]:
    surface: V1.0, A matrix: V1.0
    area:  1644.18
    volume:  3439.15
  ELEMENT RADIUS [A]: ATOM LIST
    c  2.00: 1-13,15,16,18-20,24-31
    n  1.83: 14,21-23
    o  1.72: 17
    h  1.30: 32-53
 ==============================================================================
  MOs are in ASCII format !


 reading orbital data $scfmo  from file mos
 orbital characterization : scfconv=7
 all orbitals will be active in the correlation treatment


   Molecular Orbital Statistic:
   ============================

   -----------------------------
   orbitals in total:
   -----------------------------
    frozen occupied :      0
    active occupied :    107
    active virtual  :    804
    frozen virtual  :      0
    all together    :    911
   -----------------------------


     time in riccmos       cpu:  0.48 sec    wall:  4.84 sec    ratio:  0.1

     total memory allocated for calculation of (Q|P)**(-1/2) : 86 MiB


     calculation of (P|Q) ...
     time in lp2sym        cpu:  0.18 sec    wall:  0.18 sec    ratio:  1.0


     calculation of the Cholesky decomposition of (P|Q)**(-1) ...
     time in invmetri      cpu:  0.85 sec    wall:  2.31 sec    ratio:  0.4

   threshold for RMS(d[D]) in SCF was     :  0.10E-06
   integral neglect threshold             :  0.34E-11
   derivative integral neglect threshold  :  0.10E-07


 setting up bound for integral derivative estimation

 increment for numerical differentiation : 0.00050000

   =========================================================================

     Energy of reference wave function is -1290.1344281830000
     Maximum orbital residual is           0.1313640961777E-03


     Number of symmetry-nonredundant auxiliary basis functions:     2738

     Block lengths for integral files:
        frozen occupied (BOI):        0 MiB
        active occupied (BJI):        3 MiB
        active virtual  (BAI):       17 MiB
        frozen virtual  (BGI):        0 MiB
               general  (BTI):       20 MiB

   =========================================================================




   **************************************************************************
   *                                                                        *
   *          OPTIMIZATION OF THE GROUND STATE CLUSTER AMPLITUDES           *
   *                                                                        *
   **************************************************************************

   Reaction field calculation using the COSMO solvation model
        Reaction field scheme  : post-SCF                                                                        
        Reaction field density : full unrelaxed                                                                  
        epsilon                :     4.800
        f(epsilon)             :   0.716981


   Iter.   MP2 energy       Norm(Omega)   Norm(t1)  Norm(t2)     cpu    wall
   ...........................................................................
    1  -1294.6213798439     ------          0.00000   0.76543    8.26    8.28
   ...........................................................................


     time in total         cpu:  8 min 16 s  wall:  8 min 17 s  ratio:  1.0


     **********************************************************************
     *                                                                    *
     *   RHF  energy                             :  -1290.1344281830      *
     *   MP2 correlation energy (doubles)        :     -4.4869516609      *
     *                                                                    *
     *   Final MP2 energy                        :  -1294.6213798439      *
     *                                                                    *
     *    E(S)   =     -2.6702055824      E(T)   =     -1.8167460786      *
     *    E(OS)  =     -3.2757876086      E(SS)  =     -1.2111640524      *
     *                                                                    *
     *   SCS-MP2 energy                          :  -1294.4690946641      *
     *   (computed with  C(OS) =   1.2000  and  C(SS) =   0.3333)         *
     *                                                                    *
     *   SOS-MP2 energy                          :  -1294.3929520741      *
     *   (computed with  C(OS) =   1.3000)                                *
     *                                                                    *
     *   Norm of MP1 T2 amplitudes               :      0.7654341895      *
     *                                                                    *
     **********************************************************************



    ------------------------------------------------------------------------
         total  cpu-time : 10 minutes and  6 seconds
         total wall-time : 12 minutes and 51 seconds
    ------------------------------------------------------------------------

   ****  ricc2 : all done  ****


    2025-06-25 17:00:38.408 

 ricc2 ended normally
