
 eiger (nano18.int-nano.int.kit.edu) : TURBOMOLE rev. V7-6 19 Oct 2021 at 10:10:11 compiled Oct 19th 2021
 Copyright (C) 2021 TURBOMOLE GmbH, Karlsruhe


    2025-04-10 02:22:28.787 

 cam                                                                            
  
Total energy =  -1089.1570150300 H =    -29637.4719724 eV
 
 HOMO-LUMO Separation
   HOMO:    86.    86 a     -0.24653949 H =     -6.70868 eV
   LUMO:    87.    87 a     -0.07226740 H =     -1.96650 eV
   Gap :                    +0.17427210 H =     +4.74219 eV
 
Number of MOs=    710, Electrons=    172.00, Symmetry: c1   
 
   Nr.   Orbital    Occupation       Energy
  103.   103 a                     +0.053490 H =        +1.456 eV
  102.   102 a                     +0.050305 H =        +1.369 eV
  101.   101 a                     +0.048472 H =        +1.319 eV
  100.   100 a                     +0.044345 H =        +1.207 eV
   99.    99 a                     +0.037389 H =        +1.017 eV
   98.    98 a                     +0.034602 H =        +0.942 eV
   97.    97 a                     +0.030389 H =        +0.827 eV
   96.    96 a                     +0.024647 H =        +0.671 eV
   95.    95 a                     +0.021420 H =        +0.583 eV
   94.    94 a                     +0.017084 H =        +0.465 eV
   93.    93 a                     +0.013434 H =        +0.366 eV
   92.    92 a                     +0.010677 H =        +0.291 eV
   91.    91 a                     +0.008823 H =        +0.240 eV
   90.    90 a                     +0.002946 H =        +0.080 eV
   89.    89 a                     -0.013367 H =        -0.364 eV
   88.    88 a                     -0.030535 H =        -0.831 eV
   87.    87 a                     -0.072267 H =        -1.966 eV
   86.    86 a        2.000        -0.246539 H =        -6.709 eV
   85.    85 a        2.000        -0.294077 H =        -8.002 eV
   84.    84 a        2.000        -0.304342 H =        -8.282 eV
   83.    83 a        2.000        -0.329119 H =        -8.956 eV
   82.    82 a        2.000        -0.349177 H =        -9.502 eV
   81.    81 a        2.000        -0.360199 H =        -9.802 eV
   80.    80 a        2.000        -0.367758 H =       -10.007 eV
   79.    79 a        2.000        -0.373613 H =       -10.167 eV
   78.    78 a        2.000        -0.377615 H =       -10.275 eV
   77.    77 a        2.000        -0.395721 H =       -10.768 eV
   76.    76 a        2.000        -0.402980 H =       -10.966 eV
   75.    75 a        2.000        -0.408869 H =       -11.126 eV
   74.    74 a        2.000        -0.420464 H =       -11.441 eV
   73.    73 a        2.000        -0.429457 H =       -11.686 eV
   72.    72 a        2.000        -0.436554 H =       -11.879 eV
   71.    71 a        2.000        -0.438095 H =       -11.921 eV


    ------------------------------------------------------------------------
         total  cpu-time :   0.26 seconds
         total wall-time :   0.28 seconds
    ------------------------------------------------------------------------

   ****  eiger : all done  ****


    2025-04-10 02:22:29.047 

