
 ridft (nano18.int-nano.int.kit.edu) : TURBOMOLE rev. V7-6 19 Oct 2021 at 10:10:11 compiled Oct 19th 2021
 Copyright (C) 2021 TURBOMOLE GmbH, Karlsruhe


    2025-04-10 00:24:50.365 



                                  r i d f t

                        DFT program with RI approximation 
                                for coulomb part 




                                                 
                                 References:     
                                                 
          TURBOMOLE:                             
              R. Ahlrichs, M. Baer, M. Haeser, H. Horn, and
              C. Koelmel
              Electronic structure calculations on workstation
              computers: the program system TURBOMOLE
              Chem. Phys. Lett. 162: 165 (1989)
          Density Functional:                              
              O. Treutler and R. Ahlrichs                      
              Efficient Molecular Numerical Integration Schemes
              J. Chem. Phys. 102: 346 (1995)                   
          Parallel Version:                                
              Performance of parallel TURBOMOLE for Density    
              Functional Calculations                          
              M. v. Arnim and R. Ahlrichs                      
              J. Comp. Chem. 19: 1746 (1998)                   
          RI-J Method:                                     
              Auxiliary Basis Sets to approximate Coulomb      
              Potentials                                       
              Chem. Phys. Lett. 240: 283 (1995)                
              K. Eichkorn, O. Treutler, H. Oehm, M. Haeser     
              and R. Ahlrichs                                  
              Chem. Phys. Lett. 242: 652 (1995)                
                                                           
              Auxiliary Basis Sets for Main Row Atoms and their
              Use to approximate Coulomb Potentials            
              K. Eichkorn, F. Weigend, O. Treutler and         
              R. Ahlrichs                                      
              Theo. Chem. Acc. 97: 119 (1997)                   
                                                           
              Accurate Coulomb-fitting basis sets for H to Rn 
              F. Weigend                                        
              Phys. Chem. Chem. Phys. 8: 1057 (2006)            
                                                           
          Multipole accelerated RI-J (MARI-J):             
              Fast evaluation of the Coulomb potential for     
              electron densities using multipole accelerated   
              resolution of identity approximation             
              M. Sierka, A. Hogekamp and R. Ahlrichs           
              J. Chem. Phys. 118: 9136 (2003)                  
          RI-JK Method:                                     
              A fully direct RI-HF algorithm: Implementation,
              optimised auxiliary basis sets, demonstration of
              accuracy and efficiency                         
              F. Weigend                                      
              Phys. Chem. Chem. Phys. 4: 4285 (2002)           
          Two-component HF and DFT with spin-orbit coupling:  
              Self-consistent treatment of spin-orbit         
              interactions with efficient Hartree-Fock and    
              density functional methods                      
              M. K. Armbruster, F. Weigend, C. van Wüllen and 
              W. Klopper                                      
              Phys. Chem. Chem. Phys. 10: 1748 (2008)         
          Two-component difference density and DIIS algorithm 
              Efficient two-component self-consistent field   
              procedures and gradients: implementation in     
              TURBOMOLE and application to Au20-              
              A. Baldes, F. Weigend                           
              Mol. Phys. 111: 2617 (2013)                     
          Relativistic all-electron 2c calculations           
              An efficient implementation of two-component    
              relativistic exact-decoupling methods for large 
              molecules                                       
              D. Peng, N. Middendorf, F. Weigend, M. Reiher   
              J. Chem. Phys. 138: 184105 (2013)               
          Finite nucleus model and SNSO approximation         
              Efficient implementation of one- and two-       
              component analytical energy gradients in exact  
              two-component theory                            
              Y. J. Franzke, N. Middendorf, F. Weigend        
              J. Chem. Phys. 148: 104110 (2018)               
          Grids for all-electron relativistic methods         
              Error-consistent segmented contracted all-      
              electron relativistic basis sets of double-     
              and triple-zeta quality for NMR shielding       
              constants                                       
              Y. J. Franzke, R. Tress, T. M. Pazdera,         
              F. Weigend                                      
              Phys. Chem. Chem. Phys. 21: 166658 (2019)       
          Seminumerical exchange algorithms                   
              Seminumerical calculation of the Hartree-Fock   
              exchange matirx: Application to two-component   
              procedures and efficient evaluation of local    
              hybrid functionsl                               
               P. Plessow, F. Weigend,                        
              J. Comput. Chem. 33: 810 (2012)                 
          Improved seminumerical algorithms                   
              C. Holzer,                                      
              J. Chem. Phys. 153 (2020), 184115               
                                         




              +--------------------------------------------------+
              |      general information about current run       |
              +--------------------------------------------------+

 
 Libxc version: 5.1.4
 S. Lehtola, C. Steigemann, M.J.T. Oliveira, and M.A.L. Marques, Software X 7, 1 (2018)
 M.A.L. Marques, M.J.T. Oliveira, and T. Burnus, Comput. Phys. Commun. 183, 2272 (2012)
 TURBOMOLE integration by Christof Holzer

 Name of XC-Functional: CAM version of B3LYP
 alpha=    0.19000
 beta =    0.46000
 omega=    0.33000
 [1] T. Yanai, D. P. Tew, and N. C. Handy, Chem. Phys. Lett. 393, 51 (2004)
 A Hybrid-DFT calculation using the RI-J approximation will be carried out.
 Allocatable memory for RI due to $ricore (MB):                  2000

   *************************************************************************
   cam                                                                      
   *************************************************************************




              +--------------------------------------------------+
              | Atomic coordinate, charge and isotop information |
              +--------------------------------------------------+

                    atomic coordinates            atom    charge  isotop
        -13.44380289    6.28041113   -0.49176247    c      6.000     0
        -11.05061409    7.46277766   -0.41400114    c      6.000     0
         -8.83294176    6.08890874   -0.27391666    c      6.000     0
         -8.88185783    3.42422177   -0.20600878    c      6.000     0
         -6.61225744    1.96257203   -0.04135255    c      6.000     0
         -6.67496654   -0.61780555    0.02370394    c      6.000     0
         -9.01184301   -1.99453297   -0.08718099    c      6.000     0
         -9.10103364   -4.69552587   -0.03496035    c      6.000     0
        -11.49065704   -5.87714321   -0.12700910    c      6.000     0
        -13.72025862   -4.50275979   -0.23011703    c      6.000     0
        -13.69058628   -1.84391206   -0.28733083    c      6.000     0
        -15.95985947   -0.37941482   -0.42720665    c      6.000     0
        -15.90728904    2.20034405   -0.49583580    c      6.000     0
        -13.56628829    3.57752301   -0.42686329    c      6.000     0
        -11.25999942    2.14523899   -0.28770110    c      6.000     0
        -11.31477011   -0.56580541   -0.22436763    c      6.000     0
        -15.73749146    7.79311709   -0.63188221    c      6.000     0
         -6.78365577   -6.20366045    0.08879835    c      6.000     0
        -15.90824906   10.33046463   -0.75935655    c      6.000     0
         -6.62359425   -8.57941640    1.00006497    c      6.000     0
         -4.43309383   -9.87729025    0.96105174    o      8.000     0
         -4.40629095  -12.23733501    2.21826772    c      6.000     0
        -18.36668964   11.54934309   -0.88600538    n      7.000     0
        -18.33635095   13.86287362   -1.00776058    o      8.000     0
        -20.28546542   10.25415435   -0.86584840    o      8.000     0
        -10.94037185    9.52230925   -0.45777639    h      1.000     0
         -7.01297468    7.06404006   -0.21035481    h      1.000     0
         -4.80392613    2.95845994    0.04357342    h      1.000     0
         -4.89992333   -1.65120796    0.18121223    h      1.000     0
        -11.59055364   -7.93796651   -0.18050018    h      1.000     0
        -15.53435731   -5.48960793   -0.31016528    h      1.000     0
        -17.77118926   -1.37314541   -0.48055845    h      1.000     0
        -17.69342306    3.21838081   -0.60507295    h      1.000     0
        -17.56417142    6.83644189   -0.63901080    h      1.000     0
         -5.01709125   -5.37904881   -0.59008745    h      1.000     0
        -14.38226509   11.70749560   -0.78945291    h      1.000     0
         -8.24895620   -9.56888576    1.82767156    h      1.000     0
         -2.52856189  -13.06759385    1.91484051    h      1.000     0
         -4.72413665  -12.01701533    4.27064021    h      1.000     0
         -5.84969998  -13.53421961    1.44449413    h      1.000     0
 
       center of nuclear mass  :  -11.71415904    1.23244474   -0.14259092
       center of nuclear charge:  -11.63626484    1.09686828   -0.12080902

              +--------------------------------------------------+
              |               basis set information              |
              +--------------------------------------------------+

              we will work with the 1s 3p 5d 7f 9g ... basis set
              ...i.e. with spherical basis functions...

   type   atoms  prim   cont   basis
   ---------------------------------------------------------------------------
    c       21     43     23   aug-cc-pVDZ   [4s3p2d|18s5p2d]
    o        3     43     23   aug-cc-pVDZ   [4s3p2d|18s5p2d]
    n        1     43     23   aug-cc-pVDZ   [4s3p2d|18s5p2d]
    h       15     11      9   aug-cc-pVDZ   [3s2p|5s2p]
   ---------------------------------------------------------------------------
   total:   40   1240    710
   ---------------------------------------------------------------------------

   total number of primitive shells          :   82
   total number of contracted shells         :  300
   total number of cartesian basis functions :  760
   total number of SCF-basis functions       :  710


 integral neglect threshold       :  0.44E-11
 integral storage threshold THIZE :  0.10E-04
 integral storage threshold THIME :         5

 RI-J AUXILIARY BASIS SET information:

              we will work with the 1s 3p 5d 7f 9g ... basis set
              ...i.e. with spherical basis functions...

   type   atoms  prim   cont   basis
   ---------------------------------------------------------------------------
    c       21     70     49   aug-cc-pVDZ   [6s4p3d1f1g|12s5p4d2f1g]
    o        3     70     49   aug-cc-pVDZ   [6s4p3d1f1g|12s5p4d2f1g]
    n        1     70     49   aug-cc-pVDZ   [6s4p3d1f1g|12s5p4d2f1g]
    h       15     16     11   aug-cc-pVDZ   [3s1p1d|5s2p1d]
   ---------------------------------------------------------------------------
   total:   40   1990   1390
   ---------------------------------------------------------------------------

   total number of primitive shells          :   80
   total number of contracted shells         :  450
   total number of cartesian basis functions : 1705
   total number of SCF-basis functions       : 1390


 symmetry group of the molecule :   c1 

 the group has the following generators :
   c1(z)

    1 symmetry operations found

 there are 1 real representations :   a   

 maximum number of shells which are related by symmetry :  1

  
           ------------------
           density functional
           ------------------
 Name of XC-Functional: CAM version of B3LYP
 alpha=    0.19000
 beta =    0.46000
 omega=    0.33000
 [1] T. Yanai, D. P. Tew, and N. C. Handy, Chem. Phys. Lett. 393, 51 (2004)

 iterations will be done with small grid
  
 spherical integration : Lebedev's spherical grid
 spherical gridsize    :                     3
    i.e. gridpoints    :                   302
 value for diffuse not defined
 radial integration    : Chebyshev 2nd kind (scaling 3)
 radial gridsize       :                     3
 integration cells     :                    40
 partition function    : becke
 partition sharpness   :                     3
  

 biggest AO integral is expected to be     4.738267915

          ------------------------
          nuclear repulsion energy  :   1906.50920327    
          ------------------------


         -----------------
         -S,T+V- integrals
         -----------------

 1e-integrals will be neglected if expon. factor < 0.439732E-12
 
   Difference densities algorithm switched on.
   The maximal number of linear combinations of
   difference densities is                    20 .

 DIIS switched on: error vector is FDS-SDF
 Max. Iterations for DIIS is     :   4
 DIIS matrix (see manual) 
    Scaling factor of diagonals  :  1.200
    threshold for scaling factor :  0.000

 scf convergence criterion : increment of total energy < .1000000D-06
                  and increment of one-electron energy < .1000000D-03

 MOs are in ASCII format !


    mo occupation :
   irrep   mo's   occupied
    a      710       86
 
 number of basis functions   :   710
 number of occupied orbitals :    86
 

 reading orbital data $scfmo  from file mos
 orbital characterization : expanded
 virtual MOs provided and orthogonalized by Cholesky decomposition

 automatic virtual orbital shift switched on 
      shift if e(lumo)-e(homo) < 0.10000000    

  
           ------------------------
               RI-J - INFORMATION
           ------------------------
 Contributions to RI integral batches: 
  neglected integral batches:                  9620
  direct contribution:                         6390
  memory contribution:                 29140
 Memory core needed for (P|Q) and Cholesky     15 MByte
 Memory core minimum needed except of (P|Q)     2 MByte
 Total minimum memory core needed (sum)        17 MByte
  
 ****************************************
 Memory allocated for RI-J  1986 MByte
 ****************************************
                                            

 DSCF restart information will be dumped onto file mos


 Starting SCF iterations

          Overall gridpoints after grid construction =         55655

 ITERATION  ENERGY          1e-ENERGY        2e-ENERGY     NORM[dD(SAO)]  TOL
   1  -1085.5132613781    -5226.6391305     2234.6166659    0.000D+00 0.439D-11
                            Exc = -108.363990397     Coul =  2383.36229161    
                            exK = -40.3816353174    
                              N = 171.99317603    
                            current damping = 0.300
 
          max. resid. norm for Fia-block=  3.577D-01 for orbital     50a         
          max. resid. fock norm         =  1.548D+00 for orbital    662a         

 ITERATION  ENERGY          1e-ENERGY        2e-ENERGY     NORM[dD(SAO)]  TOL
   2  -1088.7513528468    -5261.8590059     2266.5984498    0.311D+03 0.998D-12
                            Exc = -110.099720857      Eck =  2376.69817068    
                              N = 171.99550437    
                            current damping = 0.250
 
          Norm of current diis error:  2.6918    
          max. resid. norm for Fia-block=  1.924D-01 for orbital     26a         
          max. resid. fock norm         =  2.710D-01 for orbital     26a         

 ITERATION  ENERGY          1e-ENERGY        2e-ENERGY     NORM[dD(SAO)]  TOL
   3  -1089.0005448637    -5262.9956758     2267.4859277    0.818D+02 0.961D-12
                            Exc = -110.624850283      Eck =  2378.11077797    
                              N = 171.99552636    
                            current damping = 0.150
 
          Norm of current diis error:  1.5995    
          max. resid. norm for Fia-block=  8.499D-02 for orbital     63a         
          max. resid. fock norm         =  9.952D-02 for orbital     27a         

 ITERATION  ENERGY          1e-ENERGY        2e-ENERGY     NORM[dD(SAO)]  TOL
   4  -1089.1411842822    -5262.2776536     2266.6272660    0.168D+02 0.960D-12
                            Exc = -110.426346840      Eck =  2377.05361285    
                              N = 171.99558601    
                            current damping = 0.200
 
          Norm of current diis error: 0.52369    
          max. resid. norm for Fia-block=  2.431D-02 for orbital     51a         
          max. resid. fock norm         =  3.334D-02 for orbital     26a         

 ITERATION  ENERGY          1e-ENERGY        2e-ENERGY     NORM[dD(SAO)]  TOL
   5  -1089.1563501615    -5264.3601498     2268.6945963    0.628D+01 0.948D-12
                            Exc = -110.554731072      Eck =  2379.24932740    
                              N = 171.99560174    
                            current damping = 0.250
 
          Norm of current diis error: 0.14097    
          max. resid. norm for Fia-block=  5.604D-03 for orbital     27a         
          max. resid. fock norm         =  8.526D-03 for orbital     33a         
          mo-orthogonalization: Cholesky decomposition

 ITERATION  ENERGY          1e-ENERGY        2e-ENERGY     NORM[dD(SAO)]  TOL
   6  -1089.1574960526    -5264.0671710     2268.4004717    0.214D+01 0.950D-12
                            Exc = -110.558802631      Eck =  2378.95927433    
                              N = 171.99561343    
                            current damping = 0.300
 
          Norm of current diis error: 0.63305E-01
          max. resid. norm for Fia-block=  2.480D-03 for orbital     86a         
          max. resid. fock norm         =  3.530D-03 for orbital     74a         

 ITERATION  ENERGY          1e-ENERGY        2e-ENERGY     NORM[dD(SAO)]  TOL
   7  -1089.1578025153    -5264.0035962     2268.3365904    0.859D+00 0.949D-12
                            Exc = -110.549145517      Eck =  2378.88573594    
                              N = 171.99561030    
                            current damping = 0.150
 
          Norm of current diis error: 0.21590E-01
          max. resid. norm for Fia-block=  1.367D-03 for orbital     86a         
          max. resid. fock norm         =  1.742D-03 for orbital     78a         

 ITERATION  ENERGY          1e-ENERGY        2e-ENERGY     NORM[dD(SAO)]  TOL
   8  -1089.1578602457    -5264.0660869     2268.3990234    0.318D+00 0.949D-12
                            Exc = -110.551259627      Eck =  2378.95028301    
                              N = 171.99561006    
                            current damping = 0.200
 
          Norm of current diis error: 0.16490E-01
          max. resid. norm for Fia-block=  9.847D-04 for orbital     79a         
          max. resid. fock norm         =  1.509D-03 for orbital     28a         

 ITERATION  ENERGY          1e-ENERGY        2e-ENERGY     NORM[dD(SAO)]  TOL
   9  -1089.1578825625    -5264.0599494     2268.3928636    0.154D+00 0.948D-12
                            Exc = -110.552878116      Eck =  2378.94574173    
                              N = 171.99561040    
                            current damping = 0.250
 
          Norm of current diis error: 0.85716E-02
          max. resid. norm for Fia-block=  5.088D-04 for orbital     79a         
          max. resid. fock norm         =  7.119D-04 for orbital     28a         

 ITERATION  ENERGY          1e-ENERGY        2e-ENERGY     NORM[dD(SAO)]  TOL
  10  -1089.1578901803    -5264.0453427     2268.3782492    0.547D-01 0.948D-12
                            Exc = -110.551286542      Eck =  2378.92953578    
                              N = 171.99560991    
                            current damping = 0.100
 
          Norm of current diis error: 0.43748E-02
          max. resid. norm for Fia-block=  2.903D-04 for orbital     86a         
          max. resid. fock norm         =  3.364D-04 for orbital     87a         
          mo-orthogonalization: Cholesky decomposition

 ITERATION  ENERGY          1e-ENERGY        2e-ENERGY     NORM[dD(SAO)]  TOL
  11  -1089.1578927774    -5264.0495609     2268.3824648    0.451D-01 0.947D-12
                            Exc = -110.551442483      Eck =  2378.93390731    
                              N = 171.99560957    
                            current damping = 0.150
 
          Norm of current diis error: 0.26400E-02
          max. resid. norm for Fia-block=  1.093D-04 for orbital     79a         
          max. resid. fock norm         =  1.732D-04 for orbital     81a         

 ITERATION  ENERGY          1e-ENERGY        2e-ENERGY     NORM[dD(SAO)]  TOL
  12  -1089.1578933196    -5264.0520018     2268.3849052    0.333D-01 0.947D-12
                            Exc = -110.551885152      Eck =  2378.93679036    
                              N = 171.99560954    
                            current damping = 0.100
 
          Norm of current diis error: 0.16152E-02
          max. resid. norm for Fia-block=  8.919D-05 for orbital     79a         
          max. resid. fock norm         =  1.343D-04 for orbital     81a         

 ITERATION  ENERGY          1e-ENERGY        2e-ENERGY     NORM[dD(SAO)]  TOL
  13  -1089.1578935837    -5264.0509797     2268.3838828    0.101D+03 0.125D-11
                            Exc = -110.551666651      Eck =  2378.93554947    
                              N = 171.99560952    
                            current damping = 0.150
 
          Norm of current diis error: 0.10720E-02
          max. resid. norm for Fia-block=  7.756D-05 for orbital     79a         
          max. resid. fock norm         =  1.327D-03 for orbital    706a         

 ENERGY CONVERGED !

          Overall gridpoints after grid construction =        202118

 ITERATION  ENERGY          1e-ENERGY        2e-ENERGY     NORM[dD(SAO)]  TOL
  14  -1089.1570150298    -5264.0507043     2268.3844860    0.365D+00 0.125D-11
                            Exc = -110.550716358      Eck =  2378.93520231    
                              N = 171.99992945    
                            current damping = 0.200
 
          Norm of current diis error: 0.67299E-03
          max. resid. norm for Fia-block=  3.570D-05 for orbital     79a         
          max. resid. fock norm         =  8.117D-04 for orbital    706a         

 End of SCF iterations

   convergence criteria satisfied after    14 iterations


   *************************************************************************
   cam                                                                      
   *************************************************************************


                  ------------------------------------------ 
                 |  total energy      =  -1089.15701502977  |
                  ------------------------------------------ 
                 :  kinetic energy    =   1082.73489403685  :
                 :  potential energy  =  -2171.89190906662  :
                 :  virial theorem    =      1.99410358571  :
                 :  wavefunction norm =      1.00000000000  :
                  .......................................... 


 <geterg> : there is no data group $energy 


 <skperg> : $end is missing 


 orbitals $scfmo  will be written to file mos

    irrep                 82a         83a         84a         85a         86a   
 eigenvalues H         -0.34918    -0.32912    -0.30434    -0.29408    -0.24654
            eV          -9.5017     -8.9559     -8.2816     -8.0023     -6.7087
 occupation              2.0000      2.0000      2.0000      2.0000      2.0000

    irrep                 87a         88a         89a         90a         91a   
 eigenvalues H         -0.07227    -0.03054    -0.01337     0.00295     0.00882
            eV          -1.9665     -0.8309     -0.3637      0.0802      0.2401
 
 
 
 
 ==============================================================================
                           electrostatic moments
 ==============================================================================

 reference point for electrostatic moments:    0.00000   0.00000   0.00000

 
              nuc           elec       ->  total
 ------------------------------------------------------------------------------
                          charge      
 ------------------------------------------------------------------------------
         172.000000    -172.000000      -0.000000
 
 ------------------------------------------------------------------------------
                       dipole moment  
 ------------------------------------------------------------------------------
   x   -2001.437553    2003.506313       2.068761
   y     188.661345    -191.768455      -3.107110
   z     -20.779152      21.327083       0.547931
 
   | dipole moment | =     3.7728 a.u. =     9.5895 debye 
 
 ------------------------------------------------------------------------------
                     quadrupole moment
 ------------------------------------------------------------------------------
  xx   27051.047456  -27215.455605    -164.408149
  yy    9259.385530   -9372.620159    -113.234629
  zz     106.782745    -218.156468    -111.373723
  xy   -6505.288375    6562.519334      57.230960
  xz     715.725684    -721.098303      -5.372619
  yz    -806.277987     803.070155      -3.207833
 
     1/3  trace=    -129.672167
     anisotropy=     112.521265
 
 ==============================================================================
 
HOMO-LUMO Separation
 HOMO         :   -0.24653949 H =     -6.70868 eV
 LUMO         :   -0.07226740 H =     -1.96650 eV
 HOMO-LUMO gap:    0.17427210 H =     +4.74219 eV
 
 ==============================================================================


    ------------------------------------------------------------------------
         total  cpu-time :  1 hours 56 minutes and 57 seconds
         total wall-time :  1 hours 57 minutes and 38 seconds
    ------------------------------------------------------------------------

   ****  ridft : all done  ****


    2025-04-10 02:22:28.563 

 ridft ended normally
