
 eiger (nano18.int-nano.int.kit.edu) : TURBOMOLE rev. V7-6 19 Oct 2021 at 10:10:11 compiled Oct 19th 2021
 Copyright (C) 2021 TURBOMOLE GmbH, Karlsruhe


    2025-04-09 19:56:55.000 

 wb97xd                                                                         
  
Total energy =  -1109.0003049850 H =    -30177.4353952 eV
 
 HOMO-LUMO Separation
   HOMO:    90.    90 a     -0.26134920 H =     -7.11167 eV
   LUMO:    91.    91 a     -0.03765586 H =     -1.02467 eV
   Gap :                    +0.22369334 H =     +6.08701 eV
 
Number of MOs=    760, Electrons=    180.00, Symmetry: c1   
 
   Nr.   Orbital    Occupation       Energy
  107.   107 a                     +0.075925 H =        +2.066 eV
  106.   106 a                     +0.074223 H =        +2.020 eV
  105.   105 a                     +0.070790 H =        +1.926 eV
  104.   104 a                     +0.069247 H =        +1.884 eV
  103.   103 a                     +0.062596 H =        +1.703 eV
  102.   102 a                     +0.059988 H =        +1.632 eV
  101.   101 a                     +0.058073 H =        +1.580 eV
  100.   100 a                     +0.051138 H =        +1.392 eV
   99.    99 a                     +0.049508 H =        +1.347 eV
   98.    98 a                     +0.048552 H =        +1.321 eV
   97.    97 a                     +0.045460 H =        +1.237 eV
   96.    96 a                     +0.040792 H =        +1.110 eV
   95.    95 a                     +0.036291 H =        +0.988 eV
   94.    94 a                     +0.029058 H =        +0.791 eV
   93.    93 a                     +0.023922 H =        +0.651 eV
   92.    92 a                     +0.007592 H =        +0.207 eV
   91.    91 a                     -0.037656 H =        -1.025 eV
   90.    90 a        2.000        -0.261349 H =        -7.112 eV
   89.    89 a        2.000        -0.312277 H =        -8.497 eV
   88.    88 a        2.000        -0.328593 H =        -8.941 eV
   87.    87 a        2.000        -0.360344 H =        -9.805 eV
   86.    86 a        2.000        -0.373682 H =       -10.168 eV
   85.    85 a        2.000        -0.396214 H =       -10.782 eV
   84.    84 a        2.000        -0.402183 H =       -10.944 eV
   83.    83 a        2.000        -0.409516 H =       -11.143 eV
   82.    82 a        2.000        -0.414094 H =       -11.268 eV
   81.    81 a        2.000        -0.424968 H =       -11.564 eV
   80.    80 a        2.000        -0.425823 H =       -11.587 eV
   79.    79 a        2.000        -0.438689 H =       -11.937 eV
   78.    78 a        2.000        -0.451483 H =       -12.285 eV
   77.    77 a        2.000        -0.461718 H =       -12.564 eV
   76.    76 a        2.000        -0.468265 H =       -12.742 eV
   75.    75 a        2.000        -0.486346 H =       -13.234 eV


    ------------------------------------------------------------------------
         total  cpu-time :   0.44 seconds
         total wall-time :   3.71 seconds
    ------------------------------------------------------------------------

   ****  eiger : all done  ****


    2025-04-09 19:56:58.511 

