
 ridft (nano14.int-nano.int.kit.edu) : TURBOMOLE rev. V7-6 19 Oct 2021 at 10:10:11 compiled Oct 19th 2021
 Copyright (C) 2021 TURBOMOLE GmbH, Karlsruhe


    2025-03-22 20:49:00.120 



                                  r i d f t

                        DFT program with RI approximation 
                                for coulomb part 




                                                 
                                 References:     
                                                 
          TURBOMOLE:                             
              R. Ahlrichs, M. Baer, M. Haeser, H. Horn, and
              C. Koelmel
              Electronic structure calculations on workstation
              computers: the program system TURBOMOLE
              Chem. Phys. Lett. 162: 165 (1989)
          Density Functional:                              
              O. Treutler and R. Ahlrichs                      
              Efficient Molecular Numerical Integration Schemes
              J. Chem. Phys. 102: 346 (1995)                   
          Parallel Version:                                
              Performance of parallel TURBOMOLE for Density    
              Functional Calculations                          
              M. v. Arnim and R. Ahlrichs                      
              J. Comp. Chem. 19: 1746 (1998)                   
          RI-J Method:                                     
              Auxiliary Basis Sets to approximate Coulomb      
              Potentials                                       
              Chem. Phys. Lett. 240: 283 (1995)                
              K. Eichkorn, O. Treutler, H. Oehm, M. Haeser     
              and R. Ahlrichs                                  
              Chem. Phys. Lett. 242: 652 (1995)                
                                                           
              Auxiliary Basis Sets for Main Row Atoms and their
              Use to approximate Coulomb Potentials            
              K. Eichkorn, F. Weigend, O. Treutler and         
              R. Ahlrichs                                      
              Theo. Chem. Acc. 97: 119 (1997)                   
                                                           
              Accurate Coulomb-fitting basis sets for H to Rn 
              F. Weigend                                        
              Phys. Chem. Chem. Phys. 8: 1057 (2006)            
                                                           
          Multipole accelerated RI-J (MARI-J):             
              Fast evaluation of the Coulomb potential for     
              electron densities using multipole accelerated   
              resolution of identity approximation             
              M. Sierka, A. Hogekamp and R. Ahlrichs           
              J. Chem. Phys. 118: 9136 (2003)                  
          RI-JK Method:                                     
              A fully direct RI-HF algorithm: Implementation,
              optimised auxiliary basis sets, demonstration of
              accuracy and efficiency                         
              F. Weigend                                      
              Phys. Chem. Chem. Phys. 4: 4285 (2002)           
          Two-component HF and DFT with spin-orbit coupling:  
              Self-consistent treatment of spin-orbit         
              interactions with efficient Hartree-Fock and    
              density functional methods                      
              M. K. Armbruster, F. Weigend, C. van Wüllen and 
              W. Klopper                                      
              Phys. Chem. Chem. Phys. 10: 1748 (2008)         
          Two-component difference density and DIIS algorithm 
              Efficient two-component self-consistent field   
              procedures and gradients: implementation in     
              TURBOMOLE and application to Au20-              
              A. Baldes, F. Weigend                           
              Mol. Phys. 111: 2617 (2013)                     
          Relativistic all-electron 2c calculations           
              An efficient implementation of two-component    
              relativistic exact-decoupling methods for large 
              molecules                                       
              D. Peng, N. Middendorf, F. Weigend, M. Reiher   
              J. Chem. Phys. 138: 184105 (2013)               
          Finite nucleus model and SNSO approximation         
              Efficient implementation of one- and two-       
              component analytical energy gradients in exact  
              two-component theory                            
              Y. J. Franzke, N. Middendorf, F. Weigend        
              J. Chem. Phys. 148: 104110 (2018)               
          Grids for all-electron relativistic methods         
              Error-consistent segmented contracted all-      
              electron relativistic basis sets of double-     
              and triple-zeta quality for NMR shielding       
              constants                                       
              Y. J. Franzke, R. Tress, T. M. Pazdera,         
              F. Weigend                                      
              Phys. Chem. Chem. Phys. 21: 166658 (2019)       
          Seminumerical exchange algorithms                   
              Seminumerical calculation of the Hartree-Fock   
              exchange matirx: Application to two-component   
              procedures and efficient evaluation of local    
              hybrid functionsl                               
               P. Plessow, F. Weigend,                        
              J. Comput. Chem. 33: 810 (2012)                 
          Improved seminumerical algorithms                   
              C. Holzer,                                      
              J. Chem. Phys. 153 (2020), 184115               
                                         




              +--------------------------------------------------+
              |      general information about current run       |
              +--------------------------------------------------+

 
 Libxc version: 5.1.4
 S. Lehtola, C. Steigemann, M.J.T. Oliveira, and M.A.L. Marques, Software X 7, 1 (2018)
 M.A.L. Marques, M.J.T. Oliveira, and T. Burnus, Comput. Phys. Commun. 183, 2272 (2012)
 TURBOMOLE integration by Christof Holzer

 Name of XC-Functional: Minnesota M06-2X hybrid exchange functional
 HF exchange scaling factor =    0.54000
 [1] Y. Zhao and D. G. Truhlar, Theor. Chem. Acc. 120, 215 (2008)
 A Hybrid-DFT calculation using the RI-J approximation will be carried out.
 Allocatable memory for RI due to $ricore (MB):                  2000

   *************************************************************************
   m062xd                                                                   
   *************************************************************************




              +--------------------------------------------------+
              | Atomic coordinate, charge and isotop information |
              +--------------------------------------------------+

                    atomic coordinates            atom    charge  isotop
          0.34611902    0.75399373    4.54864543    c      6.000     0
         -1.51109039   -3.03520327    3.09647556    c      6.000     0
         -1.90113081   -3.82930908    5.51402090    c      6.000     0
          0.00288240    0.05792011    7.00545323    c      6.000     0
         -1.16313947   -2.32324139    7.66936466    c      6.000     0
         -1.58112213   -3.18161358   10.13051524    c      6.000     0
         -0.95363687   -1.89740295   12.37852078    c      6.000     0
          0.75937624    1.65297840   21.95867161    c      6.000     0
         -0.47133832   -0.94240699   21.70472795    c      6.000     0
         -0.89203463   -1.84819864   24.14317725    c      6.000     0
         -0.00497829    0.01108494   25.93558664    c      6.000     0
          0.01443845    0.03010031   28.55438252    c      6.000     0
          0.00697063    0.01293461   -0.05728535    c      6.000     0
         -0.39017175   -0.74770756    2.56139621    n      7.000     0
          3.47454116    1.75381324   20.95426706    c      6.000     0
         -0.88748399    3.81885852   20.96500940    c      6.000     0
          0.93271779    2.00183186   24.68510667    o      8.000     0
         -2.01614861   -4.22888298   24.67378249    c      6.000     0
         -0.94527918   -2.00833724   30.03750175    c      6.000     0
          1.03303296    2.16610500   29.85823572    c      6.000     0
         -2.94786731   -6.20326222   24.92198951    n      7.000     0
         -1.70561275   -3.62456236   31.31798584    n      7.000     0
          1.85735304    3.89304406   30.93905796    n      7.000     0
         -1.37858393   -2.78725816   14.80166632    c      6.000     0
         -0.71067138   -1.41557608   16.99609189    c      6.000     0
         -1.09716006   -2.23748505   19.44625862    c      6.000     0
          1.22730682    2.54783912    4.03775400    h      1.000     0
         -2.06619952   -4.16809635    1.46373329    h      1.000     0
         -2.80027781   -5.66182545    5.81707420    h      1.000     0
          0.64147509    1.36202029    8.46696344    h      1.000     0
         -2.48382106   -5.03367822   10.32544314    h      1.000     0
         -0.05269086   -0.03649817   12.22341489    h      1.000     0
          0.87501179    1.89556670   -0.10441096    h      1.000     0
          1.27266157   -1.32161209   -1.03562585    h      1.000     0
         -1.80184611    0.09470419   -1.08582095    h      1.000     0
          3.51743775    1.59398720   18.88367015    h      1.000     0
          4.34610949    3.56073573   21.50206824    h      1.000     0
          4.60600145    0.20535843   21.75613304    h      1.000     0
         -1.04370424    3.75508480   18.89501172    h      1.000     0
         -2.79973980    3.70861870   21.77160933    h      1.000     0
         -0.04190335    5.63656113   21.51648307    h      1.000     0
         -2.27352856   -4.64006338   15.04541189    h      1.000     0
          0.17553893    0.42743829   16.67659022    h      1.000     0
         -1.98353950   -4.09058904   19.70428806    h      1.000     0
 
       center of nuclear mass  :   -0.43523215   -0.86354163   17.74857941
       center of nuclear charge:   -0.41548156   -0.82105538   17.46341149

              +--------------------------------------------------+
              |               basis set information              |
              +--------------------------------------------------+

              we will work with the 1s 3p 5d 7f 9g ... basis set
              ...i.e. with spherical basis functions...

   type   atoms  prim   cont   basis
   ---------------------------------------------------------------------------
    c       21     43     23   aug-cc-pVDZ   [4s3p2d|18s5p2d]
    n        4     43     23   aug-cc-pVDZ   [4s3p2d|18s5p2d]
    o        1     43     23   aug-cc-pVDZ   [4s3p2d|18s5p2d]
    h       18     11      9   aug-cc-pVDZ   [3s2p|5s2p]
   ---------------------------------------------------------------------------
   total:   44   1316    760
   ---------------------------------------------------------------------------

   total number of primitive shells          :   82
   total number of contracted shells         :  324
   total number of cartesian basis functions :  812
   total number of SCF-basis functions       :  760


 integral neglect threshold       :  0.41E-11
 integral storage threshold THIZE :  0.10E-04
 integral storage threshold THIME :         5

 RI-J AUXILIARY BASIS SET information:

              we will work with the 1s 3p 5d 7f 9g ... basis set
              ...i.e. with spherical basis functions...

   type   atoms  prim   cont   basis
   ---------------------------------------------------------------------------
    c       21     70     49   aug-cc-pVDZ   [6s4p3d1f1g|12s5p4d2f1g]
    n        4     70     49   aug-cc-pVDZ   [6s4p3d1f1g|12s5p4d2f1g]
    o        1     70     49   aug-cc-pVDZ   [6s4p3d1f1g|12s5p4d2f1g]
    h       18     16     11   aug-cc-pVDZ   [3s1p1d|5s2p1d]
   ---------------------------------------------------------------------------
   total:   44   2108   1472
   ---------------------------------------------------------------------------

   total number of primitive shells          :   80
   total number of contracted shells         :  480
   total number of cartesian basis functions : 1802
   total number of SCF-basis functions       : 1472


 symmetry group of the molecule :   c1 

 the group has the following generators :
   c1(z)

    1 symmetry operations found

 there are 1 real representations :   a   

 maximum number of shells which are related by symmetry :  1

 ==============================================================================
                      COSMO switched on
 ==============================================================================
 COSMO stati: segments per atom: H   32 other atoms   92
 COSMO statistics: nps   1654 npspher:    718
 COSMO surface:
   number of segments: 1654
   area (bohr**2):     1431.309459
   volume (bohr**3):   2944.821597
 COSMO: check number of disjunct cavities:

       ... OK contiguous cavity found
  
           ------------------
           density functional
           ------------------
 Name of XC-Functional: Minnesota M06-2X hybrid exchange functional
 HF exchange scaling factor =    0.54000
 [1] Y. Zhao and D. G. Truhlar, Theor. Chem. Acc. 120, 215 (2008)

 iterations will be done with small grid
  
 spherical integration : Lebedev's spherical grid
 spherical gridsize    :                     3
    i.e. gridpoints    :                   302
 value for diffuse not defined
 radial integration    : Chebyshev 2nd kind (scaling 3)
 radial gridsize       :                     3
 integration cells     :                    44
 partition function    : becke
 partition sharpness   :                     3
  

 biggest AO integral is expected to be     4.738267915

          ------------------------
          nuclear repulsion energy  :   1911.33931737    
          ------------------------


         -----------------
         -S,T+V- integrals
         -----------------

 1e-integrals will be neglected if expon. factor < 0.411572E-12
 
   Difference densities algorithm switched on.
   The maximal number of linear combinations of
   difference densities is                    20 .

 DIIS switched on: error vector is FDS-SDF
 Max. Iterations for DIIS is     :   4
 DIIS matrix (see manual) 
    Scaling factor of diagonals  :  1.200
    threshold for scaling factor :  0.000

 scf convergence criterion : increment of total energy < .1000000D-06
                  and increment of one-electron energy < .1000000D-03

 MOs are in ASCII format !


    mo occupation :
   irrep   mo's   occupied
    a      760       90
 
 number of basis functions   :   760
 number of occupied orbitals :    90
 

 reading orbital data $scfmo  from file mos
 orbital characterization : expanded
 virtual MOs provided and orthogonalized by Cholesky decomposition

 automatic virtual orbital shift switched on 
      shift if e(lumo)-e(homo) < 0.10000000    

  
           ------------------------
               RI-J - INFORMATION
           ------------------------
 Contributions to RI integral batches: 
  neglected integral batches:                 14654
  direct contribution:                        10339
  memory contribution:                 27657
 Memory core needed for (P|Q) and Cholesky     17 MByte
 Memory core minimum needed except of (P|Q)     2 MByte
 Total minimum memory core needed (sum)        19 MByte
  
 ****************************************
 Memory allocated for RI-J  1787 MByte
 ****************************************
                                            

 DSCF restart information will be dumped onto file mos


 Starting SCF iterations

          Overall gridpoints after grid construction =         60325

 ITERATION  ENERGY          1e-ENERGY        2e-ENERGY     NORM[dD(SAO)]  TOL
   1  -1100.3105778585    -5243.1353090     2231.4854138    0.000D+00 0.411D-11
                            Exc = -74.0800082110     Coul =  2384.69353480    
                            exK = -79.1281128131    
                              N = 179.99062009    
                          Ediel =-0.208321290025    
                            current damping = 0.300
 
          max. resid. norm for Fia-block=  3.799D-01 for orbital     81a         
          max. resid. fock norm         =  1.352D+00 for orbital    749a         

 ITERATION  ENERGY          1e-ENERGY        2e-ENERGY     NORM[dD(SAO)]  TOL
   2  -1104.4039619366    -5287.3576230     2271.6143437    0.126D+03 0.112D-11
                            Exc = -75.1394802288      Eck =  2346.75382389    
                              N = 179.99301970    
                          Ediel =-0.546293637833E-01
                            current damping = 0.250
 
          Norm of current diis error:  2.8950    
          max. resid. norm for Fia-block=  1.554D-01 for orbital     33a         
          max. resid. fock norm         =  3.030D-01 for orbital    736a         

 ITERATION  ENERGY          1e-ENERGY        2e-ENERGY     NORM[dD(SAO)]  TOL
   3  -1104.6960483538    -5286.3725337     2270.3371680    0.320D+02 0.102D-11
                            Exc = -75.5308296627      Eck =  2345.86799764    
                              N = 179.99379348    
                          Ediel =-0.775944401259E-01
                            current damping = 0.200
 
          Norm of current diis error:  1.9123    
          max. resid. norm for Fia-block=  8.037D-02 for orbital     85a         
          max. resid. fock norm         =  8.674D-02 for orbital     85a         

 ITERATION  ENERGY          1e-ENERGY        2e-ENERGY     NORM[dD(SAO)]  TOL
   4  -1104.9213017047    -5287.8573831     2271.5967640    0.905D+01 0.100D-11
                            Exc = -75.3537564290      Eck =  2346.95052043    
                              N = 179.99385545    
                          Ediel =-0.442233135045E-01
                            current damping = 0.250
 
          Norm of current diis error: 0.57141    
          max. resid. norm for Fia-block=  2.565D-02 for orbital     31a         
          max. resid. fock norm         =  3.066D-02 for orbital     29a         

 ITERATION  ENERGY          1e-ENERGY        2e-ENERGY     NORM[dD(SAO)]  TOL
   5  -1104.9394281748    -5289.2036134     2272.9248679    0.272D+01 0.990D-12
                            Exc = -75.4273670965      Eck =  2348.35223496    
                              N = 179.99397442    
                          Ediel =-0.441231612997E-01
                            current damping = 0.150
 
          Norm of current diis error: 0.16592    
          max. resid. norm for Fia-block=  9.047D-03 for orbital     27a         
          max. resid. fock norm         =  1.273D-02 for orbital     27a         
          mo-orthogonalization: Cholesky decomposition

 ITERATION  ENERGY          1e-ENERGY        2e-ENERGY     NORM[dD(SAO)]  TOL
   6  -1104.9409441538    -5289.2775727     2272.9973112    0.116D+01 0.985D-12
                            Exc = -75.4393454357      Eck =  2348.43665661    
                              N = 179.99396351    
                          Ediel =-0.433166585352E-01
                            current damping = 0.100
 
          Norm of current diis error: 0.81262E-01
          max. resid. norm for Fia-block=  2.915D-03 for orbital     31a         
          max. resid. fock norm         =  4.074D-03 for orbital     55a         

 ITERATION  ENERGY          1e-ENERGY        2e-ENERGY     NORM[dD(SAO)]  TOL
   7  -1104.9413110501    -5289.1128348     2272.8322063    0.497D+00 0.984D-12
                            Exc = -75.4320448450      Eck =  2348.26425119    
                              N = 179.99395021    
                          Ediel =-0.428253963917E-01
                            current damping = 0.150
 
          Norm of current diis error: 0.36497E-01
          max. resid. norm for Fia-block=  1.470D-03 for orbital     85a         
          max. resid. fock norm         =  1.606D-03 for orbital     71a         

 ITERATION  ENERGY          1e-ENERGY        2e-ENERGY     NORM[dD(SAO)]  TOL
   8  -1104.9413949651    -5289.1857246     2272.9050123    0.163D+00 0.983D-12
                            Exc = -75.4331136703      Eck =  2348.33812594    
                              N = 179.99394869    
                          Ediel =-0.423224836292E-01
                            current damping = 0.200
 
          Norm of current diis error: 0.18399E-01
          max. resid. norm for Fia-block=  8.817D-04 for orbital     74a         
          max. resid. fock norm         =  1.124D-03 for orbital     71a         

 ITERATION  ENERGY          1e-ENERGY        2e-ENERGY     NORM[dD(SAO)]  TOL
   9  -1104.9414200170    -5289.1794713     2272.8987339    0.796D-01 0.983D-12
                            Exc = -75.4348426096      Eck =  2348.33357649    
                              N = 179.99394408    
                          Ediel =-0.422213390135E-01
                            current damping = 0.250
 
          Norm of current diis error: 0.95219E-02
          max. resid. norm for Fia-block=  3.666D-04 for orbital     89a         
          max. resid. fock norm         =  6.033D-04 for orbital     47a         

 ITERATION  ENERGY          1e-ENERGY        2e-ENERGY     NORM[dD(SAO)]  TOL
  10  -1104.9414266484    -5289.1754305     2272.8946865    0.267D-01 0.981D-12
                            Exc = -75.4340115432      Eck =  2348.32869802    
                              N = 179.99394049    
                          Ediel =-0.420689459622E-01
                            current damping = 0.100
 
          Norm of current diis error: 0.42778E-02
          max. resid. norm for Fia-block=  3.069D-04 for orbital     90a         
          max. resid. fock norm         =  3.256D-04 for orbital     90a         
          mo-orthogonalization: Cholesky decomposition

 ITERATION  ENERGY          1e-ENERGY        2e-ENERGY     NORM[dD(SAO)]  TOL
  11  -1104.9414300298    -5289.1650335     2272.8842861    0.234D-01 0.979D-12
                            Exc = -75.4340653708      Eck =  2348.31835143    
                              N = 179.99393739    
                          Ediel =-0.419577563105E-01
                            current damping = 0.100
 
          Norm of current diis error: 0.31430E-02
          max. resid. norm for Fia-block=  1.905D-04 for orbital     90a         
          max. resid. fock norm         =  2.107D-04 for orbital     90a         

 ITERATION  ENERGY          1e-ENERGY        2e-ENERGY     NORM[dD(SAO)]  TOL
  12  -1104.9414314894    -5289.1684492     2272.8877003    0.108D-01 0.976D-12
                            Exc = -75.4341390252      Eck =  2348.32183936    
                              N = 179.99393520    
                          Ediel =-0.418532685059E-01
                            current damping = 0.150
 
          Norm of current diis error: 0.18606E-02
          max. resid. norm for Fia-block=  1.424D-04 for orbital     90a         
          max. resid. fock norm         =  1.879D-04 for orbital     92a         

 ITERATION  ENERGY          1e-ENERGY        2e-ENERGY     NORM[dD(SAO)]  TOL
  13  -1104.9414320558    -5289.1627758     2272.8820264    0.140D-01 0.972D-12
                            Exc = -75.4341376343      Eck =  2348.31616404    
                              N = 179.99393326    
                          Ediel =-0.417993665423E-01
                            current damping = 0.200
 
          Norm of current diis error: 0.12107E-02
          max. resid. norm for Fia-block=  6.062D-05 for orbital     81a         
          max. resid. fock norm         =  6.643D-05 for orbital    742a         

 ITERATION  ENERGY          1e-ENERGY        2e-ENERGY     NORM[dD(SAO)]  TOL
  14  -1104.9414321811    -5289.1633398     2272.8825903    0.774D-02 0.970D-12
                            Exc = -75.4340702975      Eck =  2348.31666056    
                              N = 179.99393275    
                          Ediel =-0.417699182376E-01
                            current damping = 0.250
 
          Norm of current diis error: 0.80606E-03
          max. resid. norm for Fia-block=  3.958D-05 for orbital     90a         
          max. resid. fock norm         =  7.602D-05 for orbital    757a         

 ITERATION  ENERGY          1e-ENERGY        2e-ENERGY     NORM[dD(SAO)]  TOL
  15  -1104.9414322963    -5289.1626994     2272.8819498    0.201D+02 0.117D-11
                            Exc = -75.4341210798      Eck =  2348.31607085    
                              N = 179.99393240    
                          Ediel =-0.417588900315E-01
                            current damping = 0.300
 
          Norm of current diis error: 0.41890E-03
          max. resid. norm for Fia-block=  2.498D-05 for orbital     90a         
          max. resid. fock norm         =  5.013D-04 for orbital    736a         
          mo-orthogonalization: Cholesky decomposition

 ENERGY CONVERGED !

          Overall gridpoints after grid construction =        219842

 ITERATION  ENERGY          1e-ENERGY        2e-ENERGY     NORM[dD(SAO)]  TOL
  16  -1104.9459767452    -5289.1626427     2272.8773486    0.645D-01 0.117D-11
                            Exc = -75.4386523034      Eck =  2348.31600086    
                              N = 179.99985938    
                          Ediel =-0.417468396215E-01
                            current damping = 0.150
 
          Norm of current diis error: 0.24565E-03
          max. resid. norm for Fia-block=  1.246D-05 for orbital     29a         
          max. resid. fock norm         =  1.085D-03 for orbital    736a         

 End of SCF iterations

   convergence criteria satisfied after    16 iterations


   *************************************************************************
   m062xd                                                                   
   *************************************************************************


                  ------------------------------------------ 
                 |  total energy      =  -1104.94597674519  |
                  ------------------------------------------ 
                 :  kinetic energy    =   1098.02052784215  :
                 :  potential energy  =  -2202.96650458733  :
                 :  virial theorem    =      1.99373231900  :
                 :  wavefunction norm =      1.00000000000  :
                  .......................................... 


 <geterg> : there is no data group $energy 


 <skperg> : $end is missing 


 orbitals $scfmo  will be written to file mos

    irrep                 86a         87a         88a         89a         90a   
 eigenvalues H         -0.36328    -0.35793    -0.31868    -0.28368    -0.22187
            eV          -9.8854     -9.7400     -8.6717     -7.7195     -6.0374
 occupation              2.0000      2.0000      2.0000      2.0000      2.0000

    irrep                 91a         92a         93a         94a         95a   
 eigenvalues H         -0.08722    -0.02019    -0.01424    -0.01246    -0.00524
            eV          -2.3734     -0.5495     -0.3876     -0.3389     -0.1426
 
 ==============================================================================
                                  COSMO RESULTS
 ==============================================================================
  PARAMETER:
    nppa:      1082
    nspa:        92
    nsph:        32
    nps:       1654
    npspher:    718
    disex:   10.0000    
    disex2:  4505.03    
    rsolv [A]: 1.3000
    routf:     0.8500
    phsran:    0.0    
    ampran:   0.10E-04
    cavity:  closed
    epsilon:     4.800
    refind:     1.300
    fepsi:      0.7169811
  CAVITY VOLUME/AREA [a.u.]:
    surface: V1.0, A matrix: V1.0
    area:  1431.31
    volume:  2944.82
  SCREENING CHARGE:
    cosmo      :  -0.044923
    correction :   0.043802
    total      :  -0.001122
  ENERGIES [a.u.]:
    Total energy            =   -1104.9459767451890
    Total energy + OC corr. =    -1104.9460341631
    Dielectric energy       =       -0.0417468396
    Diel. energy + OC corr. =       -0.0418042575
  ELEMENT RADIUS [A]: ATOM LIST
    c  2.00: 1-13,15,16,18-20,24-26
    n  1.83: 14,21-23
    o  1.72: 17
    h  1.30: 27-44
 ==============================================================================
 
 
 
 ==============================================================================
                           electrostatic moments
 ==============================================================================

 reference point for electrostatic moments:    0.00000   0.00000   0.00000

 
              nuc           elec       ->  total
 ------------------------------------------------------------------------------
                          charge      
 ------------------------------------------------------------------------------
         180.000000    -180.000000       0.000000
 
 ------------------------------------------------------------------------------
                       dipole moment  
 ------------------------------------------------------------------------------
   x     -74.786680      75.624974       0.838294
   y    -147.789969     149.582422       1.792453
   z    3143.414069   -3158.258385     -14.844316
 
   | dipole moment | =    14.9756 a.u. =    38.0642 debye 
 
 ------------------------------------------------------------------------------
                     quadrupole moment
 ------------------------------------------------------------------------------
  xx     418.956726    -537.876405    -118.919680
  yy    1363.103595   -1491.671345    -128.567750
  zz   72391.450078  -73011.805666    -620.355588
  xy     592.010348    -597.661593      -5.651245
  xz    -907.462446     929.384751      21.922305
  yz   -1798.598787    1845.393495      46.794708
 
     1/3  trace=    -289.281006
     anisotropy=     504.777152
 
 ==============================================================================
 
HOMO-LUMO Separation
 HOMO         :   -0.22186790 H =     -6.03734 eV
 LUMO         :   -0.08721994 H =     -2.37338 eV
 HOMO-LUMO gap:    0.13464796 H =     +3.66396 eV
 
 ==============================================================================


    ------------------------------------------------------------------------
         total  cpu-time :  1 hours 30 minutes and 27 seconds
         total wall-time :  1 hours 30 minutes and 32 seconds
    ------------------------------------------------------------------------

   ****  ridft : all done  ****


    2025-03-22 22:19:32.233 

