
 eiger (nano21.int-nano.int.kit.edu) : TURBOMOLE rev. V7-6 19 Oct 2021 at 10:10:11 compiled Oct 19th 2021
 Copyright (C) 2021 TURBOMOLE GmbH, Karlsruhe


    2025-06-24 15:44:05.327 

 cam                                                                            
  
Total energy =  -1104.7558486100 H =    -30061.9378544 eV
 
 HOMO-LUMO Separation
   HOMO:    90.    90 a     -0.22705495 H =     -6.17848 eV
   LUMO:    91.    91 a     -0.07825782 H =     -2.12950 eV
   Gap :                    +0.14879713 H =     +4.04898 eV
 
Number of MOs=    760, Electrons=    180.00, Symmetry: c1   
 
   Nr.   Orbital    Occupation       Energy
  107.   107 a                     +0.052052 H =        +1.416 eV
  106.   106 a                     +0.051500 H =        +1.401 eV
  105.   105 a                     +0.045531 H =        +1.239 eV
  104.   104 a                     +0.042400 H =        +1.154 eV
  103.   103 a                     +0.037388 H =        +1.017 eV
  102.   102 a                     +0.036413 H =        +0.991 eV
  101.   101 a                     +0.035131 H =        +0.956 eV
  100.   100 a                     +0.032576 H =        +0.886 eV
   99.    99 a                     +0.027261 H =        +0.742 eV
   98.    98 a                     +0.023927 H =        +0.651 eV
   97.    97 a                     +0.017829 H =        +0.485 eV
   96.    96 a                     +0.016664 H =        +0.453 eV
   95.    95 a                     +0.012480 H =        +0.340 eV
   94.    94 a                     +0.002823 H =        +0.077 eV
   93.    93 a                     -0.001202 H =        -0.033 eV
   92.    92 a                     -0.011075 H =        -0.301 eV
   91.    91 a                     -0.078258 H =        -2.130 eV
   90.    90 a        2.000        -0.227055 H =        -6.178 eV
   89.    89 a        2.000        -0.288548 H =        -7.852 eV
   88.    88 a        2.000        -0.322537 H =        -8.777 eV
   87.    87 a        2.000        -0.362517 H =        -9.865 eV
   86.    86 a        2.000        -0.366676 H =        -9.978 eV
   85.    85 a        2.000        -0.393327 H =       -10.703 eV
   84.    84 a        2.000        -0.401669 H =       -10.930 eV
   83.    83 a        2.000        -0.405910 H =       -11.045 eV
   82.    82 a        2.000        -0.411526 H =       -11.198 eV
   81.    81 a        2.000        -0.412459 H =       -11.224 eV
   80.    80 a        2.000        -0.421687 H =       -11.475 eV
   79.    79 a        2.000        -0.422058 H =       -11.485 eV
   78.    78 a        2.000        -0.427265 H =       -11.626 eV
   77.    77 a        2.000        -0.431093 H =       -11.731 eV
   76.    76 a        2.000        -0.442306 H =       -12.036 eV
   75.    75 a        2.000        -0.443902 H =       -12.079 eV


    ------------------------------------------------------------------------
         total  cpu-time :   0.25 seconds
         total wall-time :   0.27 seconds
    ------------------------------------------------------------------------

   ****  eiger : all done  ****


    2025-06-24 15:44:05.577 

