
 eiger (nano06.int-nano.int.kit.edu) : TURBOMOLE rev. V7-6 19 Oct 2021 at 10:10:11 compiled Oct 19th 2021
 Copyright (C) 2021 TURBOMOLE GmbH, Karlsruhe


    2025-03-22 01:25:36.037 

 tcf1-pbe0                                                                      
  
Total energy =  -1220.6696351510 H =    -33216.1126450 eV
 
 HOMO-LUMO Separation
   HOMO:   101.   101 a     -0.20594050 H =     -5.60393 eV
   LUMO:   102.   102 a     -0.11969442 H =     -3.25705 eV
   Gap :                    +0.08624608 H =     +2.34688 eV
 
Number of MOs=    865, Electrons=    202.00, Symmetry: c1   
 
   Nr.   Orbital    Occupation       Energy
  118.   118 a                     +0.028304 H =        +0.770 eV
  117.   117 a                     +0.023225 H =        +0.632 eV
  116.   116 a                     +0.023204 H =        +0.631 eV
  115.   115 a                     +0.020969 H =        +0.571 eV
  114.   114 a                     +0.017817 H =        +0.485 eV
  113.   113 a                     +0.016947 H =        +0.461 eV
  112.   112 a                     +0.011533 H =        +0.314 eV
  111.   111 a                     +0.007769 H =        +0.211 eV
  110.   110 a                     +0.003508 H =        +0.095 eV
  109.   109 a                     +0.002315 H =        +0.063 eV
  108.   108 a                     -0.003762 H =        -0.102 eV
  107.   107 a                     -0.008701 H =        -0.237 eV
  106.   106 a                     -0.014225 H =        -0.387 eV
  105.   105 a                     -0.022913 H =        -0.624 eV
  104.   104 a                     -0.031905 H =        -0.868 eV
  103.   103 a                     -0.057459 H =        -1.564 eV
  102.   102 a                     -0.119694 H =        -3.257 eV
  101.   101 a        2.000        -0.205941 H =        -5.604 eV
  100.   100 a        2.000        -0.244108 H =        -6.643 eV
   99.    99 a        2.000        -0.267908 H =        -7.290 eV
   98.    98 a        2.000        -0.284142 H =        -7.732 eV
   97.    97 a        2.000        -0.300882 H =        -8.187 eV
   96.    96 a        2.000        -0.329711 H =        -8.972 eV
   95.    95 a        2.000        -0.349185 H =        -9.502 eV
   94.    94 a        2.000        -0.353667 H =        -9.624 eV
   93.    93 a        2.000        -0.355281 H =        -9.668 eV
   92.    92 a        2.000        -0.359903 H =        -9.793 eV
   91.    91 a        2.000        -0.364914 H =        -9.930 eV
   90.    90 a        2.000        -0.366828 H =        -9.982 eV
   89.    89 a        2.000        -0.374370 H =       -10.187 eV
   88.    88 a        2.000        -0.377305 H =       -10.267 eV
   87.    87 a        2.000        -0.382437 H =       -10.407 eV
   86.    86 a        2.000        -0.382539 H =       -10.409 eV


    ------------------------------------------------------------------------
         total  cpu-time :   0.37 seconds
         total wall-time :   0.38 seconds
    ------------------------------------------------------------------------

   ****  eiger : all done  ****


    2025-03-22 01:25:36.402 

