
 eiger (nano03.int-nano.int.kit.edu) : TURBOMOLE rev. V7-6 19 Oct 2021 at 10:10:11 compiled Oct 19th 2021
 Copyright (C) 2021 TURBOMOLE GmbH, Karlsruhe


    2025-03-19 04:26:04.886 

 tcf1-pbe0                                                                      
  
Total energy =  -1220.6420704940 H =    -33215.3625725 eV
 
 HOMO-LUMO Separation
   HOMO:   101.   101 a     -0.21415730 H =     -5.82752 eV
   LUMO:   102.   102 a     -0.12371903 H =     -3.36657 eV
   Gap :                    +0.09043828 H =     +2.46095 eV
 
Number of MOs=    865, Electrons=    202.00, Symmetry: c1   
 
   Nr.   Orbital    Occupation       Energy
  118.   118 a                     +0.020931 H =        +0.570 eV
  117.   117 a                     +0.017929 H =        +0.488 eV
  116.   116 a                     +0.012968 H =        +0.353 eV
  115.   115 a                     +0.010143 H =        +0.276 eV
  114.   114 a                     +0.009144 H =        +0.249 eV
  113.   113 a                     +0.007655 H =        +0.208 eV
  112.   112 a                     +0.000101 H =        +0.003 eV
  111.   111 a                     -0.000984 H =        -0.027 eV
  110.   110 a                     -0.004276 H =        -0.116 eV
  109.   109 a                     -0.005445 H =        -0.148 eV
  108.   108 a                     -0.008971 H =        -0.244 eV
  107.   107 a                     -0.018328 H =        -0.499 eV
  106.   106 a                     -0.025169 H =        -0.685 eV
  105.   105 a                     -0.025962 H =        -0.706 eV
  104.   104 a                     -0.034704 H =        -0.944 eV
  103.   103 a                     -0.063021 H =        -1.715 eV
  102.   102 a                     -0.123719 H =        -3.367 eV
  101.   101 a        2.000        -0.214157 H =        -5.828 eV
  100.   100 a        2.000        -0.245101 H =        -6.670 eV
   99.    99 a        2.000        -0.269086 H =        -7.322 eV
   98.    98 a        2.000        -0.294143 H =        -8.004 eV
   97.    97 a        2.000        -0.305814 H =        -8.322 eV
   96.    96 a        2.000        -0.332644 H =        -9.052 eV
   95.    95 a        2.000        -0.335324 H =        -9.125 eV
   94.    94 a        2.000        -0.343431 H =        -9.345 eV
   93.    93 a        2.000        -0.346061 H =        -9.417 eV
   92.    92 a        2.000        -0.360541 H =        -9.811 eV
   91.    91 a        2.000        -0.361281 H =        -9.831 eV
   90.    90 a        2.000        -0.369024 H =       -10.042 eV
   89.    89 a        2.000        -0.369541 H =       -10.056 eV
   88.    88 a        2.000        -0.374774 H =       -10.198 eV
   87.    87 a        2.000        -0.375169 H =       -10.209 eV
   86.    86 a        2.000        -0.378771 H =       -10.307 eV


    ------------------------------------------------------------------------
         total  cpu-time :   0.36 seconds
         total wall-time :   0.37 seconds
    ------------------------------------------------------------------------

   ****  eiger : all done  ****


    2025-03-19 04:26:05.244 

