
 ridft (nano03.int-nano.int.kit.edu) : TURBOMOLE rev. V7-6 19 Oct 2021 at 10:10:11 compiled Oct 19th 2021
 Copyright (C) 2021 TURBOMOLE GmbH, Karlsruhe


    2025-03-19 02:39:47.177 



                                  r i d f t

                        DFT program with RI approximation 
                                for coulomb part 




                                                 
                                 References:     
                                                 
          TURBOMOLE:                             
              R. Ahlrichs, M. Baer, M. Haeser, H. Horn, and
              C. Koelmel
              Electronic structure calculations on workstation
              computers: the program system TURBOMOLE
              Chem. Phys. Lett. 162: 165 (1989)
          Density Functional:                              
              O. Treutler and R. Ahlrichs                      
              Efficient Molecular Numerical Integration Schemes
              J. Chem. Phys. 102: 346 (1995)                   
          Parallel Version:                                
              Performance of parallel TURBOMOLE for Density    
              Functional Calculations                          
              M. v. Arnim and R. Ahlrichs                      
              J. Comp. Chem. 19: 1746 (1998)                   
          RI-J Method:                                     
              Auxiliary Basis Sets to approximate Coulomb      
              Potentials                                       
              Chem. Phys. Lett. 240: 283 (1995)                
              K. Eichkorn, O. Treutler, H. Oehm, M. Haeser     
              and R. Ahlrichs                                  
              Chem. Phys. Lett. 242: 652 (1995)                
                                                           
              Auxiliary Basis Sets for Main Row Atoms and their
              Use to approximate Coulomb Potentials            
              K. Eichkorn, F. Weigend, O. Treutler and         
              R. Ahlrichs                                      
              Theo. Chem. Acc. 97: 119 (1997)                   
                                                           
              Accurate Coulomb-fitting basis sets for H to Rn 
              F. Weigend                                        
              Phys. Chem. Chem. Phys. 8: 1057 (2006)            
                                                           
          Multipole accelerated RI-J (MARI-J):             
              Fast evaluation of the Coulomb potential for     
              electron densities using multipole accelerated   
              resolution of identity approximation             
              M. Sierka, A. Hogekamp and R. Ahlrichs           
              J. Chem. Phys. 118: 9136 (2003)                  
          RI-JK Method:                                     
              A fully direct RI-HF algorithm: Implementation,
              optimised auxiliary basis sets, demonstration of
              accuracy and efficiency                         
              F. Weigend                                      
              Phys. Chem. Chem. Phys. 4: 4285 (2002)           
          Two-component HF and DFT with spin-orbit coupling:  
              Self-consistent treatment of spin-orbit         
              interactions with efficient Hartree-Fock and    
              density functional methods                      
              M. K. Armbruster, F. Weigend, C. van Wüllen and 
              W. Klopper                                      
              Phys. Chem. Chem. Phys. 10: 1748 (2008)         
          Two-component difference density and DIIS algorithm 
              Efficient two-component self-consistent field   
              procedures and gradients: implementation in     
              TURBOMOLE and application to Au20-              
              A. Baldes, F. Weigend                           
              Mol. Phys. 111: 2617 (2013)                     
          Relativistic all-electron 2c calculations           
              An efficient implementation of two-component    
              relativistic exact-decoupling methods for large 
              molecules                                       
              D. Peng, N. Middendorf, F. Weigend, M. Reiher   
              J. Chem. Phys. 138: 184105 (2013)               
          Finite nucleus model and SNSO approximation         
              Efficient implementation of one- and two-       
              component analytical energy gradients in exact  
              two-component theory                            
              Y. J. Franzke, N. Middendorf, F. Weigend        
              J. Chem. Phys. 148: 104110 (2018)               
          Grids for all-electron relativistic methods         
              Error-consistent segmented contracted all-      
              electron relativistic basis sets of double-     
              and triple-zeta quality for NMR shielding       
              constants                                       
              Y. J. Franzke, R. Tress, T. M. Pazdera,         
              F. Weigend                                      
              Phys. Chem. Chem. Phys. 21: 166658 (2019)       
          Seminumerical exchange algorithms                   
              Seminumerical calculation of the Hartree-Fock   
              exchange matirx: Application to two-component   
              procedures and efficient evaluation of local    
              hybrid functionsl                               
               P. Plessow, F. Weigend,                        
              J. Comput. Chem. 33: 810 (2012)                 
          Improved seminumerical algorithms                   
              C. Holzer,                                      
              J. Chem. Phys. 153 (2020), 184115               
                                         




              +--------------------------------------------------+
              |      general information about current run       |
              +--------------------------------------------------+

 
 PBE0 hybrid functional
 exchange:    3/4 (LDA+PBE) + 1/4 HF
 correlation: LDA (PW) + PBE
 A Hybrid-DFT calculation using the RI-J approximation will be carried out.
 Allocatable memory for RI due to $ricore (MB):                  2000

   *************************************************************************
   tcf1-pbe0                                                                
   *************************************************************************




              +--------------------------------------------------+
              | Atomic coordinate, charge and isotop information |
              +--------------------------------------------------+

                    atomic coordinates            atom    charge  isotop
          2.23335336   -0.61742682   -3.79424427    o      8.000     0
          2.58428740   -0.61460886  -10.39285666    n      7.000     0
         -5.27783329    1.38137846   -8.50551083    n      7.000     0
         -6.30259265    1.57356285   -1.61238992    n      7.000     0
         -0.00320516   -0.01409112   24.37194164    n      7.000     0
         -0.13614324    0.00521035   -4.41573211    c      6.000     0
         -1.60314821    0.36452817   -2.13198240    c      6.000     0
         -0.04917370   -0.05513257   -0.06006098    c      6.000     0
          2.56777913   -0.72970829   -1.06111164    c      6.000     0
         -0.79258099    0.20500845   -6.93860624    c      6.000     0
          1.07721192   -0.25036490   -8.83641057    c      6.000     0
         -3.28036556    0.85732830   -7.75523570    c      6.000     0
         -4.19961603    1.03440547   -1.94577635    c      6.000     0
          0.45176964   -0.15603525   21.81969624    c      6.000     0
          2.87457466   -0.80226452   20.85623015    c      6.000     0
          4.43529002   -1.19991505   22.13768046    h      1.000     0
          3.30179279   -0.93972225   18.27503509    c      6.000     0
          5.19223361   -1.44404442   17.60648760    h      1.000     0
          1.38620255   -0.44976332   16.47768199    c      6.000     0
         -1.02263021    0.19353555   17.44850158    c      6.000     0
         -2.57908725    0.59083478   16.15158537    h      1.000     0
         -1.48714171    0.33970605   20.01872110    c      6.000     0
         -3.38045207    0.84616871   20.64770794    h      1.000     0
          2.02127790   -0.49195807   26.16067381    c      6.000     0
          2.80947246   -2.41443712   25.95227916    h      1.000     0
          1.28935088   -0.31705409   28.09256539    h      1.000     0
          3.59531261    0.86548871   25.94804617    h      1.000     0
         -2.49183520    0.67706071   25.29847965    c      6.000     0
         -3.06131834    2.58694530   24.67303472    h      1.000     0
         -2.48058925    0.66732163   27.37172917    h      1.000     0
         -3.96105436   -0.66489976   24.66536811    h      1.000     0
         -0.82925113    0.13553248    2.50777353    c      6.000     0
         -2.81209937    0.66015333    2.78671279    h      1.000     0
          0.62118283   -0.25947074    4.62836428    c      6.000     0
          2.61031177   -0.79136930    4.42542224    h      1.000     0
         -0.28658793   -0.02148430    7.15039182    c      6.000     0
         -2.27026481    0.51578790    7.41400956    h      1.000     0
          1.19915708   -0.42418947    9.24026678    c      6.000     0
          3.18014243   -0.96214763    8.93565615    h      1.000     0
          0.38742466   -0.19950028   11.80163180    c      6.000     0
         -1.58638275    0.33808977   12.12025474    h      1.000     0
          1.96068799   -0.61776149   13.81126256    c      6.000     0
          3.91733479   -1.14656317   13.37097092    h      1.000     0
          4.60271068    1.22615390   -0.40902990    c      6.000     0
          6.33420248    0.79580902   -1.47686556    h      1.000     0
          5.04895382    1.20087390    1.61938531    h      1.000     0
          3.97011598    3.13873116   -0.92158920    h      1.000     0
          3.38223465   -3.44179617   -0.44907225    c      6.000     0
          1.89759778   -4.79197696   -0.99090133    h      1.000     0
          3.77098949   -3.67006167    1.57856269    h      1.000     0
          5.10960193   -3.89645691   -1.51355611    h      1.000     0
 
       center of nuclear mass  :    0.14885443   -0.08395775    6.42177730
       center of nuclear charge:    0.21700138   -0.10174525    6.76346057

              +--------------------------------------------------+
              |               basis set information              |
              +--------------------------------------------------+

              we will work with the 1s 3p 5d 7f 9g ... basis set
              ...i.e. with spherical basis functions...

   type   atoms  prim   cont   basis
   ---------------------------------------------------------------------------
    o        1     43     23   aug-cc-pVDZ   [4s3p2d|18s5p2d]
    n        4     43     23   aug-cc-pVDZ   [4s3p2d|18s5p2d]
    c       24     43     23   aug-cc-pVDZ   [4s3p2d|18s5p2d]
    h       22     11      9   aug-cc-pVDZ   [3s2p|5s2p]
   ---------------------------------------------------------------------------
   total:   51   1489    865
   ---------------------------------------------------------------------------

   total number of primitive shells          :   82
   total number of contracted shells         :  371
   total number of cartesian basis functions :  923
   total number of SCF-basis functions       :  865


 integral neglect threshold       :  0.36E-11
 integral storage threshold THIZE :  0.10E-04
 integral storage threshold THIME :         5

 RI-J AUXILIARY BASIS SET information:

              we will work with the 1s 3p 5d 7f 9g ... basis set
              ...i.e. with spherical basis functions...

   type   atoms  prim   cont   basis
   ---------------------------------------------------------------------------
    o        1     70     49   aug-cc-pVDZ   [6s4p3d1f1g|12s5p4d2f1g]
    n        4     70     49   aug-cc-pVDZ   [6s4p3d1f1g|12s5p4d2f1g]
    c       24     70     49   aug-cc-pVDZ   [6s4p3d1f1g|12s5p4d2f1g]
    h       22     16     11   aug-cc-pVDZ   [3s1p1d|5s2p1d]
   ---------------------------------------------------------------------------
   total:   51   2382   1663
   ---------------------------------------------------------------------------

   total number of primitive shells          :   80
   total number of contracted shells         :  545
   total number of cartesian basis functions : 2033
   total number of SCF-basis functions       : 1663


 symmetry group of the molecule :   c1 

 the group has the following generators :
   c1(z)

    1 symmetry operations found

 there are 1 real representations :   a   

 maximum number of shells which are related by symmetry :  1

  
           ------------------
           density functional
           ------------------
 PBE0 hybrid functional
 exchange:    3/4 (LDA+PBE) + 1/4 HF
 correlation: LDA (PW) + PBE

 iterations will be done with small grid
  
 spherical integration : Lebedev's spherical grid
 spherical gridsize    :                     3
    i.e. gridpoints    :                   302
 value for diffuse not defined
 radial integration    : Chebyshev 2nd kind (scaling 3)
 radial gridsize       :                     3
 integration cells     :                    51
 partition function    : becke
 partition sharpness   :                     3
  

 biggest AO integral is expected to be     4.738267915

          ------------------------
          nuclear repulsion energy  :   2213.31495626    
          ------------------------


         -----------------
         -S,T+V- integrals
         -----------------

 1e-integrals will be neglected if expon. factor < 0.362076E-12
 
   Difference densities algorithm switched on.
   The maximal number of linear combinations of
   difference densities is                    20 .

 DIIS switched on: error vector is FDS-SDF
 Max. Iterations for DIIS is     :   4
 DIIS matrix (see manual) 
    Scaling factor of diagonals  :  1.200
    threshold for scaling factor :  0.000

 scf convergence criterion : increment of total energy < .1000000D-06
                  and increment of one-electron energy < .1000000D-03

 MOs are in ASCII format !


    mo occupation :
   irrep   mo's   occupied
    a      865      101
 
 number of basis functions   :   865
 number of occupied orbitals :   101
 

 reading orbital data $scfmo  from file mos
 orbital characterization : expanded
 virtual MOs provided and orthogonalized by Cholesky decomposition

 automatic virtual orbital shift switched on 
      shift if e(lumo)-e(homo) < 0.10000000    

  
           ------------------------
               RI-J - INFORMATION
           ------------------------
 Contributions to RI integral batches: 
  neglected integral batches:                 24017
  direct contribution:                        16202
  memory contribution:                 28787
 Memory core needed for (P|Q) and Cholesky     22 MByte
 Memory core minimum needed except of (P|Q)     2 MByte
 Total minimum memory core needed (sum)        23 MByte
  
 ****************************************
 Memory allocated for RI-J  1889 MByte
 ****************************************
                                            

 DSCF restart information will be dumped onto file mos


 Starting SCF iterations

          Overall gridpoints after grid construction =         68711

 ITERATION  ENERGY          1e-ENERGY        2e-ENERGY     NORM[dD(SAO)]  TOL
   1  -1215.5151093288    -5995.6150093     2566.7849437    0.000D+00 0.361D-11
                            Exc = -128.778446675     Coul =  2736.32087253    
                            exK = -40.7574821609    
                              N = 202.00670642    
                            current damping = 0.300
 
          max. resid. norm for Fia-block=  3.748D-01 for orbital     63a         
          max. resid. fock norm         =  1.404D+00 for orbital    842a         

 ITERATION  ENERGY          1e-ENERGY        2e-ENERGY     NORM[dD(SAO)]  TOL
   2  -1219.8009693650    -6049.5726984     2616.4567728    0.104D+03 0.116D-11
                            Exc = -130.776505073      Eck =  2747.23327784    
                              N = 202.00506908    
                            current damping = 0.250
 
          Norm of current diis error:  3.7359    
          max. resid. norm for Fia-block=  1.719D-01 for orbital     93a         
          max. resid. fock norm         =  3.445D-01 for orbital    837a         

 ITERATION  ENERGY          1e-ENERGY        2e-ENERGY     NORM[dD(SAO)]  TOL
   3  -1220.0610021621    -6043.3278561     2609.9518977    0.355D+02 0.103D-11
                            Exc = -131.668822939      Eck =  2741.62072066    
                              N = 202.00407079    
                            current damping = 0.200
 
          Norm of current diis error:  3.0906    
          max. resid. norm for Fia-block=  1.024D-01 for orbital     98a         
          max. resid. fock norm         =  1.107D-01 for orbital     98a         

 ITERATION  ENERGY          1e-ENERGY        2e-ENERGY     NORM[dD(SAO)]  TOL
   4  -1220.6010062832    -6044.9201719     2611.0042093    0.942D+01 0.997D-12
                            Exc = -131.160645090      Eck =  2742.16485442    
                              N = 202.00411347    
                            current damping = 0.250
 
          Norm of current diis error: 0.88164    
          max. resid. norm for Fia-block=  2.005D-02 for orbital     77a         
          max. resid. fock norm         =  3.283D-02 for orbital     86a         

 ITERATION  ENERGY          1e-ENERGY        2e-ENERGY     NORM[dD(SAO)]  TOL
   5  -1220.6333656974    -6047.0201677     2613.0718458    0.339D+01 0.989D-12
                            Exc = -131.296153448      Eck =  2744.36799922    
                              N = 202.00396404    
                            current damping = 0.150
 
          Norm of current diis error: 0.37293    
          max. resid. norm for Fia-block=  1.425D-02 for orbital     30a         
          max. resid. fock norm         =  2.186D-02 for orbital     85a         
          mo-orthogonalization: Cholesky decomposition

 ITERATION  ENERGY          1e-ENERGY        2e-ENERGY     NORM[dD(SAO)]  TOL
   6  -1220.6389604332    -6047.5670963     2613.6131796    0.120D+01 0.985D-12
                            Exc = -131.368324314      Eck =  2744.98150392    
                              N = 202.00392654    
                            current damping = 0.100
 
          Norm of current diis error: 0.17777    
          max. resid. norm for Fia-block=  4.528D-03 for orbital     91a         
          max. resid. fock norm         =  8.114D-03 for orbital    861a         
          irrep a   : virtual orbitals shifted by    0.00126

 ITERATION  ENERGY          1e-ENERGY        2e-ENERGY     NORM[dD(SAO)]  TOL
   7  -1220.6403588352    -6046.7805016     2612.8251865    0.537D+00 0.984D-12
                            Exc = -131.322002730      Eck =  2744.14718924    
                              N = 202.00394200    
                            current damping = 0.150
 
          Norm of current diis error: 0.88120E-01
          max. resid. norm for Fia-block=  2.567D-03 for orbital     96a         
          max. resid. fock norm         =  3.219D-03 for orbital     86a         

 ITERATION  ENERGY          1e-ENERGY        2e-ENERGY     NORM[dD(SAO)]  TOL
   8  -1220.6407148187    -6046.9488155     2612.9931444    0.201D+00 0.984D-12
                            Exc = -131.324441274      Eck =  2744.31758571    
                              N = 202.00394041    
                            current damping = 0.200
 
          Norm of current diis error: 0.33983E-01
          max. resid. norm for Fia-block=  1.127D-03 for orbital     96a         
          max. resid. fock norm         =  1.248D-03 for orbital    768a         

 ITERATION  ENERGY          1e-ENERGY        2e-ENERGY     NORM[dD(SAO)]  TOL
   9  -1220.6407699771    -6047.0157897     2613.0600635    0.677D-01 0.983D-12
                            Exc = -131.329939084      Eck =  2744.39000259    
                              N = 202.00393705    
                            current damping = 0.100
 
          Norm of current diis error: 0.15164E-01
          max. resid. norm for Fia-block=  4.117D-04 for orbital     94a         
          max. resid. fock norm         =  6.711D-04 for orbital     55a         
          irrep a   : virtual orbitals shifted by    0.00055

 ITERATION  ENERGY          1e-ENERGY        2e-ENERGY     NORM[dD(SAO)]  TOL
  10  -1220.6407792055    -6046.9841009     2613.0283655    0.404D-01 0.982D-12
                            Exc = -131.329238863      Eck =  2744.35760432    
                              N = 202.00393691    
                            current damping = 0.150
 
          Norm of current diis error: 0.79879E-02
          max. resid. norm for Fia-block=  1.622D-04 for orbital    100a         
          max. resid. fock norm         =  2.612D-04 for orbital     55a         
          mo-orthogonalization: Cholesky decomposition

 ITERATION  ENERGY          1e-ENERGY        2e-ENERGY     NORM[dD(SAO)]  TOL
  11  -1220.6407821332    -6046.9925894     2613.0368510    0.195D-01 0.981D-12
                            Exc = -131.328881109      Eck =  2744.36573215    
                              N = 202.00393760    
                            current damping = 0.200
 
          Norm of current diis error: 0.25223E-02
          max. resid. norm for Fia-block=  6.744D-05 for orbital     96a         
          max. resid. fock norm         =  1.019D-04 for orbital     58a         

 ITERATION  ENERGY          1e-ENERGY        2e-ENERGY     NORM[dD(SAO)]  TOL
  12  -1220.6407823478    -6046.9882637     2613.0325251    0.129D-01 0.980D-12
                            Exc = -131.328947219      Eck =  2744.36147232    
                              N = 202.00393741    
                            current damping = 0.250
 
          Norm of current diis error: 0.15272E-02
          max. resid. norm for Fia-block=  4.690D-05 for orbital     96a         
          max. resid. fock norm         =  5.078D-05 for orbital     89a         

 ITERATION  ENERGY          1e-ENERGY        2e-ENERGY     NORM[dD(SAO)]  TOL
  13  -1220.6407824551    -6046.9914182     2613.0356795    0.103D-01 0.978D-12
                            Exc = -131.328937812      Eck =  2744.36461729    
                              N = 202.00393740    
                            current damping = 0.300
 
          Norm of current diis error: 0.53871E-03
          max. resid. norm for Fia-block=  1.675D-05 for orbital     93a         
          max. resid. fock norm         =  6.113D-05 for orbital    862a         

 ITERATION  ENERGY          1e-ENERGY        2e-ENERGY     NORM[dD(SAO)]  TOL
  14  -1220.6407824746    -6046.9902337     2613.0344949    0.457D+01 0.103D-11
                            Exc = -131.328982526      Eck =  2744.36347747    
                              N = 202.00393741    
                            current damping = 0.350
 
          Norm of current diis error: 0.22708E-03
          max. resid. norm for Fia-block=  9.428D-06 for orbital     94a         
          max. resid. fock norm         =  8.749D-05 for orbital    857a         

 ENERGY CONVERGED !

          Overall gridpoints after grid construction =        251501

 ITERATION  ENERGY          1e-ENERGY        2e-ENERGY     NORM[dD(SAO)]  TOL
  15  -1220.6420704943    -6046.9906134     2613.0335867    0.227D-01 0.103D-11
                            Exc = -131.330242394      Eck =  2744.36382908    
                              N = 201.99972379    
                            current damping = 0.400
 
          Norm of current diis error: 0.90059E-04
          max. resid. norm for Fia-block=  3.683D-06 for orbital     94a         
          max. resid. fock norm         =  1.715D-04 for orbital    862a         

 End of SCF iterations

   convergence criteria satisfied after    15 iterations


   *************************************************************************
   tcf1-pbe0                                                                
   *************************************************************************


                  ------------------------------------------ 
                 |  total energy      =  -1220.64207049426  |
                  ------------------------------------------ 
                 :  kinetic energy    =   1213.31521104014  :
                 :  potential energy  =  -2433.95728153440  :
                 :  virial theorem    =      1.99399753652  :
                 :  wavefunction norm =      1.00000000000  :
                  .......................................... 


 <geterg> : there is no data group $energy 


 <skperg> : $end is missing 


 orbitals $scfmo  will be written to file mos

    irrep                 97a         98a         99a        100a        101a   
 eigenvalues H         -0.30581    -0.29414    -0.26909    -0.24510    -0.21416
            eV          -8.3217     -8.0041     -7.3222     -6.6696     -5.8276
 occupation              2.0000      2.0000      2.0000      2.0000      2.0000

    irrep                102a        103a        104a        105a        106a   
 eigenvalues H         -0.12372    -0.06302    -0.03470    -0.02596    -0.02517
            eV          -3.3666     -1.7149     -0.9444     -0.7065     -0.6849
 
 
 
 
 ==============================================================================
                           electrostatic moments
 ==============================================================================

 reference point for electrostatic moments:    0.00000   0.00000   0.00000

 
              nuc           elec       ->  total
 ------------------------------------------------------------------------------
                          charge      
 ------------------------------------------------------------------------------
         202.000000    -202.000000       0.000000
 
 ------------------------------------------------------------------------------
                       dipole moment  
 ------------------------------------------------------------------------------
   x      43.834278     -41.526110       2.308168
   y     -20.552540      19.933858      -0.618682
   z    1366.219035   -1357.280467       8.938568
 
   | dipole moment | =     9.2525 a.u. =    23.5175 debye 
 
 ------------------------------------------------------------------------------
                     quadrupole moment
 ------------------------------------------------------------------------------
  xx    1531.819488   -1668.889910    -137.070422
  yy     237.789211    -368.299495    -130.510283
  zz   37179.383479  -37213.110059     -33.726580
  xy    -368.855613     370.398364       1.542751
  xz    1193.519242   -1197.946185      -4.426943
  yz    -380.021812     381.632477       1.610664
 
     1/3  trace=    -100.435762
     anisotropy=     100.592005
 
 ==============================================================================
 
HOMO-LUMO Separation
 HOMO         :   -0.21415730 H =     -5.82752 eV
 LUMO         :   -0.12371903 H =     -3.36657 eV
 HOMO-LUMO gap:    0.09043828 H =     +2.46095 eV
 
 ==============================================================================


    ------------------------------------------------------------------------
         total  cpu-time :  1 hours 43 minutes and 39 seconds
         total wall-time :  1 hours 46 minutes and 17 seconds
    ------------------------------------------------------------------------

   ****  ridft : all done  ****


    2025-03-19 04:26:04.521 

