
 eiger (nano21.int-nano.int.kit.edu) : TURBOMOLE rev. V7-6 19 Oct 2021 at 10:10:11 compiled Oct 19th 2021
 Copyright (C) 2021 TURBOMOLE GmbH, Karlsruhe


    2025-04-09 22:20:34.856 

 cam                                                                            
  
Total energy =   -917.7488823961 H =    -24973.2191083 eV
 
 HOMO-LUMO Separation
   HOMO:    77.    77 a     -0.23503827 H =     -6.39572 eV
   LUMO:    78.    78 a     -0.05724136 H =     -1.55762 eV
   Gap :                    +0.17779690 H =     +4.83810 eV
 
Number of MOs=    655, Electrons=    154.00, Symmetry: c1   
 
   Nr.   Orbital    Occupation       Energy
   94.    94 a                     +0.056977 H =        +1.550 eV
   93.    93 a                     +0.055076 H =        +1.499 eV
   92.    92 a                     +0.050158 H =        +1.365 eV
   91.    91 a                     +0.046848 H =        +1.275 eV
   90.    90 a                     +0.043301 H =        +1.178 eV
   89.    89 a                     +0.037738 H =        +1.027 eV
   88.    88 a                     +0.036095 H =        +0.982 eV
   87.    87 a                     +0.032017 H =        +0.871 eV
   86.    86 a                     +0.023848 H =        +0.649 eV
   85.    85 a                     +0.020282 H =        +0.552 eV
   84.    84 a                     +0.018309 H =        +0.498 eV
   83.    83 a                     +0.012842 H =        +0.349 eV
   82.    82 a                     +0.010781 H =        +0.293 eV
   81.    81 a                     -0.001401 H =        -0.038 eV
   80.    80 a                     -0.004374 H =        -0.119 eV
   79.    79 a                     -0.014149 H =        -0.385 eV
   78.    78 a                     -0.057241 H =        -1.558 eV
   77.    77 a        2.000        -0.235038 H =        -6.396 eV
   76.    76 a        2.000        -0.283214 H =        -7.707 eV
   75.    75 a        2.000        -0.294130 H =        -8.004 eV
   74.    74 a        2.000        -0.323058 H =        -8.791 eV
   73.    73 a        2.000        -0.334738 H =        -9.109 eV
   72.    72 a        2.000        -0.357204 H =        -9.720 eV
   71.    71 a        2.000        -0.386368 H =       -10.514 eV
   70.    70 a        2.000        -0.389322 H =       -10.594 eV
   69.    69 a        2.000        -0.391878 H =       -10.664 eV
   68.    68 a        2.000        -0.403354 H =       -10.976 eV
   67.    67 a        2.000        -0.420848 H =       -11.452 eV
   66.    66 a        2.000        -0.424842 H =       -11.561 eV
   65.    65 a        2.000        -0.430487 H =       -11.714 eV
   64.    64 a        2.000        -0.433627 H =       -11.800 eV
   63.    63 a        2.000        -0.443621 H =       -12.072 eV
   62.    62 a        2.000        -0.448843 H =       -12.214 eV


    ------------------------------------------------------------------------
         total  cpu-time :   0.26 seconds
         total wall-time :   0.36 seconds
    ------------------------------------------------------------------------

   ****  eiger : all done  ****


    2025-04-09 22:20:35.165 

