
 ridft (nano21.int-nano.int.kit.edu) : TURBOMOLE rev. V7-6 19 Oct 2021 at 10:10:11 compiled Oct 19th 2021
 Copyright (C) 2021 TURBOMOLE GmbH, Karlsruhe


    2025-04-09 20:14:13.718 



                                  r i d f t

                        DFT program with RI approximation 
                                for coulomb part 




                                                 
                                 References:     
                                                 
          TURBOMOLE:                             
              R. Ahlrichs, M. Baer, M. Haeser, H. Horn, and
              C. Koelmel
              Electronic structure calculations on workstation
              computers: the program system TURBOMOLE
              Chem. Phys. Lett. 162: 165 (1989)
          Density Functional:                              
              O. Treutler and R. Ahlrichs                      
              Efficient Molecular Numerical Integration Schemes
              J. Chem. Phys. 102: 346 (1995)                   
          Parallel Version:                                
              Performance of parallel TURBOMOLE for Density    
              Functional Calculations                          
              M. v. Arnim and R. Ahlrichs                      
              J. Comp. Chem. 19: 1746 (1998)                   
          RI-J Method:                                     
              Auxiliary Basis Sets to approximate Coulomb      
              Potentials                                       
              Chem. Phys. Lett. 240: 283 (1995)                
              K. Eichkorn, O. Treutler, H. Oehm, M. Haeser     
              and R. Ahlrichs                                  
              Chem. Phys. Lett. 242: 652 (1995)                
                                                           
              Auxiliary Basis Sets for Main Row Atoms and their
              Use to approximate Coulomb Potentials            
              K. Eichkorn, F. Weigend, O. Treutler and         
              R. Ahlrichs                                      
              Theo. Chem. Acc. 97: 119 (1997)                   
                                                           
              Accurate Coulomb-fitting basis sets for H to Rn 
              F. Weigend                                        
              Phys. Chem. Chem. Phys. 8: 1057 (2006)            
                                                           
          Multipole accelerated RI-J (MARI-J):             
              Fast evaluation of the Coulomb potential for     
              electron densities using multipole accelerated   
              resolution of identity approximation             
              M. Sierka, A. Hogekamp and R. Ahlrichs           
              J. Chem. Phys. 118: 9136 (2003)                  
          RI-JK Method:                                     
              A fully direct RI-HF algorithm: Implementation,
              optimised auxiliary basis sets, demonstration of
              accuracy and efficiency                         
              F. Weigend                                      
              Phys. Chem. Chem. Phys. 4: 4285 (2002)           
          Two-component HF and DFT with spin-orbit coupling:  
              Self-consistent treatment of spin-orbit         
              interactions with efficient Hartree-Fock and    
              density functional methods                      
              M. K. Armbruster, F. Weigend, C. van Wüllen and 
              W. Klopper                                      
              Phys. Chem. Chem. Phys. 10: 1748 (2008)         
          Two-component difference density and DIIS algorithm 
              Efficient two-component self-consistent field   
              procedures and gradients: implementation in     
              TURBOMOLE and application to Au20-              
              A. Baldes, F. Weigend                           
              Mol. Phys. 111: 2617 (2013)                     
          Relativistic all-electron 2c calculations           
              An efficient implementation of two-component    
              relativistic exact-decoupling methods for large 
              molecules                                       
              D. Peng, N. Middendorf, F. Weigend, M. Reiher   
              J. Chem. Phys. 138: 184105 (2013)               
          Finite nucleus model and SNSO approximation         
              Efficient implementation of one- and two-       
              component analytical energy gradients in exact  
              two-component theory                            
              Y. J. Franzke, N. Middendorf, F. Weigend        
              J. Chem. Phys. 148: 104110 (2018)               
          Grids for all-electron relativistic methods         
              Error-consistent segmented contracted all-      
              electron relativistic basis sets of double-     
              and triple-zeta quality for NMR shielding       
              constants                                       
              Y. J. Franzke, R. Tress, T. M. Pazdera,         
              F. Weigend                                      
              Phys. Chem. Chem. Phys. 21: 166658 (2019)       
          Seminumerical exchange algorithms                   
              Seminumerical calculation of the Hartree-Fock   
              exchange matirx: Application to two-component   
              procedures and efficient evaluation of local    
              hybrid functionsl                               
               P. Plessow, F. Weigend,                        
              J. Comput. Chem. 33: 810 (2012)                 
          Improved seminumerical algorithms                   
              C. Holzer,                                      
              J. Chem. Phys. 153 (2020), 184115               
                                         




              +--------------------------------------------------+
              |      general information about current run       |
              +--------------------------------------------------+

 
 Libxc version: 5.1.4
 S. Lehtola, C. Steigemann, M.J.T. Oliveira, and M.A.L. Marques, Software X 7, 1 (2018)
 M.A.L. Marques, M.J.T. Oliveira, and T. Burnus, Comput. Phys. Commun. 183, 2272 (2012)
 TURBOMOLE integration by Christof Holzer

 Name of XC-Functional: CAM version of B3LYP
 alpha=    0.19000
 beta =    0.46000
 omega=    0.33000
 [1] T. Yanai, D. P. Tew, and N. C. Handy, Chem. Phys. Lett. 393, 51 (2004)
 A Hybrid-DFT calculation using the RI-J approximation will be carried out.
 Allocatable memory for RI due to $ricore (MB):                  2000

   *************************************************************************
   cam                                                                      
   *************************************************************************




              +--------------------------------------------------+
              | Atomic coordinate, charge and isotop information |
              +--------------------------------------------------+

                    atomic coordinates            atom    charge  isotop
        -13.69369143    5.69834176   -0.42859113    c      6.000     0
        -11.32633965    6.92856423   -0.41307367    c      6.000     0
         -9.07701048    5.60421181   -0.25559866    c      6.000     0
         -9.06925642    2.94412036   -0.10111242    c      6.000     0
         -6.77021485    1.53319105    0.10093012    c      6.000     0
         -6.78261364   -1.04442339    0.25138894    c      6.000     0
         -9.08906749   -2.47443597    0.19601767    c      6.000     0
         -9.11866195   -5.17804816    0.32828845    c      6.000     0
        -11.49308160   -6.40134601    0.30018727    c      6.000     0
        -13.74762769   -5.07458068    0.17421147    c      6.000     0
        -13.77283409   -2.41816259    0.02648382    c      6.000     0
        -16.07020385   -1.00644557   -0.16011330    c      6.000     0
        -16.06981214    1.57065859   -0.31775099    c      6.000     0
        -13.75772970    2.99761768   -0.28177013    c      6.000     0
        -11.42178163    1.61517443   -0.11772895    c      6.000     0
        -11.42107060   -1.09438442    0.03202725    c      6.000     0
        -16.02408134    7.17101178   -0.56088823    c      6.000     0
         -6.77974280   -6.64126801    0.46388658    c      6.000     0
        -16.24334262    9.64544576   -1.20105853    c      6.000     0
         -6.58428107   -9.04081460    1.35336930    c      6.000     0
        -18.61196059   10.92897682   -1.21601074    c      6.000     0
         -4.45179164  -10.51472980    1.31190300    n      7.000     0
        -20.52708185   12.00959759   -1.22766390    n      7.000     0
        -11.26087142    8.98999888   -0.47445299    h      1.000     0
         -7.27808135    6.61968244   -0.22365114    h      1.000     0
         -4.98204772    2.56791167    0.14649585    h      1.000     0
         -4.98558951   -2.03419056    0.43833755    h      1.000     0
        -11.55919780   -8.46411484    0.31213361    h      1.000     0
        -15.54264506   -6.09896075    0.14117758    h      1.000     0
        -17.86009229   -2.03994230   -0.18550678    h      1.000     0
        -17.87521708    2.54665455   -0.48865022    h      1.000     0
        -17.77834459    6.19399473   -0.08544206    h      1.000     0
         -5.04374075   -5.74333502   -0.20919143    h      1.000     0
        -14.60745827   10.77717739   -1.76323571    h      1.000     0
         -8.23627215   -9.99701093    2.15281500    h      1.000     0
         -4.32152377  -11.95959550    2.55866795    h      1.000     0
         -2.78101252   -9.69314131    0.85782886    h      1.000     0
 
       center of nuclear mass  :  -11.75767278    0.67196611   -0.05965733
       center of nuclear charge:  -11.69162755    0.58253008   -0.04671711

              +--------------------------------------------------+
              |               basis set information              |
              +--------------------------------------------------+

              we will work with the 1s 3p 5d 7f 9g ... basis set
              ...i.e. with spherical basis functions...

   type   atoms  prim   cont   basis
   ---------------------------------------------------------------------------
    c       21     43     23   aug-cc-pVDZ   [4s3p2d|18s5p2d]
    n        2     43     23   aug-cc-pVDZ   [4s3p2d|18s5p2d]
    h       14     11      9   aug-cc-pVDZ   [3s2p|5s2p]
   ---------------------------------------------------------------------------
   total:   37   1143    655
   ---------------------------------------------------------------------------

   total number of primitive shells          :   57
   total number of contracted shells         :  277
   total number of cartesian basis functions :  701
   total number of SCF-basis functions       :  655


 integral neglect threshold       :  0.48E-11
 integral storage threshold THIZE :  0.10E-04
 integral storage threshold THIME :         5

 RI-J AUXILIARY BASIS SET information:

              we will work with the 1s 3p 5d 7f 9g ... basis set
              ...i.e. with spherical basis functions...

   type   atoms  prim   cont   basis
   ---------------------------------------------------------------------------
    c       21     70     49   aug-cc-pVDZ   [6s4p3d1f1g|12s5p4d2f1g]
    n        2     70     49   aug-cc-pVDZ   [6s4p3d1f1g|12s5p4d2f1g]
    h       14     16     11   aug-cc-pVDZ   [3s1p1d|5s2p1d]
   ---------------------------------------------------------------------------
   total:   37   1834   1281
   ---------------------------------------------------------------------------

   total number of primitive shells          :   56
   total number of contracted shells         :  415
   total number of cartesian basis functions : 1571
   total number of SCF-basis functions       : 1281


 symmetry group of the molecule :   c1 

 the group has the following generators :
   c1(z)

    1 symmetry operations found

 there are 1 real representations :   a   

 maximum number of shells which are related by symmetry :  1

  
           ------------------
           density functional
           ------------------
 Name of XC-Functional: CAM version of B3LYP
 alpha=    0.19000
 beta =    0.46000
 omega=    0.33000
 [1] T. Yanai, D. P. Tew, and N. C. Handy, Chem. Phys. Lett. 393, 51 (2004)

 iterations will be done with small grid
  
 spherical integration : Lebedev's spherical grid
 spherical gridsize    :                     3
    i.e. gridpoints    :                   302
 value for diffuse not defined
 radial integration    : Chebyshev 2nd kind (scaling 3)
 radial gridsize       :                     3
 integration cells     :                    37
 partition function    : becke
 partition sharpness   :                     3
  

 biggest AO integral is expected to be     4.122252735

          ------------------------
          nuclear repulsion energy  :   1622.86676029    
          ------------------------


         -----------------
         -S,T+V- integrals
         -----------------

 1e-integrals will be neglected if expon. factor < 0.476742E-12
 
   Difference densities algorithm switched on.
   The maximal number of linear combinations of
   difference densities is                    20 .

 DIIS switched on: error vector is FDS-SDF
 Max. Iterations for DIIS is     :   4
 DIIS matrix (see manual) 
    Scaling factor of diagonals  :  1.200
    threshold for scaling factor :  0.000

 scf convergence criterion : increment of total energy < .1000000D-06
                  and increment of one-electron energy < .1000000D-03

 MOs are in ASCII format !


    mo occupation :
   irrep   mo's   occupied
    a      655       77
 
 number of basis functions   :   655
 number of occupied orbitals :    77
 

 reading orbital data $scfmo  from file mos
 orbital characterization : expanded
 virtual MOs provided and orthogonalized by Cholesky decomposition

 automatic virtual orbital shift switched on 
      shift if e(lumo)-e(homo) < 0.10000000    

  
           ------------------------
               RI-J - INFORMATION
           ------------------------
 Contributions to RI integral batches: 
  neglected integral batches:                  6490
  direct contribution:                         3608
  memory contribution:                 28405
 Memory core needed for (P|Q) and Cholesky     13 MByte
 Memory core minimum needed except of (P|Q)     2 MByte
 Total minimum memory core needed (sum)        15 MByte
  
 ****************************************
 Memory allocated for RI-J  1908 MByte
 ****************************************
                                            

 DSCF restart information will be dumped onto file mos


 Starting SCF iterations

          Overall gridpoints after grid construction =         51335

 ITERATION  ENERGY          1e-ENERGY        2e-ENERGY     NORM[dD(SAO)]  TOL
   1  -914.74851459718    -4427.1353457     1889.5200708    0.000D+00 0.476D-11
                            Exc = -94.0532260694     Coul =  2018.98503387    
                            exK = -35.4117370337    
                              N = 153.99420930    
                            current damping = 0.300
 
          max. resid. norm for Fia-block=  3.119D-01 for orbital     45a         
          max. resid. fock norm         =  1.413D+00 for orbital    614a         

 ITERATION  ENERGY          1e-ENERGY        2e-ENERGY     NORM[dD(SAO)]  TOL
   2  -917.42599478855    -4460.3810119     1920.0882568    0.281D+03 0.109D-11
                            Exc = -95.9443306963      Eck =  2016.03258751    
                              N = 153.99627416    
                            current damping = 0.250
 
          Norm of current diis error:  2.4825    
          max. resid. norm for Fia-block=  1.486D-01 for orbital     77a         
          max. resid. fock norm         =  3.055D-01 for orbital    642a         

 ITERATION  ENERGY          1e-ENERGY        2e-ENERGY     NORM[dD(SAO)]  TOL
   3  -917.58558942490    -4459.4512322     1918.9988825    0.778D+02 0.106D-11
                            Exc = -96.2990395125      Eck =  2015.29792201    
                              N = 153.99659753    
                            current damping = 0.200
 
          Norm of current diis error:  1.6058    
          max. resid. norm for Fia-block=  8.878D-02 for orbital     67a         
          max. resid. fock norm         =  1.057D-01 for orbital     67a         

 ITERATION  ENERGY          1e-ENERGY        2e-ENERGY     NORM[dD(SAO)]  TOL
   4  -917.72213324249    -4460.9383849     1920.3494914    0.132D+02 0.105D-11
                            Exc = -96.2129815218      Eck =  2016.56247289    
                              N = 153.99665852    
                            current damping = 0.250
 
          Norm of current diis error: 0.68075    
          max. resid. norm for Fia-block=  3.768D-02 for orbital     70a         
          max. resid. fock norm         =  4.380D-02 for orbital    591a         

 ITERATION  ENERGY          1e-ENERGY        2e-ENERGY     NORM[dD(SAO)]  TOL
   5  -917.74907815217    -4462.5561120     1921.9402736    0.637D+01 0.104D-11
                            Exc = -96.3245294129      Eck =  2018.26480302    
                              N = 153.99670159    
                            current damping = 0.150
 
          Norm of current diis error: 0.12430    
          max. resid. norm for Fia-block=  4.799D-03 for orbital     24a         
          max. resid. fock norm         =  8.955D-03 for orbital     47a         
          mo-orthogonalization: Cholesky decomposition

 ITERATION  ENERGY          1e-ENERGY        2e-ENERGY     NORM[dD(SAO)]  TOL
   6  -917.74981423847    -4462.0707422     1921.4541677    0.269D+01 0.104D-11
                            Exc = -96.3280488996      Eck =  2017.78221659    
                              N = 153.99673265    
                            current damping = 0.200
 
          Norm of current diis error: 0.72119E-01
          max. resid. norm for Fia-block=  2.112D-03 for orbital     77a         
          max. resid. fock norm         =  3.852D-03 for orbital     25a         

 ITERATION  ENERGY          1e-ENERGY        2e-ENERGY     NORM[dD(SAO)]  TOL
   7  -917.75009152142    -4462.2140791     1921.5972273    0.851D+00 0.104D-11
                            Exc = -96.3234166280      Eck =  2017.92064393    
                              N = 153.99672643    
                            current damping = 0.250
 
          Norm of current diis error: 0.19224E-01
          max. resid. norm for Fia-block=  7.183D-04 for orbital     77a         
          max. resid. fock norm         =  9.875D-04 for orbital     33a         

 ITERATION  ENERGY          1e-ENERGY        2e-ENERGY     NORM[dD(SAO)]  TOL
   8  -917.75011697312    -4462.2458393     1921.6289620    0.241D+00 0.104D-11
                            Exc = -96.3257081385      Eck =  2017.95467018    
                              N = 153.99673024    
                            current damping = 0.100
 
          Norm of current diis error: 0.10776E-01
          max. resid. norm for Fia-block=  6.989D-04 for orbital     26a         
          max. resid. fock norm         =  1.144D-03 for orbital     65a         

 ITERATION  ENERGY          1e-ENERGY        2e-ENERGY     NORM[dD(SAO)]  TOL
   9  -917.75012308183    -4462.2369964     1921.6201131    0.126D+00 0.104D-11
                            Exc = -96.3264357374      Eck =  2017.94654879    
                              N = 153.99672991    
                            current damping = 0.150
 
          Norm of current diis error: 0.82145E-02
          max. resid. norm for Fia-block=  5.391D-04 for orbital     69a         
          max. resid. fock norm         =  5.965D-04 for orbital     26a         

 ITERATION  ENERGY          1e-ENERGY        2e-ENERGY     NORM[dD(SAO)]  TOL
  10  -917.75012721313    -4462.2326045     1921.6157170    0.297D-01 0.104D-11
                            Exc = -96.3254390409      Eck =  2017.94115607    
                              N = 153.99673010    
                            current damping = 0.100
 
          Norm of current diis error: 0.36360E-02
          max. resid. norm for Fia-block=  1.713D-04 for orbital     65a         
          max. resid. fock norm         =  2.397D-04 for orbital     65a         
          mo-orthogonalization: Cholesky decomposition

 ITERATION  ENERGY          1e-ENERGY        2e-ENERGY     NORM[dD(SAO)]  TOL
  11  -917.75012851029    -4462.2324991     1921.6156103    0.347D-01 0.104D-11
                            Exc = -96.3255705088      Eck =  2017.94118077    
                              N = 153.99673006    
                            current damping = 0.100
 
          Norm of current diis error: 0.16074E-02
          max. resid. norm for Fia-block=  7.063D-05 for orbital     74a         
          max. resid. fock norm         =  1.540D-04 for orbital      4a         

 ITERATION  ENERGY          1e-ENERGY        2e-ENERGY     NORM[dD(SAO)]  TOL
  12  -917.75012884795    -4462.2331461     1921.6162570    0.905D+02 0.136D-11
                            Exc = -96.3257793486      Eck =  2017.94203631    
                              N = 153.99673012    
                            current damping = 0.150
 
          Norm of current diis error: 0.95519E-03
          max. resid. norm for Fia-block=  3.750D-05 for orbital     75a         
          max. resid. fock norm         =  1.563D-03 for orbital    651a         

 ITERATION  ENERGY          1e-ENERGY        2e-ENERGY     NORM[dD(SAO)]  TOL
  13  -917.75012887500    -4462.2340285     1921.6171394    0.199D+00 0.136D-11
                            Exc = -96.3256808145      Eck =  2017.94282020    
                              N = 153.99672999    
                            current damping = 0.100
 
          Norm of current diis error: 0.52794E-03
          max. resid. norm for Fia-block=  2.519D-05 for orbital     75a         
          max. resid. fock norm         =  4.058D-04 for orbital    651a         

 ITERATION  ENERGY          1e-ENERGY        2e-ENERGY     NORM[dD(SAO)]  TOL
  14  -917.75012891280    -4462.2327172     1921.6158280    0.797D-01 0.136D-11
                            Exc = -96.3256490648      Eck =  2017.94147708    
                              N = 153.99673002    
                            current damping = 0.150
 
          Norm of current diis error: 0.33890E-03
          max. resid. norm for Fia-block=  2.157D-05 for orbital     69a         
          max. resid. fock norm         =  2.265D-04 for orbital    651a         

 ENERGY CONVERGED !

          Overall gridpoints after grid construction =        186527

 ITERATION  ENERGY          1e-ENERGY        2e-ENERGY     NORM[dD(SAO)]  TOL
  15  -917.74888239611    -4462.2330682     1921.6174256    0.233D-01 0.136D-11
                            Exc = -96.3244477252      Eck =  2017.94187328    
                              N = 153.99987956    
                            current damping = 0.200
 
          Norm of current diis error: 0.23718E-03
          max. resid. norm for Fia-block=  1.102D-05 for orbital     69a         
          max. resid. fock norm         =  1.548D-04 for orbital    651a         

 End of SCF iterations

   convergence criteria satisfied after    15 iterations


   *************************************************************************
   cam                                                                      
   *************************************************************************


                  ------------------------------------------ 
                 |  total energy      =   -917.74888239611  |
                  ------------------------------------------ 
                 :  kinetic energy    =    912.18731814840  :
                 :  potential energy  =  -1829.93620054451  :
                 :  virial theorem    =      1.99393999344  :
                 :  wavefunction norm =      1.00000000000  :
                  .......................................... 


 <geterg> : there is no data group $energy 


 <skperg> : $end is missing 


 orbitals $scfmo  will be written to file mos

    irrep                 73a         74a         75a         76a         77a   
 eigenvalues H         -0.33474    -0.32306    -0.29413    -0.28321    -0.23504
            eV          -9.1088     -8.7909     -8.0037     -7.7067     -6.3958
 occupation              2.0000      2.0000      2.0000      2.0000      2.0000

    irrep                 78a         79a         80a         81a         82a   
 eigenvalues H         -0.05724    -0.01415    -0.00437    -0.00140     0.01078
            eV          -1.5576     -0.3850     -0.1190     -0.0381      0.2934
 
 
 
 
 ==============================================================================
                           electrostatic moments
 ==============================================================================

 reference point for electrostatic moments:    0.00000   0.00000   0.00000

 
              nuc           elec       ->  total
 ------------------------------------------------------------------------------
                          charge      
 ------------------------------------------------------------------------------
         154.000000    -154.000000      -0.000000
 
 ------------------------------------------------------------------------------
                       dipole moment  
 ------------------------------------------------------------------------------
   x   -1800.510643    1803.197778       2.687135
   y      89.709632     -92.591760      -2.882128
   z      -7.194435       7.779198       0.584763
 
   | dipole moment | =     3.9836 a.u. =    10.1254 debye 
 
 ------------------------------------------------------------------------------
                     quadrupole moment
 ------------------------------------------------------------------------------
  xx   24011.519801  -24175.570433    -164.050632
  yy    6375.930793   -6478.640852    -102.710059
  zz      76.199049    -180.501949    -104.302900
  xy   -3950.440760    4000.504130      50.063370
  xz     455.092936    -461.233335      -6.140399
  yz    -636.070024     631.036540      -5.033485
 
     1/3  trace=    -123.687864
     anisotropy=     106.656653
 
 ==============================================================================
 
HOMO-LUMO Separation
 HOMO         :   -0.23503827 H =     -6.39572 eV
 LUMO         :   -0.05724136 H =     -1.55762 eV
 HOMO-LUMO gap:    0.17779690 H =     +4.83810 eV
 
 ==============================================================================


    ------------------------------------------------------------------------
         total  cpu-time :  2 hours  1 minutes and 30 seconds
         total wall-time :  2 hours  6 minutes and 21 seconds
    ------------------------------------------------------------------------

   ****  ridft : all done  ****


    2025-04-09 22:20:34.448 

 ridft ended normally
