
 ridft (nano09.int-nano.int.kit.edu) : TURBOMOLE rev. V7-6 19 Oct 2021 at 10:10:11 compiled Oct 19th 2021
 Copyright (C) 2021 TURBOMOLE GmbH, Karlsruhe


    2025-06-27 07:28:48.339 



                                  r i d f t

                        DFT program with RI approximation 
                                for coulomb part 




                                                 
                                 References:     
                                                 
          TURBOMOLE:                             
              R. Ahlrichs, M. Baer, M. Haeser, H. Horn, and
              C. Koelmel
              Electronic structure calculations on workstation
              computers: the program system TURBOMOLE
              Chem. Phys. Lett. 162: 165 (1989)
          Density Functional:                              
              O. Treutler and R. Ahlrichs                      
              Efficient Molecular Numerical Integration Schemes
              J. Chem. Phys. 102: 346 (1995)                   
          Parallel Version:                                
              Performance of parallel TURBOMOLE for Density    
              Functional Calculations                          
              M. v. Arnim and R. Ahlrichs                      
              J. Comp. Chem. 19: 1746 (1998)                   
          RI-J Method:                                     
              Auxiliary Basis Sets to approximate Coulomb      
              Potentials                                       
              Chem. Phys. Lett. 240: 283 (1995)                
              K. Eichkorn, O. Treutler, H. Oehm, M. Haeser     
              and R. Ahlrichs                                  
              Chem. Phys. Lett. 242: 652 (1995)                
                                                           
              Auxiliary Basis Sets for Main Row Atoms and their
              Use to approximate Coulomb Potentials            
              K. Eichkorn, F. Weigend, O. Treutler and         
              R. Ahlrichs                                      
              Theo. Chem. Acc. 97: 119 (1997)                   
                                                           
              Accurate Coulomb-fitting basis sets for H to Rn 
              F. Weigend                                        
              Phys. Chem. Chem. Phys. 8: 1057 (2006)            
                                                           
          Multipole accelerated RI-J (MARI-J):             
              Fast evaluation of the Coulomb potential for     
              electron densities using multipole accelerated   
              resolution of identity approximation             
              M. Sierka, A. Hogekamp and R. Ahlrichs           
              J. Chem. Phys. 118: 9136 (2003)                  
          RI-JK Method:                                     
              A fully direct RI-HF algorithm: Implementation,
              optimised auxiliary basis sets, demonstration of
              accuracy and efficiency                         
              F. Weigend                                      
              Phys. Chem. Chem. Phys. 4: 4285 (2002)           
          Two-component HF and DFT with spin-orbit coupling:  
              Self-consistent treatment of spin-orbit         
              interactions with efficient Hartree-Fock and    
              density functional methods                      
              M. K. Armbruster, F. Weigend, C. van Wüllen and 
              W. Klopper                                      
              Phys. Chem. Chem. Phys. 10: 1748 (2008)         
          Two-component difference density and DIIS algorithm 
              Efficient two-component self-consistent field   
              procedures and gradients: implementation in     
              TURBOMOLE and application to Au20-              
              A. Baldes, F. Weigend                           
              Mol. Phys. 111: 2617 (2013)                     
          Relativistic all-electron 2c calculations           
              An efficient implementation of two-component    
              relativistic exact-decoupling methods for large 
              molecules                                       
              D. Peng, N. Middendorf, F. Weigend, M. Reiher   
              J. Chem. Phys. 138: 184105 (2013)               
          Finite nucleus model and SNSO approximation         
              Efficient implementation of one- and two-       
              component analytical energy gradients in exact  
              two-component theory                            
              Y. J. Franzke, N. Middendorf, F. Weigend        
              J. Chem. Phys. 148: 104110 (2018)               
          Grids for all-electron relativistic methods         
              Error-consistent segmented contracted all-      
              electron relativistic basis sets of double-     
              and triple-zeta quality for NMR shielding       
              constants                                       
              Y. J. Franzke, R. Tress, T. M. Pazdera,         
              F. Weigend                                      
              Phys. Chem. Chem. Phys. 21: 166658 (2019)       
          Seminumerical exchange algorithms                   
              Seminumerical calculation of the Hartree-Fock   
              exchange matirx: Application to two-component   
              procedures and efficient evaluation of local    
              hybrid functionsl                               
               P. Plessow, F. Weigend,                        
              J. Comput. Chem. 33: 810 (2012)                 
          Improved seminumerical algorithms                   
              C. Holzer,                                      
              J. Chem. Phys. 153 (2020), 184115               
                                         




              +--------------------------------------------------+
              |      general information about current run       |
              +--------------------------------------------------+

 

 DENSITY CONVERGENCE CHECK SWITCHED ON !
 SCF CONVERGENCE IF RMS(delta[D]) <     0.1000000000E-06

 A HF calculation using the RI-J approximation will be carried out.
 Allocatable memory for RI due to $ricore (MB):                  2000

   *************************************************************************
   mp2                                                                      
   *************************************************************************




              +--------------------------------------------------+
              | Atomic coordinate, charge and isotop information |
              +--------------------------------------------------+

                    atomic coordinates            atom    charge  isotop
        -13.44380289    6.28041113   -0.49176247    c      6.000     0
        -11.05061409    7.46277766   -0.41400114    c      6.000     0
         -8.83294176    6.08890874   -0.27391666    c      6.000     0
         -8.88185783    3.42422177   -0.20600878    c      6.000     0
         -6.61225744    1.96257203   -0.04135255    c      6.000     0
         -6.67496654   -0.61780555    0.02370394    c      6.000     0
         -9.01184301   -1.99453297   -0.08718099    c      6.000     0
         -9.10103364   -4.69552587   -0.03496035    c      6.000     0
        -11.49065704   -5.87714321   -0.12700910    c      6.000     0
        -13.72025862   -4.50275979   -0.23011703    c      6.000     0
        -13.69058628   -1.84391206   -0.28733083    c      6.000     0
        -15.95985947   -0.37941482   -0.42720665    c      6.000     0
        -15.90728904    2.20034405   -0.49583580    c      6.000     0
        -13.56628829    3.57752301   -0.42686329    c      6.000     0
        -11.25999942    2.14523899   -0.28770110    c      6.000     0
        -11.31477011   -0.56580541   -0.22436763    c      6.000     0
        -15.73749146    7.79311709   -0.63188221    c      6.000     0
         -6.78365577   -6.20366045    0.08879835    c      6.000     0
        -15.90824906   10.33046463   -0.75935655    c      6.000     0
         -6.62359425   -8.57941640    1.00006497    c      6.000     0
         -4.43309383   -9.87729025    0.96105174    o      8.000     0
         -4.40629095  -12.23733501    2.21826772    c      6.000     0
        -18.36668964   11.54934309   -0.88600538    n      7.000     0
        -18.33635095   13.86287362   -1.00776058    o      8.000     0
        -20.28546542   10.25415435   -0.86584840    o      8.000     0
        -10.94037185    9.52230925   -0.45777639    h      1.000     0
         -7.01297468    7.06404006   -0.21035481    h      1.000     0
         -4.80392613    2.95845994    0.04357342    h      1.000     0
         -4.89992333   -1.65120796    0.18121223    h      1.000     0
        -11.59055364   -7.93796651   -0.18050018    h      1.000     0
        -15.53435731   -5.48960793   -0.31016528    h      1.000     0
        -17.77118926   -1.37314541   -0.48055845    h      1.000     0
        -17.69342306    3.21838081   -0.60507295    h      1.000     0
        -17.56417142    6.83644189   -0.63901080    h      1.000     0
         -5.01709125   -5.37904881   -0.59008745    h      1.000     0
        -14.38226509   11.70749560   -0.78945291    h      1.000     0
         -8.24895620   -9.56888576    1.82767156    h      1.000     0
         -2.52856189  -13.06759385    1.91484051    h      1.000     0
         -4.72413665  -12.01701533    4.27064021    h      1.000     0
         -5.84969998  -13.53421961    1.44449413    h      1.000     0
 
       center of nuclear mass  :  -11.71415904    1.23244474   -0.14259092
       center of nuclear charge:  -11.63626484    1.09686828   -0.12080902

              +--------------------------------------------------+
              |               basis set information              |
              +--------------------------------------------------+

              we will work with the 1s 3p 5d 7f 9g ... basis set
              ...i.e. with spherical basis functions...

   type   atoms  prim   cont   basis
   ---------------------------------------------------------------------------
    c       21     43     23   aug-cc-pVDZ   [4s3p2d|18s5p2d]
    o        3     43     23   aug-cc-pVDZ   [4s3p2d|18s5p2d]
    n        1     43     23   aug-cc-pVDZ   [4s3p2d|18s5p2d]
    h       15     11      9   aug-cc-pVDZ   [3s2p|5s2p]
   ---------------------------------------------------------------------------
   total:   40   1240    710
   ---------------------------------------------------------------------------

   total number of primitive shells          :   82
   total number of contracted shells         :  300
   total number of cartesian basis functions :  760
   total number of SCF-basis functions       :  710


 integral neglect threshold       :  0.44E-11
 integral storage threshold THIZE :  0.10E-04
 integral storage threshold THIME :         5

 RI-J AUXILIARY BASIS SET information:

              we will work with the 1s 3p 5d 7f 9g ... basis set
              ...i.e. with spherical basis functions...

   type   atoms  prim   cont   basis
   ---------------------------------------------------------------------------
    c       21     70     49   aug-cc-pVDZ   [6s4p3d1f1g|12s5p4d2f1g]
    o        3     70     49   aug-cc-pVDZ   [6s4p3d1f1g|12s5p4d2f1g]
    n        1     70     49   aug-cc-pVDZ   [6s4p3d1f1g|12s5p4d2f1g]
    h       15     16     11   aug-cc-pVDZ   [3s1p1d|5s2p1d]
   ---------------------------------------------------------------------------
   total:   40   1990   1390
   ---------------------------------------------------------------------------

   total number of primitive shells          :   80
   total number of contracted shells         :  450
   total number of cartesian basis functions : 1705
   total number of SCF-basis functions       : 1390


 symmetry group of the molecule :   c1 

 the group has the following generators :
   c1(z)

    1 symmetry operations found

 there are 1 real representations :   a   

 maximum number of shells which are related by symmetry :  1


 biggest AO integral is expected to be     4.738267915

          ------------------------
          nuclear repulsion energy  :   1906.50920327    
          ------------------------


         -----------------
         -S,T+V- integrals
         -----------------

 1e-integrals will be neglected if expon. factor < 0.439732E-12
 
   Difference densities algorithm switched on.
   The maximal number of linear combinations of
   difference densities is                    20 .

 DIIS switched on: error vector is FDS-SDF
 Max. Iterations for DIIS is     :   5
 DIIS matrix (see manual) 
    Scaling factor of diagonals  :  1.200
    threshold for scaling factor :  0.000

 scf convergence criterion : increment of total energy < .1000000D-06
                  and increment of one-electron energy < .1000000D-03

 MOs are in ASCII format !


    mo occupation :
   irrep   mo's   occupied
    a      710       86
 
 number of basis functions   :   710
 number of occupied orbitals :    86
 

 reading orbital data $scfmo  from file mos
 orbital characterization : expanded
 virtual MOs provided and orthogonalized by Cholesky decomposition

 automatic virtual orbital shift switched on 
      shift if e(lumo)-e(homo) < 0.10000000    

  
           ------------------------
               RI-J - INFORMATION
           ------------------------
 Contributions to RI integral batches: 
  neglected integral batches:                  9620
  direct contribution:                         6390
  memory contribution:                 29140
 Memory core needed for (P|Q) and Cholesky     15 MByte
 Memory core minimum needed except of (P|Q)     2 MByte
 Total minimum memory core needed (sum)        17 MByte
  
 ****************************************
 Memory allocated for RI-J  1986 MByte
 ****************************************
                                            

 DSCF restart information will be dumped onto file mos


 Starting SCF iterations


 ITERATION  ENERGY          1e-ENERGY        2e-ENERGY     RMS[dD(SAO)]   TOL
   1  -1079.2577661455    -5226.6391305     2240.8721611    0.000D+00 0.439D-11
                            exK = -142.490130482     Coul =  2383.36229161    
                            current damping = 0.300
 
          max. resid. norm for Fia-block=  3.556D-01 for orbital     50a         
          max. resid. fock norm         =  1.637D+00 for orbital    662a         

 ITERATION  ENERGY          1e-ENERGY        2e-ENERGY     RMS[dD(SAO)]   TOL
   2  -1082.5353833399    -5254.9665317     2265.9219451    0.329D+00 0.139D-11
                            current damping = 0.250
 
          Norm of current diis error:  3.1118    
          max. resid. norm for Fia-block=  1.542D-01 for orbital     26a         
          max. resid. fock norm         =  2.366D-01 for orbital    703a         

 ITERATION  ENERGY          1e-ENERGY        2e-ENERGY     RMS[dD(SAO)]   TOL
   3  -1082.9044300118    -5258.7820137     2269.3683805    0.165D+00 0.125D-11
                            current damping = 0.150
 
          Norm of current diis error:  1.2321    
          max. resid. norm for Fia-block=  6.828D-02 for orbital     57a         
          max. resid. fock norm         =  8.589D-02 for orbital     57a         

 ITERATION  ENERGY          1e-ENERGY        2e-ENERGY     RMS[dD(SAO)]   TOL
   4  -1082.9883869020    -5260.0332693     2270.5356791    0.707D-01 0.119D-11
                            current damping = 0.100
 
          Norm of current diis error: 0.36197    
          max. resid. norm for Fia-block=  2.543D-02 for orbital     52a         
          max. resid. fock norm         =  3.149D-02 for orbital     26a         

 ITERATION  ENERGY          1e-ENERGY        2e-ENERGY     RMS[dD(SAO)]   TOL
   5  -1082.9982204852    -5260.7022279     2271.1948042    0.167D-01 0.117D-11
                            current damping = 0.100
 
          Norm of current diis error: 0.11193    
          max. resid. norm for Fia-block=  6.154D-03 for orbital     86a         
          max. resid. fock norm         =  8.705D-03 for orbital    628a         
          mo-orthogonalization: Cholesky decomposition

 ITERATION  ENERGY          1e-ENERGY        2e-ENERGY     RMS[dD(SAO)]   TOL
   6  -1082.9997559939    -5260.6400414     2271.1310821    0.396D-02 0.117D-11
                            current damping = 0.150
 
          Norm of current diis error: 0.48679E-01
          max. resid. norm for Fia-block=  3.880D-03 for orbital     84a         
          max. resid. fock norm         =  4.461D-03 for orbital     84a         

 ITERATION  ENERGY          1e-ENERGY        2e-ENERGY     RMS[dD(SAO)]   TOL
   7  -1083.0001404308    -5260.6802907     2271.1709470    0.181D-02 0.117D-11
                            current damping = 0.200
 
          Norm of current diis error: 0.25878E-01
          max. resid. norm for Fia-block=  2.352D-03 for orbital     86a         
          max. resid. fock norm         =  2.468D-03 for orbital     86a         

 ITERATION  ENERGY          1e-ENERGY        2e-ENERGY     RMS[dD(SAO)]   TOL
   8  -1083.0002576192    -5260.6731752     2271.1637143    0.752D-03 0.116D-11
                            current damping = 0.250
 
          Norm of current diis error: 0.11931E-01
          max. resid. norm for Fia-block=  1.277D-03 for orbital     84a         
          max. resid. fock norm         =  1.437D-03 for orbital     84a         

 ITERATION  ENERGY          1e-ENERGY        2e-ENERGY     RMS[dD(SAO)]   TOL
   9  -1083.0002867689    -5260.6789219     2271.1694318    0.446D-03 0.116D-11
                            current damping = 0.300
 
          Norm of current diis error: 0.56861E-02
          max. resid. norm for Fia-block=  6.835D-04 for orbital     86a         
          max. resid. fock norm         =  6.996D-04 for orbital     86a         

 ITERATION  ENERGY          1e-ENERGY        2e-ENERGY     RMS[dD(SAO)]   TOL
  10  -1083.0002939227    -5260.6776018     2271.1681046    0.221D-03 0.116D-11
                            current damping = 0.350
 
          Norm of current diis error: 0.32992E-02
          max. resid. norm for Fia-block=  3.891D-04 for orbital     86a         
          max. resid. fock norm         =  4.011D-04 for orbital     86a         
          mo-orthogonalization: Cholesky decomposition

 ITERATION  ENERGY          1e-ENERGY        2e-ENERGY     RMS[dD(SAO)]   TOL
  11  -1083.0002963781    -5260.6784719     2271.1689723    0.168D-03 0.115D-11
                            current damping = 0.400
 
          Norm of current diis error: 0.20898E-02
          max. resid. norm for Fia-block=  2.896D-04 for orbital     86a         
          max. resid. fock norm         =  5.795D-04 for orbital    706a         

 ITERATION  ENERGY          1e-ENERGY        2e-ENERGY     RMS[dD(SAO)]   TOL
  12  -1083.0002975068    -5260.6785897     2271.1690889    0.172D-03 0.114D-11
                            current damping = 0.250
 
          Norm of current diis error: 0.13345E-02
          max. resid. norm for Fia-block=  2.036D-04 for orbital     86a         
          max. resid. fock norm         =  9.101D-04 for orbital    706a         

 ITERATION  ENERGY          1e-ENERGY        2e-ENERGY     RMS[dD(SAO)]   TOL
  13  -1083.0002980609    -5260.6786695     2271.1691682    0.220D-03 0.112D-11
                            current damping = 0.100
 
          Norm of current diis error: 0.78467E-03
          max. resid. norm for Fia-block=  1.355D-04 for orbital     86a         
          max. resid. fock norm         =  1.400D-03 for orbital    706a         

 ITERATION  ENERGY          1e-ENERGY        2e-ENERGY     RMS[dD(SAO)]   TOL
  14  -1083.0002983075    -5260.6785361     2271.1690345    0.307D-03 0.109D-11
                            current damping = 0.150
 
          Norm of current diis error: 0.42345E-03
          max. resid. norm for Fia-block=  6.943D-05 for orbital     85a         
          max. resid. fock norm         =  2.530D-03 for orbital    706a         

 ITERATION  ENERGY          1e-ENERGY        2e-ENERGY     RMS[dD(SAO)]   TOL
  15  -1083.0002983134    -5260.6786472     2271.1691457    0.410D-03 0.105D-11
                            current damping = 0.200
 
          Norm of current diis error: 0.22432E-03
          max. resid. norm for Fia-block=  3.218D-05 for orbital     85a         
          max. resid. fock norm         =  3.456D-03 for orbital    706a         
          mo-orthogonalization: Cholesky decomposition

 ITERATION  ENERGY          1e-ENERGY        2e-ENERGY     RMS[dD(SAO)]   TOL
  16  -1083.0002983710    -5260.6785062     2271.1690046    0.479D-03 0.104D-11
                            current damping = 0.250
 
          Norm of current diis error: 0.11706E-03
          max. resid. norm for Fia-block=  2.130D-05 for orbital     85a         
          max. resid. fock norm         =  4.732D-03 for orbital    706a         

 ITERATION  ENERGY          1e-ENERGY        2e-ENERGY     RMS[dD(SAO)]   TOL
  17  -1083.0002982851    -5260.6785304     2271.1690288    0.659D-03 0.986D-12
                            current damping = 0.300
 
          Norm of current diis error: 0.54002E-04
          max. resid. norm for Fia-block=  2.996D-05 for orbital     67a         
          max. resid. fock norm         =  7.172D-03 for orbital    706a         

 ITERATION  ENERGY          1e-ENERGY        2e-ENERGY     RMS[dD(SAO)]   TOL
  18  -1083.0002983620    -5260.6784947     2271.1689931    0.859D-03 0.964D-12
                            current damping = 0.350
 
          Norm of current diis error: 0.27577E-04
          max. resid. norm for Fia-block=  3.207D-05 for orbital     67a         
          max. resid. fock norm         =  8.409D-03 for orbital    706a         

 ITERATION  ENERGY          1e-ENERGY        2e-ENERGY     RMS[dD(SAO)]   TOL
  19  -1083.0002982052    -5260.6784933     2271.1689918    0.105D-02 0.912D-12
                            current damping = 0.400
 
          Norm of current diis error: 0.12566E-04
          max. resid. norm for Fia-block=  4.687D-05 for orbital     67a         
          max. resid. fock norm         =  1.169D-02 for orbital    706a         

 ITERATION  ENERGY          1e-ENERGY        2e-ENERGY     RMS[dD(SAO)]   TOL
  20  -1083.0002983107    -5260.6784833     2271.1689817    0.127D-02 0.880D-12
                            current damping = 0.250
 
          Norm of current diis error: 0.73676E-05
          max. resid. norm for Fia-block=  4.075D-05 for orbital     67a         
          max. resid. fock norm         =  1.081D-02 for orbital    706a         
          mo-orthogonalization: Cholesky decomposition

 ITERATION  ENERGY          1e-ENERGY        2e-ENERGY     RMS[dD(SAO)]   TOL
  21  -1083.0002980808    -5260.6784902     2271.1689889    0.145D-02 0.836D-12
                            current damping = 0.300
 
          Norm of current diis error: 0.49150E-05
          max. resid. norm for Fia-block=  3.648D-05 for orbital     67a         
          max. resid. fock norm         =  9.309D-03 for orbital    706a         

 ITERATION  ENERGY          1e-ENERGY        2e-ENERGY     RMS[dD(SAO)]   TOL
  22  -1083.0002984491    -5260.6784814     2271.1689797    0.109D-02 0.439D-11
                            exK = -145.473371920     Coul =  2416.64235160    
                            current damping = 0.350
 
          Norm of current diis error: 0.43809E-05
          max. resid. norm for Fia-block=  2.464D-05 for orbital     67a         
          max. resid. fock norm         =  5.190D-03 for orbital    709a         

 ITERATION  ENERGY          1e-ENERGY        2e-ENERGY     RMS[dD(SAO)]   TOL
  23  -1083.0002984562    -5260.6784844     2271.1689827    0.151D-02 0.278D-11
                            current damping = 0.400
 
          Norm of current diis error: 0.32690E-05
          max. resid. norm for Fia-block=  2.019D-05 for orbital     67a         
          max. resid. fock norm         =  3.803D-03 for orbital    709a         

 ITERATION  ENERGY          1e-ENERGY        2e-ENERGY     RMS[dD(SAO)]   TOL
  24  -1083.0002984567    -5260.6784860     2271.1689842    0.958D-03 0.203D-11
                            current damping = 0.250
 
          Norm of current diis error: 0.26934E-05
          max. resid. norm for Fia-block=  1.428D-05 for orbital     67a         
          max. resid. fock norm         =  2.678D-03 for orbital    709a         

 ITERATION  ENERGY          1e-ENERGY        2e-ENERGY     RMS[dD(SAO)]   TOL
  25  -1083.0002984823    -5260.6784871     2271.1689853    0.735D-03 0.165D-11
                            current damping = 0.100
 
          Norm of current diis error: 0.20426E-05
          max. resid. norm for Fia-block=  1.479D-05 for orbital     67a         
          max. resid. fock norm         =  2.518D-03 for orbital    709a         
          mo-orthogonalization: Cholesky decomposition

 ITERATION  ENERGY          1e-ENERGY        2e-ENERGY     RMS[dD(SAO)]   TOL
  26  -1083.0002985101    -5260.6784882     2271.1689864    0.710D-03 0.134D-11
                            current damping = 0.100
 
          Norm of current diis error: 0.11121E-05
          max. resid. norm for Fia-block=  6.235D-06 for orbital     67a         
          max. resid. fock norm         =  8.462D-04 for orbital    706a         

 ITERATION  ENERGY          1e-ENERGY        2e-ENERGY     RMS[dD(SAO)]   TOL
  27  -1083.0002985656    -5260.6784874     2271.1689855    0.406D-03 0.122D-11
                            current damping = 0.150
 
          Norm of current diis error: 0.70722E-06
          max. resid. norm for Fia-block=  7.112D-06 for orbital     67a         
          max. resid. fock norm         =  1.578D-03 for orbital    706a         

 ITERATION  ENERGY          1e-ENERGY        2e-ENERGY     RMS[dD(SAO)]   TOL
  28  -1083.0002985560    -5260.6784886     2271.1689868    0.274D-03 0.116D-11
                            current damping = 0.200
 
          Norm of current diis error: 0.53905E-06
          max. resid. norm for Fia-block=  2.932D-06 for orbital     67a         
          max. resid. fock norm         =  5.606D-04 for orbital    706a         

 ITERATION  ENERGY          1e-ENERGY        2e-ENERGY     RMS[dD(SAO)]   TOL
  29  -1083.0002986014    -5260.6784882     2271.1689863    0.199D-03 0.113D-11
                            current damping = 0.250
 
          Norm of current diis error: 0.45778E-06
          max. resid. norm for Fia-block=  5.010D-06 for orbital     67a         
          max. resid. fock norm         =  9.036D-04 for orbital    709a         

 ITERATION  ENERGY          1e-ENERGY        2e-ENERGY     RMS[dD(SAO)]   TOL
  30  -1083.0002986316    -5260.6784885     2271.1689866    0.270D-03 0.111D-11
                            current damping = 0.300
 
          Norm of current diis error: 0.51406E-06
          max. resid. norm for Fia-block=  1.594D-06 for orbital     29a         
          max. resid. fock norm         =  2.343D-04 for orbital    706a         
          mo-orthogonalization: Cholesky decomposition

 ITERATION  ENERGY          1e-ENERGY        2e-ENERGY     RMS[dD(SAO)]   TOL
  31  -1083.0002986610    -5260.6784885     2271.1689866    0.629D-04 0.110D-11
                            current damping = 0.350
 
          Norm of current diis error: 0.57964E-06
          max. resid. norm for Fia-block=  1.028D-06 for orbital     67a         
          max. resid. fock norm         =  1.808D-04 for orbital    709a         

 ITERATION  ENERGY          1e-ENERGY        2e-ENERGY     RMS[dD(SAO)]   TOL
  32  -1083.0002986538    -5260.6784885     2271.1689866    0.463D-04 0.111D-11
                            current damping = 0.400
 
          Norm of current diis error: 0.57143E-06
          max. resid. norm for Fia-block=  2.585D-07 for orbital     67a         
          max. resid. fock norm         =  6.569D-05 for orbital    706a         

 ITERATION  ENERGY          1e-ENERGY        2e-ENERGY     RMS[dD(SAO)]   TOL
  33  -1083.0002985583    -5260.6784884     2271.1689866    0.753D-05 0.125D-11
                            current damping = 0.450
 
          Norm of current diis error: 0.61201E-06
          max. resid. norm for Fia-block=  9.686D-07 for orbital     73a         
          max. resid. fock norm         =  2.494D-04 for orbital    706a         

 ITERATION  ENERGY          1e-ENERGY        2e-ENERGY     RMS[dD(SAO)]   TOL
  34  -1083.0002984958    -5260.6784884     2271.1689866    0.726D-04 0.125D-11
                            current damping = 0.500
 
          Norm of current diis error: 0.97905E-06
          max. resid. norm for Fia-block=  4.883D-06 for orbital     67a         
          max. resid. fock norm         =  8.877D-04 for orbital    706a         

 ITERATION  ENERGY          1e-ENERGY        2e-ENERGY     RMS[dD(SAO)]   TOL
  35  -1083.0002986077    -5260.6784886     2271.1689867    0.171D-03 0.122D-11
                            current damping = 0.550
 
          Norm of current diis error: 0.88536E-06
          max. resid. norm for Fia-block=  2.452D-06 for orbital     67a         
          max. resid. fock norm         =  4.188D-04 for orbital    706a         
          mo-orthogonalization: Cholesky decomposition

 ITERATION  ENERGY          1e-ENERGY        2e-ENERGY     RMS[dD(SAO)]   TOL
  36  -1083.0002986059    -5260.6784887     2271.1689868    0.802D-04 0.119D-11
                            current damping = 0.400
 
          Norm of current diis error: 0.98201E-06
          max. resid. norm for Fia-block=  1.040D-06 for orbital     67a         
          max. resid. fock norm         =  2.092D-04 for orbital    706a         

 ITERATION  ENERGY          1e-ENERGY        2e-ENERGY     RMS[dD(SAO)]   TOL
  37  -1083.0002985469    -5260.6784887     2271.1689869    0.449D-04 0.125D-11
                            current damping = 0.250
 
          Norm of current diis error: 0.88110E-06
          max. resid. norm for Fia-block=  5.404D-06 for orbital     67a         
          max. resid. fock norm         =  1.167D-03 for orbital    706a         

 ITERATION  ENERGY          1e-ENERGY        2e-ENERGY     RMS[dD(SAO)]   TOL
  38  -1083.0002986520    -5260.6784880     2271.1689861    0.289D-03 0.122D-11
                            current damping = 0.300
 
          Norm of current diis error: 0.93320E-06
          max. resid. norm for Fia-block=  9.077D-06 for orbital     67a         
          max. resid. fock norm         =  1.973D-03 for orbital    706a         

 ITERATION  ENERGY          1e-ENERGY        2e-ENERGY     RMS[dD(SAO)]   TOL
  39  -1083.0002985527    -5260.6784888     2271.1689870    0.436D-03 0.119D-11
                            current damping = 0.350
 
          Norm of current diis error: 0.10223E-05
          max. resid. norm for Fia-block=  3.774D-06 for orbital     29a         
          max. resid. fock norm         =  8.287D-04 for orbital    709a         

 ITERATION  ENERGY          1e-ENERGY        2e-ENERGY     RMS[dD(SAO)]   TOL
  40  -1083.0002986337    -5260.6784890     2271.1689871    0.175D-03 0.116D-11
                            current damping = 0.200
 
          Norm of current diis error: 0.10072E-05
          max. resid. norm for Fia-block=  1.980D-06 for orbital     29a         
          max. resid. fock norm         =  5.381D-04 for orbital    709a         
          mo-orthogonalization: Cholesky decomposition

 ITERATION  ENERGY          1e-ENERGY        2e-ENERGY     RMS[dD(SAO)]   TOL
  41  -1083.0002986301    -5260.6784892     2271.1689873    0.119D-03 0.114D-11
                            current damping = 0.100
 
          Norm of current diis error: 0.10301E-05
          max. resid. norm for Fia-block=  1.157D-06 for orbital     29a         
          max. resid. fock norm         =  3.081D-04 for orbital    709a         

 ITERATION  ENERGY          1e-ENERGY        2e-ENERGY     RMS[dD(SAO)]   TOL
  42  -1083.0002985446    -5260.6784893     2271.1689875    0.743D-04 0.125D-11
                            current damping = 0.100
 
          Norm of current diis error: 0.87929E-06
          max. resid. norm for Fia-block=  2.404D-06 for orbital     67a         
          max. resid. fock norm         =  4.271D-04 for orbital    709a         

 ITERATION  ENERGY          1e-ENERGY        2e-ENERGY     RMS[dD(SAO)]   TOL
  43  -1083.0002984619    -5260.6784891     2271.1689874    0.167D-03 0.439D-11
                            exK = -145.473374466     Coul =  2416.64236182    
                            current damping = 0.150
 
          Norm of current diis error: 0.19546E-05
          max. resid. norm for Fia-block=  8.152D-06 for orbital     67a         
          max. resid. fock norm         =  1.499D-03 for orbital    706a         

 ITERATION  ENERGY          1e-ENERGY        2e-ENERGY     RMS[dD(SAO)]   TOL
  44  -1083.0002984609    -5260.6784884     2271.1689867    0.341D-03 0.278D-11
                            current damping = 0.100
 
          Norm of current diis error: 0.19531E-05
          max. resid. norm for Fia-block=  2.450D-06 for orbital     67a         
          max. resid. fock norm         =  5.340D-04 for orbital    706a         

 ITERATION  ENERGY          1e-ENERGY        2e-ENERGY     RMS[dD(SAO)]   TOL
  45  -1083.0002984373    -5260.6784888     2271.1689871    0.116D-03 0.229D-11
                            current damping = 0.150
 
          Norm of current diis error: 0.19718E-05
          max. resid. norm for Fia-block=  2.926D-06 for orbital     67a         
          max. resid. fock norm         =  5.414D-04 for orbital    706a         
          mo-orthogonalization: Cholesky decomposition

 ITERATION  ENERGY          1e-ENERGY        2e-ENERGY     RMS[dD(SAO)]   TOL
  46  -1083.0002984539    -5260.6784886     2271.1689868    0.109D-03 0.209D-11
                            current damping = 0.200
 
          Norm of current diis error: 0.20045E-05
          max. resid. norm for Fia-block=  4.679D-06 for orbital     66a         
          max. resid. fock norm         =  1.418D-03 for orbital    706a         

 ITERATION  ENERGY          1e-ENERGY        2e-ENERGY     RMS[dD(SAO)]   TOL
  47  -1083.0002984925    -5260.6784876     2271.1689858    0.274D-03 0.187D-11
                            current damping = 0.100
 
          Norm of current diis error: 0.21012E-05
          max. resid. norm for Fia-block=  2.455D-05 for orbital     67a         
          max. resid. fock norm         =  4.281D-03 for orbital    706a         

 ITERATION  ENERGY          1e-ENERGY        2e-ENERGY     RMS[dD(SAO)]   TOL
  48  -1083.0002984459    -5260.6784890     2271.1689873    0.118D-02 0.122D-11
                            current damping = 0.150
 
          Norm of current diis error: 0.22376E-05
          max. resid. norm for Fia-block=  8.421D-06 for orbital     67a         
          max. resid. fock norm         =  1.420D-03 for orbital    709a         

 ITERATION  ENERGY          1e-ENERGY        2e-ENERGY     RMS[dD(SAO)]   TOL
  49  -1083.0002984590    -5260.6784891     2271.1689874    0.426D-03 0.119D-11
                            current damping = 0.100
 
          Norm of current diis error: 0.20522E-05
          max. resid. norm for Fia-block=  4.402D-06 for orbital     67a         
          max. resid. fock norm         =  6.758D-04 for orbital    706a         

 ITERATION  ENERGY          1e-ENERGY        2e-ENERGY     RMS[dD(SAO)]   TOL
  50  -1083.0002984544    -5260.6784894     2271.1689877    0.240D-03 0.116D-11
                            current damping = 0.100
 
          Norm of current diis error: 0.18256E-05
          max. resid. norm for Fia-block=  3.980D-06 for orbital     67a         
          max. resid. fock norm         =  7.390D-04 for orbital    706a         
          mo-orthogonalization: Cholesky decomposition

 ITERATION  ENERGY          1e-ENERGY        2e-ENERGY     RMS[dD(SAO)]   TOL
  51  -1083.0002984492    -5260.6784898     2271.1689881    0.177D-03 0.125D-11
                            current damping = 0.100
 
          Norm of current diis error: 0.14831E-05
          max. resid. norm for Fia-block=  5.090D-06 for orbital     67a         
          max. resid. fock norm         =  1.098D-03 for orbital    706a         

 ITERATION  ENERGY          1e-ENERGY        2e-ENERGY     RMS[dD(SAO)]   TOL
  52  -1083.0002984711    -5260.6784900     2271.1689883    0.308D-03 0.137D-11
                            current damping = 0.100
 
          Norm of current diis error: 0.11081E-05
          max. resid. norm for Fia-block=  9.024D-06 for orbital     67a         
          max. resid. fock norm         =  1.806D-03 for orbital    706a         

 ITERATION  ENERGY          1e-ENERGY        2e-ENERGY     RMS[dD(SAO)]   TOL
  53  -1083.0002984343    -5260.6784906     2271.1689889    0.532D-03 0.122D-11
                            current damping = 0.100
 
          Norm of current diis error: 0.12310E-05
          max. resid. norm for Fia-block=  7.193D-06 for orbital     67a         
          max. resid. fock norm         =  1.623D-03 for orbital    706a         

 ITERATION  ENERGY          1e-ENERGY        2e-ENERGY     RMS[dD(SAO)]   TOL
  54  -1083.0002984835    -5260.6784895     2271.1689878    0.264D-03 0.132D-11
                            current damping = 0.150
 
          Norm of current diis error: 0.47416E-06
          max. resid. norm for Fia-block=  3.418D-06 for orbital     67a         
          max. resid. fock norm         =  7.564D-04 for orbital    706a         

 ITERATION  ENERGY          1e-ENERGY        2e-ENERGY     RMS[dD(SAO)]   TOL
  55  -1083.0002984478    -5260.6784903     2271.1689886    0.150D-03 0.131D-11
                            current damping = 0.200
 
          Norm of current diis error: 0.42780E-06
          max. resid. norm for Fia-block=  2.467D-06 for orbital     67a         
          max. resid. fock norm         =  5.801D-04 for orbital    706a         
          mo-orthogonalization: Cholesky decomposition

 ITERATION  ENERGY          1e-ENERGY        2e-ENERGY     RMS[dD(SAO)]   TOL
  56  -1083.0002984465    -5260.6784899     2271.1689882    0.905D-04 0.127D-11
                            current damping = 0.250
 
          Norm of current diis error: 0.46147E-06
          max. resid. norm for Fia-block=  9.698D-07 for orbital     67a         
          max. resid. fock norm         =  2.472D-04 for orbital    709a         

 ENERGY & DENSITY CONVERGED !


 ITERATION  ENERGY          1e-ENERGY        2e-ENERGY     RMS[dD(SAO)]   TOL
  57  -1083.0002984457    -5260.6784899     2271.1689882    0.496D-04 0.125D-11
                            current damping = 0.100
 
          Norm of current diis error: 0.48069E-06
          max. resid. norm for Fia-block=  2.992D-07 for orbital     29a         
          max. resid. fock norm         =  6.561D-05 for orbital    709a         

 End of SCF iterations

   convergence criteria satisfied after    57 iterations


   *************************************************************************
   mp2                                                                      
   *************************************************************************


                  ------------------------------------------ 
                 |  total energy      =  -1083.00029844570  |
                  ------------------------------------------ 
                 :  kinetic energy    =   1081.52792263424  :
                 :  potential energy  =  -2164.52822107993  :
                 :  virial theorem    =      1.99864046592  :
                 :  wavefunction norm =      1.00000000000  :
                  .......................................... 


 <geterg> : there is no data group $energy 


 <skperg> : $end is missing 


 orbitals $scfmo  will be written to file mos

    irrep                 82a         83a         84a         85a         86a   
 eigenvalues H         -0.38997    -0.35906    -0.33469    -0.31306    -0.25938
            eV         -10.6116     -9.7705     -9.1074     -8.5190     -7.0581
 occupation              2.0000      2.0000      2.0000      2.0000      2.0000

    irrep                 87a         88a         89a         90a         91a   
 eigenvalues H          0.00850     0.02437     0.02971     0.03278     0.03973
            eV           0.2312      0.6630      0.8085      0.8919      1.0812
 
 
 
 
 ==============================================================================
                           electrostatic moments
 ==============================================================================

 reference point for electrostatic moments:    0.00000   0.00000   0.00000

 
              nuc           elec       ->  total
 ------------------------------------------------------------------------------
                          charge      
 ------------------------------------------------------------------------------
         172.000000    -172.000000       0.000000
 
 ------------------------------------------------------------------------------
                       dipole moment  
 ------------------------------------------------------------------------------
   x   -2001.437553    2003.554548       2.116996
   y     188.661345    -191.906984      -3.245639
   z     -20.779152      21.353066       0.573915
 
   | dipole moment | =     3.9173 a.u. =     9.9568 debye 
 
 ------------------------------------------------------------------------------
                     quadrupole moment
 ------------------------------------------------------------------------------
  xx   27051.047456  -27217.955365    -166.907909
  yy    9259.385530   -9374.165739    -114.780208
  zz     106.782745    -220.483348    -113.700603
  xy   -6505.288375    6566.663635      61.375260
  xz     715.725684    -721.406539      -5.680855
  yz    -806.277987     802.901270      -3.376717
 
     1/3  trace=    -131.796240
     anisotropy=     119.191152
 
 ==============================================================================
 
HOMO-LUMO Separation
 HOMO         :   -0.25937928 H =     -7.05807 eV
 LUMO         :    0.00849580 H =     +0.23118 eV
 HOMO-LUMO gap:    0.26787507 H =     +7.28926 eV
 
 ==============================================================================


    ------------------------------------------------------------------------
         total  cpu-time :  5 hours 39 minutes and 49 seconds
         total wall-time :  5 hours 41 minutes and 51 seconds
    ------------------------------------------------------------------------

   ****  ridft : all done  ****


    2025-06-27 13:10:39.789 

 ridft ended normally
