
 eiger (nano14.int-nano.int.kit.edu) : TURBOMOLE rev. V7-6 19 Oct 2021 at 10:10:11 compiled Oct 19th 2021
 Copyright (C) 2021 TURBOMOLE GmbH, Karlsruhe


    2025-03-25 03:20:22.012 

 opt                                                                            
  
Total energy =  -2138.5942325050 H =    -58194.1132008 eV
 
 HOMO-LUMO Separation
   HOMO:   171.   171 a     -0.19347550 H =     -5.26474 eV
   LUMO:   172.   172 a     -0.12278692 H =     -3.34120 eV
   Gap :                    +0.07068858 H =     +1.92353 eV
 
Number of MOs=    867, Electrons=    342.00, Symmetry: c1   
 
   Nr.   Orbital    Occupation       Energy
  188.   188 a                     +0.055968 H =        +1.523 eV
  187.   187 a                     +0.053318 H =        +1.451 eV
  186.   186 a                     +0.052765 H =        +1.436 eV
  185.   185 a                     +0.052156 H =        +1.419 eV
  184.   184 a                     +0.043950 H =        +1.196 eV
  183.   183 a                     +0.036460 H =        +0.992 eV
  182.   182 a                     +0.031360 H =        +0.853 eV
  181.   181 a                     +0.024744 H =        +0.673 eV
  180.   180 a                     +0.022071 H =        +0.601 eV
  179.   179 a                     +0.007277 H =        +0.198 eV
  178.   178 a                     -0.011686 H =        -0.318 eV
  177.   177 a                     -0.023443 H =        -0.638 eV
  176.   176 a                     -0.027027 H =        -0.735 eV
  175.   175 a                     -0.030146 H =        -0.820 eV
  174.   174 a                     -0.041601 H =        -1.132 eV
  173.   173 a                     -0.067091 H =        -1.826 eV
  172.   172 a                     -0.122787 H =        -3.341 eV
  171.   171 a        2.000        -0.193476 H =        -5.265 eV
  170.   170 a        2.000        -0.222202 H =        -6.046 eV
  169.   169 a        2.000        -0.246697 H =        -6.713 eV
  168.   168 a        2.000        -0.271602 H =        -7.391 eV
  167.   167 a        2.000        -0.273046 H =        -7.430 eV
  166.   166 a        2.000        -0.274523 H =        -7.470 eV
  165.   165 a        2.000        -0.276435 H =        -7.522 eV
  164.   164 a        2.000        -0.300647 H =        -8.181 eV
  163.   163 a        2.000        -0.314416 H =        -8.556 eV
  162.   162 a        2.000        -0.318727 H =        -8.673 eV
  161.   161 a        2.000        -0.324007 H =        -8.817 eV
  160.   160 a        2.000        -0.326576 H =        -8.887 eV
  159.   159 a        2.000        -0.331830 H =        -9.030 eV
  158.   158 a        2.000        -0.334585 H =        -9.105 eV
  157.   157 a        2.000        -0.335823 H =        -9.138 eV
  156.   156 a        2.000        -0.342606 H =        -9.323 eV


    ------------------------------------------------------------------------
         total  cpu-time :   0.37 seconds
         total wall-time :   0.38 seconds
    ------------------------------------------------------------------------

   ****  eiger : all done  ****


    2025-03-25 03:20:22.373 

