
 ridft (nano14.int-nano.int.kit.edu) : TURBOMOLE rev. V7-6 19 Oct 2021 at 10:10:11 compiled Oct 19th 2021
 Copyright (C) 2021 TURBOMOLE GmbH, Karlsruhe


    2025-03-21 14:19:51.867 



                                  r i d f t

                        DFT program with RI approximation 
                                for coulomb part 




                                                 
                                 References:     
                                                 
          TURBOMOLE:                             
              R. Ahlrichs, M. Baer, M. Haeser, H. Horn, and
              C. Koelmel
              Electronic structure calculations on workstation
              computers: the program system TURBOMOLE
              Chem. Phys. Lett. 162: 165 (1989)
          Density Functional:                              
              O. Treutler and R. Ahlrichs                      
              Efficient Molecular Numerical Integration Schemes
              J. Chem. Phys. 102: 346 (1995)                   
          Parallel Version:                                
              Performance of parallel TURBOMOLE for Density    
              Functional Calculations                          
              M. v. Arnim and R. Ahlrichs                      
              J. Comp. Chem. 19: 1746 (1998)                   
          RI-J Method:                                     
              Auxiliary Basis Sets to approximate Coulomb      
              Potentials                                       
              Chem. Phys. Lett. 240: 283 (1995)                
              K. Eichkorn, O. Treutler, H. Oehm, M. Haeser     
              and R. Ahlrichs                                  
              Chem. Phys. Lett. 242: 652 (1995)                
                                                           
              Auxiliary Basis Sets for Main Row Atoms and their
              Use to approximate Coulomb Potentials            
              K. Eichkorn, F. Weigend, O. Treutler and         
              R. Ahlrichs                                      
              Theo. Chem. Acc. 97: 119 (1997)                   
                                                           
              Accurate Coulomb-fitting basis sets for H to Rn 
              F. Weigend                                        
              Phys. Chem. Chem. Phys. 8: 1057 (2006)            
                                                           
          Multipole accelerated RI-J (MARI-J):             
              Fast evaluation of the Coulomb potential for     
              electron densities using multipole accelerated   
              resolution of identity approximation             
              M. Sierka, A. Hogekamp and R. Ahlrichs           
              J. Chem. Phys. 118: 9136 (2003)                  
          RI-JK Method:                                     
              A fully direct RI-HF algorithm: Implementation,
              optimised auxiliary basis sets, demonstration of
              accuracy and efficiency                         
              F. Weigend                                      
              Phys. Chem. Chem. Phys. 4: 4285 (2002)           
          Two-component HF and DFT with spin-orbit coupling:  
              Self-consistent treatment of spin-orbit         
              interactions with efficient Hartree-Fock and    
              density functional methods                      
              M. K. Armbruster, F. Weigend, C. van Wüllen and 
              W. Klopper                                      
              Phys. Chem. Chem. Phys. 10: 1748 (2008)         
          Two-component difference density and DIIS algorithm 
              Efficient two-component self-consistent field   
              procedures and gradients: implementation in     
              TURBOMOLE and application to Au20-              
              A. Baldes, F. Weigend                           
              Mol. Phys. 111: 2617 (2013)                     
          Relativistic all-electron 2c calculations           
              An efficient implementation of two-component    
              relativistic exact-decoupling methods for large 
              molecules                                       
              D. Peng, N. Middendorf, F. Weigend, M. Reiher   
              J. Chem. Phys. 138: 184105 (2013)               
          Finite nucleus model and SNSO approximation         
              Efficient implementation of one- and two-       
              component analytical energy gradients in exact  
              two-component theory                            
              Y. J. Franzke, N. Middendorf, F. Weigend        
              J. Chem. Phys. 148: 104110 (2018)               
          Grids for all-electron relativistic methods         
              Error-consistent segmented contracted all-      
              electron relativistic basis sets of double-     
              and triple-zeta quality for NMR shielding       
              constants                                       
              Y. J. Franzke, R. Tress, T. M. Pazdera,         
              F. Weigend                                      
              Phys. Chem. Chem. Phys. 21: 166658 (2019)       
          Seminumerical exchange algorithms                   
              Seminumerical calculation of the Hartree-Fock   
              exchange matirx: Application to two-component   
              procedures and efficient evaluation of local    
              hybrid functionsl                               
               P. Plessow, F. Weigend,                        
              J. Comput. Chem. 33: 810 (2012)                 
          Improved seminumerical algorithms                   
              C. Holzer,                                      
              J. Chem. Phys. 153 (2020), 184115               
                                         




              +--------------------------------------------------+
              |      general information about current run       |
              +--------------------------------------------------+

 
 Becke-3-Parameter hybrid functional: B3-LYP
 exchange:    0.8*LDA + 0.72*B88 + 0.2*HF
 correlation: 0.19*LDA(VWN) + 0.81*LYP
 A Hybrid-DFT calculation using the RI-J approximation will be carried out.
 Allocatable memory for RI due to $ricore (MB):                  2000

   *************************************************************************
   opt                                                                      
   *************************************************************************




              +--------------------------------------------------+
              | Atomic coordinate, charge and isotop information |
              +--------------------------------------------------+

                    atomic coordinates            atom    charge  isotop
         -0.73054922    9.88039525   -6.07624428    c      6.000     0
          0.58279154    5.20139557   -9.17293848    c      6.000     0
         -0.04607152    8.10718964   -3.88034473    c      6.000     0
          0.01540127    3.88482338   -6.64714944    c      6.000     0
          0.06487430    3.95387397   -2.14565173    c      6.000     0
         -0.05506662    1.40062721   -2.11620980    c      6.000     0
          0.24693051    4.94752976    0.20310776    c      6.000     0
          0.00000000    0.00000000    0.00000000    c      6.000     0
          0.30496400    3.57356659    2.33861167    c      6.000     0
          0.18215070    1.03759192    2.31332713    c      6.000     0
          0.23391030   -0.47035283    4.37286405    c      6.000     0
          0.38336874    0.23205837    6.81450358    c      6.000     0
          0.44246047   -1.32309175    8.84284112    c      6.000     0
          0.45449803   -0.29234063   11.17672847    c      6.000     0
          0.44975482   -4.17446170    8.57943219    c      6.000     0
          1.25613875   -8.37577641   10.67929586    c      6.000     0
          0.41651454   -1.60936636   13.36006134    c      6.000     0
          1.67981535   -5.49579600   10.85653328    c      6.000     0
          0.31008516   -0.32669585   15.56663785    c      6.000     0
          0.43905897   -4.47116760   13.27475911    c      6.000     0
          4.55354076   -4.98541877   10.89740805    c      6.000     0
          0.14851358   -1.35996030   17.88410348    c      6.000     0
          0.00000000    0.00000000   20.02527656    c      6.000     0
         -0.19638034   -0.97198063   22.36823460    c      6.000     0
         -0.16385815   -3.74672219   23.09538232    c      6.000     0
         -0.49864203    0.40283292   24.48342395    c      6.000     0
         -0.80009114   -1.22849206   26.41364691    c      6.000     0
         -1.22399451   -0.71885182   28.87533644    c      6.000     0
         -1.03522977   12.63489784   -5.19782399    c      6.000     0
          0.85589476    3.30008542  -11.35526980    c      6.000     0
          0.01220763    5.28994814   -4.18547880    n      7.000     0
          2.42627606   -4.85960080   23.00441090    c      6.000     0
         -0.59458343    2.88655666   24.51594614    c      6.000     0
         -2.33233778   -5.20833086   21.88894337    c      6.000     0
         -0.70753236   -3.45761299   25.72881016    o      8.000     0
         -1.39004474    1.57382061   29.83958809    c      6.000     0
         -1.50337162   -2.59761753   30.49968832    c      6.000     0
          3.32841242   -5.05703939   20.72475869    f      9.000     0
          4.01383498   -3.44285423   24.25270729    f      9.000     0
          2.51499870   -7.09728220   24.03370693    f      9.000     0
         -0.68651860    5.07453825   24.51997125    n      7.000     0
         -1.99333981   -7.32735636   20.52049819    c      6.000     0
         -3.94756229   -8.55303272   19.46531292    c      6.000     0
         -6.30788691   -7.68368311   19.76679983    c      6.000     0
         -6.68987615   -5.58317694   21.13042620    c      6.000     0
         -4.72023350   -4.37199477   22.17168419    c      6.000     0
         -1.54148739    3.57982158   30.70814401    n      7.000     0
         -1.76630811   -4.21853011   31.95141373    n      7.000     0
          0.78761895    9.87487725   -7.53533961    h      1.000     0
         -2.55228300    9.26683897   -6.94589624    h      1.000     0
         -0.98454731    6.50551446   -9.69871698    h      1.000     0
          2.38668630    6.28515350   -9.02177929    h      1.000     0
         -1.55080374    8.58234237   -2.47399165    h      1.000     0
          1.83441384    8.74087150   -3.15722213    h      1.000     0
          1.55673748    2.44027893   -6.57426270    h      1.000     0
         -1.85298985    2.92616531   -6.87255597    h      1.000     0
         -0.24766751    0.25928932   -3.84559266    h      1.000     0
          0.40502500    6.99438661    0.54582849    h      1.000     0
         -0.12305897   -2.07369096   -0.21599570    h      1.000     0
          0.47594642    4.63343838    4.12226747    h      1.000     0
          0.12181175   -2.51426171    3.98996774    h      1.000     0
          0.43314413    2.27398303    7.21268778    h      1.000     0
          0.43320082    1.79070448   11.31498084    h      1.000     0
         -1.55324149   -4.79580365    8.36708367    h      1.000     0
          1.51327378   -4.81180963    6.88041723    h      1.000     0
          2.10772493   -9.37642419   12.32299854    h      1.000     0
          2.12019712   -9.16993381    8.93275429    h      1.000     0
         -0.79202201   -8.85608810   10.64354225    h      1.000     0
          0.31813539    1.76016650   15.49212595    h      1.000     0
         -1.56078150   -5.12423805   13.40862731    h      1.000     0
          1.50212440   -5.30714464   14.88603409    h      1.000     0
          4.99862796   -2.93523600   11.02830938    h      1.000     0
          5.47436651   -5.92708820   12.53837063    h      1.000     0
          5.48462772   -5.71428614    9.15704588    h      1.000     0
          0.09229422   -3.42263416   18.04954900    h      1.000     0
         -0.00946753    2.07665783   19.83186310    h      1.000     0
         -1.48679872   13.89880337   -6.82121211    h      1.000     0
         -2.59306329   12.83273327   -3.79591176    h      1.000     0
          0.73304366   13.35002690   -4.30636458    h      1.000     0
          1.22252052    4.29075545  -13.17757049    h      1.000     0
          2.45654948    1.97211818  -11.02974557    h      1.000     0
         -0.89599474    2.15668773  -11.59303514    h      1.000     0
         -0.09405167   -8.11312338   20.20718160    h      1.000     0
         -3.61497049  -10.27748340   18.34211640    h      1.000     0
         -7.91732885   -8.68446317   18.90104070    h      1.000     0
         -8.62374627   -4.85018997   21.38988559    h      1.000     0
         -5.10012515   -2.64595673   23.27490630    h      1.000     0
 
       center of nuclear mass  :   -0.17040550   -0.72417159   13.40871544
       center of nuclear charge:   -0.18306352   -0.63728433   12.87562243

              +--------------------------------------------------+
              |               basis set information              |
              +--------------------------------------------------+

              we will work with the 1s 3p 5d 7f 9g ... basis set
              ...i.e. with spherical basis functions...

   type   atoms  prim   cont   basis
   ---------------------------------------------------------------------------
    c       40     24     14   def2-SVP   [3s2p1d|7s4p1d]
    n        4     24     14   def2-SVP   [3s2p1d|7s4p1d]
    o        1     24     14   def2-SVP   [3s2p1d|7s4p1d]
    f        3     24     14   def2-SVP   [3s2p1d|7s4p1d]
    h       39      7      5   def2-SVP   [2s1p|4s1p]
   ---------------------------------------------------------------------------
   total:   87   1425    867
   ---------------------------------------------------------------------------

   total number of primitive shells          :   53
   total number of contracted shells         :  405
   total number of cartesian basis functions :  915
   total number of SCF-basis functions       :  867


 integral neglect threshold       :  0.36E-11
 integral storage threshold THIZE :  0.10E-04
 integral storage threshold THIME :         5

 RI-J AUXILIARY BASIS SET information:

              we will work with the 1s 3p 5d 7f 9g ... basis set
              ...i.e. with spherical basis functions...

   type   atoms  prim   cont   basis
   ---------------------------------------------------------------------------
    c       40     70     49   def2-SVP   [6s4p3d1f1g|12s5p4d2f1g]
    n        4     70     49   def2-SVP   [6s4p3d1f1g|12s5p4d2f1g]
    o        1     70     49   def2-SVP   [6s4p3d1f1g|12s5p4d2f1g]
    f        3     70     49   def2-SVP   [6s4p3d1f1g|12s5p4d2f1g]
    h       39     16     11   def2-SVP   [3s1p1d|5s2p1d]
   ---------------------------------------------------------------------------
   total:   87   3984   2781
   ---------------------------------------------------------------------------

   total number of primitive shells          :  104
   total number of contracted shells         :  915
   total number of cartesian basis functions : 3396
   total number of SCF-basis functions       : 2781


 symmetry group of the molecule :   c1 

 the group has the following generators :
   c1(z)

    1 symmetry operations found

 there are 1 real representations :   a   

 maximum number of shells which are related by symmetry :  1

  
           ------------------
           density functional
           ------------------
 Becke-3-Parameter hybrid functional: B3-LYP
 exchange:    0.8*LDA + 0.72*B88 + 0.2*HF
 correlation: 0.19*LDA(VWN) + 0.81*LYP

 iterations will be done with small grid
  
 spherical integration : Lebedev's spherical grid
 spherical gridsize    :                     3
    i.e. gridpoints    :                   302
 value for diffuse not defined
 radial integration    : Chebyshev 2nd kind (scaling 3)
 radial gridsize       :                     3
 integration cells     :                    87
 partition function    : becke
 partition sharpness   :                     3
  

 biggest AO integral is expected to be     5.400209019

          ------------------------
          nuclear repulsion energy  :   5503.08120373    
          ------------------------


         -----------------
         -S,T+V- integrals
         -----------------

 1e-integrals will be neglected if expon. factor < 0.365242E-12
 
   Difference densities algorithm switched on.
   The maximal number of linear combinations of
   difference densities is                    20 .

 DIIS switched on: error vector is FDS-SDF
 Max. Iterations for DIIS is     :   4
 DIIS matrix (see manual) 
    Scaling factor of diagonals  :  1.200
    threshold for scaling factor :  0.000

 scf convergence criterion : increment of total energy < .1000000D-06
                  and increment of one-electron energy < .1000000D-03

 MOs are in ASCII format !


    mo occupation :
   irrep   mo's   occupied
    a      867      171
 
 number of basis functions   :   867
 number of occupied orbitals :   171
 

 reading orbital data $scfmo  from file mos
 orbital characterization : expanded
 virtual MOs provided and orthogonalized by Cholesky decomposition

 automatic virtual orbital shift switched on 
      shift if e(lumo)-e(homo) < 0.10000000    

  
           ------------------------
               RI-J - INFORMATION
           ------------------------
 Contributions to RI integral batches: 
  neglected integral batches:                 50508
  direct contribution:                        13536
  memory contribution:                 18171
 Memory core needed for (P|Q) and Cholesky     60 MByte
 Memory core minimum needed except of (P|Q)     2 MByte
 Total minimum memory core needed (sum)        61 MByte
  
 ****************************************
 Memory allocated for RI-J  1573 MByte
 ****************************************
                                            

 DSCF restart information will be dumped onto file mos


 Starting SCF iterations

          Overall gridpoints after grid construction =        114155

 ITERATION  ENERGY          1e-ENERGY        2e-ENERGY     NORM[dD(SAO)]  TOL
   1  -2129.9202017730    -13763.477083     6130.4756777    0.000D+00 0.364D-11
                            Exc = -236.678770323     Coul =  6423.30144100    
                            exK = -56.1469929772    
                              N = 341.99584316    
                            current damping = 0.300
 
          max. resid. norm for Fia-block=  3.938D-01 for orbital    109a         
          max. resid. fock norm         =  1.120D+00 for orbital    588a         

 ITERATION  ENERGY          1e-ENERGY        2e-ENERGY     NORM[dD(SAO)]  TOL
   2  -2136.9813477250    -13866.223527     6226.1609755    0.843D+01 0.231D-11
                            Exc = -240.263738968      Eck =  6466.42471446    
                              N = 341.99649189    
                            current damping = 0.250
 
          Norm of current diis error:  3.5605    
          max. resid. norm for Fia-block=  2.558D-01 for orbital     84a         
          max. resid. fock norm         =  5.120D-01 for orbital    856a         

 ITERATION  ENERGY          1e-ENERGY        2e-ENERGY     NORM[dD(SAO)]  TOL
   3  -2137.5128674671    -13850.578398     6209.9843264    0.316D+01 0.205D-11
                            Exc = -241.915968497      Eck =  6451.90029487    
                              N = 341.99654220    
                            current damping = 0.200
 
          Norm of current diis error:  2.6944    
          max. resid. norm for Fia-block=  1.302D-01 for orbital    168a         
          max. resid. fock norm         =  1.596D-01 for orbital    168a         

 ITERATION  ENERGY          1e-ENERGY        2e-ENERGY     NORM[dD(SAO)]  TOL
   4  -2138.2515308824    -13855.974348     6214.6416130    0.189D+01 0.196D-11
                            Exc = -241.051605774      Eck =  6455.69321881    
                              N = 341.99631140    
                            current damping = 0.250
 
          Norm of current diis error:  1.2044    
          max. resid. norm for Fia-block=  3.884D-02 for orbital     85a         
          max. resid. fock norm         =  4.828D-02 for orbital    841a         
          irrep a   : virtual orbitals shifted by    0.01739

 ITERATION  ENERGY          1e-ENERGY        2e-ENERGY     NORM[dD(SAO)]  TOL
   5  -2138.4009587929    -13857.206586     6215.7244233    0.688D+00 0.181D-11
                            Exc = -241.154877729      Eck =  6456.87930106    
                              N = 341.99640133    
                            current damping = 0.150
 
          Norm of current diis error: 0.30585    
          max. resid. norm for Fia-block=  1.391D-02 for orbital     51a         
          max. resid. fock norm         =  2.388D-02 for orbital    786a         
          irrep a   : virtual orbitals shifted by    0.01737
          mo-orthogonalization: Cholesky decomposition

 ITERATION  ENERGY          1e-ENERGY        2e-ENERGY     NORM[dD(SAO)]  TOL
   6  -2138.4076090750    -13858.763084     6217.2742714    0.259D+00 0.177D-11
                            Exc = -241.377054538      Eck =  6458.65132594    
                              N = 341.99641032    
                            current damping = 0.100
 
          Norm of current diis error: 0.19181    
          max. resid. norm for Fia-block=  7.203D-03 for orbital    171a         
          max. resid. fock norm         =  1.468D-02 for orbital     59a         
          irrep a   : virtual orbitals shifted by    0.02579

 ITERATION  ENERGY          1e-ENERGY        2e-ENERGY     NORM[dD(SAO)]  TOL
   7  -2138.4118658482    -13857.627068     6216.1339984    0.112D+00 0.173D-11
                            Exc = -241.306330201      Eck =  6457.44032856    
                              N = 341.99640059    
                            current damping = 0.150
 
          Norm of current diis error: 0.87564E-01
          max. resid. norm for Fia-block=  2.944D-03 for orbital     86a         
          max. resid. fock norm         =  5.754D-03 for orbital    851a         
          irrep a   : virtual orbitals shifted by    0.02229

 ITERATION  ENERGY          1e-ENERGY        2e-ENERGY     NORM[dD(SAO)]  TOL
   8  -2138.4127474965    -13857.724483     6216.2305317    0.367D-01 0.170D-11
                            Exc = -241.289659164      Eck =  6457.52019085    
                              N = 341.99639242    
                            current damping = 0.200
 
          Norm of current diis error: 0.26123E-01
          max. resid. norm for Fia-block=  9.623D-04 for orbital    162a         
          max. resid. fock norm         =  1.655D-03 for orbital     66a         
          irrep a   : virtual orbitals shifted by    0.01882

 ITERATION  ENERGY          1e-ENERGY        2e-ENERGY     NORM[dD(SAO)]  TOL
   9  -2138.4127976430    -13857.813104     6216.3191031    0.159D-01 0.168D-11
                            Exc = -241.298480477      Eck =  6457.61758360    
                              N = 341.99639800    
                            current damping = 0.100
 
          Norm of current diis error: 0.15859E-01
          max. resid. norm for Fia-block=  5.824D-04 for orbital    161a         
          max. resid. fock norm         =  7.748D-04 for orbital     66a         
          irrep a   : virtual orbitals shifted by    0.02564

 ITERATION  ENERGY          1e-ENERGY        2e-ENERGY     NORM[dD(SAO)]  TOL
  10  -2138.4128223001    -13857.827400     6216.3333737    0.542D-02 0.165D-11
                            Exc = -241.300228075      Eck =  6457.63360177    
                              N = 341.99639672    
                            current damping = 0.100
 
          Norm of current diis error: 0.62841E-02
          max. resid. norm for Fia-block=  3.070D-04 for orbital    161a         
          max. resid. fock norm         =  3.469D-04 for orbital    195a         
          irrep a   : virtual orbitals shifted by    0.02562
          mo-orthogonalization: Cholesky decomposition

 ITERATION  ENERGY          1e-ENERGY        2e-ENERGY     NORM[dD(SAO)]  TOL
  11  -2138.4128254466    -13857.806375     6216.3123463    0.255D-02 0.163D-11
                            Exc = -241.298265864      Eck =  6457.61061215    
                              N = 341.99639581    
                            current damping = 0.150
 
          Norm of current diis error: 0.35538E-02
          max. resid. norm for Fia-block=  1.405D-04 for orbital    161a         
          max. resid. fock norm         =  1.618D-04 for orbital    195a         
          irrep a   : virtual orbitals shifted by    0.02225

 ITERATION  ENERGY          1e-ENERGY        2e-ENERGY     NORM[dD(SAO)]  TOL
  12  -2138.4128267497    -13857.796191     6216.3021610    0.747D-03 0.161D-11
                            Exc = -241.298057180      Eck =  6457.60021819    
                              N = 341.99639618    
                            current damping = 0.100
 
          Norm of current diis error: 0.12712E-02
          max. resid. norm for Fia-block=  4.961D-05 for orbital    171a         
          max. resid. fock norm         =  8.695D-05 for orbital     72a         
          irrep a   : virtual orbitals shifted by    0.02562

 ITERATION  ENERGY          1e-ENERGY        2e-ENERGY     NORM[dD(SAO)]  TOL
  13  -2138.4128268519    -13857.810457     6216.3164260    0.341D-03 0.160D-11
                            Exc = -241.298357761      Eck =  6457.61478377    
                              N = 341.99639617    
                            current damping = 0.150
 
          Norm of current diis error: 0.91940E-03
          max. resid. norm for Fia-block=  3.550D-05 for orbital    152a         
          max. resid. fock norm         =  5.343D-05 for orbital     55a         
          irrep a   : virtual orbitals shifted by    0.02224

 ITERATION  ENERGY          1e-ENERGY        2e-ENERGY     NORM[dD(SAO)]  TOL
  14  -2138.4128269429    -13857.805257     6216.3112264    0.124D-03 0.158D-11
                            Exc = -241.298497959      Eck =  6457.60972437    
                              N = 341.99639617    
                            current damping = 0.200
 
          Norm of current diis error: 0.31105E-03
          max. resid. norm for Fia-block=  1.646D-05 for orbital    152a         
          max. resid. fock norm         =  2.000D-05 for orbital    152a         
          irrep a   : virtual orbitals shifted by    0.01886

 ENERGY CONVERGED !

          Overall gridpoints after grid construction =        417883

 ITERATION  ENERGY          1e-ENERGY        2e-ENERGY     NORM[dD(SAO)]  TOL
  15  -2138.4138691652    -13857.805563     6216.3104904    0.629D-04 0.156D-11
                            Exc = -241.299424221      Eck =  6457.60991466    
                              N = 342.00030423    
                            current damping = 0.250
 
          Norm of current diis error: 0.13247E-03
          max. resid. norm for Fia-block=  6.373D-06 for orbital    152a         
          max. resid. fock norm         =  7.807D-06 for orbital    152a         

 End of SCF iterations

   convergence criteria satisfied after    15 iterations


   *************************************************************************
   opt                                                                      
   *************************************************************************


                  ------------------------------------------ 
                 |  total energy      =  -2138.41386916517  |
                  ------------------------------------------ 
                 :  kinetic energy    =   2122.37108610657  :
                 :  potential energy  =  -4260.78495527174  :
                 :  virial theorem    =      1.99249781191  :
                 :  wavefunction norm =      1.00000000000  :
                  .......................................... 


 <geterg> : there is no data group $energy 


 <skperg> : $end is missing 


 orbitals $scfmo  will be written to file mos

    irrep                167a        168a        169a        170a        171a   
 eigenvalues H         -0.27881    -0.27426    -0.24232    -0.21852    -0.18645
            eV          -7.5869     -7.4631     -6.5940     -5.9464     -5.0736
 occupation              2.0000      2.0000      2.0000      2.0000      2.0000

    irrep                172a        173a        174a        175a        176a   
 eigenvalues H         -0.11883    -0.05671    -0.03099    -0.01877    -0.01671
            eV          -3.2336     -1.5432     -0.8432     -0.5107     -0.4547
 
 
 
 
 ==============================================================================
                           electrostatic moments
 ==============================================================================

 reference point for electrostatic moments:    0.00000   0.00000   0.00000

 
              nuc           elec       ->  total
 ------------------------------------------------------------------------------
                          charge      
 ------------------------------------------------------------------------------
         342.000000    -342.000000      -0.000000
 
 ------------------------------------------------------------------------------
                       dipole moment  
 ------------------------------------------------------------------------------
   x     -62.607723      62.569413      -0.038310
   y    -217.951241     217.396596      -0.554645
   z    4403.462870   -4414.840341     -11.377471
 
   | dipole moment | =    11.3910 a.u. =    28.9532 debye 
 
 ------------------------------------------------------------------------------
                     quadrupole moment
 ------------------------------------------------------------------------------
  xx    1715.775556   -1921.660230    -205.884675
  yy    8819.687834   -9021.265299    -201.577465
  zz  109685.942079 -110246.896098    -560.954019
  xy     174.328457    -170.070196       4.258261
  xz   -2557.483567    2563.730424       6.246857
  yz  -15277.625005   15234.771853     -42.853152
 
     1/3  trace=    -322.805386
     anisotropy=     365.106554
 
 ==============================================================================
 
HOMO-LUMO Separation
 HOMO         :   -0.18645103 H =     -5.07359 eV
 LUMO         :   -0.11883137 H =     -3.23357 eV
 HOMO-LUMO gap:    0.06761965 H =     +1.84003 eV
 
 ==============================================================================


    ------------------------------------------------------------------------
         total  cpu-time : 16 minutes and  7 seconds
         total wall-time : 16 minutes and  9 seconds
    ------------------------------------------------------------------------

   ****  ridft : all done  ****


    2025-03-21 14:36:00.836 

