
 riper (nano14.int-nano.int.kit.edu) : TURBOMOLE rev. V7-6 19 Oct 2021 at 10:10:11 compiled Oct 19th 2021
 Copyright (C) 2021 TURBOMOLE GmbH, Karlsruhe


    2025-04-09 19:27:16.673 

 Number of MKL threads:      1

   *************************************************************************
   wb97xd                                                                   
   *************************************************************************


    
    *************************************************************************
    *************************************************************************
    ***            _            _                   _     _               ***
    ***           | |_ _  _ _ _| |__  ___ _ __  ___| |___( )___           ***
    ***           |  _| || | '_| '_ \/ _ \ '  \/ _ \ / -_)/(_-<           ***
    ***            \__|\_,_|_| |_.__/\___/_|_|_\___/_\___| /__/           ***
    ***                      ___   ___                                    ***
    ***             //   ) )    / /    //   ) ) //   / /  //   ) )        ***
    ***            //___/ /    / /    //___/ / //____    //___/ /         ***
    ***           / ___ (     / /    / ____ / / ____    / ___ (           ***
    ***          //   | |    / /    //       //        //   | |           ***
    ***         //    | | __/ /___ //       //____/ / //    | |           ***
    ***                                                                   ***
    *************************************************************************
    *************************************************************************
    *************************** PROGRAM RIPER *******************************
    ****** Density Functional Theory with periodic boundary conditions ******
    ******                                                             ******
    ****** Developed by the groups in Jena   (M. Sierka)               ******
    ******                        and Munich (A. Burow)                ******
    *************************************************************************
    
    
                               References:                                  
    
    (1) General implementation:                                             
        R. Lazarski, A. M. Burow, M. Sierka                                 
        Density Functional Theory for Molecular and Periodic Systems Using  
        Density Fitting and Continuous Fast Multipole Methods               
        J. Chem. Theory Comput. 2015, 11, 3029-3041                         
        R. Lazarski, A. M. Burow, L. Grajciar, M. Sierka                    
        Density Functional Theory for Molecular and Periodic Systems Using  
        Density Fitting and Continuous Fast Multipole Methods: Analytical   
        Gradients                                                           
        J. Comput. Chem. 2016, 57, 2518–2526                                
    (2) DFT implementation:                                                 
        A. M. Burow, M. Sierka                                              
        Linear Scaling Hierarchical Integration Scheme For the              
        Exchange-Correlation Term in Molecular and Periodic Systems         
        J. Chem. Theory Comput. 2011, 7, 3097-3104                          
    (3) RI/DF approximation:                                                
        A. M. Burow, M. Sierka, F. Mohamed                                  
        Resolution of Identity Approximation for the Coulomb Term in        
        Molecular and Periodic Systems                                      
        J. Chem. Phys. 2009, 131, 214101/1-214101/6                         
    (4) Low-Memory Iterative Density Fitting (LMIDF) method:                
        L. Grajciar                                                         
        Low-Memory Iterative Density Fitting                                
        J. Comput. Chem. 2015, 36, 1521-1535                                
    


              +--------------------------------------------------+
              | Atomic coordinate, charge and isotop information |
              +--------------------------------------------------+

                    atomic coordinates            atom    charge  isotop
        -13.44380289    6.28041113   -0.49176247    c      6.000     0
        -11.05061409    7.46277766   -0.41400114    c      6.000     0
         -8.83294176    6.08890874   -0.27391666    c      6.000     0
         -8.88185783    3.42422177   -0.20600878    c      6.000     0
         -6.61225744    1.96257203   -0.04135255    c      6.000     0
         -6.67496654   -0.61780555    0.02370394    c      6.000     0
         -9.01184301   -1.99453297   -0.08718099    c      6.000     0
         -9.10103364   -4.69552587   -0.03496035    c      6.000     0
        -11.49065704   -5.87714321   -0.12700910    c      6.000     0
        -13.72025862   -4.50275979   -0.23011703    c      6.000     0
        -13.69058628   -1.84391206   -0.28733083    c      6.000     0
        -15.95985947   -0.37941482   -0.42720665    c      6.000     0
        -15.90728904    2.20034405   -0.49583580    c      6.000     0
        -13.56628829    3.57752301   -0.42686329    c      6.000     0
        -11.25999942    2.14523899   -0.28770110    c      6.000     0
        -11.31477011   -0.56580541   -0.22436763    c      6.000     0
        -15.73749146    7.79311709   -0.63188221    c      6.000     0
         -6.78365577   -6.20366045    0.08879835    c      6.000     0
        -15.90824906   10.33046463   -0.75935655    c      6.000     0
         -6.62359425   -8.57941640    1.00006497    c      6.000     0
         -4.43309383   -9.87729025    0.96105174    o      8.000     0
         -4.40629095  -12.23733501    2.21826772    c      6.000     0
        -18.36668964   11.54934309   -0.88600538    n      7.000     0
        -18.33635095   13.86287362   -1.00776058    o      8.000     0
        -20.28546542   10.25415435   -0.86584840    o      8.000     0
        -10.94037185    9.52230925   -0.45777639    h      1.000     0
         -7.01297468    7.06404006   -0.21035481    h      1.000     0
         -4.80392613    2.95845994    0.04357342    h      1.000     0
         -4.89992333   -1.65120796    0.18121223    h      1.000     0
        -11.59055364   -7.93796651   -0.18050018    h      1.000     0
        -15.53435731   -5.48960793   -0.31016528    h      1.000     0
        -17.77118926   -1.37314541   -0.48055845    h      1.000     0
        -17.69342306    3.21838081   -0.60507295    h      1.000     0
        -17.56417142    6.83644189   -0.63901080    h      1.000     0
         -5.01709125   -5.37904881   -0.59008745    h      1.000     0
        -14.38226509   11.70749560   -0.78945291    h      1.000     0
         -8.24895620   -9.56888576    1.82767156    h      1.000     0
         -2.52856189  -13.06759385    1.91484051    h      1.000     0
         -4.72413665  -12.01701533    4.27064021    h      1.000     0
         -5.84969998  -13.53421961    1.44449413    h      1.000     0
 
       center of nuclear mass  :  -11.71415904    1.23244474   -0.14259092
       center of nuclear charge:  -11.63626484    1.09686828   -0.12080902

   * BASIS SET information:

              +--------------------------------------------------+
              |               basis set information              |
              +--------------------------------------------------+

              we will work with the 1s 3p 5d 7f 9g ... basis set
              ...i.e. with spherical basis functions...

   type   atoms  prim   cont   basis
   ---------------------------------------------------------------------------
    c       21     43     23   aug-cc-pVDZ   [4s3p2d|18s5p2d]
    o        3     43     23   aug-cc-pVDZ   [4s3p2d|18s5p2d]
    n        1     43     23   aug-cc-pVDZ   [4s3p2d|18s5p2d]
    h       15     11      9   aug-cc-pVDZ   [3s2p|5s2p]
   ---------------------------------------------------------------------------
   total:   40   1240    710
   ---------------------------------------------------------------------------

   total number of primitive shells          :   82
   total number of contracted shells         :  300
   total number of cartesian basis functions :  760
   total number of SCF-basis functions       :  710


   * AUXILIARY RI-J BASIS SET information:

              +--------------------------------------------------+
              |               basis set information              |
              +--------------------------------------------------+

              we will work with the 1s 3p 5d 7f 9g ... basis set
              ...i.e. with spherical basis functions...

   type   atoms  prim   cont   basis
   ---------------------------------------------------------------------------
    c       21     70     49   aug-cc-pVDZ   [6s4p3d1f1g|12s5p4d2f1g]
    o        3     70     49   aug-cc-pVDZ   [6s4p3d1f1g|12s5p4d2f1g]
    n        1     70     49   aug-cc-pVDZ   [6s4p3d1f1g|12s5p4d2f1g]
    h       15     16     11   aug-cc-pVDZ   [3s1p1d|5s2p1d]
   ---------------------------------------------------------------------------
   total:   40   1990   1390
   ---------------------------------------------------------------------------

   total number of primitive shells          :   80
   total number of contracted shells         :  450
   total number of cartesian basis functions : 1705
   total number of SCF-basis functions       : 1390

 Libxc version: 5.1.4
 S. Lehtola, C. Steigemann, M.J.T. Oliveira, and M.A.L. Marques, Software X 7, 1 (2018)
 M.A.L. Marques, M.J.T. Oliveira, and T. Burnus, Comput. Phys. Commun. 183, 2272 (2012)
 TURBOMOLE integration by Christof Holzer

  Keyword $riper not found - using default options 
               
              +--------------------------------------------------+
              |       Summary of SCF and related options         |
              +--------------------------------------------------+
               
       Energy calculation only 
       Diagonalization method set to:                                2
       Maximum number of SCF iterations included in the DIIS:        4
       Automatic orbital shift for HOMO-LUMO gap below:           0.1000E+00
               
              +--------------------------------------------------+
              |      SCREENING OF BASIS FUNCTION PRODUCTS        |
              +--------------------------------------------------+
               
         Threshold for shell products neglect:          0.4E-12
         Tolerance for shell products extents:          0.1E-06
         The biggest integral is expected to be:        0.1E+01
         Number of {mu,nu} shell products:                37366
        
               
              +--------------------------------------------------+
              |             INITIAL ORBITALS/BANDS               |
              +--------------------------------------------------+
               
  Bands restarted from             RIPER.BANDS
  Bands occupations restarted from RIPER.BANDS.OCCUPATIONS
  Bands energies restarted from    RIPER.BANDS.ENERGIES
              
              +--------------------------------------------------+
              |         Calculation of quantities on grid        |
              +--------------------------------------------------+
              
 Creating .cub files
   *grid construction*
   *plotting orbital     1 of     2*
   calculating values on grid points
   writing orbital values to   orb_k_1_1_1_a_86_real.cub
   *plotting orbital     2 of     2*
   calculating values on grid points
   writing orbital values to   orb_k_1_1_1_a_87_real.cub
 

    ------------------------------------------------------------------------
    RIPER profiling                cpu                    wall         ratio
    ------------------------------------------------------------------------
    module                         sec     %               sec     %
    ------------------------------------------------------------------------
    RIPER                         4.5   99.98           19.1  100.00   0.2
    Preliminaries                 0.2    4.10            0.2    1.13   0.8
    preescrening                  0.1    2.50            0.1    0.59   1.0
    T+S matrix                    0.0    0.35            0.0    0.08   1.0
    BANDS init                    0.0    0.43            2.8   14.74   0.0
    Properties                    4.2   95.09           16.1   84.04   0.3
    Orbital plot                  4.1   90.93           15.9   83.05   0.3
    ------------------------------------------------------------------------
    sum                          13.1  293.39           54.3  283.62   0.2
    ------------------------------------------------------------------------


    ------------------------------------------------------------------------
         total  cpu-time :   4.47 seconds
         total wall-time :  19.14 seconds
    ------------------------------------------------------------------------

   ****  riper : all done  ****


    2025-04-09 19:27:35.785 

