
 eiger (nano08.int-nano.int.kit.edu) : TURBOMOLE rev. V7-6 19 Oct 2021 at 10:10:11 compiled Oct 19th 2021
 Copyright (C) 2021 TURBOMOLE GmbH, Karlsruhe


    2025-05-08 19:12:28.214 

 OPT                                                                            
  
Total energy =  -1143.0013648620 H =    -31102.6513606 eV
 
 HOMO-LUMO Separation
   HOMO:    94.    94 a     -0.20646047 H =     -5.61808 eV
   LUMO:    95.    95 a     -0.11692933 H =     -3.18181 eV
   Gap :                    +0.08953114 H =     +2.43627 eV
 
Number of MOs=    478, Electrons=    188.00, Symmetry: c1   
 
   Nr.   Orbital    Occupation       Energy
  111.   111 a                     +0.080364 H =        +2.187 eV
  110.   110 a                     +0.066024 H =        +1.797 eV
  109.   109 a                     +0.065003 H =        +1.769 eV
  108.   108 a                     +0.062351 H =        +1.697 eV
  107.   107 a                     +0.059745 H =        +1.626 eV
  106.   106 a                     +0.055735 H =        +1.517 eV
  105.   105 a                     +0.052852 H =        +1.438 eV
  104.   104 a                     +0.050775 H =        +1.382 eV
  103.   103 a                     +0.035357 H =        +0.962 eV
  102.   102 a                     +0.031019 H =        +0.844 eV
  101.   101 a                     +0.028927 H =        +0.787 eV
  100.   100 a                     +0.015909 H =        +0.433 eV
   99.    99 a                     +0.005471 H =        +0.149 eV
   98.    98 a                     -0.020522 H =        -0.558 eV
   97.    97 a                     -0.030103 H =        -0.819 eV
   96.    96 a                     -0.048690 H =        -1.325 eV
   95.    95 a                     -0.116929 H =        -3.182 eV
   94.    94 a        2.000        -0.206460 H =        -5.618 eV
   93.    93 a        2.000        -0.234511 H =        -6.381 eV
   92.    92 a        2.000        -0.264302 H =        -7.192 eV
   91.    91 a        2.000        -0.280907 H =        -7.644 eV
   90.    90 a        2.000        -0.303459 H =        -8.258 eV
   89.    89 a        2.000        -0.314405 H =        -8.555 eV
   88.    88 a        2.000        -0.324583 H =        -8.832 eV
   87.    87 a        2.000        -0.326657 H =        -8.889 eV
   86.    86 a        2.000        -0.333590 H =        -9.077 eV
   85.    85 a        2.000        -0.343036 H =        -9.334 eV
   84.    84 a        2.000        -0.343348 H =        -9.343 eV
   83.    83 a        2.000        -0.348278 H =        -9.477 eV
   82.    82 a        2.000        -0.356938 H =        -9.713 eV
   81.    81 a        2.000        -0.358162 H =        -9.746 eV
   80.    80 a        2.000        -0.359172 H =        -9.774 eV
   79.    79 a        2.000        -0.364355 H =        -9.915 eV


    ------------------------------------------------------------------------
         total  cpu-time :   0.13 seconds
         total wall-time :   0.15 seconds
    ------------------------------------------------------------------------

   ****  eiger : all done  ****


    2025-05-08 19:12:28.347 

