
 eiger (nano18.int-nano.int.kit.edu) : TURBOMOLE rev. V7-6 19 Oct 2021 at 10:10:11 compiled Oct 19th 2021
 Copyright (C) 2021 TURBOMOLE GmbH, Karlsruhe


    2025-04-09 09:05:13.696 

 m062x                                                                          
  
Total energy =   -996.5188782217 H =    -27116.6598715 eV
 
 HOMO-LUMO Separation
   HOMO:    85.    85 a     -0.22500892 H =     -6.12280 eV
   LUMO:    86.    86 a     -0.06519578 H =     -1.77407 eV
   Gap :                    +0.15981314 H =     +4.34874 eV
 
Number of MOs=    737, Electrons=    170.00, Symmetry: c1   
 
   Nr.   Orbital    Occupation       Energy
  102.   102 a                     +0.032527 H =        +0.885 eV
  101.   101 a                     +0.030239 H =        +0.823 eV
  100.   100 a                     +0.028800 H =        +0.784 eV
   99.    99 a                     +0.025564 H =        +0.696 eV
   98.    98 a                     +0.020928 H =        +0.569 eV
   97.    97 a                     +0.017255 H =        +0.470 eV
   96.    96 a                     +0.015827 H =        +0.431 eV
   95.    95 a                     +0.010095 H =        +0.275 eV
   94.    94 a                     +0.006949 H =        +0.189 eV
   93.    93 a                     +0.005691 H =        +0.155 eV
   92.    92 a                     +0.002685 H =        +0.073 eV
   91.    91 a                     -0.003571 H =        -0.097 eV
   90.    90 a                     -0.006082 H =        -0.165 eV
   89.    89 a                     -0.012140 H =        -0.330 eV
   88.    88 a                     -0.016762 H =        -0.456 eV
   87.    87 a                     -0.023186 H =        -0.631 eV
   86.    86 a                     -0.065196 H =        -1.774 eV
   85.    85 a        2.000        -0.225009 H =        -6.123 eV
   84.    84 a        2.000        -0.270705 H =        -7.366 eV
   83.    83 a        2.000        -0.286967 H =        -7.809 eV
   82.    82 a        2.000        -0.316064 H =        -8.601 eV
   81.    81 a        2.000        -0.323942 H =        -8.815 eV
   80.    80 a        2.000        -0.351159 H =        -9.556 eV
   79.    79 a        2.000        -0.373146 H =       -10.154 eV
   78.    78 a        2.000        -0.380091 H =       -10.343 eV
   77.    77 a        2.000        -0.386731 H =       -10.523 eV
   76.    76 a        2.000        -0.395111 H =       -10.752 eV
   75.    75 a        2.000        -0.399444 H =       -10.869 eV
   74.    74 a        2.000        -0.414708 H =       -11.285 eV
   73.    73 a        2.000        -0.419705 H =       -11.421 eV
   72.    72 a        2.000        -0.432311 H =       -11.764 eV
   71.    71 a        2.000        -0.433735 H =       -11.803 eV
   70.    70 a        2.000        -0.441295 H =       -12.008 eV


    ------------------------------------------------------------------------
         total  cpu-time :   0.27 seconds
         total wall-time :   0.28 seconds
    ------------------------------------------------------------------------

   ****  eiger : all done  ****


    2025-04-09 09:05:13.966 

