
 eiger (nano04.int-nano.int.kit.edu) : TURBOMOLE rev. V7-6 19 Oct 2021 at 10:10:11 compiled Oct 19th 2021
 Copyright (C) 2021 TURBOMOLE GmbH, Karlsruhe


    2025-07-04 18:48:48.684 

 mp2                                                                            
  
Total energy =  -2281.3249052740 H =    -62078.0126345 eV
 
 HOMO-LUMO Separation
   HOMO:   167.   167 a     -0.24869315 H =     -6.76729 eV
   LUMO:   168.   168 a     -0.01216644 H =     -0.33107 eV
   Gap :                    +0.23652671 H =     +6.43622 eV
 
Number of MOs=   1413, Electrons=    334.00, Symmetry: c1   
 
   Nr.   Orbital    Occupation       Energy
  184.   184 a                     +0.063857 H =        +1.738 eV
  183.   183 a                     +0.062312 H =        +1.696 eV
  182.   182 a                     +0.061104 H =        +1.663 eV
  181.   181 a                     +0.058445 H =        +1.590 eV
  180.   180 a                     +0.057001 H =        +1.551 eV
  179.   179 a                     +0.053796 H =        +1.464 eV
  178.   178 a                     +0.051664 H =        +1.406 eV
  177.   177 a                     +0.047453 H =        +1.291 eV
  176.   176 a                     +0.046717 H =        +1.271 eV
  175.   175 a                     +0.045367 H =        +1.234 eV
  174.   174 a                     +0.042094 H =        +1.145 eV
  173.   173 a                     +0.040198 H =        +1.094 eV
  172.   172 a                     +0.036103 H =        +0.982 eV
  171.   171 a                     +0.034475 H =        +0.938 eV
  170.   170 a                     +0.032180 H =        +0.876 eV
  169.   169 a                     +0.027682 H =        +0.753 eV
  168.   168 a                     -0.012166 H =        -0.331 eV
  167.   167 a        2.000        -0.248693 H =        -6.767 eV
  166.   166 a        2.000        -0.309389 H =        -8.419 eV
  165.   165 a        2.000        -0.337716 H =        -9.190 eV
  164.   164 a        2.000        -0.346167 H =        -9.420 eV
  163.   163 a        2.000        -0.346764 H =        -9.436 eV
  162.   162 a        2.000        -0.375075 H =       -10.206 eV
  161.   161 a        2.000        -0.406523 H =       -11.062 eV
  160.   160 a        2.000        -0.412467 H =       -11.224 eV
  159.   159 a        2.000        -0.427985 H =       -11.646 eV
  158.   158 a        2.000        -0.439392 H =       -11.956 eV
  157.   157 a        2.000        -0.443371 H =       -12.065 eV
  156.   156 a        2.000        -0.453828 H =       -12.349 eV
  155.   155 a        2.000        -0.462616 H =       -12.588 eV
  154.   154 a        2.000        -0.464952 H =       -12.652 eV
  153.   153 a        2.000        -0.467239 H =       -12.714 eV
  152.   152 a        2.000        -0.471457 H =       -12.829 eV


    ------------------------------------------------------------------------
         total  cpu-time :   0.92 seconds
         total wall-time :   0.93 seconds
    ------------------------------------------------------------------------

   ****  eiger : all done  ****


    2025-07-04 18:48:49.599 

