
 ridft (nano04.int-nano.int.kit.edu) : TURBOMOLE rev. V7-6 19 Oct 2021 at 10:10:11 compiled Oct 19th 2021
 Copyright (C) 2021 TURBOMOLE GmbH, Karlsruhe


    2025-07-03 04:07:11.086 



                                  r i d f t

                        DFT program with RI approximation 
                                for coulomb part 




                                                 
                                 References:     
                                                 
          TURBOMOLE:                             
              R. Ahlrichs, M. Baer, M. Haeser, H. Horn, and
              C. Koelmel
              Electronic structure calculations on workstation
              computers: the program system TURBOMOLE
              Chem. Phys. Lett. 162: 165 (1989)
          Density Functional:                              
              O. Treutler and R. Ahlrichs                      
              Efficient Molecular Numerical Integration Schemes
              J. Chem. Phys. 102: 346 (1995)                   
          Parallel Version:                                
              Performance of parallel TURBOMOLE for Density    
              Functional Calculations                          
              M. v. Arnim and R. Ahlrichs                      
              J. Comp. Chem. 19: 1746 (1998)                   
          RI-J Method:                                     
              Auxiliary Basis Sets to approximate Coulomb      
              Potentials                                       
              Chem. Phys. Lett. 240: 283 (1995)                
              K. Eichkorn, O. Treutler, H. Oehm, M. Haeser     
              and R. Ahlrichs                                  
              Chem. Phys. Lett. 242: 652 (1995)                
                                                           
              Auxiliary Basis Sets for Main Row Atoms and their
              Use to approximate Coulomb Potentials            
              K. Eichkorn, F. Weigend, O. Treutler and         
              R. Ahlrichs                                      
              Theo. Chem. Acc. 97: 119 (1997)                   
                                                           
              Accurate Coulomb-fitting basis sets for H to Rn 
              F. Weigend                                        
              Phys. Chem. Chem. Phys. 8: 1057 (2006)            
                                                           
          Multipole accelerated RI-J (MARI-J):             
              Fast evaluation of the Coulomb potential for     
              electron densities using multipole accelerated   
              resolution of identity approximation             
              M. Sierka, A. Hogekamp and R. Ahlrichs           
              J. Chem. Phys. 118: 9136 (2003)                  
          RI-JK Method:                                     
              A fully direct RI-HF algorithm: Implementation,
              optimised auxiliary basis sets, demonstration of
              accuracy and efficiency                         
              F. Weigend                                      
              Phys. Chem. Chem. Phys. 4: 4285 (2002)           
          Two-component HF and DFT with spin-orbit coupling:  
              Self-consistent treatment of spin-orbit         
              interactions with efficient Hartree-Fock and    
              density functional methods                      
              M. K. Armbruster, F. Weigend, C. van Wüllen and 
              W. Klopper                                      
              Phys. Chem. Chem. Phys. 10: 1748 (2008)         
          Two-component difference density and DIIS algorithm 
              Efficient two-component self-consistent field   
              procedures and gradients: implementation in     
              TURBOMOLE and application to Au20-              
              A. Baldes, F. Weigend                           
              Mol. Phys. 111: 2617 (2013)                     
          Relativistic all-electron 2c calculations           
              An efficient implementation of two-component    
              relativistic exact-decoupling methods for large 
              molecules                                       
              D. Peng, N. Middendorf, F. Weigend, M. Reiher   
              J. Chem. Phys. 138: 184105 (2013)               
          Finite nucleus model and SNSO approximation         
              Efficient implementation of one- and two-       
              component analytical energy gradients in exact  
              two-component theory                            
              Y. J. Franzke, N. Middendorf, F. Weigend        
              J. Chem. Phys. 148: 104110 (2018)               
          Grids for all-electron relativistic methods         
              Error-consistent segmented contracted all-      
              electron relativistic basis sets of double-     
              and triple-zeta quality for NMR shielding       
              constants                                       
              Y. J. Franzke, R. Tress, T. M. Pazdera,         
              F. Weigend                                      
              Phys. Chem. Chem. Phys. 21: 166658 (2019)       
          Seminumerical exchange algorithms                   
              Seminumerical calculation of the Hartree-Fock   
              exchange matirx: Application to two-component   
              procedures and efficient evaluation of local    
              hybrid functionsl                               
               P. Plessow, F. Weigend,                        
              J. Comput. Chem. 33: 810 (2012)                 
          Improved seminumerical algorithms                   
              C. Holzer,                                      
              J. Chem. Phys. 153 (2020), 184115               
                                         




              +--------------------------------------------------+
              |      general information about current run       |
              +--------------------------------------------------+

 

 DENSITY CONVERGENCE CHECK SWITCHED ON !
 SCF CONVERGENCE IF RMS(delta[D]) <     0.1000000000E-06

 A HF calculation using the RI-J approximation will be carried out.
 Allocatable memory for RI due to $ricore (MB):                  2000

   *************************************************************************
   mp2                                                                      
   *************************************************************************




              +--------------------------------------------------+
              | Atomic coordinate, charge and isotop information |
              +--------------------------------------------------+

                    atomic coordinates            atom    charge  isotop
         -6.82554601   -3.52473795    0.02790861    c      6.000     0
         -5.06524231   -5.22902507   -0.75976855    c      6.000     0
         -9.60763823   10.72828342    1.18382857    c      6.000     0
        -10.84353706   12.85929772    0.19426026    c      6.000     0
         -4.54116268    7.74585189    2.89999147    c      6.000     0
         -3.25112394   -2.24333980    1.35501243    c      6.000     0
          4.22673908   -7.21005482    6.86387192    c      6.000     0
         -7.67755719    4.93467093    0.55973669    c      6.000     0
        -10.10895006   13.85596403   -2.14024920    c      6.000     0
         -7.65001103    9.63093269   -0.18025304    c      6.000     0
         -6.01387803    7.33543399    0.40994566    c      6.000     0
          2.29820101   -9.64996601    3.17517490    c      6.000     0
         -6.93297108   10.64995220   -2.52016767    c      6.000     0
          4.73127612   -8.70867453    4.43672224    c      6.000     0
         -8.13916513   12.76596169   -3.53757543    c      6.000     0
         -4.24981925    7.27891644   -1.91123990    c      6.000     0
         -1.40567145    3.63237827   -0.92762498    c      6.000     0
          1.34311132    0.03995996    0.27407643    c      6.000     0
          4.02892652   -3.60048857    1.42724873    c      6.000     0
          8.39105107  -11.07366035    4.06441331    c      6.000     0
          9.97439306  -13.09754588    4.55602348    c      6.000     0
          6.54266705   -7.40333506    2.61464113    c      6.000     0
         -2.26961210    5.66753941   -2.45678928    c      6.000     0
          0.66613507    2.09759052   -1.38232616    c      6.000     0
          3.57314367   -1.33930994    0.01195592    c      6.000     0
          6.14929712   -5.10158931    1.27855128    c      6.000     0
          8.70329354   -8.88640365    2.44981600    c      6.000     0
         -3.69708419    9.72444447   -5.89702832    c      6.000     0
          2.36730470    2.45195291   -3.65915814    c      6.000     0
          5.57034078   -0.49737233   -1.87002970    c      6.000     0
          5.17145267    2.16642833   -2.94497754    c      6.000     0
          7.07252188    2.89838785   -5.09972811    c      6.000     0
          6.83150129    5.74834996   -5.67302151    c      6.000     0
          6.58985729    1.40220872   -7.55322493    c      6.000     0
          9.80709750    2.40374902   -4.21389669    c      6.000     0
         -5.62566119   -1.62474400    1.36452021    n      7.000     0
         -2.77085515   -4.43593025    0.09980192    o      8.000     0
         -0.74300781   -0.69866312    2.90744644    s     16.000     0
          6.13384011  -10.96073410    5.19413467    o      8.000     0
         12.41158569  -13.35252550    3.42702381    c      6.000     0
         -4.93319997    9.21539798   -3.51410522    n      7.000     0
          9.16465411  -15.03443409    6.25830805    c      6.000     0
         10.82037129   -8.27062506    0.91322149    c      6.000     0
         14.40707884  -13.63439024    2.55123874    n      7.000     0
          8.52541551  -16.62163680    7.63662780    n      7.000     0
         12.45389931   -7.60932579   -0.39841738    n      7.000     0
         -8.85852849   -3.52744763   -0.28699705    h      1.000     0
         -5.10720349   -6.96059510   -1.86250349    h      1.000     0
        -10.18811787    9.95048141    3.00811083    h      1.000     0
        -12.38251263   13.74045792    1.25138722    h      1.000     0
         -3.35297073    6.10883109    3.37200972    h      1.000     0
         -3.32342373    9.42814032    2.78331015    h      1.000     0
         -5.88078802    8.03174912    4.46671805    h      1.000     0
          3.05928310   -5.53390989    6.48797516    h      1.000     0
          3.22244924   -8.42679750    8.21821388    h      1.000     0
          6.01345076   -6.59407289    7.72995004    h      1.000     0
         -6.57863780    3.21884024    0.96487923    h      1.000     0
         -9.08250167    5.15919534    2.07990911    h      1.000     0
         -8.71372879    4.64014691   -1.22052913    h      1.000     0
        -11.07952512   15.51400595   -2.89882684    h      1.000     0
          1.07971864   -8.06824729    2.60360305    h      1.000     0
          2.74597974  -10.78257374    1.49031947    h      1.000     0
          1.25422635  -10.84866314    4.51559204    h      1.000     0
         -7.58964656   13.56990749   -5.35582191    h      1.000     0
         -2.46618916    3.22875620    0.79063212    h      1.000     0
          2.50368548   -4.16934262    2.68565647    h      1.000     0
         -1.26709255    6.01208789   -4.22454681    h      1.000     0
          7.70530253   -4.54861708    0.03869668    h      1.000     0
         -4.63676468   11.30441519   -6.85023509    h      1.000     0
         -1.69153996   10.22421693   -5.61600715    h      1.000     0
         -3.78498839    8.06112813   -7.14950762    h      1.000     0
          1.87182588    1.02886781   -5.10706611    h      1.000     0
          2.02626696    4.30777980   -4.51605634    h      1.000     0
          7.42128671   -0.60717108   -0.92869022    h      1.000     0
          5.64657498   -1.89879057   -3.41885736    h      1.000     0
          5.53213128    3.51284099   -1.38675945    h      1.000     0
          8.23280880    6.32434793   -7.10186762    h      1.000     0
          7.16801673    6.89331934   -3.96438614    h      1.000     0
          4.95558056    6.25289644   -6.42015289    h      1.000     0
          8.01770600    1.89417643   -8.98775326    h      1.000     0
          6.70742528   -0.65534077   -7.25549952    h      1.000     0
          4.72323684    1.82336556   -8.37350798    h      1.000     0
         10.19611519    3.33682510   -2.39057687    h      1.000     0
         10.21805794    0.37647880   -3.99663394    h      1.000     0
         11.16469337    3.15465418   -5.60326926    h      1.000     0
 
       center of nuclear mass  :    1.35216571   -0.72382153    0.28562295
       center of nuclear charge:    1.29708341   -0.54199843    0.19116358

              +--------------------------------------------------+
              |               basis set information              |
              +--------------------------------------------------+

              we will work with the 1s 3p 5d 7f 9g ... basis set
              ...i.e. with spherical basis functions...

   type   atoms  prim   cont   basis
   ---------------------------------------------------------------------------
    c       38     43     23   aug-cc-pVDZ   [4s3p2d|18s5p2d]
    n        5     43     23   aug-cc-pVDZ   [4s3p2d|18s5p2d]
    o        2     43     23   aug-cc-pVDZ   [4s3p2d|18s5p2d]
    s        1     93     27   aug-cc-pVDZ   [5s4p2d|35s16p2d]
    h       39     11      9   aug-cc-pVDZ   [3s2p|5s2p]
   ---------------------------------------------------------------------------
   total:   85   2457   1413
   ---------------------------------------------------------------------------

   total number of primitive shells          :  135
   total number of contracted shells         :  611
   total number of cartesian basis functions : 1505
   total number of SCF-basis functions       : 1413


 integral neglect threshold       :  0.22E-11
 integral storage threshold THIZE :  0.10E-04
 integral storage threshold THIME :         5

 RI-J AUXILIARY BASIS SET information:

              we will work with the 1s 3p 5d 7f 9g ... basis set
              ...i.e. with spherical basis functions...

   type   atoms  prim   cont   basis
   ---------------------------------------------------------------------------
    c       38     70     49   aug-cc-pVDZ   [6s4p3d1f1g|12s5p4d2f1g]
    n        5     70     49   aug-cc-pVDZ   [6s4p3d1f1g|12s5p4d2f1g]
    o        2     70     49   aug-cc-pVDZ   [6s4p3d1f1g|12s5p4d2f1g]
    s        1     77     51   aug-cc-pVDZ   [8s4p3d1f1g|14s5p5d2f1g]
    h       39     16     11   aug-cc-pVDZ   [3s1p1d|5s2p1d]
   ---------------------------------------------------------------------------
   total:   85   3851   2685
   ---------------------------------------------------------------------------

   total number of primitive shells          :  107
   total number of contracted shells         :  887
   total number of cartesian basis functions : 3276
   total number of SCF-basis functions       : 2685


 symmetry group of the molecule :   c1 

 the group has the following generators :
   c1(z)

    1 symmetry operations found

 there are 1 real representations :   a   

 maximum number of shells which are related by symmetry :  1

 ==============================================================================
                      COSMO switched on
 ==============================================================================
 COSMO stati: segments per atom: H   32 other atoms   92
 COSMO statistics: nps   2635 npspher:   1041
 COSMO surface:
   number of segments: 2635
   area (bohr**2):     2223.063633
   volume (bohr**3):   5341.066425
 COSMO: check number of disjunct cavities:

       ... OK contiguous cavity found

 biggest AO integral is expected to be     9.680754338

          ------------------------
          nuclear repulsion energy  :   5499.35608678    
          ------------------------


         -----------------
         -S,T+V- integrals
         -----------------

 1e-integrals will be neglected if expon. factor < 0.222057E-12
 
   Difference densities algorithm switched on.
   The maximal number of linear combinations of
   difference densities is                    20 .

 DIIS switched on: error vector is FDS-SDF
 Max. Iterations for DIIS is     :   5
 DIIS matrix (see manual) 
    Scaling factor of diagonals  :  1.200
    threshold for scaling factor :  0.000

 scf convergence criterion : increment of total energy < .1000000D-06
                  and increment of one-electron energy < .1000000D-03

 MOs are in ASCII format !


    mo occupation :
   irrep   mo's   occupied
    a     1413      167
 
 number of basis functions   :  1413
 number of occupied orbitals :   167
 

 reading orbital data $scfmo  from file mos
 orbital characterization : expanded
 virtual MOs provided and orthogonalized by Cholesky decomposition

 automatic virtual orbital shift switched on 
      shift if e(lumo)-e(homo) < 0.10000000    

  
           ------------------------
               RI-J - INFORMATION
           ------------------------
 Contributions to RI integral batches: 
  neglected integral batches:                 62753
  direct contribution:                        93215
  memory contribution:                 30998
 Memory core needed for (P|Q) and Cholesky     56 MByte
 Memory core minimum needed except of (P|Q)     3 MByte
 Total minimum memory core needed (sum)        58 MByte
  
 ****************************************
 Memory allocated for RI-J  1775 MByte
 ****************************************
                                            

 DSCF restart information will be dumped onto file mos


 Starting SCF iterations


 ITERATION  ENERGY          1e-ENERGY        2e-ENERGY     RMS[dD(SAO)]   TOL
   1  -2273.6680692559    -13981.040897     6208.0167411    0.000D+00 0.221D-11
                            exK = -279.795128109     Coul =  6487.81186923    
                          Ediel =-0.211304394759    
                            current damping = 0.300
 
          max. resid. norm for Fia-block=  9.674D-01 for orbital      1a         
          max. resid. fock norm         =  1.686D+00 for orbital      1a         

 ITERATION  ENERGY          1e-ENERGY        2e-ENERGY     RMS[dD(SAO)]   TOL
   2  -2280.3427624256    -14040.456187     6260.7573382    0.159D+00 0.893D-12
                          Ediel =-0.560673313412E-01
                            current damping = 0.250
 
          Norm of current diis error:  4.1995    
          max. resid. norm for Fia-block=  2.257D-01 for orbital      1a         
          max. resid. fock norm         =  3.767D-01 for orbital      1a         

 ITERATION  ENERGY          1e-ENERGY        2e-ENERGY     RMS[dD(SAO)]   TOL
   3  -2281.1035910771    -14047.664279     6267.2046007    0.958D-01 0.682D-12
                          Ediel =-0.620095849924E-01
                            current damping = 0.150
 
          Norm of current diis error:  1.7569    
          max. resid. norm for Fia-block=  7.831D-02 for orbital    156a         
          max. resid. fock norm         =  8.669D-02 for orbital    156a         

 ITERATION  ENERGY          1e-ENERGY        2e-ENERGY     RMS[dD(SAO)]   TOL
   4  -2281.2916088932    -14052.299337     6271.6516417    0.383D-01 0.637D-12
                          Ediel =-0.394739612860E-01
                            current damping = 0.100
 
          Norm of current diis error: 0.59870    
          max. resid. norm for Fia-block=  3.391D-02 for orbital     57a         
          max. resid. fock norm         =  4.620D-02 for orbital     55a         

 ITERATION  ENERGY          1e-ENERGY        2e-ENERGY     RMS[dD(SAO)]   TOL
   5  -2281.3184669636    -14053.460839     6272.7862855    0.751D-02 0.630D-12
                          Ediel =-0.418455020946E-01
                            current damping = 0.100
 
          Norm of current diis error: 0.20465    
          max. resid. norm for Fia-block=  1.116D-02 for orbital    155a         
          max. resid. fock norm         =  1.158D-02 for orbital     90a         
          mo-orthogonalization: Cholesky decomposition

 ITERATION  ENERGY          1e-ENERGY        2e-ENERGY     RMS[dD(SAO)]   TOL
   6  -2281.3230307800    -14053.606021     6272.9269038    0.236D-02 0.628D-12
                          Ediel =-0.394339086816E-01
                            current damping = 0.100
 
          Norm of current diis error: 0.82096E-01
          max. resid. norm for Fia-block=  5.052D-03 for orbital    167a         
          max. resid. fock norm         =  5.720D-03 for orbital    168a         

 ITERATION  ENERGY          1e-ENERGY        2e-ENERGY     RMS[dD(SAO)]   TOL
   7  -2281.3241857439    -14053.772490     6273.0922176    0.142D-02 0.626D-12
                          Ediel =-0.389615290059E-01
                            current damping = 0.100
 
          Norm of current diis error: 0.44152E-01
          max. resid. norm for Fia-block=  3.924D-03 for orbital    167a         
          max. resid. fock norm         =  4.407D-03 for orbital    168a         

 ITERATION  ENERGY          1e-ENERGY        2e-ENERGY     RMS[dD(SAO)]   TOL
   8  -2281.3246111507    -14053.810695     6273.1299972    0.728D-03 0.623D-12
                          Ediel =-0.385013940003E-01
                            current damping = 0.100
 
          Norm of current diis error: 0.24390E-01
          max. resid. norm for Fia-block=  2.915D-03 for orbital    167a         
          max. resid. fock norm         =  3.181D-03 for orbital    168a         

 ITERATION  ENERGY          1e-ENERGY        2e-ENERGY     RMS[dD(SAO)]   TOL
   9  -2281.3247766450    -14053.853159     6273.1722956    0.345D-03 0.620D-12
                          Ediel =-0.381723490922E-01
                            current damping = 0.100
 
          Norm of current diis error: 0.15147E-01
          max. resid. norm for Fia-block=  2.300D-03 for orbital    167a         
          max. resid. fock norm         =  2.455D-03 for orbital    168a         

 ITERATION  ENERGY          1e-ENERGY        2e-ENERGY     RMS[dD(SAO)]   TOL
  10  -2281.3248509471    -14053.863334     6273.1823963    0.265D-03 0.615D-12
                          Ediel =-0.379259091984E-01
                            current damping = 0.100
 
          Norm of current diis error: 0.96168E-02
          max. resid. norm for Fia-block=  1.678D-03 for orbital    167a         
          max. resid. fock norm         =  1.770D-03 for orbital    168a         
          mo-orthogonalization: Cholesky decomposition

 ITERATION  ENERGY          1e-ENERGY        2e-ENERGY     RMS[dD(SAO)]   TOL
  11  -2281.3248835649    -14053.873823     6273.1928526    0.263D-03 0.609D-12
                          Ediel =-0.377905463922E-01
                            current damping = 0.100
 
          Norm of current diis error: 0.62862E-02
          max. resid. norm for Fia-block=  1.277D-03 for orbital    167a         
          max. resid. fock norm         =  1.316D-03 for orbital    168a         

 ITERATION  ENERGY          1e-ENERGY        2e-ENERGY     RMS[dD(SAO)]   TOL
  12  -2281.3248982323    -14053.876790     6273.1958049    0.308D-03 0.601D-12
                          Ediel =-0.376541129931E-01
                            current damping = 0.100
 
          Norm of current diis error: 0.37741E-02
          max. resid. norm for Fia-block=  7.630D-04 for orbital    167a         
          max. resid. fock norm         =  1.490D-03 for orbital   1389a         

 ITERATION  ENERGY          1e-ENERGY        2e-ENERGY     RMS[dD(SAO)]   TOL
  13  -2281.3249033792    -14053.878155     6273.1971647    0.280D-03 0.591D-12
                          Ediel =-0.376073767757E-01
                            current damping = 0.100
 
          Norm of current diis error: 0.21939E-02
          max. resid. norm for Fia-block=  4.791D-04 for orbital    167a         
          max. resid. fock norm         =  1.278D-03 for orbital   1379a         

 ITERATION  ENERGY          1e-ENERGY        2e-ENERGY     RMS[dD(SAO)]   TOL
  14  -2281.3249050523    -14053.879877     6273.1988852    0.327D-03 0.579D-12
                          Ediel =-0.375550891368E-01
                            current damping = 0.100
 
          Norm of current diis error: 0.12011E-02
          max. resid. norm for Fia-block=  2.256D-04 for orbital    167a         
          max. resid. fock norm         =  1.898D-03 for orbital   1379a         

 ITERATION  ENERGY          1e-ENERGY        2e-ENERGY     RMS[dD(SAO)]   TOL
  15  -2281.3249055590    -14053.879470     6273.1984774    0.312D-03 0.565D-12
                          Ediel =-0.375418401011E-01
                            current damping = 0.150
 
          Norm of current diis error: 0.58044E-03
          max. resid. norm for Fia-block=  9.270D-05 for orbital    167a         
          max. resid. fock norm         =  2.282D-03 for orbital   1389a         
          mo-orthogonalization: Cholesky decomposition

 ITERATION  ENERGY          1e-ENERGY        2e-ENERGY     RMS[dD(SAO)]   TOL
  16  -2281.3249056294    -14053.880230     6273.1992379    0.412D-03 0.547D-12
                          Ediel =-0.375305033639E-01
                            current damping = 0.200
 
          Norm of current diis error: 0.28567E-03
          max. resid. norm for Fia-block=  2.990D-05 for orbital     58a         
          max. resid. fock norm         =  3.342D-03 for orbital   1379a         

 ITERATION  ENERGY          1e-ENERGY        2e-ENERGY     RMS[dD(SAO)]   TOL
  17  -2281.3249057604    -14053.880170     6273.1991778    0.557D-03 0.521D-12
                          Ediel =-0.375283261789E-01
                            current damping = 0.250
 
          Norm of current diis error: 0.14563E-03
          max. resid. norm for Fia-block=  5.340D-05 for orbital     58a         
          max. resid. fock norm         =  5.069D-03 for orbital   1389a         

 ITERATION  ENERGY          1e-ENERGY        2e-ENERGY     RMS[dD(SAO)]   TOL
  18  -2281.3249057662    -14053.880344     6273.1993512    0.898D-03 0.480D-12
                          Ediel =-0.375266537829E-01
                            current damping = 0.300
 
          Norm of current diis error: 0.80954E-04
          max. resid. norm for Fia-block=  8.571D-05 for orbital     58a         
          max. resid. fock norm         =  8.386D-03 for orbital   1379a         

 ITERATION  ENERGY          1e-ENERGY        2e-ENERGY     RMS[dD(SAO)]   TOL
  19  -2281.3249059186    -14053.880401     6273.1994082    0.147D-02 0.427D-12
                          Ediel =-0.375264334082E-01
                            current damping = 0.150
 
          Norm of current diis error: 0.44536E-04
          max. resid. norm for Fia-block=  1.474D-04 for orbital     58a         
          max. resid. fock norm         =  1.283D-02 for orbital   1379a         

 ITERATION  ENERGY          1e-ENERGY        2e-ENERGY     RMS[dD(SAO)]   TOL
  20  -2281.3249059552    -14053.880449     6273.1994558    0.291D-02 0.363D-12
                          Ediel =-0.375261097550E-01
                            current damping = 0.100
 
          Norm of current diis error: 0.27516E-04
          max. resid. norm for Fia-block=  2.011D-04 for orbital     58a         
          max. resid. fock norm         =  1.974D-02 for orbital   1379a         
          mo-orthogonalization: Cholesky decomposition

 ITERATION  ENERGY          1e-ENERGY        2e-ENERGY     RMS[dD(SAO)]   TOL
  21  -2281.3249062784    -14053.880457     6273.1994639    0.465D-02 0.314D-12
                          Ediel =-0.375262214431E-01
                            current damping = 0.100
 
          Norm of current diis error: 0.26964E-04
          max. resid. norm for Fia-block=  1.527D-04 for orbital     58a         
          max. resid. fock norm         =  1.373D-02 for orbital   1379a         

 ITERATION  ENERGY          1e-ENERGY        2e-ENERGY     RMS[dD(SAO)]   TOL
  22  -2281.3249032403    -14053.880452     6273.1994619    0.382D-02 0.221D-11
                            exK = -285.487926719     Coul =  6558.68738864    
                          Ediel =-0.375261899171E-01
                            current damping = 0.150
 
          Norm of current diis error: 0.50795E-04
          max. resid. norm for Fia-block=  7.530D-05 for orbital     58a         
          max. resid. fock norm         =  7.771D-03 for orbital   1379a         

 ITERATION  ENERGY          1e-ENERGY        2e-ENERGY     RMS[dD(SAO)]   TOL
  23  -2281.3249036390    -14053.880470     6273.1994797    0.145D-02 0.141D-11
                          Ediel =-0.375261861626E-01
                            current damping = 0.200
 
          Norm of current diis error: 0.43139E-04
          max. resid. norm for Fia-block=  3.390D-05 for orbital     58a         
          max. resid. fock norm         =  3.402D-03 for orbital   1379a         

 ITERATION  ENERGY          1e-ENERGY        2e-ENERGY     RMS[dD(SAO)]   TOL
  24  -2281.3249037470    -14053.880476     6273.1994854    0.563D-03 0.110D-11
                          Ediel =-0.375261970601E-01
                            current damping = 0.100
 
          Norm of current diis error: 0.41689E-04
          max. resid. norm for Fia-block=  4.440D-05 for orbital     58a         
          max. resid. fock norm         =  4.105D-03 for orbital   1379a         

 ITERATION  ENERGY          1e-ENERGY        2e-ENERGY     RMS[dD(SAO)]   TOL
  25  -2281.3249039098    -14053.880478     6273.1994874    0.779D-03 0.936D-12
                          Ediel =-0.375261987812E-01
                            current damping = 0.100
 
          Norm of current diis error: 0.40156E-04
          max. resid. norm for Fia-block=  2.439D-05 for orbital     58a         
          max. resid. fock norm         =  2.113D-03 for orbital   1379a         
          mo-orthogonalization: Cholesky decomposition

 ITERATION  ENERGY          1e-ENERGY        2e-ENERGY     RMS[dD(SAO)]   TOL
  26  -2281.3249040594    -14053.880480     6273.1994890    0.362D-03 0.831D-12
                          Ediel =-0.375262039110E-01
                            current damping = 0.100
 
          Norm of current diis error: 0.40275E-04
          max. resid. norm for Fia-block=  5.652D-04 for orbital     58a         
          max. resid. fock norm         =  5.264D-02 for orbital   1379a         

 ITERATION  ENERGY          1e-ENERGY        2e-ENERGY     RMS[dD(SAO)]   TOL
  27  -2281.3249058622    -14053.880529     6273.1995365    0.102D-01 0.408D-12
                          Ediel =-0.375262393942E-01
                            current damping = 0.100
 
          Norm of current diis error: 0.43390E-04
          max. resid. norm for Fia-block=  1.160D-04 for orbital     58a         
          max. resid. fock norm         =  1.161D-02 for orbital   1379a         

 ITERATION  ENERGY          1e-ENERGY        2e-ENERGY     RMS[dD(SAO)]   TOL
  28  -2281.3249075939    -14053.880534     6273.1995398    0.242D-02 0.360D-12
                          Ediel =-0.375261836018E-01
                            current damping = 0.100
 
          Norm of current diis error: 0.49346E-04
          max. resid. norm for Fia-block=  1.269D-04 for orbital     58a         
          max. resid. fock norm         =  1.295D-02 for orbital   1379a         

 ITERATION  ENERGY          1e-ENERGY        2e-ENERGY     RMS[dD(SAO)]   TOL
  29  -2281.3249056983    -14053.880528     6273.1995352    0.214D-02 0.398D-12
                          Ediel =-0.375261943302E-01
                            current damping = 0.150
 
          Norm of current diis error: 0.41421E-04
          max. resid. norm for Fia-block=  6.496D-05 for orbital     58a         
          max. resid. fock norm         =  9.124D-03 for orbital   1379a         

 ITERATION  ENERGY          1e-ENERGY        2e-ENERGY     RMS[dD(SAO)]   TOL
  30  -2281.3249049627    -14053.880523     6273.1995312    0.147D-02 0.402D-12
                          Ediel =-0.375262047835E-01
                            current damping = 0.200
 
          Norm of current diis error: 0.38863E-04
          max. resid. norm for Fia-block=  4.671D-05 for orbital     58a         
          max. resid. fock norm         =  9.651D-03 for orbital   1379a         
          mo-orthogonalization: Cholesky decomposition

 ITERATION  ENERGY          1e-ENERGY        2e-ENERGY     RMS[dD(SAO)]   TOL
  31  -2281.3249045505    -14053.880519     6273.1995281    0.164D-02 0.399D-12
                          Ediel =-0.375262099516E-01
                            current damping = 0.250
 
          Norm of current diis error: 0.38442E-04
          max. resid. norm for Fia-block=  1.105D-04 for orbital     58a         
          max. resid. fock norm         =  1.390D-02 for orbital   1389a         

 ITERATION  ENERGY          1e-ENERGY        2e-ENERGY     RMS[dD(SAO)]   TOL
  32  -2281.3249060299    -14053.880522     6273.1995290    0.300D-02 0.362D-12
                          Ediel =-0.375262002665E-01
                            current damping = 0.300
 
          Norm of current diis error: 0.53212E-04
          max. resid. norm for Fia-block=  4.122D-05 for orbital     58a         
          max. resid. fock norm         =  5.485D-03 for orbital   1389a         

 ITERATION  ENERGY          1e-ENERGY        2e-ENERGY     RMS[dD(SAO)]   TOL
  33  -2281.3249064967    -14053.880525     6273.1995319    0.947D-03 0.349D-12
                          Ediel =-0.375262082008E-01
                            current damping = 0.150
 
          Norm of current diis error: 0.58694E-04
          max. resid. norm for Fia-block=  1.633D-04 for orbital     58a         
          max. resid. fock norm         =  2.488D-02 for orbital   1379a         

 ITERATION  ENERGY          1e-ENERGY        2e-ENERGY     RMS[dD(SAO)]   TOL
  34  -2281.3249087920    -14053.880529     6273.1995330    0.387D-02 0.322D-12
                          Ediel =-0.375261806083E-01
                            current damping = 0.100
 
          Norm of current diis error: 0.66490E-04
          max. resid. norm for Fia-block=  1.284D-04 for orbital     58a         
          max. resid. fock norm         =  1.562D-02 for orbital   1379a         

 ITERATION  ENERGY          1e-ENERGY        2e-ENERGY     RMS[dD(SAO)]   TOL
  35  -2281.3249072193    -14053.880525     6273.1995308    0.264D-02 0.341D-12
                          Ediel =-0.375261947720E-01
                            current damping = 0.150
 
          Norm of current diis error: 0.60034E-04
          max. resid. norm for Fia-block=  2.388D-05 for orbital     97a         
          max. resid. fock norm         =  3.961D-03 for orbital   1379a         
          mo-orthogonalization: Cholesky decomposition

 ITERATION  ENERGY          1e-ENERGY        2e-ENERGY     RMS[dD(SAO)]   TOL
  36  -2281.3249071006    -14053.880528     6273.1995337    0.775D-03 0.342D-12
                          Ediel =-0.375262046775E-01
                            current damping = 0.200
 
          Norm of current diis error: 0.59796E-04
          max. resid. norm for Fia-block=  3.133D-04 for orbital     58a         
          max. resid. fock norm         =  3.488D-02 for orbital   1379a         

 ITERATION  ENERGY          1e-ENERGY        2e-ENERGY     RMS[dD(SAO)]   TOL
  37  -2281.3249116837    -14053.880559     6273.1995609    0.477D-02 0.294D-12
                          Ediel =-0.375262235072E-01
                            current damping = 0.100
 
          Norm of current diis error: 0.81010E-04
          max. resid. norm for Fia-block=  1.738D-04 for orbital     58a         
          max. resid. fock norm         =  1.478D-02 for orbital   1389a         

 ITERATION  ENERGY          1e-ENERGY        2e-ENERGY     RMS[dD(SAO)]   TOL
  38  -2281.3249125447    -14053.880561     6273.1995619    0.238D-02 0.286D-12
                          Ediel =-0.375262202922E-01
                            current damping = 0.100
 
          Norm of current diis error: 0.94254E-04
          max. resid. norm for Fia-block=  1.937D-04 for orbital     58a         
          max. resid. fock norm         =  1.800D-02 for orbital   1389a         

 ITERATION  ENERGY          1e-ENERGY        2e-ENERGY     RMS[dD(SAO)]   TOL
  39  -2281.3249110536    -14053.880566     6273.1995678    0.286D-02 0.293D-12
                          Ediel =-0.375262322874E-01
                            current damping = 0.150
 
          Norm of current diis error: 0.80168E-04
          max. resid. norm for Fia-block=  9.032D-05 for orbital     58a         
          max. resid. fock norm         =  7.033D-03 for orbital   1389a         

 ITERATION  ENERGY          1e-ENERGY        2e-ENERGY     RMS[dD(SAO)]   TOL
  40  -2281.3249109237    -14053.880561     6273.1995633    0.148D-02 0.294D-12
                          Ediel =-0.375262336619E-01
                            current damping = 0.200
 
          Norm of current diis error: 0.75368E-04
          max. resid. norm for Fia-block=  6.286D-05 for orbital     58a         
          max. resid. fock norm         =  1.061D-02 for orbital   1389a         
          mo-orthogonalization: Cholesky decomposition

 ITERATION  ENERGY          1e-ENERGY        2e-ENERGY     RMS[dD(SAO)]   TOL
  41  -2281.3249123550    -14053.880558     6273.1995591    0.342D-02 0.283D-12
                          Ediel =-0.375262288721E-01
                            current damping = 0.100
 
          Norm of current diis error: 0.75233E-04
          max. resid. norm for Fia-block=  2.720D-04 for orbital     97a         
          max. resid. fock norm         =  5.127D-02 for orbital   1379a         

 ITERATION  ENERGY          1e-ENERGY        2e-ENERGY     RMS[dD(SAO)]   TOL
  42  -2281.3249150315    -14053.880555     6273.1995527    0.162D-01 0.280D-12
                          Ediel =-0.375261961765E-01
                            current damping = 0.100
 
          Norm of current diis error: 0.74330E-04
          max. resid. norm for Fia-block=  4.409D-04 for orbital     58a         
          max. resid. fock norm         =  3.765D-02 for orbital   1379a         

 ITERATION  ENERGY          1e-ENERGY        2e-ENERGY     RMS[dD(SAO)]   TOL
  43  -2281.3248984321    -14053.880532     6273.1995470    0.103D-01 0.221D-11
                            exK = -285.487920852     Coul =  6558.68746786    
                          Ediel =-0.375261646770E-01
                            current damping = 0.150
 
          Norm of current diis error: 0.11647E-03
          max. resid. norm for Fia-block=  2.474D-04 for orbital     97a         
          max. resid. fock norm         =  2.561D-02 for orbital   1379a         

 ITERATION  ENERGY          1e-ENERGY        2e-ENERGY     RMS[dD(SAO)]   TOL
  44  -2281.3249022189    -14053.880532     6273.1995426    0.119D-01 0.143D-11
                          Ediel =-0.375261624279E-01
                            current damping = 0.100
 
          Norm of current diis error: 0.76250E-04
          max. resid. norm for Fia-block=  2.100D-04 for orbital     58a         
          max. resid. fock norm         =  1.743D-02 for orbital   1379a         

 ITERATION  ENERGY          1e-ENERGY        2e-ENERGY     RMS[dD(SAO)]   TOL
  45  -2281.3249040532    -14053.880535     6273.1995445    0.535D-02 0.109D-11
                          Ediel =-0.375261908904E-01
                            current damping = 0.150
 
          Norm of current diis error: 0.51293E-04
          max. resid. norm for Fia-block=  1.666D-04 for orbital     58a         
          max. resid. fock norm         =  1.296D-02 for orbital   1379a         
          mo-orthogonalization: Cholesky decomposition

 ITERATION  ENERGY          1e-ENERGY        2e-ENERGY     RMS[dD(SAO)]   TOL
  46  -2281.3249047365    -14053.880534     6273.1995426    0.283D-02 0.890D-12
                          Ediel =-0.375262107667E-01
                            current damping = 0.200
 
          Norm of current diis error: 0.37254E-04
          max. resid. norm for Fia-block=  9.895D-05 for orbital     58a         
          max. resid. fock norm         =  9.077D-03 for orbital   1379a         

 ITERATION  ENERGY          1e-ENERGY        2e-ENERGY     RMS[dD(SAO)]   TOL
  47  -2281.3249049355    -14053.880527     6273.1995353    0.202D-02 0.745D-12
                          Ediel =-0.375262228167E-01
                            current damping = 0.100
 
          Norm of current diis error: 0.28571E-04
          max. resid. norm for Fia-block=  3.102D-04 for orbital     58a         
          max. resid. fock norm         =  3.413D-02 for orbital   1379a         

 ITERATION  ENERGY          1e-ENERGY        2e-ENERGY     RMS[dD(SAO)]   TOL
  48  -2281.3249055493    -14053.880511     6273.1995190    0.726D-02 0.648D-12
                          Ediel =-0.375262570833E-01
                            current damping = 0.100
 
          Norm of current diis error: 0.16799E-04
          max. resid. norm for Fia-block=  4.375D-05 for orbital     58a         
          max. resid. fock norm         =  3.944D-03 for orbital   1379a         

 ITERATION  ENERGY          1e-ENERGY        2e-ENERGY     RMS[dD(SAO)]   TOL
  49  -2281.3249055039    -14053.880520     6273.1995276    0.738D-03 0.641D-12
                          Ediel =-0.375262877784E-01
                            current damping = 0.150
 
          Norm of current diis error: 0.11415E-04
          max. resid. norm for Fia-block=  2.612D-05 for orbital     58a         
          max. resid. fock norm         =  2.313D-03 for orbital   1379a         

 ITERATION  ENERGY          1e-ENERGY        2e-ENERGY     RMS[dD(SAO)]   TOL
  50  -2281.3249055176    -14053.880516     6273.1995240    0.349D-03 0.636D-12
                          Ediel =-0.375262930175E-01
                            current damping = 0.200
 
          Norm of current diis error: 0.70087E-05
          max. resid. norm for Fia-block=  2.613D-05 for orbital     58a         
          max. resid. fock norm         =  1.924D-03 for orbital   1379a         
          mo-orthogonalization: Cholesky decomposition

 ITERATION  ENERGY          1e-ENERGY        2e-ENERGY     RMS[dD(SAO)]   TOL
  51  -2281.3249054619    -14053.880520     6273.1995278    0.314D-03 0.626D-12
                          Ediel =-0.375263141282E-01
                            current damping = 0.250
 
          Norm of current diis error: 0.24501E-05
          max. resid. norm for Fia-block=  1.435D-05 for orbital     58a         
          max. resid. fock norm         =  1.174D-03 for orbital   1379a         

 ITERATION  ENERGY          1e-ENERGY        2e-ENERGY     RMS[dD(SAO)]   TOL
  52  -2281.3249053608    -14053.880519     6273.1995273    0.237D-03 0.618D-12
                          Ediel =-0.375263230856E-01
                            current damping = 0.300
 
          Norm of current diis error: 0.12332E-05
          max. resid. norm for Fia-block=  9.713D-06 for orbital     58a         
          max. resid. fock norm         =  8.949D-04 for orbital   1379a         

 ITERATION  ENERGY          1e-ENERGY        2e-ENERGY     RMS[dD(SAO)]   TOL
  53  -2281.3249053487    -14053.880519     6273.1995268    0.154D-03 0.611D-12
                          Ediel =-0.375263283916E-01
                            current damping = 0.150
 
          Norm of current diis error: 0.10463E-05
          max. resid. norm for Fia-block=  6.415D-06 for orbital     58a         
          max. resid. fock norm         =  6.004D-04 for orbital   1379a         

 ITERATION  ENERGY          1e-ENERGY        2e-ENERGY     RMS[dD(SAO)]   TOL
  54  -2281.3249054200    -14053.880519     6273.1995263    0.153D-03 0.631D-12
                          Ediel =-0.375263317127E-01
                            current damping = 0.100
 
          Norm of current diis error: 0.94510E-06
          max. resid. norm for Fia-block=  1.788D-06 for orbital     86a         
          max. resid. fock norm         =  2.982D-04 for orbital   1379a         

 ITERATION  ENERGY          1e-ENERGY        2e-ENERGY     RMS[dD(SAO)]   TOL
  55  -2281.3249054423    -14053.880519     6273.1995269    0.118D-03 0.632D-12
                          Ediel =-0.375263337384E-01
                            current damping = 0.150
 
          Norm of current diis error: 0.64192E-06
          max. resid. norm for Fia-block=  3.010D-06 for orbital     58a         
          max. resid. fock norm         =  4.201D-04 for orbital   1389a         
          mo-orthogonalization: Cholesky decomposition

 ITERATION  ENERGY          1e-ENERGY        2e-ENERGY     RMS[dD(SAO)]   TOL
  56  -2281.3249054224    -14053.880519     6273.1995269    0.101D-03 0.626D-12
                          Ediel =-0.375263347831E-01
                            current damping = 0.200
 
          Norm of current diis error: 0.84482E-06
          max. resid. norm for Fia-block=  1.010D-06 for orbital    119a         
          max. resid. fock norm         =  1.904D-04 for orbital   1379a         

 ITERATION  ENERGY          1e-ENERGY        2e-ENERGY     RMS[dD(SAO)]   TOL
  57  -2281.3249052750    -14053.880519     6273.1995270    0.597D-04 0.620D-12
                          Ediel =-0.375263344051E-01
                            current damping = 0.250
 
          Norm of current diis error: 0.13865E-05
          max. resid. norm for Fia-block=  6.088D-07 for orbital     58a         
          max. resid. fock norm         =  5.666D-05 for orbital   1379a         

 ENERGY & DENSITY CONVERGED !


 ITERATION  ENERGY          1e-ENERGY        2e-ENERGY     RMS[dD(SAO)]   TOL
  58  -2281.3249052739    -14053.880519     6273.1995269    0.150D-04 0.615D-12
                          Ediel =-0.375263344301E-01
                            current damping = 0.300
 
          Norm of current diis error: 0.17800E-05
          max. resid. norm for Fia-block=  7.362D-07 for orbital     86a         
          max. resid. fock norm         =  1.066D-04 for orbital   1389a         

 End of SCF iterations

   convergence criteria satisfied after    58 iterations


   *************************************************************************
   mp2                                                                      
   *************************************************************************


                  ------------------------------------------ 
                 |  total energy      =  -2281.32490527389  |
                  ------------------------------------------ 
                 :  kinetic energy    =   2278.23233179602  :
                 :  potential energy  =  -4559.55723706991  :
                 :  virial theorem    =      1.99864439586  :
                 :  wavefunction norm =      1.00000000000  :
                  .......................................... 


 <geterg> : there is no data group $energy 


 <skperg> : $end is missing 


 orbitals $scfmo  will be written to file mos

    irrep                163a        164a        165a        166a        167a   
 eigenvalues H         -0.34676    -0.34617    -0.33772    -0.30939    -0.24869
            eV          -9.4360     -9.4197     -9.1898     -8.4190     -6.7673
 occupation              2.0000      2.0000      2.0000      2.0000      2.0000

    irrep                168a        169a        170a        171a        172a   
 eigenvalues H         -0.01217     0.02768     0.03218     0.03447     0.03610
            eV          -0.3311      0.7533      0.8757      0.9381      0.9824
 
 ==============================================================================
                                  COSMO RESULTS
 ==============================================================================
  PARAMETER:
    nppa:      1082
    nspa:        92
    nsph:        32
    nps:       2635
    npspher:   1041
    disex:   10.0000    
    disex2:  4388.69    
    rsolv [A]: 1.3000
    routf:     0.8500
    phsran:    0.0    
    ampran:   0.10E-04
    cavity:  closed
    epsilon:     4.800
    refind:     1.300
    fepsi:      0.7169811
  CAVITY VOLUME/AREA [a.u.]:
    surface: V1.0, A matrix: V1.0
    area:  2223.06
    volume:  5341.07
  SCREENING CHARGE:
    cosmo      :  -0.053895
    correction :   0.052395
    total      :  -0.001500
  ENERGIES [a.u.]:
    Total energy            =   -2281.3249052738884
    Total energy + OC corr. =    -2281.3250154645
    Dielectric energy       =       -0.0375263344
    Diel. energy + OC corr. =       -0.0376365250
  ELEMENT RADIUS [A]: ATOM LIST
    c  2.00: 1-35,40,42,43
    n  1.83: 36,41,44-46
    o  1.72: 37,39
    s  2.16: 38
    h  1.30: 47-85
 ==============================================================================
 
 
 
 ==============================================================================
                           electrostatic moments
 ==============================================================================

 reference point for electrostatic moments:    0.00000   0.00000   0.00000

 
              nuc           elec       ->  total
 ------------------------------------------------------------------------------
                          charge      
 ------------------------------------------------------------------------------
         334.000000    -334.000000      -0.000000
 
 ------------------------------------------------------------------------------
                       dipole moment  
 ------------------------------------------------------------------------------
   x     433.225857    -440.355737      -7.129880
   y    -181.027475     188.173614       7.146139
   z      63.848635     -66.249981      -2.401346
 
   | dipole moment | =    10.3764 a.u. =    26.3741 debye 
 
 ------------------------------------------------------------------------------
                     quadrupole moment
 ------------------------------------------------------------------------------
  xx   16203.796980  -16499.854344    -296.057364
  yy   22085.976183  -22376.615079    -290.638896
  zz    4328.606465   -4541.731449    -213.124984
  xy  -13800.726166   13884.347724      83.621558
  xz    1685.122777   -1697.522279     -12.399502
  yz   -6409.195705    6430.350131      21.154425
 
     1/3  trace=    -266.607081
     anisotropy=     170.994854
 
 ==============================================================================
 
HOMO-LUMO Separation
 HOMO         :   -0.24869315 H =     -6.76729 eV
 LUMO         :   -0.01216644 H =     -0.33107 eV
 HOMO-LUMO gap:    0.23652671 H =     +6.43622 eV
 
 ==============================================================================


    ------------------------------------------------------------------------
         total  cpu-time :   1 days 14 hours 36 minutes and 52 seconds
         total wall-time :   1 days 14 hours 41 minutes and 37 seconds
    ------------------------------------------------------------------------

   ****  ridft : all done  ****


    2025-07-04 18:48:48.284 

 ridft ended normally
