
 eiger (nano22.int-nano.int.kit.edu) : TURBOMOLE rev. V7-6 19 Oct 2021 at 10:10:11 compiled Oct 19th 2021
 Copyright (C) 2021 TURBOMOLE GmbH, Karlsruhe


    2025-03-21 15:10:14.253 

 tcf1-b3                                                                        
  
Total energy =  -1066.6237078140 H =    -29024.3094514 eV
 
 HOMO-LUMO Separation
   HOMO:    87.    87 a     -0.20836403 H =     -5.66987 eV
   LUMO:    88.    88 a     -0.11230265 H =     -3.05591 eV
   Gap :                    +0.09606138 H =     +2.61396 eV
 
Number of MOs=    737, Electrons=    174.00, Symmetry: c1   
 
   Nr.   Orbital    Occupation       Energy
  104.   104 a                     +0.027357 H =        +0.744 eV
  103.   103 a                     +0.024942 H =        +0.679 eV
  102.   102 a                     +0.023810 H =        +0.648 eV
  101.   101 a                     +0.021874 H =        +0.595 eV
  100.   100 a                     +0.021802 H =        +0.593 eV
   99.    99 a                     +0.013737 H =        +0.374 eV
   98.    98 a                     +0.011429 H =        +0.311 eV
   97.    97 a                     +0.011255 H =        +0.306 eV
   96.    96 a                     +0.007393 H =        +0.201 eV
   95.    95 a                     +0.001566 H =        +0.043 eV
   94.    94 a                     -0.007189 H =        -0.196 eV
   93.    93 a                     -0.015399 H =        -0.419 eV
   92.    92 a                     -0.019584 H =        -0.533 eV
   91.    91 a                     -0.020388 H =        -0.555 eV
   90.    90 a                     -0.031441 H =        -0.856 eV
   89.    89 a                     -0.044137 H =        -1.201 eV
   88.    88 a                     -0.112303 H =        -3.056 eV
   87.    87 a        2.000        -0.208364 H =        -5.670 eV
   86.    86 a        2.000        -0.247035 H =        -6.722 eV
   85.    85 a        2.000        -0.276041 H =        -7.511 eV
   84.    84 a        2.000        -0.277550 H =        -7.553 eV
   83.    83 a        2.000        -0.316863 H =        -8.622 eV
   82.    82 a        2.000        -0.336730 H =        -9.163 eV
   81.    81 a        2.000        -0.347106 H =        -9.445 eV
   80.    80 a        2.000        -0.347378 H =        -9.453 eV
   79.    79 a        2.000        -0.347455 H =        -9.455 eV
   78.    78 a        2.000        -0.351608 H =        -9.568 eV
   77.    77 a        2.000        -0.358038 H =        -9.743 eV
   76.    76 a        2.000        -0.363907 H =        -9.902 eV
   75.    75 a        2.000        -0.368538 H =       -10.028 eV
   74.    74 a        2.000        -0.377946 H =       -10.284 eV
   73.    73 a        2.000        -0.382831 H =       -10.417 eV
   72.    72 a        2.000        -0.384373 H =       -10.459 eV


    ------------------------------------------------------------------------
         total  cpu-time :   0.23 seconds
         total wall-time :   0.25 seconds
    ------------------------------------------------------------------------

   ****  eiger : all done  ****


    2025-03-21 15:10:14.481 

