
 ridft (nano22.int-nano.int.kit.edu) : TURBOMOLE rev. V7-6 19 Oct 2021 at 10:10:11 compiled Oct 19th 2021
 Copyright (C) 2021 TURBOMOLE GmbH, Karlsruhe


    2025-03-21 14:01:47.522 



                                  r i d f t

                        DFT program with RI approximation 
                                for coulomb part 




                                                 
                                 References:     
                                                 
          TURBOMOLE:                             
              R. Ahlrichs, M. Baer, M. Haeser, H. Horn, and
              C. Koelmel
              Electronic structure calculations on workstation
              computers: the program system TURBOMOLE
              Chem. Phys. Lett. 162: 165 (1989)
          Density Functional:                              
              O. Treutler and R. Ahlrichs                      
              Efficient Molecular Numerical Integration Schemes
              J. Chem. Phys. 102: 346 (1995)                   
          Parallel Version:                                
              Performance of parallel TURBOMOLE for Density    
              Functional Calculations                          
              M. v. Arnim and R. Ahlrichs                      
              J. Comp. Chem. 19: 1746 (1998)                   
          RI-J Method:                                     
              Auxiliary Basis Sets to approximate Coulomb      
              Potentials                                       
              Chem. Phys. Lett. 240: 283 (1995)                
              K. Eichkorn, O. Treutler, H. Oehm, M. Haeser     
              and R. Ahlrichs                                  
              Chem. Phys. Lett. 242: 652 (1995)                
                                                           
              Auxiliary Basis Sets for Main Row Atoms and their
              Use to approximate Coulomb Potentials            
              K. Eichkorn, F. Weigend, O. Treutler and         
              R. Ahlrichs                                      
              Theo. Chem. Acc. 97: 119 (1997)                   
                                                           
              Accurate Coulomb-fitting basis sets for H to Rn 
              F. Weigend                                        
              Phys. Chem. Chem. Phys. 8: 1057 (2006)            
                                                           
          Multipole accelerated RI-J (MARI-J):             
              Fast evaluation of the Coulomb potential for     
              electron densities using multipole accelerated   
              resolution of identity approximation             
              M. Sierka, A. Hogekamp and R. Ahlrichs           
              J. Chem. Phys. 118: 9136 (2003)                  
          RI-JK Method:                                     
              A fully direct RI-HF algorithm: Implementation,
              optimised auxiliary basis sets, demonstration of
              accuracy and efficiency                         
              F. Weigend                                      
              Phys. Chem. Chem. Phys. 4: 4285 (2002)           
          Two-component HF and DFT with spin-orbit coupling:  
              Self-consistent treatment of spin-orbit         
              interactions with efficient Hartree-Fock and    
              density functional methods                      
              M. K. Armbruster, F. Weigend, C. van Wüllen and 
              W. Klopper                                      
              Phys. Chem. Chem. Phys. 10: 1748 (2008)         
          Two-component difference density and DIIS algorithm 
              Efficient two-component self-consistent field   
              procedures and gradients: implementation in     
              TURBOMOLE and application to Au20-              
              A. Baldes, F. Weigend                           
              Mol. Phys. 111: 2617 (2013)                     
          Relativistic all-electron 2c calculations           
              An efficient implementation of two-component    
              relativistic exact-decoupling methods for large 
              molecules                                       
              D. Peng, N. Middendorf, F. Weigend, M. Reiher   
              J. Chem. Phys. 138: 184105 (2013)               
          Finite nucleus model and SNSO approximation         
              Efficient implementation of one- and two-       
              component analytical energy gradients in exact  
              two-component theory                            
              Y. J. Franzke, N. Middendorf, F. Weigend        
              J. Chem. Phys. 148: 104110 (2018)               
          Grids for all-electron relativistic methods         
              Error-consistent segmented contracted all-      
              electron relativistic basis sets of double-     
              and triple-zeta quality for NMR shielding       
              constants                                       
              Y. J. Franzke, R. Tress, T. M. Pazdera,         
              F. Weigend                                      
              Phys. Chem. Chem. Phys. 21: 166658 (2019)       
          Seminumerical exchange algorithms                   
              Seminumerical calculation of the Hartree-Fock   
              exchange matirx: Application to two-component   
              procedures and efficient evaluation of local    
              hybrid functionsl                               
               P. Plessow, F. Weigend,                        
              J. Comput. Chem. 33: 810 (2012)                 
          Improved seminumerical algorithms                   
              C. Holzer,                                      
              J. Chem. Phys. 153 (2020), 184115               
                                         




              +--------------------------------------------------+
              |      general information about current run       |
              +--------------------------------------------------+

 
 Becke-3-Parameter hybrid functional: B3-LYP
 exchange:    0.8*LDA + 0.72*B88 + 0.2*HF
 correlation: 0.19*LDA(VWN) + 0.81*LYP
 A Hybrid-DFT calculation using the RI-J approximation will be carried out.
 Allocatable memory for RI due to $ricore (MB):                  2000

   *************************************************************************
   tcf1-b3                                                                  
   *************************************************************************




              +--------------------------------------------------+
              | Atomic coordinate, charge and isotop information |
              +--------------------------------------------------+

                    atomic coordinates            atom    charge  isotop
          1.77819657   -0.01193116   -4.08293168    o      8.000     0
         -6.62725383   -0.01748110   -0.64881309    n      7.000     0
          1.15851285    0.01483416  -10.66746561    n      7.000     0
         -6.59309174    0.01087745   -7.62049578    n      7.000     0
         -0.00731929    0.02640231   15.13967540    n      7.000     0
         -0.73488973   -0.00902382   -4.34844463    c      6.000     0
         -1.90163461   -0.01676697   -1.86867287    c      6.000     0
         -0.01451083   -0.02145954   -0.05113467    c      6.000     0
          2.51713995   -0.01714246   -1.42803107    c      6.000     0
         -1.77711470    0.00121831   -6.74432464    c      6.000     0
         -0.14796461    0.00861696   -8.90144304    c      6.000     0
         -4.44085564    0.00607169   -7.17909808    c      6.000     0
         -4.52899738   -0.01713585   -1.29756740    c      6.000     0
          0.29892330    0.00939118   12.56657517    c      6.000     0
          2.73941993    0.00856027   11.43957804    c      6.000     0
          4.43123466    0.01972685   12.61164457    h      1.000     0
          3.01449527   -0.00555277    8.83624163    c      6.000     0
          4.92282707   -0.00414587    8.04002178    h      1.000     0
          0.91969229   -0.01928749    7.17474585    c      6.000     0
         -1.50647644   -0.02202608    8.30654837    c      6.000     0
         -3.19712861   -0.03452001    7.12235017    h      1.000     0
         -1.81944664   -0.00804626   10.90100968    c      6.000     0
         -3.73295648   -0.00985719   11.65801167    h      1.000     0
          2.18513548    0.04944166   16.79182440    c      6.000     0
          5.68020908    2.40884939   -2.31969589    h      1.000     0
          4.78569607    2.50253464    0.93456405    h      1.000     0
          2.90523811    4.08211060   -1.37653263    h      1.000     0
         -2.52555717    0.03118464   16.23674645    c      6.000     0
         -2.37308519    0.04058773   18.30436686    h      1.000     0
          4.06514766    2.39658072   -1.01035908    c      6.000     0
         -3.62215560    1.71559240   15.67072283    h      1.000     0
         -0.45058365   -0.02644010    2.61139571    c      6.000     0
         -2.44684498   -0.02914052    3.14742692    h      1.000     0
          1.34251454   -0.02366976    4.47735475    c      6.000     0
          3.33631847   -0.02081477    3.93154402    h      1.000     0
          4.06738150   -2.43062376   -1.01870619    c      6.000     0
          2.90967821   -4.11571257   -1.39372461    h      1.000     0
          4.78462082   -2.54365735    0.92710172    h      1.000     0
          5.68462329   -2.43582920   -2.32536355    h      1.000     0
          3.37270193    1.74018756   16.49019330    h      1.000     0
          1.55646140    0.05959346   18.76706441    h      1.000     0
          3.38981056   -1.63297773   16.51366767    h      1.000     0
         -3.62080483   -1.65915705   15.68680875    h      1.000     0
 
       center of nuclear mass  :   -0.29046306   -0.00271272    2.45670366
       center of nuclear charge:   -0.19356975   -0.00233509    2.73627848

              +--------------------------------------------------+
              |               basis set information              |
              +--------------------------------------------------+

              we will work with the 1s 3p 5d 7f 9g ... basis set
              ...i.e. with spherical basis functions...

   type   atoms  prim   cont   basis
   ---------------------------------------------------------------------------
    o        1     43     23   aug-cc-pVDZ   [4s3p2d|18s5p2d]
    n        4     43     23   aug-cc-pVDZ   [4s3p2d|18s5p2d]
    c       20     43     23   aug-cc-pVDZ   [4s3p2d|18s5p2d]
    h       18     11      9   aug-cc-pVDZ   [3s2p|5s2p]
   ---------------------------------------------------------------------------
   total:   43   1273    737
   ---------------------------------------------------------------------------

   total number of primitive shells          :   82
   total number of contracted shells         :  315
   total number of cartesian basis functions :  787
   total number of SCF-basis functions       :  737


 integral neglect threshold       :  0.42E-11
 integral storage threshold THIZE :  0.10E-04
 integral storage threshold THIME :         5

 RI-J AUXILIARY BASIS SET information:

              we will work with the 1s 3p 5d 7f 9g ... basis set
              ...i.e. with spherical basis functions...

   type   atoms  prim   cont   basis
   ---------------------------------------------------------------------------
    o        1     70     49   aug-cc-pVDZ   [6s4p3d1f1g|12s5p4d2f1g]
    n        4     70     49   aug-cc-pVDZ   [6s4p3d1f1g|12s5p4d2f1g]
    c       20     70     49   aug-cc-pVDZ   [6s4p3d1f1g|12s5p4d2f1g]
    h       18     16     11   aug-cc-pVDZ   [3s1p1d|5s2p1d]
   ---------------------------------------------------------------------------
   total:   43   2038   1423
   ---------------------------------------------------------------------------

   total number of primitive shells          :   80
   total number of contracted shells         :  465
   total number of cartesian basis functions : 1741
   total number of SCF-basis functions       : 1423


 symmetry group of the molecule :   c1 

 the group has the following generators :
   c1(z)

    1 symmetry operations found

 there are 1 real representations :   a   

 maximum number of shells which are related by symmetry :  1

 ==============================================================================
                      COSMO switched on
 ==============================================================================
 COSMO stati: segments per atom: H   32 other atoms   92
 COSMO statistics: nps   1576 npspher:    668
 COSMO surface:
   number of segments: 1576
   area (bohr**2):     1340.464885
   volume (bohr**3):   2828.903435
 COSMO: check number of disjunct cavities:

       ... OK contiguous cavity found
  
           ------------------
           density functional
           ------------------
 Becke-3-Parameter hybrid functional: B3-LYP
 exchange:    0.8*LDA + 0.72*B88 + 0.2*HF
 correlation: 0.19*LDA(VWN) + 0.81*LYP

 iterations will be done with small grid
  
 spherical integration : Lebedev's spherical grid
 spherical gridsize    :                     3
    i.e. gridpoints    :                   302
 value for diffuse not defined
 radial integration    : Chebyshev 2nd kind (scaling 3)
 radial gridsize       :                     3
 integration cells     :                    43
 partition function    : becke
 partition sharpness   :                     3
  

 biggest AO integral is expected to be     4.738267915

          ------------------------
          nuclear repulsion energy  :   1894.58201820    
          ------------------------


         -----------------
         -S,T+V- integrals
         -----------------

 1e-integrals will be neglected if expon. factor < 0.424646E-12
 
   Difference densities algorithm switched on.
   The maximal number of linear combinations of
   difference densities is                    20 .

 DIIS switched on: error vector is FDS-SDF
 Max. Iterations for DIIS is     :   4
 DIIS matrix (see manual) 
    Scaling factor of diagonals  :  1.200
    threshold for scaling factor :  0.000

 scf convergence criterion : increment of total energy < .1000000D-06
                  and increment of one-electron energy < .1000000D-03

 MOs are in ASCII format !


    mo occupation :
   irrep   mo's   occupied
    a      737       87
 
 number of basis functions   :   737
 number of occupied orbitals :    87
 

 reading orbital data $scfmo  from file mos
 orbital characterization : expanded
 virtual MOs provided and orthogonalized by Cholesky decomposition

 automatic virtual orbital shift switched on 
      shift if e(lumo)-e(homo) < 0.10000000    

  
           ------------------------
               RI-J - INFORMATION
           ------------------------
 Contributions to RI integral batches: 
  neglected integral batches:                 11331
  direct contribution:                        10366
  memory contribution:                 28073
 Memory core needed for (P|Q) and Cholesky     16 MByte
 Memory core minimum needed except of (P|Q)     2 MByte
 Total minimum memory core needed (sum)        18 MByte
  
 ****************************************
 Memory allocated for RI-J  1762 MByte
 ****************************************
                                            

 DSCF restart information will be dumped onto file mos


 Starting SCF iterations

          Overall gridpoints after grid construction =         58357

 ITERATION  ENERGY          1e-ENERGY        2e-ENERGY     NORM[dD(SAO)]  TOL
   1  -1062.0468923839    -5159.5577124     2202.9288018    0.000D+00 0.424D-11
                            Exc = -119.415947012     Coul =  2350.66584651    
                            exK = -28.3210976629    
                              N = 173.99355585    
                          Ediel =-0.197887282534    
                            current damping = 0.300
 
          max. resid. norm for Fia-block=  3.970D-01 for orbital     78a         
          max. resid. fock norm         =  1.404D+00 for orbital    724a         

 ITERATION  ENERGY          1e-ENERGY        2e-ENERGY     NORM[dD(SAO)]  TOL
   2  -1065.9768500769    -5206.4493074     2245.8904391    0.166D+03 0.106D-11
                            Exc = -121.286108026      Eck =  2367.17654713    
                              N = 173.99565400    
                          Ediel =-0.336551789685E-01
                            current damping = 0.250
 
          Norm of current diis error:  3.1466    
          max. resid. norm for Fia-block=  1.537D-01 for orbital     32a         
          max. resid. fock norm         =  2.968D-01 for orbital    721a         

 ITERATION  ENERGY          1e-ENERGY        2e-ENERGY     NORM[dD(SAO)]  TOL
   3  -1066.2027413829    -5202.4781126     2241.6933531    0.482D+02 0.947D-12
                            Exc = -122.148430047      Eck =  2363.84178310    
                              N = 173.99654340    
                          Ediel =-0.808398678288E-01
                            current damping = 0.200
 
          Norm of current diis error:  2.5391    
          max. resid. norm for Fia-block=  8.941D-02 for orbital     82a         
          max. resid. fock norm         =  9.392D-02 for orbital     82a         

 ITERATION  ENERGY          1e-ENERGY        2e-ENERGY     NORM[dD(SAO)]  TOL
   4  -1066.5903927079    -5202.7126508     2241.5402399    0.124D+02 0.922D-12
                            Exc = -121.585393758      Eck =  2363.12563366    
                              N = 173.99666425    
                          Ediel =-0.267499636944E-01
                            current damping = 0.250
 
          Norm of current diis error: 0.78944    
          max. resid. norm for Fia-block=  2.152D-02 for orbital     76a         
          max. resid. fock norm         =  2.858D-02 for orbital     35a         

 ITERATION  ENERGY          1e-ENERGY        2e-ENERGY     NORM[dD(SAO)]  TOL
   5  -1066.6190994110    -5204.9459092     2243.7447916    0.388D+01 0.916D-12
                            Exc = -121.752213639      Eck =  2365.49700523    
                              N = 173.99680268    
                          Ediel =-0.298838395931E-01
                            current damping = 0.300
 
          Norm of current diis error: 0.30305    
          max. resid. norm for Fia-block=  1.341D-02 for orbital     26a         
          max. resid. fock norm         =  1.863D-02 for orbital     26a         
          mo-orthogonalization: Cholesky decomposition

 ITERATION  ENERGY          1e-ENERGY        2e-ENERGY     NORM[dD(SAO)]  TOL
   6  -1066.6230241732    -5205.3094730     2244.1044306    0.131D+01 0.915D-12
                            Exc = -121.807291113      Eck =  2365.91172169    
                              N = 173.99681761    
                          Ediel =-0.301099482341E-01
                            current damping = 0.150
 
          Norm of current diis error: 0.12716    
          max. resid. norm for Fia-block=  4.202D-03 for orbital     82a         
          max. resid. fock norm         =  5.448D-03 for orbital     62a         

 ITERATION  ENERGY          1e-ENERGY        2e-ENERGY     NORM[dD(SAO)]  TOL
   7  -1066.6236286283    -5204.6800961     2243.4744493    0.670D+00 0.914D-12
                            Exc = -121.771968372      Eck =  2365.24641763    
                              N = 173.99681046    
                          Ediel =-0.304222804433E-01
                            current damping = 0.200
 
          Norm of current diis error: 0.78260E-01
          max. resid. norm for Fia-block=  2.389D-03 for orbital     82a         
          max. resid. fock norm         =  2.696D-03 for orbital     42a         

 ITERATION  ENERGY          1e-ENERGY        2e-ENERGY     NORM[dD(SAO)]  TOL
   8  -1066.6239574090    -5204.7911434     2243.5851678    0.219D+00 0.914D-12
                            Exc = -121.772391718      Eck =  2365.35755950    
                              N = 173.99682063    
                          Ediel =-0.299779884815E-01
                            current damping = 0.250
 
          Norm of current diis error: 0.22499E-01
          max. resid. norm for Fia-block=  7.501D-04 for orbital     82a         
          max. resid. fock norm         =  1.012D-03 for orbital     28a         

 ITERATION  ENERGY          1e-ENERGY        2e-ENERGY     NORM[dD(SAO)]  TOL
   9  -1066.6239797294    -5204.8801034     2243.6741055    0.790D-01 0.914D-12
                            Exc = -121.777387236      Eck =  2365.45149275    
                              N = 173.99682060    
                          Ediel =-0.299682565088E-01
                            current damping = 0.100
 
          Norm of current diis error: 0.11392E-01
          max. resid. norm for Fia-block=  4.189D-04 for orbital     28a         
          max. resid. fock norm         =  5.910D-04 for orbital     28a         

 ITERATION  ENERGY          1e-ENERGY        2e-ENERGY     NORM[dD(SAO)]  TOL
  10  -1066.6239848715    -5204.8497366     2243.6437335    0.499D-01 0.914D-12
                            Exc = -121.777827580      Eck =  2365.42156107    
                              N = 173.99682165    
                          Ediel =-0.301071645053E-01
                            current damping = 0.150
 
          Norm of current diis error: 0.64524E-02
          max. resid. norm for Fia-block=  2.155D-04 for orbital     82a         
          max. resid. fock norm         =  2.493D-04 for orbital     28a         
          mo-orthogonalization: Cholesky decomposition

 ITERATION  ENERGY          1e-ENERGY        2e-ENERGY     NORM[dD(SAO)]  TOL
  11  -1066.6239869991    -5204.8603360     2243.6543308    0.142D-01 0.914D-12
                            Exc = -121.776857084      Eck =  2365.43118787    
                              N = 173.99682114    
                          Ediel =-0.300106245027E-01
                            current damping = 0.200
 
          Norm of current diis error: 0.27403E-02
          max. resid. norm for Fia-block=  9.039D-05 for orbital     78a         
          max. resid. fock norm         =  1.269D-04 for orbital     35a         

 ITERATION  ENERGY          1e-ENERGY        2e-ENERGY     NORM[dD(SAO)]  TOL
  12  -1066.6239873705    -5204.8560558     2243.6500502    0.945D-02 0.914D-12
                            Exc = -121.777053253      Eck =  2365.42710348    
                              N = 173.99682141    
                          Ediel =-0.300359268833E-01
                            current damping = 0.250
 
          Norm of current diis error: 0.11382E-02
          max. resid. norm for Fia-block=  2.985D-05 for orbital     78a         
          max. resid. fock norm         =  6.484D-05 for orbital    734a         

 ITERATION  ENERGY          1e-ENERGY        2e-ENERGY     NORM[dD(SAO)]  TOL
  13  -1066.6239874354    -5204.8566927     2243.6506870    0.773D-02 0.913D-12
                            Exc = -121.776989774      Eck =  2365.42767680    
                              N = 173.99682144    
                          Ediel =-0.300310030102E-01
                            current damping = 0.300
 
          Norm of current diis error: 0.31073E-03
          max. resid. norm for Fia-block=  9.839D-06 for orbital     81a         
          max. resid. fock norm         =  6.252D-05 for orbital    734a         

 ENERGY CONVERGED !

          Overall gridpoints after grid construction =        212800

 ITERATION  ENERGY          1e-ENERGY        2e-ENERGY     NORM[dD(SAO)]  TOL
  14  -1066.6237078135    -5204.8568126     2243.6510866    0.388D+02 0.121D-11
                            Exc = -121.776758792      Eck =  2365.42784540    
                              N = 173.99978969    
                          Ediel =-0.300325683471E-01
                            current damping = 0.150
 
          Norm of current diis error: 0.12568E-03
          max. resid. norm for Fia-block=  6.017D-06 for orbital     56a         
          max. resid. fock norm         =  9.900D-04 for orbital    734a         

 End of SCF iterations

   convergence criteria satisfied after    14 iterations


   *************************************************************************
   tcf1-b3                                                                  
   *************************************************************************


                  ------------------------------------------ 
                 |  total energy      =  -1066.62370781353  |
                  ------------------------------------------ 
                 :  kinetic energy    =   1060.37548149319  :
                 :  potential energy  =  -2126.99918930672  :
                 :  virial theorem    =      1.99414205190  :
                 :  wavefunction norm =      1.00000000000  :
                  .......................................... 


 <geterg> : there is no data group $energy 


 <skperg> : $end is missing 


 orbitals $scfmo  will be written to file mos

    irrep                 83a         84a         85a         86a         87a   
 eigenvalues H         -0.31686    -0.27755    -0.27604    -0.24704    -0.20836
            eV          -8.6224     -7.5526     -7.5115     -6.7222     -5.6699
 occupation              2.0000      2.0000      2.0000      2.0000      2.0000

    irrep                 88a         89a         90a         91a         92a   
 eigenvalues H         -0.11230    -0.04414    -0.03144    -0.02039    -0.01958
            eV          -3.0559     -1.2010     -0.8556     -0.5548     -0.5329
 
 ==============================================================================
                                  COSMO RESULTS
 ==============================================================================
  PARAMETER:
    nppa:      1082
    nspa:        92
    nsph:        32
    nps:       1576
    npspher:    668
    disex:   10.0000    
    disex2:  4472.32    
    rsolv [A]: 1.3000
    routf:     0.8500
    phsran:    0.0    
    ampran:   0.10E-04
    cavity:  closed
    epsilon:     4.800
    refind:     1.300
    fepsi:      0.7169811
  CAVITY VOLUME/AREA [a.u.]:
    surface: V1.0, A matrix: V1.0
    area:  1340.46
    volume:  2828.90
  SCREENING CHARGE:
    cosmo      :  -0.046245
    correction :   0.045026
    total      :  -0.001218
  ENERGIES [a.u.]:
    Total energy            =   -1066.6237078135277
    Total energy + OC corr. =    -1066.6236909792
    Dielectric energy       =       -0.0300325683
    Diel. energy + OC corr. =       -0.0300157340
  ELEMENT RADIUS [A]: ATOM LIST
    o  1.72: 1
    n  1.83: 2-5
    c  2.00: 6-15,17,19,20,22,24,28,30,32,34,36
    h  1.30: 16,18,21,23,25-27,29,31,33,35,37-43
 ==============================================================================
 
 
 
 ==============================================================================
                           electrostatic moments
 ==============================================================================

 reference point for electrostatic moments:    0.00000   0.00000   0.00000

 
              nuc           elec       ->  total
 ------------------------------------------------------------------------------
                          charge      
 ------------------------------------------------------------------------------
         174.000000    -174.000000      -0.000000
 
 ------------------------------------------------------------------------------
                       dipole moment  
 ------------------------------------------------------------------------------
   x     -33.681136      37.422197       3.741061
   y      -0.406306       0.407962       0.001656
   z     476.112455    -467.157945       8.954510
 
   | dipole moment | =     9.7046 a.u. =    24.6666 debye 
 
 ------------------------------------------------------------------------------
                     quadrupole moment
 ------------------------------------------------------------------------------
  xx    1655.432548   -1783.361326    -127.928778
  yy     139.434107    -249.929390    -110.495282
  zz   13417.902521  -13495.594389     -77.691868
  xy      -0.187873       0.186469      -0.001404
  xz     724.089784    -732.724849      -8.635065
  yz      11.666341     -11.363142       0.303199
 
     1/3  trace=    -105.371976
     anisotropy=      46.645876
 
 ==============================================================================
 
HOMO-LUMO Separation
 HOMO         :   -0.20836403 H =     -5.66988 eV
 LUMO         :   -0.11230265 H =     -3.05591 eV
 HOMO-LUMO gap:    0.09606138 H =     +2.61396 eV
 
 ==============================================================================


    ------------------------------------------------------------------------
         total  cpu-time :  1 hours  8 minutes and 19 seconds
         total wall-time :  1 hours  8 minutes and 26 seconds
    ------------------------------------------------------------------------

   ****  ridft : all done  ****


    2025-03-21 15:10:13.965 

