
 eiger (nano09.int-nano.int.kit.edu) : TURBOMOLE rev. V7-6 19 Oct 2021 at 10:10:11 compiled Oct 19th 2021
 Copyright (C) 2021 TURBOMOLE GmbH, Karlsruhe


    2025-03-19 00:46:40.075 

 tcf1-pbe0                                                                      
  
Total energy =  -1066.0001025040 H =    -29007.3402866 eV
 
 HOMO-LUMO Separation
   HOMO:    87.    87 a     -0.22631096 H =     -6.15823 eV
   LUMO:    88.    88 a     -0.11648606 H =     -3.16975 eV
   Gap :                    +0.10982490 H =     +2.98849 eV
 
Number of MOs=    737, Electrons=    174.00, Symmetry: c1   
 
   Nr.   Orbital    Occupation       Energy
  104.   104 a                     +0.030130 H =        +0.820 eV
  103.   103 a                     +0.023923 H =        +0.651 eV
  102.   102 a                     +0.023597 H =        +0.642 eV
  101.   101 a                     +0.016950 H =        +0.461 eV
  100.   100 a                     +0.015792 H =        +0.430 eV
   99.    99 a                     +0.012113 H =        +0.330 eV
   98.    98 a                     +0.005484 H =        +0.149 eV
   97.    97 a                     +0.003876 H =        +0.105 eV
   96.    96 a                     +0.001243 H =        +0.034 eV
   95.    95 a                     -0.003411 H =        -0.093 eV
   94.    94 a                     -0.007158 H =        -0.195 eV
   93.    93 a                     -0.017613 H =        -0.479 eV
   92.    92 a                     -0.019861 H =        -0.540 eV
   91.    91 a                     -0.027418 H =        -0.746 eV
   90.    90 a                     -0.035658 H =        -0.970 eV
   89.    89 a                     -0.043722 H =        -1.190 eV
   88.    88 a                     -0.116486 H =        -3.170 eV
   87.    87 a        2.000        -0.226311 H =        -6.158 eV
   86.    86 a        2.000        -0.256068 H =        -6.968 eV
   85.    85 a        2.000        -0.294879 H =        -8.024 eV
   84.    84 a        2.000        -0.299924 H =        -8.161 eV
   83.    83 a        2.000        -0.335185 H =        -9.121 eV
   82.    82 a        2.000        -0.336043 H =        -9.144 eV
   81.    81 a        2.000        -0.345843 H =        -9.411 eV
   80.    80 a        2.000        -0.348326 H =        -9.478 eV
   79.    79 a        2.000        -0.364228 H =        -9.911 eV
   78.    78 a        2.000        -0.369129 H =       -10.045 eV
   77.    77 a        2.000        -0.371728 H =       -10.115 eV
   76.    76 a        2.000        -0.372048 H =       -10.124 eV
   75.    75 a        2.000        -0.378070 H =       -10.288 eV
   74.    74 a        2.000        -0.378776 H =       -10.307 eV
   73.    73 a        2.000        -0.384285 H =       -10.457 eV
   72.    72 a        2.000        -0.391310 H =       -10.648 eV


    ------------------------------------------------------------------------
         total  cpu-time :   0.27 seconds
         total wall-time :   0.28 seconds
    ------------------------------------------------------------------------

   ****  eiger : all done  ****


    2025-03-19 00:46:40.341 

