
 eiger (nano14.int-nano.int.kit.edu) : TURBOMOLE rev. V7-6 19 Oct 2021 at 10:10:11 compiled Oct 19th 2021
 Copyright (C) 2021 TURBOMOLE GmbH, Karlsruhe


    2025-03-27 18:23:00.771 

 pbe0                                                                           
  
Total energy =  -3116.5255025710 H =    -84804.9784916 eV
 
 HOMO-LUMO Separation
   HOMO:   192.   192 a     -0.19611429 H =     -5.33654 eV
   LUMO:   193.   193 a     -0.12807145 H =     -3.48500 eV
   Gap :                    +0.06804283 H =     +1.85154 eV
 
Number of MOs=   1470, Electrons=    384.00, Symmetry: c1   
 
   Nr.   Orbital    Occupation       Energy
  209.   209 a                     +0.006831 H =        +0.186 eV
  208.   208 a                     +0.003932 H =        +0.107 eV
  207.   207 a                     +0.003762 H =        +0.102 eV
  206.   206 a                     +0.000035 H =        +0.001 eV
  205.   205 a                     -0.003396 H =        -0.092 eV
  204.   204 a                     -0.004311 H =        -0.117 eV
  203.   203 a                     -0.008600 H =        -0.234 eV
  202.   202 a                     -0.016579 H =        -0.451 eV
  201.   201 a                     -0.019671 H =        -0.535 eV
  200.   200 a                     -0.024280 H =        -0.661 eV
  199.   199 a                     -0.024382 H =        -0.663 eV
  198.   198 a                     -0.031564 H =        -0.859 eV
  197.   197 a                     -0.034488 H =        -0.938 eV
  196.   196 a                     -0.040995 H =        -1.116 eV
  195.   195 a                     -0.045074 H =        -1.227 eV
  194.   194 a                     -0.075935 H =        -2.066 eV
  193.   193 a                     -0.128071 H =        -3.485 eV
  192.   192 a        2.000        -0.196114 H =        -5.337 eV
  191.   191 a        2.000        -0.230424 H =        -6.270 eV
  190.   190 a        2.000        -0.255582 H =        -6.955 eV
  189.   189 a        2.000        -0.256267 H =        -6.973 eV
  188.   188 a        2.000        -0.277724 H =        -7.557 eV
  187.   187 a        2.000        -0.280495 H =        -7.633 eV
  186.   186 a        2.000        -0.282559 H =        -7.689 eV
  185.   185 a        2.000        -0.283400 H =        -7.712 eV
  184.   184 a        2.000        -0.286329 H =        -7.791 eV
  183.   183 a        2.000        -0.288867 H =        -7.860 eV
  182.   182 a        2.000        -0.290872 H =        -7.915 eV
  181.   181 a        2.000        -0.303205 H =        -8.251 eV
  180.   180 a        2.000        -0.327670 H =        -8.916 eV
  179.   179 a        2.000        -0.347992 H =        -9.469 eV
  178.   178 a        2.000        -0.351185 H =        -9.556 eV
  177.   177 a        2.000        -0.351948 H =        -9.577 eV


    ------------------------------------------------------------------------
         total  cpu-time :   0.99 seconds
         total wall-time :   1.00 seconds
    ------------------------------------------------------------------------

   ****  eiger : all done  ****


    2025-03-27 18:23:01.759 

