
 riper (nano18.int-nano.int.kit.edu) : TURBOMOLE rev. V7-6 19 Oct 2021 at 10:10:11 compiled Oct 19th 2021
 Copyright (C) 2021 TURBOMOLE GmbH, Karlsruhe


    2025-05-21 03:58:48.334 

 Number of MKL threads:      1

   *************************************************************************
   OPT                                                                      
   *************************************************************************


    
    *************************************************************************
    *************************************************************************
    ***            _            _                   _     _               ***
    ***           | |_ _  _ _ _| |__  ___ _ __  ___| |___( )___           ***
    ***           |  _| || | '_| '_ \/ _ \ '  \/ _ \ / -_)/(_-<           ***
    ***            \__|\_,_|_| |_.__/\___/_|_|_\___/_\___| /__/           ***
    ***                      ___   ___                                    ***
    ***             //   ) )    / /    //   ) ) //   / /  //   ) )        ***
    ***            //___/ /    / /    //___/ / //____    //___/ /         ***
    ***           / ___ (     / /    / ____ / / ____    / ___ (           ***
    ***          //   | |    / /    //       //        //   | |           ***
    ***         //    | | __/ /___ //       //____/ / //    | |           ***
    ***                                                                   ***
    *************************************************************************
    *************************************************************************
    *************************** PROGRAM RIPER *******************************
    ****** Density Functional Theory with periodic boundary conditions ******
    ******                                                             ******
    ****** Developed by the groups in Jena   (M. Sierka)               ******
    ******                        and Munich (A. Burow)                ******
    *************************************************************************
    
    
                               References:                                  
    
    (1) General implementation:                                             
        R. Lazarski, A. M. Burow, M. Sierka                                 
        Density Functional Theory for Molecular and Periodic Systems Using  
        Density Fitting and Continuous Fast Multipole Methods               
        J. Chem. Theory Comput. 2015, 11, 3029-3041                         
        R. Lazarski, A. M. Burow, L. Grajciar, M. Sierka                    
        Density Functional Theory for Molecular and Periodic Systems Using  
        Density Fitting and Continuous Fast Multipole Methods: Analytical   
        Gradients                                                           
        J. Comput. Chem. 2016, 57, 2518–2526                                
    (2) DFT implementation:                                                 
        A. M. Burow, M. Sierka                                              
        Linear Scaling Hierarchical Integration Scheme For the              
        Exchange-Correlation Term in Molecular and Periodic Systems         
        J. Chem. Theory Comput. 2011, 7, 3097-3104                          
    (3) RI/DF approximation:                                                
        A. M. Burow, M. Sierka, F. Mohamed                                  
        Resolution of Identity Approximation for the Coulomb Term in        
        Molecular and Periodic Systems                                      
        J. Chem. Phys. 2009, 131, 214101/1-214101/6                         
    (4) Low-Memory Iterative Density Fitting (LMIDF) method:                
        L. Grajciar                                                         
        Low-Memory Iterative Density Fitting                                
        J. Comput. Chem. 2015, 36, 1521-1535                                
    


              +--------------------------------------------------+
              | Atomic coordinate, charge and isotop information |
              +--------------------------------------------------+

                    atomic coordinates            atom    charge  isotop
         -7.74693225   -2.18168881    0.36433920    c      6.000     0
         -6.43111595   -2.77033850   -1.76783879    c      6.000     0
         -9.21619431   10.83153220    1.22321972    c      6.000     0
        -10.33755779   13.03608670    0.25567994    c      6.000     0
         -4.21503412    7.61975368    2.72347329    c      6.000     0
         -3.83028588   -1.94452818    1.26819520    c      6.000     0
          4.03607706   -7.79568718    6.60100233    c      6.000     0
         -7.65169005    4.94314560    0.65819161    c      6.000     0
         -9.61435960   13.97169010   -2.11025716    c      6.000     0
         -7.38656148    9.60566686   -0.20257864    c      6.000     0
         -5.86684373    7.22914729    0.35035522    c      6.000     0
          2.89959577  -10.16313607    2.55528767    c      6.000     0
         -6.67942596   10.56243520   -2.57248417    c      6.000     0
          5.00720731   -9.04952047    4.18612131    c      6.000     0
         -7.76941999   12.74809244   -3.56742498    c      6.000     0
         -4.24111234    7.01844283   -2.04808517    c      6.000     0
         -1.64784118    3.22311688   -1.10095444    c      6.000     0
          1.10473389   -0.44540845    0.35035522    c      6.000     0
          4.03173069   -3.90133958    1.44450665    c      6.000     0
          8.94879806  -10.93149871    4.19953837    c      6.000     0
         10.71285740  -12.78343032    4.80481764    c      6.000     0
          6.85819405   -7.41623018    2.71156802    c      6.000     0
         -2.40505444    5.26043061   -2.65336445    c      6.000     0
          0.36433920    1.54749672   -1.32469801    c      6.000     0
          3.47709607   -1.61722762    0.15325679    c      6.000     0
          6.35458204   -5.10188259    1.49363953    c      6.000     0
          9.20183239   -8.63000127    2.78035405    c      6.000     0
         -3.56175580    9.44088275   -6.01707695    c      6.000     0
          2.04468367    1.78352352   -3.63224258    c      6.000     0
          5.53822035   -0.46676235   -1.47209665    c      6.000     0
          4.81974648    1.99914127   -2.81021172    c      6.000     0
          6.68282747    2.75881117   -4.96714512    c      6.000     0
          6.12554723    5.49437871   -5.78842009    c      6.000     0
          6.43678513    1.00816889   -7.27676839    c      6.000     0
          9.41839501    2.65336445   -3.98033014    c      6.000     0
         -6.04598976   -1.64198303    2.28826936    n      7.000     0
         -3.91154411   -2.64901808   -1.18504725    o      8.000     0
         -0.92577683   -1.58680303    2.82476261    s     16.000     0
          6.57681383  -11.18736763    4.99851457    o      8.000     0
         13.27853856  -12.64056702    4.01547904    c      6.000     0
         -4.81275449    8.99282868   -3.61655786    n      7.000     0
          9.95602209  -14.91126193    6.26954436    c      6.000     0
         11.41526860   -7.67417779    1.61533789    c      6.000     0
         15.38860675  -12.57990681    3.39999524    n      7.000     0
          9.35641199  -16.65585709    7.46611895    n      7.000     0
         13.14625773   -6.76597542    0.61094846    n      7.000     0
         -9.78273420   -2.08833634    0.64250688    h      1.000     0
         -6.92017707   -3.27735202   -3.69554841    h      1.000     0
         -9.78027756   10.10134203    3.07118290    h      1.000     0
        -11.77979677   14.02252374    1.35455569    h      1.000     0
         -3.08289920    5.93071647    3.14790578    h      1.000     0
         -2.91622536    9.22224143    2.46250211    h      1.000     0
         -5.42918316    8.02018665    4.36451146    h      1.000     0
          2.74785076   -6.23118292    6.15559388    h      1.000     0
          3.00371968   -9.20088753    7.73162547    h      1.000     0
          5.62004549   -7.05661529    7.72463348    h      1.000     0
         -6.60459281    3.18966873    1.03330224    h      1.000     0
         -8.93934943    5.27611534    2.25765580    h      1.000     0
         -8.79988764    4.66800147   -1.05295540    h      1.000     0
        -10.49912938   15.68642759   -2.84630549    h      1.000     0
          1.57395289   -8.68272462    1.95529962    h      1.000     0
          3.69157998  -11.07417304    0.86417176    h      1.000     0
          1.85419927  -11.57967477    3.65945464    h      1.000     0
         -7.22555681   13.49774679   -5.40934103    h      1.000     0
         -2.83893556    2.84800624    0.54121756    h      1.000     0
          2.45796677   -4.78214093    2.43547903    h      1.000     0
         -1.44375076    5.51705542   -4.44936016    h      1.000     0
          7.96727431   -4.23279755    0.54291832    h      1.000     0
         -4.28986728   11.18528893   -6.85989481    h      1.000     0
         -1.51064706    9.63004433   -5.72152379    h      1.000     0
         -3.92004787    7.86844164   -7.33421606    h      1.000     0
          1.81716064    0.09769884   -4.84204525    h      1.000     0
          1.46038035    3.42853011   -4.75360607    h      1.000     0
          7.21251770   -0.16516206   -0.27306543    h      1.000     0
          6.10324846   -1.89690708   -2.88069850    h      1.000     0
          4.91064231    3.53246504   -1.39442891    h      1.000     0
          7.46026079    6.09587853   -7.26883154    h      1.000     0
          6.31811033    6.80943912   -4.18366467    h      1.000     0
          4.20577446    5.70394933   -6.56245191    h      1.000     0
          7.85407972    1.51820597   -8.71447202    h      1.000     0
          6.75255836   -0.98832676   -6.77769172    h      1.000     0
          4.56179886    1.15878006   -8.16588453    h      1.000     0
          9.63363481    3.78115300   -2.24159313    h      1.000     0
         10.02820963    0.70883627   -3.56572422    h      1.000     0
         10.72929802    3.42248298   -5.40367185    h      1.000     0
 
       center of nuclear mass  :    1.40622459   -0.68795833    0.31691329
       center of nuclear charge:    1.34314378   -0.51229796    0.21762459

   * BASIS SET information:

              +--------------------------------------------------+
              |               basis set information              |
              +--------------------------------------------------+

              we will work with the 1s 3p 5d 7f 9g ... basis set
              ...i.e. with spherical basis functions...

   type   atoms  prim   cont   basis
   ---------------------------------------------------------------------------
    c       38     24     14   def2-SVP   [3s2p1d|7s4p1d]
    n        5     24     14   def2-SVP   [3s2p1d|7s4p1d]
    o        2     24     14   def2-SVP   [3s2p1d|7s4p1d]
    s        1     36     18   def2-SVP   [4s3p1d|10s7p1d]
    h       39      7      5   def2-SVP   [2s1p|4s1p]
   ---------------------------------------------------------------------------
   total:   85   1389    843
   ---------------------------------------------------------------------------

   total number of primitive shells          :   59
   total number of contracted shells         :  395
   total number of cartesian basis functions :  889
   total number of SCF-basis functions       :  843


   * AUXILIARY RI-J BASIS SET information:

              +--------------------------------------------------+
              |               basis set information              |
              +--------------------------------------------------+

              we will work with the 1s 3p 5d 7f 9g ... basis set
              ...i.e. with spherical basis functions...

   type   atoms  prim   cont   basis
   ---------------------------------------------------------------------------
    c       38     70     49   def2-SVP   [6s4p3d1f1g|12s5p4d2f1g]
    n        5     70     49   def2-SVP   [6s4p3d1f1g|12s5p4d2f1g]
    o        2     70     49   def2-SVP   [6s4p3d1f1g|12s5p4d2f1g]
    s        1     77     51   def2-SVP   [8s4p3d1f1g|14s5p5d2f1g]
    h       39     16     11   def2-SVP   [3s1p1d|5s2p1d]
   ---------------------------------------------------------------------------
   total:   85   3851   2685
   ---------------------------------------------------------------------------

   total number of primitive shells          :  107
   total number of contracted shells         :  887
   total number of cartesian basis functions : 3276
   total number of SCF-basis functions       : 2685

  Keyword $riper not found - using default options 
               
              +--------------------------------------------------+
              |       Summary of SCF and related options         |
              +--------------------------------------------------+
               
       Energy calculation only 
       Diagonalization method set to:                                2
       Maximum number of SCF iterations included in the DIIS:        4
       Automatic orbital shift for HOMO-LUMO gap below:           0.1000E+00
               
              +--------------------------------------------------+
              |      SCREENING OF BASIS FUNCTION PRODUCTS        |
              +--------------------------------------------------+
               
         Threshold for shell products neglect:          0.4E-12
         Tolerance for shell products extents:          0.1E-06
         The biggest integral is expected to be:        0.3E+01
         Number of {mu,nu} shell products:                40152
        
               
              +--------------------------------------------------+
              |             INITIAL ORBITALS/BANDS               |
              +--------------------------------------------------+
               
  Bands restarted from             RIPER.BANDS
  Bands occupations restarted from RIPER.BANDS.OCCUPATIONS
  Bands energies restarted from    RIPER.BANDS.ENERGIES
              
              +--------------------------------------------------+
              |         Calculation of quantities on grid        |
              +--------------------------------------------------+
              
 Creating .cub files
   *grid construction*
   *plotting orbital     1 of     2*
   calculating values on grid points
   writing orbital values to   orb_k_1_1_1_a_167_real.cub
   *plotting orbital     2 of     2*
   calculating values on grid points
   writing orbital values to   orb_k_1_1_1_a_168_real.cub
 

    ------------------------------------------------------------------------
    RIPER profiling                cpu                    wall         ratio
    ------------------------------------------------------------------------
    module                         sec     %               sec     %
    ------------------------------------------------------------------------
    RIPER                         2.4   99.97            2.6   99.97   0.9
    Preliminaries                 0.1    5.82            0.2    6.52   0.8
    preescrening                  0.0    2.03            0.0    1.92   1.0
    T+S matrix                    0.0    0.52            0.0    0.49   1.0
    BANDS init                    0.0    0.67            0.1    2.21   0.3
    Properties                    2.3   92.94            2.3   90.70   1.0
    Orbital plot                  2.1   86.26            2.2   84.29   1.0
    ------------------------------------------------------------------------
    sum                           7.0  288.21            7.4  286.09   1.0
    ------------------------------------------------------------------------


    ------------------------------------------------------------------------
         total  cpu-time :   2.43 seconds
         total wall-time :   2.57 seconds
    ------------------------------------------------------------------------

   ****  riper : all done  ****


    2025-05-21 03:58:50.887 

