
 ridft (nano18.int-nano.int.kit.edu) : TURBOMOLE rev. V7-6 19 Oct 2021 at 10:10:11 compiled Oct 19th 2021
 Copyright (C) 2021 TURBOMOLE GmbH, Karlsruhe


    2025-04-08 22:21:05.948 



                                  r i d f t

                        DFT program with RI approximation 
                                for coulomb part 




                                                 
                                 References:     
                                                 
          TURBOMOLE:                             
              R. Ahlrichs, M. Baer, M. Haeser, H. Horn, and
              C. Koelmel
              Electronic structure calculations on workstation
              computers: the program system TURBOMOLE
              Chem. Phys. Lett. 162: 165 (1989)
          Density Functional:                              
              O. Treutler and R. Ahlrichs                      
              Efficient Molecular Numerical Integration Schemes
              J. Chem. Phys. 102: 346 (1995)                   
          Parallel Version:                                
              Performance of parallel TURBOMOLE for Density    
              Functional Calculations                          
              M. v. Arnim and R. Ahlrichs                      
              J. Comp. Chem. 19: 1746 (1998)                   
          RI-J Method:                                     
              Auxiliary Basis Sets to approximate Coulomb      
              Potentials                                       
              Chem. Phys. Lett. 240: 283 (1995)                
              K. Eichkorn, O. Treutler, H. Oehm, M. Haeser     
              and R. Ahlrichs                                  
              Chem. Phys. Lett. 242: 652 (1995)                
                                                           
              Auxiliary Basis Sets for Main Row Atoms and their
              Use to approximate Coulomb Potentials            
              K. Eichkorn, F. Weigend, O. Treutler and         
              R. Ahlrichs                                      
              Theo. Chem. Acc. 97: 119 (1997)                   
                                                           
              Accurate Coulomb-fitting basis sets for H to Rn 
              F. Weigend                                        
              Phys. Chem. Chem. Phys. 8: 1057 (2006)            
                                                           
          Multipole accelerated RI-J (MARI-J):             
              Fast evaluation of the Coulomb potential for     
              electron densities using multipole accelerated   
              resolution of identity approximation             
              M. Sierka, A. Hogekamp and R. Ahlrichs           
              J. Chem. Phys. 118: 9136 (2003)                  
          RI-JK Method:                                     
              A fully direct RI-HF algorithm: Implementation,
              optimised auxiliary basis sets, demonstration of
              accuracy and efficiency                         
              F. Weigend                                      
              Phys. Chem. Chem. Phys. 4: 4285 (2002)           
          Two-component HF and DFT with spin-orbit coupling:  
              Self-consistent treatment of spin-orbit         
              interactions with efficient Hartree-Fock and    
              density functional methods                      
              M. K. Armbruster, F. Weigend, C. van Wüllen and 
              W. Klopper                                      
              Phys. Chem. Chem. Phys. 10: 1748 (2008)         
          Two-component difference density and DIIS algorithm 
              Efficient two-component self-consistent field   
              procedures and gradients: implementation in     
              TURBOMOLE and application to Au20-              
              A. Baldes, F. Weigend                           
              Mol. Phys. 111: 2617 (2013)                     
          Relativistic all-electron 2c calculations           
              An efficient implementation of two-component    
              relativistic exact-decoupling methods for large 
              molecules                                       
              D. Peng, N. Middendorf, F. Weigend, M. Reiher   
              J. Chem. Phys. 138: 184105 (2013)               
          Finite nucleus model and SNSO approximation         
              Efficient implementation of one- and two-       
              component analytical energy gradients in exact  
              two-component theory                            
              Y. J. Franzke, N. Middendorf, F. Weigend        
              J. Chem. Phys. 148: 104110 (2018)               
          Grids for all-electron relativistic methods         
              Error-consistent segmented contracted all-      
              electron relativistic basis sets of double-     
              and triple-zeta quality for NMR shielding       
              constants                                       
              Y. J. Franzke, R. Tress, T. M. Pazdera,         
              F. Weigend                                      
              Phys. Chem. Chem. Phys. 21: 166658 (2019)       
          Seminumerical exchange algorithms                   
              Seminumerical calculation of the Hartree-Fock   
              exchange matirx: Application to two-component   
              procedures and efficient evaluation of local    
              hybrid functionsl                               
               P. Plessow, F. Weigend,                        
              J. Comput. Chem. 33: 810 (2012)                 
          Improved seminumerical algorithms                   
              C. Holzer,                                      
              J. Chem. Phys. 153 (2020), 184115               
                                         




              +--------------------------------------------------+
              |      general information about current run       |
              +--------------------------------------------------+

 
 PBE0 hybrid functional
 exchange:    3/4 (LDA+PBE) + 1/4 HF
 correlation: LDA (PW) + PBE
 A Hybrid-DFT calculation using the RI-J approximation will be carried out.
 Allocatable memory for RI due to $ricore (MB):                  2000

   *************************************************************************
   pbe0                                                                     
   *************************************************************************




              +--------------------------------------------------+
              | Atomic coordinate, charge and isotop information |
              +--------------------------------------------------+

                    atomic coordinates            atom    charge  isotop
        -22.89259418    7.30563624   -0.80306708    c      6.000     0
        -20.52082753    8.51573594   -0.98832765    c      6.000     0
        -18.27220514    7.19481052   -0.81682214    c      6.000     0
        -18.26613467    4.55627833   -0.43627338    c      6.000     0
        -15.96474395    3.14591555   -0.26912016    c      6.000     0
        -15.97723431    0.59065923    0.10553554    c      6.000     0
        -18.28647409   -0.81015719    0.36714573    c      6.000     0
        -18.31551213   -3.48804931    0.77754797    c      6.000     0
        -20.69378322   -4.69181524    0.96326420    c      6.000     0
        -22.94815156   -3.37864514    0.73455762    c      6.000     0
        -22.97267960   -0.74660451    0.34570141    c      6.000     0
        -25.27159895    0.65814608    0.13600422    c      6.000     0
        -25.27218612    3.21396071   -0.23061801    c      6.000     0
        -22.95862879    4.62711303   -0.41638497    c      6.000     0
        -20.62098500    3.24877017   -0.22432762    c      6.000     0
        -20.61947282    0.56309062    0.16795667    c      6.000     0
        -25.22142910    8.77079984   -0.99376253    c      6.000     0
        -15.97517644   -4.93417907    1.01797733    c      6.000     0
        -25.45134718   11.23760710   -1.66351693    c      6.000     0
        -15.78141231   -7.46648886    0.58048744    c      6.000     0
        -27.83740497   12.48423944   -1.76000002    c      6.000     0
        -13.70253366   -8.96434210    0.94816331    n      7.000     0
        -13.53927516  -11.38674478   -0.32204180    c      6.000     0
        -11.37326047   -7.86944882    1.86829275    c      6.000     0
        -29.76828121   13.53279145   -1.85433029    n      7.000     0
        -20.44732476   10.56116441   -1.24798415    h      1.000     0
        -16.47005964    8.19411712   -0.96441235    h      1.000     0
        -14.17407061    4.15866532   -0.46437232    h      1.000     0
        -14.17734959   -0.40874168    0.18219910    h      1.000     0
        -20.76454164   -6.71476231    1.36556274    h      1.000     0
        -24.74610789   -4.38454634    0.90232734    h      1.000     0
        -27.06389219   -0.36280818    0.26982281    h      1.000     0
        -27.08335065    4.17891845   -0.39735373    h      1.000     0
        -26.98160358    7.79242735   -0.54845404    h      1.000     0
        -14.27959765   -3.90244583    1.56934680    h      1.000     0
        -23.81839699   12.39273557   -2.18435345    h      1.000     0
        -17.41793249   -8.50458838   -0.14374487    h      1.000     0
        -15.44793456  -12.14667852   -0.64088566    h      1.000     0
        -12.57923898  -11.26627152   -2.18145485    h      1.000     0
        -12.49055329  -12.75199747    0.85106660    h      1.000     0
        -10.43103076   -6.65644935    0.44150900    h      1.000     0
        -11.74029407   -6.70396244    3.55424492    h      1.000     0
        -10.05394305   -9.38385542    2.40289448    h      1.000     0
 
       center of nuclear mass  :  -20.21373417    1.25376533   -0.10000406
       center of nuclear charge:  -20.08622372    1.08302262   -0.08668211

              +--------------------------------------------------+
              |               basis set information              |
              +--------------------------------------------------+

              we will work with the 1s 3p 5d 7f 9g ... basis set
              ...i.e. with spherical basis functions...

   type   atoms  prim   cont   basis
   ---------------------------------------------------------------------------
    c       23     43     23   aug-cc-pVDZ   [4s3p2d|18s5p2d]
    n        2     43     23   aug-cc-pVDZ   [4s3p2d|18s5p2d]
    h       18     11      9   aug-cc-pVDZ   [3s2p|5s2p]
   ---------------------------------------------------------------------------
   total:   43   1273    737
   ---------------------------------------------------------------------------

   total number of primitive shells          :   57
   total number of contracted shells         :  315
   total number of cartesian basis functions :  787
   total number of SCF-basis functions       :  737


 integral neglect threshold       :  0.42E-11
 integral storage threshold THIZE :  0.10E-04
 integral storage threshold THIME :         5

 RI-J AUXILIARY BASIS SET information:

              we will work with the 1s 3p 5d 7f 9g ... basis set
              ...i.e. with spherical basis functions...

   type   atoms  prim   cont   basis
   ---------------------------------------------------------------------------
    c       23     70     49   aug-cc-pVDZ   [6s4p3d1f1g|12s5p4d2f1g]
    n        2     70     49   aug-cc-pVDZ   [6s4p3d1f1g|12s5p4d2f1g]
    h       18     16     11   aug-cc-pVDZ   [3s1p1d|5s2p1d]
   ---------------------------------------------------------------------------
   total:   43   2038   1423
   ---------------------------------------------------------------------------

   total number of primitive shells          :   56
   total number of contracted shells         :  465
   total number of cartesian basis functions : 1741
   total number of SCF-basis functions       : 1423


 symmetry group of the molecule :   c1 

 the group has the following generators :
   c1(z)

    1 symmetry operations found

 there are 1 real representations :   a   

 maximum number of shells which are related by symmetry :  1

  
           ------------------
           density functional
           ------------------
 PBE0 hybrid functional
 exchange:    3/4 (LDA+PBE) + 1/4 HF
 correlation: LDA (PW) + PBE

 iterations will be done with small grid
  
 spherical integration : Lebedev's spherical grid
 spherical gridsize    :                     3
    i.e. gridpoints    :                   302
 value for diffuse not defined
 radial integration    : Chebyshev 2nd kind (scaling 3)
 radial gridsize       :                     3
 integration cells     :                    43
 partition function    : becke
 partition sharpness   :                     3
  

 biggest AO integral is expected to be     4.122252735

          ------------------------
          nuclear repulsion energy  :   1864.92438709    
          ------------------------


         -----------------
         -S,T+V- integrals
         -----------------

 1e-integrals will be neglected if expon. factor < 0.424646E-12
 
   Difference densities algorithm switched on.
   The maximal number of linear combinations of
   difference densities is                    20 .

 DIIS switched on: error vector is FDS-SDF
 Max. Iterations for DIIS is     :   4
 DIIS matrix (see manual) 
    Scaling factor of diagonals  :  1.200
    threshold for scaling factor :  0.000

 scf convergence criterion : increment of total energy < .1000000D-06
                  and increment of one-electron energy < .1000000D-03

 MOs are in ASCII format !


    mo occupation :
   irrep   mo's   occupied
    a      737       85
 
 number of basis functions   :   737
 number of occupied orbitals :    85
 

 reading orbital data $scfmo  from file mos
 orbital characterization : expanded
 virtual MOs provided and orthogonalized by Cholesky decomposition

 automatic virtual orbital shift switched on 
      shift if e(lumo)-e(homo) < 0.10000000    

  
           ------------------------
               RI-J - INFORMATION
           ------------------------
 Contributions to RI integral batches: 
  neglected integral batches:                 10507
  direct contribution:                        10529
  memory contribution:                 28734
 Memory core needed for (P|Q) and Cholesky     16 MByte
 Memory core minimum needed except of (P|Q)     2 MByte
 Total minimum memory core needed (sum)        18 MByte
  
 ****************************************
 Memory allocated for RI-J  1825 MByte
 ****************************************
                                            

 DSCF restart information will be dumped onto file mos


 Starting SCF iterations

          Overall gridpoints after grid construction =         58072

 ITERATION  ENERGY          1e-ENERGY        2e-ENERGY     NORM[dD(SAO)]  TOL
   1  -992.54386463383    -5010.6447312     2153.1764795    0.000D+00 0.424D-11
                            Exc = -106.971085015     Coul =  2293.96380430    
                            exK = -33.8162397818    
                              N = 170.00096056    
                            current damping = 0.300
 
          max. resid. norm for Fia-block=  3.147D-01 for orbital     50a         
          max. resid. fock norm         =  1.420D+00 for orbital    725a         

 ITERATION  ENERGY          1e-ENERGY        2e-ENERGY     NORM[dD(SAO)]  TOL
   2  -995.37813371140    -5048.5030588     2188.2005380    0.246D+03 0.107D-11
                            Exc = -109.062400275      Eck =  2297.26293827    
                              N = 170.00118640    
                            current damping = 0.250
 
          Norm of current diis error:  2.5362    
          max. resid. norm for Fia-block=  1.759D-01 for orbital     83a         
          max. resid. fock norm         =  3.272D-01 for orbital    724a         

 ITERATION  ENERGY          1e-ENERGY        2e-ENERGY     NORM[dD(SAO)]  TOL
   3  -995.45255766333    -5045.8252191     2185.4482743    0.833D+02 0.105D-11
                            Exc = -109.399998223      Eck =  2294.84827257    
                              N = 170.00110185    
                            current damping = 0.200
 
          Norm of current diis error:  2.0424    
          max. resid. norm for Fia-block=  1.049D-01 for orbital     73a         
          max. resid. fock norm         =  1.264D-01 for orbital     73a         

 ITERATION  ENERGY          1e-ENERGY        2e-ENERGY     NORM[dD(SAO)]  TOL
   4  -995.68142784796    -5047.6748478     2187.0690328    0.172D+02 0.103D-11
                            Exc = -109.274996206      Eck =  2296.34402903    
                              N = 170.00106272    
                            current damping = 0.250
 
          Norm of current diis error: 0.86094    
          max. resid. norm for Fia-block=  3.771D-02 for orbital     78a         
          max. resid. fock norm         =  4.396D-02 for orbital     78a         

 ITERATION  ENERGY          1e-ENERGY        2e-ENERGY     NORM[dD(SAO)]  TOL
   5  -995.72340882571    -5050.3226975     2189.6749016    0.727D+01 0.101D-11
                            Exc = -109.436941224      Eck =  2299.11184278    
                              N = 170.00105537    
                            current damping = 0.150
 
          Norm of current diis error: 0.19634    
          max. resid. norm for Fia-block=  5.594D-03 for orbital     83a         
          max. resid. fock norm         =  1.141D-02 for orbital     44a         
          mo-orthogonalization: Cholesky decomposition

 ITERATION  ENERGY          1e-ENERGY        2e-ENERGY     NORM[dD(SAO)]  TOL
   6  -995.72417625547    -5049.3457717     2188.6972084    0.345D+01 0.102D-11
                            Exc = -109.433086422      Eck =  2298.13029482    
                              N = 170.00106817    
                            current damping = 0.200
 
          Norm of current diis error: 0.15238    
          max. resid. norm for Fia-block=  3.361D-03 for orbital     83a         
          max. resid. fock norm         =  5.993D-03 for orbital     44a         

 ITERATION  ENERGY          1e-ENERGY        2e-ENERGY     NORM[dD(SAO)]  TOL
   7  -995.72523478617    -5049.5558252     2188.9062033    0.111D+01 0.102D-11
                            Exc = -109.422139704      Eck =  2298.32834305    
                              N = 170.00104332    
                            current damping = 0.250
 
          Norm of current diis error: 0.38321E-01
          max. resid. norm for Fia-block=  9.437D-04 for orbital     85a         
          max. resid. fock norm         =  1.588D-03 for orbital     69a         

 ITERATION  ENERGY          1e-ENERGY        2e-ENERGY     NORM[dD(SAO)]  TOL
   8  -995.72528680996    -5049.6343825     2188.9847086    0.303D+00 0.101D-11
                            Exc = -109.426024290      Eck =  2298.41073286    
                              N = 170.00104484    
                            current damping = 0.100
 
          Norm of current diis error: 0.18990E-01
          max. resid. norm for Fia-block=  7.303D-04 for orbital     28a         
          max. resid. fock norm         =  1.122D-03 for orbital     73a         

 ITERATION  ENERGY          1e-ENERGY        2e-ENERGY     NORM[dD(SAO)]  TOL
   9  -995.72529720327    -5049.6255192     2188.9758349    0.150D+00 0.101D-11
                            Exc = -109.427632200      Eck =  2298.40346715    
                              N = 170.00104472    
                            current damping = 0.150
 
          Norm of current diis error: 0.12436E-01
          max. resid. norm for Fia-block=  4.936D-04 for orbital     77a         
          max. resid. fock norm         =  5.403D-04 for orbital     77a         

 ITERATION  ENERGY          1e-ENERGY        2e-ENERGY     NORM[dD(SAO)]  TOL
  10  -995.72530582856    -5049.6338753     2188.9841823    0.694D-01 0.101D-11
                            Exc = -109.426685168      Eck =  2298.41086751    
                              N = 170.00104396    
                            current damping = 0.200
 
          Norm of current diis error: 0.33103E-02
          max. resid. norm for Fia-block=  1.034D-04 for orbital     77a         
          max. resid. fock norm         =  1.769D-04 for orbital    736a         
          mo-orthogonalization: Cholesky decomposition

 ITERATION  ENERGY          1e-ENERGY        2e-ENERGY     NORM[dD(SAO)]  TOL
  11  -995.72530635504    -5049.6235182     2188.9738248    0.421D-01 0.101D-11
                            Exc = -109.426399746      Eck =  2298.40022454    
                              N = 170.00104365    
                            current damping = 0.250
 
          Norm of current diis error: 0.14576E-02
          max. resid. norm for Fia-block=  2.902D-05 for orbital     85a         
          max. resid. fock norm         =  1.822D-04 for orbital    733a         

 ITERATION  ENERGY          1e-ENERGY        2e-ENERGY     NORM[dD(SAO)]  TOL
  12  -995.72530643967    -5049.6254314     2188.9757378    0.281D-01 0.101D-11
                            Exc = -109.426504095      Eck =  2298.40224194    
                              N = 170.00104351    
                            current damping = 0.300
 
          Norm of current diis error: 0.36541E-03
          max. resid. norm for Fia-block=  1.039D-05 for orbital     83a         
          max. resid. fock norm         =  3.223D-04 for orbital    733a         

 ITERATION  ENERGY          1e-ENERGY        2e-ENERGY     NORM[dD(SAO)]  TOL
  13  -995.72530650405    -5049.6267750     2188.9770814    0.519D+02 0.121D-11
                            Exc = -109.426539571      Eck =  2298.40362099    
                              N = 170.00104352    
                            current damping = 0.150
 
          Norm of current diis error: 0.17121E-03
          max. resid. norm for Fia-block=  9.821D-06 for orbital     67a         
          max. resid. fock norm         =  1.749D-03 for orbital    733a         

 ITERATION  ENERGY          1e-ENERGY        2e-ENERGY     NORM[dD(SAO)]  TOL
  14  -995.72530648017    -5049.6263501     2188.9766565    0.330D+00 0.121D-11
                            Exc = -109.426527807      Eck =  2298.40318431    
                              N = 170.00104352    
                            current damping = 0.200
 
          Norm of current diis error: 0.10525E-03
          max. resid. norm for Fia-block=  2.893D-06 for orbital     67a         
          max. resid. fock norm         =  4.574D-04 for orbital    733a         

 ENERGY CONVERGED !

          Overall gridpoints after grid construction =        212258

 ITERATION  ENERGY          1e-ENERGY        2e-ENERGY     NORM[dD(SAO)]  TOL
  15  -995.72657553620    -5049.6263342     2188.9753716    0.376D-01 0.121D-11
                            Exc = -109.427794522      Eck =  2298.40316611    
                              N = 169.99961614    
                            current damping = 0.100
 
          Norm of current diis error: 0.22383E-04
          max. resid. norm for Fia-block=  4.809D-06 for orbital     67a         
          max. resid. fock norm         =  9.535D-04 for orbital    733a         

 End of SCF iterations

   convergence criteria satisfied after    15 iterations


   *************************************************************************
   pbe0                                                                     
   *************************************************************************


                  ------------------------------------------ 
                 |  total energy      =   -995.72657553620  |
                  ------------------------------------------ 
                 :  kinetic energy    =    989.82266016471  :
                 :  potential energy  =  -1985.54923570091  :
                 :  virial theorem    =      1.99407074641  :
                 :  wavefunction norm =      1.00000000000  :
                  .......................................... 


 <geterg> : there is no data group $energy 


 <skperg> : $end is missing 


 orbitals $scfmo  will be written to file mos

    irrep                 81a         82a         83a         84a         85a   
 eigenvalues H         -0.28289    -0.27556    -0.25184    -0.23525    -0.19539
            eV          -7.6980     -7.4984     -6.8531     -6.4017     -5.3168
 occupation              2.0000      2.0000      2.0000      2.0000      2.0000

    irrep                 86a         87a         88a         89a         90a   
 eigenvalues H         -0.08798    -0.04884    -0.03768    -0.01858    -0.01692
            eV          -2.3942     -1.3289     -1.0253     -0.5055     -0.4603
 
 
 
 
 ==============================================================================
                           electrostatic moments
 ==============================================================================

 reference point for electrostatic moments:    0.00000   0.00000   0.00000

 
              nuc           elec       ->  total
 ------------------------------------------------------------------------------
                          charge      
 ------------------------------------------------------------------------------
         170.000000    -170.000000      -0.000000
 
 ------------------------------------------------------------------------------
                       dipole moment  
 ------------------------------------------------------------------------------
   x   -3414.658032    3417.659946       3.001914
   y     184.113845    -187.547944      -3.434099
   z     -14.735959      14.995787       0.259829
 
   | dipole moment | =     4.5686 a.u. =    11.6122 debye 
 
 ------------------------------------------------------------------------------
                     quadrupole moment
 ------------------------------------------------------------------------------
  xx   72656.459981  -72889.896167    -233.436186
  yy    8614.342141   -8729.350661    -115.008520
  zz     170.255877    -285.036420    -114.780543
  xy   -8047.958471    8136.911312      88.952841
  xz     810.860240    -819.172817      -8.312577
  yz    -974.312915     976.664273       2.351357
 
     1/3  trace=    -154.408416
     anisotropy=     194.971459
 
 ==============================================================================
 
HOMO-LUMO Separation
 HOMO         :   -0.19538655 H =     -5.31674 eV
 LUMO         :   -0.08798416 H =     -2.39417 eV
 HOMO-LUMO gap:    0.10740239 H =     +2.92257 eV
 
 ==============================================================================


    ------------------------------------------------------------------------
         total  cpu-time :  1 hours 44 minutes and 20 seconds
         total wall-time :  1 hours 45 minutes and 16 seconds
    ------------------------------------------------------------------------

   ****  ridft : all done  ****


    2025-04-09 00:06:22.296 

 ridft ended normally
