
 eiger (nano21.int-nano.int.kit.edu) : TURBOMOLE rev. V7-6 19 Oct 2021 at 10:10:11 compiled Oct 19th 2021
 Copyright (C) 2021 TURBOMOLE GmbH, Karlsruhe


    2025-06-24 17:04:01.707 

 cam                                                                            
  
Total energy =  -1297.6192540970 H =    -35310.0184302 eV
 
 HOMO-LUMO Separation
   HOMO:   107.   107 a     -0.22869582 H =     -6.22313 eV
   LUMO:   108.   108 a     -0.08437593 H =     -2.29599 eV
   Gap :                    +0.14431989 H =     +3.92714 eV
 
Number of MOs=    911, Electrons=    214.00, Symmetry: c1   
 
   Nr.   Orbital    Occupation       Energy
  124.   124 a                     +0.046796 H =        +1.273 eV
  123.   123 a                     +0.039182 H =        +1.066 eV
  122.   122 a                     +0.036754 H =        +1.000 eV
  121.   121 a                     +0.032879 H =        +0.895 eV
  120.   120 a                     +0.032490 H =        +0.884 eV
  119.   119 a                     +0.031618 H =        +0.860 eV
  118.   118 a                     +0.029998 H =        +0.816 eV
  117.   117 a                     +0.028693 H =        +0.781 eV
  116.   116 a                     +0.024049 H =        +0.654 eV
  115.   115 a                     +0.022157 H =        +0.603 eV
  114.   114 a                     +0.014504 H =        +0.395 eV
  113.   113 a                     +0.011641 H =        +0.317 eV
  112.   112 a                     +0.011053 H =        +0.301 eV
  111.   111 a                     +0.003997 H =        +0.109 eV
  110.   110 a                     -0.001740 H =        -0.047 eV
  109.   109 a                     -0.024344 H =        -0.662 eV
  108.   108 a                     -0.084376 H =        -2.296 eV
  107.   107 a        2.000        -0.228696 H =        -6.223 eV
  106.   106 a        2.000        -0.287722 H =        -7.829 eV
  105.   105 a        2.000        -0.311745 H =        -8.483 eV
  104.   104 a        2.000        -0.331814 H =        -9.029 eV
  103.   103 a        2.000        -0.339025 H =        -9.225 eV
  102.   102 a        2.000        -0.370898 H =       -10.093 eV
  101.   101 a        2.000        -0.395320 H =       -10.757 eV
  100.   100 a        2.000        -0.403284 H =       -10.974 eV
   99.    99 a        2.000        -0.407726 H =       -11.095 eV
   98.    98 a        2.000        -0.413842 H =       -11.261 eV
   97.    97 a        2.000        -0.414028 H =       -11.266 eV
   96.    96 a        2.000        -0.417585 H =       -11.363 eV
   95.    95 a        2.000        -0.422260 H =       -11.490 eV
   94.    94 a        2.000        -0.422309 H =       -11.492 eV
   93.    93 a        2.000        -0.427227 H =       -11.625 eV
   92.    92 a        2.000        -0.427245 H =       -11.626 eV


    ------------------------------------------------------------------------
         total  cpu-time :   0.37 seconds
         total wall-time :   0.38 seconds
    ------------------------------------------------------------------------

   ****  eiger : all done  ****


    2025-06-24 17:04:02.072 

