
 ridft (nano21.int-nano.int.kit.edu) : TURBOMOLE rev. V7-6 19 Oct 2021 at 10:10:11 compiled Oct 19th 2021
 Copyright (C) 2021 TURBOMOLE GmbH, Karlsruhe


    2025-06-24 13:53:50.524 



                                  r i d f t

                        DFT program with RI approximation 
                                for coulomb part 




                                                 
                                 References:     
                                                 
          TURBOMOLE:                             
              R. Ahlrichs, M. Baer, M. Haeser, H. Horn, and
              C. Koelmel
              Electronic structure calculations on workstation
              computers: the program system TURBOMOLE
              Chem. Phys. Lett. 162: 165 (1989)
          Density Functional:                              
              O. Treutler and R. Ahlrichs                      
              Efficient Molecular Numerical Integration Schemes
              J. Chem. Phys. 102: 346 (1995)                   
          Parallel Version:                                
              Performance of parallel TURBOMOLE for Density    
              Functional Calculations                          
              M. v. Arnim and R. Ahlrichs                      
              J. Comp. Chem. 19: 1746 (1998)                   
          RI-J Method:                                     
              Auxiliary Basis Sets to approximate Coulomb      
              Potentials                                       
              Chem. Phys. Lett. 240: 283 (1995)                
              K. Eichkorn, O. Treutler, H. Oehm, M. Haeser     
              and R. Ahlrichs                                  
              Chem. Phys. Lett. 242: 652 (1995)                
                                                           
              Auxiliary Basis Sets for Main Row Atoms and their
              Use to approximate Coulomb Potentials            
              K. Eichkorn, F. Weigend, O. Treutler and         
              R. Ahlrichs                                      
              Theo. Chem. Acc. 97: 119 (1997)                   
                                                           
              Accurate Coulomb-fitting basis sets for H to Rn 
              F. Weigend                                        
              Phys. Chem. Chem. Phys. 8: 1057 (2006)            
                                                           
          Multipole accelerated RI-J (MARI-J):             
              Fast evaluation of the Coulomb potential for     
              electron densities using multipole accelerated   
              resolution of identity approximation             
              M. Sierka, A. Hogekamp and R. Ahlrichs           
              J. Chem. Phys. 118: 9136 (2003)                  
          RI-JK Method:                                     
              A fully direct RI-HF algorithm: Implementation,
              optimised auxiliary basis sets, demonstration of
              accuracy and efficiency                         
              F. Weigend                                      
              Phys. Chem. Chem. Phys. 4: 4285 (2002)           
          Two-component HF and DFT with spin-orbit coupling:  
              Self-consistent treatment of spin-orbit         
              interactions with efficient Hartree-Fock and    
              density functional methods                      
              M. K. Armbruster, F. Weigend, C. van Wüllen and 
              W. Klopper                                      
              Phys. Chem. Chem. Phys. 10: 1748 (2008)         
          Two-component difference density and DIIS algorithm 
              Efficient two-component self-consistent field   
              procedures and gradients: implementation in     
              TURBOMOLE and application to Au20-              
              A. Baldes, F. Weigend                           
              Mol. Phys. 111: 2617 (2013)                     
          Relativistic all-electron 2c calculations           
              An efficient implementation of two-component    
              relativistic exact-decoupling methods for large 
              molecules                                       
              D. Peng, N. Middendorf, F. Weigend, M. Reiher   
              J. Chem. Phys. 138: 184105 (2013)               
          Finite nucleus model and SNSO approximation         
              Efficient implementation of one- and two-       
              component analytical energy gradients in exact  
              two-component theory                            
              Y. J. Franzke, N. Middendorf, F. Weigend        
              J. Chem. Phys. 148: 104110 (2018)               
          Grids for all-electron relativistic methods         
              Error-consistent segmented contracted all-      
              electron relativistic basis sets of double-     
              and triple-zeta quality for NMR shielding       
              constants                                       
              Y. J. Franzke, R. Tress, T. M. Pazdera,         
              F. Weigend                                      
              Phys. Chem. Chem. Phys. 21: 166658 (2019)       
          Seminumerical exchange algorithms                   
              Seminumerical calculation of the Hartree-Fock   
              exchange matirx: Application to two-component   
              procedures and efficient evaluation of local    
              hybrid functionsl                               
               P. Plessow, F. Weigend,                        
              J. Comput. Chem. 33: 810 (2012)                 
          Improved seminumerical algorithms                   
              C. Holzer,                                      
              J. Chem. Phys. 153 (2020), 184115               
                                         




              +--------------------------------------------------+
              |      general information about current run       |
              +--------------------------------------------------+

 
 Libxc version: 5.1.4
 S. Lehtola, C. Steigemann, M.J.T. Oliveira, and M.A.L. Marques, Software X 7, 1 (2018)
 M.A.L. Marques, M.J.T. Oliveira, and T. Burnus, Comput. Phys. Commun. 183, 2272 (2012)
 TURBOMOLE integration by Christof Holzer

 Name of XC-Functional: CAM version of B3LYP
 alpha=    0.19000
 beta =    0.46000
 omega=    0.33000
 [1] T. Yanai, D. P. Tew, and N. C. Handy, Chem. Phys. Lett. 393, 51 (2004)
 A Hybrid-DFT calculation using the RI-J approximation will be carried out.
 Allocatable memory for RI due to $ricore (MB):                  2000

   *************************************************************************
   cam                                                                      
   *************************************************************************




              +--------------------------------------------------+
              | Atomic coordinate, charge and isotop information |
              +--------------------------------------------------+

                    atomic coordinates            atom    charge  isotop
          0.30210277   -3.38629397    3.18114682    c      6.000     0
         -0.07889796    0.88169632    4.57272923    c      6.000     0
         -0.01765136    0.20288402    7.05626607    c      6.000     0
          0.37618986   -4.21790650    5.75311566    c      6.000     0
          0.21184699   -2.38287416    7.83980548    c      6.000     0
          0.27557347   -3.10916715   10.37559118    c      6.000     0
          0.13597298   -1.49786571   12.49879882    c      6.000     0
         -0.25221400    2.87870673   21.96317672    c      6.000     0
          0.00193584    0.01264321   21.78938409    c      6.000     0
          0.08248881   -0.91626130   24.25194063    c      6.000     0
         -0.10449826    1.18321157   25.98832587    c      6.000     0
         -0.11622496    1.27266233   28.60469270    c      6.000     0
         -0.00210289    0.00808671   -0.03706282    c      6.000     0
          0.07099172   -0.80995778    2.62482978    n      7.000     0
          2.04289372    4.31186066   20.92892205    c      6.000     0
         -2.76468519    3.88424588   20.92889598    c      6.000     0
         -0.29308934    3.33995694   24.67899190    o      8.000     0
          0.31316447   -3.52334523   24.85523569    c      6.000     0
          0.07444671   -0.93546413   30.14253424    c      6.000     0
         -0.33088972    3.65986377   29.85193159    c      6.000     0
          0.50534036   -5.68984196   25.16633186    n      7.000     0
          0.22363302   -2.68067081   31.46973293    n      7.000     0
         -0.50541065    5.58851296   30.89072840    n      7.000     0
          0.20669352   -2.31917432   14.98029400    c      6.000     0
          0.06534578   -0.68553462   17.09365164    c      6.000     0
          0.13438485   -1.49158143   19.57723667    c      6.000     0
         -0.25539025    2.83993484   -0.47798506    c      6.000     0
          0.46386691   -5.18297962    1.21053871    c      6.000     0
          0.69395335   -7.74432065    1.73564579    c      6.000     0
          0.76930656   -8.58615093    4.24403934    c      6.000     0
          0.61219945   -6.84030685    6.19331602    c      6.000     0
         -0.25500078    2.85971366    4.04343678    h      1.000     0
         -0.15108833    1.70949614    8.45226837    h      1.000     0
          0.45062900   -5.11757166   10.81069892    h      1.000     0
         -0.04020222    0.54432522   12.19712975    h      1.000     0
          1.73655664   -0.67206844   -0.96561055    h      1.000     0
         -1.59251265   -0.96961205   -0.96557522    h      1.000     0
          2.16956792    4.13882525   18.86270364    h      1.000     0
          1.87731932    6.32510911   21.42165170    h      1.000     0
          3.79908348    3.57200624   21.75891358    h      1.000     0
         -2.85872382    3.69197154   18.86247290    h      1.000     0
         -4.36300346    2.84645345   21.75934784    h      1.000     0
         -2.95725962    5.89516921   21.42141152    h      1.000     0
          0.38181142   -4.35087860   15.34775295    h      1.000     0
         -0.10903909    1.33557717   16.68084551    h      1.000     0
          0.31135770   -3.52739283   19.90971698    h      1.000     0
         -0.28519728    3.17115149   -2.53085540    h      1.000     0
         -2.02269122    3.61355281    0.29996662    h      1.000     0
          1.34703930    3.91547360    0.29902214    h      1.000     0
          0.41081758   -4.58747438   -0.75628691    h      1.000     0
          0.81542004   -9.09330788    0.17655995    h      1.000     0
          0.95017848  -10.59771223    4.66954009    h      1.000     0
          0.67423746   -7.52631731    8.13338124    h      1.000     0
 
       center of nuclear mass  :    0.08324281   -0.93550461   15.41118233
       center of nuclear charge:    0.07965110   -0.89415019   15.13548968

              +--------------------------------------------------+
              |               basis set information              |
              +--------------------------------------------------+

              we will work with the 1s 3p 5d 7f 9g ... basis set
              ...i.e. with spherical basis functions...

   type   atoms  prim   cont   basis
   ---------------------------------------------------------------------------
    c       26     43     23   aug-cc-pVDZ   [4s3p2d|18s5p2d]
    n        4     43     23   aug-cc-pVDZ   [4s3p2d|18s5p2d]
    o        1     43     23   aug-cc-pVDZ   [4s3p2d|18s5p2d]
    h       22     11      9   aug-cc-pVDZ   [3s2p|5s2p]
   ---------------------------------------------------------------------------
   total:   53   1575    911
   ---------------------------------------------------------------------------

   total number of primitive shells          :   82
   total number of contracted shells         :  389
   total number of cartesian basis functions :  973
   total number of SCF-basis functions       :  911


 integral neglect threshold       :  0.34E-11
 integral storage threshold THIZE :  0.10E-04
 integral storage threshold THIME :         5

 RI-J AUXILIARY BASIS SET information:

              we will work with the 1s 3p 5d 7f 9g ... basis set
              ...i.e. with spherical basis functions...

   type   atoms  prim   cont   basis
   ---------------------------------------------------------------------------
    c       26     70     49   aug-cc-pVDZ   [6s4p3d1f1g|12s5p4d2f1g]
    n        4     70     49   aug-cc-pVDZ   [6s4p3d1f1g|12s5p4d2f1g]
    o        1     70     49   aug-cc-pVDZ   [6s4p3d1f1g|12s5p4d2f1g]
    h       22     16     11   aug-cc-pVDZ   [3s1p1d|5s2p1d]
   ---------------------------------------------------------------------------
   total:   53   2522   1761
   ---------------------------------------------------------------------------

   total number of primitive shells          :   80
   total number of contracted shells         :  575
   total number of cartesian basis functions : 2155
   total number of SCF-basis functions       : 1761


 symmetry group of the molecule :   c1 

 the group has the following generators :
   c1(z)

    1 symmetry operations found

 there are 1 real representations :   a   

 maximum number of shells which are related by symmetry :  1

 ==============================================================================
                      COSMO switched on
 ==============================================================================
 COSMO stati: segments per atom: H   32 other atoms   92
 COSMO statistics: nps   1997 npspher:    816
 COSMO surface:
   number of segments: 1997
   area (bohr**2):     1644.179173
   volume (bohr**3):   3439.152393
 COSMO: check number of disjunct cavities:

       ... OK contiguous cavity found
  
           ------------------
           density functional
           ------------------
 Name of XC-Functional: CAM version of B3LYP
 alpha=    0.19000
 beta =    0.46000
 omega=    0.33000
 [1] T. Yanai, D. P. Tew, and N. C. Handy, Chem. Phys. Lett. 393, 51 (2004)

 iterations will be done with small grid
  
 spherical integration : Lebedev's spherical grid
 spherical gridsize    :                     3
    i.e. gridpoints    :                   302
 value for diffuse not defined
 radial integration    : Chebyshev 2nd kind (scaling 3)
 radial gridsize       :                     3
 integration cells     :                    53
 partition function    : becke
 partition sharpness   :                     3
  

 biggest AO integral is expected to be     4.738267915

          ------------------------
          nuclear repulsion energy  :   2508.36349417    
          ------------------------


         -----------------
         -S,T+V- integrals
         -----------------

 1e-integrals will be neglected if expon. factor < 0.343470E-12
 
   Difference densities algorithm switched on.
   The maximal number of linear combinations of
   difference densities is                    20 .

 DIIS switched on: error vector is FDS-SDF
 Max. Iterations for DIIS is     :   4
 DIIS matrix (see manual) 
    Scaling factor of diagonals  :  1.200
    threshold for scaling factor :  0.000

 scf convergence criterion : increment of total energy < .1000000D-06
                  and increment of one-electron energy < .1000000D-03

 MOs are in ASCII format !


    mo occupation :
   irrep   mo's   occupied
    a      911      107
 
 number of basis functions   :   911
 number of occupied orbitals :   107
 

 reading orbital data $scfmo  from file mos
 orbital characterization : expanded
 virtual MOs provided and orthogonalized by Cholesky decomposition

 automatic virtual orbital shift switched on 
      shift if e(lumo)-e(homo) < 0.10000000    

  
           ------------------------
               RI-J - INFORMATION
           ------------------------
 Contributions to RI integral batches: 
  neglected integral batches:                 24352
  direct contribution:                        23300
  memory contribution:                 28203
 Memory core needed for (P|Q) and Cholesky     24 MByte
 Memory core minimum needed except of (P|Q)     2 MByte
 Total minimum memory core needed (sum)        26 MByte
  
 ****************************************
 Memory allocated for RI-J  1729 MByte
 ****************************************
                                            

 DSCF restart information will be dumped onto file mos


 Starting SCF iterations

          Overall gridpoints after grid construction =         71974

 ITERATION  ENERGY          1e-ENERGY        2e-ENERGY     NORM[dD(SAO)]  TOL
   1  -1292.4175604001    -6682.4444518     2881.6633972    0.000D+00 0.343D-11
                            Exc = -131.407834283     Coul =  3062.49097515    
                            exK = -49.4197436604    
                              N = 214.01362252    
                          Ediel =-0.205938179246    
                            current damping = 0.300
 
          max. resid. norm for Fia-block=  3.665D-01 for orbital     93a         
          max. resid. fock norm         =  1.329D+00 for orbital    880a         

 ITERATION  ENERGY          1e-ENERGY        2e-ENERGY     NORM[dD(SAO)]  TOL
   2  -1297.0223821578    -6734.5908265     2929.2049502    0.198D+03 0.835D-12
                            Exc = -133.640686316      Eck =  3062.84563653    
                              N = 214.00919980    
                          Ediel =-0.493680243712E-01
                            current damping = 0.250
 
          Norm of current diis error:  3.0973    
          max. resid. norm for Fia-block=  1.563D-01 for orbital     39a         
          max. resid. fock norm         =  2.930D-01 for orbital    890a         

 ITERATION  ENERGY          1e-ENERGY        2e-ENERGY     NORM[dD(SAO)]  TOL
   3  -1297.3313143957    -6734.0892259     2928.3944173    0.427D+02 0.751D-12
                            Exc = -134.487966905      Eck =  3062.88238421    
                              N = 214.00797751    
                          Ediel =-0.783140159152E-01
                            current damping = 0.200
 
          Norm of current diis error:  2.0963    
          max. resid. norm for Fia-block=  8.753D-02 for orbital    101a         
          max. resid. fock norm         =  9.469D-02 for orbital    101a         

 ITERATION  ENERGY          1e-ENERGY        2e-ENERGY     NORM[dD(SAO)]  TOL
   4  -1297.5958574174    -6735.3273027     2929.3679511    0.128D+02 0.732D-12
                            Exc = -134.131341164      Eck =  3063.49929225    
                              N = 214.00775450    
                          Ediel =-0.400371957342E-01
                            current damping = 0.250
 
          Norm of current diis error: 0.63989    
          max. resid. norm for Fia-block=  2.640D-02 for orbital     37a         
          max. resid. fock norm         =  3.199D-02 for orbital     34a         

 ITERATION  ENERGY          1e-ENERGY        2e-ENERGY     NORM[dD(SAO)]  TOL
   5  -1297.6184779570    -6737.1397110     2931.1577389    0.459D+01 0.727D-12
                            Exc = -134.286481002      Eck =  3065.44421989    
                              N = 214.00755629    
                          Ediel =-0.415625658482E-01
                            current damping = 0.150
 
          Norm of current diis error: 0.17328    
          max. resid. norm for Fia-block=  9.248D-03 for orbital     32a         
          max. resid. fock norm         =  1.308D-02 for orbital     32a         
          mo-orthogonalization: Cholesky decomposition

 ITERATION  ENERGY          1e-ENERGY        2e-ENERGY     NORM[dD(SAO)]  TOL
   6  -1297.6200878197    -6737.2491566     2931.2655747    0.133D+01 0.726D-12
                            Exc = -134.312023974      Eck =  3065.57759863    
                              N = 214.00752754    
                          Ediel =-0.406652051495E-01
                            current damping = 0.100
 
          Norm of current diis error: 0.92426E-01
          max. resid. norm for Fia-block=  3.477D-03 for orbital     32a         
          max. resid. fock norm         =  5.006D-03 for orbital     65a         

 ITERATION  ENERGY          1e-ENERGY        2e-ENERGY     NORM[dD(SAO)]  TOL
   7  -1297.6205680241    -6737.0371697     2931.0531075    0.640D+00 0.726D-12
                            Exc = -134.296783203      Eck =  3065.34989069    
                              N = 214.00753190    
                          Ediel =-0.403172889071E-01
                            current damping = 0.150
 
          Norm of current diis error: 0.38058E-01
          max. resid. norm for Fia-block=  1.643D-03 for orbital    101a         
          max. resid. fock norm         =  1.790D-03 for orbital    101a         

 ITERATION  ENERGY          1e-ENERGY        2e-ENERGY     NORM[dD(SAO)]  TOL
   8  -1297.6206599870    -6737.1680778     2931.1839236    0.198D+00 0.726D-12
                            Exc = -134.299358925      Eck =  3065.48328255    
                              N = 214.00753252    
                          Ediel =-0.397791357944E-01
                            current damping = 0.200
 
          Norm of current diis error: 0.21040E-01
          max. resid. norm for Fia-block=  9.988D-04 for orbital     98a         
          max. resid. fock norm         =  1.305D-03 for orbital     89a         

 ITERATION  ENERGY          1e-ENERGY        2e-ENERGY     NORM[dD(SAO)]  TOL
   9  -1297.6206945800    -6737.1525629     2931.1683742    0.850D-01 0.725D-12
                            Exc = -134.302706585      Eck =  3065.47108076    
                              N = 214.00753346    
                          Ediel =-0.397651349318E-01
                            current damping = 0.250
 
          Norm of current diis error: 0.11557E-01
          max. resid. norm for Fia-block=  4.235D-04 for orbital     99a         
          max. resid. fock norm         =  6.060D-04 for orbital    106a         

 ITERATION  ENERGY          1e-ENERGY        2e-ENERGY     NORM[dD(SAO)]  TOL
  10  -1297.6207054708    -6737.1478331     2931.1636334    0.349D-01 0.725D-12
                            Exc = -134.300839373      Eck =  3065.46447280    
                              N = 214.00753566    
                          Ediel =-0.395760806040E-01
                            current damping = 0.100
 
          Norm of current diis error: 0.53500E-02
          max. resid. norm for Fia-block=  4.209D-04 for orbital    107a         
          max. resid. fock norm         =  4.457D-04 for orbital    107a         
          mo-orthogonalization: Cholesky decomposition

 ITERATION  ENERGY          1e-ENERGY        2e-ENERGY     NORM[dD(SAO)]  TOL
  11  -1297.6207115719    -6737.1433344     2931.1591286    0.289D-01 0.724D-12
                            Exc = -134.300997792      Eck =  3065.46012642    
                              N = 214.00753773    
                          Ediel =-0.394639370004E-01
                            current damping = 0.100
 
          Norm of current diis error: 0.39797E-02
          max. resid. norm for Fia-block=  2.972D-04 for orbital    107a         
          max. resid. fock norm         =  3.153D-04 for orbital    107a         

 ITERATION  ENERGY          1e-ENERGY        2e-ENERGY     NORM[dD(SAO)]  TOL
  12  -1297.6207144702    -6737.1494492     2931.1652405    0.204D-01 0.723D-12
                            Exc = -134.301203341      Eck =  3065.46644388    
                              N = 214.00753921    
                          Ediel =-0.393435590190E-01
                            current damping = 0.150
 
          Norm of current diis error: 0.26990E-02
          max. resid. norm for Fia-block=  2.384D-04 for orbital    107a         
          max. resid. fock norm         =  2.683D-04 for orbital    107a         

 ITERATION  ENERGY          1e-ENERGY        2e-ENERGY     NORM[dD(SAO)]  TOL
  13  -1297.6207158550    -6737.1432561     2931.1590461    0.247D-01 0.722D-12
                            Exc = -134.301111957      Eck =  3065.46015805    
                              N = 214.00754047    
                          Ediel =-0.392811819088E-01
                            current damping = 0.200
 
          Norm of current diis error: 0.17632E-02
          max. resid. norm for Fia-block=  1.180D-04 for orbital    107a         
          max. resid. fock norm         =  1.284D-04 for orbital    107a         

 ITERATION  ENERGY          1e-ENERGY        2e-ENERGY     NORM[dD(SAO)]  TOL
  14  -1297.6207162311    -6737.1459836     2931.1617733    0.174D-01 0.720D-12
                            Exc = -134.300961702      Eck =  3065.46273495    
                              N = 214.00754121    
                          Ediel =-0.392279973081E-01
                            current damping = 0.250
 
          Norm of current diis error: 0.12894E-02
          max. resid. norm for Fia-block=  6.790D-05 for orbital    107a         
          max. resid. fock norm         =  7.114D-05 for orbital    903a         

 ITERATION  ENERGY          1e-ENERGY        2e-ENERGY     NORM[dD(SAO)]  TOL
  15  -1297.6207164964    -6737.1451963     2931.1609856    0.494D+02 0.977D-12
                            Exc = -134.301138879      Eck =  3065.46212449    
                              N = 214.00754147    
                          Ediel =-0.392190665827E-01
                            current damping = 0.300
 
          Norm of current diis error: 0.72087E-03
          max. resid. norm for Fia-block=  5.091D-05 for orbital    107a         
          max. resid. fock norm         =  1.041D-03 for orbital    852a         
          mo-orthogonalization: Cholesky decomposition

 ENERGY CONVERGED !

          Overall gridpoints after grid construction =        262421

 ITERATION  ENERGY          1e-ENERGY        2e-ENERGY     NORM[dD(SAO)]  TOL
  16  -1297.6192540970    -6737.1451865     2931.1624382    0.288D+00 0.978D-12
                            Exc = -134.299612743      Eck =  3065.46205097    
                              N = 213.99977761    
                          Ediel =-0.392004043003E-01
                            current damping = 0.350
 
          Norm of current diis error: 0.42315E-03
          max. resid. norm for Fia-block=  1.865D-05 for orbital    107a         
          max. resid. fock norm         =  1.731D-03 for orbital    852a         

 End of SCF iterations

   convergence criteria satisfied after    16 iterations


   *************************************************************************
   cam                                                                      
   *************************************************************************


                  ------------------------------------------ 
                 |  total energy      =  -1297.61925409697  |
                  ------------------------------------------ 
                 :  kinetic energy    =   1289.45537156531  :
                 :  potential energy  =  -2587.07462566228  :
                 :  virial theorem    =      1.99370856859  :
                 :  wavefunction norm =      1.00000000000  :
                  .......................................... 


 <geterg> : there is no data group $energy 


 <skperg> : $end is missing 


 orbitals $scfmo  will be written to file mos

    irrep                103a        104a        105a        106a        107a   
 eigenvalues H         -0.33902    -0.33181    -0.31174    -0.28772    -0.22870
            eV          -9.2254     -9.0292     -8.4831     -7.8294     -6.2232
 occupation              2.0000      2.0000      2.0000      2.0000      2.0000

    irrep                108a        109a        110a        111a        112a   
 eigenvalues H         -0.08438    -0.02434    -0.00174     0.00400     0.01105
            eV          -2.2960     -0.6624     -0.0473      0.1088      0.3008
 
 ==============================================================================
                                  COSMO RESULTS
 ==============================================================================
  PARAMETER:
    nppa:      1082
    nspa:        92
    nsph:        32
    nps:       1997
    npspher:    816
    disex:   10.0000    
    disex2:  4508.77    
    rsolv [A]: 1.3000
    routf:     0.8500
    phsran:    0.0    
    ampran:   0.10E-04
    cavity:  closed
    epsilon:     4.800
    refind:     1.300
    fepsi:      0.7169811
  CAVITY VOLUME/AREA [a.u.]:
    surface: V1.0, A matrix: V1.0
    area:  1644.18
    volume:  3439.15
  SCREENING CHARGE:
    cosmo      :  -0.053950
    correction :   0.052507
    total      :  -0.001444
  ENERGIES [a.u.]:
    Total energy            =   -1297.6192540969651
    Total energy + OC corr. =    -1297.6192294771
    Dielectric energy       =       -0.0392004043
    Diel. energy + OC corr. =       -0.0391757844
  ELEMENT RADIUS [A]: ATOM LIST
    c  2.00: 1-13,15,16,18-20,24-31
    n  1.83: 14,21-23
    o  1.72: 17
    h  1.30: 32-53
 ==============================================================================
 
 
 
 ==============================================================================
                           electrostatic moments
 ==============================================================================

 reference point for electrostatic moments:    0.00000   0.00000   0.00000

 
              nuc           elec       ->  total
 ------------------------------------------------------------------------------
                          charge      
 ------------------------------------------------------------------------------
         214.000000    -214.000000       0.000000
 
 ------------------------------------------------------------------------------
                       dipole moment  
 ------------------------------------------------------------------------------
   x      17.045335     -17.146180      -0.100845
   y    -191.348141     192.577355       1.229214
   z    3238.994791   -3253.139792     -14.145001
 
   | dipole moment | =    14.1987 a.u. =    36.0894 debye 
 
 ------------------------------------------------------------------------------
                     quadrupole moment
 ------------------------------------------------------------------------------
  xx     163.325974    -302.506971    -139.180997
  yy    3161.004005   -3306.032707    -145.028701
  zz   73299.062062  -73926.687928    -627.625866
  xy    -269.478700     270.007283       0.528583
  xz     -52.588729      50.163561      -2.425168
  yz     550.879743    -520.831121      30.048623
 
     1/3  trace=    -303.945188
     anisotropy=     488.347772
 
 ==============================================================================
 
HOMO-LUMO Separation
 HOMO         :   -0.22869582 H =     -6.22313 eV
 LUMO         :   -0.08437593 H =     -2.29599 eV
 HOMO-LUMO gap:    0.14431989 H =     +3.92715 eV
 
 ==============================================================================


    ------------------------------------------------------------------------
         total  cpu-time :  3 hours  9 minutes and 21 seconds
         total wall-time :  3 hours 10 minutes and 11 seconds
    ------------------------------------------------------------------------

   ****  ridft : all done  ****


    2025-06-24 17:04:01.471 

 ridft ended normally
