
 eiger (nano18.int-nano.int.kit.edu) : TURBOMOLE rev. V7-6 19 Oct 2021 at 10:10:11 compiled Oct 19th 2021
 Copyright (C) 2021 TURBOMOLE GmbH, Karlsruhe


    2025-04-09 06:49:34.116 

 m062x                                                                          
  
Total energy =  -1108.7596578290 H =    -30170.8870526 eV
 
 HOMO-LUMO Separation
   HOMO:    90.    90 a     -0.22769584 H =     -6.19592 eV
   LUMO:    91.    91 a     -0.07528917 H =     -2.04872 eV
   Gap :                    +0.15240667 H =     +4.14720 eV
 
Number of MOs=    760, Electrons=    180.00, Symmetry: c1   
 
   Nr.   Orbital    Occupation       Energy
  107.   107 a                     +0.031406 H =        +0.855 eV
  106.   106 a                     +0.029382 H =        +0.800 eV
  105.   105 a                     +0.025407 H =        +0.691 eV
  104.   104 a                     +0.023143 H =        +0.630 eV
  103.   103 a                     +0.018702 H =        +0.509 eV
  102.   102 a                     +0.016637 H =        +0.453 eV
  101.   101 a                     +0.013269 H =        +0.361 eV
  100.   100 a                     +0.007127 H =        +0.194 eV
   99.    99 a                     +0.005435 H =        +0.148 eV
   98.    98 a                     +0.004055 H =        +0.110 eV
   97.    97 a                     +0.002645 H =        +0.072 eV
   96.    96 a                     -0.003786 H =        -0.103 eV
   95.    95 a                     -0.007085 H =        -0.193 eV
   94.    94 a                     -0.017309 H =        -0.471 eV
   93.    93 a                     -0.018470 H =        -0.503 eV
   92.    92 a                     -0.032818 H =        -0.893 eV
   91.    91 a                     -0.075289 H =        -2.049 eV
   90.    90 a        2.000        -0.227696 H =        -6.196 eV
   89.    89 a        2.000        -0.274585 H =        -7.472 eV
   88.    88 a        2.000        -0.291373 H =        -7.929 eV
   87.    87 a        2.000        -0.318540 H =        -8.668 eV
   86.    86 a        2.000        -0.332669 H =        -9.052 eV
   85.    85 a        2.000        -0.358338 H =        -9.751 eV
   84.    84 a        2.000        -0.365731 H =        -9.952 eV
   83.    83 a        2.000        -0.370120 H =       -10.071 eV
   82.    82 a        2.000        -0.381122 H =       -10.371 eV
   81.    81 a        2.000        -0.382470 H =       -10.408 eV
   80.    80 a        2.000        -0.383493 H =       -10.435 eV
   79.    79 a        2.000        -0.396973 H =       -10.802 eV
   78.    78 a        2.000        -0.407030 H =       -11.076 eV
   77.    77 a        2.000        -0.419045 H =       -11.403 eV
   76.    76 a        2.000        -0.422000 H =       -11.483 eV
   75.    75 a        2.000        -0.443529 H =       -12.069 eV


    ------------------------------------------------------------------------
         total  cpu-time :   0.29 seconds
         total wall-time :   0.30 seconds
    ------------------------------------------------------------------------

   ****  eiger : all done  ****


    2025-04-09 06:49:34.405 

