
 eiger (nano19.int-nano.int.kit.edu) : TURBOMOLE rev. V7-6 19 Oct 2021 at 10:10:11 compiled Oct 19th 2021
 Copyright (C) 2021 TURBOMOLE GmbH, Karlsruhe


    2025-06-24 18:43:52.298 

 cam                                                                            
  
Total energy =  -2140.5798610060 H =    -58248.1449045 eV
 
 HOMO-LUMO Separation
   HOMO:   171.   171 a     -0.23304912 H =     -6.34159 eV
   LUMO:   172.   172 a     -0.09959422 H =     -2.71010 eV
   Gap :                    +0.13345490 H =     +3.63149 eV
 
Number of MOs=   1455, Electrons=    342.00, Symmetry: c1   
 
   Nr.   Orbital    Occupation       Energy
  188.   188 a                     +0.029067 H =        +0.791 eV
  187.   187 a                     +0.027505 H =        +0.748 eV
  186.   186 a                     +0.026301 H =        +0.716 eV
  185.   185 a                     +0.025707 H =        +0.700 eV
  184.   184 a                     +0.024356 H =        +0.663 eV
  183.   183 a                     +0.021178 H =        +0.576 eV
  182.   182 a                     +0.020196 H =        +0.550 eV
  181.   181 a                     +0.019097 H =        +0.520 eV
  180.   180 a                     +0.016624 H =        +0.452 eV
  179.   179 a                     +0.016388 H =        +0.446 eV
  178.   178 a                     +0.012644 H =        +0.344 eV
  177.   177 a                     +0.009665 H =        +0.263 eV
  176.   176 a                     +0.006167 H =        +0.168 eV
  175.   175 a                     +0.001843 H =        +0.050 eV
  174.   174 a                     -0.004811 H =        -0.131 eV
  173.   173 a                     -0.031703 H =        -0.863 eV
  172.   172 a                     -0.099594 H =        -2.710 eV
  171.   171 a        2.000        -0.233049 H =        -6.342 eV
  170.   170 a        2.000        -0.269510 H =        -7.334 eV
  169.   169 a        2.000        -0.309092 H =        -8.411 eV
  168.   168 a        2.000        -0.323394 H =        -8.800 eV
  167.   167 a        2.000        -0.327985 H =        -8.925 eV
  166.   166 a        2.000        -0.330263 H =        -8.987 eV
  165.   165 a        2.000        -0.333481 H =        -9.074 eV
  164.   164 a        2.000        -0.360452 H =        -9.808 eV
  163.   163 a        2.000        -0.380829 H =       -10.363 eV
  162.   162 a        2.000        -0.385978 H =       -10.503 eV
  161.   161 a        2.000        -0.388660 H =       -10.576 eV
  160.   160 a        2.000        -0.390521 H =       -10.627 eV
  159.   159 a        2.000        -0.395355 H =       -10.758 eV
  158.   158 a        2.000        -0.398838 H =       -10.853 eV
  157.   157 a        2.000        -0.404949 H =       -11.019 eV
  156.   156 a        2.000        -0.405842 H =       -11.044 eV


    ------------------------------------------------------------------------
         total  cpu-time :   1.11 seconds
         total wall-time :   1.13 seconds
    ------------------------------------------------------------------------

   ****  eiger : all done  ****


    2025-06-24 18:43:53.413 

