
 eiger (nano22.int-nano.int.kit.edu) : TURBOMOLE rev. V7-6 19 Oct 2021 at 10:10:11 compiled Oct 19th 2021
 Copyright (C) 2021 TURBOMOLE GmbH, Karlsruhe


    2025-06-02 15:24:10.570 

 M062X                                                                          
  
Total energy =  -2604.1412915370 H =    -70862.2939346 eV
 
 HOMO-LUMO Separation
   HOMO:   196.   196 a     -0.22239188 H =     -6.05159 eV
   LUMO:   197.   197 a     -0.10784669 H =     -2.93466 eV
   Gap :                    +0.11454519 H =     +3.11693 eV
 
Number of MOs=   1687, Electrons=    392.00, Symmetry: c1   
 
   Nr.   Orbital    Occupation       Energy
  213.   213 a                     +0.012004 H =        +0.327 eV
  212.   212 a                     +0.009712 H =        +0.264 eV
  211.   211 a                     +0.007562 H =        +0.206 eV
  210.   210 a                     +0.006135 H =        +0.167 eV
  209.   209 a                     +0.004710 H =        +0.128 eV
  208.   208 a                     +0.003575 H =        +0.097 eV
  207.   207 a                     +0.003123 H =        +0.085 eV
  206.   206 a                     -0.000266 H =        -0.007 eV
  205.   205 a                     -0.002891 H =        -0.079 eV
  204.   204 a                     -0.003612 H =        -0.098 eV
  203.   203 a                     -0.006081 H =        -0.165 eV
  202.   202 a                     -0.007465 H =        -0.203 eV
  201.   201 a                     -0.008734 H =        -0.238 eV
  200.   200 a                     -0.014410 H =        -0.392 eV
  199.   199 a                     -0.015910 H =        -0.433 eV
  198.   198 a                     -0.057491 H =        -1.564 eV
  197.   197 a                     -0.107847 H =        -2.935 eV
  196.   196 a        2.000        -0.222392 H =        -6.052 eV
  195.   195 a        2.000        -0.277380 H =        -7.548 eV
  194.   194 a        2.000        -0.301190 H =        -8.196 eV
  193.   193 a        2.000        -0.303421 H =        -8.257 eV
  192.   192 a        2.000        -0.310879 H =        -8.459 eV
  191.   191 a        2.000        -0.320168 H =        -8.712 eV
  190.   190 a        2.000        -0.331243 H =        -9.014 eV
  189.   189 a        2.000        -0.344263 H =        -9.368 eV
  188.   188 a        2.000        -0.360699 H =        -9.815 eV
  187.   187 a        2.000        -0.362658 H =        -9.868 eV
  186.   186 a        2.000        -0.369310 H =       -10.049 eV
  185.   185 a        2.000        -0.370376 H =       -10.078 eV
  184.   184 a        2.000        -0.372345 H =       -10.132 eV
  183.   183 a        2.000        -0.376384 H =       -10.242 eV
  182.   182 a        2.000        -0.383229 H =       -10.428 eV
  181.   181 a        2.000        -0.385562 H =       -10.492 eV


    ------------------------------------------------------------------------
         total  cpu-time :   1.17 seconds
         total wall-time :   1.19 seconds
    ------------------------------------------------------------------------

   ****  eiger : all done  ****


    2025-06-02 15:24:11.738 

