
 define (nano24.int-nano.int.kit.edu) : TURBOMOLE rev. V7-6 19 Oct 2021 at 10:10:11 compiled Oct 19th 2021
 Copyright (C) 2021 TURBOMOLE GmbH, Karlsruhe


    2025-06-24 15:05:20.293 

                    HOST NAME = nano24.int-nano.int.kit.edu
             OPERATING SYSTEM = unix
   STANDARD BASIS SET LIBRARY = /shared/software/chem/TURBOMOLE/TURBOMOLE-V7.6/basen/
  ALTERNATE BASIS SET LIBRARY = /shared/software/chem/TURBOMOLE/TURBOMOLE-V7.6/basold/
 LIBRARY FOR RI-J  BASIS SETS = /shared/software/chem/TURBOMOLE/TURBOMOLE-V7.6/jbasen/
 LIBRARY FOR RI-JK BASIS SETS = /shared/software/chem/TURBOMOLE/TURBOMOLE-V7.6/jkbasen/
 LIBRARY FOR RIMP2/RICC2 SETS = /shared/software/chem/TURBOMOLE/TURBOMOLE-V7.6/cbasen/
 LIBRARY FOR RIR12 BASIS SETS = /shared/software/chem/TURBOMOLE/TURBOMOLE-V7.6/cabasen/
 LIBRARY FOR OEP   BASIS SETS = /shared/software/chem/TURBOMOLE/TURBOMOLE-V7.6/xbasen/
            STRUCTURE LIBRARY = /shared/software/chem/TURBOMOLE/TURBOMOLE-V7.6/structures/
 

 ***********************************************************
 *                                                         *
 *                       D E F I N E                       *
 *                                                         *
 *         TURBOMOLE'S  INTERACTIVE  INPUT  PROGRAM        *
 *                                                         *
 *  Quantum Chemistry Group       University of Karlsruhe  *
 *                                                         *
 ***********************************************************


 DATA WILL BE WRITTEN TO THE NEW FILE control

 IF YOU WANT TO READ DEFAULT-DATA FROM ANOTHER control-TYPE FILE,
 THEN ENTER ITS LOCATION/NAME OR OTHERWISE HIT >return<.

 
 INPUT TITLE OR 
 ENTER & TO REPEAT DEFINITION OF DEFAULT INPUT FILE 

 symmetry group of the molecule :   c1 

 the group has the following generators :
   c1(z)

    1 symmetry operations found

 SPECIFICATION OF MOLECULAR GEOMETRY ( #ATOMS=0     SYMMETRY=c1  )
 YOU MAY USE ONE OF THE FOLLOWING COMMANDS : 
 sy <group> <eps> : DEFINE MOLECULAR SYMMETRY (default for eps=3d-1)
 desy <eps>       : DETERMINE MOLECULAR SYMMETRY AND ADJUST 
                     COORDINATES (default for eps=1d-6)
 syndi <eps>      : LIKE DESY, BUT FIND ONLY GROUPS WITH NON-
                     DEGENERATE IRREPS (D2h AND SUBGROUPS)
 susy             : ADJUST COORDINATES FOR SUBGROUPS
 ai               : ADD ATOMIC COORDINATES INTERACTIVELY
 a <file>         : ADD ATOMIC COORDINATES FROM FILE <file>
 aa <file>        : ADD ATOMIC COORDINATES IN ANGSTROEM UNITS FROM FILE <file>
 sub              : SUBSTITUTE AN ATOM BY A GROUP OF ATOMS
 i                : INTERNAL COORDINATE MENU 
 ired             : REDUNDANT INTERNAL COORDINATES
 pbc_ired         : PERIODIC REDUNDANT INTERNAL COORDINATES
 red_info         : DISPLAY REDUNDANT INTERNAL COORDINATES
 ff               : UFF-FORCEFIELD CALCULATION
 m                : MANIPULATE GEOMETRY
 frag             : Define Fragments for BSSE calculation
 w <file>         : WRITE MOLECULAR COORDINATES TO FILE <file> 
 r <file>         : RELOAD ATOMIC AND INTERNAL COORDINATES FROM FILE <file>
 name             : CHANGE ATOMIC IDENTIFIERS 
 del              : DELETE ATOMS 
 fix              : FIX ATOMS 
 dis              : DISPLAY MOLECULAR GEOMETRY 
 banal            : CARRY OUT BOND ANALYSIS 
 *                : TERMINATE MOLECULAR GEOMETRY SPECIFICATION 
                     AND WRITE GEOMETRY DATA TO CONTROL FILE 

 IF YOU APPEND A QUESTION MARK TO ANY COMMAND AN EXPLANATION
 OF THAT COMMAND MAY BE GIVEN 


 CARTESIAN COORDINATES FOR  99 ATOMS HAVE SUCCESSFULLY 
 BEEN ADDED. 
 DEFINITIONS OF INTERNAL COORDINATES HAVE  N O T  BEEN READ. 
 SPECIFICATION OF BOND TOPOLOGY HAS  N O T  BEEN READ. 

 SPECIFICATION OF MOLECULAR GEOMETRY ( #ATOMS=99    SYMMETRY=c1  )
 YOU MAY USE ONE OF THE FOLLOWING COMMANDS : 
 sy <group> <eps> : DEFINE MOLECULAR SYMMETRY (default for eps=3d-1)
 desy <eps>       : DETERMINE MOLECULAR SYMMETRY AND ADJUST 
                     COORDINATES (default for eps=1d-6)
 syndi <eps>      : LIKE DESY, BUT FIND ONLY GROUPS WITH NON-
                     DEGENERATE IRREPS (D2h AND SUBGROUPS)
 susy             : ADJUST COORDINATES FOR SUBGROUPS
 ai               : ADD ATOMIC COORDINATES INTERACTIVELY
 a <file>         : ADD ATOMIC COORDINATES FROM FILE <file>
 aa <file>        : ADD ATOMIC COORDINATES IN ANGSTROEM UNITS FROM FILE <file>
 sub              : SUBSTITUTE AN ATOM BY A GROUP OF ATOMS
 i                : INTERNAL COORDINATE MENU 
 ired             : REDUNDANT INTERNAL COORDINATES
 pbc_ired         : PERIODIC REDUNDANT INTERNAL COORDINATES
 red_info         : DISPLAY REDUNDANT INTERNAL COORDINATES
 ff               : UFF-FORCEFIELD CALCULATION
 m                : MANIPULATE GEOMETRY
 frag             : Define Fragments for BSSE calculation
 w <file>         : WRITE MOLECULAR COORDINATES TO FILE <file> 
 r <file>         : RELOAD ATOMIC AND INTERNAL COORDINATES FROM FILE <file>
 name             : CHANGE ATOMIC IDENTIFIERS 
 del              : DELETE ATOMS 
 fix              : FIX ATOMS 
 dis              : DISPLAY MOLECULAR GEOMETRY 
 banal            : CARRY OUT BOND ANALYSIS 
 *                : TERMINATE MOLECULAR GEOMETRY SPECIFICATION 
                     AND WRITE GEOMETRY DATA TO CONTROL FILE 

 IF YOU APPEND A QUESTION MARK TO ANY COMMAND AN EXPLANATION
 OF THAT COMMAND MAY BE GIVEN 


 YOU DID NOT YET DEFINE ANY INTERNAL COORDINATES !

 ONLY AN INCOMPLETE SET OF   -1 INTERNALS SPECIFIED
 RECOMMENDATION: USE CARTESIAN COORDINATES (ENTER no BELOW)
 FOR ANY OTHER ANSWER YOU RETURN TO THE PREVIOUS MENU AGAIN

 IF YOU DO NOT WANT TO USE INTERNAL COORDINATES ENTER  no


 GEOMETRY DATA WILL BE WRITTEN TO FILE coord

 filename not specified ! 


 SUPPLYING BASIS SETS TO   99 ATOMS 
 #                                                                       
 #                   BASIS SET LIBRARY FOR CARBON                        
 #            ECPs, HONDO-BASIS SETS FROM basen AND                      
 #     FULLY OPTIMIZED BASIS SETS FROM newbas MERGED 02/6/93             
 #                                                                       
 #         abbreviation hondo refers to the version 7.0 of HONDO         
 #                                                                       
 ########################################################################
 #       HF limit : E(3P) = -37.688619 a.u. (C. Froese Fischer, 1977)    
 ########################################################################
 #       Roothaan parameters for C(3P) in symmetry I:                    
 #        a = 3/4      b = 3/2                                           
 ########################################################################
 #                                                                       
 c def-SV(P)                                                             
 c def2-SVP                                                              
 c dhf-SVP                                                               
 c dhf-SVP-2c                                                            
 c def2-SV(P)                                                            
 c dhf-SV(P)                                                             
 c dhf-SV(P)-2c                                                          
 # c (7s4p1d)/[3s2p1d] {511/31/1}                                        
 # ROHF(equiv) energy is -37.64114337919 a.u.  (virial theorem = 2.000000
 # UHF(noneq)  energy is -37.64522986135 a.u.  (virial theorem = 2.000084
 #                                                                       
 #                      BASIS SET LIBRARY FOR NITROGEN                   
 #            ECPs, HONDO-BASIS SETS FROM basen AND                      
 #     FULLY OPTIMIZED BASIS SETS FROM newbas MERGED 02/6/93             
 #                                                                       
 #         abbreviation hondo refers to the version 7.0 of HONDO         
 #                                                                       
 #                                                                       
 ########################################################################
 #       HF limit : E(4S) = -54.400934 a.u. (C. Froese Fischer, 1977)    
 ########################################################################
 #       Roothaan parameters for N(4S) in symmetry I:                    
 #        a = 1      b = 2                                               
 ########################################################################
 n def-SV(P)                                                             
 n def2-SVP                                                              
 n dhf-SVP                                                               
 n dhf-SVP-2c                                                            
 n def2-SV(P)                                                            
 n dhf-SV(P)                                                             
 n dhf-SV(P)-2c                                                          
 # n (7s4p1d)/[3s2p1d] {511/31/1}                                        
 # ROHF(equiv) energy is -54.33292502496 a.u.  (virial theorem = 2.000000
 # UHF(equiv)  energy is -54.33653300372 a.u.  (virial theorem = 1.999955
 #                                                                       
 #                       BASIS SET LIBRARY FOR OXYGEN                    
 #            ECPs, HONDO-BASIS SETS FROM basen AND                      
 #     FULLY OPTIMIZED BASIS SETS FROM newbas MERGED 02/6/93             
 #                                                                       
 #         abbreviation hondo refers to the version 7.0 of HONDO         
 #                                                                       
 #                                                                       
 ########################################################################
 #       HF limit : E(3P) = -74.809398 a.u. (C. Froese Fischer, 1977)    
 ########################################################################
 #       Roothaan parameters for O(3P) in symmetry I:                    
 #        a = 15/16      b = 9/8                                         
 ########################################################################
 #                                                                       
 o def-SV(P)                                                             
 o def2-SVP                                                              
 o dhf-SVP                                                               
 o dhf-SVP-2c                                                            
 o def2-SV(P)                                                            
 o dhf-SV(P)                                                             
 o dhf-SV(P)-2c                                                          
 # o (7s4p1d)/[3s2p1d] {511/31/1}                                        
 # ROHF(equiv) energy is -74.71374601625 a.u.  (virial theorem = 2.000000
 # UHF(noneq)  energy is -74.72010092377 a.u.  (virial theorem = 2.000106
 #                                                                       
 #                       BASIS SET LIBRARY FOR SULFUR                    
 #            ECPs, HONDO-BASIS SETS FROM basen AND                      
 #     FULLY OPTIMIZED BASIS SETS FROM newbas MERGED 02/6/93             
 #                                                                       
 #          abbreviation hondo refers to the version 7.0 of HONDO        
 #                                                                       
 ########################################################################
 #       Roothaan parameters for S(3P) in symmetry I:                    
 #        a = 15/16      b = 9/8                                         
 ########################################################################
 #                                                                       
 s def-SV(P)                                                             
 s def2-SV(P)                                                            
 s dhf-SV(P)                                                             
 s dhf-SV(P)-2c                                                          
 # ROHF(equiv) energy is -397.36223459768 a.u.  (virial = 2.00000000000) 
 # UHF(noneq)  energy is -397.36639647955 a.u.  (virial = 2.00002349071) 
 # (10s7p1d)/[4s3p1d] {5311/511/1}                                       
 #                                                                       
 #                    BASIS SET LIBRARY FOR HYDROGEN                     
 #            ECPs, HONDO-BASIS SETS FROM basen AND                      
 #     FULLY OPTIMIZED BASIS SETS FROM newbas MERGED 02/6/93             
 #                                                                       
 #         abbreviation hondo refers to the version 7.0 of HONDO         
 #                                                                       
 ########################################################################
 #       HF limit : E(2S) = -0.5 a.u.                                    
 ########################################################################
 #       Roothaan parameters for H(2S):                                  
 #        a = 0      b = 0                                               
 ########################################################################
 #                                                                       
 h def-SV(P)                                                             
 h def2-SV(P)                                                            
 h dhf-SV(P)                                                             
 h dhf-SV(P)-2c                                                          
 h x2c-SV(P)all                                                          
 h x2c-SV(P)all-2c                                                       
 h x2c-SV(P)all-s                                                        
 # HF(equiv) energy is -0.49927840571 a.u.  (virial theorem = 2.000000001
 # (4s)/[2s] {31}                                                        
 # H. Horn, Aug. 91                                                      
 
 ==============================================================================
 NOTE: Improved basis sets are available for H-Rn ("def2-bases").
 For further information type "bi".
 ==============================================================================

 ATOMIC ATTRIBUTE DEFINITION MENU  ( #atoms=99    #bas=99    #ecp=0     )

 b    : ASSIGN ATOMIC BASIS SETS 
 bb   : b RESTRICTED TO BASIS SET LIBRARY 
 bl   : LIST ATOMIC BASIS SETS ASSIGNED
 bm   : MODIFY DEFINITION OF ATOMIC BASIS SET
 bp   : SWITCH BETWEEN 5d/7f AND 6d/10f
 lib  : SELECT BASIS SET LIBRARY
 ecp  : ASSIGN EFFECTIVE CORE POTENTIALS 
 ecpb : ecp RESTRICTED TO BASIS SET LIBRARY 
 ecpi : GENERAL INFORMATION ABOUT EFFECTIVE CORE POTENTIALS
 ecpl : LIST EFFECTIVE CORE POTENTIALS ASSIGNED
 ecprm: REMOVE EFFECTIVE CORE POTENTIAL(S)
 c    : ASSIGN NUCLEAR CHARGES (IF DIFFERENT FROM DEFAULTS) 
 cem  : ASSIGN NUCLEAR CHARGES FOR EMBEDDING 
 m    : ASSIGN ATOMIC MASSES (IF DIFFERENT FROM DEFAULTS) 
 iso  : ASSIGN ISOTOPE FOR NUCLEAR COUPLING CALCULATION 
 dis  : DISPLAY MOLECULAR GEOMETRY 
 dat  : DISPLAY ATOMIC ATTRIBUTES YET ESTABLISHED 
 h    : EXPLANATION OF ATTRIBUTE DEFINITION SYNTAX 
 *    : TERMINATE THIS SECTION AND WRITE DATA OR DATA REFERENCES TO control
 GOBACK=& (TO GEOMETRY MENU !)


 SUPPLYING BASIS SETS TO   99 ATOMS 
 #                                                                       
 #                   BASIS SET LIBRARY FOR CARBON                        
 #            ECPs, HONDO-BASIS SETS FROM basen AND                      
 #     FULLY OPTIMIZED BASIS SETS FROM newbas MERGED 02/6/93             
 #                                                                       
 #         abbreviation hondo refers to the version 7.0 of HONDO         
 #                                                                       
 ########################################################################
 #       HF limit : E(3P) = -37.688619 a.u. (C. Froese Fischer, 1977)    
 ########################################################################
 #       Roothaan parameters for C(3P) in symmetry I:                    
 #        a = 3/4      b = 3/2                                           
 ########################################################################
 #                                                                       
 c aug-cc-pVDZ                                                           
 c YP-aug-cc-pVDZ                                                        
 # ROHF(equiv) energy is -37.68307086445 a.u.  (virial theorem = 1.999593
 # UHF(noneq)  energy is -37.68776326739 a.u.  (virial theorem = 1.999662
 #                                                                       
 #                      BASIS SET LIBRARY FOR NITROGEN                   
 #            ECPs, HONDO-BASIS SETS FROM basen AND                      
 #     FULLY OPTIMIZED BASIS SETS FROM newbas MERGED 02/6/93             
 #                                                                       
 #         abbreviation hondo refers to the version 7.0 of HONDO         
 #                                                                       
 #                                                                       
 ########################################################################
 #       HF limit : E(4S) = -54.400934 a.u. (C. Froese Fischer, 1977)    
 ########################################################################
 #       Roothaan parameters for N(4S) in symmetry I:                    
 #        a = 1      b = 2                                               
 ########################################################################
 n aug-cc-pVDZ                                                           
 n YP-aug-cc-pVDZ                                                        
 # ROHF(equiv) energy is -54.38987072909 a.u.  (virial theorem = 1.999514
 # UHF(equiv)  energy is -54.39318338964 a.u.  (virial theorem = 1.999621
 #                                                                       
 #                       BASIS SET LIBRARY FOR OXYGEN                    
 #            ECPs, HONDO-BASIS SETS FROM basen AND                      
 #     FULLY OPTIMIZED BASIS SETS FROM newbas MERGED 02/6/93             
 #                                                                       
 #         abbreviation hondo refers to the version 7.0 of HONDO         
 #                                                                       
 #                                                                       
 ########################################################################
 #       HF limit : E(3P) = -74.809398 a.u. (C. Froese Fischer, 1977)    
 ########################################################################
 #       Roothaan parameters for O(3P) in symmetry I:                    
 #        a = 15/16      b = 9/8                                         
 ########################################################################
 #                                                                       
 o aug-cc-pVDZ                                                           
 o YP-aug-cc-pVDZ                                                        
 # ROHF(equiv) energy is -74.78905189051 a.u.  (virial theorem = 1.999448
 # UHF(noneq)  energy is -74.79660075444 a.u.  (virial theorem = 1.999516
 #                                                                       
 #                       BASIS SET LIBRARY FOR SULFUR                    
 #            ECPs, HONDO-BASIS SETS FROM basen AND                      
 #     FULLY OPTIMIZED BASIS SETS FROM newbas MERGED 02/6/93             
 #                                                                       
 #          abbreviation hondo refers to the version 7.0 of HONDO        
 #                                                                       
 ########################################################################
 #       Roothaan parameters for S(3P) in symmetry I:                    
 #        a = 15/16      b = 9/8                                         
 ########################################################################
 #                                                                       
 s aug-cc-pVDZ                                                           
 # s    (13s9p2d) / [5s4p2d]                                             
 # ROHF(equiv) energy is -397.49342084457 a.u.  (virial = 1.99995096287) 
 # UHF(noneq)  energy is -397.49874014076 a.u.  (virial = 1.99996263636) 
 #                                                                       
 #                    BASIS SET LIBRARY FOR HYDROGEN                     
 #            ECPs, HONDO-BASIS SETS FROM basen AND                      
 #     FULLY OPTIMIZED BASIS SETS FROM newbas MERGED 02/6/93             
 #                                                                       
 #         abbreviation hondo refers to the version 7.0 of HONDO         
 #                                                                       
 ########################################################################
 #       HF limit : E(2S) = -0.5 a.u.                                    
 ########################################################################
 #       Roothaan parameters for H(2S):                                  
 #        a = 0      b = 0                                               
 ########################################################################
 #                                                                       
 h aug-cc-pVDZ                                                           
 h aug-cc-pCVDZ                                                          
 h aug-cc-pwCVDZ                                                         
 h YP-aug-cc-pVDZ                                                        
 # h     (5s2p) / [3s2p]                                                 
 # HF(equiv) energy is -0.49933431544 a.u.  (virial theorem = 1.997095848
 # Ref.: T.H. Dunning; JCP 90, 1007 (1989).                              
 # Diffuse Function Augmented Polarized Valence Double Zeta (aug-cc-pVDZ)

 ATOMIC ATTRIBUTE DEFINITION MENU  ( #atoms=99    #bas=99    #ecp=0     )

 b    : ASSIGN ATOMIC BASIS SETS 
 bb   : b RESTRICTED TO BASIS SET LIBRARY 
 bl   : LIST ATOMIC BASIS SETS ASSIGNED
 bm   : MODIFY DEFINITION OF ATOMIC BASIS SET
 bp   : SWITCH BETWEEN 5d/7f AND 6d/10f
 lib  : SELECT BASIS SET LIBRARY
 ecp  : ASSIGN EFFECTIVE CORE POTENTIALS 
 ecpb : ecp RESTRICTED TO BASIS SET LIBRARY 
 ecpi : GENERAL INFORMATION ABOUT EFFECTIVE CORE POTENTIALS
 ecpl : LIST EFFECTIVE CORE POTENTIALS ASSIGNED
 ecprm: REMOVE EFFECTIVE CORE POTENTIAL(S)
 c    : ASSIGN NUCLEAR CHARGES (IF DIFFERENT FROM DEFAULTS) 
 cem  : ASSIGN NUCLEAR CHARGES FOR EMBEDDING 
 m    : ASSIGN ATOMIC MASSES (IF DIFFERENT FROM DEFAULTS) 
 iso  : ASSIGN ISOTOPE FOR NUCLEAR COUPLING CALCULATION 
 dis  : DISPLAY MOLECULAR GEOMETRY 
 dat  : DISPLAY ATOMIC ATTRIBUTES YET ESTABLISHED 
 h    : EXPLANATION OF ATTRIBUTE DEFINITION SYNTAX 
 *    : TERMINATE THIS SECTION AND WRITE DATA OR DATA REFERENCES TO control
 GOBACK=& (TO GEOMETRY MENU !)


 BASIS SETS WILL BE WRITTEN TO FILE basis BY DEFAULT


              +--------------------------------------------------+
              |               basis set information              |
              +--------------------------------------------------+

              we will work with the 1s 3p 5d 7f 9g ... basis set
              ...i.e. with spherical basis functions...

   type   atoms  prim   cont   basis
   ---------------------------------------------------------------------------
    c       44     43     23   aug-cc-pVDZ   [4s3p2d|18s5p2d]
    n        6     43     23   aug-cc-pVDZ   [4s3p2d|18s5p2d]
    o        2     43     23   aug-cc-pVDZ   [4s3p2d|18s5p2d]
    s        1     93     27   aug-cc-pVDZ   [5s4p2d|35s16p2d]
    h       46     11      9   aug-cc-pVDZ   [3s2p|5s2p]
   ---------------------------------------------------------------------------
   total:   99   2835   1637
   ---------------------------------------------------------------------------

   total number of primitive shells          :  135
   total number of contracted shells         :  709
   total number of cartesian basis functions : 1743
   total number of SCF-basis functions       : 1637


              ATOMIC COORDINATES              ATOM SHELLS CHARGE PSEUDO MASS
    10.99800536    6.26102737    5.92368858    c      9      6.     0 12.011
    12.12643339    4.13256950    6.82518904    c      9      6.     0 12.011
    12.30228582    4.18067531    2.75479097    c      9      6.     0 12.011
    22.26444971    3.53168459   -1.60194786    c      9      6.     0 12.011
    22.09704946    2.65832536    3.13796053    c      9      6.     0 12.011
    22.94184661    1.69966087    0.53741997    c      9      6.     0 12.011
     3.49671143    0.95240401   -0.18421050    c      9      6.     0 12.011
     8.18512497    0.27913182   -0.09412102    c      9      6.     0 12.011
    12.84212332   -0.19094549   -0.09245504    c      9      6.     0 12.011
    17.48572937   -0.68519825   -0.08728513    c      9      6.     0 12.011
    26.53332496   -0.77572294    0.22144982    c      9      6.     0 12.011
    29.10683186   -1.24699814    0.23762852    c      9      6.     0 12.011
    22.18815750   -1.03176042    0.01062328    c      9      6.     0 12.011
     5.62882346   -0.51118093    0.23031453    c      9      6.     0 12.011
    10.32091800   -1.21687062    0.10877415    c      9      6.     0 12.011
    14.98740618   -1.71226327   -0.27064072    c      9      6.     0 12.011
    19.70572029   -2.03105817   -0.26368180    c      9      6.     0 12.011
    24.39701774   -2.44162404   -0.16142078    c      9      6.     0 12.011
    10.18977611   -4.04117592    0.55712017    c      9      6.     0 12.011
    14.72146067   -4.55066384   -0.60648322    c      9      6.     0 12.011
    12.03038749   -5.46240227   -1.19027027    c      9      6.     0 12.011
    11.72081596   -8.41050410   -1.17144425    c      9      6.     0 12.011
    13.76607656   -9.63037201   -2.85531816    c      9      6.     0 12.011
     9.11932204   -9.11212256   -2.28926185    c      9      6.     0 12.011
    11.92203362   -9.52456303    1.51420674    c      9      6.     0 12.011
    11.11408443    6.25069094    3.30913400    n      9      7.     0 14.007
    12.99614072    2.79096259    4.79594236    o      9      8.     0 15.999
    13.24219119    3.20150880   -0.28575494    s     11     16.     0 32.064
    25.69734754    1.57614081    0.61177672    o      9      8.     0 15.999
    30.14226137   -3.70684066   -0.15840535    c      9      6.     0 12.011
    30.83081426    0.78958994    0.66590490    c      9      6.     0 12.011
    24.44334929   -5.08621355   -0.63664382    c      9      6.     0 12.011
    31.06612541   -5.67598082   -0.47093676    n      9      7.     0 14.007
    32.25367051    2.42793770    1.01057791    n      9      7.     0 14.007
    24.28810677   -7.24176178   -1.03103495    n      9      7.     0 14.007
     0.99764274    0.00599175    0.61051590    c      9      6.     0 12.011
     3.62181073    3.44763392   -1.43936489    c      9      6.     0 12.011
     2.30616753    5.55294812   -0.46336595    c      9      6.     0 12.011
     2.44733763    7.92556012   -1.57617332    c      9      6.     0 12.011
     3.89946705    8.33399627   -3.79707168    c      9      6.     0 12.011
     5.17783522    6.20870633   -4.81799168    c      9      6.     0 12.011
     5.04226646    3.85563410   -3.65783987    c      9      6.     0 12.011
    -1.22384182    0.63173299   -0.73216796    c      9      6.     0 12.011
    -3.57789312   -0.32283495   -0.07225821    c      9      6.     0 12.011
    -3.87061075   -1.97110548    2.02476350    c      9      6.     0 12.011
    -1.64995200   -2.57859252    3.40658661    c      9      6.     0 12.011
     0.68960415   -1.62001855    2.70630891    c      9      6.     0 12.011
    -6.19760060   -2.92793731    2.69516765    n      9      7.     0 14.007
     4.04932612   10.68236006   -4.91427927    n      9      7.     0 14.007
     5.61068228   11.05073004   -7.13607563    c      9      6.     0 12.011
     2.72502249   12.81563200   -3.81745937    c      9      6.     0 12.011
    -6.41881648   -4.65702103    4.80971657    c      9      6.     0 12.011
    -8.43217510   -2.23880030    1.26625294    c      9      6.     0 12.011
    10.09417807    7.78422580    6.97105965    h      5      1.     0  1.008
    12.44175290    3.32249002    8.68479520    h      5      1.     0  1.008
    20.21267730    3.83592709   -1.71236493    h      5      1.     0  1.008
    23.18735019    5.36161411   -1.25039946    h      5      1.     0  1.008
    22.92800342    2.79998244   -3.43090606    h      5      1.     0  1.008
    20.03518251    2.89353466    3.21762326    h      5      1.     0  1.008
    22.66836525    1.32703164    4.62853020    h      5      1.     0  1.008
    22.99330536    4.49661919    3.51435259    h      5      1.     0  1.008
     8.48106420    2.27691835   -0.51679739    h      5      1.     0  1.008
    17.58174806    1.33901760    0.27661395    h      5      1.     0  1.008
     5.30406004   -2.42852540    0.92183278    h      5      1.     0  1.008
    19.63445947   -4.05980427   -0.64219187    h      5      1.     0  1.008
    10.68164498   -4.43500637    2.54981785    h      5      1.     0  1.008
     8.25184855   -4.71512633    0.27401312    h      5      1.     0  1.008
    15.43654041   -5.47967588    1.12299091    h      5      1.     0  1.008
    16.01260395   -5.13959113   -2.12805517    h      5      1.     0  1.008
    11.58923981   -4.85821639   -3.14193028    h      5      1.     0  1.008
    13.41068125  -11.67231765   -3.06019263    h      5      1.     0  1.008
    15.67765453   -9.42269942   -2.06196162    h      5      1.     0  1.008
    13.76945275   -8.80055944   -4.76764427    h      5      1.     0  1.008
     8.90367877  -11.18119975   -2.38635428    h      5      1.     0  1.008
     7.53923283   -8.38609658   -1.14601590    h      5      1.     0  1.008
     8.90187730   -8.36475647   -4.22256166    h      5      1.     0  1.008
    10.39330547   -8.85355114    2.75839052    h      5      1.     0  1.008
    11.78832435  -11.60202759    1.44093885    h      5      1.     0  1.008
    13.73764110   -9.06353921    2.42513259    h      5      1.     0  1.008
     1.17818811    5.32868336    1.25192598    h      5      1.     0  1.008
     1.42878696    9.48402311   -0.69743895    h      5      1.     0  1.008
     6.28332840    6.38679261   -6.54542132    h      5      1.     0  1.008
     6.02587420    2.26453062   -4.53136785    h      5      1.     0  1.008
    -1.08741493    1.86680394   -2.37993582    h      5      1.     0  1.008
    -5.20571794    0.20778786   -1.21585621    h      5      1.     0  1.008
    -1.75647133   -3.79186170    5.06665715    h      5      1.     0  1.008
     2.32976265   -2.10113791    3.86483310    h      5      1.     0  1.008
     7.61547591   10.58375906   -6.77536906    h      5      1.     0  1.008
     4.97239723    9.88629006   -8.74980064    h      5      1.     0  1.008
     5.51960542   13.03884664   -7.72064956    h      5      1.     0  1.008
     0.66040731   12.50298778   -3.74037725    h      5      1.     0  1.008
     3.37233872   13.23637669   -1.87468201    h      5      1.     0  1.008
     3.06122007   14.50367635   -4.97478320    h      5      1.     0  1.008
    -5.26611075   -6.37916492    4.54094328    h      5      1.     0  1.008
    -5.82997838   -3.78030281    6.61334753    h      5      1.     0  1.008
    -8.39640428   -5.24789965    5.01224627    h      5      1.     0  1.008
    -8.76589657   -0.17658999    1.27956455    h      5      1.     0  1.008
    -8.31162172   -2.84363587   -0.73086726    h      5      1.     0  1.008
   -10.09510310   -3.15226821    2.10426125    h      5      1.     0  1.008
 

 we will work with the  1s 3p 5d

 there are 1 real representations :   a   

 OCCUPATION NUMBER & MOLECULAR ORBITAL DEFINITION MENU 

 CHOOSE COMMAND 
 infsao     : OUTPUT SAO INFORMATION 
 atb        : Switch for writing MOs in ASCII or binary format
 eht        : PROVIDE MOS && OCCUPATION NUMBERS FROM EXTENDED HUECKEL GUESS 
 use <file> : SUPPLY MO INFORMATION USING DATA FROM <file> 
 man        : MANUAL SPECIFICATION OF OCCUPATION NUMBERS 
 hcore      : HAMILTON CORE GUESS FOR MOS
 flip       : FLIP SPIN OF A SELECTED ATOM
 &          : MOVE BACK TO THE ATOMIC ATTRIBUTES MENU
 THE COMMANDS  use  OR  eht  OR  *  OR q(uit) TERMINATE THIS MENU !!! 
 FOR EXPLANATIONS APPEND A QUESTION MARK (?) TO ANY COMMAND 


 PROVIDING EHT AOS FOR THE FOLLOWING SET OF ATOMS :
     1 c            2 c            3 c            4 c            5 c       
     6 c            7 c            8 c            9 c           10 c       
    11 c           12 c           13 c           14 c           15 c       
    16 c           17 c           18 c           19 c           20 c       
    21 c           22 c           23 c           24 c           25 c       
    30 c           31 c           32 c           36 c           37 c       
    38 c           39 c           40 c           41 c           42 c       
    43 c           44 c           45 c           46 c           47 c       
    50 c           51 c           52 c           53 c       
 for the   6 electrons of the actual atom you have
 to provide at least basis functions for the AO's :   2s  1p  0d  0f


 PROVIDING EHT AOS FOR THE FOLLOWING SET OF ATOMS :
    26 n           33 n           34 n           35 n           48 n       
    49 n       
 for the   7 electrons of the actual atom you have
 to provide at least basis functions for the AO's :   2s  1p  0d  0f


 PROVIDING EHT AOS FOR THE FOLLOWING SET OF ATOMS :
    27 o           29 o       
 for the   8 electrons of the actual atom you have
 to provide at least basis functions for the AO's :   2s  1p  0d  0f


 PROVIDING EHT AOS FOR THE FOLLOWING SET OF ATOMS :
    28 s       
 for the  16 electrons of the actual atom you have
 to provide at least basis functions for the AO's :   3s  2p  0d  0f


 PROVIDING EHT AOS FOR THE FOLLOWING SET OF ATOMS :
    54 h           55 h           56 h           57 h           58 h       
    59 h           60 h           61 h           62 h           63 h       
    64 h           65 h           66 h           67 h           68 h       
    69 h           70 h           71 h           72 h           73 h       
    74 h           75 h           76 h           77 h           78 h       
    79 h           80 h           81 h           82 h           83 h       
    84 h           85 h           86 h           87 h           88 h       
    89 h           90 h           91 h           92 h           93 h       
    94 h           95 h           96 h           97 h           98 h       
    99 h       
 for the   1 electrons of the actual atom you have
 to provide at least basis functions for the AO's :   1s  0p  0d  0f


 DO YOU WANT THE DEFAULT PARAMETERS FOR THE EXTENDED HUECKEL CALCULATION ? 
 DEFAULT=y   HELP=? 


 JUST SETTING UP HUECKEL MATRIX ! 


 HUECKEL EQUATIONS ARE BEING SOLVED 


 ENTER THE MOLECULAR CHARGE  (DEFAULT=0) 


 NUMBER OF ELECTRONS IN YOUR MOLECULE IS  384


 AUTOMATIC OCCUPATION NUMBER ASSIGNMENT ESTABLISHED !
 FOUND CLOSED SHELL SYSTEM !
 HOMO/LUMO-SEPARATION :  0.043630
 ORBITAL  SYMMETRY      ENERGY     DEFAULT 
 (SHELL)    TYPE                 OCCUPATION 
   189   189a          -0.40450      2
   190   190a          -0.39883      2
   191   191a          -0.39359      2
   192   192a          -0.38881      2
   193   193a          -0.34518      0
   194   194a          -0.29306      0
   195   195a          -0.28662      0

!!!!!!!!!!!!!!!!!!!!!!!!!!!!!!!!!!!!!!!!!!!!!!!!!!!!!!!!!
!!! WARNING ! HOMO/LUMO-SEPARATION LOWER THAN 0.05 AU !!!
!!!!!!!!!!!!!!!!!!!!!!!!!!!!!!!!!!!!!!!!!!!!!!!!!!!!!!!!!

 DO YOU ACCEPT THIS OCCUPATION ?  DEFAULT=y 


 PROVIDING  'derivative'  DEFAULT PARAMETERS ...

 PROVIDING FORCE RELAXATION DEFAULT PARAMETERS ...

    mo occupation :
   irrep   mo's   occupied
    a     1637      192
 
 number of basis functions   :  1637
 number of occupied orbitals :   192
 
 GENERAL MENU : SELECT YOUR TOPIC 
 scf    : SELECT NON-DEFAULT SCF PARAMETER 
 mp2    : OPTIONS AND DATA GROUPS FOR rimp2 and mpgrad
 cc     : OPTIONS AND DATA GROUPS FOR ricc2
 pnocc  : OPTIONS AND DATA GROUPS FOR pnoccsd
 ex     : EXCITED STATE AND RESPONSE OPTIONS
 prop   : SELECT TOOLS FOR SCF-ORBITAL ANALYSIS 
 drv    : SELECT NON-DEFAULT INPUT PARAMETER FOR EVALUATION
          OF ANALYTICAL ENERGY DERIVATIVES 
          (GRADIENTS, FORCE CONSTANTS) 
 rex    : SELECT OPTIONS FOR GEOMETRY UPDATES USING RELAX
 stp    : SELECT NON-DEFAULT STRUCTURE OPTIMIZATION PARAMETER
 e      : DEFINE EXTERNAL ELECTROSTATIC FIELD 
 dft    : DFT Parameters 
 ri     : RI Parameters 
 rijk   : RI-JK-HF Parameters 
 rirpa  : RIRPA Parameters 
 gw     : OPTIONS AND DATA GROUPS FOR GW (escf) 
 senex  : seminumeric exchange parameters 
 hybno  : hybrid Noga/Diag parameters
 dsp    : DFT dispersion correction
 nmr    : NMR shift parameters
 ncoup  : NMR coupling parameters
 trunc  : USE TRUNCATED AUXBASIS DURING ITERATIONS 
 marij  : MULTIPOLE ACCELERATED RI-J 
 fde    : Frozen Density Embedding 

 dis    : DISPLAY MOLECULAR GEOMETRY 
 list   : LIST OF CONTROL FILE 
 &      : GO BACK TO OCCUPATION/ORBITAL ASSIGNMENT MENU
 * or q : END OF DEFINE SESSION 

 GENERAL MENU : SELECT YOUR TOPIC 
 scf    : SELECT NON-DEFAULT SCF PARAMETER 
 mp2    : OPTIONS AND DATA GROUPS FOR rimp2 and mpgrad
 cc     : OPTIONS AND DATA GROUPS FOR ricc2
 pnocc  : OPTIONS AND DATA GROUPS FOR pnoccsd
 ex     : EXCITED STATE AND RESPONSE OPTIONS
 prop   : SELECT TOOLS FOR SCF-ORBITAL ANALYSIS 
 drv    : SELECT NON-DEFAULT INPUT PARAMETER FOR EVALUATION
          OF ANALYTICAL ENERGY DERIVATIVES 
          (GRADIENTS, FORCE CONSTANTS) 
 rex    : SELECT OPTIONS FOR GEOMETRY UPDATES USING RELAX
 stp    : SELECT NON-DEFAULT STRUCTURE OPTIMIZATION PARAMETER
 e      : DEFINE EXTERNAL ELECTROSTATIC FIELD 
 dft    : DFT Parameters 
 ri     : RI Parameters 
 rijk   : RI-JK-HF Parameters 
 rirpa  : RIRPA Parameters 
 gw     : OPTIONS AND DATA GROUPS FOR GW (escf) 
 senex  : seminumeric exchange parameters 
 hybno  : hybrid Noga/Diag parameters
 dsp    : DFT dispersion correction
 nmr    : NMR shift parameters
 ncoup  : NMR coupling parameters
 trunc  : USE TRUNCATED AUXBASIS DURING ITERATIONS 
 marij  : MULTIPOLE ACCELERATED RI-J 
 fde    : Frozen Density Embedding 

 dis    : DISPLAY MOLECULAR GEOMETRY 
 list   : LIST OF CONTROL FILE 
 &      : GO BACK TO OCCUPATION/ORBITAL ASSIGNMENT MENU
 * or q : END OF DEFINE SESSION 

 GENERAL MENU : SELECT YOUR TOPIC 
 scf    : SELECT NON-DEFAULT SCF PARAMETER 
 mp2    : OPTIONS AND DATA GROUPS FOR rimp2 and mpgrad
 cc     : OPTIONS AND DATA GROUPS FOR ricc2
 pnocc  : OPTIONS AND DATA GROUPS FOR pnoccsd
 ex     : EXCITED STATE AND RESPONSE OPTIONS
 prop   : SELECT TOOLS FOR SCF-ORBITAL ANALYSIS 
 drv    : SELECT NON-DEFAULT INPUT PARAMETER FOR EVALUATION
          OF ANALYTICAL ENERGY DERIVATIVES 
          (GRADIENTS, FORCE CONSTANTS) 
 rex    : SELECT OPTIONS FOR GEOMETRY UPDATES USING RELAX
 stp    : SELECT NON-DEFAULT STRUCTURE OPTIMIZATION PARAMETER
 e      : DEFINE EXTERNAL ELECTROSTATIC FIELD 
 dft    : DFT Parameters 
 ri     : RI Parameters 
 rijk   : RI-JK-HF Parameters 
 rirpa  : RIRPA Parameters 
 gw     : OPTIONS AND DATA GROUPS FOR GW (escf) 
 senex  : seminumeric exchange parameters 
 hybno  : hybrid Noga/Diag parameters
 dsp    : DFT dispersion correction
 nmr    : NMR shift parameters
 ncoup  : NMR coupling parameters
 trunc  : USE TRUNCATED AUXBASIS DURING ITERATIONS 
 marij  : MULTIPOLE ACCELERATED RI-J 
 fde    : Frozen Density Embedding 

 dis    : DISPLAY MOLECULAR GEOMETRY 
 list   : LIST OF CONTROL FILE 
 &      : GO BACK TO OCCUPATION/ORBITAL ASSIGNMENT MENU
 * or q : END OF DEFINE SESSION 


 ENTER SCF-OPTION TO BE MODIFIED 

 conv   : ACCURACY OF SCF-ENERGY           $scfconv 
 thi    : INTEGRAL STORAGE CRITERIA        $thize  $thime 
 ints   : INTEGRAL STORAGE ALLOCATION      $scfintunit 
 iter   : MAXIMUM NUMBER OF ITERATIONS     $scfiterlimit 
 diis   : DIIS CONVERGENCE ACCELERATION    $scfdiis 
 damp   : OPTIONS FOR DAMPING              $scfdamp 
 shift  : SHIFTING OF ORBITALS             $scforbitalshift  
 order  : ORDERING OF ORBITALS             $scforbitalorder 
 fermi  : THERMAL SMEARING OF OCC. NUMBERS $fermi
 pdiag  : PREDIAGONALIZATION               $prediag
 soghf  : SPIN ORBIT GENERALIZED SCF       $soghf  
 x2c    : EXACT 2C HAMILTONIAN             $rx2c 
 rlocal : DLU SCHEME FOR X2C               $rlocal 
 finnuc : FINITE NUCLEUS MODEL             $finnuc 
 rsym   : RELATIVISTIC SYMMETRY            $rsym 
 snso   : SCREENED NUCLEAR SPIN ORBIT      $snso 
 pcc    : X2C pcicture-change correction   $pcc 


 CURRENT VALUE FOR MAXIMUM NUMBER OF SCF-ITERATIONS : 30

 ENTER NEW VALUE FOR MAXIMUM NUMBER OF SCF-ITERATIONS 
 DEFAULT= 30


 ENTER SCF-OPTION TO BE MODIFIED 

 conv   : ACCURACY OF SCF-ENERGY           $scfconv 
 thi    : INTEGRAL STORAGE CRITERIA        $thize  $thime 
 ints   : INTEGRAL STORAGE ALLOCATION      $scfintunit 
 iter   : MAXIMUM NUMBER OF ITERATIONS     $scfiterlimit 
 diis   : DIIS CONVERGENCE ACCELERATION    $scfdiis 
 damp   : OPTIONS FOR DAMPING              $scfdamp 
 shift  : SHIFTING OF ORBITALS             $scforbitalshift  
 order  : ORDERING OF ORBITALS             $scforbitalorder 
 fermi  : THERMAL SMEARING OF OCC. NUMBERS $fermi
 pdiag  : PREDIAGONALIZATION               $prediag
 soghf  : SPIN ORBIT GENERALIZED SCF       $soghf  
 x2c    : EXACT 2C HAMILTONIAN             $rx2c 
 rlocal : DLU SCHEME FOR X2C               $rlocal 
 finnuc : FINITE NUCLEUS MODEL             $finnuc 
 rsym   : RELATIVISTIC SYMMETRY            $rsym 
 snso   : SCREENED NUCLEAR SPIN ORBIT      $snso 
 pcc    : X2C pcicture-change correction   $pcc 

 GENERAL MENU : SELECT YOUR TOPIC 
 scf    : SELECT NON-DEFAULT SCF PARAMETER 
 mp2    : OPTIONS AND DATA GROUPS FOR rimp2 and mpgrad
 cc     : OPTIONS AND DATA GROUPS FOR ricc2
 pnocc  : OPTIONS AND DATA GROUPS FOR pnoccsd
 ex     : EXCITED STATE AND RESPONSE OPTIONS
 prop   : SELECT TOOLS FOR SCF-ORBITAL ANALYSIS 
 drv    : SELECT NON-DEFAULT INPUT PARAMETER FOR EVALUATION
          OF ANALYTICAL ENERGY DERIVATIVES 
          (GRADIENTS, FORCE CONSTANTS) 
 rex    : SELECT OPTIONS FOR GEOMETRY UPDATES USING RELAX
 stp    : SELECT NON-DEFAULT STRUCTURE OPTIMIZATION PARAMETER
 e      : DEFINE EXTERNAL ELECTROSTATIC FIELD 
 dft    : DFT Parameters 
 ri     : RI Parameters 
 rijk   : RI-JK-HF Parameters 
 rirpa  : RIRPA Parameters 
 gw     : OPTIONS AND DATA GROUPS FOR GW (escf) 
 senex  : seminumeric exchange parameters 
 hybno  : hybrid Noga/Diag parameters
 dsp    : DFT dispersion correction
 nmr    : NMR shift parameters
 ncoup  : NMR coupling parameters
 trunc  : USE TRUNCATED AUXBASIS DURING ITERATIONS 
 marij  : MULTIPOLE ACCELERATED RI-J 
 fde    : Frozen Density Embedding 

 dis    : DISPLAY MOLECULAR GEOMETRY 
 list   : LIST OF CONTROL FILE 
 &      : GO BACK TO OCCUPATION/ORBITAL ASSIGNMENT MENU
 * or q : END OF DEFINE SESSION 



STATUS OF RI-OPTIONS:
    RI IS NOT USED
    Memory for RI:           500 Mb
    Filename for auxbasis: auxbasis

 ENTER RI-OPTION TO BE MODIFIED 
      m: CHANGE MEMORY FOR RI 
      f: CHANGE FILENAME 
   jbas: ASSIGN AUXILIARY RI-J BASIS SETS
     on: TO SWITCH ON  RI 
 Use <ENTER>, q, end, or '*' to leave this menu

 NO DEFINITION OF BASIS SETS ($jbas) IN control
  TRY TO OBTAIN BASIS SETS FROM LIBRARY !

  Keyword $jbas  missing in file <control>

 #                                                                       
 #AUXILIARY BASIS SET FOR C                                              
 #                                                                       
 #                                                                       
 c aug-cc-pVDZ                                                           
 c aug-cc-pVTZ                                                           
 c aug-cc-pVQZ                                                           
 c aug-cc-pV5Z                                                           
 c d-aug-cc-pVDZ                                                         
 c d-aug-cc-pVTZ                                                         
 c d-aug-cc-pVQZ                                                         
 c d-aug-cc-pV5Z                                                         
 # c     (12s5p4d2f1g) / [6s4p3d1f1g]     {711111/2111/211/2/1}          
 #errors def2-TZVP uH/atom: C2H2 9.6, C2H3N 24.0, C2H4 17.7, C2H6 15.4,  
 #                          C4H4 24.0, C6H6 19.7, CF4 15.8, CH2O 17.4,   
 #                          CH2O2 26.4, CH3N 19.0, CH3OH 24.9,           
 #                          CH4 18.7, CO 12.6, CO2 7.3                   
 # F. Weigend 11/2005; Phys. Chem. Chem. Phys. 8: 1057 (2006)            

  Keyword $jbas  missing in file <control>

 #                                                                       
 #AUXILIARY BASIS SET FOR N                                              
 #                                                                       
 #                                                                       
 ########################################################################
 n aug-cc-pVDZ                                                           
 n aug-cc-pVTZ                                                           
 n aug-cc-pVQZ                                                           
 n aug-cc-pV5Z                                                           
 n d-aug-cc-pVDZ                                                         
 n d-aug-cc-pVTZ                                                         
 n d-aug-cc-pVQZ                                                         
 n d-aug-cc-pV5Z                                                         
 # n     (12s5p4d2f1g) / [6s4p3d1f1g]     {711111/2111/211/2/1}          
 #errors def2-TZVP uH/atom: N2 16.0, N2H2 46.8, N2H4 45.1, N4 24.9,      
 #                          NF3 32.4, NH3 29.0, NH4F 22.3                
 # F. Weigend 11/2005; Phys. Chem. Chem. Phys. 8: 1057 (2006)            

  Keyword $jbas  missing in file <control>

 #                                                                       
 #AUXILIARY BASIS SET FOR O                                              
 #                                                                       
 #                                                                       
 o aug-cc-pVDZ                                                           
 o aug-cc-pVTZ                                                           
 o aug-cc-pVQZ                                                           
 o aug-cc-pV5Z                                                           
 o d-aug-cc-pVDZ                                                         
 o d-aug-cc-pVTZ                                                         
 o d-aug-cc-pVQZ                                                         
 o d-aug-cc-pV5Z                                                         
 # o     (12s5p4d2f1g) / [6s4p3d1f1g]     {711111/2111/211/2/1}          
 #errors def2-TZVP uH/atom: OF2 43.9, H2O 43.0, H2O2 52.3                
 # F. Weigend 11/2005; Phys. Chem. Chem. Phys. 8: 1057 (2006)            

  Keyword $jbas  missing in file <control>

 #                                                                       
 #AUXILIARY BASIS SET FOR S                                              
 #                                                                       
 #                                                                       
 ########################################################################
 s aug-cc-pVDZ                                                           
 s cc-pVTZ                                                               
 s aug-cc-pVTZ                                                           
 s cc-pVQZ                                                               
 s aug-cc-pVQZ                                                           
 # s     (14s5p5d2f1g) / [8s4p3d1f1g]     {71111111/2111/311/2/1}        
 # F. Weigend 11/2005; Phys. Chem. Chem. Phys. 8: 1057 (2006)            
 #errors def2-TZVP uH/atom: S2 22.6, S5 49.3, SF2 55.9, SF4 48.6,        
 #                          SF6 18.9                                     

  Keyword $jbas  missing in file <control>

 #                                                                       
 #AUXILIARY BASIS SET FOR H                                              
 #                                                                       
 #                                                                       
 h aug-cc-pVDZ                                                           
 h aug-cc-pVTZ                                                           
 h aug-cc-pVQZ                                                           
 h aug-cc-pV5Z                                                           
 h d-aug-cc-pVDZ                                                         
 h d-aug-cc-pVTZ                                                         
 h d-aug-cc-pVQZ                                                         
 h d-aug-cc-pV5Z                                                         
 h cc-pCVDZ                                                              
 h cc-pCVTZ                                                              
 h cc-pCVQZ                                                              
 h cc-pCV5Z                                                              
 h aug-cc-pCVDZ                                                          
 h aug-cc-pCVTZ                                                          
 h aug-cc-pCVQZ                                                          
 h aug-cc-pCV5Z                                                          
 h d-aug-cc-pCVDZ                                                        
 h d-aug-cc-pCVTZ                                                        
 h d-aug-cc-pCVQZ                                                        
 h d-aug-cc-pCV5Z                                                        
 h cc-pwCVDZ                                                             
 h cc-pwCVTZ                                                             
 h cc-pwCVQZ                                                             
 h cc-pwCV5Z                                                             
 h aug-cc-pwCVDZ                                                         
 h aug-cc-pwCVTZ                                                         
 h aug-cc-pwCVQZ                                                         
 h aug-cc-pwCV5Z                                                         
 h d-aug-cc-pwCVDZ                                                       
 h d-aug-cc-pwCVTZ                                                       
 h d-aug-cc-pwCVQZ                                                       
 h d-aug-cc-pwCV5Z                                                       
 # h     (5s2p1d) / [3s1p1d]     {311/2/1}                               
 #errors def2-TZVP uH/atom: H2 53.2, H2CO3 30.3, H2O 43.0, H2O2 52.3     
 # F. Weigend 11/2005; Phys. Chem. Chem. Phys. 8: 1057 (2006)            


STATUS OF RI-OPTIONS:
    RI IS USED
    Memory for RI:           500 Mb
    Filename for auxbasis: auxbasis

 ENTER RI-OPTION TO BE MODIFIED 
      m: CHANGE MEMORY FOR RI 
      f: CHANGE FILENAME 
   jbas: ASSIGN AUXILIARY RI-J BASIS SETS
    off: TO SWITCH OFF RI 
 Use <ENTER>, q, end, or '*' to leave this menu


STATUS OF RI-OPTIONS:
    RI IS USED
    Memory for RI:          2000 Mb
    Filename for auxbasis: auxbasis

 ENTER RI-OPTION TO BE MODIFIED 
      m: CHANGE MEMORY FOR RI 
      f: CHANGE FILENAME 
   jbas: ASSIGN AUXILIARY RI-J BASIS SETS
    off: TO SWITCH OFF RI 
 Use <ENTER>, q, end, or '*' to leave this menu
 GENERAL MENU : SELECT YOUR TOPIC 
 scf    : SELECT NON-DEFAULT SCF PARAMETER 
 mp2    : OPTIONS AND DATA GROUPS FOR rimp2 and mpgrad
 cc     : OPTIONS AND DATA GROUPS FOR ricc2
 pnocc  : OPTIONS AND DATA GROUPS FOR pnoccsd
 ex     : EXCITED STATE AND RESPONSE OPTIONS
 prop   : SELECT TOOLS FOR SCF-ORBITAL ANALYSIS 
 drv    : SELECT NON-DEFAULT INPUT PARAMETER FOR EVALUATION
          OF ANALYTICAL ENERGY DERIVATIVES 
          (GRADIENTS, FORCE CONSTANTS) 
 rex    : SELECT OPTIONS FOR GEOMETRY UPDATES USING RELAX
 stp    : SELECT NON-DEFAULT STRUCTURE OPTIMIZATION PARAMETER
 e      : DEFINE EXTERNAL ELECTROSTATIC FIELD 
 dft    : DFT Parameters 
 ri     : RI Parameters 
 rijk   : RI-JK-HF Parameters 
 rirpa  : RIRPA Parameters 
 gw     : OPTIONS AND DATA GROUPS FOR GW (escf) 
 senex  : seminumeric exchange parameters 
 hybno  : hybrid Noga/Diag parameters
 dsp    : DFT dispersion correction
 nmr    : NMR shift parameters
 ncoup  : NMR coupling parameters
 trunc  : USE TRUNCATED AUXBASIS DURING ITERATIONS 
 marij  : MULTIPOLE ACCELERATED RI-J 
 fde    : Frozen Density Embedding 

 dis    : DISPLAY MOLECULAR GEOMETRY 
 list   : LIST OF CONTROL FILE 
 &      : GO BACK TO OCCUPATION/ORBITAL ASSIGNMENT MENU
 * or q : END OF DEFINE SESSION 



STATUS OF DFT_OPTIONS:
 DFT is NOT used
   functional b-p
     gridsize m3

 ENTER DFT-OPTION TO BE MODIFIED 

 func    : TO CHANGE TYPE OF FUNCTIONAL 
 grid    : TO CHANGE GRIDSIZE 
 rads    : TO CHANGE RADSIZE
  on:   TO SWITCH ON  DFT 
 Just <ENTER>, q or '*' terminate this menu.


STATUS OF DFT_OPTIONS:
 DFT is used
   functional b-p
     gridsize m3

 ENTER DFT-OPTION TO BE MODIFIED 

 func    : TO CHANGE TYPE OF FUNCTIONAL 
 grid    : TO CHANGE GRIDSIZE 
 rads    : TO CHANGE RADSIZE
  off:  TO SWITCH OFF DFT 
 Just <ENTER>, q or '*' terminate this menu.


STATUS OF DFT_OPTIONS:
 DFT is used
   functional b3-lyp
     gridsize m3

 ENTER DFT-OPTION TO BE MODIFIED 

 func    : TO CHANGE TYPE OF FUNCTIONAL 
 grid    : TO CHANGE GRIDSIZE 
 rads    : TO CHANGE RADSIZE
  off:  TO SWITCH OFF DFT 
 Just <ENTER>, q or '*' terminate this menu.


STATUS OF DFT_OPTIONS:
 DFT is used
   functional b3-lyp
     gridsize m3

 ENTER DFT-OPTION TO BE MODIFIED 

 func    : TO CHANGE TYPE OF FUNCTIONAL 
 grid    : TO CHANGE GRIDSIZE 
 rads    : TO CHANGE RADSIZE
  off:  TO SWITCH OFF DFT 
 Just <ENTER>, q or '*' terminate this menu.
 GENERAL MENU : SELECT YOUR TOPIC 
 scf    : SELECT NON-DEFAULT SCF PARAMETER 
 mp2    : OPTIONS AND DATA GROUPS FOR rimp2 and mpgrad
 cc     : OPTIONS AND DATA GROUPS FOR ricc2
 pnocc  : OPTIONS AND DATA GROUPS FOR pnoccsd
 ex     : EXCITED STATE AND RESPONSE OPTIONS
 prop   : SELECT TOOLS FOR SCF-ORBITAL ANALYSIS 
 drv    : SELECT NON-DEFAULT INPUT PARAMETER FOR EVALUATION
          OF ANALYTICAL ENERGY DERIVATIVES 
          (GRADIENTS, FORCE CONSTANTS) 
 rex    : SELECT OPTIONS FOR GEOMETRY UPDATES USING RELAX
 stp    : SELECT NON-DEFAULT STRUCTURE OPTIMIZATION PARAMETER
 e      : DEFINE EXTERNAL ELECTROSTATIC FIELD 
 dft    : DFT Parameters 
 ri     : RI Parameters 
 rijk   : RI-JK-HF Parameters 
 rirpa  : RIRPA Parameters 
 gw     : OPTIONS AND DATA GROUPS FOR GW (escf) 
 senex  : seminumeric exchange parameters 
 hybno  : hybrid Noga/Diag parameters
 dsp    : DFT dispersion correction
 nmr    : NMR shift parameters
 ncoup  : NMR coupling parameters
 trunc  : USE TRUNCATED AUXBASIS DURING ITERATIONS 
 marij  : MULTIPOLE ACCELERATED RI-J 
 fde    : Frozen Density Embedding 

 dis    : DISPLAY MOLECULAR GEOMETRY 
 list   : LIST OF CONTROL FILE 
 &      : GO BACK TO OCCUPATION/ORBITAL ASSIGNMENT MENU
 * or q : END OF DEFINE SESSION 


 ***********************************************************
 *                                                         *
 *                       e n d   o f                       *
 *                       D E F I N E                       *
 *                                                         *
 ***********************************************************


    ------------------------------------------------------------------------
         total  cpu-time :   0.81 seconds
         total wall-time :   1.09 seconds
    ------------------------------------------------------------------------

   ****  define : all done  ****


    2025-06-24 15:05:21.376 

