
 eiger (nano24.int-nano.int.kit.edu) : TURBOMOLE rev. V7-6 19 Oct 2021 at 10:10:11 compiled Oct 19th 2021
 Copyright (C) 2021 TURBOMOLE GmbH, Karlsruhe


    2025-06-25 01:20:15.438 

 b3                                                                             
  
Total energy =  -2580.2839755280 H =    -70213.1032993 eV
 
 HOMO-LUMO Separation
   HOMO:   192.   192 a     -0.18481315 H =     -5.02902 eV
   LUMO:   193.   193 a     -0.12055273 H =     -3.28041 eV
   Gap :                    +0.06426042 H =     +1.74862 eV
 
Number of MOs=   1637, Electrons=    384.00, Symmetry: c1   
 
   Nr.   Orbital    Occupation       Energy
  209.   209 a                     +0.007926 H =        +0.216 eV
  208.   208 a                     +0.007016 H =        +0.191 eV
  207.   207 a                     +0.004421 H =        +0.120 eV
  206.   206 a                     -0.000391 H =        -0.011 eV
  205.   205 a                     -0.003056 H =        -0.083 eV
  204.   204 a                     -0.006744 H =        -0.184 eV
  203.   203 a                     -0.008508 H =        -0.232 eV
  202.   202 a                     -0.009839 H =        -0.268 eV
  201.   201 a                     -0.010231 H =        -0.278 eV
  200.   200 a                     -0.014755 H =        -0.402 eV
  199.   199 a                     -0.017628 H =        -0.480 eV
  198.   198 a                     -0.020387 H =        -0.555 eV
  197.   197 a                     -0.025697 H =        -0.699 eV
  196.   196 a                     -0.028876 H =        -0.786 eV
  195.   195 a                     -0.037250 H =        -1.014 eV
  194.   194 a                     -0.066021 H =        -1.797 eV
  193.   193 a                     -0.120553 H =        -3.280 eV
  192.   192 a        2.000        -0.184813 H =        -5.029 eV
  191.   191 a        2.000        -0.201574 H =        -5.485 eV
  190.   190 a        2.000        -0.222278 H =        -6.048 eV
  189.   189 a        2.000        -0.237983 H =        -6.476 eV
  188.   188 a        2.000        -0.246001 H =        -6.694 eV
  187.   187 a        2.000        -0.258166 H =        -7.025 eV
  186.   186 a        2.000        -0.264685 H =        -7.202 eV
  185.   185 a        2.000        -0.270466 H =        -7.360 eV
  184.   184 a        2.000        -0.291791 H =        -7.940 eV
  183.   183 a        2.000        -0.294577 H =        -8.016 eV
  182.   182 a        2.000        -0.296165 H =        -8.059 eV
  181.   181 a        2.000        -0.303935 H =        -8.270 eV
  180.   180 a        2.000        -0.308433 H =        -8.393 eV
  179.   179 a        2.000        -0.311397 H =        -8.474 eV
  178.   178 a        2.000        -0.313579 H =        -8.533 eV
  177.   177 a        2.000        -0.320109 H =        -8.711 eV


    ------------------------------------------------------------------------
         total  cpu-time :   0.85 seconds
         total wall-time :   0.86 seconds
    ------------------------------------------------------------------------

   ****  eiger : all done  ****


    2025-06-25 01:20:16.283 

