
 define (nano22.int-nano.int.kit.edu) : TURBOMOLE rev. V7-6 19 Oct 2021 at 10:10:11 compiled Oct 19th 2021
 Copyright (C) 2021 TURBOMOLE GmbH, Karlsruhe


    2025-04-01 09:25:45.183 

                    HOST NAME = nano22.int-nano.int.kit.edu
             OPERATING SYSTEM = unix
   STANDARD BASIS SET LIBRARY = /shared/software/chem/TURBOMOLE/TURBOMOLE-V7.6/basen/
  ALTERNATE BASIS SET LIBRARY = /shared/software/chem/TURBOMOLE/TURBOMOLE-V7.6/basold/
 LIBRARY FOR RI-J  BASIS SETS = /shared/software/chem/TURBOMOLE/TURBOMOLE-V7.6/jbasen/
 LIBRARY FOR RI-JK BASIS SETS = /shared/software/chem/TURBOMOLE/TURBOMOLE-V7.6/jkbasen/
 LIBRARY FOR RIMP2/RICC2 SETS = /shared/software/chem/TURBOMOLE/TURBOMOLE-V7.6/cbasen/
 LIBRARY FOR RIR12 BASIS SETS = /shared/software/chem/TURBOMOLE/TURBOMOLE-V7.6/cabasen/
 LIBRARY FOR OEP   BASIS SETS = /shared/software/chem/TURBOMOLE/TURBOMOLE-V7.6/xbasen/
            STRUCTURE LIBRARY = /shared/software/chem/TURBOMOLE/TURBOMOLE-V7.6/structures/
 

 ***********************************************************
 *                                                         *
 *                       D E F I N E                       *
 *                                                         *
 *         TURBOMOLE'S  INTERACTIVE  INPUT  PROGRAM        *
 *                                                         *
 *  Quantum Chemistry Group       University of Karlsruhe  *
 *                                                         *
 ***********************************************************


 DATA WILL BE WRITTEN TO THE NEW FILE control

 IF YOU WANT TO READ DEFAULT-DATA FROM ANOTHER control-TYPE FILE,
 THEN ENTER ITS LOCATION/NAME OR OTHERWISE HIT >return<.

 
 INPUT TITLE OR 
 ENTER & TO REPEAT DEFINITION OF DEFAULT INPUT FILE 

 symmetry group of the molecule :   c1 

 the group has the following generators :
   c1(z)

    1 symmetry operations found

 SPECIFICATION OF MOLECULAR GEOMETRY ( #ATOMS=0     SYMMETRY=c1  )
 YOU MAY USE ONE OF THE FOLLOWING COMMANDS : 
 sy <group> <eps> : DEFINE MOLECULAR SYMMETRY (default for eps=3d-1)
 desy <eps>       : DETERMINE MOLECULAR SYMMETRY AND ADJUST 
                     COORDINATES (default for eps=1d-6)
 syndi <eps>      : LIKE DESY, BUT FIND ONLY GROUPS WITH NON-
                     DEGENERATE IRREPS (D2h AND SUBGROUPS)
 susy             : ADJUST COORDINATES FOR SUBGROUPS
 ai               : ADD ATOMIC COORDINATES INTERACTIVELY
 a <file>         : ADD ATOMIC COORDINATES FROM FILE <file>
 aa <file>        : ADD ATOMIC COORDINATES IN ANGSTROEM UNITS FROM FILE <file>
 sub              : SUBSTITUTE AN ATOM BY A GROUP OF ATOMS
 i                : INTERNAL COORDINATE MENU 
 ired             : REDUNDANT INTERNAL COORDINATES
 pbc_ired         : PERIODIC REDUNDANT INTERNAL COORDINATES
 red_info         : DISPLAY REDUNDANT INTERNAL COORDINATES
 ff               : UFF-FORCEFIELD CALCULATION
 m                : MANIPULATE GEOMETRY
 frag             : Define Fragments for BSSE calculation
 w <file>         : WRITE MOLECULAR COORDINATES TO FILE <file> 
 r <file>         : RELOAD ATOMIC AND INTERNAL COORDINATES FROM FILE <file>
 name             : CHANGE ATOMIC IDENTIFIERS 
 del              : DELETE ATOMS 
 fix              : FIX ATOMS 
 dis              : DISPLAY MOLECULAR GEOMETRY 
 banal            : CARRY OUT BOND ANALYSIS 
 *                : TERMINATE MOLECULAR GEOMETRY SPECIFICATION 
                     AND WRITE GEOMETRY DATA TO CONTROL FILE 

 IF YOU APPEND A QUESTION MARK TO ANY COMMAND AN EXPLANATION
 OF THAT COMMAND MAY BE GIVEN 


 CARTESIAN COORDINATES FOR  80 ATOMS HAVE SUCCESSFULLY 
 BEEN ADDED. 
 DEFINITIONS OF INTERNAL COORDINATES HAVE  N O T  BEEN READ. 
 SPECIFICATION OF BOND TOPOLOGY HAS  N O T  BEEN READ. 

 SPECIFICATION OF MOLECULAR GEOMETRY ( #ATOMS=80    SYMMETRY=c1  )
 YOU MAY USE ONE OF THE FOLLOWING COMMANDS : 
 sy <group> <eps> : DEFINE MOLECULAR SYMMETRY (default for eps=3d-1)
 desy <eps>       : DETERMINE MOLECULAR SYMMETRY AND ADJUST 
                     COORDINATES (default for eps=1d-6)
 syndi <eps>      : LIKE DESY, BUT FIND ONLY GROUPS WITH NON-
                     DEGENERATE IRREPS (D2h AND SUBGROUPS)
 susy             : ADJUST COORDINATES FOR SUBGROUPS
 ai               : ADD ATOMIC COORDINATES INTERACTIVELY
 a <file>         : ADD ATOMIC COORDINATES FROM FILE <file>
 aa <file>        : ADD ATOMIC COORDINATES IN ANGSTROEM UNITS FROM FILE <file>
 sub              : SUBSTITUTE AN ATOM BY A GROUP OF ATOMS
 i                : INTERNAL COORDINATE MENU 
 ired             : REDUNDANT INTERNAL COORDINATES
 pbc_ired         : PERIODIC REDUNDANT INTERNAL COORDINATES
 red_info         : DISPLAY REDUNDANT INTERNAL COORDINATES
 ff               : UFF-FORCEFIELD CALCULATION
 m                : MANIPULATE GEOMETRY
 frag             : Define Fragments for BSSE calculation
 w <file>         : WRITE MOLECULAR COORDINATES TO FILE <file> 
 r <file>         : RELOAD ATOMIC AND INTERNAL COORDINATES FROM FILE <file>
 name             : CHANGE ATOMIC IDENTIFIERS 
 del              : DELETE ATOMS 
 fix              : FIX ATOMS 
 dis              : DISPLAY MOLECULAR GEOMETRY 
 banal            : CARRY OUT BOND ANALYSIS 
 *                : TERMINATE MOLECULAR GEOMETRY SPECIFICATION 
                     AND WRITE GEOMETRY DATA TO CONTROL FILE 

 IF YOU APPEND A QUESTION MARK TO ANY COMMAND AN EXPLANATION
 OF THAT COMMAND MAY BE GIVEN 


 YOU DID NOT YET DEFINE ANY INTERNAL COORDINATES !

 ONLY AN INCOMPLETE SET OF   -1 INTERNALS SPECIFIED
 RECOMMENDATION: USE CARTESIAN COORDINATES (ENTER no BELOW)
 FOR ANY OTHER ANSWER YOU RETURN TO THE PREVIOUS MENU AGAIN

 IF YOU DO NOT WANT TO USE INTERNAL COORDINATES ENTER  no


 GEOMETRY DATA WILL BE WRITTEN TO FILE coord

 filename not specified ! 


 SUPPLYING BASIS SETS TO   80 ATOMS 
 #                                                                       
 #                   BASIS SET LIBRARY FOR CARBON                        
 #            ECPs, HONDO-BASIS SETS FROM basen AND                      
 #     FULLY OPTIMIZED BASIS SETS FROM newbas MERGED 02/6/93             
 #                                                                       
 #         abbreviation hondo refers to the version 7.0 of HONDO         
 #                                                                       
 ########################################################################
 #       HF limit : E(3P) = -37.688619 a.u. (C. Froese Fischer, 1977)    
 ########################################################################
 #       Roothaan parameters for C(3P) in symmetry I:                    
 #        a = 3/4      b = 3/2                                           
 ########################################################################
 #                                                                       
 c def-SV(P)                                                             
 c def2-SVP                                                              
 c dhf-SVP                                                               
 c dhf-SVP-2c                                                            
 c def2-SV(P)                                                            
 c dhf-SV(P)                                                             
 c dhf-SV(P)-2c                                                          
 # c (7s4p1d)/[3s2p1d] {511/31/1}                                        
 # ROHF(equiv) energy is -37.64114337919 a.u.  (virial theorem = 2.000000
 # UHF(noneq)  energy is -37.64522986135 a.u.  (virial theorem = 2.000084
 #                                                                       
 #                       BASIS SET LIBRARY FOR OXYGEN                    
 #            ECPs, HONDO-BASIS SETS FROM basen AND                      
 #     FULLY OPTIMIZED BASIS SETS FROM newbas MERGED 02/6/93             
 #                                                                       
 #         abbreviation hondo refers to the version 7.0 of HONDO         
 #                                                                       
 #                                                                       
 ########################################################################
 #       HF limit : E(3P) = -74.809398 a.u. (C. Froese Fischer, 1977)    
 ########################################################################
 #       Roothaan parameters for O(3P) in symmetry I:                    
 #        a = 15/16      b = 9/8                                         
 ########################################################################
 #                                                                       
 o def-SV(P)                                                             
 o def2-SVP                                                              
 o dhf-SVP                                                               
 o dhf-SVP-2c                                                            
 o def2-SV(P)                                                            
 o dhf-SV(P)                                                             
 o dhf-SV(P)-2c                                                          
 # o (7s4p1d)/[3s2p1d] {511/31/1}                                        
 # ROHF(equiv) energy is -74.71374601625 a.u.  (virial theorem = 2.000000
 # UHF(noneq)  energy is -74.72010092377 a.u.  (virial theorem = 2.000106
 #                                                                       
 #                      BASIS SET LIBRARY FOR NITROGEN                   
 #            ECPs, HONDO-BASIS SETS FROM basen AND                      
 #     FULLY OPTIMIZED BASIS SETS FROM newbas MERGED 02/6/93             
 #                                                                       
 #         abbreviation hondo refers to the version 7.0 of HONDO         
 #                                                                       
 #                                                                       
 ########################################################################
 #       HF limit : E(4S) = -54.400934 a.u. (C. Froese Fischer, 1977)    
 ########################################################################
 #       Roothaan parameters for N(4S) in symmetry I:                    
 #        a = 1      b = 2                                               
 ########################################################################
 n def-SV(P)                                                             
 n def2-SVP                                                              
 n dhf-SVP                                                               
 n dhf-SVP-2c                                                            
 n def2-SV(P)                                                            
 n dhf-SV(P)                                                             
 n dhf-SV(P)-2c                                                          
 # n (7s4p1d)/[3s2p1d] {511/31/1}                                        
 # ROHF(equiv) energy is -54.33292502496 a.u.  (virial theorem = 2.000000
 # UHF(equiv)  energy is -54.33653300372 a.u.  (virial theorem = 1.999955
 #                                                                       
 #                       BASIS SET LIBRARY FOR SULFUR                    
 #            ECPs, HONDO-BASIS SETS FROM basen AND                      
 #     FULLY OPTIMIZED BASIS SETS FROM newbas MERGED 02/6/93             
 #                                                                       
 #          abbreviation hondo refers to the version 7.0 of HONDO        
 #                                                                       
 ########################################################################
 #       Roothaan parameters for S(3P) in symmetry I:                    
 #        a = 15/16      b = 9/8                                         
 ########################################################################
 #                                                                       
 s def-SV(P)                                                             
 s def2-SV(P)                                                            
 s dhf-SV(P)                                                             
 s dhf-SV(P)-2c                                                          
 # ROHF(equiv) energy is -397.36223459768 a.u.  (virial = 2.00000000000) 
 # UHF(noneq)  energy is -397.36639647955 a.u.  (virial = 2.00002349071) 
 # (10s7p1d)/[4s3p1d] {5311/511/1}                                       
 #                                                                       
 #                 BASIS SET LIBRARY FOR FLUORINE                        
 #            ECPs, HONDO-BASIS SETS FROM basen AND                      
 #     FULLY OPTIMIZED BASIS SETS FROM newbas MERGED 02/6/93             
 #                                                                       
 #         abbreviation hondo refers to the version 7.0 of HONDO         
 #                                                                       
 #                                                                       
 #                                                                       
 ########################################################################
 #       HF limit : E(2P) = -99.409349 a.u. (C. Froese Fischer, 1977)    
 ########################################################################
 #       Roothaan parameters for F(2P) in symmetry I:                    
 #        a = 24/25      b = 24/25                                       
 ########################################################################
 #                                                                       
 f def-SV(P)                                                             
 f def2-SVP                                                              
 f dhf-SVP                                                               
 f dhf-SVP-2c                                                            
 f def2-SV(P)                                                            
 f dhf-SV(P)                                                             
 f dhf-SV(P)-2c                                                          
 # f (7s4p1d)/[3s2p1d] {511/31/1}                                        
 # ROHF(equiv) energy is -99.27968957052 a.u.  (virial theorem = 2.000000
 # UHF(noneq)  energy is -99.28405120061 a.u.  (virial theorem = 2.000049
 #                                                                       
 #                    BASIS SET LIBRARY FOR HYDROGEN                     
 #            ECPs, HONDO-BASIS SETS FROM basen AND                      
 #     FULLY OPTIMIZED BASIS SETS FROM newbas MERGED 02/6/93             
 #                                                                       
 #         abbreviation hondo refers to the version 7.0 of HONDO         
 #                                                                       
 ########################################################################
 #       HF limit : E(2S) = -0.5 a.u.                                    
 ########################################################################
 #       Roothaan parameters for H(2S):                                  
 #        a = 0      b = 0                                               
 ########################################################################
 #                                                                       
 h def-SV(P)                                                             
 h def2-SV(P)                                                            
 h dhf-SV(P)                                                             
 h dhf-SV(P)-2c                                                          
 h x2c-SV(P)all                                                          
 h x2c-SV(P)all-2c                                                       
 h x2c-SV(P)all-s                                                        
 # HF(equiv) energy is -0.49927840571 a.u.  (virial theorem = 2.000000001
 # (4s)/[2s] {31}                                                        
 # H. Horn, Aug. 91                                                      
 
 ==============================================================================
 NOTE: Improved basis sets are available for H-Rn ("def2-bases").
 For further information type "bi".
 ==============================================================================

 ATOMIC ATTRIBUTE DEFINITION MENU  ( #atoms=80    #bas=80    #ecp=0     )

 b    : ASSIGN ATOMIC BASIS SETS 
 bb   : b RESTRICTED TO BASIS SET LIBRARY 
 bl   : LIST ATOMIC BASIS SETS ASSIGNED
 bm   : MODIFY DEFINITION OF ATOMIC BASIS SET
 bp   : SWITCH BETWEEN 5d/7f AND 6d/10f
 lib  : SELECT BASIS SET LIBRARY
 ecp  : ASSIGN EFFECTIVE CORE POTENTIALS 
 ecpb : ecp RESTRICTED TO BASIS SET LIBRARY 
 ecpi : GENERAL INFORMATION ABOUT EFFECTIVE CORE POTENTIALS
 ecpl : LIST EFFECTIVE CORE POTENTIALS ASSIGNED
 ecprm: REMOVE EFFECTIVE CORE POTENTIAL(S)
 c    : ASSIGN NUCLEAR CHARGES (IF DIFFERENT FROM DEFAULTS) 
 cem  : ASSIGN NUCLEAR CHARGES FOR EMBEDDING 
 m    : ASSIGN ATOMIC MASSES (IF DIFFERENT FROM DEFAULTS) 
 iso  : ASSIGN ISOTOPE FOR NUCLEAR COUPLING CALCULATION 
 dis  : DISPLAY MOLECULAR GEOMETRY 
 dat  : DISPLAY ATOMIC ATTRIBUTES YET ESTABLISHED 
 h    : EXPLANATION OF ATTRIBUTE DEFINITION SYNTAX 
 *    : TERMINATE THIS SECTION AND WRITE DATA OR DATA REFERENCES TO control
 GOBACK=& (TO GEOMETRY MENU !)


 SUPPLYING BASIS SETS TO   80 ATOMS 
 #                                                                       
 #                   BASIS SET LIBRARY FOR CARBON                        
 #            ECPs, HONDO-BASIS SETS FROM basen AND                      
 #     FULLY OPTIMIZED BASIS SETS FROM newbas MERGED 02/6/93             
 #                                                                       
 #         abbreviation hondo refers to the version 7.0 of HONDO         
 #                                                                       
 ########################################################################
 #       HF limit : E(3P) = -37.688619 a.u. (C. Froese Fischer, 1977)    
 ########################################################################
 #       Roothaan parameters for C(3P) in symmetry I:                    
 #        a = 3/4      b = 3/2                                           
 ########################################################################
 #                                                                       
 c aug-cc-pVDZ                                                           
 c YP-aug-cc-pVDZ                                                        
 # ROHF(equiv) energy is -37.68307086445 a.u.  (virial theorem = 1.999593
 # UHF(noneq)  energy is -37.68776326739 a.u.  (virial theorem = 1.999662
 #                                                                       
 #                       BASIS SET LIBRARY FOR OXYGEN                    
 #            ECPs, HONDO-BASIS SETS FROM basen AND                      
 #     FULLY OPTIMIZED BASIS SETS FROM newbas MERGED 02/6/93             
 #                                                                       
 #         abbreviation hondo refers to the version 7.0 of HONDO         
 #                                                                       
 #                                                                       
 ########################################################################
 #       HF limit : E(3P) = -74.809398 a.u. (C. Froese Fischer, 1977)    
 ########################################################################
 #       Roothaan parameters for O(3P) in symmetry I:                    
 #        a = 15/16      b = 9/8                                         
 ########################################################################
 #                                                                       
 o aug-cc-pVDZ                                                           
 o YP-aug-cc-pVDZ                                                        
 # ROHF(equiv) energy is -74.78905189051 a.u.  (virial theorem = 1.999448
 # UHF(noneq)  energy is -74.79660075444 a.u.  (virial theorem = 1.999516
 #                                                                       
 #                      BASIS SET LIBRARY FOR NITROGEN                   
 #            ECPs, HONDO-BASIS SETS FROM basen AND                      
 #     FULLY OPTIMIZED BASIS SETS FROM newbas MERGED 02/6/93             
 #                                                                       
 #         abbreviation hondo refers to the version 7.0 of HONDO         
 #                                                                       
 #                                                                       
 ########################################################################
 #       HF limit : E(4S) = -54.400934 a.u. (C. Froese Fischer, 1977)    
 ########################################################################
 #       Roothaan parameters for N(4S) in symmetry I:                    
 #        a = 1      b = 2                                               
 ########################################################################
 n aug-cc-pVDZ                                                           
 n YP-aug-cc-pVDZ                                                        
 # ROHF(equiv) energy is -54.38987072909 a.u.  (virial theorem = 1.999514
 # UHF(equiv)  energy is -54.39318338964 a.u.  (virial theorem = 1.999621
 #                                                                       
 #                       BASIS SET LIBRARY FOR SULFUR                    
 #            ECPs, HONDO-BASIS SETS FROM basen AND                      
 #     FULLY OPTIMIZED BASIS SETS FROM newbas MERGED 02/6/93             
 #                                                                       
 #          abbreviation hondo refers to the version 7.0 of HONDO        
 #                                                                       
 ########################################################################
 #       Roothaan parameters for S(3P) in symmetry I:                    
 #        a = 15/16      b = 9/8                                         
 ########################################################################
 #                                                                       
 s aug-cc-pVDZ                                                           
 # s    (13s9p2d) / [5s4p2d]                                             
 # ROHF(equiv) energy is -397.49342084457 a.u.  (virial = 1.99995096287) 
 # UHF(noneq)  energy is -397.49874014076 a.u.  (virial = 1.99996263636) 
 #                                                                       
 #                 BASIS SET LIBRARY FOR FLUORINE                        
 #            ECPs, HONDO-BASIS SETS FROM basen AND                      
 #     FULLY OPTIMIZED BASIS SETS FROM newbas MERGED 02/6/93             
 #                                                                       
 #         abbreviation hondo refers to the version 7.0 of HONDO         
 #                                                                       
 #                                                                       
 #                                                                       
 ########################################################################
 #       HF limit : E(2P) = -99.409349 a.u. (C. Froese Fischer, 1977)    
 ########################################################################
 #       Roothaan parameters for F(2P) in symmetry I:                    
 #        a = 24/25      b = 24/25                                       
 ########################################################################
 #                                                                       
 f aug-cc-pVDZ                                                           
 f YP-aug-cc-pVDZ                                                        
 # ROHF(equiv) energy is -99.37595737732 a.u.  (virial theorem = 1.999394
 # UHF(noneq)  energy is -99.38109179296 a.u.  (virial theorem = 1.999416
 #                                                                       
 #                    BASIS SET LIBRARY FOR HYDROGEN                     
 #            ECPs, HONDO-BASIS SETS FROM basen AND                      
 #     FULLY OPTIMIZED BASIS SETS FROM newbas MERGED 02/6/93             
 #                                                                       
 #         abbreviation hondo refers to the version 7.0 of HONDO         
 #                                                                       
 ########################################################################
 #       HF limit : E(2S) = -0.5 a.u.                                    
 ########################################################################
 #       Roothaan parameters for H(2S):                                  
 #        a = 0      b = 0                                               
 ########################################################################
 #                                                                       
 h aug-cc-pVDZ                                                           
 h aug-cc-pCVDZ                                                          
 h aug-cc-pwCVDZ                                                         
 h YP-aug-cc-pVDZ                                                        
 # h     (5s2p) / [3s2p]                                                 
 # HF(equiv) energy is -0.49933431544 a.u.  (virial theorem = 1.997095848
 # Ref.: T.H. Dunning; JCP 90, 1007 (1989).                              
 # Diffuse Function Augmented Polarized Valence Double Zeta (aug-cc-pVDZ)

 ATOMIC ATTRIBUTE DEFINITION MENU  ( #atoms=80    #bas=80    #ecp=0     )

 b    : ASSIGN ATOMIC BASIS SETS 
 bb   : b RESTRICTED TO BASIS SET LIBRARY 
 bl   : LIST ATOMIC BASIS SETS ASSIGNED
 bm   : MODIFY DEFINITION OF ATOMIC BASIS SET
 bp   : SWITCH BETWEEN 5d/7f AND 6d/10f
 lib  : SELECT BASIS SET LIBRARY
 ecp  : ASSIGN EFFECTIVE CORE POTENTIALS 
 ecpb : ecp RESTRICTED TO BASIS SET LIBRARY 
 ecpi : GENERAL INFORMATION ABOUT EFFECTIVE CORE POTENTIALS
 ecpl : LIST EFFECTIVE CORE POTENTIALS ASSIGNED
 ecprm: REMOVE EFFECTIVE CORE POTENTIAL(S)
 c    : ASSIGN NUCLEAR CHARGES (IF DIFFERENT FROM DEFAULTS) 
 cem  : ASSIGN NUCLEAR CHARGES FOR EMBEDDING 
 m    : ASSIGN ATOMIC MASSES (IF DIFFERENT FROM DEFAULTS) 
 iso  : ASSIGN ISOTOPE FOR NUCLEAR COUPLING CALCULATION 
 dis  : DISPLAY MOLECULAR GEOMETRY 
 dat  : DISPLAY ATOMIC ATTRIBUTES YET ESTABLISHED 
 h    : EXPLANATION OF ATTRIBUTE DEFINITION SYNTAX 
 *    : TERMINATE THIS SECTION AND WRITE DATA OR DATA REFERENCES TO control
 GOBACK=& (TO GEOMETRY MENU !)


 BASIS SETS WILL BE WRITTEN TO FILE basis BY DEFAULT


              +--------------------------------------------------+
              |               basis set information              |
              +--------------------------------------------------+

              we will work with the 1s 3p 5d 7f 9g ... basis set
              ...i.e. with spherical basis functions...

   type   atoms  prim   cont   basis
   ---------------------------------------------------------------------------
    c       41     43     23   aug-cc-pVDZ   [4s3p2d|18s5p2d]
    o        3     43     23   aug-cc-pVDZ   [4s3p2d|18s5p2d]
    n        4     43     23   aug-cc-pVDZ   [4s3p2d|18s5p2d]
    s        2     93     27   aug-cc-pVDZ   [5s4p2d|35s16p2d]
    f        3     43     23   aug-cc-pVDZ   [4s3p2d|18s5p2d]
    h       27     11      9   aug-cc-pVDZ   [3s2p|5s2p]
   ---------------------------------------------------------------------------
   total:   80   2676   1470
   ---------------------------------------------------------------------------

   total number of primitive shells          :  160
   total number of contracted shells         :  616
   total number of cartesian basis functions : 1576
   total number of SCF-basis functions       : 1470


              ATOMIC COORDINATES              ATOM SHELLS CHARGE PSEUDO MASS
   -19.30386984   -1.12618852   25.34131558    c      9      6.     0 12.011
   -18.04744177    2.91365722   23.76590420    c      9      6.     0 12.011
   -18.79651673    5.20073454   22.63122042    c      9      6.     0 12.011
   -15.49420351    2.55804081   24.39452821    c      9      6.     0 12.011
   -17.03370424    7.07647310   22.11997108    c      9      6.     0 12.011
   -13.73508033    4.46743785   23.90117420    c      9      6.     0 12.011
    11.63844110    1.70955057    5.09263937    c      9      6.     0 12.011
   -14.47220089    6.73169805   22.74657251    c      9      6.     0 12.011
   -13.90575642   11.63912423   25.61346978    c      9      6.     0 12.011
   -14.47108292   14.06644607   26.44110973    c      9      6.     0 12.011
     9.23713947    0.92537318    5.74599555    c      9      6.     0 12.011
   -14.83589228   20.58004951   24.18823966    c      9      6.     0 12.011
     7.42508260    1.90590161    7.53173647    c      9      6.     0 12.011
   -13.21455716   11.20114619   23.08481837    c      9      6.     0 12.011
   -14.33797874   16.13090043   24.76943835    c      9      6.     0 12.011
   -10.46318754    8.19276154   20.95610123    c      9      6.     0 12.011
     5.27446221    0.39000092    7.49355720    c      9      6.     0 12.011
   -13.10636372   13.25281372   21.41772712    c      9      6.     0 12.011
   -13.64371585   15.70436241   22.24325265    c      9      6.     0 12.011
     3.06178661    0.81062939    8.93780326    c      9      6.     0 12.011
     5.79214436   -1.73710164    5.59485431    c      9      6.     0 12.011
    -7.11432885    6.45741564   18.02226741    c      9      6.     0 12.011
     2.58793250   -4.09924607    2.73858184    c      9      6.     0 12.011
    -8.21579560    9.56442775   21.01608378    c      9      6.     0 12.011
    -5.61994950    5.04563924   16.28100988    c      9      6.     0 12.011
     3.89060537   -1.89303352    3.41987497    c      9      6.     0 12.011
    -6.36714985    8.59036974   19.36852190    c      9      6.     0 12.011
     0.91121063   -4.07848270    0.69360961    c      9      6.     0 12.011
     0.85813711   -0.57647040    8.87244538    c      9      6.     0 12.011
    -6.31952308    2.93915926   14.94995577    c      9      6.     0 12.011
    -1.35925128   -0.09512163   10.29964271    c      9      6.     0 12.011
    -4.77825547    1.57707037   13.19575778    c      9      6.     0 12.011
     3.49318879    0.31857003    2.00545050    c      9      6.     0 12.011
     0.52628627   -1.87230757   -0.69930562    c      9      6.     0 12.011
     1.82935523    0.33079448   -0.03779962    c      9      6.     0 12.011
    -3.60893810   -1.48626053   10.21259890    c      9      6.     0 12.011
    -5.50164905   -0.56571692   11.81396472    c      9      6.     0 12.011
   -19.90035697    1.19625824   24.17413985    o      9      8.     0 15.999
    13.02072077    0.36669795    3.19649782    c      9      6.     0 12.011
    12.83612155    3.83519615    6.24827247    c      9      6.     0 12.011
     7.68131472    4.08090042    9.08588069    c      9      6.     0 12.011
   -12.67544532    8.68756195   22.23686122    n      9      7.     0 14.007
   -14.90575036   18.42365204   25.75558418    o      9      8.     0 15.999
   -10.25881290    5.66460580   18.80450744    s     11     16.     0 32.064
     8.23599639   -1.09696844    4.56133928    o      9      8.     0 15.999
    -1.66274980    2.41691719   12.46110427    s     11     16.     0 32.064
    14.16887698   -0.69686107    1.65548380    n      9      7.     0 14.007
    13.88145757    5.54808151    7.14203791    n      9      7.     0 14.007
     7.72098083    5.83541286   10.40703773    n      9      7.     0 14.007
     6.29001142   -4.28607762    6.98094008    c      9      6.     0 12.011
     4.17994134   -5.19082633    8.07528558    f      9      9.     0 18.998
     8.01634975   -3.96579947    8.79367045    f      9      9.     0 18.998
     7.14922189   -6.04080020    5.38820085    f      9      9.     0 18.998
   -21.08077648   -2.18946579   25.48276650    h      5      1.     0  1.008
   -17.94090222   -2.23570172   24.21251584    h      5      1.     0  1.008
   -18.52548673   -0.85330092   27.26044698    h      5      1.     0  1.008
   -20.78815598    5.44862107   22.15101323    h      5      1.     0  1.008
   -14.85205284    0.81803201   25.29132685    h      5      1.     0  1.008
   -17.63383269    8.83780519   21.22720928    h      5      1.     0  1.008
   -11.75877508    4.18375764   24.42396485    h      5      1.     0  1.008
   -14.00280595   10.05364477   26.93126425    h      5      1.     0  1.008
   -15.01004491   14.42609875   28.40047907    h      5      1.     0  1.008
   -15.35378458   22.19614254   25.38328243    h      5      1.     0  1.008
   -12.92911781   20.90723102   23.40051621    h      5      1.     0  1.008
   -16.20061300   20.43967064   22.61278255    h      5      1.     0  1.008
   -12.58965307   12.93697604   19.44423378    h      5      1.     0  1.008
   -13.53725322   17.25753455   20.89404225    h      5      1.     0  1.008
     3.15559035    2.45147537   10.19499232    h      5      1.     0  1.008
     2.86000430   -5.85779799    3.77199331    h      5      1.     0  1.008
    -7.94449442   11.20658992   22.22708491    h      5      1.     0  1.008
    -3.70563161    5.79544458   16.01413520    h      5      1.     0  1.008
    -4.47709208    9.39632603   19.17301934    h      5      1.     0  1.008
    -0.08609517   -5.81449982    0.18571038    h      5      1.     0  1.008
     0.72662728   -2.21002393    7.61762906    h      5      1.     0  1.008
    -8.23065848    2.17987770   15.19311742    h      5      1.     0  1.008
     4.50080663    2.05195193    2.49959441    h      5      1.     0  1.008
    -0.77888256   -1.86741432   -2.30028821    h      5      1.     0  1.008
     1.55112160    2.06867979   -1.11807101    h      5      1.     0  1.008
    -3.82626568   -3.13133817    8.98624261    h      5      1.     0  1.008
    -7.37826803   -1.40139576   11.99539317    h      5      1.     0  1.008
 

 we will work with the  1s 3p 5d

 there are 1 real representations :   a   

 OCCUPATION NUMBER & MOLECULAR ORBITAL DEFINITION MENU 

 CHOOSE COMMAND 
 infsao     : OUTPUT SAO INFORMATION 
 atb        : Switch for writing MOs in ASCII or binary format
 eht        : PROVIDE MOS && OCCUPATION NUMBERS FROM EXTENDED HUECKEL GUESS 
 use <file> : SUPPLY MO INFORMATION USING DATA FROM <file> 
 man        : MANUAL SPECIFICATION OF OCCUPATION NUMBERS 
 hcore      : HAMILTON CORE GUESS FOR MOS
 flip       : FLIP SPIN OF A SELECTED ATOM
 &          : MOVE BACK TO THE ATOMIC ATTRIBUTES MENU
 THE COMMANDS  use  OR  eht  OR  *  OR q(uit) TERMINATE THIS MENU !!! 
 FOR EXPLANATIONS APPEND A QUESTION MARK (?) TO ANY COMMAND 


 PROVIDING EHT AOS FOR THE FOLLOWING SET OF ATOMS :
     1 c            2 c            3 c            4 c            5 c       
     6 c            7 c            8 c            9 c           10 c       
    11 c           12 c           13 c           14 c           15 c       
    16 c           17 c           18 c           19 c           20 c       
    21 c           22 c           23 c           24 c           25 c       
    26 c           27 c           28 c           29 c           30 c       
    31 c           32 c           33 c           34 c           35 c       
    36 c           37 c           39 c           40 c           41 c       
    50 c       
 for the   6 electrons of the actual atom you have
 to provide at least basis functions for the AO's :   2s  1p  0d  0f


 PROVIDING EHT AOS FOR THE FOLLOWING SET OF ATOMS :
    38 o           43 o           45 o       
 for the   8 electrons of the actual atom you have
 to provide at least basis functions for the AO's :   2s  1p  0d  0f


 PROVIDING EHT AOS FOR THE FOLLOWING SET OF ATOMS :
    42 n           47 n           48 n           49 n       
 for the   7 electrons of the actual atom you have
 to provide at least basis functions for the AO's :   2s  1p  0d  0f


 PROVIDING EHT AOS FOR THE FOLLOWING SET OF ATOMS :
    44 s           46 s       
 for the  16 electrons of the actual atom you have
 to provide at least basis functions for the AO's :   3s  2p  0d  0f


 PROVIDING EHT AOS FOR THE FOLLOWING SET OF ATOMS :
    51 f           52 f           53 f       
 for the   9 electrons of the actual atom you have
 to provide at least basis functions for the AO's :   2s  1p  0d  0f


 PROVIDING EHT AOS FOR THE FOLLOWING SET OF ATOMS :
    54 h           55 h           56 h           57 h           58 h       
    59 h           60 h           61 h           62 h           63 h       
    64 h           65 h           66 h           67 h           68 h       
    69 h           70 h           71 h           72 h           73 h       
    74 h           75 h           76 h           77 h           78 h       
    79 h           80 h       
 for the   1 electrons of the actual atom you have
 to provide at least basis functions for the AO's :   1s  0p  0d  0f


 DO YOU WANT THE DEFAULT PARAMETERS FOR THE EXTENDED HUECKEL CALCULATION ? 
 DEFAULT=y   HELP=? 


 JUST SETTING UP HUECKEL MATRIX ! 


 HUECKEL EQUATIONS ARE BEING SOLVED 


 ENTER THE MOLECULAR CHARGE  (DEFAULT=0) 


 NUMBER OF ELECTRONS IN YOUR MOLECULE IS  384


 AUTOMATIC OCCUPATION NUMBER ASSIGNMENT ESTABLISHED !
 FOUND CLOSED SHELL SYSTEM !
 HOMO/LUMO-SEPARATION :  0.042006
 ORBITAL  SYMMETRY      ENERGY     DEFAULT 
 (SHELL)    TYPE                 OCCUPATION 
   189   189a          -0.41071      2
   190   190a          -0.40673      2
   191   191a          -0.40270      2
   192   192a          -0.38198      2
   193   193a          -0.33998      0
   194   194a          -0.29238      0
   195   195a          -0.28753      0

!!!!!!!!!!!!!!!!!!!!!!!!!!!!!!!!!!!!!!!!!!!!!!!!!!!!!!!!!
!!! WARNING ! HOMO/LUMO-SEPARATION LOWER THAN 0.05 AU !!!
!!!!!!!!!!!!!!!!!!!!!!!!!!!!!!!!!!!!!!!!!!!!!!!!!!!!!!!!!

 DO YOU ACCEPT THIS OCCUPATION ?  DEFAULT=y 


 PROVIDING  'derivative'  DEFAULT PARAMETERS ...

 PROVIDING FORCE RELAXATION DEFAULT PARAMETERS ...

    mo occupation :
   irrep   mo's   occupied
    a     1470      192
 
 number of basis functions   :  1470
 number of occupied orbitals :   192
 
 GENERAL MENU : SELECT YOUR TOPIC 
 scf    : SELECT NON-DEFAULT SCF PARAMETER 
 mp2    : OPTIONS AND DATA GROUPS FOR rimp2 and mpgrad
 cc     : OPTIONS AND DATA GROUPS FOR ricc2
 pnocc  : OPTIONS AND DATA GROUPS FOR pnoccsd
 ex     : EXCITED STATE AND RESPONSE OPTIONS
 prop   : SELECT TOOLS FOR SCF-ORBITAL ANALYSIS 
 drv    : SELECT NON-DEFAULT INPUT PARAMETER FOR EVALUATION
          OF ANALYTICAL ENERGY DERIVATIVES 
          (GRADIENTS, FORCE CONSTANTS) 
 rex    : SELECT OPTIONS FOR GEOMETRY UPDATES USING RELAX
 stp    : SELECT NON-DEFAULT STRUCTURE OPTIMIZATION PARAMETER
 e      : DEFINE EXTERNAL ELECTROSTATIC FIELD 
 dft    : DFT Parameters 
 ri     : RI Parameters 
 rijk   : RI-JK-HF Parameters 
 rirpa  : RIRPA Parameters 
 gw     : OPTIONS AND DATA GROUPS FOR GW (escf) 
 senex  : seminumeric exchange parameters 
 hybno  : hybrid Noga/Diag parameters
 dsp    : DFT dispersion correction
 nmr    : NMR shift parameters
 ncoup  : NMR coupling parameters
 trunc  : USE TRUNCATED AUXBASIS DURING ITERATIONS 
 marij  : MULTIPOLE ACCELERATED RI-J 
 fde    : Frozen Density Embedding 

 dis    : DISPLAY MOLECULAR GEOMETRY 
 list   : LIST OF CONTROL FILE 
 &      : GO BACK TO OCCUPATION/ORBITAL ASSIGNMENT MENU
 * or q : END OF DEFINE SESSION 

 GENERAL MENU : SELECT YOUR TOPIC 
 scf    : SELECT NON-DEFAULT SCF PARAMETER 
 mp2    : OPTIONS AND DATA GROUPS FOR rimp2 and mpgrad
 cc     : OPTIONS AND DATA GROUPS FOR ricc2
 pnocc  : OPTIONS AND DATA GROUPS FOR pnoccsd
 ex     : EXCITED STATE AND RESPONSE OPTIONS
 prop   : SELECT TOOLS FOR SCF-ORBITAL ANALYSIS 
 drv    : SELECT NON-DEFAULT INPUT PARAMETER FOR EVALUATION
          OF ANALYTICAL ENERGY DERIVATIVES 
          (GRADIENTS, FORCE CONSTANTS) 
 rex    : SELECT OPTIONS FOR GEOMETRY UPDATES USING RELAX
 stp    : SELECT NON-DEFAULT STRUCTURE OPTIMIZATION PARAMETER
 e      : DEFINE EXTERNAL ELECTROSTATIC FIELD 
 dft    : DFT Parameters 
 ri     : RI Parameters 
 rijk   : RI-JK-HF Parameters 
 rirpa  : RIRPA Parameters 
 gw     : OPTIONS AND DATA GROUPS FOR GW (escf) 
 senex  : seminumeric exchange parameters 
 hybno  : hybrid Noga/Diag parameters
 dsp    : DFT dispersion correction
 nmr    : NMR shift parameters
 ncoup  : NMR coupling parameters
 trunc  : USE TRUNCATED AUXBASIS DURING ITERATIONS 
 marij  : MULTIPOLE ACCELERATED RI-J 
 fde    : Frozen Density Embedding 

 dis    : DISPLAY MOLECULAR GEOMETRY 
 list   : LIST OF CONTROL FILE 
 &      : GO BACK TO OCCUPATION/ORBITAL ASSIGNMENT MENU
 * or q : END OF DEFINE SESSION 

 GENERAL MENU : SELECT YOUR TOPIC 
 scf    : SELECT NON-DEFAULT SCF PARAMETER 
 mp2    : OPTIONS AND DATA GROUPS FOR rimp2 and mpgrad
 cc     : OPTIONS AND DATA GROUPS FOR ricc2
 pnocc  : OPTIONS AND DATA GROUPS FOR pnoccsd
 ex     : EXCITED STATE AND RESPONSE OPTIONS
 prop   : SELECT TOOLS FOR SCF-ORBITAL ANALYSIS 
 drv    : SELECT NON-DEFAULT INPUT PARAMETER FOR EVALUATION
          OF ANALYTICAL ENERGY DERIVATIVES 
          (GRADIENTS, FORCE CONSTANTS) 
 rex    : SELECT OPTIONS FOR GEOMETRY UPDATES USING RELAX
 stp    : SELECT NON-DEFAULT STRUCTURE OPTIMIZATION PARAMETER
 e      : DEFINE EXTERNAL ELECTROSTATIC FIELD 
 dft    : DFT Parameters 
 ri     : RI Parameters 
 rijk   : RI-JK-HF Parameters 
 rirpa  : RIRPA Parameters 
 gw     : OPTIONS AND DATA GROUPS FOR GW (escf) 
 senex  : seminumeric exchange parameters 
 hybno  : hybrid Noga/Diag parameters
 dsp    : DFT dispersion correction
 nmr    : NMR shift parameters
 ncoup  : NMR coupling parameters
 trunc  : USE TRUNCATED AUXBASIS DURING ITERATIONS 
 marij  : MULTIPOLE ACCELERATED RI-J 
 fde    : Frozen Density Embedding 

 dis    : DISPLAY MOLECULAR GEOMETRY 
 list   : LIST OF CONTROL FILE 
 &      : GO BACK TO OCCUPATION/ORBITAL ASSIGNMENT MENU
 * or q : END OF DEFINE SESSION 


 ENTER SCF-OPTION TO BE MODIFIED 

 conv   : ACCURACY OF SCF-ENERGY           $scfconv 
 thi    : INTEGRAL STORAGE CRITERIA        $thize  $thime 
 ints   : INTEGRAL STORAGE ALLOCATION      $scfintunit 
 iter   : MAXIMUM NUMBER OF ITERATIONS     $scfiterlimit 
 diis   : DIIS CONVERGENCE ACCELERATION    $scfdiis 
 damp   : OPTIONS FOR DAMPING              $scfdamp 
 shift  : SHIFTING OF ORBITALS             $scforbitalshift  
 order  : ORDERING OF ORBITALS             $scforbitalorder 
 fermi  : THERMAL SMEARING OF OCC. NUMBERS $fermi
 pdiag  : PREDIAGONALIZATION               $prediag
 soghf  : SPIN ORBIT GENERALIZED SCF       $soghf  
 x2c    : EXACT 2C HAMILTONIAN             $rx2c 
 rlocal : DLU SCHEME FOR X2C               $rlocal 
 finnuc : FINITE NUCLEUS MODEL             $finnuc 
 rsym   : RELATIVISTIC SYMMETRY            $rsym 
 snso   : SCREENED NUCLEAR SPIN ORBIT      $snso 
 pcc    : X2C pcicture-change correction   $pcc 


 CURRENT VALUE FOR MAXIMUM NUMBER OF SCF-ITERATIONS : 30

 ENTER NEW VALUE FOR MAXIMUM NUMBER OF SCF-ITERATIONS 
 DEFAULT= 30


 ENTER SCF-OPTION TO BE MODIFIED 

 conv   : ACCURACY OF SCF-ENERGY           $scfconv 
 thi    : INTEGRAL STORAGE CRITERIA        $thize  $thime 
 ints   : INTEGRAL STORAGE ALLOCATION      $scfintunit 
 iter   : MAXIMUM NUMBER OF ITERATIONS     $scfiterlimit 
 diis   : DIIS CONVERGENCE ACCELERATION    $scfdiis 
 damp   : OPTIONS FOR DAMPING              $scfdamp 
 shift  : SHIFTING OF ORBITALS             $scforbitalshift  
 order  : ORDERING OF ORBITALS             $scforbitalorder 
 fermi  : THERMAL SMEARING OF OCC. NUMBERS $fermi
 pdiag  : PREDIAGONALIZATION               $prediag
 soghf  : SPIN ORBIT GENERALIZED SCF       $soghf  
 x2c    : EXACT 2C HAMILTONIAN             $rx2c 
 rlocal : DLU SCHEME FOR X2C               $rlocal 
 finnuc : FINITE NUCLEUS MODEL             $finnuc 
 rsym   : RELATIVISTIC SYMMETRY            $rsym 
 snso   : SCREENED NUCLEAR SPIN ORBIT      $snso 
 pcc    : X2C pcicture-change correction   $pcc 

 GENERAL MENU : SELECT YOUR TOPIC 
 scf    : SELECT NON-DEFAULT SCF PARAMETER 
 mp2    : OPTIONS AND DATA GROUPS FOR rimp2 and mpgrad
 cc     : OPTIONS AND DATA GROUPS FOR ricc2
 pnocc  : OPTIONS AND DATA GROUPS FOR pnoccsd
 ex     : EXCITED STATE AND RESPONSE OPTIONS
 prop   : SELECT TOOLS FOR SCF-ORBITAL ANALYSIS 
 drv    : SELECT NON-DEFAULT INPUT PARAMETER FOR EVALUATION
          OF ANALYTICAL ENERGY DERIVATIVES 
          (GRADIENTS, FORCE CONSTANTS) 
 rex    : SELECT OPTIONS FOR GEOMETRY UPDATES USING RELAX
 stp    : SELECT NON-DEFAULT STRUCTURE OPTIMIZATION PARAMETER
 e      : DEFINE EXTERNAL ELECTROSTATIC FIELD 
 dft    : DFT Parameters 
 ri     : RI Parameters 
 rijk   : RI-JK-HF Parameters 
 rirpa  : RIRPA Parameters 
 gw     : OPTIONS AND DATA GROUPS FOR GW (escf) 
 senex  : seminumeric exchange parameters 
 hybno  : hybrid Noga/Diag parameters
 dsp    : DFT dispersion correction
 nmr    : NMR shift parameters
 ncoup  : NMR coupling parameters
 trunc  : USE TRUNCATED AUXBASIS DURING ITERATIONS 
 marij  : MULTIPOLE ACCELERATED RI-J 
 fde    : Frozen Density Embedding 

 dis    : DISPLAY MOLECULAR GEOMETRY 
 list   : LIST OF CONTROL FILE 
 &      : GO BACK TO OCCUPATION/ORBITAL ASSIGNMENT MENU
 * or q : END OF DEFINE SESSION 



STATUS OF RI-OPTIONS:
    RI IS NOT USED
    Memory for RI:           500 Mb
    Filename for auxbasis: auxbasis

 ENTER RI-OPTION TO BE MODIFIED 
      m: CHANGE MEMORY FOR RI 
      f: CHANGE FILENAME 
   jbas: ASSIGN AUXILIARY RI-J BASIS SETS
     on: TO SWITCH ON  RI 
 Use <ENTER>, q, end, or '*' to leave this menu

 NO DEFINITION OF BASIS SETS ($jbas) IN control
  TRY TO OBTAIN BASIS SETS FROM LIBRARY !

  Keyword $jbas  missing in file <control>

 #                                                                       
 #AUXILIARY BASIS SET FOR C                                              
 #                                                                       
 #                                                                       
 c aug-cc-pVDZ                                                           
 c aug-cc-pVTZ                                                           
 c aug-cc-pVQZ                                                           
 c aug-cc-pV5Z                                                           
 c d-aug-cc-pVDZ                                                         
 c d-aug-cc-pVTZ                                                         
 c d-aug-cc-pVQZ                                                         
 c d-aug-cc-pV5Z                                                         
 # c     (12s5p4d2f1g) / [6s4p3d1f1g]     {711111/2111/211/2/1}          
 #errors def2-TZVP uH/atom: C2H2 9.6, C2H3N 24.0, C2H4 17.7, C2H6 15.4,  
 #                          C4H4 24.0, C6H6 19.7, CF4 15.8, CH2O 17.4,   
 #                          CH2O2 26.4, CH3N 19.0, CH3OH 24.9,           
 #                          CH4 18.7, CO 12.6, CO2 7.3                   
 # F. Weigend 11/2005; Phys. Chem. Chem. Phys. 8: 1057 (2006)            

  Keyword $jbas  missing in file <control>

 #                                                                       
 #AUXILIARY BASIS SET FOR O                                              
 #                                                                       
 #                                                                       
 o aug-cc-pVDZ                                                           
 o aug-cc-pVTZ                                                           
 o aug-cc-pVQZ                                                           
 o aug-cc-pV5Z                                                           
 o d-aug-cc-pVDZ                                                         
 o d-aug-cc-pVTZ                                                         
 o d-aug-cc-pVQZ                                                         
 o d-aug-cc-pV5Z                                                         
 # o     (12s5p4d2f1g) / [6s4p3d1f1g]     {711111/2111/211/2/1}          
 #errors def2-TZVP uH/atom: OF2 43.9, H2O 43.0, H2O2 52.3                
 # F. Weigend 11/2005; Phys. Chem. Chem. Phys. 8: 1057 (2006)            

  Keyword $jbas  missing in file <control>

 #                                                                       
 #AUXILIARY BASIS SET FOR N                                              
 #                                                                       
 #                                                                       
 ########################################################################
 n aug-cc-pVDZ                                                           
 n aug-cc-pVTZ                                                           
 n aug-cc-pVQZ                                                           
 n aug-cc-pV5Z                                                           
 n d-aug-cc-pVDZ                                                         
 n d-aug-cc-pVTZ                                                         
 n d-aug-cc-pVQZ                                                         
 n d-aug-cc-pV5Z                                                         
 # n     (12s5p4d2f1g) / [6s4p3d1f1g]     {711111/2111/211/2/1}          
 #errors def2-TZVP uH/atom: N2 16.0, N2H2 46.8, N2H4 45.1, N4 24.9,      
 #                          NF3 32.4, NH3 29.0, NH4F 22.3                
 # F. Weigend 11/2005; Phys. Chem. Chem. Phys. 8: 1057 (2006)            

  Keyword $jbas  missing in file <control>

 #                                                                       
 #AUXILIARY BASIS SET FOR S                                              
 #                                                                       
 #                                                                       
 ########################################################################
 s aug-cc-pVDZ                                                           
 s cc-pVTZ                                                               
 s aug-cc-pVTZ                                                           
 s cc-pVQZ                                                               
 s aug-cc-pVQZ                                                           
 # s     (14s5p5d2f1g) / [8s4p3d1f1g]     {71111111/2111/311/2/1}        
 # F. Weigend 11/2005; Phys. Chem. Chem. Phys. 8: 1057 (2006)            
 #errors def2-TZVP uH/atom: S2 22.6, S5 49.3, SF2 55.9, SF4 48.6,        
 #                          SF6 18.9                                     

  Keyword $jbas  missing in file <control>

 #                                                                       
 #AUXILIARY BASIS SET FOR F                                              
 #                                                                       
 #                                                                       
 ########################################################################
 f aug-cc-pVDZ                                                           
 f aug-cc-pVTZ                                                           
 f aug-cc-pVQZ                                                           
 f aug-cc-pV5Z                                                           
 f d-aug-cc-pVDZ                                                         
 f d-aug-cc-pVTZ                                                         
 f d-aug-cc-pVQZ                                                         
 f d-aug-cc-pV5Z                                                         
 # f     (12s5p4d2f1g) / [6s4p3d1f1g]     {711111/2111/211/2/1}          
 #errors def2-TZVP uH/atom: F2 50.0, HF 26.5                             
 # F. Weigend 11/2005; Phys. Chem. Chem. Phys. 8: 1057 (2006)            

  Keyword $jbas  missing in file <control>

 #                                                                       
 #AUXILIARY BASIS SET FOR H                                              
 #                                                                       
 #                                                                       
 h aug-cc-pVDZ                                                           
 h aug-cc-pVTZ                                                           
 h aug-cc-pVQZ                                                           
 h aug-cc-pV5Z                                                           
 h d-aug-cc-pVDZ                                                         
 h d-aug-cc-pVTZ                                                         
 h d-aug-cc-pVQZ                                                         
 h d-aug-cc-pV5Z                                                         
 h cc-pCVDZ                                                              
 h cc-pCVTZ                                                              
 h cc-pCVQZ                                                              
 h cc-pCV5Z                                                              
 h aug-cc-pCVDZ                                                          
 h aug-cc-pCVTZ                                                          
 h aug-cc-pCVQZ                                                          
 h aug-cc-pCV5Z                                                          
 h d-aug-cc-pCVDZ                                                        
 h d-aug-cc-pCVTZ                                                        
 h d-aug-cc-pCVQZ                                                        
 h d-aug-cc-pCV5Z                                                        
 h cc-pwCVDZ                                                             
 h cc-pwCVTZ                                                             
 h cc-pwCVQZ                                                             
 h cc-pwCV5Z                                                             
 h aug-cc-pwCVDZ                                                         
 h aug-cc-pwCVTZ                                                         
 h aug-cc-pwCVQZ                                                         
 h aug-cc-pwCV5Z                                                         
 h d-aug-cc-pwCVDZ                                                       
 h d-aug-cc-pwCVTZ                                                       
 h d-aug-cc-pwCVQZ                                                       
 h d-aug-cc-pwCV5Z                                                       
 # h     (5s2p1d) / [3s1p1d]     {311/2/1}                               
 #errors def2-TZVP uH/atom: H2 53.2, H2CO3 30.3, H2O 43.0, H2O2 52.3     
 # F. Weigend 11/2005; Phys. Chem. Chem. Phys. 8: 1057 (2006)            


STATUS OF RI-OPTIONS:
    RI IS USED
    Memory for RI:           500 Mb
    Filename for auxbasis: auxbasis

 ENTER RI-OPTION TO BE MODIFIED 
      m: CHANGE MEMORY FOR RI 
      f: CHANGE FILENAME 
   jbas: ASSIGN AUXILIARY RI-J BASIS SETS
    off: TO SWITCH OFF RI 
 Use <ENTER>, q, end, or '*' to leave this menu


STATUS OF RI-OPTIONS:
    RI IS USED
    Memory for RI:          2000 Mb
    Filename for auxbasis: auxbasis

 ENTER RI-OPTION TO BE MODIFIED 
      m: CHANGE MEMORY FOR RI 
      f: CHANGE FILENAME 
   jbas: ASSIGN AUXILIARY RI-J BASIS SETS
    off: TO SWITCH OFF RI 
 Use <ENTER>, q, end, or '*' to leave this menu
 GENERAL MENU : SELECT YOUR TOPIC 
 scf    : SELECT NON-DEFAULT SCF PARAMETER 
 mp2    : OPTIONS AND DATA GROUPS FOR rimp2 and mpgrad
 cc     : OPTIONS AND DATA GROUPS FOR ricc2
 pnocc  : OPTIONS AND DATA GROUPS FOR pnoccsd
 ex     : EXCITED STATE AND RESPONSE OPTIONS
 prop   : SELECT TOOLS FOR SCF-ORBITAL ANALYSIS 
 drv    : SELECT NON-DEFAULT INPUT PARAMETER FOR EVALUATION
          OF ANALYTICAL ENERGY DERIVATIVES 
          (GRADIENTS, FORCE CONSTANTS) 
 rex    : SELECT OPTIONS FOR GEOMETRY UPDATES USING RELAX
 stp    : SELECT NON-DEFAULT STRUCTURE OPTIMIZATION PARAMETER
 e      : DEFINE EXTERNAL ELECTROSTATIC FIELD 
 dft    : DFT Parameters 
 ri     : RI Parameters 
 rijk   : RI-JK-HF Parameters 
 rirpa  : RIRPA Parameters 
 gw     : OPTIONS AND DATA GROUPS FOR GW (escf) 
 senex  : seminumeric exchange parameters 
 hybno  : hybrid Noga/Diag parameters
 dsp    : DFT dispersion correction
 nmr    : NMR shift parameters
 ncoup  : NMR coupling parameters
 trunc  : USE TRUNCATED AUXBASIS DURING ITERATIONS 
 marij  : MULTIPOLE ACCELERATED RI-J 
 fde    : Frozen Density Embedding 

 dis    : DISPLAY MOLECULAR GEOMETRY 
 list   : LIST OF CONTROL FILE 
 &      : GO BACK TO OCCUPATION/ORBITAL ASSIGNMENT MENU
 * or q : END OF DEFINE SESSION 



STATUS OF DFT_OPTIONS:
 DFT is NOT used
   functional b-p
     gridsize m3

 ENTER DFT-OPTION TO BE MODIFIED 

 func    : TO CHANGE TYPE OF FUNCTIONAL 
 grid    : TO CHANGE GRIDSIZE 
 rads    : TO CHANGE RADSIZE
  on:   TO SWITCH ON  DFT 
 Just <ENTER>, q or '*' terminate this menu.


STATUS OF DFT_OPTIONS:
 DFT is used
   functional b-p
     gridsize m3

 ENTER DFT-OPTION TO BE MODIFIED 

 func    : TO CHANGE TYPE OF FUNCTIONAL 
 grid    : TO CHANGE GRIDSIZE 
 rads    : TO CHANGE RADSIZE
  off:  TO SWITCH OFF DFT 
 Just <ENTER>, q or '*' terminate this menu.


STATUS OF DFT_OPTIONS:
 DFT is used
   functional wb97x
     gridsize m3

 ENTER DFT-OPTION TO BE MODIFIED 

 func    : TO CHANGE TYPE OF FUNCTIONAL 
 grid    : TO CHANGE GRIDSIZE 
 rads    : TO CHANGE RADSIZE
  off:  TO SWITCH OFF DFT 
 Just <ENTER>, q or '*' terminate this menu.


STATUS OF DFT_OPTIONS:
 DFT is used
   functional wb97x
     gridsize m3

 ENTER DFT-OPTION TO BE MODIFIED 

 func    : TO CHANGE TYPE OF FUNCTIONAL 
 grid    : TO CHANGE GRIDSIZE 
 rads    : TO CHANGE RADSIZE
  off:  TO SWITCH OFF DFT 
 Just <ENTER>, q or '*' terminate this menu.
 GENERAL MENU : SELECT YOUR TOPIC 
 scf    : SELECT NON-DEFAULT SCF PARAMETER 
 mp2    : OPTIONS AND DATA GROUPS FOR rimp2 and mpgrad
 cc     : OPTIONS AND DATA GROUPS FOR ricc2
 pnocc  : OPTIONS AND DATA GROUPS FOR pnoccsd
 ex     : EXCITED STATE AND RESPONSE OPTIONS
 prop   : SELECT TOOLS FOR SCF-ORBITAL ANALYSIS 
 drv    : SELECT NON-DEFAULT INPUT PARAMETER FOR EVALUATION
          OF ANALYTICAL ENERGY DERIVATIVES 
          (GRADIENTS, FORCE CONSTANTS) 
 rex    : SELECT OPTIONS FOR GEOMETRY UPDATES USING RELAX
 stp    : SELECT NON-DEFAULT STRUCTURE OPTIMIZATION PARAMETER
 e      : DEFINE EXTERNAL ELECTROSTATIC FIELD 
 dft    : DFT Parameters 
 ri     : RI Parameters 
 rijk   : RI-JK-HF Parameters 
 rirpa  : RIRPA Parameters 
 gw     : OPTIONS AND DATA GROUPS FOR GW (escf) 
 senex  : seminumeric exchange parameters 
 hybno  : hybrid Noga/Diag parameters
 dsp    : DFT dispersion correction
 nmr    : NMR shift parameters
 ncoup  : NMR coupling parameters
 trunc  : USE TRUNCATED AUXBASIS DURING ITERATIONS 
 marij  : MULTIPOLE ACCELERATED RI-J 
 fde    : Frozen Density Embedding 

 dis    : DISPLAY MOLECULAR GEOMETRY 
 list   : LIST OF CONTROL FILE 
 &      : GO BACK TO OCCUPATION/ORBITAL ASSIGNMENT MENU
 * or q : END OF DEFINE SESSION 


STATUS OF DFT DISPERSION CORRECTION
  correction is not used

 ENTER OPTION TO BE MODIFIED
   on  :  to switch DFT-D3 correction on
   bj  :  to switch DFT-D3 BJ correction on
   d4  :  to switch DFT-D4 correction on
   abc :  to switch three-body term on
   off :  to switch dispersion correction off
   old :  to switch DFT-D2 correction on
  Just <ENTER>, q or * to terminate this menu.

STATUS OF DFT DISPERSION CORRECTION
  DFT-D3 BJ correction is used

 ENTER OPTION TO BE MODIFIED
   on  :  to switch DFT-D3 correction on
   bj  :  to switch DFT-D3 BJ correction on
   d4  :  to switch DFT-D4 correction on
   abc :  to switch three-body term on
   off :  to switch dispersion correction off
   old :  to switch DFT-D2 correction on
  Just <ENTER>, q or * to terminate this menu.
 GENERAL MENU : SELECT YOUR TOPIC 
 scf    : SELECT NON-DEFAULT SCF PARAMETER 
 mp2    : OPTIONS AND DATA GROUPS FOR rimp2 and mpgrad
 cc     : OPTIONS AND DATA GROUPS FOR ricc2
 pnocc  : OPTIONS AND DATA GROUPS FOR pnoccsd
 ex     : EXCITED STATE AND RESPONSE OPTIONS
 prop   : SELECT TOOLS FOR SCF-ORBITAL ANALYSIS 
 drv    : SELECT NON-DEFAULT INPUT PARAMETER FOR EVALUATION
          OF ANALYTICAL ENERGY DERIVATIVES 
          (GRADIENTS, FORCE CONSTANTS) 
 rex    : SELECT OPTIONS FOR GEOMETRY UPDATES USING RELAX
 stp    : SELECT NON-DEFAULT STRUCTURE OPTIMIZATION PARAMETER
 e      : DEFINE EXTERNAL ELECTROSTATIC FIELD 
 dft    : DFT Parameters 
 ri     : RI Parameters 
 rijk   : RI-JK-HF Parameters 
 rirpa  : RIRPA Parameters 
 gw     : OPTIONS AND DATA GROUPS FOR GW (escf) 
 senex  : seminumeric exchange parameters 
 hybno  : hybrid Noga/Diag parameters
 dsp    : DFT dispersion correction
 nmr    : NMR shift parameters
 ncoup  : NMR coupling parameters
 trunc  : USE TRUNCATED AUXBASIS DURING ITERATIONS 
 marij  : MULTIPOLE ACCELERATED RI-J 
 fde    : Frozen Density Embedding 

 dis    : DISPLAY MOLECULAR GEOMETRY 
 list   : LIST OF CONTROL FILE 
 &      : GO BACK TO OCCUPATION/ORBITAL ASSIGNMENT MENU
 * or q : END OF DEFINE SESSION 


 ***********************************************************
 *                                                         *
 *                       e n d   o f                       *
 *                       D E F I N E                       *
 *                                                         *
 ***********************************************************


    ------------------------------------------------------------------------
         total  cpu-time :   0.91 seconds
         total wall-time :   1.22 seconds
    ------------------------------------------------------------------------

   ****  define : all done  ****


    2025-04-01 09:25:46.393 

