
 eiger (nano19.int-nano.int.kit.edu) : TURBOMOLE rev. V7-6 19 Oct 2021 at 10:10:11 compiled Oct 19th 2021
 Copyright (C) 2021 TURBOMOLE GmbH, Karlsruhe


    2025-03-23 10:15:24.585 

 wb97xd                                                                         
  
Total energy =  -1105.1572825920 H =    -30072.8614294 eV
 
 HOMO-LUMO Separation
   HOMO:    90.    90 a     -0.25527619 H =     -6.94642 eV
   LUMO:    91.    91 a     -0.05204171 H =     -1.41613 eV
   Gap :                    +0.20323447 H =     +5.53029 eV
 
Number of MOs=    760, Electrons=    180.00, Symmetry: c1   
 
   Nr.   Orbital    Occupation       Energy
  107.   107 a                     +0.079332 H =        +2.159 eV
  106.   106 a                     +0.075907 H =        +2.066 eV
  105.   105 a                     +0.074186 H =        +2.019 eV
  104.   104 a                     +0.072351 H =        +1.969 eV
  103.   103 a                     +0.064430 H =        +1.753 eV
  102.   102 a                     +0.063908 H =        +1.739 eV
  101.   101 a                     +0.061457 H =        +1.672 eV
  100.   100 a                     +0.059138 H =        +1.609 eV
   99.    99 a                     +0.052926 H =        +1.440 eV
   98.    98 a                     +0.052084 H =        +1.417 eV
   97.    97 a                     +0.050708 H =        +1.380 eV
   96.    96 a                     +0.041897 H =        +1.140 eV
   95.    95 a                     +0.038385 H =        +1.045 eV
   94.    94 a                     +0.034451 H =        +0.937 eV
   93.    93 a                     +0.030402 H =        +0.827 eV
   92.    92 a                     +0.020568 H =        +0.560 eV
   91.    91 a                     -0.052042 H =        -1.416 eV
   90.    90 a        2.000        -0.255276 H =        -6.946 eV
   89.    89 a        2.000        -0.322428 H =        -8.774 eV
   88.    88 a        2.000        -0.359273 H =        -9.776 eV
   87.    87 a        2.000        -0.401359 H =       -10.922 eV
   86.    86 a        2.000        -0.406211 H =       -11.054 eV
   85.    85 a        2.000        -0.433385 H =       -11.793 eV
   84.    84 a        2.000        -0.443192 H =       -12.060 eV
   83.    83 a        2.000        -0.447006 H =       -12.164 eV
   82.    82 a        2.000        -0.450534 H =       -12.260 eV
   81.    81 a        2.000        -0.454497 H =       -12.367 eV
   80.    80 a        2.000        -0.460774 H =       -12.538 eV
   79.    79 a        2.000        -0.462152 H =       -12.576 eV
   78.    78 a        2.000        -0.467474 H =       -12.721 eV
   77.    77 a        2.000        -0.474728 H =       -12.918 eV
   76.    76 a        2.000        -0.482695 H =       -13.135 eV
   75.    75 a        2.000        -0.484470 H =       -13.183 eV


    ------------------------------------------------------------------------
         total  cpu-time :   0.28 seconds
         total wall-time :   0.30 seconds
    ------------------------------------------------------------------------

   ****  eiger : all done  ****


    2025-03-23 10:15:24.863 

