
 eiger (nano03.int-nano.int.kit.edu) : TURBOMOLE rev. V7-6 19 Oct 2021 at 10:10:11 compiled Oct 19th 2021
 Copyright (C) 2021 TURBOMOLE GmbH, Karlsruhe


    2025-03-19 08:19:11.248 

 tcf1-m062x                                                                     
  
Total energy =  -1066.8471527200 H =    -29030.3896970 eV
 
 HOMO-LUMO Separation
   HOMO:    87.    87 a     -0.25729269 H =     -7.00129 eV
   LUMO:    88.    88 a     -0.09334215 H =     -2.53997 eV
   Gap :                    +0.16395054 H =     +4.46132 eV
 
Number of MOs=    737, Electrons=    174.00, Symmetry: c1   
 
   Nr.   Orbital    Occupation       Energy
  104.   104 a                     +0.029052 H =        +0.791 eV
  103.   103 a                     +0.028778 H =        +0.783 eV
  102.   102 a                     +0.020113 H =        +0.547 eV
  101.   101 a                     +0.018836 H =        +0.513 eV
  100.   100 a                     +0.013742 H =        +0.374 eV
   99.    99 a                     +0.012788 H =        +0.348 eV
   98.    98 a                     +0.012062 H =        +0.328 eV
   97.    97 a                     +0.005947 H =        +0.162 eV
   96.    96 a                     +0.002378 H =        +0.065 eV
   95.    95 a                     -0.001405 H =        -0.038 eV
   94.    94 a                     -0.001838 H =        -0.050 eV
   93.    93 a                     -0.005739 H =        -0.156 eV
   92.    92 a                     -0.009087 H =        -0.247 eV
   91.    91 a                     -0.015635 H =        -0.425 eV
   90.    90 a                     -0.018141 H =        -0.494 eV
   89.    89 a                     -0.026565 H =        -0.723 eV
   88.    88 a                     -0.093342 H =        -2.540 eV
   87.    87 a        2.000        -0.257293 H =        -7.001 eV
   86.    86 a        2.000        -0.294222 H =        -8.006 eV
   85.    85 a        2.000        -0.337860 H =        -9.194 eV
   84.    84 a        2.000        -0.339019 H =        -9.225 eV
   83.    83 a        2.000        -0.382142 H =       -10.399 eV
   82.    82 a        2.000        -0.386064 H =       -10.505 eV
   81.    81 a        2.000        -0.397168 H =       -10.807 eV
   80.    80 a        2.000        -0.401402 H =       -10.923 eV
   79.    79 a        2.000        -0.415512 H =       -11.307 eV
   78.    78 a        2.000        -0.417545 H =       -11.362 eV
   77.    77 a        2.000        -0.419380 H =       -11.412 eV
   76.    76 a        2.000        -0.431249 H =       -11.735 eV
   75.    75 a        2.000        -0.434339 H =       -11.819 eV
   74.    74 a        2.000        -0.434900 H =       -11.834 eV
   73.    73 a        2.000        -0.441700 H =       -12.019 eV
   72.    72 a        2.000        -0.451744 H =       -12.293 eV


    ------------------------------------------------------------------------
         total  cpu-time :   0.27 seconds
         total wall-time :   0.28 seconds
    ------------------------------------------------------------------------

   ****  eiger : all done  ****


    2025-03-19 08:19:11.517 

