
 ridft (nano14.int-nano.int.kit.edu) : TURBOMOLE rev. V7-6 19 Oct 2021 at 10:10:11 compiled Oct 19th 2021
 Copyright (C) 2021 TURBOMOLE GmbH, Karlsruhe


    2025-04-09 19:33:14.529 



                                  r i d f t

                        DFT program with RI approximation 
                                for coulomb part 




                                                 
                                 References:     
                                                 
          TURBOMOLE:                             
              R. Ahlrichs, M. Baer, M. Haeser, H. Horn, and
              C. Koelmel
              Electronic structure calculations on workstation
              computers: the program system TURBOMOLE
              Chem. Phys. Lett. 162: 165 (1989)
          Density Functional:                              
              O. Treutler and R. Ahlrichs                      
              Efficient Molecular Numerical Integration Schemes
              J. Chem. Phys. 102: 346 (1995)                   
          Parallel Version:                                
              Performance of parallel TURBOMOLE for Density    
              Functional Calculations                          
              M. v. Arnim and R. Ahlrichs                      
              J. Comp. Chem. 19: 1746 (1998)                   
          RI-J Method:                                     
              Auxiliary Basis Sets to approximate Coulomb      
              Potentials                                       
              Chem. Phys. Lett. 240: 283 (1995)                
              K. Eichkorn, O. Treutler, H. Oehm, M. Haeser     
              and R. Ahlrichs                                  
              Chem. Phys. Lett. 242: 652 (1995)                
                                                           
              Auxiliary Basis Sets for Main Row Atoms and their
              Use to approximate Coulomb Potentials            
              K. Eichkorn, F. Weigend, O. Treutler and         
              R. Ahlrichs                                      
              Theo. Chem. Acc. 97: 119 (1997)                   
                                                           
              Accurate Coulomb-fitting basis sets for H to Rn 
              F. Weigend                                        
              Phys. Chem. Chem. Phys. 8: 1057 (2006)            
                                                           
          Multipole accelerated RI-J (MARI-J):             
              Fast evaluation of the Coulomb potential for     
              electron densities using multipole accelerated   
              resolution of identity approximation             
              M. Sierka, A. Hogekamp and R. Ahlrichs           
              J. Chem. Phys. 118: 9136 (2003)                  
          RI-JK Method:                                     
              A fully direct RI-HF algorithm: Implementation,
              optimised auxiliary basis sets, demonstration of
              accuracy and efficiency                         
              F. Weigend                                      
              Phys. Chem. Chem. Phys. 4: 4285 (2002)           
          Two-component HF and DFT with spin-orbit coupling:  
              Self-consistent treatment of spin-orbit         
              interactions with efficient Hartree-Fock and    
              density functional methods                      
              M. K. Armbruster, F. Weigend, C. van Wüllen and 
              W. Klopper                                      
              Phys. Chem. Chem. Phys. 10: 1748 (2008)         
          Two-component difference density and DIIS algorithm 
              Efficient two-component self-consistent field   
              procedures and gradients: implementation in     
              TURBOMOLE and application to Au20-              
              A. Baldes, F. Weigend                           
              Mol. Phys. 111: 2617 (2013)                     
          Relativistic all-electron 2c calculations           
              An efficient implementation of two-component    
              relativistic exact-decoupling methods for large 
              molecules                                       
              D. Peng, N. Middendorf, F. Weigend, M. Reiher   
              J. Chem. Phys. 138: 184105 (2013)               
          Finite nucleus model and SNSO approximation         
              Efficient implementation of one- and two-       
              component analytical energy gradients in exact  
              two-component theory                            
              Y. J. Franzke, N. Middendorf, F. Weigend        
              J. Chem. Phys. 148: 104110 (2018)               
          Grids for all-electron relativistic methods         
              Error-consistent segmented contracted all-      
              electron relativistic basis sets of double-     
              and triple-zeta quality for NMR shielding       
              constants                                       
              Y. J. Franzke, R. Tress, T. M. Pazdera,         
              F. Weigend                                      
              Phys. Chem. Chem. Phys. 21: 166658 (2019)       
          Seminumerical exchange algorithms                   
              Seminumerical calculation of the Hartree-Fock   
              exchange matirx: Application to two-component   
              procedures and efficient evaluation of local    
              hybrid functionsl                               
               P. Plessow, F. Weigend,                        
              J. Comput. Chem. 33: 810 (2012)                 
          Improved seminumerical algorithms                   
              C. Holzer,                                      
              J. Chem. Phys. 153 (2020), 184115               
                                         




              +--------------------------------------------------+
              |      general information about current run       |
              +--------------------------------------------------+

 
 Libxc version: 5.1.4
 S. Lehtola, C. Steigemann, M.J.T. Oliveira, and M.A.L. Marques, Software X 7, 1 (2018)
 M.A.L. Marques, M.J.T. Oliveira, and T. Burnus, Comput. Phys. Commun. 183, 2272 (2012)
 TURBOMOLE integration by Christof Holzer

 Name of XC-Functional: CAM version of B3LYP
 alpha=    0.19000
 beta =    0.46000
 omega=    0.33000
 [1] T. Yanai, D. P. Tew, and N. C. Handy, Chem. Phys. Lett. 393, 51 (2004)
 A Hybrid-DFT calculation using the RI-J approximation will be carried out.
 Allocatable memory for RI due to $ricore (MB):                  2000

   *************************************************************************
   cam                                                                      
   *************************************************************************




              +--------------------------------------------------+
              | Atomic coordinate, charge and isotop information |
              +--------------------------------------------------+

                    atomic coordinates            atom    charge  isotop
        -13.62433634    5.45160073   -0.36696130    c      6.000     0
        -11.24620095    6.66019304   -0.37253501    c      6.000     0
         -9.00702351    5.31277111   -0.25730430    c      6.000     0
         -9.02183830    2.65248134   -0.12601720    c      6.000     0
         -6.73204809    1.21784482    0.02736516    c      6.000     0
         -6.76465103   -1.35969119    0.15711785    c      6.000     0
         -9.09019779   -2.76265366    0.12851059    c      6.000     0
         -9.14961719   -5.46045966    0.24526275    c      6.000     0
        -11.52589010   -6.67028255    0.23274308    c      6.000     0
        -13.77370558   -5.32365652    0.14245597    c      6.000     0
        -13.77384096   -2.66736053    0.01971672    c      6.000     0
        -16.06223732   -1.23124709   -0.12427989    c      6.000     0
        -16.03768729    1.34583437   -0.25829484    c      6.000     0
        -13.71107629    2.75194251   -0.24108988    c      6.000     0
        -11.38742725    1.34749164   -0.12051654    c      6.000     0
        -11.41130492   -1.36203004    0.00643270    c      6.000     0
        -15.94377141    6.94719672   -0.45716196    c      6.000     0
         -6.81307123   -6.94607895    0.34588646    c      6.000     0
        -16.14740643    9.42045237   -1.10368631    c      6.000     0
         -6.60140246   -9.27520782    1.35106864    c      6.000     0
        -18.50139957   10.73134211   -1.07901413    c      6.000     0
         -4.39268258  -10.56672245    1.29116401    o      8.000     0
        -20.40535268   11.83101178   -1.07643583    n      7.000     0
        -11.16261305    8.72131829   -0.41550501    h      1.000     0
         -7.19864751    6.31155893   -0.24144941    h      1.000     0
         -4.93384539    2.23554930    0.04961788    h      1.000     0
         -4.97703368   -2.37348381    0.30213098    h      1.000     0
        -11.60105522   -8.73303682    0.22815390    h      1.000     0
        -15.57779949   -6.33165158    0.12069099    h      1.000     0
        -17.86198374   -2.24728314   -0.13547809    h      1.000     0
        -17.83552829    2.34101870   -0.39599880    h      1.000     0
        -17.69897586    5.99163776    0.05714201    h      1.000     0
         -5.08181603   -6.13837290   -0.43884810    h      1.000     0
        -14.51051959   10.53152364   -1.70388431    h      1.000     0
         -8.19402903  -10.22409159    2.27808804    h      1.000     0
         -4.55986054  -12.12585517    2.22055150    h      1.000     0
 
       center of nuclear mass  :  -11.70524115    0.38599439   -0.04978318
       center of nuclear charge:  -11.66967169    0.33068202   -0.04144374

              +--------------------------------------------------+
              |               basis set information              |
              +--------------------------------------------------+

              we will work with the 1s 3p 5d 7f 9g ... basis set
              ...i.e. with spherical basis functions...

   type   atoms  prim   cont   basis
   ---------------------------------------------------------------------------
    c       21     43     23   aug-cc-pVDZ   [4s3p2d|18s5p2d]
    o        1     43     23   aug-cc-pVDZ   [4s3p2d|18s5p2d]
    n        1     43     23   aug-cc-pVDZ   [4s3p2d|18s5p2d]
    h       13     11      9   aug-cc-pVDZ   [3s2p|5s2p]
   ---------------------------------------------------------------------------
   total:   36   1132    646
   ---------------------------------------------------------------------------

   total number of primitive shells          :   82
   total number of contracted shells         :  272
   total number of cartesian basis functions :  692
   total number of SCF-basis functions       :  646


 integral neglect threshold       :  0.48E-11
 integral storage threshold THIZE :  0.10E-04
 integral storage threshold THIME :         5

 RI-J AUXILIARY BASIS SET information:

              we will work with the 1s 3p 5d 7f 9g ... basis set
              ...i.e. with spherical basis functions...

   type   atoms  prim   cont   basis
   ---------------------------------------------------------------------------
    c       21     70     49   aug-cc-pVDZ   [6s4p3d1f1g|12s5p4d2f1g]
    o        1     70     49   aug-cc-pVDZ   [6s4p3d1f1g|12s5p4d2f1g]
    n        1     70     49   aug-cc-pVDZ   [6s4p3d1f1g|12s5p4d2f1g]
    h       13     16     11   aug-cc-pVDZ   [3s1p1d|5s2p1d]
   ---------------------------------------------------------------------------
   total:   36   1818   1270
   ---------------------------------------------------------------------------

   total number of primitive shells          :   80
   total number of contracted shells         :  410
   total number of cartesian basis functions : 1559
   total number of SCF-basis functions       : 1270


 symmetry group of the molecule :   c1 

 the group has the following generators :
   c1(z)

    1 symmetry operations found

 there are 1 real representations :   a   

 maximum number of shells which are related by symmetry :  1

  
           ------------------
           density functional
           ------------------
 Name of XC-Functional: CAM version of B3LYP
 alpha=    0.19000
 beta =    0.46000
 omega=    0.33000
 [1] T. Yanai, D. P. Tew, and N. C. Handy, Chem. Phys. Lett. 393, 51 (2004)

 iterations will be done with small grid
  
 spherical integration : Lebedev's spherical grid
 spherical gridsize    :                     3
    i.e. gridpoints    :                   302
 value for diffuse not defined
 radial integration    : Chebyshev 2nd kind (scaling 3)
 radial gridsize       :                     3
 integration cells     :                    36
 partition function    : becke
 partition sharpness   :                     3
  

 biggest AO integral is expected to be     4.738267915

          ------------------------
          nuclear repulsion energy  :   1623.15991793    
          ------------------------


         -----------------
         -S,T+V- integrals
         -----------------

 1e-integrals will be neglected if expon. factor < 0.482942E-12
 
   Difference densities algorithm switched on.
   The maximal number of linear combinations of
   difference densities is                    20 .

 DIIS switched on: error vector is FDS-SDF
 Max. Iterations for DIIS is     :   4
 DIIS matrix (see manual) 
    Scaling factor of diagonals  :  1.200
    threshold for scaling factor :  0.000

 scf convergence criterion : increment of total energy < .1000000D-06
                  and increment of one-electron energy < .1000000D-03

 MOs are in ASCII format !


    mo occupation :
   irrep   mo's   occupied
    a      646       77
 
 number of basis functions   :   646
 number of occupied orbitals :    77
 

 reading orbital data $scfmo  from file mos
 orbital characterization : expanded
 virtual MOs provided and orthogonalized by Cholesky decomposition

 automatic virtual orbital shift switched on 
      shift if e(lumo)-e(homo) < 0.10000000    

  
           ------------------------
               RI-J - INFORMATION
           ------------------------
 Contributions to RI integral batches: 
  neglected integral batches:                  6097
  direct contribution:                         3628
  memory contribution:                 27403
 Memory core needed for (P|Q) and Cholesky     13 MByte
 Memory core minimum needed except of (P|Q)     2 MByte
 Total minimum memory core needed (sum)        14 MByte
  
 ****************************************
 Memory allocated for RI-J  1846 MByte
 ****************************************
                                            

 DSCF restart information will be dumped onto file mos


 Starting SCF iterations

          Overall gridpoints after grid construction =         50511

 ITERATION  ENERGY          1e-ENERGY        2e-ENERGY     NORM[dD(SAO)]  TOL
   1  -934.52111364939    -4456.4074158     1898.7263842    0.000D+00 0.482D-11
                            Exc = -95.2258288382     Coul =  2029.65713023    
                            exK = -35.7049172139    
                              N = 153.99449832    
                            current damping = 0.300
 
          max. resid. norm for Fia-block=  3.137D-01 for orbital     46a         
          max. resid. fock norm         =  1.558D+00 for orbital    616a         

 ITERATION  ENERGY          1e-ENERGY        2e-ENERGY     NORM[dD(SAO)]  TOL
   2  -937.28800796915    -4488.8077304     1928.3598045    0.275D+03 0.110D-11
                            Exc = -96.9505522641      Eck =  2025.31035674    
                              N = 153.99652505    
                            current damping = 0.250
 
          Norm of current diis error:  2.4905    
          max. resid. norm for Fia-block=  1.455D-01 for orbital     77a         
          max. resid. fock norm         =  2.992D-01 for orbital    629a         

 ITERATION  ENERGY          1e-ENERGY        2e-ENERGY     NORM[dD(SAO)]  TOL
   3  -937.45496642341    -4488.9149682     1928.3000838    0.753D+02 0.107D-11
                            Exc = -97.3986301567      Eck =  2025.69871397    
                              N = 153.99666653    
                            current damping = 0.200
 
          Norm of current diis error:  1.5940    
          max. resid. norm for Fia-block=  1.105D-01 for orbital     71a         
          max. resid. fock norm         =  1.166D-01 for orbital     71a         

 ITERATION  ENERGY          1e-ENERGY        2e-ENERGY     NORM[dD(SAO)]  TOL
   4  -937.59097630713    -4489.8032662     1929.0523719    0.134D+02 0.107D-11
                            Exc = -97.2530362947      Eck =  2026.30540824    
                              N = 153.99666615    
                            current damping = 0.250
 
          Norm of current diis error: 0.66505    
          max. resid. norm for Fia-block=  3.807D-02 for orbital     70a         
          max. resid. fock norm         =  4.488D-02 for orbital    581a         

 ITERATION  ENERGY          1e-ENERGY        2e-ENERGY     NORM[dD(SAO)]  TOL
   5  -937.61601999498    -4491.2396529     1930.4637150    0.622D+01 0.105D-11
                            Exc = -97.3534873589      Eck =  2027.81720235    
                              N = 153.99667424    
                            current damping = 0.150
 
          Norm of current diis error: 0.16137    
          max. resid. norm for Fia-block=  1.173D-02 for orbital     24a         
          max. resid. fock norm         =  1.514D-02 for orbital     57a         
          mo-orthogonalization: Cholesky decomposition

 ITERATION  ENERGY          1e-ENERGY        2e-ENERGY     NORM[dD(SAO)]  TOL
   6  -937.61721444568    -4491.1143907     1930.3372584    0.229D+01 0.106D-11
                            Exc = -97.3786520341      Eck =  2027.71591039    
                              N = 153.99668985    
                            current damping = 0.200
 
          Norm of current diis error: 0.86008E-01
          max. resid. norm for Fia-block=  4.262D-03 for orbital     24a         
          max. resid. fock norm         =  6.728D-03 for orbital     56a         

 ITERATION  ENERGY          1e-ENERGY        2e-ENERGY     NORM[dD(SAO)]  TOL
   7  -937.61765183664    -4491.0551992     1930.2776294    0.777D+00 0.106D-11
                            Exc = -97.3639363851      Eck =  2027.64156582    
                              N = 153.99668154    
                            current damping = 0.100
 
          Norm of current diis error: 0.17716E-01
          max. resid. norm for Fia-block=  8.475D-04 for orbital     75a         
          max. resid. fock norm         =  9.436D-04 for orbital     42a         

 ITERATION  ENERGY          1e-ENERGY        2e-ENERGY     NORM[dD(SAO)]  TOL
   8  -937.61767168139    -4491.1165138     1930.3389241    0.238D+00 0.106D-11
                            Exc = -97.3669470550      Eck =  2027.70587120    
                              N = 153.99668202    
                            current damping = 0.150
 
          Norm of current diis error: 0.13636E-01
          max. resid. norm for Fia-block=  6.884D-04 for orbital     26a         
          max. resid. fock norm         =  1.098D-03 for orbital     65a         

 ITERATION  ENERGY          1e-ENERGY        2e-ENERGY     NORM[dD(SAO)]  TOL
   9  -937.61768064770    -4491.1095110     1930.3319124    0.102D+00 0.105D-11
                            Exc = -97.3676847486      Eck =  2027.69959716    
                              N = 153.99668090    
                            current damping = 0.200
 
          Norm of current diis error: 0.74383E-02
          max. resid. norm for Fia-block=  4.638D-04 for orbital     69a         
          max. resid. fock norm         =  5.268D-04 for orbital     26a         

 ITERATION  ENERGY          1e-ENERGY        2e-ENERGY     NORM[dD(SAO)]  TOL
  10  -937.61768409464    -4491.1012442     1930.3236422    0.309D-01 0.105D-11
                            Exc = -97.3665424651      Eck =  2027.69018463    
                              N = 153.99668083    
                            current damping = 0.100
 
          Norm of current diis error: 0.32166E-02
          max. resid. norm for Fia-block=  1.690D-04 for orbital     65a         
          max. resid. fock norm         =  2.548D-04 for orbital     65a         
          mo-orthogonalization: Cholesky decomposition

 ITERATION  ENERGY          1e-ENERGY        2e-ENERGY     NORM[dD(SAO)]  TOL
  11  -937.61768514274    -4491.0979742     1930.3203711    0.272D-01 0.105D-11
                            Exc = -97.3666053025      Eck =  2027.68697645    
                              N = 153.99668048    
                            current damping = 0.100
 
          Norm of current diis error: 0.15792E-02
          max. resid. norm for Fia-block=  6.573D-05 for orbital     24a         
          max. resid. fock norm         =  1.548D-04 for orbital    642a         

 ITERATION  ENERGY          1e-ENERGY        2e-ENERGY     NORM[dD(SAO)]  TOL
  12  -937.61768532898    -4491.1037516     1930.3261484    0.277D-01 0.105D-11
                            Exc = -97.3669080079      Eck =  2027.69305639    
                              N = 153.99668045    
                            current damping = 0.150
 
          Norm of current diis error: 0.87601E-03
          max. resid. norm for Fia-block=  3.774D-05 for orbital     24a         
          max. resid. fock norm         =  1.476D-04 for orbital    642a         

 ITERATION  ENERGY          1e-ENERGY        2e-ENERGY     NORM[dD(SAO)]  TOL
  13  -937.61768539756    -4491.1019977     1930.3243943    0.198D-01 0.105D-11
                            Exc = -97.3667603767      Eck =  2027.69115472    
                              N = 153.99668036    
                            current damping = 0.200
 
          Norm of current diis error: 0.43166E-03
          max. resid. norm for Fia-block=  2.345D-05 for orbital     75a         
          max. resid. fock norm         =  2.266D-04 for orbital    642a         

 ITERATION  ENERGY          1e-ENERGY        2e-ENERGY     NORM[dD(SAO)]  TOL
  14  -937.61768548899    -4491.1012664     1930.3236630    0.883D+02 0.137D-11
                            Exc = -97.3667456682      Eck =  2027.69040868    
                              N = 153.99668034    
                            current damping = 0.100
 
          Norm of current diis error: 0.30770E-03
          max. resid. norm for Fia-block=  1.732D-05 for orbital     69a         
          max. resid. fock norm         =  1.182D-03 for orbital    642a         

 ITERATION  ENERGY          1e-ENERGY        2e-ENERGY     NORM[dD(SAO)]  TOL
  15  -937.61768548008    -4491.1018045     1930.3242011    0.181D+00 0.180D-11
                            Exc = -97.3667884050      Eck =  2027.69098948    
                              N = 153.99668031    
                            current damping = 0.150
 
          Norm of current diis error: 0.20970E-03
          max. resid. norm for Fia-block=  8.737D-06 for orbital     69a         
          max. resid. fock norm         =  6.844D-04 for orbital    642a         
          mo-orthogonalization: Cholesky decomposition

 ENERGY CONVERGED !

          Overall gridpoints after grid construction =        183029

 ITERATION  ENERGY          1e-ENERGY        2e-ENERGY     NORM[dD(SAO)]  TOL
  16  -937.61634852878    -4491.1020033     1930.3257368    0.337D-01 0.137D-11
                            Exc = -97.3654422203      Eck =  2027.69117903    
                              N = 153.99990115    
                            current damping = 0.100
 
          Norm of current diis error: 0.92112E-04
          max. resid. norm for Fia-block=  5.845D-06 for orbital     27a         
          max. resid. fock norm         =  1.173D-03 for orbital    642a         

 End of SCF iterations

   convergence criteria satisfied after    16 iterations


   *************************************************************************
   cam                                                                      
   *************************************************************************


                  ------------------------------------------ 
                 |  total energy      =   -937.61634852878  |
                  ------------------------------------------ 
                 :  kinetic energy    =    932.01066871566  :
                 :  potential energy  =  -1869.62701724444  :
                 :  virial theorem    =      1.99402135018  :
                 :  wavefunction norm =      1.00000000000  :
                  .......................................... 


 <geterg> : there is no data group $energy 


 <skperg> : $end is missing 


 orbitals $scfmo  will be written to file mos

    irrep                 73a         74a         75a         76a         77a   
 eigenvalues H         -0.34329    -0.32766    -0.30132    -0.29366    -0.24531
            eV          -9.3414     -8.9163     -8.1993     -7.9911     -6.6753
 occupation              2.0000      2.0000      2.0000      2.0000      2.0000

    irrep                 78a         79a         80a         81a         82a   
 eigenvalues H         -0.06139    -0.01841    -0.00821    -0.00353     0.01041
            eV          -1.6705     -0.5010     -0.2234     -0.0959      0.2832
 
 
 
 
 ==============================================================================
                           electrostatic moments
 ==============================================================================

 reference point for electrostatic moments:    0.00000   0.00000   0.00000

 
              nuc           elec       ->  total
 ------------------------------------------------------------------------------
                          charge      
 ------------------------------------------------------------------------------
         154.000000    -154.000000      -0.000000
 
 ------------------------------------------------------------------------------
                       dipole moment  
 ------------------------------------------------------------------------------
   x   -1797.129441    1798.875980       1.746539
   y      50.925031     -53.550174      -2.625143
   z      -6.382336       6.926913       0.544577
 
   | dipole moment | =     3.1997 a.u. =     8.1329 debye 
 
 ------------------------------------------------------------------------------
                     quadrupole moment
 ------------------------------------------------------------------------------
  xx   23874.467102  -24026.500097    -152.032995
  yy    6349.057355   -6447.100922     -98.043567
  zz      66.576432    -169.447024    -102.870593
  xy   -3451.762143    3505.289387      53.527244
  xz     400.774127    -406.874846      -6.100719
  yz    -581.773144     576.071886      -5.701258
 
     1/3  trace=    -117.649051
     anisotropy=     107.155108
 
 ==============================================================================
 
HOMO-LUMO Separation
 HOMO         :   -0.24531073 H =     -6.67525 eV
 LUMO         :   -0.06138994 H =     -1.67051 eV
 HOMO-LUMO gap:    0.18392079 H =     +5.00474 eV
 
 ==============================================================================


    ------------------------------------------------------------------------
         total  cpu-time :  1 hours 51 minutes and 59 seconds
         total wall-time :  1 hours 55 minutes and 35 seconds
    ------------------------------------------------------------------------

   ****  ridft : all done  ****


    2025-04-09 21:28:49.546 

 ridft ended normally
