
 ridft (nano09.int-nano.int.kit.edu) : TURBOMOLE rev. V7-6 19 Oct 2021 at 10:10:11 compiled Oct 19th 2021
 Copyright (C) 2021 TURBOMOLE GmbH, Karlsruhe


    2025-06-25 08:18:52.633 



                                  r i d f t

                        DFT program with RI approximation 
                                for coulomb part 




                                                 
                                 References:     
                                                 
          TURBOMOLE:                             
              R. Ahlrichs, M. Baer, M. Haeser, H. Horn, and
              C. Koelmel
              Electronic structure calculations on workstation
              computers: the program system TURBOMOLE
              Chem. Phys. Lett. 162: 165 (1989)
          Density Functional:                              
              O. Treutler and R. Ahlrichs                      
              Efficient Molecular Numerical Integration Schemes
              J. Chem. Phys. 102: 346 (1995)                   
          Parallel Version:                                
              Performance of parallel TURBOMOLE for Density    
              Functional Calculations                          
              M. v. Arnim and R. Ahlrichs                      
              J. Comp. Chem. 19: 1746 (1998)                   
          RI-J Method:                                     
              Auxiliary Basis Sets to approximate Coulomb      
              Potentials                                       
              Chem. Phys. Lett. 240: 283 (1995)                
              K. Eichkorn, O. Treutler, H. Oehm, M. Haeser     
              and R. Ahlrichs                                  
              Chem. Phys. Lett. 242: 652 (1995)                
                                                           
              Auxiliary Basis Sets for Main Row Atoms and their
              Use to approximate Coulomb Potentials            
              K. Eichkorn, F. Weigend, O. Treutler and         
              R. Ahlrichs                                      
              Theo. Chem. Acc. 97: 119 (1997)                   
                                                           
              Accurate Coulomb-fitting basis sets for H to Rn 
              F. Weigend                                        
              Phys. Chem. Chem. Phys. 8: 1057 (2006)            
                                                           
          Multipole accelerated RI-J (MARI-J):             
              Fast evaluation of the Coulomb potential for     
              electron densities using multipole accelerated   
              resolution of identity approximation             
              M. Sierka, A. Hogekamp and R. Ahlrichs           
              J. Chem. Phys. 118: 9136 (2003)                  
          RI-JK Method:                                     
              A fully direct RI-HF algorithm: Implementation,
              optimised auxiliary basis sets, demonstration of
              accuracy and efficiency                         
              F. Weigend                                      
              Phys. Chem. Chem. Phys. 4: 4285 (2002)           
          Two-component HF and DFT with spin-orbit coupling:  
              Self-consistent treatment of spin-orbit         
              interactions with efficient Hartree-Fock and    
              density functional methods                      
              M. K. Armbruster, F. Weigend, C. van Wüllen and 
              W. Klopper                                      
              Phys. Chem. Chem. Phys. 10: 1748 (2008)         
          Two-component difference density and DIIS algorithm 
              Efficient two-component self-consistent field   
              procedures and gradients: implementation in     
              TURBOMOLE and application to Au20-              
              A. Baldes, F. Weigend                           
              Mol. Phys. 111: 2617 (2013)                     
          Relativistic all-electron 2c calculations           
              An efficient implementation of two-component    
              relativistic exact-decoupling methods for large 
              molecules                                       
              D. Peng, N. Middendorf, F. Weigend, M. Reiher   
              J. Chem. Phys. 138: 184105 (2013)               
          Finite nucleus model and SNSO approximation         
              Efficient implementation of one- and two-       
              component analytical energy gradients in exact  
              two-component theory                            
              Y. J. Franzke, N. Middendorf, F. Weigend        
              J. Chem. Phys. 148: 104110 (2018)               
          Grids for all-electron relativistic methods         
              Error-consistent segmented contracted all-      
              electron relativistic basis sets of double-     
              and triple-zeta quality for NMR shielding       
              constants                                       
              Y. J. Franzke, R. Tress, T. M. Pazdera,         
              F. Weigend                                      
              Phys. Chem. Chem. Phys. 21: 166658 (2019)       
          Seminumerical exchange algorithms                   
              Seminumerical calculation of the Hartree-Fock   
              exchange matirx: Application to two-component   
              procedures and efficient evaluation of local    
              hybrid functionsl                               
               P. Plessow, F. Weigend,                        
              J. Comput. Chem. 33: 810 (2012)                 
          Improved seminumerical algorithms                   
              C. Holzer,                                      
              J. Chem. Phys. 153 (2020), 184115               
                                         




              +--------------------------------------------------+
              |      general information about current run       |
              +--------------------------------------------------+

 

 DENSITY CONVERGENCE CHECK SWITCHED ON !
 SCF CONVERGENCE IF RMS(delta[D]) <     0.1000000000E-06

 A HF calculation using the RI-J approximation will be carried out.
 Allocatable memory for RI due to $ricore (MB):                  2000

   *************************************************************************
   mp2                                                                      
   *************************************************************************




              +--------------------------------------------------+
              | Atomic coordinate, charge and isotop information |
              +--------------------------------------------------+

                    atomic coordinates            atom    charge  isotop
          0.34611902    0.75399373    4.54864543    c      6.000     0
         -1.51109039   -3.03520327    3.09647556    c      6.000     0
         -1.90113081   -3.82930908    5.51402090    c      6.000     0
          0.00288240    0.05792011    7.00545323    c      6.000     0
         -1.16313947   -2.32324139    7.66936466    c      6.000     0
         -1.58112213   -3.18161358   10.13051524    c      6.000     0
         -0.95363687   -1.89740295   12.37852078    c      6.000     0
          0.75937624    1.65297840   21.95867161    c      6.000     0
         -0.47133832   -0.94240699   21.70472795    c      6.000     0
         -0.89203463   -1.84819864   24.14317725    c      6.000     0
         -0.00497829    0.01108494   25.93558664    c      6.000     0
          0.01443845    0.03010031   28.55438252    c      6.000     0
          0.00697063    0.01293461   -0.05728535    c      6.000     0
         -0.39017175   -0.74770756    2.56139621    n      7.000     0
          3.47454116    1.75381324   20.95426706    c      6.000     0
         -0.88748399    3.81885852   20.96500940    c      6.000     0
          0.93271779    2.00183186   24.68510667    o      8.000     0
         -2.01614861   -4.22888298   24.67378249    c      6.000     0
         -0.94527918   -2.00833724   30.03750175    c      6.000     0
          1.03303296    2.16610500   29.85823572    c      6.000     0
         -2.94786731   -6.20326222   24.92198951    n      7.000     0
         -1.70561275   -3.62456236   31.31798584    n      7.000     0
          1.85735304    3.89304406   30.93905796    n      7.000     0
         -1.37858393   -2.78725816   14.80166632    c      6.000     0
         -0.71067138   -1.41557608   16.99609189    c      6.000     0
         -1.09716006   -2.23748505   19.44625862    c      6.000     0
          1.22730682    2.54783912    4.03775400    h      1.000     0
         -2.06619952   -4.16809635    1.46373329    h      1.000     0
         -2.80027781   -5.66182545    5.81707420    h      1.000     0
          0.64147509    1.36202029    8.46696344    h      1.000     0
         -2.48382106   -5.03367822   10.32544314    h      1.000     0
         -0.05269086   -0.03649817   12.22341489    h      1.000     0
          0.87501179    1.89556670   -0.10441096    h      1.000     0
          1.27266157   -1.32161209   -1.03562585    h      1.000     0
         -1.80184611    0.09470419   -1.08582095    h      1.000     0
          3.51743775    1.59398720   18.88367015    h      1.000     0
          4.34610949    3.56073573   21.50206824    h      1.000     0
          4.60600145    0.20535843   21.75613304    h      1.000     0
         -1.04370424    3.75508480   18.89501172    h      1.000     0
         -2.79973980    3.70861870   21.77160933    h      1.000     0
         -0.04190335    5.63656113   21.51648307    h      1.000     0
         -2.27352856   -4.64006338   15.04541189    h      1.000     0
          0.17553893    0.42743829   16.67659022    h      1.000     0
         -1.98353950   -4.09058904   19.70428806    h      1.000     0
 
       center of nuclear mass  :   -0.43523215   -0.86354163   17.74857941
       center of nuclear charge:   -0.41548156   -0.82105538   17.46341149

              +--------------------------------------------------+
              |               basis set information              |
              +--------------------------------------------------+

              we will work with the 1s 3p 5d 7f 9g ... basis set
              ...i.e. with spherical basis functions...

   type   atoms  prim   cont   basis
   ---------------------------------------------------------------------------
    c       21     43     23   aug-cc-pVDZ   [4s3p2d|18s5p2d]
    n        4     43     23   aug-cc-pVDZ   [4s3p2d|18s5p2d]
    o        1     43     23   aug-cc-pVDZ   [4s3p2d|18s5p2d]
    h       18     11      9   aug-cc-pVDZ   [3s2p|5s2p]
   ---------------------------------------------------------------------------
   total:   44   1316    760
   ---------------------------------------------------------------------------

   total number of primitive shells          :   82
   total number of contracted shells         :  324
   total number of cartesian basis functions :  812
   total number of SCF-basis functions       :  760


 integral neglect threshold       :  0.41E-11
 integral storage threshold THIZE :  0.10E-04
 integral storage threshold THIME :         5

 RI-J AUXILIARY BASIS SET information:

              we will work with the 1s 3p 5d 7f 9g ... basis set
              ...i.e. with spherical basis functions...

   type   atoms  prim   cont   basis
   ---------------------------------------------------------------------------
    c       21     70     49   aug-cc-pVDZ   [6s4p3d1f1g|12s5p4d2f1g]
    n        4     70     49   aug-cc-pVDZ   [6s4p3d1f1g|12s5p4d2f1g]
    o        1     70     49   aug-cc-pVDZ   [6s4p3d1f1g|12s5p4d2f1g]
    h       18     16     11   aug-cc-pVDZ   [3s1p1d|5s2p1d]
   ---------------------------------------------------------------------------
   total:   44   2108   1472
   ---------------------------------------------------------------------------

   total number of primitive shells          :   80
   total number of contracted shells         :  480
   total number of cartesian basis functions : 1802
   total number of SCF-basis functions       : 1472


 symmetry group of the molecule :   c1 

 the group has the following generators :
   c1(z)

    1 symmetry operations found

 there are 1 real representations :   a   

 maximum number of shells which are related by symmetry :  1

 ==============================================================================
                      COSMO switched on
 ==============================================================================
 COSMO stati: segments per atom: H   32 other atoms   92
 COSMO statistics: nps   1654 npspher:    718
 COSMO surface:
   number of segments: 1654
   area (bohr**2):     1431.309459
   volume (bohr**3):   2944.821597
 COSMO: check number of disjunct cavities:

       ... OK contiguous cavity found

 biggest AO integral is expected to be     4.738267915

          ------------------------
          nuclear repulsion energy  :   1911.33931737    
          ------------------------


         -----------------
         -S,T+V- integrals
         -----------------

 1e-integrals will be neglected if expon. factor < 0.411572E-12
 
   Difference densities algorithm switched on.
   The maximal number of linear combinations of
   difference densities is                    20 .

 DIIS switched on: error vector is FDS-SDF
 Max. Iterations for DIIS is     :   5
 DIIS matrix (see manual) 
    Scaling factor of diagonals  :  1.200
    threshold for scaling factor :  0.000

 scf convergence criterion : increment of total energy < .1000000D-06
                  and increment of one-electron energy < .1000000D-03

 MOs are in ASCII format !


    mo occupation :
   irrep   mo's   occupied
    a      760       90
 
 number of basis functions   :   760
 number of occupied orbitals :    90
 

 reading orbital data $scfmo  from file mos
 orbital characterization : expanded
 virtual MOs provided and orthogonalized by Cholesky decomposition

 automatic virtual orbital shift switched on 
      shift if e(lumo)-e(homo) < 0.10000000    

  
           ------------------------
               RI-J - INFORMATION
           ------------------------
 Contributions to RI integral batches: 
  neglected integral batches:                 14654
  direct contribution:                        10339
  memory contribution:                 27657
 Memory core needed for (P|Q) and Cholesky     17 MByte
 Memory core minimum needed except of (P|Q)     2 MByte
 Total minimum memory core needed (sum)        19 MByte
  
 ****************************************
 Memory allocated for RI-J  1787 MByte
 ****************************************
                                            

 DSCF restart information will be dumped onto file mos


 Starting SCF iterations


 ITERATION  ENERGY          1e-ENERGY        2e-ENERGY     RMS[dD(SAO)]   TOL
   1  -1093.6359990887    -5243.1353090     2238.1599925    0.000D+00 0.411D-11
                            exK = -146.533542254     Coul =  2384.69353480    
                          Ediel =-0.208321290025    
                            current damping = 0.300
 
          max. resid. norm for Fia-block=  3.822D-01 for orbital     81a         
          max. resid. fock norm         =  1.462D+00 for orbital    749a         

 ITERATION  ENERGY          1e-ENERGY        2e-ENERGY     RMS[dD(SAO)]   TOL
   2  -1097.8580160404    -5279.0265067     2269.8291733    0.109D+00 0.141D-11
                          Ediel =-0.646840809653E-01
                            current damping = 0.250
 
          Norm of current diis error:  3.1732    
          max. resid. norm for Fia-block=  1.565D-01 for orbital     33a         
          max. resid. fock norm         =  2.669D-01 for orbital    736a         

 ITERATION  ENERGY          1e-ENERGY        2e-ENERGY     RMS[dD(SAO)]   TOL
   3  -1098.2953912007    -5282.9146130     2273.2799044    0.546D-01 0.122D-11
                          Ediel =-0.695990280724E-01
                            current damping = 0.150
 
          Norm of current diis error:  1.3797    
          max. resid. norm for Fia-block=  6.888D-02 for orbital     85a         
          max. resid. fock norm         =  7.517D-02 for orbital     85a         

 ITERATION  ENERGY          1e-ENERGY        2e-ENERGY     RMS[dD(SAO)]   TOL
   4  -1098.4142908701    -5285.2070623     2275.4534541    0.230D-01 0.116D-11
                          Ediel =-0.509283114237E-01
                            current damping = 0.100
 
          Norm of current diis error: 0.44254    
          max. resid. norm for Fia-block=  2.861D-02 for orbital     31a         
          max. resid. fock norm         =  3.704D-02 for orbital     29a         

 ITERATION  ENERGY          1e-ENERGY        2e-ENERGY     RMS[dD(SAO)]   TOL
   5  -1098.4291333599    -5285.6447953     2275.8763446    0.589D-02 0.115D-11
                          Ediel =-0.513618592404E-01
                            current damping = 0.100
 
          Norm of current diis error: 0.13098    
          max. resid. norm for Fia-block=  8.300D-03 for orbital     85a         
          max. resid. fock norm         =  8.542D-03 for orbital     81a         
          mo-orthogonalization: Cholesky decomposition

 ITERATION  ENERGY          1e-ENERGY        2e-ENERGY     RMS[dD(SAO)]   TOL
   6  -1098.4311950440    -5285.6873061     2275.9167937    0.134D-02 0.114D-11
                          Ediel =-0.496629262976E-01
                            current damping = 0.100
 
          Norm of current diis error: 0.57416E-01
          max. resid. norm for Fia-block=  3.522D-03 for orbital     89a         
          max. resid. fock norm         =  3.996D-03 for orbital     91a         

 ITERATION  ENERGY          1e-ENERGY        2e-ENERGY     RMS[dD(SAO)]   TOL
   7  -1098.4317246132    -5285.6995496     2275.9285076    0.679D-03 0.114D-11
                          Ediel =-0.489850230830E-01
                            current damping = 0.100
 
          Norm of current diis error: 0.30119E-01
          max. resid. norm for Fia-block=  2.787D-03 for orbital     90a         
          max. resid. fock norm         =  3.157D-03 for orbital     91a         

 ITERATION  ENERGY          1e-ENERGY        2e-ENERGY     RMS[dD(SAO)]   TOL
   8  -1098.4319285856    -5285.6802379     2275.9089919    0.334D-03 0.114D-11
                          Ediel =-0.484132345115E-01
                            current damping = 0.150
 
          Norm of current diis error: 0.17836E-01
          max. resid. norm for Fia-block=  2.030D-03 for orbital     90a         
          max. resid. fock norm         =  2.285D-03 for orbital     91a         

 ITERATION  ENERGY          1e-ENERGY        2e-ENERGY     RMS[dD(SAO)]   TOL
   9  -1098.4320096550    -5285.6658630     2275.8945359    0.215D-03 0.113D-11
                          Ediel =-0.479769765164E-01
                            current damping = 0.100
 
          Norm of current diis error: 0.11041E-01
          max. resid. norm for Fia-block=  1.850D-03 for orbital     90a         
          max. resid. fock norm         =  1.896D-03 for orbital     91a         

 ITERATION  ENERGY          1e-ENERGY        2e-ENERGY     RMS[dD(SAO)]   TOL
  10  -1098.4320516762    -5285.6493920     2275.8780229    0.145D-03 0.112D-11
                          Ediel =-0.475856680360E-01
                            current damping = 0.100
 
          Norm of current diis error: 0.71673E-02
          max. resid. norm for Fia-block=  1.353D-03 for orbital     90a         
          max. resid. fock norm         =  1.389D-03 for orbital     90a         
          mo-orthogonalization: Cholesky decomposition

 ITERATION  ENERGY          1e-ENERGY        2e-ENERGY     RMS[dD(SAO)]   TOL
  11  -1098.4320698147    -5285.6338878     2275.8625007    0.101D-03 0.111D-11
                          Ediel =-0.473231924334E-01
                            current damping = 0.100
 
          Norm of current diis error: 0.45602E-02
          max. resid. norm for Fia-block=  9.835D-04 for orbital     90a         
          max. resid. fock norm         =  1.013D-03 for orbital     90a         

 ITERATION  ENERGY          1e-ENERGY        2e-ENERGY     RMS[dD(SAO)]   TOL
  12  -1098.4320774890    -5285.6251921     2275.8537973    0.871D-04 0.109D-11
                          Ediel =-0.471034214179E-01
                            current damping = 0.100
 
          Norm of current diis error: 0.27846E-02
          max. resid. norm for Fia-block=  6.237D-04 for orbital     90a         
          max. resid. fock norm         =  6.376D-04 for orbital     90a         

 ITERATION  ENERGY          1e-ENERGY        2e-ENERGY     RMS[dD(SAO)]   TOL
  13  -1098.4320802674    -5285.6178366     2275.8464389    0.676D-04 0.108D-11
                          Ediel =-0.469856861355E-01
                            current damping = 0.100
 
          Norm of current diis error: 0.16441E-02
          max. resid. norm for Fia-block=  3.880D-04 for orbital     90a         
          max. resid. fock norm         =  3.994D-04 for orbital     90a         

 ITERATION  ENERGY          1e-ENERGY        2e-ENERGY     RMS[dD(SAO)]   TOL
  14  -1098.4320812361    -5285.6146169     2275.8432183    0.445D-04 0.106D-11
                          Ediel =-0.468943750751E-01
                            current damping = 0.100
 
          Norm of current diis error: 0.89909E-03
          max. resid. norm for Fia-block=  1.988D-04 for orbital     90a         
          max. resid. fock norm         =  2.469D-04 for orbital    715a         

 ITERATION  ENERGY          1e-ENERGY        2e-ENERGY     RMS[dD(SAO)]   TOL
  15  -1098.4320815003    -5285.6124199     2275.8410210    0.283D-04 0.105D-11
                          Ediel =-0.468538625718E-01
                            current damping = 0.100
 
          Norm of current diis error: 0.47010E-03
          max. resid. norm for Fia-block=  8.748D-05 for orbital     90a         
          max. resid. fock norm         =  1.202D-04 for orbital    715a         
          mo-orthogonalization: Cholesky decomposition

 ITERATION  ENERGY          1e-ENERGY        2e-ENERGY     RMS[dD(SAO)]   TOL
  16  -1098.4320815620    -5285.6120821     2275.8406831    0.230D-04 0.104D-11
                          Ediel =-0.468302816787E-01
                            current damping = 0.100
 
          Norm of current diis error: 0.24015E-03
          max. resid. norm for Fia-block=  2.973D-05 for orbital     85a         
          max. resid. fock norm         =  1.925D-04 for orbital    715a         

 ITERATION  ENERGY          1e-ENERGY        2e-ENERGY     RMS[dD(SAO)]   TOL
  17  -1098.4320815761    -5285.6117680     2275.8403691    0.189D-04 0.103D-11
                          Ediel =-0.468238682455E-01
                            current damping = 0.100
 
          Norm of current diis error: 0.11719E-03
          max. resid. norm for Fia-block=  1.576D-05 for orbital     82a         
          max. resid. fock norm         =  1.460D-04 for orbital    741a         

 ITERATION  ENERGY          1e-ENERGY        2e-ENERGY     RMS[dD(SAO)]   TOL
  18  -1098.4320815760    -5285.6119093     2275.8405104    0.244D-04 0.102D-11
                          Ediel =-0.468211611748E-01
                            current damping = 0.150
 
          Norm of current diis error: 0.62187E-04
          max. resid. norm for Fia-block=  8.393D-06 for orbital     85a         
          max. resid. fock norm         =  1.475D-04 for orbital    715a         

 ITERATION  ENERGY          1e-ENERGY        2e-ENERGY     RMS[dD(SAO)]   TOL
  19  -1098.4320815716    -5285.6119295     2275.8405305    0.338D-04 0.101D-11
                          Ediel =-0.468210943071E-01
                            current damping = 0.100
 
          Norm of current diis error: 0.33375E-04
          max. resid. norm for Fia-block=  5.556D-06 for orbital     85a         
          max. resid. fock norm         =  2.299D-04 for orbital    715a         

 ITERATION  ENERGY          1e-ENERGY        2e-ENERGY     RMS[dD(SAO)]   TOL
  20  -1098.4320816139    -5285.6119949     2275.8405959    0.479D-04 0.117D-11
                          Ediel =-0.468214320273E-01
                            current damping = 0.100
 
          Norm of current diis error: 0.15372E-04
          max. resid. norm for Fia-block=  1.038D-05 for orbital     32a         
          max. resid. fock norm         =  1.148D-03 for orbital    715a         
          mo-orthogonalization: Cholesky decomposition

 ITERATION  ENERGY          1e-ENERGY        2e-ENERGY     RMS[dD(SAO)]   TOL
  21  -1098.4320816231    -5285.6120267     2275.8406277    0.163D-03 0.114D-11
                          Ediel =-0.468218374384E-01
                            current damping = 0.100
 
          Norm of current diis error: 0.87070E-05
          max. resid. norm for Fia-block=  2.697D-06 for orbital     32a         
          max. resid. fock norm         =  3.462D-04 for orbital    715a         

 ITERATION  ENERGY          1e-ENERGY        2e-ENERGY     RMS[dD(SAO)]   TOL
  22  -1098.4320816465    -5285.6120412     2275.8406422    0.775D-04 0.411D-11
                            exK = -149.788526178     Coul =  2425.62916841    
                          Ediel =-0.468219778305E-01
                            current damping = 0.100
 
          Norm of current diis error: 0.54157E-05
          max. resid. norm for Fia-block=  8.491D-06 for orbital     56a         
          max. resid. fock norm         =  1.556D-03 for orbital    715a         

 ITERATION  ENERGY          1e-ENERGY        2e-ENERGY     RMS[dD(SAO)]   TOL
  23  -1098.4320816418    -5285.6120449     2275.8406459    0.200D-03 0.260D-11
                          Ediel =-0.468221529921E-01
                            current damping = 0.100
 
          Norm of current diis error: 0.33449E-05
          max. resid. norm for Fia-block=  2.761D-06 for orbital     56a         
          max. resid. fock norm         =  3.605D-04 for orbital    715a         

 ITERATION  ENERGY          1e-ENERGY        2e-ENERGY     RMS[dD(SAO)]   TOL
  24  -1098.4320816363    -5285.6120503     2275.8406513    0.757D-04 0.204D-11
                          Ediel =-0.468222448020E-01
                            current damping = 0.100
 
          Norm of current diis error: 0.22708E-05
          max. resid. norm for Fia-block=  1.503D-06 for orbital     32a         
          max. resid. fock norm         =  1.446D-04 for orbital    715a         

 ITERATION  ENERGY          1e-ENERGY        2e-ENERGY     RMS[dD(SAO)]   TOL
  25  -1098.4320816290    -5285.6120531     2275.8406541    0.343D-04 0.174D-11
                          Ediel =-0.468223343380E-01
                            current damping = 0.100
 
          Norm of current diis error: 0.15435E-05
          max. resid. norm for Fia-block=  2.438D-06 for orbital     32a         
          max. resid. fock norm         =  1.858D-04 for orbital    757a         
          mo-orthogonalization: Cholesky decomposition

 ITERATION  ENERGY          1e-ENERGY        2e-ENERGY     RMS[dD(SAO)]   TOL
  26  -1098.4320816198    -5285.6120556     2275.8406566    0.482D-04 0.145D-11
                          Ediel =-0.468224084144E-01
                            current damping = 0.100
 
          Norm of current diis error: 0.10442E-05
          max. resid. norm for Fia-block=  3.053D-06 for orbital     32a         
          max. resid. fock norm         =  2.353D-04 for orbital    726a         

 ITERATION  ENERGY          1e-ENERGY        2e-ENERGY     RMS[dD(SAO)]   TOL
  27  -1098.4320816073    -5285.6120573     2275.8406583    0.532D-04 0.124D-11
                          Ediel =-0.468224589410E-01
                            current damping = 0.100
 
          Norm of current diis error: 0.71804E-06
          max. resid. norm for Fia-block=  4.029D-06 for orbital     32a         
          max. resid. fock norm         =  2.869D-04 for orbital    715a         

 ITERATION  ENERGY          1e-ENERGY        2e-ENERGY     RMS[dD(SAO)]   TOL
  28  -1098.4320815991    -5285.6120582     2275.8406592    0.621D-04 0.117D-11
                          Ediel =-0.468224866771E-01
                            current damping = 0.100
 
          Norm of current diis error: 0.53985E-06
          max. resid. norm for Fia-block=  3.227D-06 for orbital     32a         
          max. resid. fock norm         =  2.487D-04 for orbital    715a         

 ITERATION  ENERGY          1e-ENERGY        2e-ENERGY     RMS[dD(SAO)]   TOL
  29  -1098.4320815979    -5285.6120585     2275.8406595    0.470D-04 0.117D-11
                          Ediel =-0.468224998335E-01
                            current damping = 0.100
 
          Norm of current diis error: 0.43276E-06
          max. resid. norm for Fia-block=  2.122D-06 for orbital     32a         
          max. resid. fock norm         =  2.240D-04 for orbital    715a         

 ITERATION  ENERGY          1e-ENERGY        2e-ENERGY     RMS[dD(SAO)]   TOL
  30  -1098.4320815883    -5285.6120584     2275.8406595    0.314D-04 0.120D-11
                          Ediel =-0.468225036928E-01
                            current damping = 0.150
 
          Norm of current diis error: 0.35170E-06
          max. resid. norm for Fia-block=  1.310D-06 for orbital     32a         
          max. resid. fock norm         =  1.549D-04 for orbital    760a         
          mo-orthogonalization: Cholesky decomposition

 ITERATION  ENERGY          1e-ENERGY        2e-ENERGY     RMS[dD(SAO)]   TOL
  31  -1098.4320815829    -5285.6120583     2275.8406594    0.285D-04 0.122D-11
                          Ediel =-0.468225034925E-01
                            current damping = 0.100
 
          Norm of current diis error: 0.31642E-06
          max. resid. norm for Fia-block=  1.100D-06 for orbital     32a         
          max. resid. fock norm         =  1.251D-04 for orbital    715a         

 ENERGY & DENSITY CONVERGED !


 ITERATION  ENERGY          1e-ENERGY        2e-ENERGY     RMS[dD(SAO)]   TOL
  32  -1098.4320815832    -5285.6120582     2275.8406592    0.284D-04 0.122D-11
                          Ediel =-0.468225030317E-01
                            current damping = 0.100
 
          Norm of current diis error: 0.35647E-06
          max. resid. norm for Fia-block=  6.053D-07 for orbital     32a         
          max. resid. fock norm         =  5.127D-05 for orbital    715a         

 End of SCF iterations

   convergence criteria satisfied after    32 iterations


   *************************************************************************
   mp2                                                                      
   *************************************************************************


                  ------------------------------------------ 
                 |  total energy      =  -1098.43208158318  |
                  ------------------------------------------ 
                 :  kinetic energy    =   1096.52920982020  :
                 :  potential energy  =  -2194.96129140338  :
                 :  virial theorem    =      1.99826764732  :
                 :  wavefunction norm =      1.00000000000  :
                  .......................................... 


 <geterg> : there is no data group $energy 


 <skperg> : $end is missing 


 orbitals $scfmo  will be written to file mos

    irrep                 86a         87a         88a         89a         90a   
 eigenvalues H         -0.41462    -0.39545    -0.36527    -0.32136    -0.24586
            eV         -11.2824    -10.7609     -9.9394     -8.7447     -6.6904
 occupation              2.0000      2.0000      2.0000      2.0000      2.0000

    irrep                 91a         92a         93a         94a         95a   
 eigenvalues H          0.00097     0.02371     0.03155     0.03518     0.04396
            eV           0.0265      0.6453      0.8585      0.9574      1.1962
 
 ==============================================================================
                                  COSMO RESULTS
 ==============================================================================
  PARAMETER:
    nppa:      1082
    nspa:        92
    nsph:        32
    nps:       1654
    npspher:    718
    disex:   10.0000    
    disex2:  4505.03    
    rsolv [A]: 1.3000
    routf:     0.8500
    phsran:    0.0    
    ampran:   0.10E-04
    cavity:  closed
    epsilon:     4.800
    refind:     1.300
    fepsi:      0.7169811
  CAVITY VOLUME/AREA [a.u.]:
    surface: V1.0, A matrix: V1.0
    area:  1431.31
    volume:  2944.82
  SCREENING CHARGE:
    cosmo      :  -0.042963
    correction :   0.041868
    total      :  -0.001095
  ENERGIES [a.u.]:
    Total energy            =   -1098.4320815831766
    Total energy + OC corr. =    -1098.4322757656
    Dielectric energy       =       -0.0468225030
    Diel. energy + OC corr. =       -0.0470166855
  ELEMENT RADIUS [A]: ATOM LIST
    c  2.00: 1-13,15,16,18-20,24-26
    n  1.83: 14,21-23
    o  1.72: 17
    h  1.30: 27-44
 ==============================================================================
 
 
 
 ==============================================================================
                           electrostatic moments
 ==============================================================================

 reference point for electrostatic moments:    0.00000   0.00000   0.00000

 
              nuc           elec       ->  total
 ------------------------------------------------------------------------------
                          charge      
 ------------------------------------------------------------------------------
         180.000000    -180.000000       0.000000
 
 ------------------------------------------------------------------------------
                       dipole moment  
 ------------------------------------------------------------------------------
   x     -74.786680      75.752945       0.966264
   y    -147.789969     149.870593       2.080624
   z    3143.414069   -3158.546980     -15.132911
 
   | dipole moment | =    15.3058 a.u. =    38.9035 debye 
 
 ------------------------------------------------------------------------------
                     quadrupole moment
 ------------------------------------------------------------------------------
  xx     418.956726    -540.324375    -121.367649
  yy    1363.103595   -1496.127608    -133.024012
  zz   72391.450078  -73033.240388    -641.790310
  xy     592.010348    -598.926655      -6.916307
  xz    -907.462446     931.660195      24.197749
  yz   -1798.598787    1850.447169      51.848382
 
     1/3  trace=    -298.727324
     anisotropy=     524.284507
 
 ==============================================================================
 
HOMO-LUMO Separation
 HOMO         :   -0.24586412 H =     -6.69031 eV
 LUMO         :    0.00097327 H =     +0.02648 eV
 HOMO-LUMO gap:    0.24683739 H =     +6.71679 eV
 
 ==============================================================================


    ------------------------------------------------------------------------
         total  cpu-time :  3 hours  3 minutes and 28 seconds
         total wall-time :  3 hours  3 minutes and 57 seconds
    ------------------------------------------------------------------------

   ****  ridft : all done  ****


    2025-06-25 11:22:49.395 

 ridft ended normally
