
 eiger (nano03.int-nano.int.kit.edu) : TURBOMOLE rev. V7-6 19 Oct 2021 at 10:10:11 compiled Oct 19th 2021
 Copyright (C) 2021 TURBOMOLE GmbH, Karlsruhe


    2025-05-10 07:54:28.528 

 WB97XD                                                                         
  
Total energy =  -1144.4837816750 H =    -31142.9899768 eV
 
 HOMO-LUMO Separation
   HOMO:    94.    94 a     -0.27586496 H =     -7.50667 eV
   LUMO:    95.    95 a     -0.05851205 H =     -1.59219 eV
   Gap :                    +0.21735291 H =     +5.91447 eV
 
Number of MOs=    801, Electrons=    188.00, Symmetry: c1   
 
   Nr.   Orbital    Occupation       Energy
  111.   111 a                     +0.078698 H =        +2.141 eV
  110.   110 a                     +0.075560 H =        +2.056 eV
  109.   109 a                     +0.073196 H =        +1.992 eV
  108.   108 a                     +0.066465 H =        +1.809 eV
  107.   107 a                     +0.064289 H =        +1.749 eV
  106.   106 a                     +0.061414 H =        +1.671 eV
  105.   105 a                     +0.061198 H =        +1.665 eV
  104.   104 a                     +0.056401 H =        +1.535 eV
  103.   103 a                     +0.053423 H =        +1.454 eV
  102.   102 a                     +0.052319 H =        +1.424 eV
  101.   101 a                     +0.049554 H =        +1.348 eV
  100.   100 a                     +0.045157 H =        +1.229 eV
   99.    99 a                     +0.045110 H =        +1.228 eV
   98.    98 a                     +0.039743 H =        +1.081 eV
   97.    97 a                     +0.035226 H =        +0.959 eV
   96.    96 a                     +0.022410 H =        +0.610 eV
   95.    95 a                     -0.058512 H =        -1.592 eV
   94.    94 a        2.000        -0.275865 H =        -7.507 eV
   93.    93 a        2.000        -0.326239 H =        -8.877 eV
   92.    92 a        2.000        -0.358244 H =        -9.748 eV
   91.    91 a        2.000        -0.366291 H =        -9.967 eV
   90.    90 a        2.000        -0.401636 H =       -10.929 eV
   89.    89 a        2.000        -0.433772 H =       -11.804 eV
   88.    88 a        2.000        -0.443311 H =       -12.063 eV
   87.    87 a        2.000        -0.443756 H =       -12.075 eV
   86.    86 a        2.000        -0.455982 H =       -12.408 eV
   85.    85 a        2.000        -0.462197 H =       -12.577 eV
   84.    84 a        2.000        -0.462292 H =       -12.580 eV
   83.    83 a        2.000        -0.467683 H =       -12.726 eV
   82.    82 a        2.000        -0.474234 H =       -12.905 eV
   81.    81 a        2.000        -0.474893 H =       -12.922 eV
   80.    80 a        2.000        -0.481356 H =       -13.098 eV
   79.    79 a        2.000        -0.489269 H =       -13.314 eV


    ------------------------------------------------------------------------
         total  cpu-time :   0.32 seconds
         total wall-time :   0.33 seconds
    ------------------------------------------------------------------------

   ****  eiger : all done  ****


    2025-05-10 07:54:28.846 

