
 eiger (nano04.int-nano.int.kit.edu) : TURBOMOLE rev. V7-6 19 Oct 2021 at 10:10:11 compiled Oct 19th 2021
 Copyright (C) 2021 TURBOMOLE GmbH, Karlsruhe


    2025-07-03 04:15:34.153 

 mp2                                                                            
  
Total energy =  -1082.9519124810 H =    -29468.6225316 eV
 
 HOMO-LUMO Separation
   HOMO:    86.    86 a     -0.25674679 H =     -6.98644 eV
   LUMO:    87.    87 a     +0.01479188 H =     +0.40251 eV
   Gap :                    +0.27153867 H =     +7.38894 eV
 
Number of MOs=    425, Electrons=    172.00, Symmetry: c1   
 
   Nr.   Orbital    Occupation       Energy
  103.   103 a                     +0.244774 H =        +6.661 eV
  102.   102 a                     +0.242003 H =        +6.585 eV
  101.   101 a                     +0.237534 H =        +6.464 eV
  100.   100 a                     +0.215223 H =        +5.857 eV
   99.    99 a                     +0.210048 H =        +5.716 eV
   98.    98 a                     +0.200624 H =        +5.459 eV
   97.    97 a                     +0.191096 H =        +5.200 eV
   96.    96 a                     +0.187858 H =        +5.112 eV
   95.    95 a                     +0.181185 H =        +4.930 eV
   94.    94 a                     +0.177508 H =        +4.830 eV
   93.    93 a                     +0.170889 H =        +4.650 eV
   92.    92 a                     +0.168965 H =        +4.598 eV
   91.    91 a                     +0.133963 H =        +3.645 eV
   90.    90 a                     +0.116859 H =        +3.180 eV
   89.    89 a                     +0.081218 H =        +2.210 eV
   88.    88 a                     +0.069038 H =        +1.879 eV
   87.    87 a                     +0.014792 H =        +0.403 eV
   86.    86 a        2.000        -0.256747 H =        -6.986 eV
   85.    85 a        2.000        -0.310984 H =        -8.462 eV
   84.    84 a        2.000        -0.332050 H =        -9.036 eV
   83.    83 a        2.000        -0.357113 H =        -9.718 eV
   82.    82 a        2.000        -0.387558 H =       -10.546 eV
   81.    81 a        2.000        -0.405818 H =       -11.043 eV
   80.    80 a        2.000        -0.433825 H =       -11.805 eV
   79.    79 a        2.000        -0.451729 H =       -12.292 eV
   78.    78 a        2.000        -0.470965 H =       -12.816 eV
   77.    77 a        2.000        -0.475332 H =       -12.934 eV
   76.    76 a        2.000        -0.478596 H =       -13.023 eV
   75.    75 a        2.000        -0.481333 H =       -13.098 eV
   74.    74 a        2.000        -0.491736 H =       -13.381 eV
   73.    73 a        2.000        -0.507909 H =       -13.821 eV
   72.    72 a        2.000        -0.513214 H =       -13.965 eV
   71.    71 a        2.000        -0.524079 H =       -14.261 eV


    ------------------------------------------------------------------------
         total  cpu-time :   0.10 seconds
         total wall-time :   0.11 seconds
    ------------------------------------------------------------------------

   ****  eiger : all done  ****


    2025-07-03 04:15:34.252 

