
 ridft (nano21.int-nano.int.kit.edu) : TURBOMOLE rev. V7-6 19 Oct 2021 at 10:10:11 compiled Oct 19th 2021
 Copyright (C) 2021 TURBOMOLE GmbH, Karlsruhe


    2025-04-08 17:15:17.342 



                                  r i d f t

                        DFT program with RI approximation 
                                for coulomb part 




                                                 
                                 References:     
                                                 
          TURBOMOLE:                             
              R. Ahlrichs, M. Baer, M. Haeser, H. Horn, and
              C. Koelmel
              Electronic structure calculations on workstation
              computers: the program system TURBOMOLE
              Chem. Phys. Lett. 162: 165 (1989)
          Density Functional:                              
              O. Treutler and R. Ahlrichs                      
              Efficient Molecular Numerical Integration Schemes
              J. Chem. Phys. 102: 346 (1995)                   
          Parallel Version:                                
              Performance of parallel TURBOMOLE for Density    
              Functional Calculations                          
              M. v. Arnim and R. Ahlrichs                      
              J. Comp. Chem. 19: 1746 (1998)                   
          RI-J Method:                                     
              Auxiliary Basis Sets to approximate Coulomb      
              Potentials                                       
              Chem. Phys. Lett. 240: 283 (1995)                
              K. Eichkorn, O. Treutler, H. Oehm, M. Haeser     
              and R. Ahlrichs                                  
              Chem. Phys. Lett. 242: 652 (1995)                
                                                           
              Auxiliary Basis Sets for Main Row Atoms and their
              Use to approximate Coulomb Potentials            
              K. Eichkorn, F. Weigend, O. Treutler and         
              R. Ahlrichs                                      
              Theo. Chem. Acc. 97: 119 (1997)                   
                                                           
              Accurate Coulomb-fitting basis sets for H to Rn 
              F. Weigend                                        
              Phys. Chem. Chem. Phys. 8: 1057 (2006)            
                                                           
          Multipole accelerated RI-J (MARI-J):             
              Fast evaluation of the Coulomb potential for     
              electron densities using multipole accelerated   
              resolution of identity approximation             
              M. Sierka, A. Hogekamp and R. Ahlrichs           
              J. Chem. Phys. 118: 9136 (2003)                  
          RI-JK Method:                                     
              A fully direct RI-HF algorithm: Implementation,
              optimised auxiliary basis sets, demonstration of
              accuracy and efficiency                         
              F. Weigend                                      
              Phys. Chem. Chem. Phys. 4: 4285 (2002)           
          Two-component HF and DFT with spin-orbit coupling:  
              Self-consistent treatment of spin-orbit         
              interactions with efficient Hartree-Fock and    
              density functional methods                      
              M. K. Armbruster, F. Weigend, C. van Wüllen and 
              W. Klopper                                      
              Phys. Chem. Chem. Phys. 10: 1748 (2008)         
          Two-component difference density and DIIS algorithm 
              Efficient two-component self-consistent field   
              procedures and gradients: implementation in     
              TURBOMOLE and application to Au20-              
              A. Baldes, F. Weigend                           
              Mol. Phys. 111: 2617 (2013)                     
          Relativistic all-electron 2c calculations           
              An efficient implementation of two-component    
              relativistic exact-decoupling methods for large 
              molecules                                       
              D. Peng, N. Middendorf, F. Weigend, M. Reiher   
              J. Chem. Phys. 138: 184105 (2013)               
          Finite nucleus model and SNSO approximation         
              Efficient implementation of one- and two-       
              component analytical energy gradients in exact  
              two-component theory                            
              Y. J. Franzke, N. Middendorf, F. Weigend        
              J. Chem. Phys. 148: 104110 (2018)               
          Grids for all-electron relativistic methods         
              Error-consistent segmented contracted all-      
              electron relativistic basis sets of double-     
              and triple-zeta quality for NMR shielding       
              constants                                       
              Y. J. Franzke, R. Tress, T. M. Pazdera,         
              F. Weigend                                      
              Phys. Chem. Chem. Phys. 21: 166658 (2019)       
          Seminumerical exchange algorithms                   
              Seminumerical calculation of the Hartree-Fock   
              exchange matirx: Application to two-component   
              procedures and efficient evaluation of local    
              hybrid functionsl                               
               P. Plessow, F. Weigend,                        
              J. Comput. Chem. 33: 810 (2012)                 
          Improved seminumerical algorithms                   
              C. Holzer,                                      
              J. Chem. Phys. 153 (2020), 184115               
                                         




              +--------------------------------------------------+
              |      general information about current run       |
              +--------------------------------------------------+

 
 PBE0 hybrid functional
 exchange:    3/4 (LDA+PBE) + 1/4 HF
 correlation: LDA (PW) + PBE
 A Hybrid-DFT calculation using the RI-J approximation will be carried out.
 Allocatable memory for RI due to $ricore (MB):                  2000

   *************************************************************************
   pbe0                                                                     
   *************************************************************************




              +--------------------------------------------------+
              | Atomic coordinate, charge and isotop information |
              +--------------------------------------------------+

                    atomic coordinates            atom    charge  isotop
        -13.42747215    5.17616736   -0.49692604    c      6.000     0
        -11.04204706    6.37669451   -0.50378335    c      6.000     0
         -8.81504838    5.02918493   -0.27735445    c      6.000     0
         -8.84712625    2.37523774   -0.02392208    c      6.000     0
         -6.56572634    0.93877275    0.19678805    c      6.000     0
         -6.61224448   -1.63092780    0.44484466    c      6.000     0
         -8.94464776   -3.01844354    0.51192802    c      6.000     0
         -9.01860871   -5.70546336    0.78527488    c      6.000     0
        -11.40081916   -6.90415067    0.80106304    c      6.000     0
        -13.63655023   -5.56224696    0.52937107    c      6.000     0
        -13.62219841   -2.91603503    0.26482223    c      6.000     0
        -15.90094862   -1.47986499    0.01878636    c      6.000     0
        -15.86478841    1.08975178   -0.22157497    c      6.000     0
        -13.53281835    2.48397073   -0.24364185    c      6.000     0
        -11.21784713    1.08018221   -0.00020342    c      6.000     0
        -11.25598077   -1.61890147    0.26285961    c      6.000     0
        -15.73174256    6.65815967   -0.74528627    c      6.000     0
         -6.69441080   -7.18415352    1.07119875    c      6.000     0
        -15.92742752    9.18475989   -0.99257512    c      6.000     0
         -6.43501200   -9.64064066    0.45394004    c      6.000     0
         -4.24369978  -10.89795557    0.85518074    o      8.000     0
        -18.39704239   10.36565043   -1.22197841    n      7.000     0
        -18.39265240   12.67226375   -1.43975182    o      8.000     0
        -20.29959735    9.04728019   -1.18892278    o      8.000     0
        -10.94485355    8.42836044   -0.69622515    h      1.000     0
         -7.00082961    6.01683193   -0.29477281    h      1.000     0
         -4.76144252    1.94458842    0.15271418    h      1.000     0
         -4.82724780   -2.65096698    0.57744200    h      1.000     0
        -11.49575972   -8.94431167    1.09916470    h      1.000     0
        -15.44637206   -6.55948013    0.56286290    h      1.000     0
        -17.70527573   -2.48756926    0.02695594    h      1.000     0
        -17.65721534    2.08660274   -0.40188404    h      1.000     0
        -17.54751823    5.68111952   -0.73881247    h      1.000     0
         -5.01101391   -6.26251279    1.83364430    h      1.000     0
        -14.41740156   10.57834913   -1.05179210    h      1.000     0
         -7.97051832  -10.72669025   -0.41712657    h      1.000     0
         -4.36222499  -12.58665212    0.17885153    h      1.000     0
 
       center of nuclear mass  :  -11.99154708    0.75935214   -0.07168741
       center of nuclear charge:  -11.94131315    0.68318445   -0.06644587

              +--------------------------------------------------+
              |               basis set information              |
              +--------------------------------------------------+

              we will work with the 1s 3p 5d 7f 9g ... basis set
              ...i.e. with spherical basis functions...

   type   atoms  prim   cont   basis
   ---------------------------------------------------------------------------
    c       20     43     23   aug-cc-pVDZ   [4s3p2d|18s5p2d]
    o        3     43     23   aug-cc-pVDZ   [4s3p2d|18s5p2d]
    n        1     43     23   aug-cc-pVDZ   [4s3p2d|18s5p2d]
    h       13     11      9   aug-cc-pVDZ   [3s2p|5s2p]
   ---------------------------------------------------------------------------
   total:   37   1175    669
   ---------------------------------------------------------------------------

   total number of primitive shells          :   82
   total number of contracted shells         :  281
   total number of cartesian basis functions :  717
   total number of SCF-basis functions       :  669


 integral neglect threshold       :  0.46E-11
 integral storage threshold THIZE :  0.10E-04
 integral storage threshold THIME :         5

 RI-J AUXILIARY BASIS SET information:

              we will work with the 1s 3p 5d 7f 9g ... basis set
              ...i.e. with spherical basis functions...

   type   atoms  prim   cont   basis
   ---------------------------------------------------------------------------
    c       20     70     49   aug-cc-pVDZ   [6s4p3d1f1g|12s5p4d2f1g]
    o        3     70     49   aug-cc-pVDZ   [6s4p3d1f1g|12s5p4d2f1g]
    n        1     70     49   aug-cc-pVDZ   [6s4p3d1f1g|12s5p4d2f1g]
    h       13     16     11   aug-cc-pVDZ   [3s1p1d|5s2p1d]
   ---------------------------------------------------------------------------
   total:   37   1888   1319
   ---------------------------------------------------------------------------

   total number of primitive shells          :   80
   total number of contracted shells         :  425
   total number of cartesian basis functions : 1620
   total number of SCF-basis functions       : 1319


 symmetry group of the molecule :   c1 

 the group has the following generators :
   c1(z)

    1 symmetry operations found

 there are 1 real representations :   a   

 maximum number of shells which are related by symmetry :  1

  
           ------------------
           density functional
           ------------------
 PBE0 hybrid functional
 exchange:    3/4 (LDA+PBE) + 1/4 HF
 correlation: LDA (PW) + PBE

 iterations will be done with small grid
  
 spherical integration : Lebedev's spherical grid
 spherical gridsize    :                     3
    i.e. gridpoints    :                   302
 value for diffuse not defined
 radial integration    : Chebyshev 2nd kind (scaling 3)
 radial gridsize       :                     3
 integration cells     :                    37
 partition function    : becke
 partition sharpness   :                     3
  

 biggest AO integral is expected to be     4.738267915

          ------------------------
          nuclear repulsion energy  :   1791.06504735    
          ------------------------


         -----------------
         -S,T+V- integrals
         -----------------

 1e-integrals will be neglected if expon. factor < 0.466103E-12
 
   Difference densities algorithm switched on.
   The maximal number of linear combinations of
   difference densities is                    20 .

 DIIS switched on: error vector is FDS-SDF
 Max. Iterations for DIIS is     :   4
 DIIS matrix (see manual) 
    Scaling factor of diagonals  :  1.200
    threshold for scaling factor :  0.000

 scf convergence criterion : increment of total energy < .1000000D-06
                  and increment of one-electron energy < .1000000D-03

 MOs are in ASCII format !


    mo occupation :
   irrep   mo's   occupied
    a      669       82
 
 number of basis functions   :   669
 number of occupied orbitals :    82
 

 reading orbital data $scfmo  from file mos
 orbital characterization : expanded
 virtual MOs provided and orthogonalized by Cholesky decomposition

 automatic virtual orbital shift switched on 
      shift if e(lumo)-e(homo) < 0.10000000    

  
           ------------------------
               RI-J - INFORMATION
           ------------------------
 Contributions to RI integral batches: 
  neglected integral batches:                  7288
  direct contribution:                         5865
  memory contribution:                 26468
 Memory core needed for (P|Q) and Cholesky     14 MByte
 Memory core minimum needed except of (P|Q)     2 MByte
 Total minimum memory core needed (sum)        15 MByte
  
 ****************************************
 Memory allocated for RI-J  1739 MByte
 ****************************************
                                            

 DSCF restart information will be dumped onto file mos


 Starting SCF iterations

          Overall gridpoints after grid construction =         52297

 ITERATION  ENERGY          1e-ENERGY        2e-ENERGY     NORM[dD(SAO)]  TOL
   1  -1045.8409934050    -4946.4726254     2109.5665847    0.000D+00 0.465D-11
                            Exc = -108.090798590     Coul =  2251.87484400    
                            exK = -34.2174607452    
                              N = 163.99766305    
                            current damping = 0.300
 
          max. resid. norm for Fia-block=  3.588D-01 for orbital     49a         
          max. resid. fock norm         =  1.483D+00 for orbital    633a         

 ITERATION  ENERGY          1e-ENERGY        2e-ENERGY     NORM[dD(SAO)]  TOL
   2  -1048.8338992370    -4980.9022516     2141.0033050    0.244D+03 0.118D-11
                            Exc = -109.558610692      Eck =  2250.56191569    
                              N = 163.99874037    
                            current damping = 0.250
 
          Norm of current diis error:  2.7040    
          max. resid. norm for Fia-block=  2.002D-01 for orbital     25a         
          max. resid. fock norm         =  2.830D-01 for orbital     25a         

 ITERATION  ENERGY          1e-ENERGY        2e-ENERGY     NORM[dD(SAO)]  TOL
   3  -1049.0312388236    -4980.3420283     2140.2457421    0.758D+02 0.115D-11
                            Exc = -110.046278120      Eck =  2250.29202022    
                              N = 163.99883060    
                            current damping = 0.200
 
          Norm of current diis error:  1.8743    
          max. resid. norm for Fia-block=  9.549D-02 for orbital     61a         
          max. resid. fock norm         =  1.056D-01 for orbital     26a         

 ITERATION  ENERGY          1e-ENERGY        2e-ENERGY     NORM[dD(SAO)]  TOL
   4  -1049.2274824832    -4979.5123791     2139.2198493    0.159D+02 0.116D-11
                            Exc = -109.816791673      Eck =  2249.03664093    
                              N = 163.99878975    
                            current damping = 0.100
 
          Norm of current diis error: 0.51672    
          max. resid. norm for Fia-block=  1.799D-02 for orbital     49a         
          max. resid. fock norm         =  2.492D-02 for orbital     25a         

 ITERATION  ENERGY          1e-ENERGY        2e-ENERGY     NORM[dD(SAO)]  TOL
   5  -1049.2366412069    -4982.6576061     2142.3559176    0.759D+01 0.113D-11
                            Exc = -109.941229547      Eck =  2252.29714712    
                              N = 163.99877016    
                            current damping = 0.150
 
          Norm of current diis error: 0.31454    
          max. resid. norm for Fia-block=  7.786D-03 for orbital     26a         
          max. resid. fock norm         =  1.408D-02 for orbital     32a         
          mo-orthogonalization: Cholesky decomposition

 ITERATION  ENERGY          1e-ENERGY        2e-ENERGY     NORM[dD(SAO)]  TOL
   6  -1049.2408135545    -4981.7686960     2141.4628351    0.254D+01 0.113D-11
                            Exc = -109.949325639      Eck =  2251.41216074    
                              N = 163.99882466    
                            current damping = 0.200
 
          Norm of current diis error: 0.11782    
          max. resid. norm for Fia-block=  2.779D-03 for orbital     82a         
          max. resid. fock norm         =  6.380D-03 for orbital     16a         

 ITERATION  ENERGY          1e-ENERGY        2e-ENERGY     NORM[dD(SAO)]  TOL
   7  -1049.2414627580    -4981.6083445     2141.3018344    0.115D+01 0.113D-11
                            Exc = -109.924893357      Eck =  2251.22672773    
                              N = 163.99880358    
                            current damping = 0.100
 
          Norm of current diis error: 0.46660E-01
          max. resid. norm for Fia-block=  1.256D-03 for orbital     82a         
          max. resid. fock norm         =  2.455D-03 for orbital     18a         

 ITERATION  ENERGY          1e-ENERGY        2e-ENERGY     NORM[dD(SAO)]  TOL
   8  -1049.2415301864    -4981.6261209     2141.3195434    0.364D+00 0.113D-11
                            Exc = -109.924919453      Eck =  2251.24446281    
                              N = 163.99880397    
                            current damping = 0.150
 
          Norm of current diis error: 0.29083E-01
          max. resid. norm for Fia-block=  8.614D-04 for orbital     75a         
          max. resid. fock norm         =  1.395D-03 for orbital     78a         

 ITERATION  ENERGY          1e-ENERGY        2e-ENERGY     NORM[dD(SAO)]  TOL
   9  -1049.2415767755    -4981.6483986     2141.3417745    0.135D+00 0.113D-11
                            Exc = -109.928794370      Eck =  2251.27056883    
                              N = 163.99880660    
                            current damping = 0.100
 
          Norm of current diis error: 0.80684E-02
          max. resid. norm for Fia-block=  4.623D-04 for orbital     76a         
          max. resid. fock norm         =  8.461D-04 for orbital     78a         

 ITERATION  ENERGY          1e-ENERGY        2e-ENERGY     NORM[dD(SAO)]  TOL
  10  -1049.2415771444    -4981.6622281     2141.3556036    0.888D-01 0.113D-11
                            Exc = -109.928525592      Eck =  2251.28412919    
                              N = 163.99880552    
                            current damping = 0.100
 
          Norm of current diis error: 0.76473E-02
          max. resid. norm for Fia-block=  3.081D-04 for orbital     76a         
          max. resid. fock norm         =  5.343D-04 for orbital     78a         
          mo-orthogonalization: Cholesky decomposition

 ITERATION  ENERGY          1e-ENERGY        2e-ENERGY     NORM[dD(SAO)]  TOL
  11  -1049.2415809463    -4981.6467568     2141.3401285    0.381D-01 0.113D-11
                            Exc = -109.928069677      Eck =  2251.26819822    
                              N = 163.99880595    
                            current damping = 0.150
 
          Norm of current diis error: 0.19867E-02
          max. resid. norm for Fia-block=  9.363D-05 for orbital     76a         
          max. resid. fock norm         =  1.709D-04 for orbital     78a         

 ITERATION  ENERGY          1e-ENERGY        2e-ENERGY     NORM[dD(SAO)]  TOL
  12  -1049.2415810697    -4981.6489293     2141.3423009    0.316D-01 0.113D-11
                            Exc = -109.928216304      Eck =  2251.27051720    
                              N = 163.99880583    
                            current damping = 0.200
 
          Norm of current diis error: 0.14982E-02
          max. resid. norm for Fia-block=  4.188D-05 for orbital     76a         
          max. resid. fock norm         =  1.335D-04 for orbital    668a         

 ITERATION  ENERGY          1e-ENERGY        2e-ENERGY     NORM[dD(SAO)]  TOL
  13  -1049.2415812872    -4981.6503180     2141.3436894    0.456D+02 0.133D-11
                            Exc = -109.928293248      Eck =  2251.27198264    
                              N = 163.99880589    
                            current damping = 0.100
 
          Norm of current diis error: 0.31361E-03
          max. resid. norm for Fia-block=  1.093D-05 for orbital     49a         
          max. resid. fock norm         =  1.002D-03 for orbital    665a         

 ITERATION  ENERGY          1e-ENERGY        2e-ENERGY     NORM[dD(SAO)]  TOL
  14  -1049.2415812812    -4981.6495763     2141.3429477    0.269D+00 0.133D-11
                            Exc = -109.928226546      Eck =  2251.27117424    
                              N = 163.99880587    
                            current damping = 0.150
 
          Norm of current diis error: 0.21144E-03
          max. resid. norm for Fia-block=  4.568D-06 for orbital     49a         
          max. resid. fock norm         =  3.341D-04 for orbital    668a         

 ENERGY CONVERGED !

          Overall gridpoints after grid construction =        189136

 ITERATION  ENERGY          1e-ENERGY        2e-ENERGY     NORM[dD(SAO)]  TOL
  15  -1049.2424308025    -4981.6494229     2141.3419447    0.548D-01 0.133D-11
                            Exc = -109.929083328      Eck =  2251.27102807    
                              N = 163.99993748    
                            current damping = 0.100
 
          Norm of current diis error: 0.57235E-04
          max. resid. norm for Fia-block=  2.558D-06 for orbital     63a         
          max. resid. fock norm         =  3.505D-04 for orbital    665a         

 End of SCF iterations

   convergence criteria satisfied after    15 iterations


   *************************************************************************
   pbe0                                                                     
   *************************************************************************


                  ------------------------------------------ 
                 |  total energy      =  -1049.24243080250  |
                  ------------------------------------------ 
                 :  kinetic energy    =   1043.41534747384  :
                 :  potential energy  =  -2092.65777827634  :
                 :  virial theorem    =      1.99444638993  :
                 :  wavefunction norm =      1.00000000000  :
                  .......................................... 


 <geterg> : there is no data group $energy 


 <skperg> : $end is missing 


 orbitals $scfmo  will be written to file mos

    irrep                 78a         79a         80a         81a         82a   
 eigenvalues H         -0.30212    -0.28559    -0.26574    -0.25682    -0.21491
            eV          -8.2213     -7.7714     -7.2313     -6.9885     -5.8481
 occupation              2.0000      2.0000      2.0000      2.0000      2.0000

    irrep                 83a         84a         85a         86a         87a   
 eigenvalues H         -0.10597    -0.06732    -0.05051    -0.03122    -0.02181
            eV          -2.8836     -1.8318     -1.3744     -0.8494     -0.5935
 
 
 
 
 ==============================================================================
                           electrostatic moments
 ==============================================================================

 reference point for electrostatic moments:    0.00000   0.00000   0.00000

 
              nuc           elec       ->  total
 ------------------------------------------------------------------------------
                          charge      
 ------------------------------------------------------------------------------
         164.000000    -164.000000      -0.000000
 
 ------------------------------------------------------------------------------
                       dipole moment  
 ------------------------------------------------------------------------------
   x   -1958.375357    1960.422718       2.047361
   y     112.042250    -115.182053      -3.139802
   z     -10.897122      10.913078       0.015955
 
   | dipole moment | =     3.7484 a.u. =     9.5274 debye 
 
 ------------------------------------------------------------------------------
                     quadrupole moment
 ------------------------------------------------------------------------------
  xx   26763.190743  -26922.294156    -159.103413
  yy    7453.965967   -7553.367522     -99.401555
  zz      86.576975    -194.232341    -107.655365
  xy   -4839.096452    4895.461031      56.364579
  xz     546.421604    -550.694538      -4.272934
  yz    -746.129493     751.800456       5.670963
 
     1/3  trace=    -122.053444
     anisotropy=     113.233476
 
 ==============================================================================
 
HOMO-LUMO Separation
 HOMO         :   -0.21491322 H =     -5.84809 eV
 LUMO         :   -0.10597121 H =     -2.88362 eV
 HOMO-LUMO gap:    0.10894201 H =     +2.96446 eV
 
 ==============================================================================


    ------------------------------------------------------------------------
         total  cpu-time :  1 hours 14 minutes and 19 seconds
         total wall-time :  1 hours 15 minutes and 53 seconds
    ------------------------------------------------------------------------

   ****  ridft : all done  ****


    2025-04-08 18:31:10.491 

 ridft ended normally
