
 eiger (nano22.int-nano.int.kit.edu) : TURBOMOLE rev. V7-6 19 Oct 2021 at 10:10:11 compiled Oct 19th 2021
 Copyright (C) 2021 TURBOMOLE GmbH, Karlsruhe


    2025-05-27 09:17:27.854 

 PBE0                                                                           
  
Total energy =  -2602.2997455870 H =    -70812.1829169 eV
 
 HOMO-LUMO Separation
   HOMO:   196.   196 a     -0.19715691 H =     -5.36491 eV
   LUMO:   197.   197 a     -0.12622859 H =     -3.43485 eV
   Gap :                    +0.07092832 H =     +1.93006 eV
 
Number of MOs=   1687, Electrons=    392.00, Symmetry: c1   
 
   Nr.   Orbital    Occupation       Energy
  213.   213 a                     +0.011978 H =        +0.326 eV
  212.   212 a                     +0.009300 H =        +0.253 eV
  211.   211 a                     +0.007422 H =        +0.202 eV
  210.   210 a                     +0.006065 H =        +0.165 eV
  209.   209 a                     +0.003070 H =        +0.084 eV
  208.   208 a                     +0.000982 H =        +0.027 eV
  207.   207 a                     -0.001401 H =        -0.038 eV
  206.   206 a                     -0.004298 H =        -0.117 eV
  205.   205 a                     -0.005587 H =        -0.152 eV
  204.   204 a                     -0.011943 H =        -0.325 eV
  203.   203 a                     -0.014064 H =        -0.383 eV
  202.   202 a                     -0.025226 H =        -0.686 eV
  201.   201 a                     -0.031078 H =        -0.846 eV
  200.   200 a                     -0.035420 H =        -0.964 eV
  199.   199 a                     -0.042971 H =        -1.169 eV
  198.   198 a                     -0.081576 H =        -2.220 eV
  197.   197 a                     -0.126229 H =        -3.435 eV
  196.   196 a        2.000        -0.197157 H =        -5.365 eV
  195.   195 a        2.000        -0.243546 H =        -6.627 eV
  194.   194 a        2.000        -0.262753 H =        -7.150 eV
  193.   193 a        2.000        -0.263303 H =        -7.165 eV
  192.   192 a        2.000        -0.274278 H =        -7.463 eV
  191.   191 a        2.000        -0.281744 H =        -7.667 eV
  190.   190 a        2.000        -0.289755 H =        -7.885 eV
  189.   189 a        2.000        -0.299891 H =        -8.160 eV
  188.   188 a        2.000        -0.315373 H =        -8.582 eV
  187.   187 a        2.000        -0.319853 H =        -8.704 eV
  186.   186 a        2.000        -0.324709 H =        -8.836 eV
  185.   185 a        2.000        -0.326139 H =        -8.875 eV
  184.   184 a        2.000        -0.327640 H =        -8.916 eV
  183.   183 a        2.000        -0.329833 H =        -8.975 eV
  182.   182 a        2.000        -0.331059 H =        -9.009 eV
  181.   181 a        2.000        -0.337801 H =        -9.192 eV


    ------------------------------------------------------------------------
         total  cpu-time :   1.17 seconds
         total wall-time :   1.19 seconds
    ------------------------------------------------------------------------

   ****  eiger : all done  ****


    2025-05-27 09:17:29.024 

