
 eiger (nano03.int-nano.int.kit.edu) : TURBOMOLE rev. V7-6 19 Oct 2021 at 10:10:11 compiled Oct 19th 2021
 Copyright (C) 2021 TURBOMOLE GmbH, Karlsruhe


    2025-03-18 15:00:54.624 

 tcf1-opt-b3                                                                    
  
Total energy =  -1220.3025701260 H =    -33206.1242969 eV
 
 HOMO-LUMO Separation
   HOMO:   101.   101 a     -0.20123359 H =     -5.47584 eV
   LUMO:   102.   102 a     -0.11951669 H =     -3.25221 eV
   Gap :                    +0.08171690 H =     +2.22363 eV
 
Number of MOs=    516, Electrons=    202.00, Symmetry: c1   
 
   Nr.   Orbital    Occupation       Energy
  118.   118 a                     +0.067367 H =        +1.833 eV
  117.   117 a                     +0.063685 H =        +1.733 eV
  116.   116 a                     +0.063407 H =        +1.725 eV
  115.   115 a                     +0.061228 H =        +1.666 eV
  114.   114 a                     +0.060716 H =        +1.652 eV
  113.   113 a                     +0.057170 H =        +1.556 eV
  112.   112 a                     +0.048973 H =        +1.333 eV
  111.   111 a                     +0.037497 H =        +1.020 eV
  110.   110 a                     +0.036450 H =        +0.992 eV
  109.   109 a                     +0.032144 H =        +0.875 eV
  108.   108 a                     +0.028981 H =        +0.789 eV
  107.   107 a                     +0.006730 H =        +0.183 eV
  106.   106 a                     +0.000389 H =        +0.011 eV
  105.   105 a                     -0.022564 H =        -0.614 eV
  104.   104 a                     -0.028553 H =        -0.777 eV
  103.   103 a                     -0.059840 H =        -1.628 eV
  102.   102 a                     -0.119517 H =        -3.252 eV
  101.   101 a        2.000        -0.201234 H =        -5.476 eV
  100.   100 a        2.000        -0.229669 H =        -6.250 eV
   99.    99 a        2.000        -0.253501 H =        -6.898 eV
   98.    98 a        2.000        -0.278513 H =        -7.579 eV
   97.    97 a        2.000        -0.289560 H =        -7.879 eV
   96.    96 a        2.000        -0.313203 H =        -8.523 eV
   95.    95 a        2.000        -0.318793 H =        -8.675 eV
   94.    94 a        2.000        -0.323431 H =        -8.801 eV
   93.    93 a        2.000        -0.325617 H =        -8.860 eV
   92.    92 a        2.000        -0.341941 H =        -9.305 eV
   91.    91 a        2.000        -0.342145 H =        -9.310 eV
   90.    90 a        2.000        -0.343524 H =        -9.348 eV
   89.    89 a        2.000        -0.347201 H =        -9.448 eV
   88.    88 a        2.000        -0.355924 H =        -9.685 eV
   87.    87 a        2.000        -0.356775 H =        -9.708 eV
   86.    86 a        2.000        -0.357652 H =        -9.732 eV


    ------------------------------------------------------------------------
         total  cpu-time :   0.15 seconds
         total wall-time :   0.17 seconds
    ------------------------------------------------------------------------

   ****  eiger : all done  ****


    2025-03-18 15:00:54.772 

