
 eiger (nano18.int-nano.int.kit.edu) : TURBOMOLE rev. V7-6 19 Oct 2021 at 10:10:11 compiled Oct 19th 2021
 Copyright (C) 2021 TURBOMOLE GmbH, Karlsruhe


    2025-04-08 14:28:35.390 

 b3                                                                             
  
Total energy =   -937.5708956752 H =    -25512.6035633 eV
 
 HOMO-LUMO Separation
   HOMO:    77.    77 a     -0.20152938 H =     -5.48389 eV
   LUMO:    78.    78 a     -0.09457231 H =     -2.57344 eV
   Gap :                    +0.10695707 H =     +2.91045 eV
 
Number of MOs=    646, Electrons=    154.00, Symmetry: c1   
 
   Nr.   Orbital    Occupation       Energy
   94.    94 a                     +0.033180 H =        +0.903 eV
   93.    93 a                     +0.031335 H =        +0.853 eV
   92.    92 a                     +0.026517 H =        +0.722 eV
   91.    91 a                     +0.023220 H =        +0.632 eV
   90.    90 a                     +0.019719 H =        +0.537 eV
   89.    89 a                     +0.017152 H =        +0.467 eV
   88.    88 a                     +0.008307 H =        +0.226 eV
   87.    87 a                     +0.005159 H =        +0.140 eV
   86.    86 a                     +0.001981 H =        +0.054 eV
   85.    85 a                     -0.005158 H =        -0.140 eV
   84.    84 a                     -0.007887 H =        -0.215 eV
   83.    83 a                     -0.009189 H =        -0.250 eV
   82.    82 a                     -0.026580 H =        -0.723 eV
   81.    81 a                     -0.028551 H =        -0.777 eV
   80.    80 a                     -0.047247 H =        -1.286 eV
   79.    79 a                     -0.057256 H =        -1.558 eV
   78.    78 a                     -0.094572 H =        -2.573 eV
   77.    77 a        2.000        -0.201529 H =        -5.484 eV
   76.    76 a        2.000        -0.242258 H =        -6.592 eV
   75.    75 a        2.000        -0.248428 H =        -6.760 eV
   74.    74 a        2.000        -0.270487 H =        -7.360 eV
   73.    73 a        2.000        -0.283971 H =        -7.727 eV
   72.    72 a        2.000        -0.300791 H =        -8.185 eV
   71.    71 a        2.000        -0.327885 H =        -8.922 eV
   70.    70 a        2.000        -0.328445 H =        -8.937 eV
   69.    69 a        2.000        -0.331360 H =        -9.017 eV
   68.    68 a        2.000        -0.344272 H =        -9.368 eV
   67.    67 a        2.000        -0.357090 H =        -9.717 eV
   66.    66 a        2.000        -0.358818 H =        -9.764 eV
   65.    65 a        2.000        -0.365335 H =        -9.941 eV
   64.    64 a        2.000        -0.370421 H =       -10.080 eV
   63.    63 a        2.000        -0.381242 H =       -10.374 eV
   62.    62 a        2.000        -0.386861 H =       -10.527 eV


    ------------------------------------------------------------------------
         total  cpu-time :   0.22 seconds
         total wall-time :   0.23 seconds
    ------------------------------------------------------------------------

   ****  eiger : all done  ****


    2025-04-08 14:28:35.607 

