
 ridft (nano18.int-nano.int.kit.edu) : TURBOMOLE rev. V7-6 19 Oct 2021 at 10:10:11 compiled Oct 19th 2021
 Copyright (C) 2021 TURBOMOLE GmbH, Karlsruhe


    2025-04-08 13:09:21.450 



                                  r i d f t

                        DFT program with RI approximation 
                                for coulomb part 




                                                 
                                 References:     
                                                 
          TURBOMOLE:                             
              R. Ahlrichs, M. Baer, M. Haeser, H. Horn, and
              C. Koelmel
              Electronic structure calculations on workstation
              computers: the program system TURBOMOLE
              Chem. Phys. Lett. 162: 165 (1989)
          Density Functional:                              
              O. Treutler and R. Ahlrichs                      
              Efficient Molecular Numerical Integration Schemes
              J. Chem. Phys. 102: 346 (1995)                   
          Parallel Version:                                
              Performance of parallel TURBOMOLE for Density    
              Functional Calculations                          
              M. v. Arnim and R. Ahlrichs                      
              J. Comp. Chem. 19: 1746 (1998)                   
          RI-J Method:                                     
              Auxiliary Basis Sets to approximate Coulomb      
              Potentials                                       
              Chem. Phys. Lett. 240: 283 (1995)                
              K. Eichkorn, O. Treutler, H. Oehm, M. Haeser     
              and R. Ahlrichs                                  
              Chem. Phys. Lett. 242: 652 (1995)                
                                                           
              Auxiliary Basis Sets for Main Row Atoms and their
              Use to approximate Coulomb Potentials            
              K. Eichkorn, F. Weigend, O. Treutler and         
              R. Ahlrichs                                      
              Theo. Chem. Acc. 97: 119 (1997)                   
                                                           
              Accurate Coulomb-fitting basis sets for H to Rn 
              F. Weigend                                        
              Phys. Chem. Chem. Phys. 8: 1057 (2006)            
                                                           
          Multipole accelerated RI-J (MARI-J):             
              Fast evaluation of the Coulomb potential for     
              electron densities using multipole accelerated   
              resolution of identity approximation             
              M. Sierka, A. Hogekamp and R. Ahlrichs           
              J. Chem. Phys. 118: 9136 (2003)                  
          RI-JK Method:                                     
              A fully direct RI-HF algorithm: Implementation,
              optimised auxiliary basis sets, demonstration of
              accuracy and efficiency                         
              F. Weigend                                      
              Phys. Chem. Chem. Phys. 4: 4285 (2002)           
          Two-component HF and DFT with spin-orbit coupling:  
              Self-consistent treatment of spin-orbit         
              interactions with efficient Hartree-Fock and    
              density functional methods                      
              M. K. Armbruster, F. Weigend, C. van Wüllen and 
              W. Klopper                                      
              Phys. Chem. Chem. Phys. 10: 1748 (2008)         
          Two-component difference density and DIIS algorithm 
              Efficient two-component self-consistent field   
              procedures and gradients: implementation in     
              TURBOMOLE and application to Au20-              
              A. Baldes, F. Weigend                           
              Mol. Phys. 111: 2617 (2013)                     
          Relativistic all-electron 2c calculations           
              An efficient implementation of two-component    
              relativistic exact-decoupling methods for large 
              molecules                                       
              D. Peng, N. Middendorf, F. Weigend, M. Reiher   
              J. Chem. Phys. 138: 184105 (2013)               
          Finite nucleus model and SNSO approximation         
              Efficient implementation of one- and two-       
              component analytical energy gradients in exact  
              two-component theory                            
              Y. J. Franzke, N. Middendorf, F. Weigend        
              J. Chem. Phys. 148: 104110 (2018)               
          Grids for all-electron relativistic methods         
              Error-consistent segmented contracted all-      
              electron relativistic basis sets of double-     
              and triple-zeta quality for NMR shielding       
              constants                                       
              Y. J. Franzke, R. Tress, T. M. Pazdera,         
              F. Weigend                                      
              Phys. Chem. Chem. Phys. 21: 166658 (2019)       
          Seminumerical exchange algorithms                   
              Seminumerical calculation of the Hartree-Fock   
              exchange matirx: Application to two-component   
              procedures and efficient evaluation of local    
              hybrid functionsl                               
               P. Plessow, F. Weigend,                        
              J. Comput. Chem. 33: 810 (2012)                 
          Improved seminumerical algorithms                   
              C. Holzer,                                      
              J. Chem. Phys. 153 (2020), 184115               
                                         




              +--------------------------------------------------+
              |      general information about current run       |
              +--------------------------------------------------+

 
 Becke-3-Parameter hybrid functional: B3-LYP
 exchange:    0.8*LDA + 0.72*B88 + 0.2*HF
 correlation: 0.19*LDA(VWN) + 0.81*LYP
 A Hybrid-DFT calculation using the RI-J approximation will be carried out.
 Allocatable memory for RI due to $ricore (MB):                  2000

   *************************************************************************
   b3                                                                       
   *************************************************************************




              +--------------------------------------------------+
              | Atomic coordinate, charge and isotop information |
              +--------------------------------------------------+

                    atomic coordinates            atom    charge  isotop
        -13.62433634    5.45160073   -0.36696130    c      6.000     0
        -11.24620095    6.66019304   -0.37253501    c      6.000     0
         -9.00702351    5.31277111   -0.25730430    c      6.000     0
         -9.02183830    2.65248134   -0.12601720    c      6.000     0
         -6.73204809    1.21784482    0.02736516    c      6.000     0
         -6.76465103   -1.35969119    0.15711785    c      6.000     0
         -9.09019779   -2.76265366    0.12851059    c      6.000     0
         -9.14961719   -5.46045966    0.24526275    c      6.000     0
        -11.52589010   -6.67028255    0.23274308    c      6.000     0
        -13.77370558   -5.32365652    0.14245597    c      6.000     0
        -13.77384096   -2.66736053    0.01971672    c      6.000     0
        -16.06223732   -1.23124709   -0.12427989    c      6.000     0
        -16.03768729    1.34583437   -0.25829484    c      6.000     0
        -13.71107629    2.75194251   -0.24108988    c      6.000     0
        -11.38742725    1.34749164   -0.12051654    c      6.000     0
        -11.41130492   -1.36203004    0.00643270    c      6.000     0
        -15.94377141    6.94719672   -0.45716196    c      6.000     0
         -6.81307123   -6.94607895    0.34588646    c      6.000     0
        -16.14740643    9.42045237   -1.10368631    c      6.000     0
         -6.60140246   -9.27520782    1.35106864    c      6.000     0
        -18.50139957   10.73134211   -1.07901413    c      6.000     0
         -4.39268258  -10.56672245    1.29116401    o      8.000     0
        -20.40535268   11.83101178   -1.07643583    n      7.000     0
        -11.16261305    8.72131829   -0.41550501    h      1.000     0
         -7.19864751    6.31155893   -0.24144941    h      1.000     0
         -4.93384539    2.23554930    0.04961788    h      1.000     0
         -4.97703368   -2.37348381    0.30213098    h      1.000     0
        -11.60105522   -8.73303682    0.22815390    h      1.000     0
        -15.57779949   -6.33165158    0.12069099    h      1.000     0
        -17.86198374   -2.24728314   -0.13547809    h      1.000     0
        -17.83552829    2.34101870   -0.39599880    h      1.000     0
        -17.69897586    5.99163776    0.05714201    h      1.000     0
         -5.08181603   -6.13837290   -0.43884810    h      1.000     0
        -14.51051959   10.53152364   -1.70388431    h      1.000     0
         -8.19402903  -10.22409159    2.27808804    h      1.000     0
         -4.55986054  -12.12585517    2.22055150    h      1.000     0
 
       center of nuclear mass  :  -11.70524115    0.38599439   -0.04978318
       center of nuclear charge:  -11.66967169    0.33068202   -0.04144374

              +--------------------------------------------------+
              |               basis set information              |
              +--------------------------------------------------+

              we will work with the 1s 3p 5d 7f 9g ... basis set
              ...i.e. with spherical basis functions...

   type   atoms  prim   cont   basis
   ---------------------------------------------------------------------------
    c       21     43     23   aug-cc-pVDZ   [4s3p2d|18s5p2d]
    o        1     43     23   aug-cc-pVDZ   [4s3p2d|18s5p2d]
    n        1     43     23   aug-cc-pVDZ   [4s3p2d|18s5p2d]
    h       13     11      9   aug-cc-pVDZ   [3s2p|5s2p]
   ---------------------------------------------------------------------------
   total:   36   1132    646
   ---------------------------------------------------------------------------

   total number of primitive shells          :   82
   total number of contracted shells         :  272
   total number of cartesian basis functions :  692
   total number of SCF-basis functions       :  646


 integral neglect threshold       :  0.48E-11
 integral storage threshold THIZE :  0.10E-04
 integral storage threshold THIME :         5

 RI-J AUXILIARY BASIS SET information:

              we will work with the 1s 3p 5d 7f 9g ... basis set
              ...i.e. with spherical basis functions...

   type   atoms  prim   cont   basis
   ---------------------------------------------------------------------------
    c       21     70     49   aug-cc-pVDZ   [6s4p3d1f1g|12s5p4d2f1g]
    o        1     70     49   aug-cc-pVDZ   [6s4p3d1f1g|12s5p4d2f1g]
    n        1     70     49   aug-cc-pVDZ   [6s4p3d1f1g|12s5p4d2f1g]
    h       13     16     11   aug-cc-pVDZ   [3s1p1d|5s2p1d]
   ---------------------------------------------------------------------------
   total:   36   1818   1270
   ---------------------------------------------------------------------------

   total number of primitive shells          :   80
   total number of contracted shells         :  410
   total number of cartesian basis functions : 1559
   total number of SCF-basis functions       : 1270


 symmetry group of the molecule :   c1 

 the group has the following generators :
   c1(z)

    1 symmetry operations found

 there are 1 real representations :   a   

 maximum number of shells which are related by symmetry :  1

  
           ------------------
           density functional
           ------------------
 Becke-3-Parameter hybrid functional: B3-LYP
 exchange:    0.8*LDA + 0.72*B88 + 0.2*HF
 correlation: 0.19*LDA(VWN) + 0.81*LYP

 iterations will be done with small grid
  
 spherical integration : Lebedev's spherical grid
 spherical gridsize    :                     3
    i.e. gridpoints    :                   302
 value for diffuse not defined
 radial integration    : Chebyshev 2nd kind (scaling 3)
 radial gridsize       :                     3
 integration cells     :                    36
 partition function    : becke
 partition sharpness   :                     3
  

 biggest AO integral is expected to be     4.738267915

          ------------------------
          nuclear repulsion energy  :   1623.15991793    
          ------------------------


         -----------------
         -S,T+V- integrals
         -----------------

 1e-integrals will be neglected if expon. factor < 0.482942E-12
 
   Difference densities algorithm switched on.
   The maximal number of linear combinations of
   difference densities is                    20 .

 DIIS switched on: error vector is FDS-SDF
 Max. Iterations for DIIS is     :   4
 DIIS matrix (see manual) 
    Scaling factor of diagonals  :  1.200
    threshold for scaling factor :  0.000

 scf convergence criterion : increment of total energy < .1000000D-06
                  and increment of one-electron energy < .1000000D-03

 MOs are in ASCII format !


    mo occupation :
   irrep   mo's   occupied
    a      646       77
 
 number of basis functions   :   646
 number of occupied orbitals :    77
 

 reading orbital data $scfmo  from file mos
 orbital characterization : expanded
 virtual MOs provided and orthogonalized by Cholesky decomposition

 automatic virtual orbital shift switched on 
      shift if e(lumo)-e(homo) < 0.10000000    

  
           ------------------------
               RI-J - INFORMATION
           ------------------------
 Contributions to RI integral batches: 
  neglected integral batches:                  6097
  direct contribution:                         3628
  memory contribution:                 27403
 Memory core needed for (P|Q) and Cholesky     13 MByte
 Memory core minimum needed except of (P|Q)     2 MByte
 Total minimum memory core needed (sum)        14 MByte
  
 ****************************************
 Memory allocated for RI-J  1846 MByte
 ****************************************
                                            

 DSCF restart information will be dumped onto file mos


 Starting SCF iterations

          Overall gridpoints after grid construction =         50511

 ITERATION  ENERGY          1e-ENERGY        2e-ENERGY     NORM[dD(SAO)]  TOL
   1  -934.46553010037    -4456.4074158     1898.7819677    0.000D+00 0.482D-11
                            Exc = -105.795353448     Coul =  2029.65713023    
                            exK = -25.0798090547    
                              N = 153.99449832    
                            current damping = 0.300
 
          max. resid. norm for Fia-block=  3.152D-01 for orbital     46a         
          max. resid. fock norm         =  1.542D+00 for orbital    616a         

 ITERATION  ENERGY          1e-ENERGY        2e-ENERGY     NORM[dD(SAO)]  TOL
   2  -937.22987223712    -4491.3284876     1930.9386975    0.286D+03 0.108D-11
                            Exc = -107.740325340      Eck =  2038.67902282    
                              N = 153.99677035    
                            current damping = 0.250
 
          Norm of current diis error:  2.4701    
          max. resid. norm for Fia-block=  1.743D-01 for orbital     74a         
          max. resid. fock norm         =  3.172D-01 for orbital    597a         

 ITERATION  ENERGY          1e-ENERGY        2e-ENERGY     NORM[dD(SAO)]  TOL
   3  -937.28123997548    -4488.7000015     1928.2588436    0.855D+02 0.107D-11
                            Exc = -108.181443181      Eck =  2036.44028679    
                              N = 153.99682691    
                            current damping = 0.200
 
          Norm of current diis error:  2.0966    
          max. resid. norm for Fia-block=  1.122D-01 for orbital     69a         
          max. resid. fock norm         =  1.228D-01 for orbital     69a         

 ITERATION  ENERGY          1e-ENERGY        2e-ENERGY     NORM[dD(SAO)]  TOL
   4  -937.52525015343    -4489.3425640     1928.6573959    0.152D+02 0.107D-11
                            Exc = -107.913079115      Eck =  2036.57047505    
                              N = 153.99677246    
                            current damping = 0.250
 
          Norm of current diis error: 0.89071    
          max. resid. norm for Fia-block=  3.466D-02 for orbital     72a         
          max. resid. fock norm         =  4.887D-02 for orbital     71a         

 ITERATION  ENERGY          1e-ENERGY        2e-ENERGY     NORM[dD(SAO)]  TOL
   5  -937.56748246067    -4491.7549726     1931.0275722    0.755D+01 0.105D-11
                            Exc = -108.055113115      Eck =  2039.08268530    
                              N = 153.99680656    
                            current damping = 0.150
 
          Norm of current diis error: 0.29220    
          max. resid. norm for Fia-block=  1.692D-02 for orbital     24a         
          max. resid. fock norm         =  2.155D-02 for orbital     42a         
          mo-orthogonalization: Cholesky decomposition

 ITERATION  ENERGY          1e-ENERGY        2e-ENERGY     NORM[dD(SAO)]  TOL
   6  -937.57020414868    -4491.4437453     1930.7136232    0.309D+01 0.105D-11
                            Exc = -108.105289780      Eck =  2038.81891299    
                              N = 153.99687240    
                            current damping = 0.200
 
          Norm of current diis error: 0.18183    
          max. resid. norm for Fia-block=  5.919D-03 for orbital     24a         
          max. resid. fock norm         =  8.774D-03 for orbital     55a         

 ITERATION  ENERGY          1e-ENERGY        2e-ENERGY     NORM[dD(SAO)]  TOL
   7  -937.57188094913    -4491.2832185     1930.5514196    0.130D+01 0.105D-11
                            Exc = -108.069028159      Eck =  2038.62044780    
                              N = 153.99684581    
                            current damping = 0.100
 
          Norm of current diis error: 0.53590E-01
          max. resid. norm for Fia-block=  1.741D-03 for orbital     57a         
          max. resid. fock norm         =  2.667D-03 for orbital     27a         

 ITERATION  ENERGY          1e-ENERGY        2e-ENERGY     NORM[dD(SAO)]  TOL
   8  -937.57193452785    -4491.2704926     1930.5386401    0.435D+00 0.105D-11
                            Exc = -108.069238495      Eck =  2038.60787861    
                              N = 153.99684782    
                            current damping = 0.100
 
          Norm of current diis error: 0.42393E-01
          max. resid. norm for Fia-block=  8.612D-04 for orbital     77a         
          max. resid. fock norm         =  1.546D-03 for orbital     27a         

 ITERATION  ENERGY          1e-ENERGY        2e-ENERGY     NORM[dD(SAO)]  TOL
   9  -937.57201561241    -4491.3421642     1930.6102307    0.160D+00 0.105D-11
                            Exc = -108.074087406      Eck =  2038.68431811    
                              N = 153.99684734    
                            current damping = 0.150
 
          Norm of current diis error: 0.11923E-01
          max. resid. norm for Fia-block=  3.349D-04 for orbital     71a         
          max. resid. fock norm         =  5.755D-04 for orbital     27a         

 ITERATION  ENERGY          1e-ENERGY        2e-ENERGY     NORM[dD(SAO)]  TOL
  10  -937.57201997697    -4491.3425824     1930.6106445    0.910D-01 0.105D-11
                            Exc = -108.072449880      Eck =  2038.68309434    
                              N = 153.99684706    
                            current damping = 0.100
 
          Norm of current diis error: 0.77829E-02
          max. resid. norm for Fia-block=  1.652D-04 for orbital     71a         
          max. resid. fock norm         =  2.643D-04 for orbital     43a         
          mo-orthogonalization: Cholesky decomposition

 ITERATION  ENERGY          1e-ENERGY        2e-ENERGY     NORM[dD(SAO)]  TOL
  11  -937.57202294960    -4491.3129134     1930.5809725    0.399D-01 0.105D-11
                            Exc = -108.072087691      Eck =  2038.65306019    
                              N = 153.99684723    
                            current damping = 0.150
 
          Norm of current diis error: 0.23938E-02
          max. resid. norm for Fia-block=  5.852D-05 for orbital     71a         
          max. resid. fock norm         =  1.961D-04 for orbital    645a         

 ITERATION  ENERGY          1e-ENERGY        2e-ENERGY     NORM[dD(SAO)]  TOL
  12  -937.57202316168    -4491.3287197     1930.5967786    0.467D-01 0.105D-11
                            Exc = -108.072412185      Eck =  2038.66919081    
                              N = 153.99684709    
                            current damping = 0.200
 
          Norm of current diis error: 0.10577E-02
          max. resid. norm for Fia-block=  3.031D-05 for orbital     66a         
          max. resid. fock norm         =  2.282D-04 for orbital    642a         

 ITERATION  ENERGY          1e-ENERGY        2e-ENERGY     NORM[dD(SAO)]  TOL
  13  -937.57202322847    -4491.3266930     1930.5947519    0.382D-01 0.105D-11
                            Exc = -108.072507327      Eck =  2038.66725918    
                              N = 153.99684723    
                            current damping = 0.250
 
          Norm of current diis error: 0.40565E-03
          max. resid. norm for Fia-block=  1.424D-05 for orbital     71a         
          max. resid. fock norm         =  2.427D-04 for orbital    642a         

 ITERATION  ENERGY          1e-ENERGY        2e-ENERGY     NORM[dD(SAO)]  TOL
  14  -937.57202348885    -4491.3256930     1930.5937515    0.901D+02 0.138D-11
                            Exc = -108.072416363      Eck =  2038.66616791    
                              N = 153.99684720    
                            current damping = 0.100
 
          Norm of current diis error: 0.15673E-03
          max. resid. norm for Fia-block=  1.124D-05 for orbital     26a         
          max. resid. fock norm         =  2.164D-03 for orbital    642a         

 ENERGY CONVERGED !

          Overall gridpoints after grid construction =        183029

 ITERATION  ENERGY          1e-ENERGY        2e-ENERGY     NORM[dD(SAO)]  TOL
  15  -937.57089567520    -4491.3257853     1930.5949717    0.376D+00 0.232D-11
                            Exc = -108.071293754      Eck =  2038.66626545    
                              N = 153.99989620    
                            current damping = 0.150
 
          Norm of current diis error: 0.12077E-03
          max. resid. norm for Fia-block=  1.097D-05 for orbital     27a         
          max. resid. fock norm         =  2.252D-03 for orbital    642a         

 End of SCF iterations

   convergence criteria satisfied after    15 iterations


   *************************************************************************
   b3                                                                       
   *************************************************************************


                  ------------------------------------------ 
                 |  total energy      =   -937.57089567520  |
                  ------------------------------------------ 
                 :  kinetic energy    =    932.37437114488  :
                 :  potential energy  =  -1869.94526682008  :
                 :  virial theorem    =      1.99445745964  :
                 :  wavefunction norm =      1.00000000000  :
                  .......................................... 


 <geterg> : there is no data group $energy 


 <skperg> : $end is missing 


 orbitals $scfmo  will be written to file mos

    irrep                 73a         74a         75a         76a         77a   
 eigenvalues H         -0.28397    -0.27049    -0.24843    -0.24226    -0.20153
            eV          -7.7273     -7.3604     -6.7601     -6.5922     -5.4839
 occupation              2.0000      2.0000      2.0000      2.0000      2.0000

    irrep                 78a         79a         80a         81a         82a   
 eigenvalues H         -0.09457    -0.05726    -0.04725    -0.02855    -0.02658
            eV          -2.5735     -1.5580     -1.2857     -0.7769     -0.7233
 
 
 
 
 ==============================================================================
                           electrostatic moments
 ==============================================================================

 reference point for electrostatic moments:    0.00000   0.00000   0.00000

 
              nuc           elec       ->  total
 ------------------------------------------------------------------------------
                          charge      
 ------------------------------------------------------------------------------
         154.000000    -154.000000      -0.000000
 
 ------------------------------------------------------------------------------
                       dipole moment  
 ------------------------------------------------------------------------------
   x   -1797.129441    1798.962597       1.833157
   y      50.925031     -53.656980      -2.731949
   z      -6.382336       6.930528       0.548192
 
   | dipole moment | =     3.3353 a.u. =     8.4776 debye 
 
 ------------------------------------------------------------------------------
                     quadrupole moment
 ------------------------------------------------------------------------------
  xx   23874.467102  -24028.437284    -153.970182
  yy    6349.057355   -6447.482984     -98.425629
  zz      66.576432    -169.079181    -102.502750
  xy   -3451.762143    3506.135951      54.373809
  xz     400.774127    -406.909359      -6.135233
  yz    -581.773144     576.217056      -5.556089
 
     1/3  trace=    -118.299520
     anisotropy=     109.318001
 
 ==============================================================================
 
HOMO-LUMO Separation
 HOMO         :   -0.20152938 H =     -5.48390 eV
 LUMO         :   -0.09457231 H =     -2.57344 eV
 HOMO-LUMO gap:    0.10695707 H =     +2.91045 eV
 
 ==============================================================================


    ------------------------------------------------------------------------
         total  cpu-time :  1 hours 15 minutes and  1 seconds
         total wall-time :  1 hours 19 minutes and 14 seconds
    ------------------------------------------------------------------------

   ****  ridft : all done  ****


    2025-04-08 14:28:35.195 

 ridft ended normally
