
 eiger (nano18.int-nano.int.kit.edu) : TURBOMOLE rev. V7-6 19 Oct 2021 at 10:10:11 compiled Oct 19th 2021
 Copyright (C) 2021 TURBOMOLE GmbH, Karlsruhe


    2025-07-29 15:19:16.810 

 b3                                                                             
  
Total energy =  -2564.4868870960 H =    -69783.2426280 eV
 
 HOMO-LUMO Separation
   HOMO:   192.   192 a     -0.22603484 H =     -6.15072 eV
   LUMO:   193.   193 a     -0.09056750 H =     -2.46447 eV
   Gap :                    +0.13546734 H =     +3.68625 eV
 
Number of MOs=   1646, Electrons=    384.00, Symmetry: c1   
 
   Nr.   Orbital    Occupation       Energy
  209.   209 a                     +0.031248 H =        +0.850 eV
  208.   208 a                     +0.028072 H =        +0.764 eV
  207.   207 a                     +0.026678 H =        +0.726 eV
  206.   206 a                     +0.024838 H =        +0.676 eV
  205.   205 a                     +0.023497 H =        +0.639 eV
  204.   204 a                     +0.020913 H =        +0.569 eV
  203.   203 a                     +0.019358 H =        +0.527 eV
  202.   202 a                     +0.018573 H =        +0.505 eV
  201.   201 a                     +0.015581 H =        +0.424 eV
  200.   200 a                     +0.012601 H =        +0.343 eV
  199.   199 a                     +0.011453 H =        +0.312 eV
  198.   198 a                     +0.009523 H =        +0.259 eV
  197.   197 a                     +0.006697 H =        +0.182 eV
  196.   196 a                     +0.004179 H =        +0.114 eV
  195.   195 a                     -0.013964 H =        -0.380 eV
  194.   194 a                     -0.024129 H =        -0.657 eV
  193.   193 a                     -0.090567 H =        -2.464 eV
  192.   192 a        2.000        -0.226035 H =        -6.151 eV
  191.   191 a        2.000        -0.272889 H =        -7.426 eV
  190.   190 a        2.000        -0.292226 H =        -7.952 eV
  189.   189 a        2.000        -0.305097 H =        -8.302 eV
  188.   188 a        2.000        -0.309540 H =        -8.423 eV
  187.   187 a        2.000        -0.328370 H =        -8.935 eV
  186.   186 a        2.000        -0.345493 H =        -9.401 eV
  185.   185 a        2.000        -0.350544 H =        -9.539 eV
  184.   184 a        2.000        -0.362083 H =        -9.853 eV
  183.   183 a        2.000        -0.365811 H =        -9.954 eV
  182.   182 a        2.000        -0.372439 H =       -10.135 eV
  181.   181 a        2.000        -0.375101 H =       -10.207 eV
  180.   180 a        2.000        -0.380226 H =       -10.346 eV
  179.   179 a        2.000        -0.386793 H =       -10.525 eV
  178.   178 a        2.000        -0.387762 H =       -10.552 eV
  177.   177 a        2.000        -0.395480 H =       -10.762 eV


    ------------------------------------------------------------------------
         total  cpu-time :   1.32 seconds
         total wall-time :   1.34 seconds
    ------------------------------------------------------------------------

   ****  eiger : all done  ****


    2025-07-29 15:19:18.132 

