
 eiger (nano15.int-nano.int.kit.edu) : TURBOMOLE rev. V7-6 19 Oct 2021 at 10:10:11 compiled Oct 19th 2021
 Copyright (C) 2021 TURBOMOLE GmbH, Karlsruhe


    2025-04-09 19:40:48.863 

 cam                                                                            
  
Total energy =  -1049.8804107980 H =    -28568.7011331 eV
 
 HOMO-LUMO Separation
   HOMO:    82.    82 a     -0.24876093 H =     -6.76913 eV
   LUMO:    83.    83 a     -0.07297189 H =     -1.98567 eV
   Gap :                    +0.17578904 H =     +4.78346 eV
 
Number of MOs=    669, Electrons=    164.00, Symmetry: c1   
 
   Nr.   Orbital    Occupation       Energy
   99.    99 a                     +0.056151 H =        +1.528 eV
   98.    98 a                     +0.053110 H =        +1.445 eV
   97.    97 a                     +0.050913 H =        +1.385 eV
   96.    96 a                     +0.044891 H =        +1.222 eV
   95.    95 a                     +0.042216 H =        +1.149 eV
   94.    94 a                     +0.036724 H =        +0.999 eV
   93.    93 a                     +0.034535 H =        +0.940 eV
   92.    92 a                     +0.025277 H =        +0.688 eV
   91.    91 a                     +0.021696 H =        +0.590 eV
   90.    90 a                     +0.017709 H =        +0.482 eV
   89.    89 a                     +0.012402 H =        +0.337 eV
   88.    88 a                     +0.010137 H =        +0.276 eV
   87.    87 a                     +0.008533 H =        +0.232 eV
   86.    86 a                     -0.004837 H =        -0.132 eV
   85.    85 a                     -0.014048 H =        -0.382 eV
   84.    84 a                     -0.031001 H =        -0.844 eV
   83.    83 a                     -0.072972 H =        -1.986 eV
   82.    82 a        2.000        -0.248761 H =        -6.769 eV
   81.    81 a        2.000        -0.296457 H =        -8.067 eV
   80.    80 a        2.000        -0.307300 H =        -8.362 eV
   79.    79 a        2.000        -0.330177 H =        -8.985 eV
   78.    78 a        2.000        -0.352757 H =        -9.599 eV
   77.    77 a        2.000        -0.360775 H =        -9.817 eV
   76.    76 a        2.000        -0.368702 H =       -10.033 eV
   75.    75 a        2.000        -0.374219 H =       -10.183 eV
   74.    74 a        2.000        -0.378230 H =       -10.292 eV
   73.    73 a        2.000        -0.396707 H =       -10.795 eV
   72.    72 a        2.000        -0.406578 H =       -11.064 eV
   71.    71 a        2.000        -0.410176 H =       -11.161 eV
   70.    70 a        2.000        -0.429370 H =       -11.684 eV
   69.    69 a        2.000        -0.432429 H =       -11.767 eV
   68.    68 a        2.000        -0.450348 H =       -12.255 eV
   67.    67 a        2.000        -0.455549 H =       -12.396 eV


    ------------------------------------------------------------------------
         total  cpu-time :   0.26 seconds
         total wall-time :   0.27 seconds
    ------------------------------------------------------------------------

   ****  eiger : all done  ****


    2025-04-09 19:40:49.119 

