
 eiger (nano20.int-nano.int.kit.edu) : TURBOMOLE rev. V7-6 19 Oct 2021 at 10:10:11 compiled Oct 19th 2021
 Copyright (C) 2021 TURBOMOLE GmbH, Karlsruhe


    2025-04-10 03:03:38.432 

 cam                                                                            
  
Total energy =   -976.8929007160 H =    -26582.6098216 eV
 
 HOMO-LUMO Separation
   HOMO:    81.    81 a     -0.24325461 H =     -6.61929 eV
   LUMO:    82.    82 a     -0.06086489 H =     -1.65622 eV
   Gap :                    +0.18238971 H =     +4.96308 eV
 
Number of MOs=    687, Electrons=    162.00, Symmetry: c1   
 
   Nr.   Orbital    Occupation       Energy
   98.    98 a                     +0.052421 H =        +1.426 eV
   97.    97 a                     +0.051117 H =        +1.391 eV
   96.    96 a                     +0.048091 H =        +1.309 eV
   95.    95 a                     +0.044673 H =        +1.216 eV
   94.    94 a                     +0.038061 H =        +1.036 eV
   93.    93 a                     +0.035207 H =        +0.958 eV
   92.    92 a                     +0.032186 H =        +0.876 eV
   91.    91 a                     +0.029525 H =        +0.803 eV
   90.    90 a                     +0.023598 H =        +0.642 eV
   89.    89 a                     +0.021045 H =        +0.573 eV
   88.    88 a                     +0.015626 H =        +0.425 eV
   87.    87 a                     +0.013680 H =        +0.372 eV
   86.    86 a                     +0.010963 H =        +0.298 eV
   85.    85 a                     +0.004117 H =        +0.112 eV
   84.    84 a                     -0.008254 H =        -0.225 eV
   83.    83 a                     -0.017826 H =        -0.485 eV
   82.    82 a                     -0.060865 H =        -1.656 eV
   81.    81 a        2.000        -0.243255 H =        -6.619 eV
   80.    80 a        2.000        -0.291262 H =        -7.926 eV
   79.    79 a        2.000        -0.298804 H =        -8.131 eV
   78.    78 a        2.000        -0.326710 H =        -8.890 eV
   77.    77 a        2.000        -0.339943 H =        -9.250 eV
   76.    76 a        2.000        -0.360504 H =        -9.810 eV
   75.    75 a        2.000        -0.390001 H =       -10.612 eV
   74.    74 a        2.000        -0.392940 H =       -10.692 eV
   73.    73 a        2.000        -0.394433 H =       -10.733 eV
   72.    72 a        2.000        -0.406608 H =       -11.064 eV
   71.    71 a        2.000        -0.418305 H =       -11.383 eV
   70.    70 a        2.000        -0.423795 H =       -11.532 eV
   69.    69 a        2.000        -0.430040 H =       -11.702 eV
   68.    68 a        2.000        -0.434125 H =       -11.813 eV
   67.    67 a        2.000        -0.436098 H =       -11.867 eV
   66.    66 a        2.000        -0.443257 H =       -12.062 eV


    ------------------------------------------------------------------------
         total  cpu-time :   0.23 seconds
         total wall-time :   0.24 seconds
    ------------------------------------------------------------------------

   ****  eiger : all done  ****


    2025-04-10 03:03:38.653 

