
 ridft (nano15.int-nano.int.kit.edu) : TURBOMOLE rev. V7-6 19 Oct 2021 at 10:10:11 compiled Oct 19th 2021
 Copyright (C) 2021 TURBOMOLE GmbH, Karlsruhe


    2025-03-21 14:27:40.871 



                                  r i d f t

                        DFT program with RI approximation 
                                for coulomb part 




                                                 
                                 References:     
                                                 
          TURBOMOLE:                             
              R. Ahlrichs, M. Baer, M. Haeser, H. Horn, and
              C. Koelmel
              Electronic structure calculations on workstation
              computers: the program system TURBOMOLE
              Chem. Phys. Lett. 162: 165 (1989)
          Density Functional:                              
              O. Treutler and R. Ahlrichs                      
              Efficient Molecular Numerical Integration Schemes
              J. Chem. Phys. 102: 346 (1995)                   
          Parallel Version:                                
              Performance of parallel TURBOMOLE for Density    
              Functional Calculations                          
              M. v. Arnim and R. Ahlrichs                      
              J. Comp. Chem. 19: 1746 (1998)                   
          RI-J Method:                                     
              Auxiliary Basis Sets to approximate Coulomb      
              Potentials                                       
              Chem. Phys. Lett. 240: 283 (1995)                
              K. Eichkorn, O. Treutler, H. Oehm, M. Haeser     
              and R. Ahlrichs                                  
              Chem. Phys. Lett. 242: 652 (1995)                
                                                           
              Auxiliary Basis Sets for Main Row Atoms and their
              Use to approximate Coulomb Potentials            
              K. Eichkorn, F. Weigend, O. Treutler and         
              R. Ahlrichs                                      
              Theo. Chem. Acc. 97: 119 (1997)                   
                                                           
              Accurate Coulomb-fitting basis sets for H to Rn 
              F. Weigend                                        
              Phys. Chem. Chem. Phys. 8: 1057 (2006)            
                                                           
          Multipole accelerated RI-J (MARI-J):             
              Fast evaluation of the Coulomb potential for     
              electron densities using multipole accelerated   
              resolution of identity approximation             
              M. Sierka, A. Hogekamp and R. Ahlrichs           
              J. Chem. Phys. 118: 9136 (2003)                  
          RI-JK Method:                                     
              A fully direct RI-HF algorithm: Implementation,
              optimised auxiliary basis sets, demonstration of
              accuracy and efficiency                         
              F. Weigend                                      
              Phys. Chem. Chem. Phys. 4: 4285 (2002)           
          Two-component HF and DFT with spin-orbit coupling:  
              Self-consistent treatment of spin-orbit         
              interactions with efficient Hartree-Fock and    
              density functional methods                      
              M. K. Armbruster, F. Weigend, C. van Wüllen and 
              W. Klopper                                      
              Phys. Chem. Chem. Phys. 10: 1748 (2008)         
          Two-component difference density and DIIS algorithm 
              Efficient two-component self-consistent field   
              procedures and gradients: implementation in     
              TURBOMOLE and application to Au20-              
              A. Baldes, F. Weigend                           
              Mol. Phys. 111: 2617 (2013)                     
          Relativistic all-electron 2c calculations           
              An efficient implementation of two-component    
              relativistic exact-decoupling methods for large 
              molecules                                       
              D. Peng, N. Middendorf, F. Weigend, M. Reiher   
              J. Chem. Phys. 138: 184105 (2013)               
          Finite nucleus model and SNSO approximation         
              Efficient implementation of one- and two-       
              component analytical energy gradients in exact  
              two-component theory                            
              Y. J. Franzke, N. Middendorf, F. Weigend        
              J. Chem. Phys. 148: 104110 (2018)               
          Grids for all-electron relativistic methods         
              Error-consistent segmented contracted all-      
              electron relativistic basis sets of double-     
              and triple-zeta quality for NMR shielding       
              constants                                       
              Y. J. Franzke, R. Tress, T. M. Pazdera,         
              F. Weigend                                      
              Phys. Chem. Chem. Phys. 21: 166658 (2019)       
          Seminumerical exchange algorithms                   
              Seminumerical calculation of the Hartree-Fock   
              exchange matirx: Application to two-component   
              procedures and efficient evaluation of local    
              hybrid functionsl                               
               P. Plessow, F. Weigend,                        
              J. Comput. Chem. 33: 810 (2012)                 
          Improved seminumerical algorithms                   
              C. Holzer,                                      
              J. Chem. Phys. 153 (2020), 184115               
                                         




              +--------------------------------------------------+
              |      general information about current run       |
              +--------------------------------------------------+

 
 Becke-3-Parameter hybrid functional: B3-LYP
 exchange:    0.8*LDA + 0.72*B88 + 0.2*HF
 correlation: 0.19*LDA(VWN) + 0.81*LYP
 A Hybrid-DFT calculation using the RI-J approximation will be carried out.
 Allocatable memory for RI due to $ricore (MB):                  2000

   *************************************************************************
   opt                                                                      
   *************************************************************************




              +--------------------------------------------------+
              | Atomic coordinate, charge and isotop information |
              +--------------------------------------------------+

                    atomic coordinates            atom    charge  isotop
          0.30199713   -3.37641146    3.24097479    c      6.000     0
         -0.07594809    0.86768665    4.59101403    c      6.000     0
         -0.01604377    0.20049994    7.07834715    c      6.000     0
          0.37514843   -4.18946613    5.80474733    c      6.000     0
          0.21144146   -2.35081930    7.85241676    c      6.000     0
          0.27612678   -3.07694656   10.40694854    c      6.000     0
          0.13324459   -1.47045259   12.47986471    c      6.000     0
         -0.25354455    2.85490374   21.90014944    c      6.000     0
          0.00000000    0.00000000   21.71488069    c      6.000     0
          0.08165507   -0.92938621   24.19747059    c      6.000     0
         -0.10155388    1.12650354   25.91593084    c      6.000     0
         -0.11111590    1.22414569   28.54142183    c      6.000     0
          0.00000000    0.00000000    0.00000000    c      6.000     0
          0.07377491   -0.81724986    2.67891355    n      7.000     0
          2.03383664    4.29568763   20.89079003    c      6.000     0
         -2.75816866    3.87032918   20.88893810    c      6.000     0
         -0.29413587    3.29985866   24.64839704    o      8.000     0
          0.31084105   -3.51394573   24.79666495    c      6.000     0
          0.08184404   -0.95142041   30.07999905    c      6.000     0
         -0.32159359    3.58893006   29.77632006    c      6.000     0
          0.50149552   -5.66347140   25.13120317    n      7.000     0
          0.23519531   -2.68023636   31.40677576    n      7.000     0
         -0.49280278    5.51231221   30.79875638    n      7.000     0
          0.20548882   -2.28896856   14.97745904    c      6.000     0
          0.06079249   -0.66661979   17.04359110    c      6.000     0
          0.13195958   -1.47682097   19.54241375    c      6.000     0
         -0.25159814    2.82493269   -0.42749384    c      6.000     0
          0.46113097   -5.16807970    1.28193351    c      6.000     0
          0.68759575   -7.70666218    1.81944721    c      6.000     0
          0.76256118   -8.53708343    4.32543192    c      6.000     0
          0.60862409   -6.80395891    6.25983117    c      6.000     0
         -0.25057768    2.82489489    4.06024665    h      1.000     0
         -0.15004425    1.70492981    8.44841748    h      1.000     0
          0.45281617   -5.06639353   10.84005487    h      1.000     0
         -0.04624160    0.55187562   12.17954943    h      1.000     0
          1.73004427   -0.67398972   -0.89850808    h      1.000     0
         -1.58451646   -0.96903266   -0.89716637    h      1.000     0
          2.15632869    4.12555559   18.84338515    h      1.000     0
          1.85161035    6.29052032   21.37355836    h      1.000     0
          3.77538934    3.56593209   21.71465393    h      1.000     0
         -2.84717476    3.68145105   18.84143874    h      1.000     0
         -4.34457485    2.84520945   21.71144139    h      1.000     0
         -2.93056838    5.86608784   21.37166863    h      1.000     0
          0.38433250   -4.30277410   15.33847232    h      1.000     0
         -0.11686066    1.33465687   16.63454098    h      1.000     0
          0.31135128   -3.49776967   19.84898401    h      1.000     0
         -0.28017080    3.13773905   -2.46461861    h      1.000     0
         -2.00507501    3.58560414    0.34374118    h      1.000     0
          1.34059061    3.88333049    0.34255065    h      1.000     0
          0.40802966   -4.57822058   -0.66754575    h      1.000     0
          0.80700754   -9.05229836    0.28372348    h      1.000     0
          0.94053559  -10.52983743    4.74754005    h      1.000     0
          0.67009688   -7.48420362    8.18160705    h      1.000     0
 
       center of nuclear mass  :    0.08380540   -0.93798392   15.40238520
       center of nuclear charge:    0.08014585   -0.89635008   15.12781033

              +--------------------------------------------------+
              |               basis set information              |
              +--------------------------------------------------+

              we will work with the 1s 3p 5d 7f 9g ... basis set
              ...i.e. with spherical basis functions...

   type   atoms  prim   cont   basis
   ---------------------------------------------------------------------------
    c       26     24     14   def2-SVP   [3s2p1d|7s4p1d]
    n        4     24     14   def2-SVP   [3s2p1d|7s4p1d]
    o        1     24     14   def2-SVP   [3s2p1d|7s4p1d]
    h       22      7      5   def2-SVP   [2s1p|4s1p]
   ---------------------------------------------------------------------------
   total:   53    898    544
   ---------------------------------------------------------------------------

   total number of primitive shells          :   41
   total number of contracted shells         :  252
   total number of cartesian basis functions :  575
   total number of SCF-basis functions       :  544


 integral neglect threshold       :  0.58E-11
 integral storage threshold THIZE :  0.10E-04
 integral storage threshold THIME :         5

 RI-J AUXILIARY BASIS SET information:

              we will work with the 1s 3p 5d 7f 9g ... basis set
              ...i.e. with spherical basis functions...

   type   atoms  prim   cont   basis
   ---------------------------------------------------------------------------
    c       26     70     49   def2-SVP   [6s4p3d1f1g|12s5p4d2f1g]
    n        4     70     49   def2-SVP   [6s4p3d1f1g|12s5p4d2f1g]
    o        1     70     49   def2-SVP   [6s4p3d1f1g|12s5p4d2f1g]
    h       22     16     11   def2-SVP   [3s1p1d|5s2p1d]
   ---------------------------------------------------------------------------
   total:   53   2522   1761
   ---------------------------------------------------------------------------

   total number of primitive shells          :   80
   total number of contracted shells         :  575
   total number of cartesian basis functions : 2155
   total number of SCF-basis functions       : 1761


 symmetry group of the molecule :   c1 

 the group has the following generators :
   c1(z)

    1 symmetry operations found

 there are 1 real representations :   a   

 maximum number of shells which are related by symmetry :  1

  
           ------------------
           density functional
           ------------------
 Becke-3-Parameter hybrid functional: B3-LYP
 exchange:    0.8*LDA + 0.72*B88 + 0.2*HF
 correlation: 0.19*LDA(VWN) + 0.81*LYP

 iterations will be done with small grid
  
 spherical integration : Lebedev's spherical grid
 spherical gridsize    :                     3
    i.e. gridpoints    :                   302
 value for diffuse not defined
 radial integration    : Chebyshev 2nd kind (scaling 3)
 radial gridsize       :                     3
 integration cells     :                    53
 partition function    : becke
 partition sharpness   :                     3
  

 biggest AO integral is expected to be     4.776656448

          ------------------------
          nuclear repulsion energy  :   2521.08695345    
          ------------------------


         -----------------
         -S,T+V- integrals
         -----------------

 1e-integrals will be neglected if expon. factor < 0.581211E-12
 
   Difference densities algorithm switched on.
   The maximal number of linear combinations of
   difference densities is                    20 .

 DIIS switched on: error vector is FDS-SDF
 Max. Iterations for DIIS is     :   4
 DIIS matrix (see manual) 
    Scaling factor of diagonals  :  1.200
    threshold for scaling factor :  0.000

 scf convergence criterion : increment of total energy < .1000000D-06
                  and increment of one-electron energy < .1000000D-03

 MOs are in ASCII format !


    mo occupation :
   irrep   mo's   occupied
    a      544      107
 
 number of basis functions   :   544
 number of occupied orbitals :   107
 

 reading orbital data $scfmo  from file mos
 orbital characterization : expanded
 virtual MOs provided and orthogonalized by Cholesky decomposition

 automatic virtual orbital shift switched on 
      shift if e(lumo)-e(homo) < 0.10000000    

  
           ------------------------
               RI-J - INFORMATION
           ------------------------
 Contributions to RI integral batches: 
  neglected integral batches:                 16493
  direct contribution:                            0
  memory contribution:                 15385
 Memory core needed for (P|Q) and Cholesky     24 MByte
 Memory core minimum needed except of (P|Q)     2 MByte
 Total minimum memory core needed (sum)        25 MByte
  
 ****************************************
 Memory allocated for RI-J  1262 MByte
 ****************************************
                                            

 DSCF restart information will be dumped onto file mos


 Starting SCF iterations

          Overall gridpoints after grid construction =         71938

 ITERATION  ENERGY          1e-ENERGY        2e-ENERGY     NORM[dD(SAO)]  TOL
   1  -1291.0418750435    -6705.7029413     2893.5741128    0.000D+00 0.580D-11
                            Exc = -145.944265727     Coul =  3074.10221867    
                            exK = -34.5838401613    
                              N = 214.01331863    
                            current damping = 0.300
 
          max. resid. norm for Fia-block=  3.728D-01 for orbital     67a         
          max. resid. fock norm         =  1.111D+00 for orbital    383a         

 ITERATION  ENERGY          1e-ENERGY        2e-ENERGY     NORM[dD(SAO)]  TOL
   2  -1295.5415057649    -6765.5202551     2948.8917959    0.523D+01 0.367D-11
                            Exc = -148.545451959      Eck =  3097.43724781    
                              N = 214.00777857    
                            current damping = 0.250
 
          Norm of current diis error:  2.6989    
          max. resid. norm for Fia-block=  1.705D-01 for orbital    104a         
          max. resid. fock norm         =  4.226D-01 for orbital    520a         

 ITERATION  ENERGY          1e-ENERGY        2e-ENERGY     NORM[dD(SAO)]  TOL
   3  -1295.8403409393    -6759.5467662     2942.6194718    0.216D+01 0.328D-11
                            Exc = -149.558193732      Eck =  3092.17766554    
                              N = 214.00655483    
                            current damping = 0.200
 
          Norm of current diis error:  2.1699    
          max. resid. norm for Fia-block=  1.020D-01 for orbital    104a         
          max. resid. fock norm         =  1.136D-01 for orbital    448a         

 ITERATION  ENERGY          1e-ENERGY        2e-ENERGY     NORM[dD(SAO)]  TOL
   4  -1296.3727925798    -6760.1883085     2942.7285625    0.122D+01 0.311D-11
                            Exc = -148.941128353      Eck =  3091.66969086    
                              N = 214.00670198    
                            current damping = 0.250
 
          Norm of current diis error: 0.67406    
          max. resid. norm for Fia-block=  2.372D-02 for orbital     84a         
          max. resid. fock norm         =  3.749D-02 for orbital     84a         
          irrep a   : virtual orbitals shifted by    0.01717

 ITERATION  ENERGY          1e-ENERGY        2e-ENERGY     NORM[dD(SAO)]  TOL
   5  -1296.4159972948    -6762.8199997     2945.3170490    0.424D+00 0.289D-11
                            Exc = -149.112675163      Eck =  3094.42972412    
                              N = 214.00649712    
                            current damping = 0.150
 
          Norm of current diis error: 0.26320    
          max. resid. norm for Fia-block=  1.639D-02 for orbital     32a         
          max. resid. fock norm         =  2.548D-02 for orbital     90a         
          irrep a   : virtual orbitals shifted by    0.01343
          mo-orthogonalization: Cholesky decomposition

 ITERATION  ENERGY          1e-ENERGY        2e-ENERGY     NORM[dD(SAO)]  TOL
   6  -1296.4223969953    -6762.9409191     2945.4315687    0.183D+00 0.283D-11
                            Exc = -149.185897677      Eck =  3094.61746634    
                              N = 214.00645920    
                            current damping = 0.100
 
          Norm of current diis error: 0.14074    
          max. resid. norm for Fia-block=  4.981D-03 for orbital    107a         
          max. resid. fock norm         =  1.023D-02 for orbital     84a         
          irrep a   : virtual orbitals shifted by    0.02137

 ITERATION  ENERGY          1e-ENERGY        2e-ENERGY     NORM[dD(SAO)]  TOL
   7  -1296.4247999604    -6762.3254574     2944.8137040    0.711D-01 0.276D-11
                            Exc = -149.143917324      Eck =  3093.95762136    
                              N = 214.00648937    
                            current damping = 0.150
 
          Norm of current diis error: 0.63256E-01
          max. resid. norm for Fia-block=  2.135D-03 for orbital    106a         
          max. resid. fock norm         =  3.737D-03 for orbital    464a         
          irrep a   : virtual orbitals shifted by    0.01803

 ITERATION  ENERGY          1e-ENERGY        2e-ENERGY     NORM[dD(SAO)]  TOL
   8  -1296.4252504890    -6762.4527496     2944.9405457    0.255D-01 0.271D-11
                            Exc = -149.141578363      Eck =  3094.08212404    
                              N = 214.00648190    
                            current damping = 0.200
 
          Norm of current diis error: 0.20542E-01
          max. resid. norm for Fia-block=  7.698D-04 for orbital    106a         
          max. resid. fock norm         =  1.509D-03 for orbital     39a         
          irrep a   : virtual orbitals shifted by    0.01418

 ITERATION  ENERGY          1e-ENERGY        2e-ENERGY     NORM[dD(SAO)]  TOL
   9  -1296.4252953678    -6762.5384426     2945.0261937    0.943D-02 0.267D-11
                            Exc = -149.148482835      Eck =  3094.17467657    
                              N = 214.00648298    
                            current damping = 0.100
 
          Norm of current diis error: 0.93217E-02
          max. resid. norm for Fia-block=  3.825D-04 for orbital    107a         
          max. resid. fock norm         =  7.737D-04 for orbital     47a         
          irrep a   : virtual orbitals shifted by    0.02122

 ITERATION  ENERGY          1e-ENERGY        2e-ENERGY     NORM[dD(SAO)]  TOL
  10  -1296.4253047780    -6762.4937264     2944.9814682    0.341D-02 0.263D-11
                            Exc = -149.147687296      Eck =  3094.12915546    
                              N = 214.00648117    
                            current damping = 0.150
 
          Norm of current diis error: 0.43630E-02
          max. resid. norm for Fia-block=  1.848D-04 for orbital    100a         
          max. resid. fock norm         =  2.613D-04 for orbital    494a         
          irrep a   : virtual orbitals shifted by    0.01767
          mo-orthogonalization: Cholesky decomposition

 ITERATION  ENERGY          1e-ENERGY        2e-ENERGY     NORM[dD(SAO)]  TOL
  11  -1296.4253066258    -6762.5060907     2944.9938306    0.123D-02 0.258D-11
                            Exc = -149.146862174      Eck =  3094.14069276    
                              N = 214.00648260    
                            current damping = 0.200
 
          Norm of current diis error: 0.22849E-02
          max. resid. norm for Fia-block=  1.175D-04 for orbital     99a         
          max. resid. fock norm         =  1.378D-04 for orbital    125a         
          irrep a   : virtual orbitals shifted by    0.01410

 ITERATION  ENERGY          1e-ENERGY        2e-ENERGY     NORM[dD(SAO)]  TOL
  12  -1296.4253071402    -6762.5006786     2944.9884180    0.354D-03 0.254D-11
                            Exc = -149.147120582      Eck =  3094.13553857    
                              N = 214.00648240    
                            current damping = 0.250
 
          Norm of current diis error: 0.98089E-03
          max. resid. norm for Fia-block=  3.643D-05 for orbital    102a         
          max. resid. fock norm         =  6.108D-05 for orbital     61a         
          irrep a   : virtual orbitals shifted by    0.01050

 ITERATION  ENERGY          1e-ENERGY        2e-ENERGY     NORM[dD(SAO)]  TOL
  13  -1296.4253072396    -6762.5031423     2944.9908816    0.180D-03 0.250D-11
                            Exc = -149.147146373      Eck =  3094.13802802    
                              N = 214.00648229    
                            current damping = 0.300
 
          Norm of current diis error: 0.35551E-03
          max. resid. norm for Fia-block=  1.303D-05 for orbital    107a         
          max. resid. fock norm         =  2.145D-05 for orbital     43a         
          irrep a   : virtual orbitals shifted by    0.00692

 ENERGY CONVERGED !

          Overall gridpoints after grid construction =        262211

 ITERATION  ENERGY          1e-ENERGY        2e-ENERGY     NORM[dD(SAO)]  TOL
  14  -1296.4249808370    -6762.5031297     2944.9911954    0.901D-04 0.248D-11
                            Exc = -149.146854049      Eck =  3094.13804943    
                              N = 213.99999578    
                            current damping = 0.350
 
          Norm of current diis error: 0.16010E-03
          max. resid. norm for Fia-block=  5.609D-06 for orbital    107a         
          max. resid. fock norm         =  1.066D-05 for orbital     49a         

 End of SCF iterations

   convergence criteria satisfied after    14 iterations


   *************************************************************************
   opt                                                                      
   *************************************************************************


                  ------------------------------------------ 
                 |  total energy      =  -1296.42498083696  |
                  ------------------------------------------ 
                 :  kinetic energy    =   1283.85934173151  :
                 :  potential energy  =  -2580.28432256848  :
                 :  virial theorem    =      1.99030746916  :
                 :  wavefunction norm =      1.00000000000  :
                  .......................................... 


 <geterg> : there is no data group $energy 


 <skperg> : $end is missing 


 orbitals $scfmo  will be written to file mos

    irrep                103a        104a        105a        106a        107a   
 eigenvalues H         -0.29849    -0.28175    -0.25966    -0.22252    -0.18686
            eV          -8.1225     -7.6670     -7.0657     -6.0552     -5.0848
 occupation              2.0000      2.0000      2.0000      2.0000      2.0000

    irrep                108a        109a        110a        111a        112a   
 eigenvalues H         -0.11526    -0.06324    -0.05383    -0.02389    -0.00540
            eV          -3.1364     -1.7210     -1.4648     -0.6500     -0.1469
 
 
 
 
 ==============================================================================
                           electrostatic moments
 ==============================================================================

 reference point for electrostatic moments:    0.00000   0.00000   0.00000

 
              nuc           elec       ->  total
 ------------------------------------------------------------------------------
                          charge      
 ------------------------------------------------------------------------------
         214.000000    -214.000000      -0.000000
 
 ------------------------------------------------------------------------------
                       dipole moment  
 ------------------------------------------------------------------------------
   x      17.151211     -17.213433      -0.062222
   y    -191.818918     192.540085       0.721167
   z    3237.351410   -3248.519810     -11.168400
 
   | dipole moment | =    11.1918 a.u. =    28.4468 debye 
 
 ------------------------------------------------------------------------------
                     quadrupole moment
 ------------------------------------------------------------------------------
  xx     161.691594    -298.078181    -136.386587
  yy    3119.248621   -3259.211802    -139.963181
  zz   73017.456319  -73534.257013    -516.800694
  xy    -265.885335     266.204559       0.319224
  xz     -44.549470      42.977015      -1.572455
  yz     482.154131    -463.839625      18.314506
 
     1/3  trace=    -264.383487
     anisotropy=     379.975111
 
 ==============================================================================
 
HOMO-LUMO Separation
 HOMO         :   -0.18685993 H =     -5.08472 eV
 LUMO         :   -0.11525889 H =     -3.13636 eV
 HOMO-LUMO gap:    0.07160104 H =     +1.94836 eV
 
 ==============================================================================


    ------------------------------------------------------------------------
         total  cpu-time :  4 minutes and 59 seconds
         total wall-time :  5 minutes and  0 seconds
    ------------------------------------------------------------------------

   ****  ridft : all done  ****


    2025-03-21 14:32:40.721 

