
 eiger (nano03.int-nano.int.kit.edu) : TURBOMOLE rev. V7-6 19 Oct 2021 at 10:10:11 compiled Oct 19th 2021
 Copyright (C) 2021 TURBOMOLE GmbH, Karlsruhe


    2025-03-19 17:09:47.446 

 tcf1-wb97x                                                                     
  
Total energy =  -1067.0602754120 H =    -29036.1890608 eV
 
 HOMO-LUMO Separation
   HOMO:    87.    87 a     -0.29377483 H =     -7.99402 eV
   LUMO:    88.    88 a     -0.05639651 H =     -1.53463 eV
   Gap :                    +0.23737833 H =     +6.45939 eV
 
Number of MOs=    737, Electrons=    174.00, Symmetry: c1   
 
   Nr.   Orbital    Occupation       Energy
  104.   104 a                     +0.075773 H =        +2.062 eV
  103.   103 a                     +0.074506 H =        +2.027 eV
  102.   102 a                     +0.066281 H =        +1.804 eV
  101.   101 a                     +0.062948 H =        +1.713 eV
  100.   100 a                     +0.061797 H =        +1.682 eV
   99.    99 a                     +0.056562 H =        +1.539 eV
   98.    98 a                     +0.055412 H =        +1.508 eV
   97.    97 a                     +0.051651 H =        +1.406 eV
   96.    96 a                     +0.047710 H =        +1.298 eV
   95.    95 a                     +0.044304 H =        +1.206 eV
   94.    94 a                     +0.041550 H =        +1.131 eV
   93.    93 a                     +0.037997 H =        +1.034 eV
   92.    92 a                     +0.035970 H =        +0.979 eV
   91.    91 a                     +0.028353 H =        +0.772 eV
   90.    90 a                     +0.026442 H =        +0.720 eV
   89.    89 a                     +0.019715 H =        +0.536 eV
   88.    88 a                     -0.056397 H =        -1.535 eV
   87.    87 a        2.000        -0.293775 H =        -7.994 eV
   86.    86 a        2.000        -0.333416 H =        -9.073 eV
   85.    85 a        2.000        -0.379165 H =       -10.318 eV
   84.    84 a        2.000        -0.381347 H =       -10.377 eV
   83.    83 a        2.000        -0.425076 H =       -11.567 eV
   82.    82 a        2.000        -0.428680 H =       -11.665 eV
   81.    81 a        2.000        -0.440539 H =       -11.988 eV
   80.    80 a        2.000        -0.444568 H =       -12.097 eV
   79.    79 a        2.000        -0.459158 H =       -12.494 eV
   78.    78 a        2.000        -0.462533 H =       -12.586 eV
   77.    77 a        2.000        -0.463106 H =       -12.602 eV
   76.    76 a        2.000        -0.470195 H =       -12.795 eV
   75.    75 a        2.000        -0.474703 H =       -12.917 eV
   74.    74 a        2.000        -0.475552 H =       -12.940 eV
   73.    73 a        2.000        -0.479730 H =       -13.054 eV
   72.    72 a        2.000        -0.489175 H =       -13.311 eV


    ------------------------------------------------------------------------
         total  cpu-time :   0.27 seconds
         total wall-time :   0.29 seconds
    ------------------------------------------------------------------------

   ****  eiger : all done  ****


    2025-03-19 17:09:47.718 

