
 ridft (nano03.int-nano.int.kit.edu) : TURBOMOLE rev. V7-6 19 Oct 2021 at 10:10:11 compiled Oct 19th 2021
 Copyright (C) 2021 TURBOMOLE GmbH, Karlsruhe


    2025-03-19 15:11:38.596 



                                  r i d f t

                        DFT program with RI approximation 
                                for coulomb part 




                                                 
                                 References:     
                                                 
          TURBOMOLE:                             
              R. Ahlrichs, M. Baer, M. Haeser, H. Horn, and
              C. Koelmel
              Electronic structure calculations on workstation
              computers: the program system TURBOMOLE
              Chem. Phys. Lett. 162: 165 (1989)
          Density Functional:                              
              O. Treutler and R. Ahlrichs                      
              Efficient Molecular Numerical Integration Schemes
              J. Chem. Phys. 102: 346 (1995)                   
          Parallel Version:                                
              Performance of parallel TURBOMOLE for Density    
              Functional Calculations                          
              M. v. Arnim and R. Ahlrichs                      
              J. Comp. Chem. 19: 1746 (1998)                   
          RI-J Method:                                     
              Auxiliary Basis Sets to approximate Coulomb      
              Potentials                                       
              Chem. Phys. Lett. 240: 283 (1995)                
              K. Eichkorn, O. Treutler, H. Oehm, M. Haeser     
              and R. Ahlrichs                                  
              Chem. Phys. Lett. 242: 652 (1995)                
                                                           
              Auxiliary Basis Sets for Main Row Atoms and their
              Use to approximate Coulomb Potentials            
              K. Eichkorn, F. Weigend, O. Treutler and         
              R. Ahlrichs                                      
              Theo. Chem. Acc. 97: 119 (1997)                   
                                                           
              Accurate Coulomb-fitting basis sets for H to Rn 
              F. Weigend                                        
              Phys. Chem. Chem. Phys. 8: 1057 (2006)            
                                                           
          Multipole accelerated RI-J (MARI-J):             
              Fast evaluation of the Coulomb potential for     
              electron densities using multipole accelerated   
              resolution of identity approximation             
              M. Sierka, A. Hogekamp and R. Ahlrichs           
              J. Chem. Phys. 118: 9136 (2003)                  
          RI-JK Method:                                     
              A fully direct RI-HF algorithm: Implementation,
              optimised auxiliary basis sets, demonstration of
              accuracy and efficiency                         
              F. Weigend                                      
              Phys. Chem. Chem. Phys. 4: 4285 (2002)           
          Two-component HF and DFT with spin-orbit coupling:  
              Self-consistent treatment of spin-orbit         
              interactions with efficient Hartree-Fock and    
              density functional methods                      
              M. K. Armbruster, F. Weigend, C. van Wüllen and 
              W. Klopper                                      
              Phys. Chem. Chem. Phys. 10: 1748 (2008)         
          Two-component difference density and DIIS algorithm 
              Efficient two-component self-consistent field   
              procedures and gradients: implementation in     
              TURBOMOLE and application to Au20-              
              A. Baldes, F. Weigend                           
              Mol. Phys. 111: 2617 (2013)                     
          Relativistic all-electron 2c calculations           
              An efficient implementation of two-component    
              relativistic exact-decoupling methods for large 
              molecules                                       
              D. Peng, N. Middendorf, F. Weigend, M. Reiher   
              J. Chem. Phys. 138: 184105 (2013)               
          Finite nucleus model and SNSO approximation         
              Efficient implementation of one- and two-       
              component analytical energy gradients in exact  
              two-component theory                            
              Y. J. Franzke, N. Middendorf, F. Weigend        
              J. Chem. Phys. 148: 104110 (2018)               
          Grids for all-electron relativistic methods         
              Error-consistent segmented contracted all-      
              electron relativistic basis sets of double-     
              and triple-zeta quality for NMR shielding       
              constants                                       
              Y. J. Franzke, R. Tress, T. M. Pazdera,         
              F. Weigend                                      
              Phys. Chem. Chem. Phys. 21: 166658 (2019)       
          Seminumerical exchange algorithms                   
              Seminumerical calculation of the Hartree-Fock   
              exchange matirx: Application to two-component   
              procedures and efficient evaluation of local    
              hybrid functionsl                               
               P. Plessow, F. Weigend,                        
              J. Comput. Chem. 33: 810 (2012)                 
          Improved seminumerical algorithms                   
              C. Holzer,                                      
              J. Chem. Phys. 153 (2020), 184115               
                                         




              +--------------------------------------------------+
              |      general information about current run       |
              +--------------------------------------------------+

 
 Libxc version: 5.1.4
 S. Lehtola, C. Steigemann, M.J.T. Oliveira, and M.A.L. Marques, Software X 7, 1 (2018)
 M.A.L. Marques, M.J.T. Oliveira, and T. Burnus, Comput. Phys. Commun. 183, 2272 (2012)
 TURBOMOLE integration by Christof Holzer

 Name of XC-Functional: wB97X range-separated functional
 alpha=    0.15771
 beta =    0.84229
 omega=    0.30000
 [1] J.-D. Chai and M. Head-Gordon, J. Chem. Phys. 128, 084106 (2008)
 A Hybrid-DFT calculation using the RI-J approximation will be carried out.
 Allocatable memory for RI due to $ricore (MB):                  2000

   *************************************************************************
   tcf1-wb97x                                                               
   *************************************************************************




              +--------------------------------------------------+
              | Atomic coordinate, charge and isotop information |
              +--------------------------------------------------+

                    atomic coordinates            atom    charge  isotop
          1.77819657   -0.01193116   -4.08293168    o      8.000     0
         -6.62725383   -0.01748110   -0.64881309    n      7.000     0
          1.15851285    0.01483416  -10.66746561    n      7.000     0
         -6.59309174    0.01087745   -7.62049578    n      7.000     0
         -0.00731929    0.02640231   15.13967540    n      7.000     0
         -0.73488973   -0.00902382   -4.34844463    c      6.000     0
         -1.90163461   -0.01676697   -1.86867287    c      6.000     0
         -0.01451083   -0.02145954   -0.05113467    c      6.000     0
          2.51713995   -0.01714246   -1.42803107    c      6.000     0
         -1.77711470    0.00121831   -6.74432464    c      6.000     0
         -0.14796461    0.00861696   -8.90144304    c      6.000     0
         -4.44085564    0.00607169   -7.17909808    c      6.000     0
         -4.52899738   -0.01713585   -1.29756740    c      6.000     0
          0.29892330    0.00939118   12.56657517    c      6.000     0
          2.73941993    0.00856027   11.43957804    c      6.000     0
          4.43123466    0.01972685   12.61164457    h      1.000     0
          3.01449527   -0.00555277    8.83624163    c      6.000     0
          4.92282707   -0.00414587    8.04002178    h      1.000     0
          0.91969229   -0.01928749    7.17474585    c      6.000     0
         -1.50647644   -0.02202608    8.30654837    c      6.000     0
         -3.19712861   -0.03452001    7.12235017    h      1.000     0
         -1.81944664   -0.00804626   10.90100968    c      6.000     0
         -3.73295648   -0.00985719   11.65801167    h      1.000     0
          2.18513548    0.04944166   16.79182440    c      6.000     0
          5.68020908    2.40884939   -2.31969589    h      1.000     0
          4.78569607    2.50253464    0.93456405    h      1.000     0
          2.90523811    4.08211060   -1.37653263    h      1.000     0
         -2.52555717    0.03118464   16.23674645    c      6.000     0
         -2.37308519    0.04058773   18.30436686    h      1.000     0
          4.06514766    2.39658072   -1.01035908    c      6.000     0
         -3.62215560    1.71559240   15.67072283    h      1.000     0
         -0.45058365   -0.02644010    2.61139571    c      6.000     0
         -2.44684498   -0.02914052    3.14742692    h      1.000     0
          1.34251454   -0.02366976    4.47735475    c      6.000     0
          3.33631847   -0.02081477    3.93154402    h      1.000     0
          4.06738150   -2.43062376   -1.01870619    c      6.000     0
          2.90967821   -4.11571257   -1.39372461    h      1.000     0
          4.78462082   -2.54365735    0.92710172    h      1.000     0
          5.68462329   -2.43582920   -2.32536355    h      1.000     0
          3.37270193    1.74018756   16.49019330    h      1.000     0
          1.55646140    0.05959346   18.76706441    h      1.000     0
          3.38981056   -1.63297773   16.51366767    h      1.000     0
         -3.62080483   -1.65915705   15.68680875    h      1.000     0
 
       center of nuclear mass  :   -0.29046306   -0.00271272    2.45670366
       center of nuclear charge:   -0.19356975   -0.00233509    2.73627848

              +--------------------------------------------------+
              |               basis set information              |
              +--------------------------------------------------+

              we will work with the 1s 3p 5d 7f 9g ... basis set
              ...i.e. with spherical basis functions...

   type   atoms  prim   cont   basis
   ---------------------------------------------------------------------------
    o        1     43     23   aug-cc-pVDZ   [4s3p2d|18s5p2d]
    n        4     43     23   aug-cc-pVDZ   [4s3p2d|18s5p2d]
    c       20     43     23   aug-cc-pVDZ   [4s3p2d|18s5p2d]
    h       18     11      9   aug-cc-pVDZ   [3s2p|5s2p]
   ---------------------------------------------------------------------------
   total:   43   1273    737
   ---------------------------------------------------------------------------

   total number of primitive shells          :   82
   total number of contracted shells         :  315
   total number of cartesian basis functions :  787
   total number of SCF-basis functions       :  737


 integral neglect threshold       :  0.42E-11
 integral storage threshold THIZE :  0.10E-04
 integral storage threshold THIME :         5

 RI-J AUXILIARY BASIS SET information:

              we will work with the 1s 3p 5d 7f 9g ... basis set
              ...i.e. with spherical basis functions...

   type   atoms  prim   cont   basis
   ---------------------------------------------------------------------------
    o        1     70     49   aug-cc-pVDZ   [6s4p3d1f1g|12s5p4d2f1g]
    n        4     70     49   aug-cc-pVDZ   [6s4p3d1f1g|12s5p4d2f1g]
    c       20     70     49   aug-cc-pVDZ   [6s4p3d1f1g|12s5p4d2f1g]
    h       18     16     11   aug-cc-pVDZ   [3s1p1d|5s2p1d]
   ---------------------------------------------------------------------------
   total:   43   2038   1423
   ---------------------------------------------------------------------------

   total number of primitive shells          :   80
   total number of contracted shells         :  465
   total number of cartesian basis functions : 1741
   total number of SCF-basis functions       : 1423


 symmetry group of the molecule :   c1 

 the group has the following generators :
   c1(z)

    1 symmetry operations found

 there are 1 real representations :   a   

 maximum number of shells which are related by symmetry :  1

  
           ------------------
           density functional
           ------------------
 Name of XC-Functional: wB97X range-separated functional
 alpha=    0.15771
 beta =    0.84229
 omega=    0.30000
 [1] J.-D. Chai and M. Head-Gordon, J. Chem. Phys. 128, 084106 (2008)

 iterations will be done with small grid
  
 spherical integration : Lebedev's spherical grid
 spherical gridsize    :                     3
    i.e. gridpoints    :                   302
 value for diffuse not defined
 radial integration    : Chebyshev 2nd kind (scaling 3)
 radial gridsize       :                     3
 integration cells     :                    43
 partition function    : becke
 partition sharpness   :                     3
  

 biggest AO integral is expected to be     4.738267915

          ------------------------
          nuclear repulsion energy  :   1894.58201820    
          ------------------------

  _________________________________
 |                                 |
 |         DFTD3 V3.1 Rev 0        |
 | S.Grimme, University Bonn       |
 |            June  2014           |
 |   see standalone version        |
 |       dftd3 -h for options      |
 |_________________________________|
 
 Please cite DFT-D3 work done with this code as:
 S. Grimme, J. Antony, S. Ehrlich and H. Krieg,
 J. Chem. Phys, 132 (2010), 154104.
 If used with BJ-damping cite also
 S. Grimme, S. Ehrlich and L. Goerigk,
 J. Comput. Chem. 32 (2011), 1456-1465
 For DFT-D2 the reference is
 S. Grimme, J. Comput. Chem., 27 (2006), 1787-1799
 
C6 coefficients used:
                     2  C6 for element                      1
Z=  1 CN= 0.912     C6(AA)=    3.03
Z=  1 CN= 0.000     C6(AA)=    7.59
                     5  C6 for element                      6
Z=  6 CN= 0.000     C6(AA)=   49.11
Z=  6 CN= 0.987     C6(AA)=   43.25
Z=  6 CN= 1.998     C6(AA)=   29.36
Z=  6 CN= 2.999     C6(AA)=   25.78
Z=  6 CN= 3.984     C6(AA)=   18.21
                     4  C6 for element                      7
Z=  7 CN= 0.000     C6(AA)=   25.27
Z=  7 CN= 0.994     C6(AA)=   22.12
Z=  7 CN= 2.014     C6(AA)=   19.68
Z=  7 CN= 2.990     C6(AA)=   15.58
                     3  C6 for element                      8
Z=  8 CN= 0.000     C6(AA)=   15.51
Z=  8 CN= 0.993     C6(AA)=   12.82
Z=  8 CN= 1.989     C6(AA)=   10.37

#           XYZ [au]              R0(AA) [Ang.]  CN          C6(AA)     C8(AA)   C10(AA) [au]
  1   1.77820  -0.01193  -4.08293   o   0.000  2.146        10.4       209.5      5179.9
  2  -6.62725  -0.01748  -0.64881   n   0.000  1.023        22.1       488.0     13187.7
  3   1.15851   0.01483 -10.66747   n   0.000  1.021        22.1       488.0     13188.6
  4  -6.59309   0.01088  -7.62050   n   0.000  1.022        22.1       488.0     13188.1
  5  -0.00732   0.02640  15.13968   n   0.000  3.090        15.6       344.6      9312.5
  6  -0.73489  -0.00902  -4.34844   c   0.000  3.340        23.9       690.2     24453.0
  7  -1.90163  -0.01677  -1.86867   c   0.000  3.220        24.9       720.5     25526.0
  8  -0.01451  -0.02146  -0.05113   c   0.000  3.281        24.5       707.3     25058.6
  9   2.51714  -0.01714  -1.42803   c   0.000  4.199        18.2       527.3     18681.6
 10  -1.77711   0.00122  -6.74432   c   0.000  3.094        25.5       736.4     26088.7
 11  -0.14796   0.00862  -8.90144   c   0.000  2.112        29.3       846.8     30000.4
 12  -4.44086   0.00607  -7.17910   c   0.000  2.104        29.3       847.2     30016.3
 13  -4.52900  -0.01714  -1.29757   c   0.000  2.083        29.3       848.3     30055.6
 14   0.29892   0.00939  12.56658   c   0.000  3.217        24.9       721.0     25543.2
 15   2.73942   0.00856  11.43958   c   0.000  3.160        25.2       729.5     25846.3
 16   4.43123   0.01973  12.61164   h   0.000  1.004         3.1        37.3       552.9
 17   3.01450  -0.00555   8.83624   c   0.000  3.169        25.2       728.4     25807.7
 18   4.92283  -0.00415   8.04002   h   0.000  1.002         3.1        37.3       553.0
 19   0.91969  -0.01929   7.17475   c   0.000  3.153        25.3       730.4     25876.0
 20  -1.50648  -0.02203   8.30655   c   0.000  3.159        25.2       729.7     25851.0
 21  -3.19713  -0.03452   7.12235   h   0.000  1.003         3.1        37.3       553.0
 22  -1.81945  -0.00805  10.90101   c   0.000  3.162        25.2       729.2     25836.6
 23  -3.73296  -0.00986  11.65801   h   0.000  1.004         3.1        37.3       552.9
 24   2.18514   0.04944  16.79182   c   0.000  4.068        18.3       528.6     18727.5
 25   5.68021   2.40885  -2.31970   h   0.000  0.997         3.1        37.4       553.5
 26   4.78570   2.50253   0.93456   h   0.000  0.997         3.1        37.4       553.5
 27   2.90524   4.08211  -1.37653   h   0.000  0.997         3.1        37.4       553.5
 28  -2.52556   0.03118  16.23675   c   0.000  4.068        18.3       528.6     18727.8
 29  -2.37309   0.04059  18.30437   h   0.000  0.998         3.1        37.4       553.4
 30   4.06515   2.39658  -1.01036   c   0.000  4.058        18.3       528.8     18733.8
 31  -3.62216   1.71559  15.67072   h   0.000  0.995         3.1        37.4       553.6
 32  -0.45058  -0.02644   2.61140   c   0.000  3.106        25.4       735.3     26050.0
 33  -2.44684  -0.02914   3.14743   h   0.000  1.005         3.1        37.3       552.8
 34   1.34251  -0.02367   4.47735   c   0.000  3.122        25.4       733.8     25996.3
 35   3.33632  -0.02081   3.93154   h   0.000  1.005         3.1        37.3       552.8
 36   4.06738  -2.43062  -1.01871   c   0.000  4.058        18.3       528.8     18733.8
 37   2.90968  -4.11571  -1.39372   h   0.000  0.997         3.1        37.4       553.5
 38   4.78462  -2.54366   0.92710   h   0.000  0.997         3.1        37.4       553.5
 39   5.68462  -2.43583  -2.32536   h   0.000  0.997         3.1        37.4       553.5
 40   3.37270   1.74019  16.49019   h   0.000  0.996         3.1        37.4       553.6
 41   1.55646   0.05959  18.76706   h   0.000  0.998         3.1        37.4       553.4
 42   3.38981  -1.63298  16.51367   h   0.000  0.996         3.1        37.4       553.6
 43  -3.62080  -1.65916  15.68681   h   0.000  0.996         3.1        37.4       553.6

molecular C6(AA) [au] =     22592.63

           DFT-D V3(BJ)
 DF wb97x                                             
 parameters
 s6       :    1.0000
 s8       :    0.2641
 a1       :    0.0000
 a2       :    5.4959
 k1-k3    :   16.0000    1.3333   -4.0000
 
 Edisp /kcal,au:   -63.4325 -0.10108610

 E6    /kcal :   -52.4845
 E8    /kcal :   -10.9480
 % E8        : 17.26
 nuclear repulsion energy                  =    1894.582018200
  DFT-D3 Energy contribution               =      -0.101086102
 nuclear repulsion + dispersion correction =    1894.480932097


         -----------------
         -S,T+V- integrals
         -----------------

 1e-integrals will be neglected if expon. factor < 0.424646E-12
 
   Difference densities algorithm switched on.
   The maximal number of linear combinations of
   difference densities is                    20 .

 DIIS switched on: error vector is FDS-SDF
 Max. Iterations for DIIS is     :   4
 DIIS matrix (see manual) 
    Scaling factor of diagonals  :  1.200
    threshold for scaling factor :  0.000

 scf convergence criterion : increment of total energy < .1000000D-06
                  and increment of one-electron energy < .1000000D-03

 MOs are in ASCII format !


    mo occupation :
   irrep   mo's   occupied
    a      737       87
 
 number of basis functions   :   737
 number of occupied orbitals :    87
 

 reading orbital data $scfmo  from file mos
 orbital characterization : expanded
 virtual MOs provided and orthogonalized by Cholesky decomposition

 automatic virtual orbital shift switched on 
      shift if e(lumo)-e(homo) < 0.10000000    

  
           ------------------------
               RI-J - INFORMATION
           ------------------------
 Contributions to RI integral batches: 
  neglected integral batches:                 11331
  direct contribution:                        10366
  memory contribution:                 28073
 Memory core needed for (P|Q) and Cholesky     16 MByte
 Memory core minimum needed except of (P|Q)     2 MByte
 Total minimum memory core needed (sum)        18 MByte
  
 ****************************************
 Memory allocated for RI-J  1762 MByte
 ****************************************
                                            

 DSCF restart information will be dumped onto file mos


 Starting SCF iterations

          Overall gridpoints after grid construction =         58357

 ITERATION  ENERGY          1e-ENERGY        2e-ENERGY     NORM[dD(SAO)]  TOL
   1  -1062.4012629187    -5159.3598251     2202.4776301    0.000D+00 0.424D-11
                            Exc = -103.150971449     Coul =  2350.66584651    
                            exK = -45.0372449407    
                              N = 173.99355585    
                            current damping = 0.300
 
          max. resid. norm for Fia-block=  4.095D-01 for orbital     78a         
          max. resid. fock norm         =  1.416D+00 for orbital    724a         

 ITERATION  ENERGY          1e-ENERGY        2e-ENERGY     NORM[dD(SAO)]  TOL
   2  -1066.4822669956    -5201.9765526     2241.0133535    0.124D+03 0.119D-11
                            Exc = -104.610236126      Eck =  2345.62358961    
                              N = 173.99544703    
                            current damping = 0.250
 
          Norm of current diis error:  3.0840    
          max. resid. norm for Fia-block=  1.622D-01 for orbital     42a         
          max. resid. fock norm         =  3.204D-01 for orbital    709a         

 ITERATION  ENERGY          1e-ENERGY        2e-ENERGY     NORM[dD(SAO)]  TOL
   3  -1066.8404319473    -5201.8638989     2240.5425349    0.277D+02 0.102D-11
                            Exc = -105.412682799      Eck =  2345.95521766    
                              N = 173.99632741    
                            current damping = 0.200
 
          Norm of current diis error:  1.9010    
          max. resid. norm for Fia-block=  8.400D-02 for orbital     84a         
          max. resid. fock norm         =  8.824D-02 for orbital     87a         

 ITERATION  ENERGY          1e-ENERGY        2e-ENERGY     NORM[dD(SAO)]  TOL
   4  -1067.0530222331    -5203.2368090     2241.7028547    0.883D+01 0.993D-12
                            Exc = -105.177742261      Eck =  2346.88059697    
                              N = 173.99658217    
                            current damping = 0.250
 
          Norm of current diis error: 0.52835    
          max. resid. norm for Fia-block=  2.479D-02 for orbital     32a         
          max. resid. fock norm         =  2.922D-02 for orbital     32a         

 ITERATION  ENERGY          1e-ENERGY        2e-ENERGY     NORM[dD(SAO)]  TOL
   5  -1067.0696798765    -5204.2931021     2242.7424901    0.318D+01 0.985D-12
                            Exc = -105.260134177      Eck =  2348.00262430    
                              N = 173.99675519    
                            current damping = 0.150
 
          Norm of current diis error: 0.16636    
          max. resid. norm for Fia-block=  7.989D-03 for orbital     26a         
          max. resid. fock norm         =  1.401D-02 for orbital     31a         
          mo-orthogonalization: Cholesky decomposition

 ITERATION  ENERGY          1e-ENERGY        2e-ENERGY     NORM[dD(SAO)]  TOL
   6  -1067.0717433635    -5204.4222515     2242.8695761    0.890D+00 0.983D-12
                            Exc = -105.287362970      Eck =  2348.15693903    
                              N = 173.99682055    
                            current damping = 0.100
 
          Norm of current diis error: 0.72083E-01
          max. resid. norm for Fia-block=  3.274D-03 for orbital     76a         
          max. resid. fock norm         =  4.191D-03 for orbital     52a         

 ITERATION  ENERGY          1e-ENERGY        2e-ENERGY     NORM[dD(SAO)]  TOL
   7  -1067.0721574856    -5204.3036113     2242.7505217    0.407D+00 0.983D-12
                            Exc = -105.276928801      Eck =  2348.02745048    
                              N = 173.99683777    
                            current damping = 0.150
 
          Norm of current diis error: 0.35623E-01
          max. resid. norm for Fia-block=  1.843D-03 for orbital     82a         
          max. resid. fock norm         =  2.099D-03 for orbital     86a         

 ITERATION  ENERGY          1e-ENERGY        2e-ENERGY     NORM[dD(SAO)]  TOL
   8  -1067.0722566619    -5204.4042984     2242.8511097    0.162D+00 0.982D-12
                            Exc = -105.279300116      Eck =  2348.13040980    
                              N = 173.99684986    
                            current damping = 0.200
 
          Norm of current diis error: 0.19972E-01
          max. resid. norm for Fia-block=  1.159D-03 for orbital     76a         
          max. resid. fock norm         =  1.496D-03 for orbital     75a         

 ITERATION  ENERGY          1e-ENERGY        2e-ENERGY     NORM[dD(SAO)]  TOL
   9  -1067.0722894515    -5204.3799577     2242.8267361    0.566D-01 0.981D-12
                            Exc = -105.281807550      Eck =  2348.10854367    
                              N = 173.99685402    
                            current damping = 0.250
 
          Norm of current diis error: 0.10859E-01
          max. resid. norm for Fia-block=  5.256D-04 for orbital     86a         
          max. resid. fock norm         =  7.890D-04 for orbital     49a         

 ITERATION  ENERGY          1e-ENERGY        2e-ENERGY     NORM[dD(SAO)]  TOL
  10  -1067.0722987160    -5204.3810494     2242.8278186    0.241D-01 0.980D-12
                            Exc = -105.280334162      Eck =  2348.10815272    
                              N = 173.99685520    
                            current damping = 0.300
 
          Norm of current diis error: 0.57198E-02
          max. resid. norm for Fia-block=  4.357D-04 for orbital     87a         
          max. resid. fock norm         =  5.098D-04 for orbital     88a         
          mo-orthogonalization: Cholesky decomposition

 ITERATION  ENERGY          1e-ENERGY        2e-ENERGY     NORM[dD(SAO)]  TOL
  11  -1067.0723028837    -5204.3794483     2242.8262133    0.130D-01 0.979D-12
                            Exc = -105.280522282      Eck =  2348.10673560    
                              N = 173.99685653    
                            current damping = 0.350
 
          Norm of current diis error: 0.32941E-02
          max. resid. norm for Fia-block=  3.098D-04 for orbital     87a         
          max. resid. fock norm         =  3.646D-04 for orbital     88a         

 ITERATION  ENERGY          1e-ENERGY        2e-ENERGY     NORM[dD(SAO)]  TOL
  12  -1067.0723045663    -5204.3831068     2242.8298701    0.959D-02 0.977D-12
                            Exc = -105.280792287      Eck =  2348.11066240    
                              N = 173.99685745    
                            current damping = 0.400
 
          Norm of current diis error: 0.20764E-02
          max. resid. norm for Fia-block=  2.048D-04 for orbital     87a         
          max. resid. fock norm         =  2.494D-04 for orbital     87a         

 ITERATION  ENERGY          1e-ENERGY        2e-ENERGY     NORM[dD(SAO)]  TOL
  13  -1067.0723052259    -5204.3795308     2242.8262935    0.901D-02 0.975D-12
                            Exc = -105.280692950      Eck =  2348.10698647    
                              N = 173.99685790    
                            current damping = 0.450
 
          Norm of current diis error: 0.12911E-02
          max. resid. norm for Fia-block=  1.130D-04 for orbital     87a         
          max. resid. fock norm         =  1.341D-04 for orbital     88a         

 ITERATION  ENERGY          1e-ENERGY        2e-ENERGY     NORM[dD(SAO)]  TOL
  14  -1067.0723054415    -5204.3810336     2242.8277961    0.471D-02 0.971D-12
                            Exc = -105.280613127      Eck =  2348.10840919    
                              N = 173.99685819    
                            current damping = 0.500
 
          Norm of current diis error: 0.85719E-03
          max. resid. norm for Fia-block=  9.328D-05 for orbital     87a         
          max. resid. fock norm         =  1.059D-04 for orbital     88a         

 ENERGY CONVERGED !

          Overall gridpoints after grid construction =        212800

 ITERATION  ENERGY          1e-ENERGY        2e-ENERGY     NORM[dD(SAO)]  TOL
  15  -1067.0602754122    -5204.3807779     2242.8395704    0.253D+02 0.121D-11
                            Exc = -105.268668843      Eck =  2348.10823927    
                              N = 173.99982060    
                            current damping = 0.550
 
          Norm of current diis error: 0.48476E-03
          max. resid. norm for Fia-block=  5.389D-05 for orbital     87a         
          max. resid. fock norm         =  7.258D-04 for orbital    734a         

 End of SCF iterations

   convergence criteria satisfied after    15 iterations


   *************************************************************************
   tcf1-wb97x                                                               
   *************************************************************************


                  ------------------------------------------ 
                 |  total energy      =  -1067.06027541217  |
                  ------------------------------------------ 
                 :  kinetic energy    =   1059.56572708094  :
                 :  potential energy  =  -2126.62600249311  :
                 :  virial theorem    =      1.99297645269  :
                 :  wavefunction norm =      1.00000000000  :
                  .......................................... 


 <geterg> : there is no data group $energy 


 <skperg> : $end is missing 


 orbitals $scfmo  will be written to file mos

    irrep                 83a         84a         85a         86a         87a   
 eigenvalues H         -0.42508    -0.38135    -0.37916    -0.33342    -0.29377
            eV         -11.5670    -10.3771    -10.3177     -9.0728     -7.9941
 occupation              2.0000      2.0000      2.0000      2.0000      2.0000

    irrep                 88a         89a         90a         91a         92a   
 eigenvalues H         -0.05640     0.01971     0.02644     0.02835     0.03597
            eV          -1.5346      0.5365      0.7195      0.7715      0.9788
 
 
 
 
 ==============================================================================
                           electrostatic moments
 ==============================================================================

 reference point for electrostatic moments:    0.00000   0.00000   0.00000

 
              nuc           elec       ->  total
 ------------------------------------------------------------------------------
                          charge      
 ------------------------------------------------------------------------------
         174.000000    -174.000000      -0.000000
 
 ------------------------------------------------------------------------------
                       dipole moment  
 ------------------------------------------------------------------------------
   x     -33.681136      36.584091       2.902955
   y      -0.406306       0.406987       0.000681
   z     476.112455    -469.470703       6.641752
 
   | dipole moment | =     7.2484 a.u. =    18.4237 debye 
 
 ------------------------------------------------------------------------------
                     quadrupole moment
 ------------------------------------------------------------------------------
  xx    1655.432548   -1778.801556    -123.369007
  yy     139.434107    -250.145589    -110.711482
  zz   13417.902521  -13506.662411     -88.759890
  xy      -0.187873       0.190162       0.002289
  xz     724.089784    -731.160281      -7.070497
  yz      11.666341     -11.416213       0.250128
 
     1/3  trace=    -107.613460
     anisotropy=      32.712408
 
 ==============================================================================
 
HOMO-LUMO Separation
 HOMO         :   -0.29377483 H =     -7.99402 eV
 LUMO         :   -0.05639651 H =     -1.53463 eV
 HOMO-LUMO gap:    0.23737833 H =     +6.45940 eV
 
 ==============================================================================


    ------------------------------------------------------------------------
         total  cpu-time :  1 hours 56 minutes and 59 seconds
         total wall-time :  1 hours 58 minutes and  9 seconds
    ------------------------------------------------------------------------

   ****  ridft : all done  ****


    2025-03-19 17:09:47.247 

