
 eiger (nano03.int-nano.int.kit.edu) : TURBOMOLE rev. V7-6 19 Oct 2021 at 10:10:11 compiled Oct 19th 2021
 Copyright (C) 2021 TURBOMOLE GmbH, Karlsruhe


    2025-03-18 14:37:50.854 

 tcf1-opt-b3                                                                    
  
Total energy =  -1065.7001946680 H =    -28999.1793787 eV
 
 HOMO-LUMO Separation
   HOMO:    87.    87 a     -0.21267569 H =     -5.78720 eV
   LUMO:    88.    88 a     -0.11257558 H =     -3.06334 eV
   Gap :                    +0.10010011 H =     +2.72386 eV
 
Number of MOs=    440, Electrons=    174.00, Symmetry: c1   
 
   Nr.   Orbital    Occupation       Energy
  104.   104 a                     +0.095965 H =        +2.611 eV
  103.   103 a                     +0.089060 H =        +2.423 eV
  102.   102 a                     +0.068196 H =        +1.856 eV
  101.   101 a                     +0.066302 H =        +1.804 eV
  100.   100 a                     +0.061204 H =        +1.665 eV
   99.    99 a                     +0.058687 H =        +1.597 eV
   98.    98 a                     +0.057344 H =        +1.560 eV
   97.    97 a                     +0.055435 H =        +1.508 eV
   96.    96 a                     +0.034986 H =        +0.952 eV
   95.    95 a                     +0.034327 H =        +0.934 eV
   94.    94 a                     +0.030967 H =        +0.843 eV
   93.    93 a                     +0.027039 H =        +0.736 eV
   92.    92 a                     +0.003790 H =        +0.103 eV
   91.    91 a                     -0.015662 H =        -0.426 eV
   90.    90 a                     -0.031526 H =        -0.858 eV
   89.    89 a                     -0.038037 H =        -1.035 eV
   88.    88 a                     -0.112576 H =        -3.063 eV
   87.    87 a        2.000        -0.212676 H =        -5.787 eV
   86.    86 a        2.000        -0.239987 H =        -6.530 eV
   85.    85 a        2.000        -0.278807 H =        -7.587 eV
   84.    84 a        2.000        -0.284188 H =        -7.733 eV
   83.    83 a        2.000        -0.315688 H =        -8.590 eV
   82.    82 a        2.000        -0.319532 H =        -8.695 eV
   81.    81 a        2.000        -0.325872 H =        -8.867 eV
   80.    80 a        2.000        -0.327870 H =        -8.922 eV
   79.    79 a        2.000        -0.344207 H =        -9.366 eV
   78.    78 a        2.000        -0.345071 H =        -9.390 eV
   77.    77 a        2.000        -0.349471 H =        -9.510 eV
   76.    76 a        2.000        -0.352063 H =        -9.580 eV
   75.    75 a        2.000        -0.358129 H =        -9.745 eV
   74.    74 a        2.000        -0.360305 H =        -9.804 eV
   73.    73 a        2.000        -0.362512 H =        -9.864 eV
   72.    72 a        2.000        -0.372411 H =       -10.134 eV


    ------------------------------------------------------------------------
         total  cpu-time :   0.11 seconds
         total wall-time :   0.13 seconds
    ------------------------------------------------------------------------

   ****  eiger : all done  ****


    2025-03-18 14:37:50.963 

