
 ridft (nano18.int-nano.int.kit.edu) : TURBOMOLE rev. V7-6 19 Oct 2021 at 10:10:11 compiled Oct 19th 2021
 Copyright (C) 2021 TURBOMOLE GmbH, Karlsruhe


    2025-04-08 17:31:54.206 



                                  r i d f t

                        DFT program with RI approximation 
                                for coulomb part 




                                                 
                                 References:     
                                                 
          TURBOMOLE:                             
              R. Ahlrichs, M. Baer, M. Haeser, H. Horn, and
              C. Koelmel
              Electronic structure calculations on workstation
              computers: the program system TURBOMOLE
              Chem. Phys. Lett. 162: 165 (1989)
          Density Functional:                              
              O. Treutler and R. Ahlrichs                      
              Efficient Molecular Numerical Integration Schemes
              J. Chem. Phys. 102: 346 (1995)                   
          Parallel Version:                                
              Performance of parallel TURBOMOLE for Density    
              Functional Calculations                          
              M. v. Arnim and R. Ahlrichs                      
              J. Comp. Chem. 19: 1746 (1998)                   
          RI-J Method:                                     
              Auxiliary Basis Sets to approximate Coulomb      
              Potentials                                       
              Chem. Phys. Lett. 240: 283 (1995)                
              K. Eichkorn, O. Treutler, H. Oehm, M. Haeser     
              and R. Ahlrichs                                  
              Chem. Phys. Lett. 242: 652 (1995)                
                                                           
              Auxiliary Basis Sets for Main Row Atoms and their
              Use to approximate Coulomb Potentials            
              K. Eichkorn, F. Weigend, O. Treutler and         
              R. Ahlrichs                                      
              Theo. Chem. Acc. 97: 119 (1997)                   
                                                           
              Accurate Coulomb-fitting basis sets for H to Rn 
              F. Weigend                                        
              Phys. Chem. Chem. Phys. 8: 1057 (2006)            
                                                           
          Multipole accelerated RI-J (MARI-J):             
              Fast evaluation of the Coulomb potential for     
              electron densities using multipole accelerated   
              resolution of identity approximation             
              M. Sierka, A. Hogekamp and R. Ahlrichs           
              J. Chem. Phys. 118: 9136 (2003)                  
          RI-JK Method:                                     
              A fully direct RI-HF algorithm: Implementation,
              optimised auxiliary basis sets, demonstration of
              accuracy and efficiency                         
              F. Weigend                                      
              Phys. Chem. Chem. Phys. 4: 4285 (2002)           
          Two-component HF and DFT with spin-orbit coupling:  
              Self-consistent treatment of spin-orbit         
              interactions with efficient Hartree-Fock and    
              density functional methods                      
              M. K. Armbruster, F. Weigend, C. van Wüllen and 
              W. Klopper                                      
              Phys. Chem. Chem. Phys. 10: 1748 (2008)         
          Two-component difference density and DIIS algorithm 
              Efficient two-component self-consistent field   
              procedures and gradients: implementation in     
              TURBOMOLE and application to Au20-              
              A. Baldes, F. Weigend                           
              Mol. Phys. 111: 2617 (2013)                     
          Relativistic all-electron 2c calculations           
              An efficient implementation of two-component    
              relativistic exact-decoupling methods for large 
              molecules                                       
              D. Peng, N. Middendorf, F. Weigend, M. Reiher   
              J. Chem. Phys. 138: 184105 (2013)               
          Finite nucleus model and SNSO approximation         
              Efficient implementation of one- and two-       
              component analytical energy gradients in exact  
              two-component theory                            
              Y. J. Franzke, N. Middendorf, F. Weigend        
              J. Chem. Phys. 148: 104110 (2018)               
          Grids for all-electron relativistic methods         
              Error-consistent segmented contracted all-      
              electron relativistic basis sets of double-     
              and triple-zeta quality for NMR shielding       
              constants                                       
              Y. J. Franzke, R. Tress, T. M. Pazdera,         
              F. Weigend                                      
              Phys. Chem. Chem. Phys. 21: 166658 (2019)       
          Seminumerical exchange algorithms                   
              Seminumerical calculation of the Hartree-Fock   
              exchange matirx: Application to two-component   
              procedures and efficient evaluation of local    
              hybrid functionsl                               
               P. Plessow, F. Weigend,                        
              J. Comput. Chem. 33: 810 (2012)                 
          Improved seminumerical algorithms                   
              C. Holzer,                                      
              J. Chem. Phys. 153 (2020), 184115               
                                         




              +--------------------------------------------------+
              |      general information about current run       |
              +--------------------------------------------------+

 
 PBE0 hybrid functional
 exchange:    3/4 (LDA+PBE) + 1/4 HF
 correlation: LDA (PW) + PBE
 A Hybrid-DFT calculation using the RI-J approximation will be carried out.
 Allocatable memory for RI due to $ricore (MB):                  2000

   *************************************************************************
   pbe0                                                                     
   *************************************************************************




              +--------------------------------------------------+
              | Atomic coordinate, charge and isotop information |
              +--------------------------------------------------+

                    atomic coordinates            atom    charge  isotop
        -13.44927959    5.44487519   -0.48654534    c      6.000     0
        -11.07102429    6.66053883   -0.45717708    c      6.000     0
         -8.83623067    5.32252568   -0.26476790    c      6.000     0
         -8.85113624    2.66064086   -0.09356981    c      6.000     0
         -6.56415627    1.23645803    0.12853654    c      6.000     0
         -6.59527510   -1.34166732    0.28820287    c      6.000     0
         -8.90909184   -2.75637758    0.22587549    c      6.000     0
         -8.95759694   -5.46049415    0.37023742    c      6.000     0
        -11.34171772   -6.66615409    0.33849027    c      6.000     0
        -13.58520001   -5.32336172    0.19839663    c      6.000     0
        -13.59114662   -2.66714764    0.03644587    c      6.000     0
        -15.87740873   -1.23992936   -0.15377886    c      6.000     0
        -15.85972703    1.33688473   -0.32499161    c      6.000     0
        -13.53750791    2.74385118   -0.31675958    c      6.000     0
        -11.21178284    1.34695465   -0.12483636    c      6.000     0
        -11.23051196   -1.36102345    0.04238046    c      6.000     0
        -15.76117765    6.91871590   -0.68358866    c      6.000     0
         -6.63059960   -6.93801568    0.52084096    c      6.000     0
        -15.97496435    9.45181573   -0.85198667    c      6.000     0
         -6.45905370   -9.34630117    1.39471438    c      6.000     0
         -4.33478822  -10.82766541    1.37311296    n      7.000     0
        -18.45018001   10.62303364   -1.03616106    n      7.000     0
        -18.46206636   12.93647029   -1.17886422    o      8.000     0
        -20.34613046    9.29343256   -1.04093705    o      8.000     0
        -10.98788779    8.71786760   -0.58676986    h      1.000     0
         -7.02861117    6.32225446   -0.24168895    h      1.000     0
         -4.76933884    2.25889912    0.18176165    h      1.000     0
         -4.80562009   -2.34184719    0.48959783    h      1.000     0
        -11.42463873   -8.72807190    0.36113512    h      1.000     0
        -15.38766430   -6.33451932    0.16675277    h      1.000     0
        -17.67576648   -2.25871105   -0.16175856    h      1.000     0
        -17.65923683    2.32705889   -0.46715098    h      1.000     0
        -17.57062455    5.93010918   -0.70322448    h      1.000     0
         -4.88184868   -6.04529075   -0.12444875    h      1.000     0
        -14.47351309   10.85562994   -0.87153918    h      1.000     0
         -8.12540702  -10.30026521    2.16598379    h      1.000     0
         -4.23609428  -12.30356527    2.58531910    h      1.000     0
         -2.65164566  -10.02012727    0.94147466    h      1.000     0
 
       center of nuclear mass  :  -12.01505262    1.05290509   -0.09416239
       center of nuclear charge:  -11.93540112    0.94282289   -0.07894871

              +--------------------------------------------------+
              |               basis set information              |
              +--------------------------------------------------+

              we will work with the 1s 3p 5d 7f 9g ... basis set
              ...i.e. with spherical basis functions...

   type   atoms  prim   cont   basis
   ---------------------------------------------------------------------------
    c       20     43     23   aug-cc-pVDZ   [4s3p2d|18s5p2d]
    n        2     43     23   aug-cc-pVDZ   [4s3p2d|18s5p2d]
    o        2     43     23   aug-cc-pVDZ   [4s3p2d|18s5p2d]
    h       14     11      9   aug-cc-pVDZ   [3s2p|5s2p]
   ---------------------------------------------------------------------------
   total:   38   1186    678
   ---------------------------------------------------------------------------

   total number of primitive shells          :   82
   total number of contracted shells         :  286
   total number of cartesian basis functions :  726
   total number of SCF-basis functions       :  678


 integral neglect threshold       :  0.46E-11
 integral storage threshold THIZE :  0.10E-04
 integral storage threshold THIME :         5

 RI-J AUXILIARY BASIS SET information:

              we will work with the 1s 3p 5d 7f 9g ... basis set
              ...i.e. with spherical basis functions...

   type   atoms  prim   cont   basis
   ---------------------------------------------------------------------------
    c       20     70     49   aug-cc-pVDZ   [6s4p3d1f1g|12s5p4d2f1g]
    n        2     70     49   aug-cc-pVDZ   [6s4p3d1f1g|12s5p4d2f1g]
    o        2     70     49   aug-cc-pVDZ   [6s4p3d1f1g|12s5p4d2f1g]
    h       14     16     11   aug-cc-pVDZ   [3s1p1d|5s2p1d]
   ---------------------------------------------------------------------------
   total:   38   1904   1330
   ---------------------------------------------------------------------------

   total number of primitive shells          :   80
   total number of contracted shells         :  430
   total number of cartesian basis functions : 1632
   total number of SCF-basis functions       : 1330


 symmetry group of the molecule :   c1 

 the group has the following generators :
   c1(z)

    1 symmetry operations found

 there are 1 real representations :   a   

 maximum number of shells which are related by symmetry :  1

  
           ------------------
           density functional
           ------------------
 PBE0 hybrid functional
 exchange:    3/4 (LDA+PBE) + 1/4 HF
 correlation: LDA (PW) + PBE

 iterations will be done with small grid
  
 spherical integration : Lebedev's spherical grid
 spherical gridsize    :                     3
    i.e. gridpoints    :                   302
 value for diffuse not defined
 radial integration    : Chebyshev 2nd kind (scaling 3)
 radial gridsize       :                     3
 integration cells     :                    38
 partition function    : becke
 partition sharpness   :                     3
  

 biggest AO integral is expected to be     4.738267915

          ------------------------
          nuclear repulsion energy  :   1790.73791405    
          ------------------------


         -----------------
         -S,T+V- integrals
         -----------------

 1e-integrals will be neglected if expon. factor < 0.460325E-12
 
   Difference densities algorithm switched on.
   The maximal number of linear combinations of
   difference densities is                    20 .

 DIIS switched on: error vector is FDS-SDF
 Max. Iterations for DIIS is     :   4
 DIIS matrix (see manual) 
    Scaling factor of diagonals  :  1.200
    threshold for scaling factor :  0.000

 scf convergence criterion : increment of total energy < .1000000D-06
                  and increment of one-electron energy < .1000000D-03

 MOs are in ASCII format !


    mo occupation :
   irrep   mo's   occupied
    a      678       82
 
 number of basis functions   :   678
 number of occupied orbitals :    82
 

 reading orbital data $scfmo  from file mos
 orbital characterization : expanded
 virtual MOs provided and orthogonalized by Cholesky decomposition

 automatic virtual orbital shift switched on 
      shift if e(lumo)-e(homo) < 0.10000000    

  
           ------------------------
               RI-J - INFORMATION
           ------------------------
 Contributions to RI integral batches: 
  neglected integral batches:                  7717
  direct contribution:                         5929
  memory contribution:                 27395
 Memory core needed for (P|Q) and Cholesky     14 MByte
 Memory core minimum needed except of (P|Q)     2 MByte
 Total minimum memory core needed (sum)        16 MByte
  
 ****************************************
 Memory allocated for RI-J  1795 MByte
 ****************************************
                                            

 DSCF restart information will be dumped onto file mos


 Starting SCF iterations

          Overall gridpoints after grid construction =         53086

 ITERATION  ENERGY          1e-ENERGY        2e-ENERGY     NORM[dD(SAO)]  TOL
   1  -1026.0881274829    -4917.2144689     2100.3884274    0.000D+00 0.459D-11
                            Exc = -107.007692093     Coul =  2241.25398626    
                            exK = -33.8578667617    
                              N = 163.99503342    
                            current damping = 0.300
 
          max. resid. norm for Fia-block=  3.380D-01 for orbital     39a         
          max. resid. fock norm         =  1.516D+00 for orbital    653a         

 ITERATION  ENERGY          1e-ENERGY        2e-ENERGY     NORM[dD(SAO)]  TOL
   2  -1028.9944796604    -4952.5054245     2132.7730308    0.249D+03 0.116D-11
                            Exc = -108.634499235      Eck =  2241.40753008    
                              N = 163.99689864    
                            current damping = 0.250
 
          Norm of current diis error:  2.6773    
          max. resid. norm for Fia-block=  2.018D-01 for orbital     25a         
          max. resid. fock norm         =  2.859D-01 for orbital     25a         

 ITERATION  ENERGY          1e-ENERGY        2e-ENERGY     NORM[dD(SAO)]  TOL
   3  -1029.1779426561    -4950.8945053     2130.9786486    0.780D+02 0.113D-11
                            Exc = -109.033002739      Eck =  2240.01165136    
                              N = 163.99713566    
                            current damping = 0.200
 
          Norm of current diis error:  1.8985    
          max. resid. norm for Fia-block=  9.094D-02 for orbital     61a         
          max. resid. fock norm         =  1.092D-01 for orbital     25a         

 ITERATION  ENERGY          1e-ENERGY        2e-ENERGY     NORM[dD(SAO)]  TOL
   4  -1029.3782480340    -4950.5408150     2130.4246530    0.158D+02 0.113D-11
                            Exc = -108.851209177      Eck =  2239.27586214    
                              N = 163.99715481    
                            current damping = 0.100
 
          Norm of current diis error: 0.51474    
          max. resid. norm for Fia-block=  1.689D-02 for orbital     50a         
          max. resid. fock norm         =  2.390D-02 for orbital     25a         

 ITERATION  ENERGY          1e-ENERGY        2e-ENERGY     NORM[dD(SAO)]  TOL
   5  -1029.3877945937    -4953.9964242     2133.8707155    0.769D+01 0.111D-11
                            Exc = -108.989606366      Eck =  2242.86032190    
                              N = 163.99720327    
                            current damping = 0.150
 
          Norm of current diis error: 0.29971    
          max. resid. norm for Fia-block=  7.617D-03 for orbital     77a         
          max. resid. fock norm         =  1.444D-02 for orbital     32a         
          mo-orthogonalization: Cholesky decomposition

 ITERATION  ENERGY          1e-ENERGY        2e-ENERGY     NORM[dD(SAO)]  TOL
   6  -1029.3914725385    -4952.8020085     2132.6726219    0.264D+01 0.111D-11
                            Exc = -108.983743053      Eck =  2241.65636492    
                              N = 163.99724069    
                            current damping = 0.200
 
          Norm of current diis error: 0.11623    
          max. resid. norm for Fia-block=  2.791D-03 for orbital     78a         
          max. resid. fock norm         =  4.602D-03 for orbital     59a         

 ITERATION  ENERGY          1e-ENERGY        2e-ENERGY     NORM[dD(SAO)]  TOL
   7  -1029.3921200689    -4952.7405422     2132.6105081    0.111D+01 0.111D-11
                            Exc = -108.961964863      Eck =  2241.57247292    
                              N = 163.99722672    
                            current damping = 0.100
 
          Norm of current diis error: 0.43195E-01
          max. resid. norm for Fia-block=  1.057D-03 for orbital     78a         
          max. resid. fock norm         =  1.944D-03 for orbital     78a         

 ITERATION  ENERGY          1e-ENERGY        2e-ENERGY     NORM[dD(SAO)]  TOL
   8  -1029.3921780245    -4952.7744552     2132.6443632    0.369D+00 0.111D-11
                            Exc = -108.964093382      Eck =  2241.60845654    
                              N = 163.99722850    
                            current damping = 0.150
 
          Norm of current diis error: 0.26393E-01
          max. resid. norm for Fia-block=  9.520D-04 for orbital     76a         
          max. resid. fock norm         =  1.547D-03 for orbital     78a         

 ITERATION  ENERGY          1e-ENERGY        2e-ENERGY     NORM[dD(SAO)]  TOL
   9  -1029.3922163291    -4952.7789047     2132.6487743    0.145D+00 0.111D-11
                            Exc = -108.966670235      Eck =  2241.61544454    
                              N = 163.99723031    
                            current damping = 0.100
 
          Norm of current diis error: 0.84237E-02
          max. resid. norm for Fia-block=  4.812D-04 for orbital     74a         
          max. resid. fock norm         =  8.493D-04 for orbital     26a         

 ITERATION  ENERGY          1e-ENERGY        2e-ENERGY     NORM[dD(SAO)]  TOL
  10  -1029.3922174156    -4952.7894183     2132.6592869    0.821D-01 0.111D-11
                            Exc = -108.966309774      Eck =  2241.62559663    
                              N = 163.99722944    
                            current damping = 0.100
 
          Norm of current diis error: 0.74583E-02
          max. resid. norm for Fia-block=  2.745D-04 for orbital     76a         
          max. resid. fock norm         =  5.045D-04 for orbital     26a         
          mo-orthogonalization: Cholesky decomposition

 ITERATION  ENERGY          1e-ENERGY        2e-ENERGY     NORM[dD(SAO)]  TOL
  11  -1029.3922211926    -4952.7773708     2132.6472356    0.454D-01 0.111D-11
                            Exc = -108.965950426      Eck =  2241.61318603    
                              N = 163.99722992    
                            current damping = 0.150
 
          Norm of current diis error: 0.19379E-02
          max. resid. norm for Fia-block=  7.788D-05 for orbital     75a         
          max. resid. fock norm         =  1.429D-04 for orbital     26a         

 ITERATION  ENERGY          1e-ENERGY        2e-ENERGY     NORM[dD(SAO)]  TOL
  12  -1029.3922213464    -4952.7795616     2132.6494262    0.404D-01 0.111D-11
                            Exc = -108.966102082      Eck =  2241.61552827    
                              N = 163.99722983    
                            current damping = 0.200
 
          Norm of current diis error: 0.13294E-02
          max. resid. norm for Fia-block=  3.038D-05 for orbital     74a         
          max. resid. fock norm         =  1.532D-04 for orbital    677a         

 ITERATION  ENERGY          1e-ENERGY        2e-ENERGY     NORM[dD(SAO)]  TOL
  13  -1029.3922214801    -4952.7802347     2132.6500992    0.487D+02 0.131D-11
                            Exc = -108.966145462      Eck =  2241.61624465    
                              N = 163.99722984    
                            current damping = 0.100
 
          Norm of current diis error: 0.36535E-03
          max. resid. norm for Fia-block=  1.387D-05 for orbital     49a         
          max. resid. fock norm         =  1.056D-03 for orbital    674a         

 ENERGY CONVERGED !

          Overall gridpoints after grid construction =        192538

 ITERATION  ENERGY          1e-ENERGY        2e-ENERGY     NORM[dD(SAO)]  TOL
  14  -1029.3934287544    -4952.7798982     2132.6485554    0.236D+00 0.164D-11
                            Exc = -108.967308780      Eck =  2241.61586418    
                              N = 163.99988357    
                            current damping = 0.150
 
          Norm of current diis error: 0.22824E-03
          max. resid. norm for Fia-block=  1.427D-05 for orbital     64a         
          max. resid. fock norm         =  2.353D-03 for orbital    674a         

 End of SCF iterations

   convergence criteria satisfied after    14 iterations


   *************************************************************************
   pbe0                                                                     
   *************************************************************************


                  ------------------------------------------ 
                 |  total energy      =  -1029.39342875440  |
                  ------------------------------------------ 
                 :  kinetic energy    =   1023.59105165065  :
                 :  potential energy  =  -2052.98448040506  :
                 :  virial theorem    =      1.99436330470  :
                 :  wavefunction norm =      1.00000000000  :
                  .......................................... 


 <geterg> : there is no data group $energy 


 <skperg> : $end is missing 


 orbitals $scfmo  will be written to file mos

    irrep                 78a         79a         80a         81a         82a   
 eigenvalues H         -0.29812    -0.28072    -0.25919    -0.24637    -0.20408
            eV          -8.1124     -7.6388     -7.0530     -6.7041     -5.5534
 occupation              2.0000      2.0000      2.0000      2.0000      2.0000

    irrep                 83a         84a         85a         86a         87a   
 eigenvalues H         -0.10165    -0.06240    -0.04579    -0.02726    -0.02005
            eV          -2.7662     -1.6979     -1.2461     -0.7418     -0.5455
 
 
 
 
 ==============================================================================
                           electrostatic moments
 ==============================================================================

 reference point for electrostatic moments:    0.00000   0.00000   0.00000

 
              nuc           elec       ->  total
 ------------------------------------------------------------------------------
                          charge      
 ------------------------------------------------------------------------------
         164.000000    -164.000000      -0.000000
 
 ------------------------------------------------------------------------------
                       dipole moment  
 ------------------------------------------------------------------------------
   x   -1957.405784    1960.407726       3.001942
   y     154.622953    -158.086983      -3.464029
   z     -12.947589      13.628152       0.680563
 
   | dipole moment | =     4.6340 a.u. =    11.7786 debye 
 
 ------------------------------------------------------------------------------
                     quadrupole moment
 ------------------------------------------------------------------------------
  xx   26785.464141  -26956.694328    -171.230186
  yy    7544.779287   -7650.155819    -105.376532
  zz      82.854256    -189.957805    -107.103549
  xy   -5387.843572    5441.713703      53.870131
  xz     585.977732    -592.860749      -6.883017
  yz    -735.684438     731.347288      -4.337150
 
     1/3  trace=    -127.903423
     anisotropy=     114.588347
 
 ==============================================================================
 
HOMO-LUMO Separation
 HOMO         :   -0.20408382 H =     -5.55341 eV
 LUMO         :   -0.10165454 H =     -2.76616 eV
 HOMO-LUMO gap:    0.10242928 H =     +2.78724 eV
 
 ==============================================================================


    ------------------------------------------------------------------------
         total  cpu-time :  1 hours 18 minutes and 26 seconds
         total wall-time :  1 hours 19 minutes and  7 seconds
    ------------------------------------------------------------------------

   ****  ridft : all done  ****


    2025-04-08 18:51:01.060 

 ridft ended normally
