
 eiger (gpu14.int-nano.int.kit.edu) : TURBOMOLE rev. V7-6 19 Oct 2021 at 10:10:11 compiled Oct 19th 2021
 Copyright (C) 2021 TURBOMOLE GmbH, Karlsruhe


    2025-06-13 04:39:06.292 

 WB97XD                                                                         
  
Total energy =  -2293.8174694190 H =    -62417.9526198 eV
 
 HOMO-LUMO Separation
   HOMO:   167.   167 a     -0.25884766 H =     -7.04360 eV
   LUMO:   168.   168 a     -0.06536138 H =     -1.77857 eV
   Gap :                    +0.19348628 H =     +5.26503 eV
 
Number of MOs=   1413, Electrons=    334.00, Symmetry: c1   
 
   Nr.   Orbital    Occupation       Energy
  184.   184 a                     +0.062922 H =        +1.712 eV
  183.   183 a                     +0.059535 H =        +1.620 eV
  182.   182 a                     +0.057174 H =        +1.556 eV
  181.   181 a                     +0.054806 H =        +1.491 eV
  180.   180 a                     +0.053047 H =        +1.443 eV
  179.   179 a                     +0.052891 H =        +1.439 eV
  178.   178 a                     +0.049348 H =        +1.343 eV
  177.   177 a                     +0.048501 H =        +1.320 eV
  176.   176 a                     +0.046659 H =        +1.270 eV
  175.   175 a                     +0.044232 H =        +1.204 eV
  174.   174 a                     +0.043036 H =        +1.171 eV
  173.   173 a                     +0.041492 H =        +1.129 eV
  172.   172 a                     +0.038685 H =        +1.053 eV
  171.   171 a                     +0.038614 H =        +1.051 eV
  170.   170 a                     +0.033241 H =        +0.905 eV
  169.   169 a                     +0.010298 H =        +0.280 eV
  168.   168 a                     -0.065361 H =        -1.779 eV
  167.   167 a        2.000        -0.258848 H =        -7.044 eV
  166.   166 a        2.000        -0.316863 H =        -8.622 eV
  165.   165 a        2.000        -0.341113 H =        -9.282 eV
  164.   164 a        2.000        -0.346449 H =        -9.427 eV
  163.   163 a        2.000        -0.355853 H =        -9.683 eV
  162.   162 a        2.000        -0.371227 H =       -10.102 eV
  161.   161 a        2.000        -0.387557 H =       -10.546 eV
  160.   160 a        2.000        -0.402905 H =       -10.964 eV
  159.   159 a        2.000        -0.404469 H =       -11.006 eV
  158.   158 a        2.000        -0.411389 H =       -11.194 eV
  157.   157 a        2.000        -0.414754 H =       -11.286 eV
  156.   156 a        2.000        -0.420928 H =       -11.454 eV
  155.   155 a        2.000        -0.431172 H =       -11.733 eV
  154.   154 a        2.000        -0.433418 H =       -11.794 eV
  153.   153 a        2.000        -0.442521 H =       -12.042 eV
  152.   152 a        2.000        -0.443054 H =       -12.056 eV


    ------------------------------------------------------------------------
         total  cpu-time :   1.08 seconds
         total wall-time :   1.10 seconds
    ------------------------------------------------------------------------

   ****  eiger : all done  ****


    2025-06-13 04:39:07.370 

