
 eiger (nano26.int-nano.int.kit.edu) : TURBOMOLE rev. V7-6 19 Oct 2021 at 10:10:11 compiled Oct 19th 2021
 Copyright (C) 2021 TURBOMOLE GmbH, Karlsruhe


    2025-07-10 14:27:13.598 

 opt                                                                            
  
Total energy =  -2562.3117654690 H =    -69724.0545538 eV
 
 HOMO-LUMO Separation
   HOMO:   192.   192 a     -0.18854048 H =     -5.13045 eV
   LUMO:   193.   193 a     -0.11562826 H =     -3.14641 eV
   Gap :                    +0.07291222 H =     +1.98404 eV
 
Number of MOs=    981, Electrons=    384.00, Symmetry: c1   
 
   Nr.   Orbital    Occupation       Energy
  209.   209 a                     +0.050121 H =        +1.364 eV
  208.   208 a                     +0.047718 H =        +1.298 eV
  207.   207 a                     +0.047014 H =        +1.279 eV
  206.   206 a                     +0.040038 H =        +1.089 eV
  205.   205 a                     +0.037544 H =        +1.022 eV
  204.   204 a                     +0.035457 H =        +0.965 eV
  203.   203 a                     +0.018915 H =        +0.515 eV
  202.   202 a                     +0.012084 H =        +0.329 eV
  201.   201 a                     +0.010996 H =        +0.299 eV
  200.   200 a                     +0.007892 H =        +0.215 eV
  199.   199 a                     -0.004170 H =        -0.113 eV
  198.   198 a                     -0.016845 H =        -0.458 eV
  197.   197 a                     -0.026978 H =        -0.734 eV
  196.   196 a                     -0.040900 H =        -1.113 eV
  195.   195 a                     -0.053165 H =        -1.447 eV
  194.   194 a                     -0.065495 H =        -1.782 eV
  193.   193 a                     -0.115628 H =        -3.146 eV
  192.   192 a        2.000        -0.188540 H =        -5.130 eV
  191.   191 a        2.000        -0.222365 H =        -6.051 eV
  190.   190 a        2.000        -0.236570 H =        -6.437 eV
  189.   189 a        2.000        -0.252899 H =        -6.882 eV
  188.   188 a        2.000        -0.258473 H =        -7.033 eV
  187.   187 a        2.000        -0.271260 H =        -7.381 eV
  186.   186 a        2.000        -0.288211 H =        -7.843 eV
  185.   185 a        2.000        -0.293014 H =        -7.973 eV
  184.   184 a        2.000        -0.303114 H =        -8.248 eV
  183.   183 a        2.000        -0.309059 H =        -8.410 eV
  182.   182 a        2.000        -0.311641 H =        -8.480 eV
  181.   181 a        2.000        -0.314734 H =        -8.564 eV
  180.   180 a        2.000        -0.319173 H =        -8.685 eV
  179.   179 a        2.000        -0.320533 H =        -8.722 eV
  178.   178 a        2.000        -0.321374 H =        -8.745 eV
  177.   177 a        2.000        -0.322229 H =        -8.768 eV


    ------------------------------------------------------------------------
         total  cpu-time :   0.42 seconds
         total wall-time :   0.43 seconds
    ------------------------------------------------------------------------

   ****  eiger : all done  ****


    2025-07-10 14:27:14.015 

