
 eiger (nano07.int-nano.int.kit.edu) : TURBOMOLE rev. V7-6 19 Oct 2021 at 10:10:11 compiled Oct 19th 2021
 Copyright (C) 2021 TURBOMOLE GmbH, Karlsruhe


    2025-05-08 22:21:17.188 

 B3                                                                             
  
Total energy =  -1143.9898444760 H =    -31129.5492610 eV
 
 HOMO-LUMO Separation
   HOMO:    94.    94 a     -0.20152846 H =     -5.48387 eV
   LUMO:    95.    95 a     -0.11617903 H =     -3.16139 eV
   Gap :                    +0.08534943 H =     +2.32248 eV
 
Number of MOs=    801, Electrons=    188.00, Symmetry: c1   
 
   Nr.   Orbital    Occupation       Energy
  111.   111 a                     +0.025687 H =        +0.699 eV
  110.   110 a                     +0.021454 H =        +0.584 eV
  109.   109 a                     +0.021363 H =        +0.581 eV
  108.   108 a                     +0.018351 H =        +0.499 eV
  107.   107 a                     +0.013903 H =        +0.378 eV
  106.   106 a                     +0.013156 H =        +0.358 eV
  105.   105 a                     +0.010465 H =        +0.285 eV
  104.   104 a                     +0.008692 H =        +0.237 eV
  103.   103 a                     +0.005256 H =        +0.143 eV
  102.   102 a                     +0.000287 H =        +0.008 eV
  101.   101 a                     -0.007935 H =        -0.216 eV
  100.   100 a                     -0.014444 H =        -0.393 eV
   99.    99 a                     -0.019250 H =        -0.524 eV
   98.    98 a                     -0.025603 H =        -0.697 eV
   97.    97 a                     -0.032675 H =        -0.889 eV
   96.    96 a                     -0.050142 H =        -1.364 eV
   95.    95 a                     -0.116179 H =        -3.161 eV
   94.    94 a        2.000        -0.201528 H =        -5.484 eV
   93.    93 a        2.000        -0.240140 H =        -6.535 eV
   92.    92 a        2.000        -0.264079 H =        -7.186 eV
   91.    91 a        2.000        -0.273350 H =        -7.438 eV
   90.    90 a        2.000        -0.301633 H =        -8.208 eV
   89.    89 a        2.000        -0.329086 H =        -8.955 eV
   88.    88 a        2.000        -0.335768 H =        -9.137 eV
   87.    87 a        2.000        -0.345879 H =        -9.412 eV
   86.    86 a        2.000        -0.346223 H =        -9.421 eV
   85.    85 a        2.000        -0.350541 H =        -9.539 eV
   84.    84 a        2.000        -0.354973 H =        -9.659 eV
   83.    83 a        2.000        -0.357282 H =        -9.722 eV
   82.    82 a        2.000        -0.364229 H =        -9.911 eV
   81.    81 a        2.000        -0.365421 H =        -9.944 eV
   80.    80 a        2.000        -0.375779 H =       -10.225 eV
   79.    79 a        2.000        -0.377718 H =       -10.278 eV


    ------------------------------------------------------------------------
         total  cpu-time :   0.32 seconds
         total wall-time :   0.34 seconds
    ------------------------------------------------------------------------

   ****  eiger : all done  ****


    2025-05-08 22:21:17.508 

