
 ridft (nano07.int-nano.int.kit.edu) : TURBOMOLE rev. V7-6 19 Oct 2021 at 10:10:11 compiled Oct 19th 2021
 Copyright (C) 2021 TURBOMOLE GmbH, Karlsruhe


    2025-05-08 20:45:43.904 



                                  r i d f t

                        DFT program with RI approximation 
                                for coulomb part 




                                                 
                                 References:     
                                                 
          TURBOMOLE:                             
              R. Ahlrichs, M. Baer, M. Haeser, H. Horn, and
              C. Koelmel
              Electronic structure calculations on workstation
              computers: the program system TURBOMOLE
              Chem. Phys. Lett. 162: 165 (1989)
          Density Functional:                              
              O. Treutler and R. Ahlrichs                      
              Efficient Molecular Numerical Integration Schemes
              J. Chem. Phys. 102: 346 (1995)                   
          Parallel Version:                                
              Performance of parallel TURBOMOLE for Density    
              Functional Calculations                          
              M. v. Arnim and R. Ahlrichs                      
              J. Comp. Chem. 19: 1746 (1998)                   
          RI-J Method:                                     
              Auxiliary Basis Sets to approximate Coulomb      
              Potentials                                       
              Chem. Phys. Lett. 240: 283 (1995)                
              K. Eichkorn, O. Treutler, H. Oehm, M. Haeser     
              and R. Ahlrichs                                  
              Chem. Phys. Lett. 242: 652 (1995)                
                                                           
              Auxiliary Basis Sets for Main Row Atoms and their
              Use to approximate Coulomb Potentials            
              K. Eichkorn, F. Weigend, O. Treutler and         
              R. Ahlrichs                                      
              Theo. Chem. Acc. 97: 119 (1997)                   
                                                           
              Accurate Coulomb-fitting basis sets for H to Rn 
              F. Weigend                                        
              Phys. Chem. Chem. Phys. 8: 1057 (2006)            
                                                           
          Multipole accelerated RI-J (MARI-J):             
              Fast evaluation of the Coulomb potential for     
              electron densities using multipole accelerated   
              resolution of identity approximation             
              M. Sierka, A. Hogekamp and R. Ahlrichs           
              J. Chem. Phys. 118: 9136 (2003)                  
          RI-JK Method:                                     
              A fully direct RI-HF algorithm: Implementation,
              optimised auxiliary basis sets, demonstration of
              accuracy and efficiency                         
              F. Weigend                                      
              Phys. Chem. Chem. Phys. 4: 4285 (2002)           
          Two-component HF and DFT with spin-orbit coupling:  
              Self-consistent treatment of spin-orbit         
              interactions with efficient Hartree-Fock and    
              density functional methods                      
              M. K. Armbruster, F. Weigend, C. van Wüllen and 
              W. Klopper                                      
              Phys. Chem. Chem. Phys. 10: 1748 (2008)         
          Two-component difference density and DIIS algorithm 
              Efficient two-component self-consistent field   
              procedures and gradients: implementation in     
              TURBOMOLE and application to Au20-              
              A. Baldes, F. Weigend                           
              Mol. Phys. 111: 2617 (2013)                     
          Relativistic all-electron 2c calculations           
              An efficient implementation of two-component    
              relativistic exact-decoupling methods for large 
              molecules                                       
              D. Peng, N. Middendorf, F. Weigend, M. Reiher   
              J. Chem. Phys. 138: 184105 (2013)               
          Finite nucleus model and SNSO approximation         
              Efficient implementation of one- and two-       
              component analytical energy gradients in exact  
              two-component theory                            
              Y. J. Franzke, N. Middendorf, F. Weigend        
              J. Chem. Phys. 148: 104110 (2018)               
          Grids for all-electron relativistic methods         
              Error-consistent segmented contracted all-      
              electron relativistic basis sets of double-     
              and triple-zeta quality for NMR shielding       
              constants                                       
              Y. J. Franzke, R. Tress, T. M. Pazdera,         
              F. Weigend                                      
              Phys. Chem. Chem. Phys. 21: 166658 (2019)       
          Seminumerical exchange algorithms                   
              Seminumerical calculation of the Hartree-Fock   
              exchange matirx: Application to two-component   
              procedures and efficient evaluation of local    
              hybrid functionsl                               
               P. Plessow, F. Weigend,                        
              J. Comput. Chem. 33: 810 (2012)                 
          Improved seminumerical algorithms                   
              C. Holzer,                                      
              J. Chem. Phys. 153 (2020), 184115               
                                         




              +--------------------------------------------------+
              |      general information about current run       |
              +--------------------------------------------------+

 
 Becke-3-Parameter hybrid functional: B3-LYP
 exchange:    0.8*LDA + 0.72*B88 + 0.2*HF
 correlation: 0.19*LDA(VWN) + 0.81*LYP
 A Hybrid-DFT calculation using the RI-J approximation will be carried out.
 Allocatable memory for RI due to $ricore (MB):                  2000

   *************************************************************************
   B3                                                                       
   *************************************************************************




              +--------------------------------------------------+
              | Atomic coordinate, charge and isotop information |
              +--------------------------------------------------+

                    atomic coordinates            atom    charge  isotop
         -8.16149810    6.08081931   -4.16244021    c      6.000     0
         -8.24394250    7.30254501    0.50809898    c      6.000     0
         -6.78332027    7.41532764   -1.99137374    c      6.000     0
         -4.24430484   10.86764203   -2.85087541    c      6.000     0
         -3.75202533   13.35282899   -3.49366859    c      6.000     0
         -4.33926377    2.07912298   -0.54914704    c      6.000     0
         -0.95453657   -5.45400187    1.49910953    c      6.000     0
         -4.01382100    6.65999088   -1.74455094    c      6.000     0
         -2.56581590    8.78099246   -2.27487839    c      6.000     0
         -0.10874127   -7.84112754    2.14948637    c      6.000     0
         -3.56066278   -4.87839602    1.29914929    c      6.000     0
         -3.01531485    4.24572308   -1.09330105    c      6.000     0
         -2.80439760  -14.22748702    3.78853352    c      6.000     0
         -1.83432767   -9.84712133    2.65116519    c      6.000     0
         -5.26374141   -6.87705484    1.79868762    c      6.000     0
         -4.45346465   -9.28063208    2.45292611    c      6.000     0
          1.68826601  -12.73820293    3.48161705    c      6.000     0
         -6.63927778   10.07786180   -2.68588059    o      8.000     0
         -1.24966663   14.33860178   -3.71303329    c      6.000     0
         -5.81486813   15.03425438   -3.96764724    c      6.000     0
          0.12193023    8.80428957   -2.23305743    c      6.000     0
         -1.00091007  -12.21793128    3.29619637    n      7.000     0
          0.75210079   15.22130155   -3.91509112    n      7.000     0
         -7.47770769   16.41649247   -4.35612750    n      7.000     0
          2.31055188    8.64049057   -2.15081258    n      7.000     0
         -3.17722053   -0.26902897    0.08979941    c      6.000     0
         -4.52273388   -2.41152297    0.62905865    c      6.000     0
         -8.43287637    4.06195837   -3.75532971    h      1.000     0
        -10.02571027    6.96032298   -4.43691253    h      1.000     0
         -7.08225850    6.25688282   -5.93027786    h      1.000     0
         -8.52053416    5.34030386    1.13039184    h      1.000     0
         -7.22088503    8.32915195    1.99821455    h      1.000     0
        -10.10714481    8.19033022    0.25641259    h      1.000     0
         -6.40810948    2.09587975   -0.59162317    h      1.000     0
          0.45274569   -3.98823921    1.13387234    h      1.000     0
          1.92051109   -8.16283149    2.27173766    h      1.000     0
         -0.94871149    4.14346830   -1.02827085    h      1.000     0
         -4.06843465  -13.76918781    5.38648101    h      1.000     0
         -4.00222601  -14.62833081    2.12493448    h      1.000     0
         -1.78261815  -15.96717286    4.26708436    h      1.000     0
         -7.29567926   -6.51731751    1.66593228    h      1.000     0
         -5.86460176  -10.73401629    2.81528601    h      1.000     0
          1.96919893  -14.72170615    4.01568464    h      1.000     0
          2.67438803  -12.42130078    1.66814818    h      1.000     0
          2.61718073  -11.55136724    4.92692664    h      1.000     0
         -1.10879983   -0.30316933    0.13859667    h      1.000     0
         -6.59007196   -2.26690129    0.55143928    h      1.000     0
 
       center of nuclear mass  :   -3.33317314    2.40737335   -0.60832862
       center of nuclear charge:   -3.36793321    2.09690160   -0.52721920

              +--------------------------------------------------+
              |               basis set information              |
              +--------------------------------------------------+

              we will work with the 1s 3p 5d 7f 9g ... basis set
              ...i.e. with spherical basis functions...

   type   atoms  prim   cont   basis
   ---------------------------------------------------------------------------
    c       22     43     23   aug-cc-pVDZ   [4s3p2d|18s5p2d]
    o        1     43     23   aug-cc-pVDZ   [4s3p2d|18s5p2d]
    n        4     43     23   aug-cc-pVDZ   [4s3p2d|18s5p2d]
    h       20     11      9   aug-cc-pVDZ   [3s2p|5s2p]
   ---------------------------------------------------------------------------
   total:   47   1381    801
   ---------------------------------------------------------------------------

   total number of primitive shells          :   82
   total number of contracted shells         :  343
   total number of cartesian basis functions :  855
   total number of SCF-basis functions       :  801


 integral neglect threshold       :  0.39E-11
 integral storage threshold THIZE :  0.10E-04
 integral storage threshold THIME :         5

 RI-J AUXILIARY BASIS SET information:

              we will work with the 1s 3p 5d 7f 9g ... basis set
              ...i.e. with spherical basis functions...

   type   atoms  prim   cont   basis
   ---------------------------------------------------------------------------
    c       22     70     49   aug-cc-pVDZ   [6s4p3d1f1g|12s5p4d2f1g]
    o        1     70     49   aug-cc-pVDZ   [6s4p3d1f1g|12s5p4d2f1g]
    n        4     70     49   aug-cc-pVDZ   [6s4p3d1f1g|12s5p4d2f1g]
    h       20     16     11   aug-cc-pVDZ   [3s1p1d|5s2p1d]
   ---------------------------------------------------------------------------
   total:   47   2210   1543
   ---------------------------------------------------------------------------

   total number of primitive shells          :   80
   total number of contracted shells         :  505
   total number of cartesian basis functions : 1887
   total number of SCF-basis functions       : 1543


 symmetry group of the molecule :   c1 

 the group has the following generators :
   c1(z)

    1 symmetry operations found

 there are 1 real representations :   a   

 maximum number of shells which are related by symmetry :  1

 ==============================================================================
                      COSMO switched on
 ==============================================================================
 COSMO stati: segments per atom: H   32 other atoms   92
 COSMO statistics: nps   1771 npspher:    746
 COSMO surface:
   number of segments: 1771
   area (bohr**2):     1484.631399
   volume (bohr**3):   3090.949770
 COSMO: check number of disjunct cavities:

       ... OK contiguous cavity found
  
           ------------------
           density functional
           ------------------
 Becke-3-Parameter hybrid functional: B3-LYP
 exchange:    0.8*LDA + 0.72*B88 + 0.2*HF
 correlation: 0.19*LDA(VWN) + 0.81*LYP

 iterations will be done with small grid
  
 spherical integration : Lebedev's spherical grid
 spherical gridsize    :                     3
    i.e. gridpoints    :                   302
 value for diffuse not defined
 radial integration    : Chebyshev 2nd kind (scaling 3)
 radial gridsize       :                     3
 integration cells     :                    47
 partition function    : becke
 partition sharpness   :                     3
  

 biggest AO integral is expected to be     4.738267915

          ------------------------
          nuclear repulsion energy  :   2051.18623084    
          ------------------------


         -----------------
         -S,T+V- integrals
         -----------------

 1e-integrals will be neglected if expon. factor < 0.390873E-12
 
   Difference densities algorithm switched on.
   The maximal number of linear combinations of
   difference densities is                    20 .

 DIIS switched on: error vector is FDS-SDF
 Max. Iterations for DIIS is     :   4
 DIIS matrix (see manual) 
    Scaling factor of diagonals  :  1.200
    threshold for scaling factor :  0.000

 scf convergence criterion : increment of total energy < .1000000D-06
                  and increment of one-electron energy < .1000000D-03

 MOs are in ASCII format !


    mo occupation :
   irrep   mo's   occupied
    a      801       94
 
 number of basis functions   :   801
 number of occupied orbitals :    94
 

 reading orbital data $scfmo  from file mos
 orbital characterization : expanded
 virtual MOs provided and orthogonalized by Cholesky decomposition

 automatic virtual orbital shift switched on 
      shift if e(lumo)-e(homo) < 0.10000000    

  
           ------------------------
               RI-J - INFORMATION
           ------------------------
 Contributions to RI integral batches: 
  neglected integral batches:                 17090
  direct contribution:                        15187
  memory contribution:                 26719
 Memory core needed for (P|Q) and Cholesky     19 MByte
 Memory core minimum needed except of (P|Q)     2 MByte
 Total minimum memory core needed (sum)        20 MByte
  
 ****************************************
 Memory allocated for RI-J  1636 MByte
 ****************************************
                                            

 DSCF restart information will be dumped onto file mos


 Starting SCF iterations

          Overall gridpoints after grid construction =         63510

 ITERATION  ENERGY          1e-ENERGY        2e-ENERGY     NORM[dD(SAO)]  TOL
   1  -1139.1767944434    -5572.1902057     2381.8271804    0.000D+00 0.390D-11
                            Exc = -128.468515773     Coul =  2540.75903440    
                            exK = -30.4633381861    
                              N = 188.00389373    
                          Ediel =-0.197911991626    
                            current damping = 0.300
 
          max. resid. norm for Fia-block=  3.724D-01 for orbital     85a         
          max. resid. fock norm         =  1.433D+00 for orbital    777a         

 ITERATION  ENERGY          1e-ENERGY        2e-ENERGY     NORM[dD(SAO)]  TOL
   2  -1143.3241203883    -5622.0302015     2427.5198503    0.152D+03 0.104D-11
                            Exc = -130.585418711      Eck =  2558.10526898    
                              N = 188.00275632    
                          Ediel =-0.355762830004E-01
                            current damping = 0.250
 
          Norm of current diis error:  3.2020    
          max. resid. norm for Fia-block=  1.524D-01 for orbital     86a         
          max. resid. fock norm         =  3.035D-01 for orbital    772a         

 ITERATION  ENERGY          1e-ENERGY        2e-ENERGY     NORM[dD(SAO)]  TOL
   3  -1143.5393628904    -5617.6953064     2422.9697127    0.441D+02 0.939D-12
                            Exc = -131.474614692      Eck =  2554.44432737    
                              N = 188.00232864    
                          Ediel =-0.850140770887E-01
                            current damping = 0.200
 
          Norm of current diis error:  2.6287    
          max. resid. norm for Fia-block=  9.211D-02 for orbital     89a         
          max. resid. fock norm         =  9.758D-02 for orbital     89a         

 ITERATION  ENERGY          1e-ENERGY        2e-ENERGY     NORM[dD(SAO)]  TOL
   4  -1143.9547298922    -5618.1294768     2422.9885161    0.116D+02 0.913D-12
                            Exc = -130.889485533      Eck =  2553.87800161    
                              N = 188.00228180    
                          Ediel =-0.280386838841E-01
                            current damping = 0.250
 
          Norm of current diis error: 0.81727    
          max. resid. norm for Fia-block=  2.246D-02 for orbital     83a         
          max. resid. fock norm         =  2.958D-02 for orbital     37a         

 ITERATION  ENERGY          1e-ENERGY        2e-ENERGY     NORM[dD(SAO)]  TOL
   5  -1143.9859460679    -5620.4663218     2425.2941449    0.363D+01 0.908D-12
                            Exc = -131.075538908      Eck =  2556.36968383    
                              N = 188.00226537    
                          Ediel =-0.316799995069E-01
                            current damping = 0.150
 
          Norm of current diis error: 0.30721    
          max. resid. norm for Fia-block=  1.398D-02 for orbital     28a         
          max. resid. fock norm         =  1.936D-02 for orbital     28a         
          irrep a   : virtual orbitals shifted by    0.00025
          mo-orthogonalization: Cholesky decomposition

 ITERATION  ENERGY          1e-ENERGY        2e-ENERGY     NORM[dD(SAO)]  TOL
   6  -1143.9891615481    -5620.9434567     2425.7680643    0.136D+01 0.906D-12
                            Exc = -131.138754795      Eck =  2556.90681912    
                              N = 188.00224734    
                          Ediel =-0.319253214457E-01
                            current damping = 0.100
 
          Norm of current diis error: 0.17536    
          max. resid. norm for Fia-block=  4.973D-03 for orbital     28a         
          max. resid. fock norm         =  7.537D-03 for orbital     56a         
          irrep a   : virtual orbitals shifted by    0.00659

 ITERATION  ENERGY          1e-ENERGY        2e-ENERGY     NORM[dD(SAO)]  TOL
   7  -1143.9905677003    -5620.1870228     2425.0102242    0.667D+00 0.906D-12
                            Exc = -131.092609182      Eck =  2556.10283341    
                              N = 188.00223820    
                          Ediel =-0.321465560943E-01
                            current damping = 0.150
 
          Norm of current diis error: 0.81695E-01
          max. resid. norm for Fia-block=  2.679D-03 for orbital     88a         
          max. resid. fock norm         =  3.101D-03 for orbital     45a         
          irrep a   : virtual orbitals shifted by    0.00178

 ITERATION  ENERGY          1e-ENERGY        2e-ENERGY     NORM[dD(SAO)]  TOL
   8  -1143.9908964578    -5620.3484377     2425.1713104    0.233D+00 0.905D-12
                            Exc = -131.094465560      Eck =  2556.26577595    
                              N = 188.00224454    
                          Ediel =-0.316344610698E-01
                            current damping = 0.200
 
          Norm of current diis error: 0.31780E-01
          max. resid. norm for Fia-block=  1.053D-03 for orbital     88a         
          max. resid. fock norm         =  1.270D-03 for orbital     30a         

 ITERATION  ENERGY          1e-ENERGY        2e-ENERGY     NORM[dD(SAO)]  TOL
   9  -1143.9909467974    -5620.4308271     2425.2536494    0.828D-01 0.905D-12
                            Exc = -131.100359716      Eck =  2556.35400914    
                              N = 188.00224316    
                          Ediel =-0.317077014646E-01
                            current damping = 0.100
 
          Norm of current diis error: 0.13829E-01
          max. resid. norm for Fia-block=  4.346D-04 for orbital     30a         
          max. resid. fock norm         =  6.236D-04 for orbital     30a         
          irrep a   : virtual orbitals shifted by    0.00613

 ITERATION  ENERGY          1e-ENERGY        2e-ENERGY     NORM[dD(SAO)]  TOL
  10  -1143.9909549995    -5620.3844763     2425.2072905    0.493D-01 0.905D-12
                            Exc = -131.099538919      Eck =  2556.30682939    
                              N = 188.00224272    
                          Ediel =-0.318273986754E-01
                            current damping = 0.150
 
          Norm of current diis error: 0.68786E-02
          max. resid. norm for Fia-block=  2.229D-04 for orbital     88a         
          max. resid. fock norm         =  2.849D-04 for orbital     30a         
          irrep a   : virtual orbitals shifted by    0.00188
          mo-orthogonalization: Cholesky decomposition

 ITERATION  ENERGY          1e-ENERGY        2e-ENERGY     NORM[dD(SAO)]  TOL
  11  -1143.9909573144    -5620.3977251     2425.2205370    0.204D-01 0.905D-12
                            Exc = -131.098706207      Eck =  2556.31924316    
                              N = 188.00224292    
                          Ediel =-0.317291307391E-01
                            current damping = 0.200
 
          Norm of current diis error: 0.30436E-02
          max. resid. norm for Fia-block=  1.046D-04 for orbital     88a         
          max. resid. fock norm         =  1.116D-04 for orbital     37a         

 ITERATION  ENERGY          1e-ENERGY        2e-ENERGY     NORM[dD(SAO)]  TOL
  12  -1143.9909577535    -5620.3930293     2425.2158407    0.146D-01 0.905D-12
                            Exc = -131.099093669      Eck =  2556.31493441    
                              N = 188.00224292    
                          Ediel =-0.317653954828E-01
                            current damping = 0.250
 
          Norm of current diis error: 0.14224E-02
          max. resid. norm for Fia-block=  4.017D-05 for orbital     85a         
          max. resid. fock norm         =  5.611D-05 for orbital     37a         

 ITERATION  ENERGY          1e-ENERGY        2e-ENERGY     NORM[dD(SAO)]  TOL
  13  -1143.9909578545    -5620.3954467     2425.2182580    0.109D-01 0.904D-12
                            Exc = -131.099035443      Eck =  2556.31729345    
                              N = 188.00224289    
                          Ediel =-0.317560945342E-01
                            current damping = 0.300
 
          Norm of current diis error: 0.42457E-03
          max. resid. norm for Fia-block=  1.408D-05 for orbital     86a         
          max. resid. fock norm         =  8.783D-05 for orbital    798a         

 ITERATION  ENERGY          1e-ENERGY        2e-ENERGY     NORM[dD(SAO)]  TOL
  14  -1143.9909579001    -5620.3950162     2425.2178274    0.258D+02 0.111D-11
                            Exc = -131.099063881      Eck =  2556.31689133    
                              N = 188.00224289    
                          Ediel =-0.317584252728E-01
                            current damping = 0.350
 
          Norm of current diis error: 0.15013E-03
          max. resid. norm for Fia-block=  7.756D-06 for orbital     86a         
          max. resid. fock norm         =  7.398D-04 for orbital    783a         

 ENERGY CONVERGED !

          Overall gridpoints after grid construction =        232212

 ITERATION  ENERGY          1e-ENERGY        2e-ENERGY     NORM[dD(SAO)]  TOL
  15  -1143.9898444757    -5620.3950491     2425.2189737    0.200D+00 0.111D-11
                            Exc = -131.097933007      Eck =  2556.31690674    
                              N = 187.99981462    
                          Ediel =-0.317575013806E-01
                            current damping = 0.400
 
          Norm of current diis error: 0.77547E-04
          max. resid. norm for Fia-block=  2.162D-05 for orbital     61a         
          max. resid. fock norm         =  1.909D-03 for orbital    783a         

 End of SCF iterations

   convergence criteria satisfied after    15 iterations


   *************************************************************************
   B3                                                                       
   *************************************************************************


                  ------------------------------------------ 
                 |  total energy      =  -1143.98984447568  |
                  ------------------------------------------ 
                 :  kinetic energy    =   1137.26951541267  :
                 :  potential energy  =  -2281.25935988835  :
                 :  virial theorem    =      1.99412553433  :
                 :  wavefunction norm =      1.00000000000  :
                  .......................................... 


 <geterg> : there is no data group $energy 


 <skperg> : $end is missing 


 orbitals $scfmo  will be written to file mos

    irrep                 90a         91a         92a         93a         94a   
 eigenvalues H         -0.30163    -0.27335    -0.26408    -0.24014    -0.20153
            eV          -8.2079     -7.4383     -7.1860     -6.5346     -5.4839
 occupation              2.0000      2.0000      2.0000      2.0000      2.0000

    irrep                 95a         96a         97a         98a         99a   
 eigenvalues H         -0.11618    -0.05014    -0.03268    -0.02560    -0.01925
            eV          -3.1614     -1.3645     -0.8891     -0.6967     -0.5238
 
 ==============================================================================
                                  COSMO RESULTS
 ==============================================================================
  PARAMETER:
    nppa:      1082
    nspa:        92
    nsph:        32
    nps:       1771
    npspher:    746
    disex:   10.0000    
    disex2:  4451.90    
    rsolv [A]: 1.3000
    routf:     0.8500
    phsran:    0.0    
    ampran:   0.10E-04
    cavity:  closed
    epsilon:     4.800
    refind:     1.300
    fepsi:      0.7169811
  CAVITY VOLUME/AREA [a.u.]:
    surface: V1.0, A matrix: V1.0
    area:  1484.63
    volume:  3090.95
  SCREENING CHARGE:
    cosmo      :  -0.050454
    correction :   0.049136
    total      :  -0.001318
  ENERGIES [a.u.]:
    Total energy            =   -1143.9898444756832
    Total energy + OC corr. =    -1143.9897558815
    Dielectric energy       =       -0.0317575014
    Diel. energy + OC corr. =       -0.0316689072
  ELEMENT RADIUS [A]: ATOM LIST
    c  2.00: 1-17,19-21,26,27
    o  1.72: 18
    n  1.83: 22-25
    h  1.30: 28-47
 ==============================================================================
 
 
 
 ==============================================================================
                           electrostatic moments
 ==============================================================================

 reference point for electrostatic moments:    0.00000   0.00000   0.00000

 
              nuc           elec       ->  total
 ------------------------------------------------------------------------------
                          charge      
 ------------------------------------------------------------------------------
         188.000000    -188.000000      -0.000000
 
 ------------------------------------------------------------------------------
                       dipole moment  
 ------------------------------------------------------------------------------
   x    -633.171444     631.271943      -1.899500
   y     394.217500    -404.584362     -10.366862
   z     -99.117210     101.808814       2.691604
 
   | dipole moment | =    10.8777 a.u. =    27.6484 debye 
 
 ------------------------------------------------------------------------------
                     quadrupole moment
 ------------------------------------------------------------------------------
  xx    3899.563470   -4015.184871    -115.621401
  yy   18451.256750  -18645.305991    -194.049241
  zz    1421.336241   -1546.565063    -125.228822
  xy   -2979.549162    2989.484542       9.935380
  xz     798.319113    -800.938043      -2.618929
  yz   -4843.788101    4862.358039      18.569939
 
     1/3  trace=    -144.966488
     anisotropy=      82.710210
 
 ==============================================================================
 
HOMO-LUMO Separation
 HOMO         :   -0.20152846 H =     -5.48387 eV
 LUMO         :   -0.11617903 H =     -3.16139 eV
 HOMO-LUMO gap:    0.08534943 H =     +2.32248 eV
 
 ==============================================================================


    ------------------------------------------------------------------------
         total  cpu-time :  1 hours 35 minutes and 24 seconds
         total wall-time :  1 hours 35 minutes and 33 seconds
    ------------------------------------------------------------------------

   ****  ridft : all done  ****


    2025-05-08 22:21:16.976 

 ridft ended normally
