
 ridft (nano20.int-nano.int.kit.edu) : TURBOMOLE rev. V7-6 19 Oct 2021 at 10:10:11 compiled Oct 19th 2021
 Copyright (C) 2021 TURBOMOLE GmbH, Karlsruhe


    2025-06-24 13:36:48.507 



                                  r i d f t

                        DFT program with RI approximation 
                                for coulomb part 




                                                 
                                 References:     
                                                 
          TURBOMOLE:                             
              R. Ahlrichs, M. Baer, M. Haeser, H. Horn, and
              C. Koelmel
              Electronic structure calculations on workstation
              computers: the program system TURBOMOLE
              Chem. Phys. Lett. 162: 165 (1989)
          Density Functional:                              
              O. Treutler and R. Ahlrichs                      
              Efficient Molecular Numerical Integration Schemes
              J. Chem. Phys. 102: 346 (1995)                   
          Parallel Version:                                
              Performance of parallel TURBOMOLE for Density    
              Functional Calculations                          
              M. v. Arnim and R. Ahlrichs                      
              J. Comp. Chem. 19: 1746 (1998)                   
          RI-J Method:                                     
              Auxiliary Basis Sets to approximate Coulomb      
              Potentials                                       
              Chem. Phys. Lett. 240: 283 (1995)                
              K. Eichkorn, O. Treutler, H. Oehm, M. Haeser     
              and R. Ahlrichs                                  
              Chem. Phys. Lett. 242: 652 (1995)                
                                                           
              Auxiliary Basis Sets for Main Row Atoms and their
              Use to approximate Coulomb Potentials            
              K. Eichkorn, F. Weigend, O. Treutler and         
              R. Ahlrichs                                      
              Theo. Chem. Acc. 97: 119 (1997)                   
                                                           
              Accurate Coulomb-fitting basis sets for H to Rn 
              F. Weigend                                        
              Phys. Chem. Chem. Phys. 8: 1057 (2006)            
                                                           
          Multipole accelerated RI-J (MARI-J):             
              Fast evaluation of the Coulomb potential for     
              electron densities using multipole accelerated   
              resolution of identity approximation             
              M. Sierka, A. Hogekamp and R. Ahlrichs           
              J. Chem. Phys. 118: 9136 (2003)                  
          RI-JK Method:                                     
              A fully direct RI-HF algorithm: Implementation,
              optimised auxiliary basis sets, demonstration of
              accuracy and efficiency                         
              F. Weigend                                      
              Phys. Chem. Chem. Phys. 4: 4285 (2002)           
          Two-component HF and DFT with spin-orbit coupling:  
              Self-consistent treatment of spin-orbit         
              interactions with efficient Hartree-Fock and    
              density functional methods                      
              M. K. Armbruster, F. Weigend, C. van Wüllen and 
              W. Klopper                                      
              Phys. Chem. Chem. Phys. 10: 1748 (2008)         
          Two-component difference density and DIIS algorithm 
              Efficient two-component self-consistent field   
              procedures and gradients: implementation in     
              TURBOMOLE and application to Au20-              
              A. Baldes, F. Weigend                           
              Mol. Phys. 111: 2617 (2013)                     
          Relativistic all-electron 2c calculations           
              An efficient implementation of two-component    
              relativistic exact-decoupling methods for large 
              molecules                                       
              D. Peng, N. Middendorf, F. Weigend, M. Reiher   
              J. Chem. Phys. 138: 184105 (2013)               
          Finite nucleus model and SNSO approximation         
              Efficient implementation of one- and two-       
              component analytical energy gradients in exact  
              two-component theory                            
              Y. J. Franzke, N. Middendorf, F. Weigend        
              J. Chem. Phys. 148: 104110 (2018)               
          Grids for all-electron relativistic methods         
              Error-consistent segmented contracted all-      
              electron relativistic basis sets of double-     
              and triple-zeta quality for NMR shielding       
              constants                                       
              Y. J. Franzke, R. Tress, T. M. Pazdera,         
              F. Weigend                                      
              Phys. Chem. Chem. Phys. 21: 166658 (2019)       
          Seminumerical exchange algorithms                   
              Seminumerical calculation of the Hartree-Fock   
              exchange matirx: Application to two-component   
              procedures and efficient evaluation of local    
              hybrid functionsl                               
               P. Plessow, F. Weigend,                        
              J. Comput. Chem. 33: 810 (2012)                 
          Improved seminumerical algorithms                   
              C. Holzer,                                      
              J. Chem. Phys. 153 (2020), 184115               
                                         




              +--------------------------------------------------+
              |      general information about current run       |
              +--------------------------------------------------+

 
 Libxc version: 5.1.4
 S. Lehtola, C. Steigemann, M.J.T. Oliveira, and M.A.L. Marques, Software X 7, 1 (2018)
 M.A.L. Marques, M.J.T. Oliveira, and T. Burnus, Comput. Phys. Commun. 183, 2272 (2012)
 TURBOMOLE integration by Christof Holzer

 Name of XC-Functional: CAM version of B3LYP
 alpha=    0.19000
 beta =    0.46000
 omega=    0.33000
 [1] T. Yanai, D. P. Tew, and N. C. Handy, Chem. Phys. Lett. 393, 51 (2004)
 A Hybrid-DFT calculation using the RI-J approximation will be carried out.
 Allocatable memory for RI due to $ricore (MB):                  2000

   *************************************************************************
   cam                                                                      
   *************************************************************************




              +--------------------------------------------------+
              | Atomic coordinate, charge and isotop information |
              +--------------------------------------------------+

                    atomic coordinates            atom    charge  isotop
        -19.30386984   -1.12618852   25.34131558    c      6.000     0
        -18.04744177    2.91365722   23.76590420    c      6.000     0
        -18.79651673    5.20073454   22.63122042    c      6.000     0
        -15.49420351    2.55804081   24.39452821    c      6.000     0
        -17.03370424    7.07647310   22.11997108    c      6.000     0
        -13.73508033    4.46743785   23.90117420    c      6.000     0
         11.63844110    1.70955057    5.09263937    c      6.000     0
        -14.47220089    6.73169805   22.74657251    c      6.000     0
        -13.90575642   11.63912423   25.61346978    c      6.000     0
        -14.47108292   14.06644607   26.44110973    c      6.000     0
          9.23713947    0.92537318    5.74599555    c      6.000     0
        -14.83589228   20.58004951   24.18823966    c      6.000     0
          7.42508260    1.90590161    7.53173647    c      6.000     0
        -13.21455716   11.20114619   23.08481837    c      6.000     0
        -14.33797874   16.13090043   24.76943835    c      6.000     0
        -10.46318754    8.19276154   20.95610123    c      6.000     0
          5.27446221    0.39000092    7.49355720    c      6.000     0
        -13.10636372   13.25281372   21.41772712    c      6.000     0
        -13.64371585   15.70436241   22.24325265    c      6.000     0
          3.06178661    0.81062939    8.93780326    c      6.000     0
          5.79214436   -1.73710164    5.59485431    c      6.000     0
         -7.11432885    6.45741564   18.02226741    c      6.000     0
          2.58793250   -4.09924607    2.73858184    c      6.000     0
         -8.21579560    9.56442775   21.01608378    c      6.000     0
         -5.61994950    5.04563924   16.28100988    c      6.000     0
          3.89060537   -1.89303352    3.41987497    c      6.000     0
         -6.36714985    8.59036974   19.36852190    c      6.000     0
          0.91121063   -4.07848270    0.69360961    c      6.000     0
          0.85813711   -0.57647040    8.87244538    c      6.000     0
         -6.31952308    2.93915926   14.94995577    c      6.000     0
         -1.35925128   -0.09512163   10.29964271    c      6.000     0
         -4.77825547    1.57707037   13.19575778    c      6.000     0
          3.49318879    0.31857003    2.00545050    c      6.000     0
          0.52628627   -1.87230757   -0.69930562    c      6.000     0
          1.82935523    0.33079448   -0.03779962    c      6.000     0
         -3.60893810   -1.48626053   10.21259890    c      6.000     0
         -5.50164905   -0.56571692   11.81396472    c      6.000     0
        -19.90035697    1.19625824   24.17413985    o      8.000     0
         13.02072077    0.36669795    3.19649782    c      6.000     0
         12.83612155    3.83519615    6.24827247    c      6.000     0
          7.68131472    4.08090042    9.08588069    c      6.000     0
        -12.67544532    8.68756195   22.23686122    n      7.000     0
        -14.90575036   18.42365204   25.75558418    o      8.000     0
        -10.25881290    5.66460580   18.80450744    s     16.000     0
          8.23599639   -1.09696844    4.56133928    o      8.000     0
         -1.66274980    2.41691719   12.46110427    s     16.000     0
         14.16887698   -0.69686107    1.65548380    n      7.000     0
         13.88145757    5.54808151    7.14203791    n      7.000     0
          7.72098083    5.83541286   10.40703773    n      7.000     0
          6.29001142   -4.28607762    6.98094008    c      6.000     0
          4.17994134   -5.19082633    8.07528558    f      9.000     0
          8.01634975   -3.96579947    8.79367045    f      9.000     0
          7.14922189   -6.04080020    5.38820085    f      9.000     0
        -21.08077648   -2.18946579   25.48276650    h      1.000     0
        -17.94090222   -2.23570172   24.21251584    h      1.000     0
        -18.52548673   -0.85330092   27.26044698    h      1.000     0
        -20.78815598    5.44862107   22.15101323    h      1.000     0
        -14.85205284    0.81803201   25.29132685    h      1.000     0
        -17.63383269    8.83780519   21.22720928    h      1.000     0
        -11.75877508    4.18375764   24.42396485    h      1.000     0
        -14.00280595   10.05364477   26.93126425    h      1.000     0
        -15.01004491   14.42609875   28.40047907    h      1.000     0
        -15.35378458   22.19614254   25.38328243    h      1.000     0
        -12.92911781   20.90723102   23.40051621    h      1.000     0
        -16.20061300   20.43967064   22.61278255    h      1.000     0
        -12.58965307   12.93697604   19.44423378    h      1.000     0
        -13.53725322   17.25753455   20.89404225    h      1.000     0
          3.15559035    2.45147537   10.19499232    h      1.000     0
          2.86000430   -5.85779799    3.77199331    h      1.000     0
         -7.94449442   11.20658992   22.22708491    h      1.000     0
         -3.70563161    5.79544458   16.01413520    h      1.000     0
         -4.47709208    9.39632603   19.17301934    h      1.000     0
         -0.08609517   -5.81449982    0.18571038    h      1.000     0
          0.72662728   -2.21002393    7.61762906    h      1.000     0
         -8.23065848    2.17987770   15.19311742    h      1.000     0
          4.50080663    2.05195193    2.49959441    h      1.000     0
         -0.77888256   -1.86741432   -2.30028821    h      1.000     0
          1.55112160    2.06867979   -1.11807101    h      1.000     0
         -3.82626568   -3.13133817    8.98624261    h      1.000     0
         -7.37826803   -1.40139576   11.99539317    h      1.000     0
 
       center of nuclear mass  :   -3.34954681    3.61055859   13.69359451
       center of nuclear charge:   -3.58780309    3.70809731   13.82341961

              +--------------------------------------------------+
              |               basis set information              |
              +--------------------------------------------------+

              we will work with the 1s 3p 5d 7f 9g ... basis set
              ...i.e. with spherical basis functions...

   type   atoms  prim   cont   basis
   ---------------------------------------------------------------------------
    c       41     43     23   aug-cc-pVDZ   [4s3p2d|18s5p2d]
    o        3     43     23   aug-cc-pVDZ   [4s3p2d|18s5p2d]
    n        4     43     23   aug-cc-pVDZ   [4s3p2d|18s5p2d]
    s        2     93     27   aug-cc-pVDZ   [5s4p2d|35s16p2d]
    f        3     43     23   aug-cc-pVDZ   [4s3p2d|18s5p2d]
    h       27     11      9   aug-cc-pVDZ   [3s2p|5s2p]
   ---------------------------------------------------------------------------
   total:   80   2676   1470
   ---------------------------------------------------------------------------

   total number of primitive shells          :  160
   total number of contracted shells         :  616
   total number of cartesian basis functions : 1576
   total number of SCF-basis functions       : 1470


 integral neglect threshold       :  0.21E-11
 integral storage threshold THIZE :  0.10E-04
 integral storage threshold THIME :         5

 RI-J AUXILIARY BASIS SET information:

              we will work with the 1s 3p 5d 7f 9g ... basis set
              ...i.e. with spherical basis functions...

   type   atoms  prim   cont   basis
   ---------------------------------------------------------------------------
    c       41     70     49   aug-cc-pVDZ   [6s4p3d1f1g|12s5p4d2f1g]
    o        3     70     49   aug-cc-pVDZ   [6s4p3d1f1g|12s5p4d2f1g]
    n        4     70     49   aug-cc-pVDZ   [6s4p3d1f1g|12s5p4d2f1g]
    s        2     77     51   aug-cc-pVDZ   [8s4p3d1f1g|14s5p5d2f1g]
    f        3     70     49   aug-cc-pVDZ   [6s4p3d1f1g|12s5p4d2f1g]
    h       27     16     11   aug-cc-pVDZ   [3s1p1d|5s2p1d]
   ---------------------------------------------------------------------------
   total:   80   4156   2898
   ---------------------------------------------------------------------------

   total number of primitive shells          :  131
   total number of contracted shells         :  934
   total number of cartesian basis functions : 3561
   total number of SCF-basis functions       : 2898


 symmetry group of the molecule :   c1 

 the group has the following generators :
   c1(z)

    1 symmetry operations found

 there are 1 real representations :   a   

 maximum number of shells which are related by symmetry :  1

 ==============================================================================
                      COSMO switched on
 ==============================================================================
 COSMO stati: segments per atom: H   32 other atoms   92
 COSMO statistics: nps   2784 npspher:   1221
 COSMO surface:
   number of segments: 2784
   area (bohr**2):     2482.824852
   volume (bohr**3):   5577.011378
 COSMO: check number of disjunct cavities:

       ... OK contiguous cavity found
  
           ------------------
           density functional
           ------------------
 Name of XC-Functional: CAM version of B3LYP
 alpha=    0.19000
 beta =    0.46000
 omega=    0.33000
 [1] T. Yanai, D. P. Tew, and N. C. Handy, Chem. Phys. Lett. 393, 51 (2004)

 iterations will be done with small grid
  
 spherical integration : Lebedev's spherical grid
 spherical gridsize    :                     3
    i.e. gridpoints    :                   302
 value for diffuse not defined
 radial integration    : Chebyshev 2nd kind (scaling 3)
 radial gridsize       :                     3
 integration cells     :                    80
 partition function    : becke
 partition sharpness   :                     3
  

 biggest AO integral is expected to be     9.680754338

          ------------------------
          nuclear repulsion energy  :   6388.26522038    
          ------------------------


         -----------------
         -S,T+V- integrals
         -----------------

 1e-integrals will be neglected if expon. factor < 0.212053E-12
 
   Difference densities algorithm switched on.
   The maximal number of linear combinations of
   difference densities is                    20 .

 DIIS switched on: error vector is FDS-SDF
 Max. Iterations for DIIS is     :   4
 DIIS matrix (see manual) 
    Scaling factor of diagonals  :  1.200
    threshold for scaling factor :  0.000

 scf convergence criterion : increment of total energy < .1000000D-06
                  and increment of one-electron energy < .1000000D-03

 MOs are in ASCII format !


    mo occupation :
   irrep   mo's   occupied
    a     1470      192
 
 number of basis functions   :  1470
 number of occupied orbitals :   192
 

 reading orbital data $scfmo  from file mos
 orbital characterization : expanded
 virtual MOs provided and orthogonalized by Cholesky decomposition

 automatic virtual orbital shift switched on 
      shift if e(lumo)-e(homo) < 0.10000000    

  
           ------------------------
               RI-J - INFORMATION
           ------------------------
 Contributions to RI integral batches: 
  neglected integral batches:                 92513
  direct contribution:                        71539
  memory contribution:                 25984
 Memory core needed for (P|Q) and Cholesky     65 MByte
 Memory core minimum needed except of (P|Q)     3 MByte
 Total minimum memory core needed (sum)        67 MByte
  
 ****************************************
 Memory allocated for RI-J  1803 MByte
 ****************************************
                                            

 DSCF restart information will be dumped onto file mos


 Starting SCF iterations

          Overall gridpoints after grid construction =        115003

 ITERATION  ENERGY          1e-ENERGY        2e-ENERGY     NORM[dD(SAO)]  TOL
   1  -3109.4777395314    -16887.972977     7390.2300174    0.000D+00 0.212D-11
                            Exc = -266.765954350     Coul =  7753.17904022    
                            exK = -96.1830684923    
                              N = 384.00258788    
                          Ediel =-0.206978318927    
                            current damping = 0.300
 
          max. resid. norm for Fia-block=  9.584D-01 for orbital      2a         
          max. resid. fock norm         =  1.654D+00 for orbital      2a         

 ITERATION  ENERGY          1e-ENERGY        2e-ENERGY     NORM[dD(SAO)]  TOL
   2  -3117.2715344519    -16969.898573     7464.3618180    0.226D+03 0.638D-12
                            Exc = -269.061946995      Eck =  7733.42376501    
                              N = 384.00258092    
                          Ediel =-0.374667191440E-01
                            current damping = 0.250
 
          Norm of current diis error:  3.9380    
          max. resid. norm for Fia-block=  2.286D-01 for orbital      2a         
          max. resid. fock norm         =  3.793D-01 for orbital      1a         

 ITERATION  ENERGY          1e-ENERGY        2e-ENERGY     NORM[dD(SAO)]  TOL
   3  -3117.8634828619    -16971.985076     7465.8563725    0.621D+02 0.559D-12
                            Exc = -270.667735091      Eck =  7736.52410754    
                              N = 384.00222829    
                          Ediel =-0.733072122416E-01
                            current damping = 0.150
 
          Norm of current diis error:  2.4479    
          max. resid. norm for Fia-block=  9.787D-02 for orbital    178a         
          max. resid. fock norm         =  1.052D-01 for orbital    178a         

 ITERATION  ENERGY          1e-ENERGY        2e-ENERGY     NORM[dD(SAO)]  TOL
   4  -3118.1943308815    -16973.708371     7467.2488201    0.184D+02 0.534D-12
                            Exc = -269.919571639      Eck =  7737.16839172    
                              N = 384.00199395    
                          Ediel =-0.303390249852E-01
                            current damping = 0.100
 
          Norm of current diis error:  1.0587    
          max. resid. norm for Fia-block=  3.804D-02 for orbital     74a         
          max. resid. fock norm         =  4.810D-02 for orbital     74a         

 ITERATION  ENERGY          1e-ENERGY        2e-ENERGY     NORM[dD(SAO)]  TOL
   5  -3118.2506398428    -16975.370061     7468.8542011    0.735D+01 0.529D-12
                            Exc = -270.135424718      Eck =  7738.98962585    
                              N = 384.00195038    
                          Ediel =-0.398046717682E-01
                            current damping = 0.100
 
          Norm of current diis error: 0.46261    
          max. resid. norm for Fia-block=  1.398D-02 for orbital    102a         
          max. resid. fock norm         =  1.807D-02 for orbital     81a         
          mo-orthogonalization: Cholesky decomposition

 ITERATION  ENERGY          1e-ENERGY        2e-ENERGY     NORM[dD(SAO)]  TOL
   6  -3118.2626062222    -16976.731951     7470.2041241    0.202D+01 0.528D-12
                            Exc = -270.245291988      Eck =  7740.44941609    
                              N = 384.00186290    
                          Ediel =-0.361038162901E-01
                            current damping = 0.100
 
          Norm of current diis error: 0.15538    
          max. resid. norm for Fia-block=  4.026D-03 for orbital    102a         
          max. resid. fock norm         =  4.931D-03 for orbital     65a         

 ITERATION  ENERGY          1e-ENERGY        2e-ENERGY     NORM[dD(SAO)]  TOL
   7  -3118.2640682625    -16975.933385     7469.4040966    0.958D+00 0.528D-12
                            Exc = -270.179343552      Eck =  7739.58344013    
                              N = 384.00185913    
                          Ediel =-0.362611044611E-01
                            current damping = 0.150
 
          Norm of current diis error: 0.54297E-01
          max. resid. norm for Fia-block=  1.526D-03 for orbital    175a         
          max. resid. fock norm         =  1.971D-03 for orbital     73a         

 ITERATION  ENERGY          1e-ENERGY        2e-ENERGY     NORM[dD(SAO)]  TOL
   8  -3118.2642510953    -16976.152856     7469.6233848    0.278D+00 0.527D-12
                            Exc = -270.187627001      Eck =  7739.81101185    
                              N = 384.00185110    
                          Ediel =-0.360039562342E-01
                            current damping = 0.200
 
          Norm of current diis error: 0.25725E-01
          max. resid. norm for Fia-block=  1.040D-03 for orbital    161a         
          max. resid. fock norm         =  1.208D-03 for orbital    161a         

 ITERATION  ENERGY          1e-ENERGY        2e-ENERGY     NORM[dD(SAO)]  TOL
   9  -3118.2642981810    -16976.189144     7469.6596251    0.125D+00 0.527D-12
                            Exc = -270.195625242      Eck =  7739.85525033    
                              N = 384.00184540    
                          Ediel =-0.361519013331E-01
                            current damping = 0.100
 
          Norm of current diis error: 0.14036E-01
          max. resid. norm for Fia-block=  5.667D-04 for orbital    175a         
          max. resid. fock norm         =  6.831D-04 for orbital    106a         

 ITERATION  ENERGY          1e-ENERGY        2e-ENERGY     NORM[dD(SAO)]  TOL
  10  -3118.2643145381    -16976.190198     7469.6606634    0.635D-01 0.526D-12
                            Exc = -270.191293692      Eck =  7739.85195708    
                              N = 384.00184262    
                          Ediel =-0.359233075165E-01
                            current damping = 0.100
 
          Norm of current diis error: 0.82179E-02
          max. resid. norm for Fia-block=  3.005D-04 for orbital    160a         
          max. resid. fock norm         =  3.968D-04 for orbital    193a         
          mo-orthogonalization: Cholesky decomposition

 ITERATION  ENERGY          1e-ENERGY        2e-ENERGY     NORM[dD(SAO)]  TOL
  11  -3118.2643216511    -16976.176876     7469.6473340    0.468D-01 0.525D-12
                            Exc = -270.191749758      Eck =  7739.83908371    
                              N = 384.00184130    
                          Ediel =-0.359660001182E-01
                            current damping = 0.150
 
          Norm of current diis error: 0.48864E-02
          max. resid. norm for Fia-block=  1.967D-04 for orbital    182a         
          max. resid. fock norm         =  2.484D-04 for orbital    193a         

 ITERATION  ENERGY          1e-ENERGY        2e-ENERGY     NORM[dD(SAO)]  TOL
  12  -3118.2643244356    -16976.199881     7469.6703362    0.339D-01 0.523D-12
                            Exc = -270.192669203      Eck =  7739.86300544    
                              N = 384.00183972    
                          Ediel =-0.358993838594E-01
                            current damping = 0.200
 
          Norm of current diis error: 0.25030E-02
          max. resid. norm for Fia-block=  1.093D-04 for orbital    192a         
          max. resid. fock norm         =  1.660D-04 for orbital    193a         

 ITERATION  ENERGY          1e-ENERGY        2e-ENERGY     NORM[dD(SAO)]  TOL
  13  -3118.2643253548    -16976.194175     7469.6646295    0.400D-01 0.521D-12
                            Exc = -270.192267942      Eck =  7739.85689745    
                              N = 384.00183918    
                          Ediel =-0.358877749514E-01
                            current damping = 0.250
 
          Norm of current diis error: 0.16446E-02
          max. resid. norm for Fia-block=  8.125D-05 for orbital    192a         
          max. resid. fock norm         =  1.496D-04 for orbital   1404a         

 ITERATION  ENERGY          1e-ENERGY        2e-ENERGY     NORM[dD(SAO)]  TOL
  14  -3118.2643257395    -16976.194921     7469.6653751    0.281D-01 0.517D-12
                            Exc = -270.192121042      Eck =  7739.85749619    
                              N = 384.00183888    
                          Ediel =-0.358638306273E-01
                            current damping = 0.300
 
          Norm of current diis error: 0.10381E-02
          max. resid. norm for Fia-block=  6.010D-05 for orbital    192a         
          max. resid. fock norm         =  2.334D-04 for orbital   1404a         

 ITERATION  ENERGY          1e-ENERGY        2e-ENERGY     NORM[dD(SAO)]  TOL
  15  -3118.2643259282    -16976.196820     7469.6672739    0.349D+02 0.603D-12
                            Exc = -270.192348622      Eck =  7739.85962251    
                              N = 384.00183862    
                          Ediel =-0.358592132352E-01
                            current damping = 0.150
 
          Norm of current diis error: 0.70021E-03
          max. resid. norm for Fia-block=  4.285D-05 for orbital    192a         
          max. resid. fock norm         =  4.640D-04 for orbital   1404a         
          mo-orthogonalization: Cholesky decomposition

 ITERATION  ENERGY          1e-ENERGY        2e-ENERGY     NORM[dD(SAO)]  TOL
  16  -3118.2643259924    -16976.198562     7469.6690157    0.298D+00 0.605D-12
                            Exc = -270.192273667      Eck =  7739.86128941    
                              N = 384.00183840    
                          Ediel =-0.358421324339E-01
                            current damping = 0.100
 
          Norm of current diis error: 0.59072E-03
          max. resid. norm for Fia-block=  2.218D-05 for orbital    172a         
          max. resid. fock norm         =  5.205D-04 for orbital   1404a         

 ITERATION  ENERGY          1e-ENERGY        2e-ENERGY     NORM[dD(SAO)]  TOL
  17  -3118.2643260424    -16976.196659     7469.6671129    0.202D+00 0.603D-12
                            Exc = -270.192263230      Eck =  7739.85937609    
                              N = 384.00183837    
                          Ediel =-0.358443254284E-01
                            current damping = 0.150
 
          Norm of current diis error: 0.37791E-03
          max. resid. norm for Fia-block=  2.457D-05 for orbital    192a         
          max. resid. fock norm         =  5.087D-04 for orbital   1404a         

 ITERATION  ENERGY          1e-ENERGY        2e-ENERGY     NORM[dD(SAO)]  TOL
  18  -3118.2643260670    -16976.197957     7469.6684107    0.440D-01 0.612D-12
                            Exc = -270.192288601      Eck =  7739.86069928    
                              N = 384.00183825    
                          Ediel =-0.358367987690E-01
                            current damping = 0.200
 
          Norm of current diis error: 0.21961E-03
          max. resid. norm for Fia-block=  1.387D-05 for orbital    192a         
          max. resid. fock norm         =  3.189D-04 for orbital   1404a         

 ENERGY CONVERGED !

          Overall gridpoints after grid construction =        413107

 ITERATION  ENERGY          1e-ENERGY        2e-ENERGY     NORM[dD(SAO)]  TOL
  19  -3118.2627992079    -16976.197880     7469.6698609    0.529D-01 0.603D-12
                            Exc = -270.190775752      Eck =  7739.86063661    
                              N = 383.99966019    
                          Ediel =-0.358356150893E-01
                            current damping = 0.250
 
          Norm of current diis error: 0.14524E-03
          max. resid. norm for Fia-block=  5.405D-06 for orbital    192a         
          max. resid. fock norm         =  2.055D-04 for orbital   1411a         

 End of SCF iterations

   convergence criteria satisfied after    19 iterations


   *************************************************************************
   cam                                                                      
   *************************************************************************


                  ------------------------------------------ 
                 |  total energy      =  -3118.26279920793  |
                  ------------------------------------------ 
                 :  kinetic energy    =   3102.42858271916  :
                 :  potential energy  =  -6220.69138192710  :
                 :  virial theorem    =      1.99492210326  :
                 :  wavefunction norm =      1.00000000000  :
                  .......................................... 


 <geterg> : there is no data group $energy 


 <skperg> : $end is missing 


 orbitals $scfmo  will be written to file mos

    irrep                188a        189a        190a        191a        192a   
 eigenvalues H         -0.32143    -0.29741    -0.29606    -0.26660    -0.22776
            eV          -8.7466     -8.0931     -8.0562     -7.2547     -6.1976
 occupation              2.0000      2.0000      2.0000      2.0000      2.0000

    irrep                193a        194a        195a        196a        197a   
 eigenvalues H         -0.10082    -0.04104    -0.00732    -0.00307     0.00452
            eV          -2.7434     -1.1168     -0.1993     -0.0836      0.1231
 
 ==============================================================================
                                  COSMO RESULTS
 ==============================================================================
  PARAMETER:
    nppa:      1082
    nspa:        92
    nsph:        32
    nps:       2784
    npspher:   1221
    disex:   10.0000    
    disex2:  4622.12    
    rsolv [A]: 1.3000
    routf:     0.8500
    phsran:    0.0    
    ampran:   0.10E-04
    cavity:  closed
    epsilon:     4.800
    refind:     1.300
    fepsi:      0.7169811
  CAVITY VOLUME/AREA [a.u.]:
    surface: V1.0, A matrix: V1.0
    area:  2482.82
    volume:  5577.01
  SCREENING CHARGE:
    cosmo      :  -0.061868
    correction :   0.059869
    total      :  -0.001998
  ENERGIES [a.u.]:
    Total energy            =   -3118.2627992079342
    Total energy + OC corr. =    -3118.2629243616
    Dielectric energy       =       -0.0358356151
    Diel. energy + OC corr. =       -0.0359607687
  ELEMENT RADIUS [A]: ATOM LIST
    c  2.00: 1-37,39-41,50
    o  1.72: 38,43,45
    n  1.83: 42,47-49
    s  2.16: 44,46
    f  1.72: 51-53
    h  1.30: 54-80
 ==============================================================================
 
 
 
 ==============================================================================
                           electrostatic moments
 ==============================================================================

 reference point for electrostatic moments:    0.00000   0.00000   0.00000

 
              nuc           elec       ->  total
 ------------------------------------------------------------------------------
                          charge      
 ------------------------------------------------------------------------------
         384.000000    -384.000000       0.000000
 
 ------------------------------------------------------------------------------
                       dipole moment  
 ------------------------------------------------------------------------------
   x   -1377.716388    1368.137288      -9.579100
   y    1423.909368   -1424.307618      -0.398250
   z    5308.193129   -5305.315743       2.877386
 
   | dipole moment | =    10.0099 a.u. =    25.4425 debye 
 
 ------------------------------------------------------------------------------
                     quadrupole moment
 ------------------------------------------------------------------------------
  xx   44027.923277  -44326.390839    -298.467562
  yy   20488.201327  -20691.664755    -203.463428
  zz  100952.785044 -101103.050041    -150.264997
  xy  -19112.181811   19073.991691     -38.190120
  xz  -48585.620190   48488.918214     -96.701976
  yz   34323.791985  -34312.211450      11.580536
 
     1/3  trace=    -217.398662
     anisotropy=     223.028088
 
 ==============================================================================
 
HOMO-LUMO Separation
 HOMO         :   -0.22775649 H =     -6.19757 eV
 LUMO         :   -0.10081766 H =     -2.74339 eV
 HOMO-LUMO gap:    0.12693884 H =     +3.45418 eV
 
 ==============================================================================


    ------------------------------------------------------------------------
         total  cpu-time : 11 hours 59 minutes and  1 seconds
         total wall-time : 12 hours  1 minutes and 41 seconds
    ------------------------------------------------------------------------

   ****  ridft : all done  ****


    2025-06-25 01:38:29.163 

 ridft ended normally
