
 eiger (nano03.int-nano.int.kit.edu) : TURBOMOLE rev. V7-6 19 Oct 2021 at 10:10:11 compiled Oct 19th 2021
 Copyright (C) 2021 TURBOMOLE GmbH, Karlsruhe


    2025-03-18 18:35:57.571 

 tcf1-b3                                                                        
  
Total energy =  -1221.3284971290 H =    -33234.0411926 eV
 
 HOMO-LUMO Separation
   HOMO:   101.   101 a     -0.20515066 H =     -5.58243 eV
   LUMO:   102.   102 a     -0.12367161 H =     -3.36528 eV
   Gap :                    +0.08147905 H =     +2.21716 eV
 
Number of MOs=    865, Electrons=    202.00, Symmetry: c1   
 
   Nr.   Orbital    Occupation       Energy
  118.   118 a                     +0.016174 H =        +0.440 eV
  117.   117 a                     +0.012293 H =        +0.334 eV
  116.   116 a                     +0.008115 H =        +0.221 eV
  115.   115 a                     +0.005983 H =        +0.163 eV
  114.   114 a                     +0.004432 H =        +0.121 eV
  113.   113 a                     +0.002987 H =        +0.081 eV
  112.   112 a                     -0.004770 H =        -0.130 eV
  111.   111 a                     -0.006090 H =        -0.166 eV
  110.   110 a                     -0.008663 H =        -0.236 eV
  109.   109 a                     -0.010366 H =        -0.282 eV
  108.   108 a                     -0.013911 H =        -0.379 eV
  107.   107 a                     -0.022750 H =        -0.619 eV
  106.   106 a                     -0.029906 H =        -0.814 eV
  105.   105 a                     -0.031279 H =        -0.851 eV
  104.   104 a                     -0.038655 H =        -1.052 eV
  103.   103 a                     -0.065277 H =        -1.776 eV
  102.   102 a                     -0.123672 H =        -3.365 eV
  101.   101 a        2.000        -0.205151 H =        -5.582 eV
  100.   100 a        2.000        -0.234642 H =        -6.385 eV
   99.    99 a        2.000        -0.257846 H =        -7.016 eV
   98.    98 a        2.000        -0.282460 H =        -7.686 eV
   97.    97 a        2.000        -0.293304 H =        -7.981 eV
   96.    96 a        2.000        -0.318981 H =        -8.680 eV
   95.    95 a        2.000        -0.322192 H =        -8.767 eV
   94.    94 a        2.000        -0.329753 H =        -8.973 eV
   93.    93 a        2.000        -0.331923 H =        -9.032 eV
   92.    92 a        2.000        -0.346860 H =        -9.439 eV
   91.    91 a        2.000        -0.347513 H =        -9.456 eV
   90.    90 a        2.000        -0.354218 H =        -9.639 eV
   89.    89 a        2.000        -0.358347 H =        -9.751 eV
   88.    88 a        2.000        -0.359592 H =        -9.785 eV
   87.    87 a        2.000        -0.361205 H =        -9.829 eV
   86.    86 a        2.000        -0.365309 H =        -9.941 eV


    ------------------------------------------------------------------------
         total  cpu-time :   0.36 seconds
         total wall-time :   0.38 seconds
    ------------------------------------------------------------------------

   ****  eiger : all done  ****


    2025-03-18 18:35:57.928 

