
 eiger (nano15.int-nano.int.kit.edu) : TURBOMOLE rev. V7-6 19 Oct 2021 at 10:10:11 compiled Oct 19th 2021
 Copyright (C) 2021 TURBOMOLE GmbH, Karlsruhe


    2025-04-09 11:07:20.192 

 wb97xd                                                                         
  
Total energy =   -937.9856959189 H =    -25523.8908529 eV
 
 HOMO-LUMO Separation
   HOMO:    77.    77 a     -0.27502310 H =     -7.48376 eV
   LUMO:    78.    78 a     -0.03292369 H =     -0.89590 eV
   Gap :                    +0.24209941 H =     +6.58786 eV
 
Number of MOs=    646, Electrons=    154.00, Symmetry: c1   
 
   Nr.   Orbital    Occupation       Energy
   94.    94 a                     +0.089438 H =        +2.434 eV
   93.    93 a                     +0.082138 H =        +2.235 eV
   92.    92 a                     +0.079678 H =        +2.168 eV
   91.    91 a                     +0.072613 H =        +1.976 eV
   90.    90 a                     +0.068580 H =        +1.866 eV
   89.    89 a                     +0.065402 H =        +1.780 eV
   88.    88 a                     +0.063480 H =        +1.727 eV
   87.    87 a                     +0.058952 H =        +1.604 eV
   86.    86 a                     +0.050456 H =        +1.373 eV
   85.    85 a                     +0.049634 H =        +1.351 eV
   84.    84 a                     +0.046671 H =        +1.270 eV
   83.    83 a                     +0.039514 H =        +1.075 eV
   82.    82 a                     +0.037431 H =        +1.019 eV
   81.    81 a                     +0.028142 H =        +0.766 eV
   80.    80 a                     +0.023985 H =        +0.653 eV
   79.    79 a                     +0.013098 H =        +0.356 eV
   78.    78 a                     -0.032924 H =        -0.896 eV
   77.    77 a        2.000        -0.275023 H =        -7.484 eV
   76.    76 a        2.000        -0.327030 H =        -8.899 eV
   75.    75 a        2.000        -0.336440 H =        -9.155 eV
   74.    74 a        2.000        -0.365323 H =        -9.941 eV
   73.    73 a        2.000        -0.381373 H =       -10.378 eV
   72.    72 a        2.000        -0.400842 H =       -10.907 eV
   71.    71 a        2.000        -0.429570 H =       -11.689 eV
   70.    70 a        2.000        -0.433970 H =       -11.809 eV
   69.    69 a        2.000        -0.435172 H =       -11.842 eV
   68.    68 a        2.000        -0.444529 H =       -12.096 eV
   67.    67 a        2.000        -0.465755 H =       -12.674 eV
   66.    66 a        2.000        -0.469681 H =       -12.781 eV
   65.    65 a        2.000        -0.473846 H =       -12.894 eV
   64.    64 a        2.000        -0.484746 H =       -13.191 eV
   63.    63 a        2.000        -0.486942 H =       -13.250 eV
   62.    62 a        2.000        -0.491777 H =       -13.382 eV


    ------------------------------------------------------------------------
         total  cpu-time :   0.23 seconds
         total wall-time :   0.24 seconds
    ------------------------------------------------------------------------

   ****  eiger : all done  ****


    2025-04-09 11:07:20.420 

