
 ridft (nano21.int-nano.int.kit.edu) : TURBOMOLE rev. V7-6 19 Oct 2021 at 10:10:11 compiled Oct 19th 2021
 Copyright (C) 2021 TURBOMOLE GmbH, Karlsruhe


    2025-04-08 19:36:54.564 



                                  r i d f t

                        DFT program with RI approximation 
                                for coulomb part 




                                                 
                                 References:     
                                                 
          TURBOMOLE:                             
              R. Ahlrichs, M. Baer, M. Haeser, H. Horn, and
              C. Koelmel
              Electronic structure calculations on workstation
              computers: the program system TURBOMOLE
              Chem. Phys. Lett. 162: 165 (1989)
          Density Functional:                              
              O. Treutler and R. Ahlrichs                      
              Efficient Molecular Numerical Integration Schemes
              J. Chem. Phys. 102: 346 (1995)                   
          Parallel Version:                                
              Performance of parallel TURBOMOLE for Density    
              Functional Calculations                          
              M. v. Arnim and R. Ahlrichs                      
              J. Comp. Chem. 19: 1746 (1998)                   
          RI-J Method:                                     
              Auxiliary Basis Sets to approximate Coulomb      
              Potentials                                       
              Chem. Phys. Lett. 240: 283 (1995)                
              K. Eichkorn, O. Treutler, H. Oehm, M. Haeser     
              and R. Ahlrichs                                  
              Chem. Phys. Lett. 242: 652 (1995)                
                                                           
              Auxiliary Basis Sets for Main Row Atoms and their
              Use to approximate Coulomb Potentials            
              K. Eichkorn, F. Weigend, O. Treutler and         
              R. Ahlrichs                                      
              Theo. Chem. Acc. 97: 119 (1997)                   
                                                           
              Accurate Coulomb-fitting basis sets for H to Rn 
              F. Weigend                                        
              Phys. Chem. Chem. Phys. 8: 1057 (2006)            
                                                           
          Multipole accelerated RI-J (MARI-J):             
              Fast evaluation of the Coulomb potential for     
              electron densities using multipole accelerated   
              resolution of identity approximation             
              M. Sierka, A. Hogekamp and R. Ahlrichs           
              J. Chem. Phys. 118: 9136 (2003)                  
          RI-JK Method:                                     
              A fully direct RI-HF algorithm: Implementation,
              optimised auxiliary basis sets, demonstration of
              accuracy and efficiency                         
              F. Weigend                                      
              Phys. Chem. Chem. Phys. 4: 4285 (2002)           
          Two-component HF and DFT with spin-orbit coupling:  
              Self-consistent treatment of spin-orbit         
              interactions with efficient Hartree-Fock and    
              density functional methods                      
              M. K. Armbruster, F. Weigend, C. van Wüllen and 
              W. Klopper                                      
              Phys. Chem. Chem. Phys. 10: 1748 (2008)         
          Two-component difference density and DIIS algorithm 
              Efficient two-component self-consistent field   
              procedures and gradients: implementation in     
              TURBOMOLE and application to Au20-              
              A. Baldes, F. Weigend                           
              Mol. Phys. 111: 2617 (2013)                     
          Relativistic all-electron 2c calculations           
              An efficient implementation of two-component    
              relativistic exact-decoupling methods for large 
              molecules                                       
              D. Peng, N. Middendorf, F. Weigend, M. Reiher   
              J. Chem. Phys. 138: 184105 (2013)               
          Finite nucleus model and SNSO approximation         
              Efficient implementation of one- and two-       
              component analytical energy gradients in exact  
              two-component theory                            
              Y. J. Franzke, N. Middendorf, F. Weigend        
              J. Chem. Phys. 148: 104110 (2018)               
          Grids for all-electron relativistic methods         
              Error-consistent segmented contracted all-      
              electron relativistic basis sets of double-     
              and triple-zeta quality for NMR shielding       
              constants                                       
              Y. J. Franzke, R. Tress, T. M. Pazdera,         
              F. Weigend                                      
              Phys. Chem. Chem. Phys. 21: 166658 (2019)       
          Seminumerical exchange algorithms                   
              Seminumerical calculation of the Hartree-Fock   
              exchange matirx: Application to two-component   
              procedures and efficient evaluation of local    
              hybrid functionsl                               
               P. Plessow, F. Weigend,                        
              J. Comput. Chem. 33: 810 (2012)                 
          Improved seminumerical algorithms                   
              C. Holzer,                                      
              J. Chem. Phys. 153 (2020), 184115               
                                         




              +--------------------------------------------------+
              |      general information about current run       |
              +--------------------------------------------------+

 
 PBE0 hybrid functional
 exchange:    3/4 (LDA+PBE) + 1/4 HF
 correlation: LDA (PW) + PBE
 A Hybrid-DFT calculation using the RI-J approximation will be carried out.
 Allocatable memory for RI due to $ricore (MB):                  2000

   *************************************************************************
   pbe0                                                                     
   *************************************************************************




              +--------------------------------------------------+
              | Atomic coordinate, charge and isotop information |
              +--------------------------------------------------+

                    atomic coordinates            atom    charge  isotop
        -13.69369143    5.69834176   -0.42859113    c      6.000     0
        -11.32633965    6.92856423   -0.41307367    c      6.000     0
         -9.07701048    5.60421181   -0.25559866    c      6.000     0
         -9.06925642    2.94412036   -0.10111242    c      6.000     0
         -6.77021485    1.53319105    0.10093012    c      6.000     0
         -6.78261364   -1.04442339    0.25138894    c      6.000     0
         -9.08906749   -2.47443597    0.19601767    c      6.000     0
         -9.11866195   -5.17804816    0.32828845    c      6.000     0
        -11.49308160   -6.40134601    0.30018727    c      6.000     0
        -13.74762769   -5.07458068    0.17421147    c      6.000     0
        -13.77283409   -2.41816259    0.02648382    c      6.000     0
        -16.07020385   -1.00644557   -0.16011330    c      6.000     0
        -16.06981214    1.57065859   -0.31775099    c      6.000     0
        -13.75772970    2.99761768   -0.28177013    c      6.000     0
        -11.42178163    1.61517443   -0.11772895    c      6.000     0
        -11.42107060   -1.09438442    0.03202725    c      6.000     0
        -16.02408134    7.17101178   -0.56088823    c      6.000     0
         -6.77974280   -6.64126801    0.46388658    c      6.000     0
        -16.24334262    9.64544576   -1.20105853    c      6.000     0
         -6.58428107   -9.04081460    1.35336930    c      6.000     0
        -18.61196059   10.92897682   -1.21601074    c      6.000     0
         -4.45179164  -10.51472980    1.31190300    n      7.000     0
        -20.52708185   12.00959759   -1.22766390    n      7.000     0
        -11.26087142    8.98999888   -0.47445299    h      1.000     0
         -7.27808135    6.61968244   -0.22365114    h      1.000     0
         -4.98204772    2.56791167    0.14649585    h      1.000     0
         -4.98558951   -2.03419056    0.43833755    h      1.000     0
        -11.55919780   -8.46411484    0.31213361    h      1.000     0
        -15.54264506   -6.09896075    0.14117758    h      1.000     0
        -17.86009229   -2.03994230   -0.18550678    h      1.000     0
        -17.87521708    2.54665455   -0.48865022    h      1.000     0
        -17.77834459    6.19399473   -0.08544206    h      1.000     0
         -5.04374075   -5.74333502   -0.20919143    h      1.000     0
        -14.60745827   10.77717739   -1.76323571    h      1.000     0
         -8.23627215   -9.99701093    2.15281500    h      1.000     0
         -4.32152377  -11.95959550    2.55866795    h      1.000     0
         -2.78101252   -9.69314131    0.85782886    h      1.000     0
 
       center of nuclear mass  :  -11.75767278    0.67196611   -0.05965733
       center of nuclear charge:  -11.69162755    0.58253008   -0.04671711

              +--------------------------------------------------+
              |               basis set information              |
              +--------------------------------------------------+

              we will work with the 1s 3p 5d 7f 9g ... basis set
              ...i.e. with spherical basis functions...

   type   atoms  prim   cont   basis
   ---------------------------------------------------------------------------
    c       21     43     23   aug-cc-pVDZ   [4s3p2d|18s5p2d]
    n        2     43     23   aug-cc-pVDZ   [4s3p2d|18s5p2d]
    h       14     11      9   aug-cc-pVDZ   [3s2p|5s2p]
   ---------------------------------------------------------------------------
   total:   37   1143    655
   ---------------------------------------------------------------------------

   total number of primitive shells          :   57
   total number of contracted shells         :  277
   total number of cartesian basis functions :  701
   total number of SCF-basis functions       :  655


 integral neglect threshold       :  0.48E-11
 integral storage threshold THIZE :  0.10E-04
 integral storage threshold THIME :         5

 RI-J AUXILIARY BASIS SET information:

              we will work with the 1s 3p 5d 7f 9g ... basis set
              ...i.e. with spherical basis functions...

   type   atoms  prim   cont   basis
   ---------------------------------------------------------------------------
    c       21     70     49   aug-cc-pVDZ   [6s4p3d1f1g|12s5p4d2f1g]
    n        2     70     49   aug-cc-pVDZ   [6s4p3d1f1g|12s5p4d2f1g]
    h       14     16     11   aug-cc-pVDZ   [3s1p1d|5s2p1d]
   ---------------------------------------------------------------------------
   total:   37   1834   1281
   ---------------------------------------------------------------------------

   total number of primitive shells          :   56
   total number of contracted shells         :  415
   total number of cartesian basis functions : 1571
   total number of SCF-basis functions       : 1281


 symmetry group of the molecule :   c1 

 the group has the following generators :
   c1(z)

    1 symmetry operations found

 there are 1 real representations :   a   

 maximum number of shells which are related by symmetry :  1

  
           ------------------
           density functional
           ------------------
 PBE0 hybrid functional
 exchange:    3/4 (LDA+PBE) + 1/4 HF
 correlation: LDA (PW) + PBE

 iterations will be done with small grid
  
 spherical integration : Lebedev's spherical grid
 spherical gridsize    :                     3
    i.e. gridpoints    :                   302
 value for diffuse not defined
 radial integration    : Chebyshev 2nd kind (scaling 3)
 radial gridsize       :                     3
 integration cells     :                    37
 partition function    : becke
 partition sharpness   :                     3
  

 biggest AO integral is expected to be     4.122252735

          ------------------------
          nuclear repulsion energy  :   1622.86676029    
          ------------------------


         -----------------
         -S,T+V- integrals
         -----------------

 1e-integrals will be neglected if expon. factor < 0.476742E-12
 
   Difference densities algorithm switched on.
   The maximal number of linear combinations of
   difference densities is                    20 .

 DIIS switched on: error vector is FDS-SDF
 Max. Iterations for DIIS is     :   4
 DIIS matrix (see manual) 
    Scaling factor of diagonals  :  1.200
    threshold for scaling factor :  0.000

 scf convergence criterion : increment of total energy < .1000000D-06
                  and increment of one-electron energy < .1000000D-03

 MOs are in ASCII format !


    mo occupation :
   irrep   mo's   occupied
    a      655       77
 
 number of basis functions   :   655
 number of occupied orbitals :    77
 

 reading orbital data $scfmo  from file mos
 orbital characterization : expanded
 virtual MOs provided and orthogonalized by Cholesky decomposition

 automatic virtual orbital shift switched on 
      shift if e(lumo)-e(homo) < 0.10000000    

  
           ------------------------
               RI-J - INFORMATION
           ------------------------
 Contributions to RI integral batches: 
  neglected integral batches:                  6490
  direct contribution:                         3608
  memory contribution:                 28405
 Memory core needed for (P|Q) and Cholesky     13 MByte
 Memory core minimum needed except of (P|Q)     2 MByte
 Total minimum memory core needed (sum)        15 MByte
  
 ****************************************
 Memory allocated for RI-J  1908 MByte
 ****************************************
                                            

 DSCF restart information will be dumped onto file mos


 Starting SCF iterations

          Overall gridpoints after grid construction =         51335

 ITERATION  ENERGY          1e-ENERGY        2e-ENERGY     NORM[dD(SAO)]  TOL
   1  -914.28139186978    -4427.1353457     1889.9871935    0.000D+00 0.476D-11
                            Exc = -98.0082581920     Coul =  2018.98503387    
                            exK = -30.9895821838    
                              N = 153.99420930    
                            current damping = 0.300
 
          max. resid. norm for Fia-block=  3.140D-01 for orbital     45a         
          max. resid. fock norm         =  1.400D+00 for orbital    614a         

 ITERATION  ENERGY          1e-ENERGY        2e-ENERGY     NORM[dD(SAO)]  TOL
   2  -916.87897063252    -4461.4860625     1921.7403316    0.224D+03 0.122D-11
                            Exc = -99.8005977040      Eck =  2021.54092930    
                              N = 153.99644877    
                            current damping = 0.250
 
          Norm of current diis error:  2.4696    
          max. resid. norm for Fia-block=  1.751D-01 for orbital     75a         
          max. resid. fock norm         =  3.205D-01 for orbital    608a         

 ITERATION  ENERGY          1e-ENERGY        2e-ENERGY     NORM[dD(SAO)]  TOL
   3  -916.93832546044    -4458.8308987     1919.0258129    0.745D+02 0.120D-11
                            Exc = -100.133013417      Eck =  2019.15882635    
                              N = 153.99681808    
                            current damping = 0.200
 
          Norm of current diis error:  2.0094    
          max. resid. norm for Fia-block=  9.653D-02 for orbital     25a         
          max. resid. fock norm         =  1.202D-01 for orbital     25a         

 ITERATION  ENERGY          1e-ENERGY        2e-ENERGY     NORM[dD(SAO)]  TOL
   4  -917.16628066731    -4460.5368857     1920.5038447    0.159D+02 0.119D-11
                            Exc = -99.9903498546      Eck =  2020.49419460    
                              N = 153.99687395    
                            current damping = 0.250
 
          Norm of current diis error: 0.80248    
          max. resid. norm for Fia-block=  3.552D-02 for orbital     70a         
          max. resid. fock norm         =  4.116D-02 for orbital     70a         

 ITERATION  ENERGY          1e-ENERGY        2e-ENERGY     NORM[dD(SAO)]  TOL
   5  -917.20217565659    -4463.0420044     1922.9730685    0.660D+01 0.116D-11
                            Exc = -100.128037397      Eck =  2023.10110586    
                              N = 153.99693029    
                            current damping = 0.150
 
          Norm of current diis error: 0.20892    
          max. resid. norm for Fia-block=  6.569D-03 for orbital     24a         
          max. resid. fock norm         =  1.305D-02 for orbital     47a         
          mo-orthogonalization: Cholesky decomposition

 ITERATION  ENERGY          1e-ENERGY        2e-ENERGY     NORM[dD(SAO)]  TOL
   6  -917.20319803023    -4462.0250702     1921.9551119    0.306D+01 0.117D-11
                            Exc = -100.130759015      Eck =  2022.08587091    
                              N = 153.99699069    
                            current damping = 0.200
 
          Norm of current diis error: 0.14779    
          max. resid. norm for Fia-block=  3.364D-03 for orbital     75a         
          max. resid. fock norm         =  6.253D-03 for orbital     33a         

 ITERATION  ENERGY          1e-ENERGY        2e-ENERGY     NORM[dD(SAO)]  TOL
   7  -917.20420984058    -4462.2546211     1922.1836510    0.103D+01 0.117D-11
                            Exc = -100.118690780      Eck =  2022.30234178    
                              N = 153.99696882    
                            current damping = 0.250
 
          Norm of current diis error: 0.39097E-01
          max. resid. norm for Fia-block=  1.161D-03 for orbital     63a         
          max. resid. fock norm         =  1.817D-03 for orbital     33a         

 ITERATION  ENERGY          1e-ENERGY        2e-ENERGY     NORM[dD(SAO)]  TOL
   8  -917.20426283881    -4462.3062442     1922.2352211    0.280D+00 0.117D-11
                            Exc = -100.120842328      Eck =  2022.35606341    
                              N = 153.99697349    
                            current damping = 0.100
 
          Norm of current diis error: 0.19991E-01
          max. resid. norm for Fia-block=  6.899D-04 for orbital     26a         
          max. resid. fock norm         =  1.145D-03 for orbital     66a         

 ITERATION  ENERGY          1e-ENERGY        2e-ENERGY     NORM[dD(SAO)]  TOL
   9  -917.20427576753    -4462.3067765     1922.2357405    0.137D+00 0.117D-11
                            Exc = -100.123019120      Eck =  2022.35875959    
                              N = 153.99697349    
                            current damping = 0.100
 
          Norm of current diis error: 0.11739E-01
          max. resid. norm for Fia-block=  4.813D-04 for orbital     69a         
          max. resid. fock norm         =  5.667D-04 for orbital     66a         

 ITERATION  ENERGY          1e-ENERGY        2e-ENERGY     NORM[dD(SAO)]  TOL
  10  -917.20428297013    -4462.3166373     1922.2455941    0.586D-01 0.117D-11
                            Exc = -100.122045049      Eck =  2022.36763913    
                              N = 153.99697351    
                            current damping = 0.100
 
          Norm of current diis error: 0.43590E-02
          max. resid. norm for Fia-block=  1.405D-04 for orbital     69a         
          max. resid. fock norm         =  2.108D-04 for orbital    654a         
          mo-orthogonalization: Cholesky decomposition

 ITERATION  ENERGY          1e-ENERGY        2e-ENERGY     NORM[dD(SAO)]  TOL
  11  -917.20428391455    -4462.3007147     1922.2296705    0.370D-01 0.117D-11
                            Exc = -100.121708756      Eck =  2022.35137928    
                              N = 153.99697352    
                            current damping = 0.150
 
          Norm of current diis error: 0.16238E-02
          max. resid. norm for Fia-block=  3.967D-05 for orbital     69a         
          max. resid. fock norm         =  1.446D-04 for orbital    653a         

 ITERATION  ENERGY          1e-ENERGY        2e-ENERGY     NORM[dD(SAO)]  TOL
  12  -917.20428403183    -4462.3060883     1922.2350440    0.337D-01 0.116D-11
                            Exc = -100.121889947      Eck =  2022.35693396    
                              N = 153.99697356    
                            current damping = 0.200
 
          Norm of current diis error: 0.55757E-03
          max. resid. norm for Fia-block=  1.350D-05 for orbital     77a         
          max. resid. fock norm         =  2.803D-04 for orbital    651a         

 ITERATION  ENERGY          1e-ENERGY        2e-ENERGY     NORM[dD(SAO)]  TOL
  13  -917.20428403296    -4462.3066913     1922.2356470    0.317D-01 0.116D-11
                            Exc = -100.121920261      Eck =  2022.35756724    
                              N = 153.99697360    
                            current damping = 0.100
 
          Norm of current diis error: 0.21006E-03
          max. resid. norm for Fia-block=  6.146D-06 for orbital     69a         
          max. resid. fock norm         =  2.768D-04 for orbital    651a         

 ITERATION  ENERGY          1e-ENERGY        2e-ENERGY     NORM[dD(SAO)]  TOL
  14  -917.20428411043    -4462.3058306     1922.2347862    0.413D+02 0.136D-11
                            Exc = -100.121880630      Eck =  2022.35666686    
                              N = 153.99697359    
                            current damping = 0.150
 
          Norm of current diis error: 0.12018E-03
          max. resid. norm for Fia-block=  5.104D-06 for orbital     26a         
          max. resid. fock norm         =  8.557D-04 for orbital    651a         

 ENERGY CONVERGED !

          Overall gridpoints after grid construction =        186527

 ITERATION  ENERGY          1e-ENERGY        2e-ENERGY     NORM[dD(SAO)]  TOL
  15  -917.20565704265    -4462.3060313     1922.2336140    0.103D+00 0.141D-11
                            Exc = -100.123261912      Eck =  2022.35687592    
                              N = 153.99989541    
                            current damping = 0.200
 
          Norm of current diis error: 0.44472E-04
          max. resid. norm for Fia-block=  4.003D-06 for orbital     58a         
          max. resid. fock norm         =  8.077D-04 for orbital    653a         

 End of SCF iterations

   convergence criteria satisfied after    15 iterations


   *************************************************************************
   pbe0                                                                     
   *************************************************************************


                  ------------------------------------------ 
                 |  total energy      =   -917.20565704265  |
                  ------------------------------------------ 
                 :  kinetic energy    =    911.89055376406  :
                 :  potential energy  =  -1829.09621080671  :
                 :  virial theorem    =      1.99420511285  :
                 :  wavefunction norm =      1.00000000000  :
                  .......................................... 


 <geterg> : there is no data group $energy 


 <skperg> : $end is missing 


 orbitals $scfmo  will be written to file mos

    irrep                 73a         74a         75a         76a         77a   
 eigenvalues H         -0.28896    -0.27803    -0.25438    -0.24242    -0.20084
            eV          -7.8631     -7.5656     -6.9221     -6.5968     -5.4653
 occupation              2.0000      2.0000      2.0000      2.0000      2.0000

    irrep                 78a         79a         80a         81a         82a   
 eigenvalues H         -0.08946    -0.05051    -0.04032    -0.02041    -0.01823
            eV          -2.4344     -1.3745     -1.0971     -0.5555     -0.4962
 
 
 
 
 ==============================================================================
                           electrostatic moments
 ==============================================================================

 reference point for electrostatic moments:    0.00000   0.00000   0.00000

 
              nuc           elec       ->  total
 ------------------------------------------------------------------------------
                          charge      
 ------------------------------------------------------------------------------
         154.000000    -154.000000      -0.000000
 
 ------------------------------------------------------------------------------
                       dipole moment  
 ------------------------------------------------------------------------------
   x   -1800.510643    1803.299404       2.788762
   y      89.709632     -92.743148      -3.033516
   z      -7.194435       7.789667       0.595232
 
   | dipole moment | =     4.1634 a.u. =    10.5822 debye 
 
 ------------------------------------------------------------------------------
                     quadrupole moment
 ------------------------------------------------------------------------------
  xx   24011.519801  -24175.688041    -164.168239
  yy    6375.930793   -6476.213245    -100.282452
  zz      76.199049    -180.026535    -103.827485
  xy   -3950.440760    4001.277122      50.836361
  xz     455.092936    -461.266560      -6.173623
  yz    -636.070024     630.892356      -5.177668
 
     1/3  trace=    -122.759392
     anisotropy=     108.698006
 
 ==============================================================================
 
HOMO-LUMO Separation
 HOMO         :   -0.20084333 H =     -5.46523 eV
 LUMO         :   -0.08946340 H =     -2.43442 eV
 HOMO-LUMO gap:    0.11137993 H =     +3.03080 eV
 
 ==============================================================================


    ------------------------------------------------------------------------
         total  cpu-time :  1 hours 11 minutes and 31 seconds
         total wall-time :  1 hours 13 minutes and 29 seconds
    ------------------------------------------------------------------------

   ****  ridft : all done  ****


    2025-04-08 20:50:24.000 

 ridft ended normally
