
 eiger (nano14.int-nano.int.kit.edu) : TURBOMOLE rev. V7-6 19 Oct 2021 at 10:10:11 compiled Oct 19th 2021
 Copyright (C) 2021 TURBOMOLE GmbH, Karlsruhe


    2025-03-22 13:30:31.716 

 pbe0                                                                           
  
Total energy =  -1104.0724636940 H =    -30043.3420036 eV
 
 HOMO-LUMO Separation
   HOMO:    90.    90 a     -0.19681746 H =     -5.35568 eV
   LUMO:    91.    91 a     -0.10762959 H =     -2.92875 eV
   Gap :                    +0.08918786 H =     +2.42693 eV
 
Number of MOs=    760, Electrons=    180.00, Symmetry: c1   
 
   Nr.   Orbital    Occupation       Energy
  107.   107 a                     +0.030538 H =        +0.831 eV
  106.   106 a                     +0.029675 H =        +0.807 eV
  105.   105 a                     +0.029112 H =        +0.792 eV
  104.   104 a                     +0.025740 H =        +0.700 eV
  103.   103 a                     +0.021952 H =        +0.597 eV
  102.   102 a                     +0.019568 H =        +0.532 eV
  101.   101 a                     +0.014693 H =        +0.400 eV
  100.   100 a                     +0.014305 H =        +0.389 eV
   99.    99 a                     +0.009231 H =        +0.251 eV
   98.    98 a                     +0.003176 H =        +0.086 eV
   97.    97 a                     -0.002513 H =        -0.068 eV
   96.    96 a                     -0.006780 H =        -0.184 eV
   95.    95 a                     -0.011775 H =        -0.320 eV
   94.    94 a                     -0.022073 H =        -0.601 eV
   93.    93 a                     -0.042035 H =        -1.144 eV
   92.    92 a                     -0.047747 H =        -1.299 eV
   91.    91 a                     -0.107630 H =        -2.929 eV
   90.    90 a        2.000        -0.196817 H =        -5.356 eV
   89.    89 a        2.000        -0.248138 H =        -6.752 eV
   88.    88 a        2.000        -0.278178 H =        -7.570 eV
   87.    87 a        2.000        -0.316116 H =        -8.602 eV
   86.    86 a        2.000        -0.319009 H =        -8.681 eV
   85.    85 a        2.000        -0.341467 H =        -9.292 eV
   84.    84 a        2.000        -0.350971 H =        -9.550 eV
   83.    83 a        2.000        -0.352796 H =        -9.600 eV
   82.    82 a        2.000        -0.358028 H =        -9.742 eV
   81.    81 a        2.000        -0.358526 H =        -9.756 eV
   80.    80 a        2.000        -0.368281 H =       -10.021 eV
   79.    79 a        2.000        -0.368848 H =       -10.037 eV
   78.    78 a        2.000        -0.374173 H =       -10.182 eV
   77.    77 a        2.000        -0.377689 H =       -10.277 eV
   76.    76 a        2.000        -0.386007 H =       -10.504 eV
   75.    75 a        2.000        -0.388267 H =       -10.565 eV


    ------------------------------------------------------------------------
         total  cpu-time :   0.29 seconds
         total wall-time :   0.31 seconds
    ------------------------------------------------------------------------

   ****  eiger : all done  ****


    2025-03-22 13:30:32.001 

