
 ridft (nano14.int-nano.int.kit.edu) : TURBOMOLE rev. V7-6 19 Oct 2021 at 10:10:11 compiled Oct 19th 2021
 Copyright (C) 2021 TURBOMOLE GmbH, Karlsruhe


    2025-03-22 12:10:05.363 



                                  r i d f t

                        DFT program with RI approximation 
                                for coulomb part 




                                                 
                                 References:     
                                                 
          TURBOMOLE:                             
              R. Ahlrichs, M. Baer, M. Haeser, H. Horn, and
              C. Koelmel
              Electronic structure calculations on workstation
              computers: the program system TURBOMOLE
              Chem. Phys. Lett. 162: 165 (1989)
          Density Functional:                              
              O. Treutler and R. Ahlrichs                      
              Efficient Molecular Numerical Integration Schemes
              J. Chem. Phys. 102: 346 (1995)                   
          Parallel Version:                                
              Performance of parallel TURBOMOLE for Density    
              Functional Calculations                          
              M. v. Arnim and R. Ahlrichs                      
              J. Comp. Chem. 19: 1746 (1998)                   
          RI-J Method:                                     
              Auxiliary Basis Sets to approximate Coulomb      
              Potentials                                       
              Chem. Phys. Lett. 240: 283 (1995)                
              K. Eichkorn, O. Treutler, H. Oehm, M. Haeser     
              and R. Ahlrichs                                  
              Chem. Phys. Lett. 242: 652 (1995)                
                                                           
              Auxiliary Basis Sets for Main Row Atoms and their
              Use to approximate Coulomb Potentials            
              K. Eichkorn, F. Weigend, O. Treutler and         
              R. Ahlrichs                                      
              Theo. Chem. Acc. 97: 119 (1997)                   
                                                           
              Accurate Coulomb-fitting basis sets for H to Rn 
              F. Weigend                                        
              Phys. Chem. Chem. Phys. 8: 1057 (2006)            
                                                           
          Multipole accelerated RI-J (MARI-J):             
              Fast evaluation of the Coulomb potential for     
              electron densities using multipole accelerated   
              resolution of identity approximation             
              M. Sierka, A. Hogekamp and R. Ahlrichs           
              J. Chem. Phys. 118: 9136 (2003)                  
          RI-JK Method:                                     
              A fully direct RI-HF algorithm: Implementation,
              optimised auxiliary basis sets, demonstration of
              accuracy and efficiency                         
              F. Weigend                                      
              Phys. Chem. Chem. Phys. 4: 4285 (2002)           
          Two-component HF and DFT with spin-orbit coupling:  
              Self-consistent treatment of spin-orbit         
              interactions with efficient Hartree-Fock and    
              density functional methods                      
              M. K. Armbruster, F. Weigend, C. van Wüllen and 
              W. Klopper                                      
              Phys. Chem. Chem. Phys. 10: 1748 (2008)         
          Two-component difference density and DIIS algorithm 
              Efficient two-component self-consistent field   
              procedures and gradients: implementation in     
              TURBOMOLE and application to Au20-              
              A. Baldes, F. Weigend                           
              Mol. Phys. 111: 2617 (2013)                     
          Relativistic all-electron 2c calculations           
              An efficient implementation of two-component    
              relativistic exact-decoupling methods for large 
              molecules                                       
              D. Peng, N. Middendorf, F. Weigend, M. Reiher   
              J. Chem. Phys. 138: 184105 (2013)               
          Finite nucleus model and SNSO approximation         
              Efficient implementation of one- and two-       
              component analytical energy gradients in exact  
              two-component theory                            
              Y. J. Franzke, N. Middendorf, F. Weigend        
              J. Chem. Phys. 148: 104110 (2018)               
          Grids for all-electron relativistic methods         
              Error-consistent segmented contracted all-      
              electron relativistic basis sets of double-     
              and triple-zeta quality for NMR shielding       
              constants                                       
              Y. J. Franzke, R. Tress, T. M. Pazdera,         
              F. Weigend                                      
              Phys. Chem. Chem. Phys. 21: 166658 (2019)       
          Seminumerical exchange algorithms                   
              Seminumerical calculation of the Hartree-Fock   
              exchange matirx: Application to two-component   
              procedures and efficient evaluation of local    
              hybrid functionsl                               
               P. Plessow, F. Weigend,                        
              J. Comput. Chem. 33: 810 (2012)                 
          Improved seminumerical algorithms                   
              C. Holzer,                                      
              J. Chem. Phys. 153 (2020), 184115               
                                         




              +--------------------------------------------------+
              |      general information about current run       |
              +--------------------------------------------------+

 
 PBE0 hybrid functional
 exchange:    3/4 (LDA+PBE) + 1/4 HF
 correlation: LDA (PW) + PBE
 A Hybrid-DFT calculation using the RI-J approximation will be carried out.
 Allocatable memory for RI due to $ricore (MB):                  2000

   *************************************************************************
   pbe0                                                                     
   *************************************************************************




              +--------------------------------------------------+
              | Atomic coordinate, charge and isotop information |
              +--------------------------------------------------+

                    atomic coordinates            atom    charge  isotop
          0.34611902    0.75399373    4.54864543    c      6.000     0
         -1.51109039   -3.03520327    3.09647556    c      6.000     0
         -1.90113081   -3.82930908    5.51402090    c      6.000     0
          0.00288240    0.05792011    7.00545323    c      6.000     0
         -1.16313947   -2.32324139    7.66936466    c      6.000     0
         -1.58112213   -3.18161358   10.13051524    c      6.000     0
         -0.95363687   -1.89740295   12.37852078    c      6.000     0
          0.75937624    1.65297840   21.95867161    c      6.000     0
         -0.47133832   -0.94240699   21.70472795    c      6.000     0
         -0.89203463   -1.84819864   24.14317725    c      6.000     0
         -0.00497829    0.01108494   25.93558664    c      6.000     0
          0.01443845    0.03010031   28.55438252    c      6.000     0
          0.00697063    0.01293461   -0.05728535    c      6.000     0
         -0.39017175   -0.74770756    2.56139621    n      7.000     0
          3.47454116    1.75381324   20.95426706    c      6.000     0
         -0.88748399    3.81885852   20.96500940    c      6.000     0
          0.93271779    2.00183186   24.68510667    o      8.000     0
         -2.01614861   -4.22888298   24.67378249    c      6.000     0
         -0.94527918   -2.00833724   30.03750175    c      6.000     0
          1.03303296    2.16610500   29.85823572    c      6.000     0
         -2.94786731   -6.20326222   24.92198951    n      7.000     0
         -1.70561275   -3.62456236   31.31798584    n      7.000     0
          1.85735304    3.89304406   30.93905796    n      7.000     0
         -1.37858393   -2.78725816   14.80166632    c      6.000     0
         -0.71067138   -1.41557608   16.99609189    c      6.000     0
         -1.09716006   -2.23748505   19.44625862    c      6.000     0
          1.22730682    2.54783912    4.03775400    h      1.000     0
         -2.06619952   -4.16809635    1.46373329    h      1.000     0
         -2.80027781   -5.66182545    5.81707420    h      1.000     0
          0.64147509    1.36202029    8.46696344    h      1.000     0
         -2.48382106   -5.03367822   10.32544314    h      1.000     0
         -0.05269086   -0.03649817   12.22341489    h      1.000     0
          0.87501179    1.89556670   -0.10441096    h      1.000     0
          1.27266157   -1.32161209   -1.03562585    h      1.000     0
         -1.80184611    0.09470419   -1.08582095    h      1.000     0
          3.51743775    1.59398720   18.88367015    h      1.000     0
          4.34610949    3.56073573   21.50206824    h      1.000     0
          4.60600145    0.20535843   21.75613304    h      1.000     0
         -1.04370424    3.75508480   18.89501172    h      1.000     0
         -2.79973980    3.70861870   21.77160933    h      1.000     0
         -0.04190335    5.63656113   21.51648307    h      1.000     0
         -2.27352856   -4.64006338   15.04541189    h      1.000     0
          0.17553893    0.42743829   16.67659022    h      1.000     0
         -1.98353950   -4.09058904   19.70428806    h      1.000     0
 
       center of nuclear mass  :   -0.43523215   -0.86354163   17.74857941
       center of nuclear charge:   -0.41548156   -0.82105538   17.46341149

              +--------------------------------------------------+
              |               basis set information              |
              +--------------------------------------------------+

              we will work with the 1s 3p 5d 7f 9g ... basis set
              ...i.e. with spherical basis functions...

   type   atoms  prim   cont   basis
   ---------------------------------------------------------------------------
    c       21     43     23   aug-cc-pVDZ   [4s3p2d|18s5p2d]
    n        4     43     23   aug-cc-pVDZ   [4s3p2d|18s5p2d]
    o        1     43     23   aug-cc-pVDZ   [4s3p2d|18s5p2d]
    h       18     11      9   aug-cc-pVDZ   [3s2p|5s2p]
   ---------------------------------------------------------------------------
   total:   44   1316    760
   ---------------------------------------------------------------------------

   total number of primitive shells          :   82
   total number of contracted shells         :  324
   total number of cartesian basis functions :  812
   total number of SCF-basis functions       :  760


 integral neglect threshold       :  0.41E-11
 integral storage threshold THIZE :  0.10E-04
 integral storage threshold THIME :         5

 RI-J AUXILIARY BASIS SET information:

              we will work with the 1s 3p 5d 7f 9g ... basis set
              ...i.e. with spherical basis functions...

   type   atoms  prim   cont   basis
   ---------------------------------------------------------------------------
    c       21     70     49   aug-cc-pVDZ   [6s4p3d1f1g|12s5p4d2f1g]
    n        4     70     49   aug-cc-pVDZ   [6s4p3d1f1g|12s5p4d2f1g]
    o        1     70     49   aug-cc-pVDZ   [6s4p3d1f1g|12s5p4d2f1g]
    h       18     16     11   aug-cc-pVDZ   [3s1p1d|5s2p1d]
   ---------------------------------------------------------------------------
   total:   44   2108   1472
   ---------------------------------------------------------------------------

   total number of primitive shells          :   80
   total number of contracted shells         :  480
   total number of cartesian basis functions : 1802
   total number of SCF-basis functions       : 1472


 symmetry group of the molecule :   c1 

 the group has the following generators :
   c1(z)

    1 symmetry operations found

 there are 1 real representations :   a   

 maximum number of shells which are related by symmetry :  1

 ==============================================================================
                      COSMO switched on
 ==============================================================================
 COSMO stati: segments per atom: H   32 other atoms   92
 COSMO statistics: nps   1654 npspher:    718
 COSMO surface:
   number of segments: 1654
   area (bohr**2):     1431.309459
   volume (bohr**3):   2944.821597
 COSMO: check number of disjunct cavities:

       ... OK contiguous cavity found
  
           ------------------
           density functional
           ------------------
 PBE0 hybrid functional
 exchange:    3/4 (LDA+PBE) + 1/4 HF
 correlation: LDA (PW) + PBE

 iterations will be done with small grid
  
 spherical integration : Lebedev's spherical grid
 spherical gridsize    :                     3
    i.e. gridpoints    :                   302
 value for diffuse not defined
 radial integration    : Chebyshev 2nd kind (scaling 3)
 radial gridsize       :                     3
 integration cells     :                    44
 partition function    : becke
 partition sharpness   :                     3
  

 biggest AO integral is expected to be     4.738267915

          ------------------------
          nuclear repulsion energy  :   1911.33931737    
          ------------------------


         -----------------
         -S,T+V- integrals
         -----------------

 1e-integrals will be neglected if expon. factor < 0.411572E-12
 
   Difference densities algorithm switched on.
   The maximal number of linear combinations of
   difference densities is                    20 .

 DIIS switched on: error vector is FDS-SDF
 Max. Iterations for DIIS is     :   4
 DIIS matrix (see manual) 
    Scaling factor of diagonals  :  1.200
    threshold for scaling factor :  0.000

 scf convergence criterion : increment of total energy < .1000000D-06
                  and increment of one-electron energy < .1000000D-03

 MOs are in ASCII format !


    mo occupation :
   irrep   mo's   occupied
    a      760       90
 
 number of basis functions   :   760
 number of occupied orbitals :    90
 

 reading orbital data $scfmo  from file mos
 orbital characterization : expanded
 virtual MOs provided and orthogonalized by Cholesky decomposition

 automatic virtual orbital shift switched on 
      shift if e(lumo)-e(homo) < 0.10000000    

  
           ------------------------
               RI-J - INFORMATION
           ------------------------
 Contributions to RI integral batches: 
  neglected integral batches:                 14654
  direct contribution:                        10339
  memory contribution:                 27657
 Memory core needed for (P|Q) and Cholesky     17 MByte
 Memory core minimum needed except of (P|Q)     2 MByte
 Total minimum memory core needed (sum)        19 MByte
  
 ****************************************
 Memory allocated for RI-J  1787 MByte
 ****************************************
                                            

 DSCF restart information will be dumped onto file mos


 Starting SCF iterations

          Overall gridpoints after grid construction =         60325

 ITERATION  ENERGY          1e-ENERGY        2e-ENERGY     NORM[dD(SAO)]  TOL
   1  -1099.4558888037    -5243.1353090     2232.3401028    0.000D+00 0.411D-11
                            Exc = -115.720046411     Coul =  2384.69353480    
                            exK = -36.6333855579    
                              N = 179.99062009    
                          Ediel =-0.208321290025    
                            current damping = 0.300
 
          max. resid. norm for Fia-block=  3.768D-01 for orbital     81a         
          max. resid. fock norm         =  1.366D+00 for orbital    749a         

 ITERATION  ENERGY          1e-ENERGY        2e-ENERGY     NORM[dD(SAO)]  TOL
   2  -1103.4520385501    -5290.0504604     2275.2591045    0.935D+02 0.126D-11
                            Exc = -117.437753019      Eck =  2392.69685748    
                              N = 179.99329704    
                          Ediel =-0.538379481917E-01
                            current damping = 0.250
 
          Norm of current diis error:  3.1013    
          max. resid. norm for Fia-block=  1.596D-01 for orbital     33a         
          max. resid. fock norm         =  2.959D-01 for orbital    736a         

 ITERATION  ENERGY          1e-ENERGY        2e-ENERGY     NORM[dD(SAO)]  TOL
   3  -1103.6844620163    -5286.6022151     2271.5784357    0.336D+02 0.114D-11
                            Exc = -118.224743033      Eck =  2389.80317878    
                              N = 179.99419331    
                          Ediel =-0.900168424595E-01
                            current damping = 0.200
 
          Norm of current diis error:  2.4205    
          max. resid. norm for Fia-block=  8.556D-02 for orbital     86a         
          max. resid. fock norm         =  9.257D-02 for orbital     86a         

 ITERATION  ENERGY          1e-ENERGY        2e-ENERGY     NORM[dD(SAO)]  TOL
   4  -1104.0423435270    -5287.8434047     2272.4617438    0.907D+01 0.111D-11
                            Exc = -117.784604456      Eck =  2390.24634828    
                              N = 179.99425159    
                          Ediel =-0.413507164036E-01
                            current damping = 0.250
 
          Norm of current diis error: 0.69997    
          max. resid. norm for Fia-block=  2.143D-02 for orbital     80a         
          max. resid. fock norm         =  2.773D-02 for orbital     37a         

 ITERATION  ENERGY          1e-ENERGY        2e-ENERGY     NORM[dD(SAO)]  TOL
   5  -1104.0660572573    -5289.5555717     2274.1501971    0.243D+01 0.110D-11
                            Exc = -117.929422256      Eck =  2392.07961932    
                              N = 179.99440084    
                          Ediel =-0.422969811332E-01
                            current damping = 0.150
 
          Norm of current diis error: 0.25875    
          max. resid. norm for Fia-block=  1.245D-02 for orbital     27a         
          max. resid. fock norm         =  1.744D-02 for orbital     27a         
          mo-orthogonalization: Cholesky decomposition

 ITERATION  ENERGY          1e-ENERGY        2e-ENERGY     NORM[dD(SAO)]  TOL
   6  -1104.0685852840    -5289.8215008     2274.4135982    0.937D+00 0.109D-11
                            Exc = -117.967143601      Eck =  2392.38074178    
                              N = 179.99440135    
                          Ediel =-0.425245320581E-01
                            current damping = 0.100
 
          Norm of current diis error: 0.13565    
          max. resid. norm for Fia-block=  4.051D-03 for orbital     85a         
          max. resid. fock norm         =  6.131D-03 for orbital     56a         
          irrep a   : virtual orbitals shifted by    0.00176

 ITERATION  ENERGY          1e-ENERGY        2e-ENERGY     NORM[dD(SAO)]  TOL
   7  -1104.0693846176    -5289.3602107     2273.9515087    0.527D+00 0.109D-11
                            Exc = -117.941286191      Eck =  2391.89279488    
                              N = 179.99438827    
                          Ediel =-0.426201899430E-01
                            current damping = 0.150
 
          Norm of current diis error: 0.68754E-01
          max. resid. norm for Fia-block=  2.160D-03 for orbital     85a         
          max. resid. fock norm         =  2.550D-03 for orbital     76a         

 ITERATION  ENERGY          1e-ENERGY        2e-ENERGY     NORM[dD(SAO)]  TOL
   8  -1104.0696330072    -5289.4499283     2274.0409779    0.166D+00 0.109D-11
                            Exc = -117.941403751      Eck =  2391.98238166    
                              N = 179.99439035    
                          Ediel =-0.420223032703E-01
                            current damping = 0.200
 
          Norm of current diis error: 0.23493E-01
          max. resid. norm for Fia-block=  7.552D-04 for orbital     85a         
          max. resid. fock norm         =  8.812D-04 for orbital     75a         

 ITERATION  ENERGY          1e-ENERGY        2e-ENERGY     NORM[dD(SAO)]  TOL
   9  -1104.0696605386    -5289.5059938     2274.0970159    0.591D-01 0.109D-11
                            Exc = -117.945610630      Eck =  2392.04262650    
                              N = 179.99439124    
                          Ediel =-0.420752371083E-01
                            current damping = 0.100
 
          Norm of current diis error: 0.98186E-02
          max. resid. norm for Fia-block=  2.916D-04 for orbital     75a         
          max. resid. fock norm         =  5.450D-04 for orbital     75a         
          irrep a   : virtual orbitals shifted by    0.00187

 ITERATION  ENERGY          1e-ENERGY        2e-ENERGY     NORM[dD(SAO)]  TOL
  10  -1104.0696651231    -5289.4805674     2274.0715849    0.279D-01 0.109D-11
                            Exc = -117.944775128      Eck =  2392.01636002    
                              N = 179.99438973    
                          Ediel =-0.421145340032E-01
                            current damping = 0.150
 
          Norm of current diis error: 0.43617E-02
          max. resid. norm for Fia-block=  1.242D-04 for orbital     85a         
          max. resid. fock norm         =  2.069D-04 for orbital     75a         
          mo-orthogonalization: Cholesky decomposition

 ITERATION  ENERGY          1e-ENERGY        2e-ENERGY     NORM[dD(SAO)]  TOL
  11  -1104.0696661950    -5289.4841399     2274.0751563    0.135D-01 0.109D-11
                            Exc = -117.944496733      Eck =  2392.01965308    
                              N = 179.99438937    
                          Ediel =-0.420644489204E-01
                            current damping = 0.200
 
          Norm of current diis error: 0.13405E-02
          max. resid. norm for Fia-block=  4.327D-05 for orbital     85a         
          max. resid. fock norm         =  5.339D-05 for orbital     76a         

 ITERATION  ENERGY          1e-ENERGY        2e-ENERGY     NORM[dD(SAO)]  TOL
  12  -1104.0696662772    -5289.4828198     2274.0738361    0.874D-02 0.109D-11
                            Exc = -117.944670815      Eck =  2392.01850694    
                              N = 179.99438924    
                          Ediel =-0.420633317526E-01
                            current damping = 0.250
 
          Norm of current diis error: 0.80422E-03
          max. resid. norm for Fia-block=  2.500D-05 for orbital     85a         
          max. resid. fock norm         =  4.778D-05 for orbital    742a         

 ITERATION  ENERGY          1e-ENERGY        2e-ENERGY     NORM[dD(SAO)]  TOL
  13  -1104.0696663239    -5289.4841193     2274.0751356    0.653D+01 0.117D-11
                            Exc = -117.944639093      Eck =  2392.01977467    
                              N = 179.99438915    
                          Ediel =-0.420596048145E-01
                            current damping = 0.300
 
          Norm of current diis error: 0.25254E-03
          max. resid. norm for Fia-block=  8.013D-06 for orbital     90a         
          max. resid. fock norm         =  1.209D-04 for orbital    742a         

 ITERATION  ENERGY          1e-ENERGY        2e-ENERGY     NORM[dD(SAO)]  TOL
  14  -1104.0696663203    -5289.4836089     2274.0746252    0.174D-01 0.117D-11
                            Exc = -117.944649387      Eck =  2392.01927462    
                              N = 179.99438906    
                          Ediel =-0.420592437159E-01
                            current damping = 0.350
 
          Norm of current diis error: 0.11132E-03
          max. resid. norm for Fia-block=  3.299D-06 for orbital     89a         
          max. resid. fock norm         =  1.086D-04 for orbital    742a         

 ENERGY CONVERGED !

          Overall gridpoints after grid construction =        219842

 ITERATION  ENERGY          1e-ENERGY        2e-ENERGY     NORM[dD(SAO)]  TOL
  15  -1104.0724636939    -5289.4836660     2274.0718850    0.950D-02 0.117D-11
                            Exc = -117.947436916      Eck =  2392.01932188    
                              N = 179.99989482    
                          Ediel =-0.420572369926E-01
                            current damping = 0.400
 
          Norm of current diis error: 0.48306E-04
          max. resid. norm for Fia-block=  1.684D-06 for orbital     83a         
          max. resid. fock norm         =  2.487D-04 for orbital    742a         

 End of SCF iterations

   convergence criteria satisfied after    15 iterations


   *************************************************************************
   pbe0                                                                     
   *************************************************************************


                  ------------------------------------------ 
                 |  total energy      =  -1104.07246369390  |
                  ------------------------------------------ 
                 :  kinetic energy    =   1097.44007886861  :
                 :  potential energy  =  -2201.51254256252  :
                 :  virial theorem    =      1.99399279935  :
                 :  wavefunction norm =      1.00000000000  :
                  .......................................... 


 <geterg> : there is no data group $energy 


 <skperg> : $end is missing 


 orbitals $scfmo  will be written to file mos

    irrep                 86a         87a         88a         89a         90a   
 eigenvalues H         -0.31901    -0.31612    -0.27818    -0.24814    -0.19682
            eV          -8.6807     -8.6020     -7.5697     -6.7522     -5.3557
 occupation              2.0000      2.0000      2.0000      2.0000      2.0000

    irrep                 91a         92a         93a         94a         95a   
 eigenvalues H         -0.10763    -0.04775    -0.04203    -0.02207    -0.01177
            eV          -2.9288     -1.2993     -1.1438     -0.6006     -0.3204
 
 ==============================================================================
                                  COSMO RESULTS
 ==============================================================================
  PARAMETER:
    nppa:      1082
    nspa:        92
    nsph:        32
    nps:       1654
    npspher:    718
    disex:   10.0000    
    disex2:  4505.03    
    rsolv [A]: 1.3000
    routf:     0.8500
    phsran:    0.0    
    ampran:   0.10E-04
    cavity:  closed
    epsilon:     4.800
    refind:     1.300
    fepsi:      0.7169811
  CAVITY VOLUME/AREA [a.u.]:
    surface: V1.0, A matrix: V1.0
    area:  1431.31
    volume:  2944.82
  SCREENING CHARGE:
    cosmo      :  -0.044816
    correction :   0.043727
    total      :  -0.001090
  ENERGIES [a.u.]:
    Total energy            =   -1104.0724636939042
    Total energy + OC corr. =    -1104.0725319749
    Dielectric energy       =       -0.0420572370
    Diel. energy + OC corr. =       -0.0421255180
  ELEMENT RADIUS [A]: ATOM LIST
    c  2.00: 1-13,15,16,18-20,24-26
    n  1.83: 14,21-23
    o  1.72: 17
    h  1.30: 27-44
 ==============================================================================
 
 
 
 ==============================================================================
                           electrostatic moments
 ==============================================================================

 reference point for electrostatic moments:    0.00000   0.00000   0.00000

 
              nuc           elec       ->  total
 ------------------------------------------------------------------------------
                          charge      
 ------------------------------------------------------------------------------
         180.000000    -180.000000       0.000000
 
 ------------------------------------------------------------------------------
                       dipole moment  
 ------------------------------------------------------------------------------
   x     -74.786680      75.593681       0.807000
   y    -147.789969     149.534048       1.744079
   z    3143.414069   -3158.387532     -14.973463
 
   | dipole moment | =    15.0963 a.u. =    38.3709 debye 
 
 ------------------------------------------------------------------------------
                     quadrupole moment
 ------------------------------------------------------------------------------
  xx     418.956726    -537.365857    -118.409131
  yy    1363.103595   -1491.942609    -128.839014
  zz   72391.450078  -73018.987835    -627.537758
  xy     592.010348    -598.142546      -6.132198
  xz    -907.462446     929.164843      21.702397
  yz   -1798.598787    1845.117023      46.518236
 
     1/3  trace=    -291.595301
     anisotropy=     511.886923
 
 ==============================================================================
 
HOMO-LUMO Separation
 HOMO         :   -0.19681746 H =     -5.35568 eV
 LUMO         :   -0.10762959 H =     -2.92875 eV
 HOMO-LUMO gap:    0.08918786 H =     +2.42693 eV
 
 ==============================================================================


    ------------------------------------------------------------------------
         total  cpu-time :  1 hours 19 minutes and 35 seconds
         total wall-time :  1 hours 20 minutes and 26 seconds
    ------------------------------------------------------------------------

   ****  ridft : all done  ****


    2025-03-22 13:30:31.498 

