
 eiger (nano18.int-nano.int.kit.edu) : TURBOMOLE rev. V7-6 19 Oct 2021 at 10:10:11 compiled Oct 19th 2021
 Copyright (C) 2021 TURBOMOLE GmbH, Karlsruhe


    2025-04-09 04:57:08.713 

 m062x                                                                          
  
Total energy =   -977.0831643221 H =    -26587.7871580 eV
 
 HOMO-LUMO Separation
   HOMO:    81.    81 a     -0.23942822 H =     -6.51517 eV
   LUMO:    82.    82 a     -0.07014490 H =     -1.90874 eV
   Gap :                    +0.16928332 H =     +4.60643 eV
 
Number of MOs=    687, Electrons=    162.00, Symmetry: c1   
 
   Nr.   Orbital    Occupation       Energy
   98.    98 a                     +0.035087 H =        +0.955 eV
   97.    97 a                     +0.033632 H =        +0.915 eV
   96.    96 a                     +0.029195 H =        +0.794 eV
   95.    95 a                     +0.025627 H =        +0.697 eV
   94.    94 a                     +0.021816 H =        +0.594 eV
   93.    93 a                     +0.018366 H =        +0.500 eV
   92.    92 a                     +0.016060 H =        +0.437 eV
   91.    91 a                     +0.012430 H =        +0.338 eV
   90.    90 a                     +0.006370 H =        +0.173 eV
   89.    89 a                     +0.004314 H =        +0.117 eV
   88.    88 a                     +0.003241 H =        +0.088 eV
   87.    87 a                     -0.002747 H =        -0.075 eV
   86.    86 a                     -0.005876 H =        -0.160 eV
   85.    85 a                     -0.012391 H =        -0.337 eV
   84.    84 a                     -0.019101 H =        -0.520 eV
   83.    83 a                     -0.028311 H =        -0.770 eV
   82.    82 a                     -0.070145 H =        -1.909 eV
   81.    81 a        2.000        -0.239428 H =        -6.515 eV
   80.    80 a        2.000        -0.287292 H =        -7.818 eV
   79.    79 a        2.000        -0.294846 H =        -8.023 eV
   78.    78 a        2.000        -0.322293 H =        -8.770 eV
   77.    77 a        2.000        -0.336545 H =        -9.158 eV
   76.    76 a        2.000        -0.356394 H =        -9.698 eV
   75.    75 a        2.000        -0.385243 H =       -10.483 eV
   74.    74 a        2.000        -0.387291 H =       -10.539 eV
   73.    73 a        2.000        -0.391528 H =       -10.654 eV
   72.    72 a        2.000        -0.400896 H =       -10.909 eV
   71.    71 a        2.000        -0.418150 H =       -11.378 eV
   70.    70 a        2.000        -0.420954 H =       -11.455 eV
   69.    69 a        2.000        -0.430024 H =       -11.702 eV
   68.    68 a        2.000        -0.433184 H =       -11.788 eV
   67.    67 a        2.000        -0.437807 H =       -11.913 eV
   66.    66 a        2.000        -0.441360 H =       -12.010 eV


    ------------------------------------------------------------------------
         total  cpu-time :   0.25 seconds
         total wall-time :   0.26 seconds
    ------------------------------------------------------------------------

   ****  eiger : all done  ****


    2025-04-09 04:57:08.962 

