
 ridft (nano18.int-nano.int.kit.edu) : TURBOMOLE rev. V7-6 19 Oct 2021 at 10:10:11 compiled Oct 19th 2021
 Copyright (C) 2021 TURBOMOLE GmbH, Karlsruhe


    2025-04-09 03:32:35.317 



                                  r i d f t

                        DFT program with RI approximation 
                                for coulomb part 




                                                 
                                 References:     
                                                 
          TURBOMOLE:                             
              R. Ahlrichs, M. Baer, M. Haeser, H. Horn, and
              C. Koelmel
              Electronic structure calculations on workstation
              computers: the program system TURBOMOLE
              Chem. Phys. Lett. 162: 165 (1989)
          Density Functional:                              
              O. Treutler and R. Ahlrichs                      
              Efficient Molecular Numerical Integration Schemes
              J. Chem. Phys. 102: 346 (1995)                   
          Parallel Version:                                
              Performance of parallel TURBOMOLE for Density    
              Functional Calculations                          
              M. v. Arnim and R. Ahlrichs                      
              J. Comp. Chem. 19: 1746 (1998)                   
          RI-J Method:                                     
              Auxiliary Basis Sets to approximate Coulomb      
              Potentials                                       
              Chem. Phys. Lett. 240: 283 (1995)                
              K. Eichkorn, O. Treutler, H. Oehm, M. Haeser     
              and R. Ahlrichs                                  
              Chem. Phys. Lett. 242: 652 (1995)                
                                                           
              Auxiliary Basis Sets for Main Row Atoms and their
              Use to approximate Coulomb Potentials            
              K. Eichkorn, F. Weigend, O. Treutler and         
              R. Ahlrichs                                      
              Theo. Chem. Acc. 97: 119 (1997)                   
                                                           
              Accurate Coulomb-fitting basis sets for H to Rn 
              F. Weigend                                        
              Phys. Chem. Chem. Phys. 8: 1057 (2006)            
                                                           
          Multipole accelerated RI-J (MARI-J):             
              Fast evaluation of the Coulomb potential for     
              electron densities using multipole accelerated   
              resolution of identity approximation             
              M. Sierka, A. Hogekamp and R. Ahlrichs           
              J. Chem. Phys. 118: 9136 (2003)                  
          RI-JK Method:                                     
              A fully direct RI-HF algorithm: Implementation,
              optimised auxiliary basis sets, demonstration of
              accuracy and efficiency                         
              F. Weigend                                      
              Phys. Chem. Chem. Phys. 4: 4285 (2002)           
          Two-component HF and DFT with spin-orbit coupling:  
              Self-consistent treatment of spin-orbit         
              interactions with efficient Hartree-Fock and    
              density functional methods                      
              M. K. Armbruster, F. Weigend, C. van Wüllen and 
              W. Klopper                                      
              Phys. Chem. Chem. Phys. 10: 1748 (2008)         
          Two-component difference density and DIIS algorithm 
              Efficient two-component self-consistent field   
              procedures and gradients: implementation in     
              TURBOMOLE and application to Au20-              
              A. Baldes, F. Weigend                           
              Mol. Phys. 111: 2617 (2013)                     
          Relativistic all-electron 2c calculations           
              An efficient implementation of two-component    
              relativistic exact-decoupling methods for large 
              molecules                                       
              D. Peng, N. Middendorf, F. Weigend, M. Reiher   
              J. Chem. Phys. 138: 184105 (2013)               
          Finite nucleus model and SNSO approximation         
              Efficient implementation of one- and two-       
              component analytical energy gradients in exact  
              two-component theory                            
              Y. J. Franzke, N. Middendorf, F. Weigend        
              J. Chem. Phys. 148: 104110 (2018)               
          Grids for all-electron relativistic methods         
              Error-consistent segmented contracted all-      
              electron relativistic basis sets of double-     
              and triple-zeta quality for NMR shielding       
              constants                                       
              Y. J. Franzke, R. Tress, T. M. Pazdera,         
              F. Weigend                                      
              Phys. Chem. Chem. Phys. 21: 166658 (2019)       
          Seminumerical exchange algorithms                   
              Seminumerical calculation of the Hartree-Fock   
              exchange matirx: Application to two-component   
              procedures and efficient evaluation of local    
              hybrid functionsl                               
               P. Plessow, F. Weigend,                        
              J. Comput. Chem. 33: 810 (2012)                 
          Improved seminumerical algorithms                   
              C. Holzer,                                      
              J. Chem. Phys. 153 (2020), 184115               
                                         




              +--------------------------------------------------+
              |      general information about current run       |
              +--------------------------------------------------+

 
 Libxc version: 5.1.4
 S. Lehtola, C. Steigemann, M.J.T. Oliveira, and M.A.L. Marques, Software X 7, 1 (2018)
 M.A.L. Marques, M.J.T. Oliveira, and T. Burnus, Comput. Phys. Commun. 183, 2272 (2012)
 TURBOMOLE integration by Christof Holzer

 Name of XC-Functional: Minnesota M06-2X hybrid exchange functional
 HF exchange scaling factor =    0.54000
 [1] Y. Zhao and D. G. Truhlar, Theor. Chem. Acc. 120, 215 (2008)
 A Hybrid-DFT calculation using the RI-J approximation will be carried out.
 Allocatable memory for RI due to $ricore (MB):                  2000

   *************************************************************************
   m062x                                                                    
   *************************************************************************




              +--------------------------------------------------+
              | Atomic coordinate, charge and isotop information |
              +--------------------------------------------------+

                    atomic coordinates            atom    charge  isotop
        -13.63978187    6.57345484   -0.42543319    c      6.000     0
        -11.25052943    7.75799330   -0.35232650    c      6.000     0
         -9.02652232    6.38597720   -0.23917500    c      6.000     0
         -9.06832105    3.72310322   -0.18968248    c      6.000     0
         -6.79503038    2.26244183   -0.04076261    c      6.000     0
         -6.85345955   -0.31750065    0.00952789    c      6.000     0
         -9.19042011   -1.69676628   -0.10197806    c      6.000     0
         -9.27661395   -4.39709983   -0.06887002    c      6.000     0
        -11.66445395   -5.58230597   -0.15905217    c      6.000     0
        -13.89687091   -4.21133283   -0.24801188    c      6.000     0
        -13.87027869   -1.55229273   -0.28965908    c      6.000     0
        -16.14224271   -0.09061691   -0.42958469    c      6.000     0
        -16.09211206    2.48913284   -0.48417134    c      6.000     0
        -13.75373972    3.87177616   -0.38385197    c      6.000     0
        -11.44541189    2.44158633   -0.26547512    c      6.000     0
        -11.49603930   -0.27033965   -0.22163558    c      6.000     0
        -15.94292548    8.09349999   -0.51126654    c      6.000     0
         -6.95715258   -5.90561446    0.02920151    c      6.000     0
        -16.11132196   10.59234995   -1.06486869    c      6.000     0
         -6.78919744   -8.28303933    0.93299673    c      6.000     0
        -18.45326828   11.92375602   -1.04599718    c      6.000     0
         -4.60430987   -9.59091213    0.85198378    o      8.000     0
         -4.54592852  -11.92369945    2.15565278    c      6.000     0
        -20.34672518   13.04157466   -1.04776320    n      7.000     0
        -11.14637050    9.81846858   -0.33206203    h      1.000     0
         -7.20947589    7.36597022   -0.16163891    h      1.000     0
         -4.98820991    3.26147885    0.04349521    h      1.000     0
         -5.07749876   -1.35149166    0.15377871    h      1.000     0
        -11.75911691   -7.64298894   -0.22653235    h      1.000     0
        -15.70968926   -5.20026641   -0.33173781    h      1.000     0
        -17.95064659   -1.08854720   -0.50299496    h      1.000     0
        -17.87838513    3.50486672   -0.62173041    h      1.000     0
        -17.71803498    7.13544866   -0.07661646    h      1.000     0
         -5.19913597   -5.08102352   -0.67204240    h      1.000     0
        -14.45101555   11.71095144   -1.58064036    h      1.000     0
         -8.40461486   -9.27020611    1.78283657    h      1.000     0
         -2.68700663  -12.77514577    1.79854521    h      1.000     0
         -4.78337277  -11.65942695    4.21392829    h      1.000     0
         -6.02687665  -13.22575733    1.46532450    h      1.000     0
 
       center of nuclear mass  :  -11.44516539    0.86428685   -0.11902870
       center of nuclear charge:  -11.38160950    0.74921505   -0.09835246

              +--------------------------------------------------+
              |               basis set information              |
              +--------------------------------------------------+

              we will work with the 1s 3p 5d 7f 9g ... basis set
              ...i.e. with spherical basis functions...

   type   atoms  prim   cont   basis
   ---------------------------------------------------------------------------
    c       22     43     23   aug-cc-pVDZ   [4s3p2d|18s5p2d]
    o        1     43     23   aug-cc-pVDZ   [4s3p2d|18s5p2d]
    n        1     43     23   aug-cc-pVDZ   [4s3p2d|18s5p2d]
    h       15     11      9   aug-cc-pVDZ   [3s2p|5s2p]
   ---------------------------------------------------------------------------
   total:   39   1197    687
   ---------------------------------------------------------------------------

   total number of primitive shells          :   82
   total number of contracted shells         :  291
   total number of cartesian basis functions :  735
   total number of SCF-basis functions       :  687


 integral neglect threshold       :  0.45E-11
 integral storage threshold THIZE :  0.10E-04
 integral storage threshold THIME :         5

 RI-J AUXILIARY BASIS SET information:

              we will work with the 1s 3p 5d 7f 9g ... basis set
              ...i.e. with spherical basis functions...

   type   atoms  prim   cont   basis
   ---------------------------------------------------------------------------
    c       22     70     49   aug-cc-pVDZ   [6s4p3d1f1g|12s5p4d2f1g]
    o        1     70     49   aug-cc-pVDZ   [6s4p3d1f1g|12s5p4d2f1g]
    n        1     70     49   aug-cc-pVDZ   [6s4p3d1f1g|12s5p4d2f1g]
    h       15     16     11   aug-cc-pVDZ   [3s1p1d|5s2p1d]
   ---------------------------------------------------------------------------
   total:   39   1920   1341
   ---------------------------------------------------------------------------

   total number of primitive shells          :   80
   total number of contracted shells         :  435
   total number of cartesian basis functions : 1644
   total number of SCF-basis functions       : 1341


 symmetry group of the molecule :   c1 

 the group has the following generators :
   c1(z)

    1 symmetry operations found

 there are 1 real representations :   a   

 maximum number of shells which are related by symmetry :  1

  
           ------------------
           density functional
           ------------------
 Name of XC-Functional: Minnesota M06-2X hybrid exchange functional
 HF exchange scaling factor =    0.54000
 [1] Y. Zhao and D. G. Truhlar, Theor. Chem. Acc. 120, 215 (2008)

 iterations will be done with small grid
  
 spherical integration : Lebedev's spherical grid
 spherical gridsize    :                     3
    i.e. gridpoints    :                   302
 value for diffuse not defined
 radial integration    : Chebyshev 2nd kind (scaling 3)
 radial gridsize       :                     3
 integration cells     :                    39
 partition function    : becke
 partition sharpness   :                     3
  

 biggest AO integral is expected to be     4.738267915

          ------------------------
          nuclear repulsion energy  :   1735.80725117    
          ------------------------


         -----------------
         -S,T+V- integrals
         -----------------

 1e-integrals will be neglected if expon. factor < 0.454689E-12
 
   Difference densities algorithm switched on.
   The maximal number of linear combinations of
   difference densities is                    20 .

 DIIS switched on: error vector is FDS-SDF
 Max. Iterations for DIIS is     :   4
 DIIS matrix (see manual) 
    Scaling factor of diagonals  :  1.200
    threshold for scaling factor :  0.000

 scf convergence criterion : increment of total energy < .1000000D-06
                  and increment of one-electron energy < .1000000D-03

 MOs are in ASCII format !


    mo occupation :
   irrep   mo's   occupied
    a      687       81
 
 number of basis functions   :   687
 number of occupied orbitals :    81
 

 reading orbital data $scfmo  from file mos
 orbital characterization : expanded
 virtual MOs provided and orthogonalized by Cholesky decomposition

 automatic virtual orbital shift switched on 
      shift if e(lumo)-e(homo) < 0.10000000    

  
           ------------------------
               RI-J - INFORMATION
           ------------------------
 Contributions to RI integral batches: 
  neglected integral batches:                  8258
  direct contribution:                         6187
  memory contribution:                 28041
 Memory core needed for (P|Q) and Cholesky     14 MByte
 Memory core minimum needed except of (P|Q)     2 MByte
 Total minimum memory core needed (sum)        16 MByte
  
 ****************************************
 Memory allocated for RI-J  1835 MByte
 ****************************************
                                            

 DSCF restart information will be dumped onto file mos


 Starting SCF iterations

          Overall gridpoints after grid construction =         53932

 ITERATION  ENERGY          1e-ENERGY        2e-ENERGY     NORM[dD(SAO)]  TOL
   1  -973.87827432272    -4731.0454780     2021.3599525    0.000D+00 0.454D-11
                            Exc = -66.3019593294     Coul =  2158.41268149    
                            exK = -70.7507696212    
                              N = 161.99333976    
                            current damping = 0.300
 
          max. resid. norm for Fia-block=  3.138D-01 for orbital     48a         
          max. resid. fock norm         =  1.441D+00 for orbital    669a         

 ITERATION  ENERGY          1e-ENERGY        2e-ENERGY     NORM[dD(SAO)]  TOL
   2  -976.74317462316    -4764.7621150     2052.2116893    0.285D+03 0.109D-11
                            Exc = -67.3948319735      Eck =  2119.60652123    
                              N = 161.99563205    
                            current damping = 0.250
 
          Norm of current diis error:  2.5339    
          max. resid. norm for Fia-block=  1.478D-01 for orbital     81a         
          max. resid. fock norm         =  3.106D-01 for orbital    670a         

 ITERATION  ENERGY          1e-ENERGY        2e-ENERGY     NORM[dD(SAO)]  TOL
   3  -976.91944548713    -4765.1255546     2052.3988579    0.759D+02 0.110D-11
                            Exc = -67.6226357316      Eck =  2120.02149363    
                              N = 161.99562091    
                            current damping = 0.100
 
          Norm of current diis error:  1.5961    
          max. resid. norm for Fia-block=  1.026D-01 for orbital     75a         
          max. resid. fock norm         =  1.101D-01 for orbital     75a         

 ITERATION  ENERGY          1e-ENERGY        2e-ENERGY     NORM[dD(SAO)]  TOL
   4  -977.03853096542    -4766.4082932     2053.5625110    0.180D+02 0.109D-11
                            Exc = -67.5472094103      Eck =  2121.10972045    
                              N = 161.99557098    
                            current damping = 0.100
 
          Norm of current diis error: 0.84232    
          max. resid. norm for Fia-block=  4.595D-02 for orbital     74a         
          max. resid. fock norm         =  5.497D-02 for orbital    625a         

 ITERATION  ENERGY          1e-ENERGY        2e-ENERGY     NORM[dD(SAO)]  TOL
   5  -977.07857778622    -4767.9475786     2055.0617497    0.648D+01 0.108D-11
                            Exc = -67.6246544695      Eck =  2122.68640416    
                              N = 161.99553547    
                            current damping = 0.100
 
          Norm of current diis error: 0.23256    
          max. resid. norm for Fia-block=  1.255D-02 for orbital     25a         
          max. resid. fock norm         =  1.596D-02 for orbital     25a         
          mo-orthogonalization: Cholesky decomposition

 ITERATION  ENERGY          1e-ENERGY        2e-ENERGY     NORM[dD(SAO)]  TOL
   6  -977.08098033551    -4767.6207308     2054.7324993    0.291D+01 0.108D-11
                            Exc = -67.6284292708      Eck =  2122.36092854    
                              N = 161.99553863    
                            current damping = 0.150
 
          Norm of current diis error: 0.11281    
          max. resid. norm for Fia-block=  5.063D-03 for orbital     25a         
          max. resid. fock norm         =  8.068D-03 for orbital    679a         

 ITERATION  ENERGY          1e-ENERGY        2e-ENERGY     NORM[dD(SAO)]  TOL
   7  -977.08167483329    -4767.6109574     2054.7220314    0.105D+01 0.108D-11
                            Exc = -67.6193402292      Eck =  2122.34137160    
                              N = 161.99552911    
                            current damping = 0.100
 
          Norm of current diis error: 0.23806E-01
          max. resid. norm for Fia-block=  8.189D-04 for orbital     79a         
          max. resid. fock norm         =  1.354D-03 for orbital     48a         

 ITERATION  ENERGY          1e-ENERGY        2e-ENERGY     NORM[dD(SAO)]  TOL
   8  -977.08169959393    -4767.6403257     2054.7513749    0.438D+00 0.108D-11
                            Exc = -67.6217265035      Eck =  2122.37310144    
                              N = 161.99553035    
                            current damping = 0.150
 
          Norm of current diis error: 0.15158E-01
          max. resid. norm for Fia-block=  4.767D-04 for orbital     67a         
          max. resid. fock norm         =  7.712D-04 for orbital     67a         

 ITERATION  ENERGY          1e-ENERGY        2e-ENERGY     NORM[dD(SAO)]  TOL
   9  -977.08170991751    -4767.6543968     2054.7654358    0.129D+00 0.108D-11
                            Exc = -67.6221785595      Eck =  2122.38761432    
                              N = 161.99552806    
                            current damping = 0.100
 
          Norm of current diis error: 0.61102E-02
          max. resid. norm for Fia-block=  3.628D-04 for orbital     73a         
          max. resid. fock norm         =  3.819D-04 for orbital     73a         

 ITERATION  ENERGY          1e-ENERGY        2e-ENERGY     NORM[dD(SAO)]  TOL
  10  -977.08171211201    -4767.6465009     2054.7575376    0.455D-01 0.108D-11
                            Exc = -67.6215461659      Eck =  2122.37908374    
                              N = 161.99552834    
                            current damping = 0.150
 
          Norm of current diis error: 0.30937E-02
          max. resid. norm for Fia-block=  1.692D-04 for orbital     67a         
          max. resid. fock norm         =  2.488D-04 for orbital     67a         
          mo-orthogonalization: Cholesky decomposition

 ITERATION  ENERGY          1e-ENERGY        2e-ENERGY     NORM[dD(SAO)]  TOL
  11  -977.08171283376    -4767.6427609     2054.7537969    0.410D-01 0.108D-11
                            Exc = -67.6215812466      Eck =  2122.37537813    
                              N = 161.99552795    
                            current damping = 0.100
 
          Norm of current diis error: 0.12461E-02
          max. resid. norm for Fia-block=  6.345D-05 for orbital     25a         
          max. resid. fock norm         =  1.908D-04 for orbital    683a         

 ITERATION  ENERGY          1e-ENERGY        2e-ENERGY     NORM[dD(SAO)]  TOL
  12  -977.08171295094    -4767.6467965     2054.7578324    0.415D-01 0.108D-11
                            Exc = -67.6217215235      Eck =  2122.37955388    
                              N = 161.99552785    
                            current damping = 0.150
 
          Norm of current diis error: 0.71310E-03
          max. resid. norm for Fia-block=  3.418D-05 for orbital     71a         
          max. resid. fock norm         =  3.192D-04 for orbital    683a         

 ENERGY CONVERGED !

          Overall gridpoints after grid construction =        196092

 ITERATION  ENERGY          1e-ENERGY        2e-ENERGY     NORM[dD(SAO)]  TOL
  13  -977.08316432207    -4767.6464641     2054.7560486    0.417D-01 0.107D-11
                            Exc = -67.6231191070      Eck =  2122.37916775    
                              N = 161.99990831    
                            current damping = 0.200
 
          Norm of current diis error: 0.37550E-03
          max. resid. norm for Fia-block=  1.708D-05 for orbital     79a         
          max. resid. fock norm         =  3.570D-04 for orbital    683a         

 End of SCF iterations

   convergence criteria satisfied after    13 iterations


   *************************************************************************
   m062x                                                                    
   *************************************************************************


                  ------------------------------------------ 
                 |  total energy      =   -977.08316432207  |
                  ------------------------------------------ 
                 :  kinetic energy    =    971.24004323148  :
                 :  potential energy  =  -1948.32320755355  :
                 :  virial theorem    =      1.99401983239  :
                 :  wavefunction norm =      1.00000000000  :
                  .......................................... 


 <geterg> : there is no data group $energy 


 <skperg> : $end is missing 


 orbitals $scfmo  will be written to file mos

    irrep                 77a         78a         79a         80a         81a   
 eigenvalues H         -0.33655    -0.32229    -0.29485    -0.28729    -0.23943
            eV          -9.1579     -8.7701     -8.0232     -7.8177     -6.5152
 occupation              2.0000      2.0000      2.0000      2.0000      2.0000

    irrep                 82a         83a         84a         85a         86a   
 eigenvalues H         -0.07014    -0.02831    -0.01910    -0.01239    -0.00588
            eV          -1.9088     -0.7704     -0.5198     -0.3372     -0.1599
 
 
 
 
 ==============================================================================
                           electrostatic moments
 ==============================================================================

 reference point for electrostatic moments:    0.00000   0.00000   0.00000

 
              nuc           elec       ->  total
 ------------------------------------------------------------------------------
                          charge      
 ------------------------------------------------------------------------------
         162.000000    -162.000000      -0.000000
 
 ------------------------------------------------------------------------------
                       dipole moment  
 ------------------------------------------------------------------------------
   x   -1843.820739    1845.687284       1.866545
   y     121.372838    -124.098095      -2.725257
   z     -15.933098      16.426679       0.493580
 
   | dipole moment | =     3.3399 a.u. =     8.4891 debye 
 
 ------------------------------------------------------------------------------
                     quadrupole moment
 ------------------------------------------------------------------------------
  xx   24225.257524  -24379.890797    -154.633273
  yy    7939.673603   -8044.469382    -104.795779
  zz      99.404769    -207.923072    -108.518304
  xy   -4958.441750    5011.867966      53.426216
  xz     600.328413    -605.178308      -4.849895
  yz    -705.782916     701.612728      -4.170188
 
     1/3  trace=    -122.649119
     anisotropy=     104.871012
 
 ==============================================================================
 
HOMO-LUMO Separation
 HOMO         :   -0.23942822 H =     -6.51518 eV
 LUMO         :   -0.07014490 H =     -1.90874 eV
 HOMO-LUMO gap:    0.16928332 H =     +4.60644 eV
 
 ==============================================================================


    ------------------------------------------------------------------------
         total  cpu-time :  1 hours 24 minutes and  6 seconds
         total wall-time :  1 hours 24 minutes and 33 seconds
    ------------------------------------------------------------------------

   ****  ridft : all done  ****


    2025-04-09 04:57:08.499 

 ridft ended normally
