
 eiger (nano17.int-nano.int.kit.edu) : TURBOMOLE rev. V7-6 19 Oct 2021 at 10:10:11 compiled Oct 19th 2021
 Copyright (C) 2021 TURBOMOLE GmbH, Karlsruhe


    2025-05-21 11:16:44.112 

 B3                                                                             
  
Total energy =  -2603.5616549540 H =    -70846.5212198 eV
 
 HOMO-LUMO Separation
   HOMO:   196.   196 a     -0.18784258 H =     -5.11146 eV
   LUMO:   197.   197 a     -0.12468250 H =     -3.39278 eV
   Gap :                    +0.06316008 H =     +1.71867 eV
 
Number of MOs=   1687, Electrons=    392.00, Symmetry: c1   
 
   Nr.   Orbital    Occupation       Energy
  213.   213 a                     +0.008068 H =        +0.220 eV
  212.   212 a                     +0.006036 H =        +0.164 eV
  211.   211 a                     +0.003636 H =        +0.099 eV
  210.   210 a                     +0.002443 H =        +0.066 eV
  209.   209 a                     -0.000928 H =        -0.025 eV
  208.   208 a                     -0.002629 H =        -0.072 eV
  207.   207 a                     -0.004720 H =        -0.128 eV
  206.   206 a                     -0.008186 H =        -0.223 eV
  205.   205 a                     -0.009053 H =        -0.246 eV
  204.   204 a                     -0.015092 H =        -0.411 eV
  203.   203 a                     -0.018194 H =        -0.495 eV
  202.   202 a                     -0.028117 H =        -0.765 eV
  201.   201 a                     -0.032784 H =        -0.892 eV
  200.   200 a                     -0.039104 H =        -1.064 eV
  199.   199 a                     -0.045041 H =        -1.226 eV
  198.   198 a                     -0.081750 H =        -2.225 eV
  197.   197 a                     -0.124683 H =        -3.393 eV
  196.   196 a        2.000        -0.187843 H =        -5.111 eV
  195.   195 a        2.000        -0.232142 H =        -6.317 eV
  194.   194 a        2.000        -0.250699 H =        -6.822 eV
  193.   193 a        2.000        -0.251228 H =        -6.836 eV
  192.   192 a        2.000        -0.261711 H =        -7.122 eV
  191.   191 a        2.000        -0.269151 H =        -7.324 eV
  190.   190 a        2.000        -0.276822 H =        -7.533 eV
  189.   189 a        2.000        -0.286266 H =        -7.790 eV
  188.   188 a        2.000        -0.301910 H =        -8.215 eV
  187.   187 a        2.000        -0.308089 H =        -8.384 eV
  186.   186 a        2.000        -0.312766 H =        -8.511 eV
  185.   185 a        2.000        -0.314942 H =        -8.570 eV
  184.   184 a        2.000        -0.316572 H =        -8.614 eV
  183.   183 a        2.000        -0.316651 H =        -8.617 eV
  182.   182 a        2.000        -0.318979 H =        -8.680 eV
  181.   181 a        2.000        -0.326893 H =        -8.895 eV


    ------------------------------------------------------------------------
         total  cpu-time :   1.39 seconds
         total wall-time :   1.41 seconds
    ------------------------------------------------------------------------

   ****  eiger : all done  ****


    2025-05-21 11:16:45.507 

