
 eiger (nano24.int-nano.int.kit.edu) : TURBOMOLE rev. V7-6 19 Oct 2021 at 10:10:11 compiled Oct 19th 2021
 Copyright (C) 2021 TURBOMOLE GmbH, Karlsruhe


    2025-03-21 15:34:49.791 

 tcf1-b3                                                                        
  
Total energy =  -1221.3556746860 H =    -33234.7807316 eV
 
 HOMO-LUMO Separation
   HOMO:   101.   101 a     -0.19632046 H =     -5.34215 eV
   LUMO:   102.   102 a     -0.11882202 H =     -3.23331 eV
   Gap :                    +0.07749844 H =     +2.10884 eV
 
Number of MOs=    865, Electrons=    202.00, Symmetry: c1   
 
   Nr.   Orbital    Occupation       Energy
  118.   118 a                     +0.024091 H =        +0.656 eV
  117.   117 a                     +0.019580 H =        +0.533 eV
  116.   116 a                     +0.018694 H =        +0.509 eV
  115.   115 a                     +0.015862 H =        +0.432 eV
  114.   114 a                     +0.013894 H =        +0.378 eV
  113.   113 a                     +0.012238 H =        +0.333 eV
  112.   112 a                     +0.006946 H =        +0.189 eV
  111.   111 a                     +0.003377 H =        +0.092 eV
  110.   110 a                     -0.000597 H =        -0.016 eV
  109.   109 a                     -0.001270 H =        -0.035 eV
  108.   108 a                     -0.008119 H =        -0.221 eV
  107.   107 a                     -0.013946 H =        -0.380 eV
  106.   106 a                     -0.018533 H =        -0.504 eV
  105.   105 a                     -0.026031 H =        -0.708 eV
  104.   104 a                     -0.035077 H =        -0.954 eV
  103.   103 a                     -0.058957 H =        -1.604 eV
  102.   102 a                     -0.118822 H =        -3.233 eV
  101.   101 a        2.000        -0.196320 H =        -5.342 eV
  100.   100 a        2.000        -0.232947 H =        -6.339 eV
   99.    99 a        2.000        -0.255831 H =        -6.962 eV
   98.    98 a        2.000        -0.271503 H =        -7.388 eV
   97.    97 a        2.000        -0.287704 H =        -7.829 eV
   96.    96 a        2.000        -0.315839 H =        -8.594 eV
   95.    95 a        2.000        -0.334968 H =        -9.115 eV
   94.    94 a        2.000        -0.339149 H =        -9.229 eV
   93.    93 a        2.000        -0.344036 H =        -9.362 eV
   92.    92 a        2.000        -0.345582 H =        -9.404 eV
   91.    91 a        2.000        -0.350032 H =        -9.525 eV
   90.    90 a        2.000        -0.354160 H =        -9.637 eV
   89.    89 a        2.000        -0.360639 H =        -9.813 eV
   88.    88 a        2.000        -0.364163 H =        -9.909 eV
   87.    87 a        2.000        -0.367126 H =        -9.990 eV
   86.    86 a        2.000        -0.369679 H =       -10.059 eV


    ------------------------------------------------------------------------
         total  cpu-time :   0.30 seconds
         total wall-time :   0.32 seconds
    ------------------------------------------------------------------------

   ****  eiger : all done  ****


    2025-03-21 15:34:50.088 

