
 ridft (nano24.int-nano.int.kit.edu) : TURBOMOLE rev. V7-6 19 Oct 2021 at 10:10:11 compiled Oct 19th 2021
 Copyright (C) 2021 TURBOMOLE GmbH, Karlsruhe


    2025-03-21 14:03:33.229 



                                  r i d f t

                        DFT program with RI approximation 
                                for coulomb part 




                                                 
                                 References:     
                                                 
          TURBOMOLE:                             
              R. Ahlrichs, M. Baer, M. Haeser, H. Horn, and
              C. Koelmel
              Electronic structure calculations on workstation
              computers: the program system TURBOMOLE
              Chem. Phys. Lett. 162: 165 (1989)
          Density Functional:                              
              O. Treutler and R. Ahlrichs                      
              Efficient Molecular Numerical Integration Schemes
              J. Chem. Phys. 102: 346 (1995)                   
          Parallel Version:                                
              Performance of parallel TURBOMOLE for Density    
              Functional Calculations                          
              M. v. Arnim and R. Ahlrichs                      
              J. Comp. Chem. 19: 1746 (1998)                   
          RI-J Method:                                     
              Auxiliary Basis Sets to approximate Coulomb      
              Potentials                                       
              Chem. Phys. Lett. 240: 283 (1995)                
              K. Eichkorn, O. Treutler, H. Oehm, M. Haeser     
              and R. Ahlrichs                                  
              Chem. Phys. Lett. 242: 652 (1995)                
                                                           
              Auxiliary Basis Sets for Main Row Atoms and their
              Use to approximate Coulomb Potentials            
              K. Eichkorn, F. Weigend, O. Treutler and         
              R. Ahlrichs                                      
              Theo. Chem. Acc. 97: 119 (1997)                   
                                                           
              Accurate Coulomb-fitting basis sets for H to Rn 
              F. Weigend                                        
              Phys. Chem. Chem. Phys. 8: 1057 (2006)            
                                                           
          Multipole accelerated RI-J (MARI-J):             
              Fast evaluation of the Coulomb potential for     
              electron densities using multipole accelerated   
              resolution of identity approximation             
              M. Sierka, A. Hogekamp and R. Ahlrichs           
              J. Chem. Phys. 118: 9136 (2003)                  
          RI-JK Method:                                     
              A fully direct RI-HF algorithm: Implementation,
              optimised auxiliary basis sets, demonstration of
              accuracy and efficiency                         
              F. Weigend                                      
              Phys. Chem. Chem. Phys. 4: 4285 (2002)           
          Two-component HF and DFT with spin-orbit coupling:  
              Self-consistent treatment of spin-orbit         
              interactions with efficient Hartree-Fock and    
              density functional methods                      
              M. K. Armbruster, F. Weigend, C. van Wüllen and 
              W. Klopper                                      
              Phys. Chem. Chem. Phys. 10: 1748 (2008)         
          Two-component difference density and DIIS algorithm 
              Efficient two-component self-consistent field   
              procedures and gradients: implementation in     
              TURBOMOLE and application to Au20-              
              A. Baldes, F. Weigend                           
              Mol. Phys. 111: 2617 (2013)                     
          Relativistic all-electron 2c calculations           
              An efficient implementation of two-component    
              relativistic exact-decoupling methods for large 
              molecules                                       
              D. Peng, N. Middendorf, F. Weigend, M. Reiher   
              J. Chem. Phys. 138: 184105 (2013)               
          Finite nucleus model and SNSO approximation         
              Efficient implementation of one- and two-       
              component analytical energy gradients in exact  
              two-component theory                            
              Y. J. Franzke, N. Middendorf, F. Weigend        
              J. Chem. Phys. 148: 104110 (2018)               
          Grids for all-electron relativistic methods         
              Error-consistent segmented contracted all-      
              electron relativistic basis sets of double-     
              and triple-zeta quality for NMR shielding       
              constants                                       
              Y. J. Franzke, R. Tress, T. M. Pazdera,         
              F. Weigend                                      
              Phys. Chem. Chem. Phys. 21: 166658 (2019)       
          Seminumerical exchange algorithms                   
              Seminumerical calculation of the Hartree-Fock   
              exchange matirx: Application to two-component   
              procedures and efficient evaluation of local    
              hybrid functionsl                               
               P. Plessow, F. Weigend,                        
              J. Comput. Chem. 33: 810 (2012)                 
          Improved seminumerical algorithms                   
              C. Holzer,                                      
              J. Chem. Phys. 153 (2020), 184115               
                                         




              +--------------------------------------------------+
              |      general information about current run       |
              +--------------------------------------------------+

 
 Becke-3-Parameter hybrid functional: B3-LYP
 exchange:    0.8*LDA + 0.72*B88 + 0.2*HF
 correlation: 0.19*LDA(VWN) + 0.81*LYP
 A Hybrid-DFT calculation using the RI-J approximation will be carried out.
 Allocatable memory for RI due to $ricore (MB):                  2000

   *************************************************************************
   tcf1-b3                                                                  
   *************************************************************************




              +--------------------------------------------------+
              | Atomic coordinate, charge and isotop information |
              +--------------------------------------------------+

                    atomic coordinates            atom    charge  isotop
          2.23335336   -0.61742682   -3.79424427    o      8.000     0
          2.58428740   -0.61460886  -10.39285666    n      7.000     0
         -5.27783329    1.38137846   -8.50551083    n      7.000     0
         -6.30259265    1.57356285   -1.61238992    n      7.000     0
         -0.00320516   -0.01409112   24.37194164    n      7.000     0
         -0.13614324    0.00521035   -4.41573211    c      6.000     0
         -1.60314821    0.36452817   -2.13198240    c      6.000     0
         -0.04917370   -0.05513257   -0.06006098    c      6.000     0
          2.56777913   -0.72970829   -1.06111164    c      6.000     0
         -0.79258099    0.20500845   -6.93860624    c      6.000     0
          1.07721192   -0.25036490   -8.83641057    c      6.000     0
         -3.28036556    0.85732830   -7.75523570    c      6.000     0
         -4.19961603    1.03440547   -1.94577635    c      6.000     0
          0.45176964   -0.15603525   21.81969624    c      6.000     0
          2.87457466   -0.80226452   20.85623015    c      6.000     0
          4.43529002   -1.19991505   22.13768046    h      1.000     0
          3.30179279   -0.93972225   18.27503509    c      6.000     0
          5.19223361   -1.44404442   17.60648760    h      1.000     0
          1.38620255   -0.44976332   16.47768199    c      6.000     0
         -1.02263021    0.19353555   17.44850158    c      6.000     0
         -2.57908725    0.59083478   16.15158537    h      1.000     0
         -1.48714171    0.33970605   20.01872110    c      6.000     0
         -3.38045207    0.84616871   20.64770794    h      1.000     0
          2.02127790   -0.49195807   26.16067381    c      6.000     0
          2.80947246   -2.41443712   25.95227916    h      1.000     0
          1.28935088   -0.31705409   28.09256539    h      1.000     0
          3.59531261    0.86548871   25.94804617    h      1.000     0
         -2.49183520    0.67706071   25.29847965    c      6.000     0
         -3.06131834    2.58694530   24.67303472    h      1.000     0
         -2.48058925    0.66732163   27.37172917    h      1.000     0
         -3.96105436   -0.66489976   24.66536811    h      1.000     0
         -0.82925113    0.13553248    2.50777353    c      6.000     0
         -2.81209937    0.66015333    2.78671279    h      1.000     0
          0.62118283   -0.25947074    4.62836428    c      6.000     0
          2.61031177   -0.79136930    4.42542224    h      1.000     0
         -0.28658793   -0.02148430    7.15039182    c      6.000     0
         -2.27026481    0.51578790    7.41400956    h      1.000     0
          1.19915708   -0.42418947    9.24026678    c      6.000     0
          3.18014243   -0.96214763    8.93565615    h      1.000     0
          0.38742466   -0.19950028   11.80163180    c      6.000     0
         -1.58638275    0.33808977   12.12025474    h      1.000     0
          1.96068799   -0.61776149   13.81126256    c      6.000     0
          3.91733479   -1.14656317   13.37097092    h      1.000     0
          4.60271068    1.22615390   -0.40902990    c      6.000     0
          6.33420248    0.79580902   -1.47686556    h      1.000     0
          5.04895382    1.20087390    1.61938531    h      1.000     0
          3.97011598    3.13873116   -0.92158920    h      1.000     0
          3.38223465   -3.44179617   -0.44907225    c      6.000     0
          1.89759778   -4.79197696   -0.99090133    h      1.000     0
          3.77098949   -3.67006167    1.57856269    h      1.000     0
          5.10960193   -3.89645691   -1.51355611    h      1.000     0
 
       center of nuclear mass  :    0.14885443   -0.08395775    6.42177730
       center of nuclear charge:    0.21700138   -0.10174525    6.76346057

              +--------------------------------------------------+
              |               basis set information              |
              +--------------------------------------------------+

              we will work with the 1s 3p 5d 7f 9g ... basis set
              ...i.e. with spherical basis functions...

   type   atoms  prim   cont   basis
   ---------------------------------------------------------------------------
    o        1     43     23   aug-cc-pVDZ   [4s3p2d|18s5p2d]
    n        4     43     23   aug-cc-pVDZ   [4s3p2d|18s5p2d]
    c       24     43     23   aug-cc-pVDZ   [4s3p2d|18s5p2d]
    h       22     11      9   aug-cc-pVDZ   [3s2p|5s2p]
   ---------------------------------------------------------------------------
   total:   51   1489    865
   ---------------------------------------------------------------------------

   total number of primitive shells          :   82
   total number of contracted shells         :  371
   total number of cartesian basis functions :  923
   total number of SCF-basis functions       :  865


 integral neglect threshold       :  0.36E-11
 integral storage threshold THIZE :  0.10E-04
 integral storage threshold THIME :         5

 RI-J AUXILIARY BASIS SET information:

              we will work with the 1s 3p 5d 7f 9g ... basis set
              ...i.e. with spherical basis functions...

   type   atoms  prim   cont   basis
   ---------------------------------------------------------------------------
    o        1     70     49   aug-cc-pVDZ   [6s4p3d1f1g|12s5p4d2f1g]
    n        4     70     49   aug-cc-pVDZ   [6s4p3d1f1g|12s5p4d2f1g]
    c       24     70     49   aug-cc-pVDZ   [6s4p3d1f1g|12s5p4d2f1g]
    h       22     16     11   aug-cc-pVDZ   [3s1p1d|5s2p1d]
   ---------------------------------------------------------------------------
   total:   51   2382   1663
   ---------------------------------------------------------------------------

   total number of primitive shells          :   80
   total number of contracted shells         :  545
   total number of cartesian basis functions : 2033
   total number of SCF-basis functions       : 1663


 symmetry group of the molecule :   c1 

 the group has the following generators :
   c1(z)

    1 symmetry operations found

 there are 1 real representations :   a   

 maximum number of shells which are related by symmetry :  1

 ==============================================================================
                      COSMO switched on
 ==============================================================================
 COSMO stati: segments per atom: H   32 other atoms   92
 COSMO statistics: nps   1925 npspher:    801
 COSMO surface:
   number of segments: 1925
   area (bohr**2):     1612.181517
   volume (bohr**3):   3337.435617
 COSMO: check number of disjunct cavities:

       ... OK contiguous cavity found
  
           ------------------
           density functional
           ------------------
 Becke-3-Parameter hybrid functional: B3-LYP
 exchange:    0.8*LDA + 0.72*B88 + 0.2*HF
 correlation: 0.19*LDA(VWN) + 0.81*LYP

 iterations will be done with small grid
  
 spherical integration : Lebedev's spherical grid
 spherical gridsize    :                     3
    i.e. gridpoints    :                   302
 value for diffuse not defined
 radial integration    : Chebyshev 2nd kind (scaling 3)
 radial gridsize       :                     3
 integration cells     :                    51
 partition function    : becke
 partition sharpness   :                     3
  

 biggest AO integral is expected to be     4.738267915

          ------------------------
          nuclear repulsion energy  :   2213.31495626    
          ------------------------


         -----------------
         -S,T+V- integrals
         -----------------

 1e-integrals will be neglected if expon. factor < 0.362076E-12
 
   Difference densities algorithm switched on.
   The maximal number of linear combinations of
   difference densities is                    20 .

 DIIS switched on: error vector is FDS-SDF
 Max. Iterations for DIIS is     :   4
 DIIS matrix (see manual) 
    Scaling factor of diagonals  :  1.200
    threshold for scaling factor :  0.000

 scf convergence criterion : increment of total energy < .1000000D-06
                  and increment of one-electron energy < .1000000D-03

 MOs are in ASCII format !


    mo occupation :
   irrep   mo's   occupied
    a      865      101
 
 number of basis functions   :   865
 number of occupied orbitals :   101
 

 reading orbital data $scfmo  from file mos
 orbital characterization : expanded
 virtual MOs provided and orthogonalized by Cholesky decomposition

 automatic virtual orbital shift switched on 
      shift if e(lumo)-e(homo) < 0.10000000    

  
           ------------------------
               RI-J - INFORMATION
           ------------------------
 Contributions to RI integral batches: 
  neglected integral batches:                 24017
  direct contribution:                        16202
  memory contribution:                 28787
 Memory core needed for (P|Q) and Cholesky     22 MByte
 Memory core minimum needed except of (P|Q)     2 MByte
 Total minimum memory core needed (sum)        23 MByte
  
 ****************************************
 Memory allocated for RI-J  1889 MByte
 ****************************************
                                            

 DSCF restart information will be dumped onto file mos


 Starting SCF iterations

          Overall gridpoints after grid construction =         68711

 ITERATION  ENERGY          1e-ENERGY        2e-ENERGY     NORM[dD(SAO)]  TOL
   1  -1216.3055674684    -5995.8132110     2566.1926873    0.000D+00 0.361D-11
                            Exc = -137.522199514     Coul =  2736.32087253    
                            exK = -32.6059857269    
                              N = 202.00670642    
                          Ediel =-0.198201734083    
                            current damping = 0.300
 
          max. resid. norm for Fia-block=  3.491D-01 for orbital     77a         
          max. resid. fock norm         =  1.409D+00 for orbital    842a         

 ITERATION  ENERGY          1e-ENERGY        2e-ENERGY     NORM[dD(SAO)]  TOL
   2  -1220.6707237183    -6048.6204053     2614.6347254    0.140D+03 0.102D-11
                            Exc = -139.884859350      Eck =  2754.51958471    
                              N = 202.00496994    
                          Ediel =-0.366494040047E-01
                            current damping = 0.250
 
          Norm of current diis error:  3.2571    
          max. resid. norm for Fia-block=  1.504D-01 for orbital     94a         
          max. resid. fock norm         =  2.905D-01 for orbital    846a         

 ITERATION  ENERGY          1e-ENERGY        2e-ENERGY     NORM[dD(SAO)]  TOL
   3  -1220.8760186269    -6043.9865242     2609.7955493    0.444D+02 0.929D-12
                            Exc = -140.800794081      Eck =  2750.59634336    
                              N = 202.00398675    
                          Ediel =-0.885238433150E-01
                            current damping = 0.200
 
          Norm of current diis error:  2.7139    
          max. resid. norm for Fia-block=  9.478D-02 for orbital     95a         
          max. resid. fock norm         =  1.013D-01 for orbital     95a         

 ITERATION  ENERGY          1e-ENERGY        2e-ENERGY     NORM[dD(SAO)]  TOL
   4  -1221.3182966207    -6044.5741723     2609.9409194    0.114D+02 0.902D-12
                            Exc = -140.195305743      Eck =  2750.13622518    
                              N = 202.00398668    
                          Ediel =-0.287457717391E-01
                            current damping = 0.250
 
          Norm of current diis error: 0.84693    
          max. resid. norm for Fia-block=  2.318D-02 for orbital     89a         
          max. resid. fock norm         =  2.971D-02 for orbital     37a         
          irrep a   : virtual orbitals shifted by    0.00025

 ITERATION  ENERGY          1e-ENERGY        2e-ENERGY     NORM[dD(SAO)]  TOL
   5  -1221.3521848898    -6047.0460723     2612.3789312    0.384D+01 0.897D-12
                            Exc = -140.399947582      Eck =  2752.77887875    
                              N = 202.00383764    
                          Ediel =-0.329025195318E-01
                            current damping = 0.150
 
          Norm of current diis error: 0.31211    
          max. resid. norm for Fia-block=  1.454D-02 for orbital     30a         
          max. resid. fock norm         =  2.008D-02 for orbital     30a         
          irrep a   : virtual orbitals shifted by    0.00945
          mo-orthogonalization: Cholesky decomposition

 ITERATION  ENERGY          1e-ENERGY        2e-ENERGY     NORM[dD(SAO)]  TOL
   6  -1221.3555713496    -6047.5591859     2612.8886583    0.136D+01 0.895D-12
                            Exc = -140.464175234      Eck =  2753.35283355    
                              N = 202.00380788    
                          Ediel =-0.330550033527E-01
                            current damping = 0.100
 
          Norm of current diis error: 0.17551    
          max. resid. norm for Fia-block=  5.296D-03 for orbital     30a         
          max. resid. fock norm         =  7.952D-03 for orbital     61a         
          irrep a   : virtual orbitals shifted by    0.01519

 ITERATION  ENERGY          1e-ENERGY        2e-ENERGY     NORM[dD(SAO)]  TOL
   7  -1221.3570108169    -6046.7698274     2612.0978603    0.679D+00 0.895D-12
                            Exc = -140.416007760      Eck =  2752.51386808    
                              N = 202.00382222    
                          Ediel =-0.332674112862E-01
                            current damping = 0.150
 
          Norm of current diis error: 0.77443E-01
          max. resid. norm for Fia-block=  2.593D-03 for orbital     95a         
          max. resid. fock norm         =  3.098D-03 for orbital     48a         
          irrep a   : virtual orbitals shifted by    0.01086

 ITERATION  ENERGY          1e-ENERGY        2e-ENERGY     NORM[dD(SAO)]  TOL
   8  -1221.3573021664    -6046.9331920     2612.2609336    0.224D+00 0.894D-12
                            Exc = -140.417960075      Eck =  2752.67889367    
                              N = 202.00381753    
                          Ediel =-0.327783354587E-01
                            current damping = 0.200
 
          Norm of current diis error: 0.30971E-01
          max. resid. norm for Fia-block=  1.035D-03 for orbital     95a         
          max. resid. fock norm         =  1.216D-03 for orbital     81a         
          irrep a   : virtual orbitals shifted by    0.00690

 ITERATION  ENERGY          1e-ENERGY        2e-ENERGY     NORM[dD(SAO)]  TOL
   9  -1221.3573505116    -6047.0126740     2612.3403672    0.860D-01 0.894D-12
                            Exc = -140.424055435      Eck =  2752.76442267    
                              N = 202.00381550    
                          Ediel =-0.328650619829E-01
                            current damping = 0.100
 
          Norm of current diis error: 0.13006E-01
          max. resid. norm for Fia-block=  3.980D-04 for orbital     32a         
          max. resid. fock norm         =  5.683D-04 for orbital     32a         
          irrep a   : virtual orbitals shifted by    0.01477

 ITERATION  ENERGY          1e-ENERGY        2e-ENERGY     NORM[dD(SAO)]  TOL
  10  -1221.3573580758    -6046.9712098     2612.2988955    0.430D-01 0.894D-12
                            Exc = -140.423069245      Eck =  2752.72196475    
                              N = 202.00381599    
                          Ediel =-0.329564963011E-01
                            current damping = 0.150
 
          Norm of current diis error: 0.60615E-02
          max. resid. norm for Fia-block=  1.947D-04 for orbital     95a         
          max. resid. fock norm         =  2.578D-04 for orbital     32a         
          irrep a   : virtual orbitals shifted by    0.01091
          mo-orthogonalization: Cholesky decomposition

 ITERATION  ENERGY          1e-ENERGY        2e-ENERGY     NORM[dD(SAO)]  TOL
  11  -1221.3573598685    -6046.9810203     2612.3087042    0.220D-01 0.893D-12
                            Exc = -140.422349436      Eck =  2752.73105363    
                              N = 202.00381628    
                          Ediel =-0.328772128335E-01
                            current damping = 0.200
 
          Norm of current diis error: 0.26473E-02
          max. resid. norm for Fia-block=  9.406D-05 for orbital     95a         
          max. resid. fock norm         =  9.913D-05 for orbital     85a         
          irrep a   : virtual orbitals shifted by    0.00699

 ITERATION  ENERGY          1e-ENERGY        2e-ENERGY     NORM[dD(SAO)]  TOL
  12  -1221.3573601900    -6046.9768041     2612.3044877    0.144D-01 0.893D-12
                            Exc = -140.422681110      Eck =  2752.72716878    
                              N = 202.00381602    
                          Ediel =-0.329092728236E-01
                            current damping = 0.250
 
          Norm of current diis error: 0.12850E-02
          max. resid. norm for Fia-block=  3.908D-05 for orbital     95a         
          max. resid. fock norm         =  5.178D-05 for orbital    860a         
          irrep a   : virtual orbitals shifted by    0.00312

 ITERATION  ENERGY          1e-ENERGY        2e-ENERGY     NORM[dD(SAO)]  TOL
  13  -1221.3573602699    -6046.9795633     2612.3072468    0.816D-02 0.891D-12
                            Exc = -140.422641213      Eck =  2752.72988799    
                              N = 202.00381604    
                          Ediel =-0.328993248105E-01
                            current damping = 0.300
 
          Norm of current diis error: 0.38849E-03
          max. resid. norm for Fia-block=  1.327D-05 for orbital     91a         
          max. resid. fock norm         =  4.617D-05 for orbital    851a         

 ITERATION  ENERGY          1e-ENERGY        2e-ENERGY     NORM[dD(SAO)]  TOL
  14  -1221.3573603348    -6046.9790080     2612.3066915    0.163D+02 0.103D-11
                            Exc = -140.422668136      Eck =  2752.72935959    
                              N = 202.00381606    
                          Ediel =-0.329019431952E-01
                            current damping = 0.350
 
          Norm of current diis error: 0.13791E-03
          max. resid. norm for Fia-block=  7.387D-06 for orbital     92a         
          max. resid. fock norm         =  3.165D-04 for orbital    860a         

 ENERGY CONVERGED !

          Overall gridpoints after grid construction =        251501

 ITERATION  ENERGY          1e-ENERGY        2e-ENERGY     NORM[dD(SAO)]  TOL
  15  -1221.3556746863    -6046.9790094     2612.3083785    0.969D-01 0.103D-11
                            Exc = -140.420964699      Eck =  2752.72934320    
                              N = 201.99967535    
                          Ediel =-0.329010612604E-01
                            current damping = 0.400
 
          Norm of current diis error: 0.75646E-04
          max. resid. norm for Fia-block=  3.219D-06 for orbital     66a         
          max. resid. fock norm         =  2.121D-04 for orbital    860a         

 End of SCF iterations

   convergence criteria satisfied after    15 iterations


   *************************************************************************
   tcf1-b3                                                                  
   *************************************************************************


                  ------------------------------------------ 
                 |  total energy      =  -1221.35567468632  |
                  ------------------------------------------ 
                 :  kinetic energy    =   1214.17281575908  :
                 :  potential energy  =  -2435.52849044541  :
                 :  virial theorem    =      1.99411894579  :
                 :  wavefunction norm =      1.00000000000  :
                  .......................................... 


 <geterg> : there is no data group $energy 


 <skperg> : $end is missing 


 orbitals $scfmo  will be written to file mos

    irrep                 97a         98a         99a        100a        101a   
 eigenvalues H         -0.28770    -0.27150    -0.25583    -0.23295    -0.19632
            eV          -7.8289     -7.3880     -6.9616     -6.3389     -5.3422
 occupation              2.0000      2.0000      2.0000      2.0000      2.0000

    irrep                102a        103a        104a        105a        106a   
 eigenvalues H         -0.11882    -0.05896    -0.03508    -0.02603    -0.01853
            eV          -3.2333     -1.6043     -0.9545     -0.7084     -0.5043
 
 ==============================================================================
                                  COSMO RESULTS
 ==============================================================================
  PARAMETER:
    nppa:      1082
    nspa:        92
    nsph:        32
    nps:       1925
    npspher:    801
    disex:   10.0000    
    disex2:  4458.91    
    rsolv [A]: 1.3000
    routf:     0.8500
    phsran:    0.0    
    ampran:   0.10E-04
    cavity:  closed
    epsilon:     4.800
    refind:     1.300
    fepsi:      0.7169811
  CAVITY VOLUME/AREA [a.u.]:
    surface: V1.0, A matrix: V1.0
    area:  1612.18
    volume:  3337.44
  SCREENING CHARGE:
    cosmo      :  -0.053996
    correction :   0.052565
    total      :  -0.001430
  ENERGIES [a.u.]:
    Total energy            =   -1221.3556746863237
    Total energy + OC corr. =    -1221.3555807999
    Dielectric energy       =       -0.0329010613
    Diel. energy + OC corr. =       -0.0328071748
  ELEMENT RADIUS [A]: ATOM LIST
    o  1.72: 1
    n  1.83: 2-5
    c  2.00: 6-15,17,19,20,22,24,28,32,34,36,38,40,42,44,48
    h  1.30: 16,18,21,23,25-27,29-31,33,35,37,39,41,43,45-47,49-51
 ==============================================================================
 
 
 
 ==============================================================================
                           electrostatic moments
 ==============================================================================

 reference point for electrostatic moments:    0.00000   0.00000   0.00000

 
              nuc           elec       ->  total
 ------------------------------------------------------------------------------
                          charge      
 ------------------------------------------------------------------------------
         202.000000    -202.000000       0.000000
 
 ------------------------------------------------------------------------------
                       dipole moment  
 ------------------------------------------------------------------------------
   x      43.834278     -40.770971       3.063307
   y     -20.552540      19.729165      -0.823375
   z    1366.219035   -1354.604821      11.614214
 
   | dipole moment | =    12.0396 a.u. =    30.6016 debye 
 
 ------------------------------------------------------------------------------
                     quadrupole moment
 ------------------------------------------------------------------------------
  xx    1531.819488   -1673.597411    -141.777923
  yy     237.789211    -368.952564    -131.163353
  zz   37179.383479  -37190.313049     -10.929571
  xy    -368.855613     371.462082       2.606469
  xz    1193.519242   -1198.445489      -4.926247
  yz    -380.021812     381.799737       1.777924
 
     1/3  trace=     -94.623615
     anisotropy=     126.284319
 
 ==============================================================================
 
HOMO-LUMO Separation
 HOMO         :   -0.19632046 H =     -5.34215 eV
 LUMO         :   -0.11882202 H =     -3.23331 eV
 HOMO-LUMO gap:    0.07749844 H =     +2.10884 eV
 
 ==============================================================================


    ------------------------------------------------------------------------
         total  cpu-time :  1 hours 31 minutes and  3 seconds
         total wall-time :  1 hours 31 minutes and 16 seconds
    ------------------------------------------------------------------------

   ****  ridft : all done  ****


    2025-03-21 15:34:49.471 

