
 eiger (nano26.int-nano.int.kit.edu) : TURBOMOLE rev. V7-6 19 Oct 2021 at 10:10:11 compiled Oct 19th 2021
 Copyright (C) 2021 TURBOMOLE GmbH, Karlsruhe


    2025-06-27 18:06:03.393 

 mp2                                                                            
  
Total energy =  -1043.9764545650 H =    -28408.0463010 eV
 
 HOMO-LUMO Separation
   HOMO:    82.    82 a     -0.26120804 H =     -7.10783 eV
   LUMO:    83.    83 a     +0.00786025 H =     +0.21389 eV
   Gap :                    +0.26906829 H =     +7.32172 eV
 
Number of MOs=    669, Electrons=    164.00, Symmetry: c1   
 
   Nr.   Orbital    Occupation       Energy
   99.    99 a                     +0.090855 H =        +2.472 eV
   98.    98 a                     +0.088000 H =        +2.395 eV
   97.    97 a                     +0.085774 H =        +2.334 eV
   96.    96 a                     +0.078594 H =        +2.139 eV
   95.    95 a                     +0.076730 H =        +2.088 eV
   94.    94 a                     +0.070634 H =        +1.922 eV
   93.    93 a                     +0.066382 H =        +1.806 eV
   92.    92 a                     +0.059909 H =        +1.630 eV
   91.    91 a                     +0.057144 H =        +1.555 eV
   90.    90 a                     +0.055319 H =        +1.505 eV
   89.    89 a                     +0.050300 H =        +1.369 eV
   88.    88 a                     +0.044342 H =        +1.207 eV
   87.    87 a                     +0.040225 H =        +1.095 eV
   86.    86 a                     +0.031987 H =        +0.870 eV
   85.    85 a                     +0.029705 H =        +0.808 eV
   84.    84 a                     +0.020103 H =        +0.547 eV
   83.    83 a                     +0.007860 H =        +0.214 eV
   82.    82 a        2.000        -0.261208 H =        -7.108 eV
   81.    81 a        2.000        -0.314246 H =        -8.551 eV
   80.    80 a        2.000        -0.337811 H =        -9.192 eV
   79.    79 a        2.000        -0.360061 H =        -9.798 eV
   78.    78 a        2.000        -0.393358 H =       -10.704 eV
   77.    77 a        2.000        -0.408786 H =       -11.124 eV
   76.    76 a        2.000        -0.444238 H =       -12.088 eV
   75.    75 a        2.000        -0.456042 H =       -12.410 eV
   74.    74 a        2.000        -0.477615 H =       -12.997 eV
   73.    73 a        2.000        -0.481608 H =       -13.105 eV
   72.    72 a        2.000        -0.484090 H =       -13.173 eV
   71.    71 a        2.000        -0.486199 H =       -13.230 eV
   70.    70 a        2.000        -0.496264 H =       -13.504 eV
   69.    69 a        2.000        -0.517517 H =       -14.082 eV
   68.    68 a        2.000        -0.523545 H =       -14.246 eV
   67.    67 a        2.000        -0.545737 H =       -14.850 eV


    ------------------------------------------------------------------------
         total  cpu-time :   0.25 seconds
         total wall-time :   0.27 seconds
    ------------------------------------------------------------------------

   ****  eiger : all done  ****


    2025-06-27 18:06:03.641 

