
 ricc2 (nano26.int-nano.int.kit.edu) : TURBOMOLE rev. V7-6 19 Oct 2021 at 10:10:11 compiled Oct 19th 2021
 Copyright (C) 2021 TURBOMOLE GmbH, Karlsruhe


    2025-06-27 18:06:03.667 



                              R I C C 2 - PROGRAM

                          the quantum chemistry groups
                             at the universities in
                               Karlsruhe & Bochum
                                   Germany



   *-----------------------------------------------------------------------*
   |                     program will use  1 thread(s)                     |
   *-----------------------------------------------------------------------*


              +--------------------------------------------------+
              | Atomic coordinate, charge and isotop information |
              +--------------------------------------------------+

                    atomic coordinates            atom    charge  isotop
        -13.42747215    5.17616736   -0.49692604    c      6.000     0
        -11.04204706    6.37669451   -0.50378335    c      6.000     0
         -8.81504838    5.02918493   -0.27735445    c      6.000     0
         -8.84712625    2.37523774   -0.02392208    c      6.000     0
         -6.56572634    0.93877275    0.19678805    c      6.000     0
         -6.61224448   -1.63092780    0.44484466    c      6.000     0
         -8.94464776   -3.01844354    0.51192802    c      6.000     0
         -9.01860871   -5.70546336    0.78527488    c      6.000     0
        -11.40081916   -6.90415067    0.80106304    c      6.000     0
        -13.63655023   -5.56224696    0.52937107    c      6.000     0
        -13.62219841   -2.91603503    0.26482223    c      6.000     0
        -15.90094862   -1.47986499    0.01878636    c      6.000     0
        -15.86478841    1.08975178   -0.22157497    c      6.000     0
        -13.53281835    2.48397073   -0.24364185    c      6.000     0
        -11.21784713    1.08018221   -0.00020342    c      6.000     0
        -11.25598077   -1.61890147    0.26285961    c      6.000     0
        -15.73174256    6.65815967   -0.74528627    c      6.000     0
         -6.69441080   -7.18415352    1.07119875    c      6.000     0
        -15.92742752    9.18475989   -0.99257512    c      6.000     0
         -6.43501200   -9.64064066    0.45394004    c      6.000     0
         -4.24369978  -10.89795557    0.85518074    o      8.000     0
        -18.39704239   10.36565043   -1.22197841    n      7.000     0
        -18.39265240   12.67226375   -1.43975182    o      8.000     0
        -20.29959735    9.04728019   -1.18892278    o      8.000     0
        -10.94485355    8.42836044   -0.69622515    h      1.000     0
         -7.00082961    6.01683193   -0.29477281    h      1.000     0
         -4.76144252    1.94458842    0.15271418    h      1.000     0
         -4.82724780   -2.65096698    0.57744200    h      1.000     0
        -11.49575972   -8.94431167    1.09916470    h      1.000     0
        -15.44637206   -6.55948013    0.56286290    h      1.000     0
        -17.70527573   -2.48756926    0.02695594    h      1.000     0
        -17.65721534    2.08660274   -0.40188404    h      1.000     0
        -17.54751823    5.68111952   -0.73881247    h      1.000     0
         -5.01101391   -6.26251279    1.83364430    h      1.000     0
        -14.41740156   10.57834913   -1.05179210    h      1.000     0
         -7.97051832  -10.72669025   -0.41712657    h      1.000     0
         -4.36222499  -12.58665212    0.17885153    h      1.000     0
 
       center of nuclear mass  :  -11.99154708    0.75935214   -0.07168741
       center of nuclear charge:  -11.94131315    0.68318445   -0.06644587

   *************************************************************************
   mp2                                                                      
   *************************************************************************



              +--------------------------------------------------+
              |               basis set information              |
              +--------------------------------------------------+

              we will work with the 1s 3p 5d 7f 9g ... basis set
              ...i.e. with spherical basis functions...

   type   atoms  prim   cont   basis
   ---------------------------------------------------------------------------
    c       20     43     23   aug-cc-pVDZ   [4s3p2d|18s5p2d]
    o        3     43     23   aug-cc-pVDZ   [4s3p2d|18s5p2d]
    n        1     43     23   aug-cc-pVDZ   [4s3p2d|18s5p2d]
    h       13     11      9   aug-cc-pVDZ   [3s2p|5s2p]
   ---------------------------------------------------------------------------
   total:   37   1175    669
   ---------------------------------------------------------------------------

   total number of primitive shells          :   82
   total number of contracted shells         :  281
   total number of cartesian basis functions :  717
   total number of SCF-basis functions       :  669


 symmetry group of the molecule :   c1 

 the group has the following generators :
   c1(z)

    1 symmetry operations found

 there are 1 real representations :   a   
WARNING: an $rij but no $rik flag found
WARNING: $rij is ignored by ricc2!


   =========================================================================


     restricted closed shell calculation for the wavefunction models:
               MP2        - Second Order Moeller Plesset PT


     global parameters for ricc2 program:

        hard restart (reuse of interm.) :  disabled
        soft restart (reuse of vectors) :  disabled
        threshold for vector function   :    0.100000E-05
        convergence threshold energy    :    0.100000E-06
        linear dependence threshold     :    0.100000E-13
        global print level              :      1
        maximum number of iterations    :   500
        maximum number DIIS vectors     :    10
        max. dim. of reduced space      :   100
        core memory limit (MB)          :   500


     MP2 energy only: Energy will be calculated directly from T2 amplitudes!

     Scratch Directory : 


   =========================================================================

    der. integral neglect threshold  :  0.10E-07
    integral neglect threshold       :  0.46E-11
    integral storage threshold THIZE :  0.10E-04
    integral storage threshold THIME :         5


                  +------------------------------------------+
                  |     Auxiliary basis set information      |
                  +------------------------------------------+

              assign orbital basis set names as defaults
              read basis sets from /shared/software/chem/TURBOMOLE/TURBOMOLE-V7.6/cbasen/
              (basis sets have been saved in file auxbasis)

              we will work with the 1s 3p 5d 7f 9g ... basis set
              ...i.e. with spherical basis functions...

   type   atoms  prim   cont   basis
   ---------------------------------------------------------------------------
    c       20     72     72   aug-cc-pVDZ   [8s6p5d3f|8s6p5d3f]
    o        3     72     72   aug-cc-pVDZ   [8s6p5d3f|8s6p5d3f]
    n        1     72     72   aug-cc-pVDZ   [8s6p5d3f|8s6p5d3f]
    h       13     23     23   aug-cc-pVDZ   [4s3p2d|4s3p2d]
   ---------------------------------------------------------------------------
   total:   37   2027   2027
   ---------------------------------------------------------------------------

   total number of primitive shells          :   75
   total number of contracted shells         :  645
   total number of cartesian basis functions : 2389
   total number of SCF-basis functions       : 2027


 maximum number of shells which are related by symmetry :  1


 The symmetry information takes   1 MB

*---------------------------------------------------------------------*
|               simplified C1 algorithm will be applied               |
*---------------------------------------------------------------------*
  MOs are in ASCII format !


 reading orbital data $scfmo  from file mos
 orbital characterization : scfconv=7
 all orbitals will be active in the correlation treatment


   Molecular Orbital Statistic:
   ============================

   -----------------------------
   orbitals in total:
   -----------------------------
    frozen occupied :      0
    active occupied :     82
    active virtual  :    587
    frozen virtual  :      0
    all together    :    669
   -----------------------------


     time in riccmos       cpu:  0.31 sec    wall:  1.76 sec    ratio:  0.2

     total memory allocated for calculation of (Q|P)**(-1/2) : 48 MiB


     calculation of (P|Q) ...
     time in lp2sym        cpu:  0.15 sec    wall:  0.17 sec    ratio:  0.9


     calculation of the Cholesky decomposition of (P|Q)**(-1) ...
     time in invmetri      cpu:  0.37 sec    wall:  2.08 sec    ratio:  0.2

   threshold for RMS(d[D]) in SCF was     :  0.10E-06
   integral neglect threshold             :  0.46E-11
   derivative integral neglect threshold  :  0.10E-07


 setting up bound for integral derivative estimation

 increment for numerical differentiation : 0.00050000

   =========================================================================

     Energy of reference wave function is -1043.9764545650000
     Maximum orbital residual is           0.2326123111645E-03


     Number of symmetry-nonredundant auxiliary basis functions:     2027

     Block lengths for integral files:
        frozen occupied (BOI):        0 MiB
        active occupied (BJI):        2 MiB
        active virtual  (BAI):       10 MiB
        frozen virtual  (BGI):        0 MiB
               general  (BTI):       11 MiB

   =========================================================================




   **************************************************************************
   *                                                                        *
   *          OPTIMIZATION OF THE GROUND STATE CLUSTER AMPLITUDES           *
   *                                                                        *
   **************************************************************************


   Iter.   MP2 energy       Norm(Omega)   Norm(t1)  Norm(t2)     cpu    wall
   ...........................................................................
    1  -1047.5156931190     ------          0.00000   0.67344    2.11    2.12
   ...........................................................................


     time in total         cpu:  2 min  6 s  wall:  2 min  7 s  ratio:  1.0


     **********************************************************************
     *                                                                    *
     *   RHF  energy                             :  -1043.9764545650      *
     *   MP2 correlation energy (doubles)        :     -3.5392385540      *
     *                                                                    *
     *   Final MP2 energy                        :  -1047.5156931190      *
     *                                                                    *
     *    E(S)   =     -2.0615961316      E(T)   =     -1.4776424225      *
     *    E(OS)  =     -2.5541436057      E(SS)  =     -0.9850949483      *
     *                                                                    *
     *   SCS-MP2 energy                          :  -1047.3697918746      *
     *   (computed with  C(OS) =   1.2000  and  C(SS) =   0.3333)         *
     *                                                                    *
     *   SOS-MP2 energy                          :  -1047.2968412524      *
     *   (computed with  C(OS) =   1.3000)                                *
     *                                                                    *
     *   Norm of MP1 T2 amplitudes               :      0.6734356158      *
     *                                                                    *
     **********************************************************************



    ------------------------------------------------------------------------
         total  cpu-time :  2 minutes and 58 seconds
         total wall-time :  5 minutes and  6 seconds
    ------------------------------------------------------------------------

   ****  ricc2 : all done  ****


    2025-06-27 18:11:09.935 

 ricc2 ended normally
