
 ridft (nano17.int-nano.int.kit.edu) : TURBOMOLE rev. V7-6 19 Oct 2021 at 10:10:11 compiled Oct 19th 2021
 Copyright (C) 2021 TURBOMOLE GmbH, Karlsruhe


    2025-03-22 14:08:29.421 



                                  r i d f t

                        DFT program with RI approximation 
                                for coulomb part 




                                                 
                                 References:     
                                                 
          TURBOMOLE:                             
              R. Ahlrichs, M. Baer, M. Haeser, H. Horn, and
              C. Koelmel
              Electronic structure calculations on workstation
              computers: the program system TURBOMOLE
              Chem. Phys. Lett. 162: 165 (1989)
          Density Functional:                              
              O. Treutler and R. Ahlrichs                      
              Efficient Molecular Numerical Integration Schemes
              J. Chem. Phys. 102: 346 (1995)                   
          Parallel Version:                                
              Performance of parallel TURBOMOLE for Density    
              Functional Calculations                          
              M. v. Arnim and R. Ahlrichs                      
              J. Comp. Chem. 19: 1746 (1998)                   
          RI-J Method:                                     
              Auxiliary Basis Sets to approximate Coulomb      
              Potentials                                       
              Chem. Phys. Lett. 240: 283 (1995)                
              K. Eichkorn, O. Treutler, H. Oehm, M. Haeser     
              and R. Ahlrichs                                  
              Chem. Phys. Lett. 242: 652 (1995)                
                                                           
              Auxiliary Basis Sets for Main Row Atoms and their
              Use to approximate Coulomb Potentials            
              K. Eichkorn, F. Weigend, O. Treutler and         
              R. Ahlrichs                                      
              Theo. Chem. Acc. 97: 119 (1997)                   
                                                           
              Accurate Coulomb-fitting basis sets for H to Rn 
              F. Weigend                                        
              Phys. Chem. Chem. Phys. 8: 1057 (2006)            
                                                           
          Multipole accelerated RI-J (MARI-J):             
              Fast evaluation of the Coulomb potential for     
              electron densities using multipole accelerated   
              resolution of identity approximation             
              M. Sierka, A. Hogekamp and R. Ahlrichs           
              J. Chem. Phys. 118: 9136 (2003)                  
          RI-JK Method:                                     
              A fully direct RI-HF algorithm: Implementation,
              optimised auxiliary basis sets, demonstration of
              accuracy and efficiency                         
              F. Weigend                                      
              Phys. Chem. Chem. Phys. 4: 4285 (2002)           
          Two-component HF and DFT with spin-orbit coupling:  
              Self-consistent treatment of spin-orbit         
              interactions with efficient Hartree-Fock and    
              density functional methods                      
              M. K. Armbruster, F. Weigend, C. van Wüllen and 
              W. Klopper                                      
              Phys. Chem. Chem. Phys. 10: 1748 (2008)         
          Two-component difference density and DIIS algorithm 
              Efficient two-component self-consistent field   
              procedures and gradients: implementation in     
              TURBOMOLE and application to Au20-              
              A. Baldes, F. Weigend                           
              Mol. Phys. 111: 2617 (2013)                     
          Relativistic all-electron 2c calculations           
              An efficient implementation of two-component    
              relativistic exact-decoupling methods for large 
              molecules                                       
              D. Peng, N. Middendorf, F. Weigend, M. Reiher   
              J. Chem. Phys. 138: 184105 (2013)               
          Finite nucleus model and SNSO approximation         
              Efficient implementation of one- and two-       
              component analytical energy gradients in exact  
              two-component theory                            
              Y. J. Franzke, N. Middendorf, F. Weigend        
              J. Chem. Phys. 148: 104110 (2018)               
          Grids for all-electron relativistic methods         
              Error-consistent segmented contracted all-      
              electron relativistic basis sets of double-     
              and triple-zeta quality for NMR shielding       
              constants                                       
              Y. J. Franzke, R. Tress, T. M. Pazdera,         
              F. Weigend                                      
              Phys. Chem. Chem. Phys. 21: 166658 (2019)       
          Seminumerical exchange algorithms                   
              Seminumerical calculation of the Hartree-Fock   
              exchange matirx: Application to two-component   
              procedures and efficient evaluation of local    
              hybrid functionsl                               
               P. Plessow, F. Weigend,                        
              J. Comput. Chem. 33: 810 (2012)                 
          Improved seminumerical algorithms                   
              C. Holzer,                                      
              J. Chem. Phys. 153 (2020), 184115               
                                         




              +--------------------------------------------------+
              |      general information about current run       |
              +--------------------------------------------------+

 
 PBE0 hybrid functional
 exchange:    3/4 (LDA+PBE) + 1/4 HF
 correlation: LDA (PW) + PBE
 A Hybrid-DFT calculation using the RI-J approximation will be carried out.
 Allocatable memory for RI due to $ricore (MB):                  2000

   *************************************************************************
   pbe0                                                                     
   *************************************************************************




              +--------------------------------------------------+
              | Atomic coordinate, charge and isotop information |
              +--------------------------------------------------+

                    atomic coordinates            atom    charge  isotop
          0.30210277   -3.38629397    3.18114682    c      6.000     0
         -0.07889796    0.88169632    4.57272923    c      6.000     0
         -0.01765136    0.20288402    7.05626607    c      6.000     0
          0.37618986   -4.21790650    5.75311566    c      6.000     0
          0.21184699   -2.38287416    7.83980548    c      6.000     0
          0.27557347   -3.10916715   10.37559118    c      6.000     0
          0.13597298   -1.49786571   12.49879882    c      6.000     0
         -0.25221400    2.87870673   21.96317672    c      6.000     0
          0.00193584    0.01264321   21.78938409    c      6.000     0
          0.08248881   -0.91626130   24.25194063    c      6.000     0
         -0.10449826    1.18321157   25.98832587    c      6.000     0
         -0.11622496    1.27266233   28.60469270    c      6.000     0
         -0.00210289    0.00808671   -0.03706282    c      6.000     0
          0.07099172   -0.80995778    2.62482978    n      7.000     0
          2.04289372    4.31186066   20.92892205    c      6.000     0
         -2.76468519    3.88424588   20.92889598    c      6.000     0
         -0.29308934    3.33995694   24.67899190    o      8.000     0
          0.31316447   -3.52334523   24.85523569    c      6.000     0
          0.07444671   -0.93546413   30.14253424    c      6.000     0
         -0.33088972    3.65986377   29.85193159    c      6.000     0
          0.50534036   -5.68984196   25.16633186    n      7.000     0
          0.22363302   -2.68067081   31.46973293    n      7.000     0
         -0.50541065    5.58851296   30.89072840    n      7.000     0
          0.20669352   -2.31917432   14.98029400    c      6.000     0
          0.06534578   -0.68553462   17.09365164    c      6.000     0
          0.13438485   -1.49158143   19.57723667    c      6.000     0
         -0.25539025    2.83993484   -0.47798506    c      6.000     0
          0.46386691   -5.18297962    1.21053871    c      6.000     0
          0.69395335   -7.74432065    1.73564579    c      6.000     0
          0.76930656   -8.58615093    4.24403934    c      6.000     0
          0.61219945   -6.84030685    6.19331602    c      6.000     0
         -0.25500078    2.85971366    4.04343678    h      1.000     0
         -0.15108833    1.70949614    8.45226837    h      1.000     0
          0.45062900   -5.11757166   10.81069892    h      1.000     0
         -0.04020222    0.54432522   12.19712975    h      1.000     0
          1.73655664   -0.67206844   -0.96561055    h      1.000     0
         -1.59251265   -0.96961205   -0.96557522    h      1.000     0
          2.16956792    4.13882525   18.86270364    h      1.000     0
          1.87731932    6.32510911   21.42165170    h      1.000     0
          3.79908348    3.57200624   21.75891358    h      1.000     0
         -2.85872382    3.69197154   18.86247290    h      1.000     0
         -4.36300346    2.84645345   21.75934784    h      1.000     0
         -2.95725962    5.89516921   21.42141152    h      1.000     0
          0.38181142   -4.35087860   15.34775295    h      1.000     0
         -0.10903909    1.33557717   16.68084551    h      1.000     0
          0.31135770   -3.52739283   19.90971698    h      1.000     0
         -0.28519728    3.17115149   -2.53085540    h      1.000     0
         -2.02269122    3.61355281    0.29996662    h      1.000     0
          1.34703930    3.91547360    0.29902214    h      1.000     0
          0.41081758   -4.58747438   -0.75628691    h      1.000     0
          0.81542004   -9.09330788    0.17655995    h      1.000     0
          0.95017848  -10.59771223    4.66954009    h      1.000     0
          0.67423746   -7.52631731    8.13338124    h      1.000     0
 
       center of nuclear mass  :    0.08324281   -0.93550461   15.41118233
       center of nuclear charge:    0.07965110   -0.89415019   15.13548968

              +--------------------------------------------------+
              |               basis set information              |
              +--------------------------------------------------+

              we will work with the 1s 3p 5d 7f 9g ... basis set
              ...i.e. with spherical basis functions...

   type   atoms  prim   cont   basis
   ---------------------------------------------------------------------------
    c       26     43     23   aug-cc-pVDZ   [4s3p2d|18s5p2d]
    n        4     43     23   aug-cc-pVDZ   [4s3p2d|18s5p2d]
    o        1     43     23   aug-cc-pVDZ   [4s3p2d|18s5p2d]
    h       22     11      9   aug-cc-pVDZ   [3s2p|5s2p]
   ---------------------------------------------------------------------------
   total:   53   1575    911
   ---------------------------------------------------------------------------

   total number of primitive shells          :   82
   total number of contracted shells         :  389
   total number of cartesian basis functions :  973
   total number of SCF-basis functions       :  911


 integral neglect threshold       :  0.34E-11
 integral storage threshold THIZE :  0.10E-04
 integral storage threshold THIME :         5

 RI-J AUXILIARY BASIS SET information:

              we will work with the 1s 3p 5d 7f 9g ... basis set
              ...i.e. with spherical basis functions...

   type   atoms  prim   cont   basis
   ---------------------------------------------------------------------------
    c       26     70     49   aug-cc-pVDZ   [6s4p3d1f1g|12s5p4d2f1g]
    n        4     70     49   aug-cc-pVDZ   [6s4p3d1f1g|12s5p4d2f1g]
    o        1     70     49   aug-cc-pVDZ   [6s4p3d1f1g|12s5p4d2f1g]
    h       22     16     11   aug-cc-pVDZ   [3s1p1d|5s2p1d]
   ---------------------------------------------------------------------------
   total:   53   2522   1761
   ---------------------------------------------------------------------------

   total number of primitive shells          :   80
   total number of contracted shells         :  575
   total number of cartesian basis functions : 2155
   total number of SCF-basis functions       : 1761


 symmetry group of the molecule :   c1 

 the group has the following generators :
   c1(z)

    1 symmetry operations found

 there are 1 real representations :   a   

 maximum number of shells which are related by symmetry :  1

 ==============================================================================
                      COSMO switched on
 ==============================================================================
 COSMO stati: segments per atom: H   32 other atoms   92
 COSMO statistics: nps   1997 npspher:    816
 COSMO surface:
   number of segments: 1997
   area (bohr**2):     1644.179173
   volume (bohr**3):   3439.152393
 COSMO: check number of disjunct cavities:

       ... OK contiguous cavity found
  
           ------------------
           density functional
           ------------------
 PBE0 hybrid functional
 exchange:    3/4 (LDA+PBE) + 1/4 HF
 correlation: LDA (PW) + PBE

 iterations will be done with small grid
  
 spherical integration : Lebedev's spherical grid
 spherical gridsize    :                     3
    i.e. gridpoints    :                   302
 value for diffuse not defined
 radial integration    : Chebyshev 2nd kind (scaling 3)
 radial gridsize       :                     3
 integration cells     :                    53
 partition function    : becke
 partition sharpness   :                     3
  

 biggest AO integral is expected to be     4.738267915

          ------------------------
          nuclear repulsion energy  :   2508.36349417    
          ------------------------


         -----------------
         -S,T+V- integrals
         -----------------

 1e-integrals will be neglected if expon. factor < 0.343470E-12
 
   Difference densities algorithm switched on.
   The maximal number of linear combinations of
   difference densities is                    20 .

 DIIS switched on: error vector is FDS-SDF
 Max. Iterations for DIIS is     :   4
 DIIS matrix (see manual) 
    Scaling factor of diagonals  :  1.200
    threshold for scaling factor :  0.000

 scf convergence criterion : increment of total energy < .1000000D-06
                  and increment of one-electron energy < .1000000D-03

 MOs are in ASCII format !


    mo occupation :
   irrep   mo's   occupied
    a      911      107
 
 number of basis functions   :   911
 number of occupied orbitals :   107
 

 reading orbital data $scfmo  from file mos
 orbital characterization : expanded
 virtual MOs provided and orthogonalized by Cholesky decomposition

 automatic virtual orbital shift switched on 
      shift if e(lumo)-e(homo) < 0.10000000    

  
           ------------------------
               RI-J - INFORMATION
           ------------------------
 Contributions to RI integral batches: 
  neglected integral batches:                 24352
  direct contribution:                        23300
  memory contribution:                 28203
 Memory core needed for (P|Q) and Cholesky     24 MByte
 Memory core minimum needed except of (P|Q)     2 MByte
 Total minimum memory core needed (sum)        26 MByte
  
 ****************************************
 Memory allocated for RI-J  1729 MByte
 ****************************************
                                            

 DSCF restart information will be dumped onto file mos


 Starting SCF iterations

          Overall gridpoints after grid construction =         71974

 ITERATION  ENERGY          1e-ENERGY        2e-ENERGY     NORM[dD(SAO)]  TOL
   1  -1291.7085744058    -6682.4444518     2882.3723832    0.000D+00 0.343D-11
                            Exc = -136.821190007     Coul =  3062.49097515    
                            exK = -43.2974019420    
                              N = 214.01362252    
                          Ediel =-0.205938179246    
                            current damping = 0.300
 
          max. resid. norm for Fia-block=  3.621D-01 for orbital     93a         
          max. resid. fock norm         =  1.315D+00 for orbital    880a         

 ITERATION  ENERGY          1e-ENERGY        2e-ENERGY     NORM[dD(SAO)]  TOL
   2  -1296.1587918906    -6736.9853026     2932.4630165    0.156D+03 0.911D-12
                            Exc = -138.952509303      Eck =  3071.41552581    
                              N = 214.00923811    
                          Ediel =-0.487148893256E-01
                            current damping = 0.250
 
          Norm of current diis error:  3.2692    
          max. resid. norm for Fia-block=  1.621D-01 for orbital     39a         
          max. resid. fock norm         =  3.035D-01 for orbital    890a         

 ITERATION  ENERGY          1e-ENERGY        2e-ENERGY     NORM[dD(SAO)]  TOL
   3  -1296.3685312925    -6733.6887710     2928.9567455    0.425D+02 0.823D-12
                            Exc = -139.817879910      Eck =  3068.77462541    
                              N = 214.00802229    
                          Ediel =-0.921543291150E-01
                            current damping = 0.200
 
          Norm of current diis error:  2.6393    
          max. resid. norm for Fia-block=  9.259D-02 for orbital    101a         
          max. resid. fock norm         =  1.027D-01 for orbital    101a         

 ITERATION  ENERGY          1e-ENERGY        2e-ENERGY     NORM[dD(SAO)]  TOL
   4  -1296.7907785466    -6735.2031114     2930.0488387    0.128D+02 0.801D-12
                            Exc = -139.347237690      Eck =  3069.39607635    
                              N = 214.00793078    
                          Ediel =-0.372053227684E-01
                            current damping = 0.250
 
          Norm of current diis error: 0.77831    
          max. resid. norm for Fia-block=  2.317D-02 for orbital     96a         
          max. resid. fock norm         =  2.980D-02 for orbital     40a         

 ITERATION  ENERGY          1e-ENERGY        2e-ENERGY     NORM[dD(SAO)]  TOL
   5  -1296.8200168427    -6737.5880301     2932.4045191    0.413D+01 0.795D-12
                            Exc = -139.520809272      Eck =  3071.92532833    
                              N = 214.00771933    
                          Ediel =-0.395587200860E-01
                            current damping = 0.150
 
          Norm of current diis error: 0.27792    
          max. resid. norm for Fia-block=  1.341D-02 for orbital     32a         
          max. resid. fock norm         =  1.870D-02 for orbital     32a         
          irrep a   : virtual orbitals shifted by    0.00090
          mo-orthogonalization: Cholesky decomposition

 ITERATION  ENERGY          1e-ENERGY        2e-ENERGY     NORM[dD(SAO)]  TOL
   6  -1296.8229493949    -6737.7971195     2932.6106759    0.134D+01 0.794D-12
                            Exc = -139.561651540      Eck =  3072.17232745    
                              N = 214.00768641    
                          Ediel =-0.395741978949E-01
                            current damping = 0.100
 
          Norm of current diis error: 0.14385    
          max. resid. norm for Fia-block=  4.623D-03 for orbital     32a         
          max. resid. fock norm         =  6.994D-03 for orbital     65a         
          irrep a   : virtual orbitals shifted by    0.00630

 ITERATION  ENERGY          1e-ENERGY        2e-ENERGY     NORM[dD(SAO)]  TOL
   7  -1296.8238799930    -6737.2590397     2932.0716656    0.715D+00 0.794D-12
                            Exc = -139.530714000      Eck =  3071.60237958    
                              N = 214.00769783    
                          Ediel =-0.396157198780E-01
                            current damping = 0.150
 
          Norm of current diis error: 0.67743E-01
          max. resid. norm for Fia-block=  2.202D-03 for orbital    101a         
          max. resid. fock norm         =  2.498D-03 for orbital     86a         
          irrep a   : virtual orbitals shifted by    0.00223

 ITERATION  ENERGY          1e-ENERGY        2e-ENERGY     NORM[dD(SAO)]  TOL
   8  -1296.8241090554    -6737.4032588     2932.2156556    0.219D+00 0.793D-12
                            Exc = -139.532268455      Eck =  3071.74792404    
                              N = 214.00769725    
                          Ediel =-0.390951391524E-01
                            current damping = 0.200
 
          Norm of current diis error: 0.25708E-01
          max. resid. norm for Fia-block=  8.440D-04 for orbital    101a         
          max. resid. fock norm         =  1.028D-03 for orbital     87a         

 ITERATION  ENERGY          1e-ENERGY        2e-ENERGY     NORM[dD(SAO)]  TOL
   9  -1296.8241423646    -6737.4490530     2932.2614164    0.812D-01 0.793D-12
                            Exc = -139.536920511      Eck =  3071.79833696    
                              N = 214.00769450    
                          Ediel =-0.391929473350E-01
                            current damping = 0.100
 
          Norm of current diis error: 0.10635E-01
          max. resid. norm for Fia-block=  3.045D-04 for orbital     99a         
          max. resid. fock norm         =  5.119D-04 for orbital     43a         
          irrep a   : virtual orbitals shifted by    0.00635

 ITERATION  ENERGY          1e-ENERGY        2e-ENERGY     NORM[dD(SAO)]  TOL
  10  -1296.8241478206    -6737.4285825     2932.2409405    0.408D-01 0.793D-12
                            Exc = -139.535718118      Eck =  3071.77665864    
                              N = 214.00769507    
                          Ediel =-0.391977308272E-01
                            current damping = 0.150
 
          Norm of current diis error: 0.43829E-02
          max. resid. norm for Fia-block=  1.155D-04 for orbital     99a         
          max. resid. fock norm         =  1.958D-04 for orbital     43a         
          irrep a   : virtual orbitals shifted by    0.00213
          mo-orthogonalization: Cholesky decomposition

 ITERATION  ENERGY          1e-ENERGY        2e-ENERGY     NORM[dD(SAO)]  TOL
  11  -1296.8241488616    -6737.4283187     2932.2406757    0.324D-01 0.792D-12
                            Exc = -139.535578046      Eck =  3071.77625372    
                              N = 214.00769549    
                          Ediel =-0.391675745516E-01
                            current damping = 0.100
 
          Norm of current diis error: 0.13532E-02
          max. resid. norm for Fia-block=  4.893D-05 for orbital     99a         
          max. resid. fock norm         =  6.470D-05 for orbital    894a         
          irrep a   : virtual orbitals shifted by    0.00637

 ITERATION  ENERGY          1e-ENERGY        2e-ENERGY     NORM[dD(SAO)]  TOL
  12  -1296.8241490925    -6737.4299031     2932.2422598    0.293D+02 0.976D-12
                            Exc = -139.535676491      Eck =  3071.77793629    
                              N = 214.00769544    
                          Ediel =-0.391602816990E-01
                            current damping = 0.150
 
          Norm of current diis error: 0.69767E-03
          max. resid. norm for Fia-block=  2.898D-05 for orbital     99a         
          max. resid. fock norm         =  9.375D-04 for orbital    853a         
          irrep a   : virtual orbitals shifted by    0.00211

 ITERATION  ENERGY          1e-ENERGY        2e-ENERGY     NORM[dD(SAO)]  TOL
  13  -1296.8241494444    -6737.4296914     2932.2420478    0.194D+00 0.118D-11
                            Exc = -139.535693862      Eck =  3071.77774165    
                              N = 214.00769542    
                          Ediel =-0.391615971278E-01
                            current damping = 0.200
 
          Norm of current diis error: 0.29227E-03
          max. resid. norm for Fia-block=  1.736D-05 for orbital     34a         
          max. resid. fock norm         =  2.389D-03 for orbital    853a         

 ENERGY CONVERGED !

          Overall gridpoints after grid construction =        262421

 ITERATION  ENERGY          1e-ENERGY        2e-ENERGY     NORM[dD(SAO)]  TOL
  14  -1296.8255933007    -6737.4298533     2932.2407658    0.148D+00 0.978D-12
                            Exc = -139.537125698      Eck =  3071.77789152    
                              N = 213.99982532    
                          Ediel =-0.391583363787E-01
                            current damping = 0.250
 
          Norm of current diis error: 0.12049E-03
          max. resid. norm for Fia-block=  8.229D-06 for orbital     72a         
          max. resid. fock norm         =  5.878D-04 for orbital    251a         

 End of SCF iterations

   convergence criteria satisfied after    14 iterations


   *************************************************************************
   pbe0                                                                     
   *************************************************************************


                  ------------------------------------------ 
                 |  total energy      =  -1296.82559330065  |
                  ------------------------------------------ 
                 :  kinetic energy    =   1289.05136978307  :
                 :  potential energy  =  -2585.87696308372  :
                 :  virial theorem    =      1.99400518963  :
                 :  wavefunction norm =      1.00000000000  :
                  .......................................... 


 <geterg> : there is no data group $energy 


 <skperg> : $end is missing 


 orbitals $scfmo  will be written to file mos

    irrep                103a        104a        105a        106a        107a   
 eigenvalues H         -0.29622    -0.28796    -0.26949    -0.24804    -0.19852
            eV          -8.0605     -7.8358     -7.3332     -6.7497     -5.4020
 occupation              2.0000      2.0000      2.0000      2.0000      2.0000

    irrep                108a        109a        110a        111a        112a   
 eigenvalues H         -0.11340    -0.06077    -0.04173    -0.02888    -0.01174
            eV          -3.0858     -1.6537     -1.1354     -0.7859     -0.3194
 
 ==============================================================================
                                  COSMO RESULTS
 ==============================================================================
  PARAMETER:
    nppa:      1082
    nspa:        92
    nsph:        32
    nps:       1997
    npspher:    816
    disex:   10.0000    
    disex2:  4508.77    
    rsolv [A]: 1.3000
    routf:     0.8500
    phsran:    0.0    
    ampran:   0.10E-04
    cavity:  closed
    epsilon:     4.800
    refind:     1.300
    fepsi:      0.7169811
  CAVITY VOLUME/AREA [a.u.]:
    surface: V1.0, A matrix: V1.0
    area:  1644.18
    volume:  3439.15
  SCREENING CHARGE:
    cosmo      :  -0.049427
    correction :   0.048156
    total      :  -0.001271
  ENERGIES [a.u.]:
    Total energy            =   -1296.8255933006519
    Total energy + OC corr. =    -1296.8255217112
    Dielectric energy       =       -0.0391583364
    Diel. energy + OC corr. =       -0.0390867470
  ELEMENT RADIUS [A]: ATOM LIST
    c  2.00: 1-13,15,16,18-20,24-31
    n  1.83: 14,21-23
    o  1.72: 17
    h  1.30: 32-53
 ==============================================================================
 
 
 
 ==============================================================================
                           electrostatic moments
 ==============================================================================

 reference point for electrostatic moments:    0.00000   0.00000   0.00000

 
              nuc           elec       ->  total
 ------------------------------------------------------------------------------
                          charge      
 ------------------------------------------------------------------------------
         214.000000    -214.000000       0.000000
 
 ------------------------------------------------------------------------------
                       dipole moment  
 ------------------------------------------------------------------------------
   x      17.045335     -17.137752      -0.092417
   y    -191.348141     192.482315       1.134174
   z    3238.994791   -3253.307791     -14.313000
 
   | dipole moment | =    14.3582 a.u. =    36.4948 debye 
 
 ------------------------------------------------------------------------------
                     quadrupole moment
 ------------------------------------------------------------------------------
  xx     163.325974    -301.619610    -138.293636
  yy    3161.004005   -3302.985702    -141.981697
  zz   73299.062062  -73927.274665    -628.212603
  xy    -269.478700     269.818618       0.339918
  xz     -52.588729      50.281382      -2.307347
  yz     550.879743    -522.128101      28.751642
 
     1/3  trace=    -302.829312
     anisotropy=     490.635949
 
 ==============================================================================
 
HOMO-LUMO Separation
 HOMO         :   -0.19851728 H =     -5.40193 eV
 LUMO         :   -0.11339931 H =     -3.08575 eV
 HOMO-LUMO gap:    0.08511797 H =     +2.31618 eV
 
 ==============================================================================


    ------------------------------------------------------------------------
         total  cpu-time :  2 hours 17 minutes and 24 seconds
         total wall-time :  2 hours 18 minutes and 52 seconds
    ------------------------------------------------------------------------

   ****  ridft : all done  ****


    2025-03-22 16:27:21.607 

