
 eiger (nano18.int-nano.int.kit.edu) : TURBOMOLE rev. V7-6 19 Oct 2021 at 10:10:11 compiled Oct 19th 2021
 Copyright (C) 2021 TURBOMOLE GmbH, Karlsruhe


    2025-04-08 21:43:52.128 

 pbe0                                                                           
  
Total energy =   -976.3065525425 H =    -26566.6544751 eV
 
 HOMO-LUMO Separation
   HOMO:    81.    81 a     -0.20917991 H =     -5.69208 eV
   LUMO:    82.    82 a     -0.09344666 H =     -2.54281 eV
   Gap :                    +0.11573325 H =     +3.14926 eV
 
Number of MOs=    687, Electrons=    162.00, Symmetry: c1   
 
   Nr.   Orbital    Occupation       Energy
   98.    98 a                     +0.038184 H =        +1.039 eV
   97.    97 a                     +0.032992 H =        +0.898 eV
   96.    96 a                     +0.029120 H =        +0.792 eV
   95.    95 a                     +0.025311 H =        +0.689 eV
   94.    94 a                     +0.022086 H =        +0.601 eV
   93.    93 a                     +0.019667 H =        +0.535 eV
   92.    92 a                     +0.012009 H =        +0.327 eV
   91.    91 a                     +0.009702 H =        +0.264 eV
   90.    90 a                     +0.006707 H =        +0.182 eV
   89.    89 a                     +0.000465 H =        +0.013 eV
   88.    88 a                     -0.003107 H =        -0.085 eV
   87.    87 a                     -0.004835 H =        -0.132 eV
   86.    86 a                     -0.010554 H =        -0.287 eV
   85.    85 a                     -0.023640 H =        -0.643 eV
   84.    84 a                     -0.044915 H =        -1.222 eV
   83.    83 a                     -0.054557 H =        -1.485 eV
   82.    82 a                     -0.093447 H =        -2.543 eV
   81.    81 a        2.000        -0.209180 H =        -5.692 eV
   80.    80 a        2.000        -0.250615 H =        -6.820 eV
   79.    79 a        2.000        -0.258386 H =        -7.031 eV
   78.    78 a        2.000        -0.281889 H =        -7.671 eV
   77.    77 a        2.000        -0.293937 H =        -7.998 eV
   76.    76 a        2.000        -0.313174 H =        -8.522 eV
   75.    75 a        2.000        -0.339723 H =        -9.244 eV
   74.    74 a        2.000        -0.340984 H =        -9.279 eV
   73.    73 a        2.000        -0.341708 H =        -9.298 eV
   72.    72 a        2.000        -0.354733 H =        -9.653 eV
   71.    71 a        2.000        -0.366658 H =        -9.977 eV
   70.    70 a        2.000        -0.370611 H =       -10.085 eV
   69.    69 a        2.000        -0.373441 H =       -10.162 eV
   68.    68 a        2.000        -0.380420 H =       -10.352 eV
   67.    67 a        2.000        -0.383064 H =       -10.424 eV
   66.    66 a        2.000        -0.388264 H =       -10.565 eV


    ------------------------------------------------------------------------
         total  cpu-time :   0.23 seconds
         total wall-time :   0.25 seconds
    ------------------------------------------------------------------------

   ****  eiger : all done  ****


    2025-04-08 21:43:52.359 

