
 eiger (nano19.int-nano.int.kit.edu) : TURBOMOLE rev. V7-6 19 Oct 2021 at 10:10:11 compiled Oct 19th 2021
 Copyright (C) 2021 TURBOMOLE GmbH, Karlsruhe


    2025-06-23 11:55:24.124 

 cam                                                                            
  
Total energy =  -1066.6895809930 H =    -29026.1019519 eV
 
 HOMO-LUMO Separation
   HOMO:    87.    87 a     -0.25356063 H =     -6.89974 eV
   LUMO:    88.    88 a     -0.08027668 H =     -2.18444 eV
   Gap :                    +0.17328395 H =     +4.71530 eV
 
Number of MOs=    737, Electrons=    174.00, Symmetry: c1   
 
   Nr.   Orbital    Occupation       Energy
  104.   104 a                     +0.054080 H =        +1.472 eV
  103.   103 a                     +0.049806 H =        +1.355 eV
  102.   102 a                     +0.045225 H =        +1.231 eV
  101.   101 a                     +0.043829 H =        +1.193 eV
  100.   100 a                     +0.040852 H =        +1.112 eV
   99.    99 a                     +0.037220 H =        +1.013 eV
   98.    98 a                     +0.031671 H =        +0.862 eV
   97.    97 a                     +0.028983 H =        +0.789 eV
   96.    96 a                     +0.027271 H =        +0.742 eV
   95.    95 a                     +0.025212 H =        +0.686 eV
   94.    94 a                     +0.023277 H =        +0.633 eV
   93.    93 a                     +0.019456 H =        +0.529 eV
   92.    92 a                     +0.013262 H =        +0.361 eV
   91.    91 a                     +0.012057 H =        +0.328 eV
   90.    90 a                     +0.005502 H =        +0.150 eV
   89.    89 a                     -0.002391 H =        -0.065 eV
   88.    88 a                     -0.080277 H =        -2.184 eV
   87.    87 a        2.000        -0.253561 H =        -6.900 eV
   86.    86 a        2.000        -0.300949 H =        -8.189 eV
   85.    85 a        2.000        -0.332676 H =        -9.053 eV
   84.    84 a        2.000        -0.336491 H =        -9.156 eV
   83.    83 a        2.000        -0.379168 H =       -10.318 eV
   82.    82 a        2.000        -0.403609 H =       -10.983 eV
   81.    81 a        2.000        -0.409876 H =       -11.153 eV
   80.    80 a        2.000        -0.413801 H =       -11.260 eV
   79.    79 a        2.000        -0.415139 H =       -11.297 eV
   78.    78 a        2.000        -0.420857 H =       -11.452 eV
   77.    77 a        2.000        -0.425065 H =       -11.567 eV
   76.    76 a        2.000        -0.431398 H =       -11.739 eV
   75.    75 a        2.000        -0.436727 H =       -11.884 eV
   74.    74 a        2.000        -0.449841 H =       -12.241 eV
   73.    73 a        2.000        -0.452618 H =       -12.316 eV
   72.    72 a        2.000        -0.453716 H =       -12.346 eV


    ------------------------------------------------------------------------
         total  cpu-time :   0.32 seconds
         total wall-time :   0.34 seconds
    ------------------------------------------------------------------------

   ****  eiger : all done  ****


    2025-06-23 11:55:24.443 

