
 ridft (nano19.int-nano.int.kit.edu) : TURBOMOLE rev. V7-6 19 Oct 2021 at 10:10:11 compiled Oct 19th 2021
 Copyright (C) 2021 TURBOMOLE GmbH, Karlsruhe


    2025-06-23 09:32:24.050 



                                  r i d f t

                        DFT program with RI approximation 
                                for coulomb part 




                                                 
                                 References:     
                                                 
          TURBOMOLE:                             
              R. Ahlrichs, M. Baer, M. Haeser, H. Horn, and
              C. Koelmel
              Electronic structure calculations on workstation
              computers: the program system TURBOMOLE
              Chem. Phys. Lett. 162: 165 (1989)
          Density Functional:                              
              O. Treutler and R. Ahlrichs                      
              Efficient Molecular Numerical Integration Schemes
              J. Chem. Phys. 102: 346 (1995)                   
          Parallel Version:                                
              Performance of parallel TURBOMOLE for Density    
              Functional Calculations                          
              M. v. Arnim and R. Ahlrichs                      
              J. Comp. Chem. 19: 1746 (1998)                   
          RI-J Method:                                     
              Auxiliary Basis Sets to approximate Coulomb      
              Potentials                                       
              Chem. Phys. Lett. 240: 283 (1995)                
              K. Eichkorn, O. Treutler, H. Oehm, M. Haeser     
              and R. Ahlrichs                                  
              Chem. Phys. Lett. 242: 652 (1995)                
                                                           
              Auxiliary Basis Sets for Main Row Atoms and their
              Use to approximate Coulomb Potentials            
              K. Eichkorn, F. Weigend, O. Treutler and         
              R. Ahlrichs                                      
              Theo. Chem. Acc. 97: 119 (1997)                   
                                                           
              Accurate Coulomb-fitting basis sets for H to Rn 
              F. Weigend                                        
              Phys. Chem. Chem. Phys. 8: 1057 (2006)            
                                                           
          Multipole accelerated RI-J (MARI-J):             
              Fast evaluation of the Coulomb potential for     
              electron densities using multipole accelerated   
              resolution of identity approximation             
              M. Sierka, A. Hogekamp and R. Ahlrichs           
              J. Chem. Phys. 118: 9136 (2003)                  
          RI-JK Method:                                     
              A fully direct RI-HF algorithm: Implementation,
              optimised auxiliary basis sets, demonstration of
              accuracy and efficiency                         
              F. Weigend                                      
              Phys. Chem. Chem. Phys. 4: 4285 (2002)           
          Two-component HF and DFT with spin-orbit coupling:  
              Self-consistent treatment of spin-orbit         
              interactions with efficient Hartree-Fock and    
              density functional methods                      
              M. K. Armbruster, F. Weigend, C. van Wüllen and 
              W. Klopper                                      
              Phys. Chem. Chem. Phys. 10: 1748 (2008)         
          Two-component difference density and DIIS algorithm 
              Efficient two-component self-consistent field   
              procedures and gradients: implementation in     
              TURBOMOLE and application to Au20-              
              A. Baldes, F. Weigend                           
              Mol. Phys. 111: 2617 (2013)                     
          Relativistic all-electron 2c calculations           
              An efficient implementation of two-component    
              relativistic exact-decoupling methods for large 
              molecules                                       
              D. Peng, N. Middendorf, F. Weigend, M. Reiher   
              J. Chem. Phys. 138: 184105 (2013)               
          Finite nucleus model and SNSO approximation         
              Efficient implementation of one- and two-       
              component analytical energy gradients in exact  
              two-component theory                            
              Y. J. Franzke, N. Middendorf, F. Weigend        
              J. Chem. Phys. 148: 104110 (2018)               
          Grids for all-electron relativistic methods         
              Error-consistent segmented contracted all-      
              electron relativistic basis sets of double-     
              and triple-zeta quality for NMR shielding       
              constants                                       
              Y. J. Franzke, R. Tress, T. M. Pazdera,         
              F. Weigend                                      
              Phys. Chem. Chem. Phys. 21: 166658 (2019)       
          Seminumerical exchange algorithms                   
              Seminumerical calculation of the Hartree-Fock   
              exchange matirx: Application to two-component   
              procedures and efficient evaluation of local    
              hybrid functionsl                               
               P. Plessow, F. Weigend,                        
              J. Comput. Chem. 33: 810 (2012)                 
          Improved seminumerical algorithms                   
              C. Holzer,                                      
              J. Chem. Phys. 153 (2020), 184115               
                                         




              +--------------------------------------------------+
              |      general information about current run       |
              +--------------------------------------------------+

 
 Libxc version: 5.1.4
 S. Lehtola, C. Steigemann, M.J.T. Oliveira, and M.A.L. Marques, Software X 7, 1 (2018)
 M.A.L. Marques, M.J.T. Oliveira, and T. Burnus, Comput. Phys. Commun. 183, 2272 (2012)
 TURBOMOLE integration by Christof Holzer

 Name of XC-Functional: CAM version of B3LYP
 alpha=    0.19000
 beta =    0.46000
 omega=    0.33000
 [1] T. Yanai, D. P. Tew, and N. C. Handy, Chem. Phys. Lett. 393, 51 (2004)
 A Hybrid-DFT calculation using the RI-J approximation will be carried out.
 Allocatable memory for RI due to $ricore (MB):                  2000

   *************************************************************************
   cam                                                                      
   *************************************************************************




              +--------------------------------------------------+
              | Atomic coordinate, charge and isotop information |
              +--------------------------------------------------+

                    atomic coordinates            atom    charge  isotop
          1.77819657   -0.01193116   -4.08293168    o      8.000     0
         -6.62725383   -0.01748110   -0.64881309    n      7.000     0
          1.15851285    0.01483416  -10.66746561    n      7.000     0
         -6.59309174    0.01087745   -7.62049578    n      7.000     0
         -0.00731929    0.02640231   15.13967540    n      7.000     0
         -0.73488973   -0.00902382   -4.34844463    c      6.000     0
         -1.90163461   -0.01676697   -1.86867287    c      6.000     0
         -0.01451083   -0.02145954   -0.05113467    c      6.000     0
          2.51713995   -0.01714246   -1.42803107    c      6.000     0
         -1.77711470    0.00121831   -6.74432464    c      6.000     0
         -0.14796461    0.00861696   -8.90144304    c      6.000     0
         -4.44085564    0.00607169   -7.17909808    c      6.000     0
         -4.52899738   -0.01713585   -1.29756740    c      6.000     0
          0.29892330    0.00939118   12.56657517    c      6.000     0
          2.73941993    0.00856027   11.43957804    c      6.000     0
          4.43123466    0.01972685   12.61164457    h      1.000     0
          3.01449527   -0.00555277    8.83624163    c      6.000     0
          4.92282707   -0.00414587    8.04002178    h      1.000     0
          0.91969229   -0.01928749    7.17474585    c      6.000     0
         -1.50647644   -0.02202608    8.30654837    c      6.000     0
         -3.19712861   -0.03452001    7.12235017    h      1.000     0
         -1.81944664   -0.00804626   10.90100968    c      6.000     0
         -3.73295648   -0.00985719   11.65801167    h      1.000     0
          2.18513548    0.04944166   16.79182440    c      6.000     0
          5.68020908    2.40884939   -2.31969589    h      1.000     0
          4.78569607    2.50253464    0.93456405    h      1.000     0
          2.90523811    4.08211060   -1.37653263    h      1.000     0
         -2.52555717    0.03118464   16.23674645    c      6.000     0
         -2.37308519    0.04058773   18.30436686    h      1.000     0
          4.06514766    2.39658072   -1.01035908    c      6.000     0
         -3.62215560    1.71559240   15.67072283    h      1.000     0
         -0.45058365   -0.02644010    2.61139571    c      6.000     0
         -2.44684498   -0.02914052    3.14742692    h      1.000     0
          1.34251454   -0.02366976    4.47735475    c      6.000     0
          3.33631847   -0.02081477    3.93154402    h      1.000     0
          4.06738150   -2.43062376   -1.01870619    c      6.000     0
          2.90967821   -4.11571257   -1.39372461    h      1.000     0
          4.78462082   -2.54365735    0.92710172    h      1.000     0
          5.68462329   -2.43582920   -2.32536355    h      1.000     0
          3.37270193    1.74018756   16.49019330    h      1.000     0
          1.55646140    0.05959346   18.76706441    h      1.000     0
          3.38981056   -1.63297773   16.51366767    h      1.000     0
         -3.62080483   -1.65915705   15.68680875    h      1.000     0
 
       center of nuclear mass  :   -0.29046306   -0.00271272    2.45670366
       center of nuclear charge:   -0.19356975   -0.00233509    2.73627848

              +--------------------------------------------------+
              |               basis set information              |
              +--------------------------------------------------+

              we will work with the 1s 3p 5d 7f 9g ... basis set
              ...i.e. with spherical basis functions...

   type   atoms  prim   cont   basis
   ---------------------------------------------------------------------------
    o        1     43     23   aug-cc-pVDZ   [4s3p2d|18s5p2d]
    n        4     43     23   aug-cc-pVDZ   [4s3p2d|18s5p2d]
    c       20     43     23   aug-cc-pVDZ   [4s3p2d|18s5p2d]
    h       18     11      9   aug-cc-pVDZ   [3s2p|5s2p]
   ---------------------------------------------------------------------------
   total:   43   1273    737
   ---------------------------------------------------------------------------

   total number of primitive shells          :   82
   total number of contracted shells         :  315
   total number of cartesian basis functions :  787
   total number of SCF-basis functions       :  737


 integral neglect threshold       :  0.42E-11
 integral storage threshold THIZE :  0.10E-04
 integral storage threshold THIME :         5

 RI-J AUXILIARY BASIS SET information:

              we will work with the 1s 3p 5d 7f 9g ... basis set
              ...i.e. with spherical basis functions...

   type   atoms  prim   cont   basis
   ---------------------------------------------------------------------------
    o        1     70     49   aug-cc-pVDZ   [6s4p3d1f1g|12s5p4d2f1g]
    n        4     70     49   aug-cc-pVDZ   [6s4p3d1f1g|12s5p4d2f1g]
    c       20     70     49   aug-cc-pVDZ   [6s4p3d1f1g|12s5p4d2f1g]
    h       18     16     11   aug-cc-pVDZ   [3s1p1d|5s2p1d]
   ---------------------------------------------------------------------------
   total:   43   2038   1423
   ---------------------------------------------------------------------------

   total number of primitive shells          :   80
   total number of contracted shells         :  465
   total number of cartesian basis functions : 1741
   total number of SCF-basis functions       : 1423


 symmetry group of the molecule :   c1 

 the group has the following generators :
   c1(z)

    1 symmetry operations found

 there are 1 real representations :   a   

 maximum number of shells which are related by symmetry :  1

 ==============================================================================
                      COSMO switched on
 ==============================================================================
 COSMO stati: segments per atom: H   32 other atoms   92
 COSMO statistics: nps   1576 npspher:    668
 COSMO surface:
   number of segments: 1576
   area (bohr**2):     1340.464885
   volume (bohr**3):   2828.903435
 COSMO: check number of disjunct cavities:

       ... OK contiguous cavity found
  
           ------------------
           density functional
           ------------------
 Name of XC-Functional: CAM version of B3LYP
 alpha=    0.19000
 beta =    0.46000
 omega=    0.33000
 [1] T. Yanai, D. P. Tew, and N. C. Handy, Chem. Phys. Lett. 393, 51 (2004)

 iterations will be done with small grid
  
 spherical integration : Lebedev's spherical grid
 spherical gridsize    :                     3
    i.e. gridpoints    :                   302
 value for diffuse not defined
 radial integration    : Chebyshev 2nd kind (scaling 3)
 radial gridsize       :                     3
 integration cells     :                    43
 partition function    : becke
 partition sharpness   :                     3
  

 biggest AO integral is expected to be     4.738267915

          ------------------------
          nuclear repulsion energy  :   1894.58201820    
          ------------------------


         -----------------
         -S,T+V- integrals
         -----------------

 1e-integrals will be neglected if expon. factor < 0.424646E-12
 
   Difference densities algorithm switched on.
   The maximal number of linear combinations of
   difference densities is                    20 .

 DIIS switched on: error vector is FDS-SDF
 Max. Iterations for DIIS is     :   4
 DIIS matrix (see manual) 
    Scaling factor of diagonals  :  1.200
    threshold for scaling factor :  0.000

 scf convergence criterion : increment of total energy < .1000000D-06
                  and increment of one-electron energy < .1000000D-03

 MOs are in ASCII format !


    mo occupation :
   irrep   mo's   occupied
    a      737       87
 
 number of basis functions   :   737
 number of occupied orbitals :    87
 

 reading orbital data $scfmo  from file mos
 orbital characterization : expanded
 virtual MOs provided and orthogonalized by Cholesky decomposition

 automatic virtual orbital shift switched on 
      shift if e(lumo)-e(homo) < 0.10000000    

  
           ------------------------
               RI-J - INFORMATION
           ------------------------
 Contributions to RI integral batches: 
  neglected integral batches:                 11331
  direct contribution:                        10366
  memory contribution:                 28073
 Memory core needed for (P|Q) and Cholesky     16 MByte
 Memory core minimum needed except of (P|Q)     2 MByte
 Total minimum memory core needed (sum)        18 MByte
  
 ****************************************
 Memory allocated for RI-J  1762 MByte
 ****************************************
                                            

 DSCF restart information will be dumped onto file mos


 Starting SCF iterations

          Overall gridpoints after grid construction =         58357

 ITERATION  ENERGY          1e-ENERGY        2e-ENERGY     NORM[dD(SAO)]  TOL
   1  -1062.1289604441    -5159.5577124     2202.8467338    0.000D+00 0.424D-11
                            Exc = -107.465221731     Coul =  2350.66584651    
                            exK = -40.3538910044    
                              N = 173.99355585    
                          Ediel =-0.197887282534    
                            current damping = 0.300
 
          max. resid. norm for Fia-block=  3.995D-01 for orbital     78a         
          max. resid. fock norm         =  1.421D+00 for orbital    724a         

 ITERATION  ENERGY          1e-ENERGY        2e-ENERGY     NORM[dD(SAO)]  TOL
   2  -1066.1535423582    -5202.5551084     2241.8195479    0.158D+03 0.107D-11
                            Exc = -109.095135053      Eck =  2350.91468291    
                              N = 173.99544693    
                          Ediel =-0.353349638787E-01
                            current damping = 0.250
 
          Norm of current diis error:  2.8735    
          max. resid. norm for Fia-block=  1.497D-01 for orbital     32a         
          max. resid. fock norm         =  2.865D-01 for orbital    721a         

 ITERATION  ENERGY          1e-ENERGY        2e-ENERGY     NORM[dD(SAO)]  TOL
   3  -1066.4497276195    -5202.3186459     2241.2869001    0.405D+02 0.955D-12
                            Exc = -109.871993029      Eck =  2351.15889309    
                              N = 173.99632686    
                          Ediel =-0.643742640873E-01
                            current damping = 0.200
 
          Norm of current diis error:  1.8972    
          max. resid. norm for Fia-block=  8.130D-02 for orbital     82a         
          max. resid. fock norm         =  8.504D-02 for orbital     82a         

 ITERATION  ENERGY          1e-ENERGY        2e-ENERGY     NORM[dD(SAO)]  TOL
   4  -1066.6700720025    -5202.9757042     2241.7236140    0.107D+02 0.930D-12
                            Exc = -109.534700606      Eck =  2351.25831458    
                              N = 173.99654310    
                          Ediel =-0.295235873979E-01
                            current damping = 0.250
 
          Norm of current diis error: 0.56975    
          max. resid. norm for Fia-block=  2.404D-02 for orbital     30a         
          max. resid. fock norm         =  2.866D-02 for orbital     29a         

 ITERATION  ENERGY          1e-ENERGY        2e-ENERGY     NORM[dD(SAO)]  TOL
   5  -1066.6879551285    -5204.4223464     2243.1523730    0.343D+01 0.923D-12
                            Exc = -109.654156613      Eck =  2352.80652964    
                              N = 173.99669885    
                          Ediel =-0.309778505337E-01
                            current damping = 0.150
 
          Norm of current diis error: 0.16822    
          max. resid. norm for Fia-block=  8.329D-03 for orbital     26a         
          max. resid. fock norm         =  1.187D-02 for orbital     26a         
          mo-orthogonalization: Cholesky decomposition

 ITERATION  ENERGY          1e-ENERGY        2e-ENERGY     NORM[dD(SAO)]  TOL
   6  -1066.6894774183    -5204.5770285     2243.3055329    0.102D+01 0.921D-12
                            Exc = -109.682330745      Eck =  2352.98786361    
                              N = 173.99674451    
                          Ediel =-0.304367515520E-01
                            current damping = 0.100
 
          Norm of current diis error: 0.80172E-01
          max. resid. norm for Fia-block=  2.951D-03 for orbital     26a         
          max. resid. fock norm         =  4.308D-03 for orbital     52a         

 ITERATION  ENERGY          1e-ENERGY        2e-ENERGY     NORM[dD(SAO)]  TOL
   7  -1066.6898195802    -5204.3558013     2243.0839636    0.476D+00 0.921D-12
                            Exc = -109.666725631      Eck =  2352.75068918    
                              N = 173.99675090    
                          Ediel =-0.302992891049E-01
                            current damping = 0.150
 
          Norm of current diis error: 0.38541E-01
          max. resid. norm for Fia-block=  1.678D-03 for orbital     82a         
          max. resid. fock norm         =  1.819D-03 for orbital     70a         

 ITERATION  ENERGY          1e-ENERGY        2e-ENERGY     NORM[dD(SAO)]  TOL
   8  -1066.6899022053    -5204.4756542     2243.2037338    0.140D+00 0.921D-12
                            Exc = -109.668899197      Eck =  2352.87263300    
                              N = 173.99675888    
                          Ediel =-0.299320165954E-01
                            current damping = 0.200
 
          Norm of current diis error: 0.17623E-01
          max. resid. norm for Fia-block=  9.045D-04 for orbital     78a         
          max. resid. fock norm         =  1.173D-03 for orbital     74a         

 ITERATION  ENERGY          1e-ENERGY        2e-ENERGY     NORM[dD(SAO)]  TOL
   9  -1066.6899199973    -5204.4699466     2243.1980084    0.602D-01 0.920D-12
                            Exc = -109.672468880      Eck =  2352.87047725    
                              N = 173.99676168    
                          Ediel =-0.300453748220E-01
                            current damping = 0.250
 
          Norm of current diis error: 0.98466E-02
          max. resid. norm for Fia-block=  3.737D-04 for orbital     79a         
          max. resid. fock norm         =  5.536D-04 for orbital     35a         

 ITERATION  ENERGY          1e-ENERGY        2e-ENERGY     NORM[dD(SAO)]  TOL
  10  -1066.6899256903    -5204.4655308     2243.1935869    0.204D-01 0.920D-12
                            Exc = -109.670787975      Eck =  2352.86437488    
                              N = 173.99676196    
                          Ediel =-0.299278207556E-01
                            current damping = 0.100
 
          Norm of current diis error: 0.31496E-02
          max. resid. norm for Fia-block=  1.765D-04 for orbital     86a         
          max. resid. fock norm         =  2.226D-04 for orbital     88a         
          mo-orthogonalization: Cholesky decomposition

 ITERATION  ENERGY          1e-ENERGY        2e-ENERGY     NORM[dD(SAO)]  TOL
  11  -1066.6899268610    -5204.4633749     2243.1914299    0.129D-01 0.919D-12
                            Exc = -109.670840249      Eck =  2352.86227011    
                              N = 173.99676294    
                          Ediel =-0.299073912064E-01
                            current damping = 0.100
 
          Norm of current diis error: 0.20783E-02
          max. resid. norm for Fia-block=  9.398D-05 for orbital     86a         
          max. resid. fock norm         =  1.102D-04 for orbital     88a         

 ITERATION  ENERGY          1e-ENERGY        2e-ENERGY     NORM[dD(SAO)]  TOL
  12  -1066.6899272659    -5204.4680308     2243.1960854    0.374D+02 0.121D-11
                            Exc = -109.670979775      Eck =  2352.86706514    
                              N = 173.99676343    
                          Ediel =-0.298717427001E-01
                            current damping = 0.150
 
          Norm of current diis error: 0.11205E-02
          max. resid. norm for Fia-block=  5.283D-05 for orbital     87a         
          max. resid. fock norm         =  6.676D-04 for orbital    734a         

 ITERATION  ENERGY          1e-ENERGY        2e-ENERGY     NORM[dD(SAO)]  TOL
  13  -1066.6899273784    -5204.4644079     2243.1924624    0.107D+00 0.118D-11
                            Exc = -109.670934337      Eck =  2352.86339670    
                              N = 173.99676371    
                          Ediel =-0.298683660444E-01
                            current damping = 0.200
 
          Norm of current diis error: 0.75277E-03
          max. resid. norm for Fia-block=  4.068D-05 for orbital     86a         
          max. resid. fock norm         =  1.782D-04 for orbital    734a         

 ITERATION  ENERGY          1e-ENERGY        2e-ENERGY     NORM[dD(SAO)]  TOL
  14  -1066.6899274301    -5204.4660073     2243.1940617    0.163D-01 0.115D-11
                            Exc = -109.670866399      Eck =  2352.86492809    
                              N = 173.99676384    
                          Ediel =-0.298522865123E-01
                            current damping = 0.250
 
          Norm of current diis error: 0.48613E-03
          max. resid. norm for Fia-block=  2.213D-05 for orbital     87a         
          max. resid. fock norm         =  3.738D-05 for orbital    734a         

 ENERGY CONVERGED !

          Overall gridpoints after grid construction =        212800

 ITERATION  ENERGY          1e-ENERGY        2e-ENERGY     NORM[dD(SAO)]  TOL
  15  -1066.6895809934    -5204.4659956     2243.1943964    0.824D-02 0.121D-11
                            Exc = -109.670590828      Eck =  2352.86498724    
                              N = 173.99979795    
                          Ediel =-0.298516406159E-01
                            current damping = 0.300
 
          Norm of current diis error: 0.25754E-03
          max. resid. norm for Fia-block=  1.419D-05 for orbital     87a         
          max. resid. fock norm         =  5.114D-05 for orbital    734a         

 End of SCF iterations

   convergence criteria satisfied after    15 iterations


   *************************************************************************
   cam                                                                      
   *************************************************************************


                  ------------------------------------------ 
                 |  total energy      =  -1066.68958099341  |
                  ------------------------------------------ 
                 :  kinetic energy    =   1059.92396263149  :
                 :  potential energy  =  -2126.61354362490  :
                 :  virial theorem    =      1.99365736904  :
                 :  wavefunction norm =      1.00000000000  :
                  .......................................... 


 <geterg> : there is no data group $energy 


 <skperg> : $end is missing 


 orbitals $scfmo  will be written to file mos

    irrep                 83a         84a         85a         86a         87a   
 eigenvalues H         -0.37917    -0.33649    -0.33268    -0.30095    -0.25356
            eV         -10.3178     -9.1565     -9.0526     -8.1893     -6.8998
 occupation              2.0000      2.0000      2.0000      2.0000      2.0000

    irrep                 88a         89a         90a         91a         92a   
 eigenvalues H         -0.08028    -0.00239     0.00550     0.01206     0.01326
            eV          -2.1845     -0.0651      0.1497      0.3281      0.3609
 
 ==============================================================================
                                  COSMO RESULTS
 ==============================================================================
  PARAMETER:
    nppa:      1082
    nspa:        92
    nsph:        32
    nps:       1576
    npspher:    668
    disex:   10.0000    
    disex2:  4472.32    
    rsolv [A]: 1.3000
    routf:     0.8500
    phsran:    0.0    
    ampran:   0.10E-04
    cavity:  closed
    epsilon:     4.800
    refind:     1.300
    fepsi:      0.7169811
  CAVITY VOLUME/AREA [a.u.]:
    surface: V1.0, A matrix: V1.0
    area:  1340.46
    volume:  2828.90
  SCREENING CHARGE:
    cosmo      :  -0.046526
    correction :   0.045339
    total      :  -0.001187
  ENERGIES [a.u.]:
    Total energy            =   -1066.6895809934124
    Total energy + OC corr. =    -1066.6895907528
    Dielectric energy       =       -0.0298516406
    Diel. energy + OC corr. =       -0.0298614000
  ELEMENT RADIUS [A]: ATOM LIST
    o  1.72: 1
    n  1.83: 2-5
    c  2.00: 6-15,17,19,20,22,24,28,30,32,34,36
    h  1.30: 16,18,21,23,25-27,29,31,33,35,37-43
 ==============================================================================
 
 
 
 ==============================================================================
                           electrostatic moments
 ==============================================================================

 reference point for electrostatic moments:    0.00000   0.00000   0.00000

 
              nuc           elec       ->  total
 ------------------------------------------------------------------------------
                          charge      
 ------------------------------------------------------------------------------
         174.000000    -174.000000       0.000000
 
 ------------------------------------------------------------------------------
                       dipole moment  
 ------------------------------------------------------------------------------
   x     -33.681136      37.447007       3.765871
   y      -0.406306       0.406879       0.000573
   z     476.112455    -467.614618       8.497837
 
   | dipole moment | =     9.2949 a.u. =    23.6253 debye 
 
 ------------------------------------------------------------------------------
                     quadrupole moment
 ------------------------------------------------------------------------------
  xx    1655.432548   -1783.112143    -127.679595
  yy     139.434107    -250.178419    -110.744312
  zz   13417.902521  -13501.702170     -83.799649
  xy      -0.187873       0.186189      -0.001684
  xz     724.089784    -732.513151      -8.423367
  yz      11.666341     -11.371397       0.294944
 
     1/3  trace=    -107.407852
     anisotropy=      41.015296
 
 ==============================================================================
 
HOMO-LUMO Separation
 HOMO         :   -0.25356063 H =     -6.89974 eV
 LUMO         :   -0.08027668 H =     -2.18444 eV
 HOMO-LUMO gap:    0.17328395 H =     +4.71530 eV
 
 ==============================================================================


    ------------------------------------------------------------------------
         total  cpu-time :  2 hours 22 minutes and 33 seconds
         total wall-time :  2 hours 23 minutes and  0 seconds
    ------------------------------------------------------------------------

   ****  ridft : all done  ****


    2025-06-23 11:55:23.906 

 ridft ended normally
