
 eiger (nano18.int-nano.int.kit.edu) : TURBOMOLE rev. V7-6 19 Oct 2021 at 10:10:11 compiled Oct 19th 2021
 Copyright (C) 2021 TURBOMOLE GmbH, Karlsruhe


    2025-04-08 20:29:02.991 

 pbe0                                                                           
  
Total energy =   -937.0548424038 H =    -25498.5610386 eV
 
 HOMO-LUMO Separation
   HOMO:    77.    77 a     -0.21116670 H =     -5.74614 eV
   LUMO:    78.    78 a     -0.09400627 H =     -2.55804 eV
   Gap :                    +0.11716044 H =     +3.18810 eV
 
Number of MOs=    646, Electrons=    154.00, Symmetry: c1   
 
   Nr.   Orbital    Occupation       Energy
   94.    94 a                     +0.038552 H =        +1.049 eV
   93.    93 a                     +0.036720 H =        +0.999 eV
   92.    92 a                     +0.030503 H =        +0.830 eV
   91.    91 a                     +0.028945 H =        +0.788 eV
   90.    90 a                     +0.024619 H =        +0.670 eV
   89.    89 a                     +0.021597 H =        +0.588 eV
   88.    88 a                     +0.012857 H =        +0.350 eV
   87.    87 a                     +0.009815 H =        +0.267 eV
   86.    86 a                     +0.006696 H =        +0.182 eV
   85.    85 a                     -0.000526 H =        -0.014 eV
   84.    84 a                     -0.003432 H =        -0.093 eV
   83.    83 a                     -0.004133 H =        -0.112 eV
   82.    82 a                     -0.019958 H =        -0.543 eV
   81.    81 a                     -0.024559 H =        -0.668 eV
   80.    80 a                     -0.045045 H =        -1.226 eV
   79.    79 a                     -0.055106 H =        -1.500 eV
   78.    78 a                     -0.094006 H =        -2.558 eV
   77.    77 a        2.000        -0.211167 H =        -5.746 eV
   76.    76 a        2.000        -0.253547 H =        -6.899 eV
   75.    75 a        2.000        -0.259879 H =        -7.072 eV
   74.    74 a        2.000        -0.282795 H =        -7.695 eV
   73.    73 a        2.000        -0.296772 H =        -8.076 eV
   72.    72 a        2.000        -0.314051 H =        -8.546 eV
   71.    71 a        2.000        -0.341481 H =        -9.292 eV
   70.    70 a        2.000        -0.341783 H =        -9.300 eV
   69.    69 a        2.000        -0.343295 H =        -9.342 eV
   68.    68 a        2.000        -0.355966 H =        -9.686 eV
   67.    67 a        2.000        -0.371901 H =       -10.120 eV
   66.    66 a        2.000        -0.373674 H =       -10.168 eV
   65.    65 a        2.000        -0.378431 H =       -10.298 eV
   64.    64 a        2.000        -0.385627 H =       -10.493 eV
   63.    63 a        2.000        -0.394734 H =       -10.741 eV
   62.    62 a        2.000        -0.400095 H =       -10.887 eV


    ------------------------------------------------------------------------
         total  cpu-time :   0.24 seconds
         total wall-time :   1.62 seconds
    ------------------------------------------------------------------------

   ****  eiger : all done  ****


    2025-04-08 20:29:04.442 

