
 ridft (nano18.int-nano.int.kit.edu) : TURBOMOLE rev. V7-6 19 Oct 2021 at 10:10:11 compiled Oct 19th 2021
 Copyright (C) 2021 TURBOMOLE GmbH, Karlsruhe


    2025-04-08 19:10:09.675 



                                  r i d f t

                        DFT program with RI approximation 
                                for coulomb part 




                                                 
                                 References:     
                                                 
          TURBOMOLE:                             
              R. Ahlrichs, M. Baer, M. Haeser, H. Horn, and
              C. Koelmel
              Electronic structure calculations on workstation
              computers: the program system TURBOMOLE
              Chem. Phys. Lett. 162: 165 (1989)
          Density Functional:                              
              O. Treutler and R. Ahlrichs                      
              Efficient Molecular Numerical Integration Schemes
              J. Chem. Phys. 102: 346 (1995)                   
          Parallel Version:                                
              Performance of parallel TURBOMOLE for Density    
              Functional Calculations                          
              M. v. Arnim and R. Ahlrichs                      
              J. Comp. Chem. 19: 1746 (1998)                   
          RI-J Method:                                     
              Auxiliary Basis Sets to approximate Coulomb      
              Potentials                                       
              Chem. Phys. Lett. 240: 283 (1995)                
              K. Eichkorn, O. Treutler, H. Oehm, M. Haeser     
              and R. Ahlrichs                                  
              Chem. Phys. Lett. 242: 652 (1995)                
                                                           
              Auxiliary Basis Sets for Main Row Atoms and their
              Use to approximate Coulomb Potentials            
              K. Eichkorn, F. Weigend, O. Treutler and         
              R. Ahlrichs                                      
              Theo. Chem. Acc. 97: 119 (1997)                   
                                                           
              Accurate Coulomb-fitting basis sets for H to Rn 
              F. Weigend                                        
              Phys. Chem. Chem. Phys. 8: 1057 (2006)            
                                                           
          Multipole accelerated RI-J (MARI-J):             
              Fast evaluation of the Coulomb potential for     
              electron densities using multipole accelerated   
              resolution of identity approximation             
              M. Sierka, A. Hogekamp and R. Ahlrichs           
              J. Chem. Phys. 118: 9136 (2003)                  
          RI-JK Method:                                     
              A fully direct RI-HF algorithm: Implementation,
              optimised auxiliary basis sets, demonstration of
              accuracy and efficiency                         
              F. Weigend                                      
              Phys. Chem. Chem. Phys. 4: 4285 (2002)           
          Two-component HF and DFT with spin-orbit coupling:  
              Self-consistent treatment of spin-orbit         
              interactions with efficient Hartree-Fock and    
              density functional methods                      
              M. K. Armbruster, F. Weigend, C. van Wüllen and 
              W. Klopper                                      
              Phys. Chem. Chem. Phys. 10: 1748 (2008)         
          Two-component difference density and DIIS algorithm 
              Efficient two-component self-consistent field   
              procedures and gradients: implementation in     
              TURBOMOLE and application to Au20-              
              A. Baldes, F. Weigend                           
              Mol. Phys. 111: 2617 (2013)                     
          Relativistic all-electron 2c calculations           
              An efficient implementation of two-component    
              relativistic exact-decoupling methods for large 
              molecules                                       
              D. Peng, N. Middendorf, F. Weigend, M. Reiher   
              J. Chem. Phys. 138: 184105 (2013)               
          Finite nucleus model and SNSO approximation         
              Efficient implementation of one- and two-       
              component analytical energy gradients in exact  
              two-component theory                            
              Y. J. Franzke, N. Middendorf, F. Weigend        
              J. Chem. Phys. 148: 104110 (2018)               
          Grids for all-electron relativistic methods         
              Error-consistent segmented contracted all-      
              electron relativistic basis sets of double-     
              and triple-zeta quality for NMR shielding       
              constants                                       
              Y. J. Franzke, R. Tress, T. M. Pazdera,         
              F. Weigend                                      
              Phys. Chem. Chem. Phys. 21: 166658 (2019)       
          Seminumerical exchange algorithms                   
              Seminumerical calculation of the Hartree-Fock   
              exchange matirx: Application to two-component   
              procedures and efficient evaluation of local    
              hybrid functionsl                               
               P. Plessow, F. Weigend,                        
              J. Comput. Chem. 33: 810 (2012)                 
          Improved seminumerical algorithms                   
              C. Holzer,                                      
              J. Chem. Phys. 153 (2020), 184115               
                                         




              +--------------------------------------------------+
              |      general information about current run       |
              +--------------------------------------------------+

 
 PBE0 hybrid functional
 exchange:    3/4 (LDA+PBE) + 1/4 HF
 correlation: LDA (PW) + PBE
 A Hybrid-DFT calculation using the RI-J approximation will be carried out.
 Allocatable memory for RI due to $ricore (MB):                  2000

   *************************************************************************
   pbe0                                                                     
   *************************************************************************




              +--------------------------------------------------+
              | Atomic coordinate, charge and isotop information |
              +--------------------------------------------------+

                    atomic coordinates            atom    charge  isotop
        -13.62433634    5.45160073   -0.36696130    c      6.000     0
        -11.24620095    6.66019304   -0.37253501    c      6.000     0
         -9.00702351    5.31277111   -0.25730430    c      6.000     0
         -9.02183830    2.65248134   -0.12601720    c      6.000     0
         -6.73204809    1.21784482    0.02736516    c      6.000     0
         -6.76465103   -1.35969119    0.15711785    c      6.000     0
         -9.09019779   -2.76265366    0.12851059    c      6.000     0
         -9.14961719   -5.46045966    0.24526275    c      6.000     0
        -11.52589010   -6.67028255    0.23274308    c      6.000     0
        -13.77370558   -5.32365652    0.14245597    c      6.000     0
        -13.77384096   -2.66736053    0.01971672    c      6.000     0
        -16.06223732   -1.23124709   -0.12427989    c      6.000     0
        -16.03768729    1.34583437   -0.25829484    c      6.000     0
        -13.71107629    2.75194251   -0.24108988    c      6.000     0
        -11.38742725    1.34749164   -0.12051654    c      6.000     0
        -11.41130492   -1.36203004    0.00643270    c      6.000     0
        -15.94377141    6.94719672   -0.45716196    c      6.000     0
         -6.81307123   -6.94607895    0.34588646    c      6.000     0
        -16.14740643    9.42045237   -1.10368631    c      6.000     0
         -6.60140246   -9.27520782    1.35106864    c      6.000     0
        -18.50139957   10.73134211   -1.07901413    c      6.000     0
         -4.39268258  -10.56672245    1.29116401    o      8.000     0
        -20.40535268   11.83101178   -1.07643583    n      7.000     0
        -11.16261305    8.72131829   -0.41550501    h      1.000     0
         -7.19864751    6.31155893   -0.24144941    h      1.000     0
         -4.93384539    2.23554930    0.04961788    h      1.000     0
         -4.97703368   -2.37348381    0.30213098    h      1.000     0
        -11.60105522   -8.73303682    0.22815390    h      1.000     0
        -15.57779949   -6.33165158    0.12069099    h      1.000     0
        -17.86198374   -2.24728314   -0.13547809    h      1.000     0
        -17.83552829    2.34101870   -0.39599880    h      1.000     0
        -17.69897586    5.99163776    0.05714201    h      1.000     0
         -5.08181603   -6.13837290   -0.43884810    h      1.000     0
        -14.51051959   10.53152364   -1.70388431    h      1.000     0
         -8.19402903  -10.22409159    2.27808804    h      1.000     0
         -4.55986054  -12.12585517    2.22055150    h      1.000     0
 
       center of nuclear mass  :  -11.70524115    0.38599439   -0.04978318
       center of nuclear charge:  -11.66967169    0.33068202   -0.04144374

              +--------------------------------------------------+
              |               basis set information              |
              +--------------------------------------------------+

              we will work with the 1s 3p 5d 7f 9g ... basis set
              ...i.e. with spherical basis functions...

   type   atoms  prim   cont   basis
   ---------------------------------------------------------------------------
    c       21     43     23   aug-cc-pVDZ   [4s3p2d|18s5p2d]
    o        1     43     23   aug-cc-pVDZ   [4s3p2d|18s5p2d]
    n        1     43     23   aug-cc-pVDZ   [4s3p2d|18s5p2d]
    h       13     11      9   aug-cc-pVDZ   [3s2p|5s2p]
   ---------------------------------------------------------------------------
   total:   36   1132    646
   ---------------------------------------------------------------------------

   total number of primitive shells          :   82
   total number of contracted shells         :  272
   total number of cartesian basis functions :  692
   total number of SCF-basis functions       :  646


 integral neglect threshold       :  0.48E-11
 integral storage threshold THIZE :  0.10E-04
 integral storage threshold THIME :         5

 RI-J AUXILIARY BASIS SET information:

              we will work with the 1s 3p 5d 7f 9g ... basis set
              ...i.e. with spherical basis functions...

   type   atoms  prim   cont   basis
   ---------------------------------------------------------------------------
    c       21     70     49   aug-cc-pVDZ   [6s4p3d1f1g|12s5p4d2f1g]
    o        1     70     49   aug-cc-pVDZ   [6s4p3d1f1g|12s5p4d2f1g]
    n        1     70     49   aug-cc-pVDZ   [6s4p3d1f1g|12s5p4d2f1g]
    h       13     16     11   aug-cc-pVDZ   [3s1p1d|5s2p1d]
   ---------------------------------------------------------------------------
   total:   36   1818   1270
   ---------------------------------------------------------------------------

   total number of primitive shells          :   80
   total number of contracted shells         :  410
   total number of cartesian basis functions : 1559
   total number of SCF-basis functions       : 1270


 symmetry group of the molecule :   c1 

 the group has the following generators :
   c1(z)

    1 symmetry operations found

 there are 1 real representations :   a   

 maximum number of shells which are related by symmetry :  1

  
           ------------------
           density functional
           ------------------
 PBE0 hybrid functional
 exchange:    3/4 (LDA+PBE) + 1/4 HF
 correlation: LDA (PW) + PBE

 iterations will be done with small grid
  
 spherical integration : Lebedev's spherical grid
 spherical gridsize    :                     3
    i.e. gridpoints    :                   302
 value for diffuse not defined
 radial integration    : Chebyshev 2nd kind (scaling 3)
 radial gridsize       :                     3
 integration cells     :                    36
 partition function    : becke
 partition sharpness   :                     3
  

 biggest AO integral is expected to be     4.738267915

          ------------------------
          nuclear repulsion energy  :   1623.15991793    
          ------------------------


         -----------------
         -S,T+V- integrals
         -----------------

 1e-integrals will be neglected if expon. factor < 0.482942E-12
 
   Difference densities algorithm switched on.
   The maximal number of linear combinations of
   difference densities is                    20 .

 DIIS switched on: error vector is FDS-SDF
 Max. Iterations for DIIS is     :   4
 DIIS matrix (see manual) 
    Scaling factor of diagonals  :  1.200
    threshold for scaling factor :  0.000

 scf convergence criterion : increment of total energy < .1000000D-06
                  and increment of one-electron energy < .1000000D-03

 MOs are in ASCII format !


    mo occupation :
   irrep   mo's   occupied
    a      646       77
 
 number of basis functions   :   646
 number of occupied orbitals :    77
 

 reading orbital data $scfmo  from file mos
 orbital characterization : expanded
 virtual MOs provided and orthogonalized by Cholesky decomposition

 automatic virtual orbital shift switched on 
      shift if e(lumo)-e(homo) < 0.10000000    

  
           ------------------------
               RI-J - INFORMATION
           ------------------------
 Contributions to RI integral batches: 
  neglected integral batches:                  6097
  direct contribution:                         3628
  memory contribution:                 27403
 Memory core needed for (P|Q) and Cholesky     13 MByte
 Memory core minimum needed except of (P|Q)     2 MByte
 Total minimum memory core needed (sum)        14 MByte
  
 ****************************************
 Memory allocated for RI-J  1846 MByte
 ****************************************
                                            

 DSCF restart information will be dumped onto file mos


 Starting SCF iterations

          Overall gridpoints after grid construction =         50511

 ITERATION  ENERGY          1e-ENERGY        2e-ENERGY     NORM[dD(SAO)]  TOL
   1  -934.03413887221    -4456.4074158     1899.2133590    0.000D+00 0.482D-11
                            Exc = -99.0940099528     Coul =  2029.65713023    
                            exK = -31.3497613222    
                              N = 153.99449832    
                            current damping = 0.300
 
          max. resid. norm for Fia-block=  3.159D-01 for orbital     46a         
          max. resid. fock norm         =  1.545D+00 for orbital    616a         

 ITERATION  ENERGY          1e-ENERGY        2e-ENERGY     NORM[dD(SAO)]  TOL
   2  -936.71910613695    -4489.8850218     1930.0059978    0.220D+03 0.124D-11
                            Exc = -100.724992522      Eck =  2030.73099029    
                              N = 153.99671959    
                            current damping = 0.250
 
          Norm of current diis error:  2.4923    
          max. resid. norm for Fia-block=  1.665D-01 for orbital     74a         
          max. resid. fock norm         =  3.168D-01 for orbital    597a         

 ITERATION  ENERGY          1e-ENERGY        2e-ENERGY     NORM[dD(SAO)]  TOL
   3  -936.79428452216    -4488.4588132     1928.5046107    0.722D+02 0.122D-11
                            Exc = -101.160495763      Eck =  2029.66510648    
                              N = 153.99690138    
                            current damping = 0.200
 
          Norm of current diis error:  1.9863    
          max. resid. norm for Fia-block=  1.087D-01 for orbital     69a         
          max. resid. fock norm         =  1.201D-01 for orbital     67a         

 ITERATION  ENERGY          1e-ENERGY        2e-ENERGY     NORM[dD(SAO)]  TOL
   4  -937.01470346063    -4489.5249807     1929.3503593    0.160D+02 0.121D-11
                            Exc = -100.959698696      Eck =  2030.31005800    
                              N = 153.99690335    
                            current damping = 0.250
 
          Norm of current diis error: 0.81240    
          max. resid. norm for Fia-block=  3.742D-02 for orbital     70a         
          max. resid. fock norm         =  4.482D-02 for orbital    581a         

 ITERATION  ENERGY          1e-ENERGY        2e-ENERGY     NORM[dD(SAO)]  TOL
   5  -937.04997925324    -4491.5379308     1931.3280336    0.641D+01 0.119D-11
                            Exc = -101.069729003      Eck =  2032.39776257    
                              N = 153.99692815    
                            current damping = 0.150
 
          Norm of current diis error: 0.26563    
          max. resid. norm for Fia-block=  1.550D-02 for orbital     24a         
          max. resid. fock norm         =  2.019D-02 for orbital     57a         
          mo-orthogonalization: Cholesky decomposition

 ITERATION  ENERGY          1e-ENERGY        2e-ENERGY     NORM[dD(SAO)]  TOL
   6  -937.05262392689    -4491.2077168     1930.9951749    0.265D+01 0.119D-11
                            Exc = -101.106795167      Eck =  2032.10197010    
                              N = 153.99697777    
                            current damping = 0.200
 
          Norm of current diis error: 0.14398    
          max. resid. norm for Fia-block=  4.827D-03 for orbital     24a         
          max. resid. fock norm         =  7.952D-03 for orbital     56a         

 ITERATION  ENERGY          1e-ENERGY        2e-ENERGY     NORM[dD(SAO)]  TOL
   7  -937.05367394133    -4491.1334775     1930.9198856    0.104D+01 0.119D-11
                            Exc = -101.081699256      Eck =  2032.00158490    
                              N = 153.99695776    
                            current damping = 0.100
 
          Norm of current diis error: 0.44219E-01
          max. resid. norm for Fia-block=  1.468D-03 for orbital     57a         
          max. resid. fock norm         =  2.173D-03 for orbital     27a         

 ITERATION  ENERGY          1e-ENERGY        2e-ENERGY     NORM[dD(SAO)]  TOL
   8  -937.05372122963    -4491.1182367     1930.9045975    0.318D+00 0.119D-11
                            Exc = -101.082105730      Eck =  2031.98670325    
                              N = 153.99696118    
                            current damping = 0.100
 
          Norm of current diis error: 0.31735E-01
          max. resid. norm for Fia-block=  7.007D-04 for orbital     57a         
          max. resid. fock norm         =  1.187D-03 for orbital     27a         

 ITERATION  ENERGY          1e-ENERGY        2e-ENERGY     NORM[dD(SAO)]  TOL
   9  -937.05376584299    -4491.1700634     1930.9563796    0.123D+00 0.119D-11
                            Exc = -101.085679323      Eck =  2032.04205890    
                              N = 153.99696020    
                            current damping = 0.150
 
          Norm of current diis error: 0.99957E-02
          max. resid. norm for Fia-block=  3.552D-04 for orbital     71a         
          max. resid. fock norm         =  4.875D-04 for orbital     66a         

 ITERATION  ENERGY          1e-ENERGY        2e-ENERGY     NORM[dD(SAO)]  TOL
  10  -937.05376953764    -4491.1717443     1930.9580568    0.635D-01 0.119D-11
                            Exc = -101.084417445      Eck =  2032.04247429    
                              N = 153.99696013    
                            current damping = 0.100
 
          Norm of current diis error: 0.58411E-02
          max. resid. norm for Fia-block=  1.763D-04 for orbital     71a         
          max. resid. fock norm         =  2.541D-04 for orbital     66a         
          mo-orthogonalization: Cholesky decomposition

 ITERATION  ENERGY          1e-ENERGY        2e-ENERGY     NORM[dD(SAO)]  TOL
  11  -937.05377132065    -4491.1500122     1930.9363230    0.288D-01 0.119D-11
                            Exc = -101.084206245      Eck =  2032.02052920    
                              N = 153.99696018    
                            current damping = 0.150
 
          Norm of current diis error: 0.17998E-02
          max. resid. norm for Fia-block=  5.329D-05 for orbital     71a         
          max. resid. fock norm         =  2.492D-04 for orbital    642a         

 ITERATION  ENERGY          1e-ENERGY        2e-ENERGY     NORM[dD(SAO)]  TOL
  12  -937.05377144709    -4491.1607702     1930.9470808    0.361D-01 0.119D-11
                            Exc = -101.084411302      Eck =  2032.03149213    
                              N = 153.99696006    
                            current damping = 0.200
 
          Norm of current diis error: 0.75418E-03
          max. resid. norm for Fia-block=  2.136D-05 for orbital     26a         
          max. resid. fock norm         =  2.062D-04 for orbital    642a         

 ITERATION  ENERGY          1e-ENERGY        2e-ENERGY     NORM[dD(SAO)]  TOL
  13  -937.05377148071    -4491.1597141     1930.9460247    0.270D-01 0.119D-11
                            Exc = -101.084466797      Eck =  2032.03049145    
                              N = 153.99696015    
                            current damping = 0.250
 
          Norm of current diis error: 0.26307E-03
          max. resid. norm for Fia-block=  8.348D-06 for orbital     71a         
          max. resid. fock norm         =  3.056D-04 for orbital    642a         

 ITERATION  ENERGY          1e-ENERGY        2e-ENERGY     NORM[dD(SAO)]  TOL
  14  -937.05377155436    -4491.1588603     1930.9451708    0.386D+02 0.137D-11
                            Exc = -101.084410344      Eck =  2032.02958113    
                              N = 153.99696013    
                            current damping = 0.100
 
          Norm of current diis error: 0.96024E-04
          max. resid. norm for Fia-block=  5.053D-06 for orbital     26a         
          max. resid. fock norm         =  7.999D-04 for orbital    642a         

 ENERGY CONVERGED !

          Overall gridpoints after grid construction =        183029

 ITERATION  ENERGY          1e-ENERGY        2e-ENERGY     NORM[dD(SAO)]  TOL
  15  -937.05484240375    -4491.1590200     1930.9442597    0.108D+00 0.148D-11
                            Exc = -101.085486762      Eck =  2032.02974642    
                              N = 153.99992081    
                            current damping = 0.150
 
          Norm of current diis error: 0.71552E-04
          max. resid. norm for Fia-block=  3.063D-06 for orbital     58a         
          max. resid. fock norm         =  6.916D-04 for orbital    642a         

 End of SCF iterations

   convergence criteria satisfied after    15 iterations


   *************************************************************************
   pbe0                                                                     
   *************************************************************************


                  ------------------------------------------ 
                 |  total energy      =   -937.05484240375  |
                  ------------------------------------------ 
                 :  kinetic energy    =    931.71491577802  :
                 :  potential energy  =  -1868.76975818177  :
                 :  virial theorem    =      1.99430137236  :
                 :  wavefunction norm =      1.00000000000  :
                  .......................................... 


 <geterg> : there is no data group $energy 


 <skperg> : $end is missing 


 orbitals $scfmo  will be written to file mos

    irrep                 73a         74a         75a         76a         77a   
 eigenvalues H         -0.29677    -0.28280    -0.25988    -0.25355    -0.21117
            eV          -8.0757     -7.6953     -7.0717     -6.8994     -5.7462
 occupation              2.0000      2.0000      2.0000      2.0000      2.0000

    irrep                 78a         79a         80a         81a         82a   
 eigenvalues H         -0.09401    -0.05511    -0.04505    -0.02456    -0.01996
            eV          -2.5581     -1.4995     -1.2258     -0.6683     -0.5431
 
 
 
 
 ==============================================================================
                           electrostatic moments
 ==============================================================================

 reference point for electrostatic moments:    0.00000   0.00000   0.00000

 
              nuc           elec       ->  total
 ------------------------------------------------------------------------------
                          charge      
 ------------------------------------------------------------------------------
         154.000000    -154.000000      -0.000000
 
 ------------------------------------------------------------------------------
                       dipole moment  
 ------------------------------------------------------------------------------
   x   -1797.129441    1798.957156       1.827715
   y      50.925031     -53.655665      -2.730634
   z      -6.382336       6.933180       0.550844
 
   | dipole moment | =     3.3317 a.u. =     8.4684 debye 
 
 ------------------------------------------------------------------------------
                     quadrupole moment
 ------------------------------------------------------------------------------
  xx   23874.467102  -24026.126776    -151.659674
  yy    6349.057355   -6444.944692     -95.887337
  zz      66.576432    -168.986804    -102.410373
  xy   -3451.762143    3505.625323      53.863180
  xz     400.774127    -406.869229      -6.095103
  yz    -581.773144     575.953527      -5.819618
 
     1/3  trace=    -116.652461
     anisotropy=     108.194639
 
 ==============================================================================
 
HOMO-LUMO Separation
 HOMO         :   -0.21116670 H =     -5.74614 eV
 LUMO         :   -0.09400627 H =     -2.55804 eV
 HOMO-LUMO gap:    0.11716044 H =     +3.18810 eV
 
 ==============================================================================


    ------------------------------------------------------------------------
         total  cpu-time :  1 hours 14 minutes and 59 seconds
         total wall-time :  1 hours 18 minutes and 52 seconds
    ------------------------------------------------------------------------

   ****  ridft : all done  ****


    2025-04-08 20:29:01.234 

 ridft ended normally
