
 eiger (nano18.int-nano.int.kit.edu) : TURBOMOLE rev. V7-6 19 Oct 2021 at 10:10:11 compiled Oct 19th 2021
 Copyright (C) 2021 TURBOMOLE GmbH, Karlsruhe


    2025-04-08 21:23:08.127 

 pbe0                                                                           
  
Total energy =  -1107.9144874320 H =    -30147.8887947 eV
 
 HOMO-LUMO Separation
   HOMO:    90.    90 a     -0.19836524 H =     -5.39779 eV
   LUMO:    91.    91 a     -0.09977133 H =     -2.71492 eV
   Gap :                    +0.09859390 H =     +2.68288 eV
 
Number of MOs=    760, Electrons=    180.00, Symmetry: c1   
 
   Nr.   Orbital    Occupation       Energy
  107.   107 a                     +0.031317 H =        +0.852 eV
  106.   106 a                     +0.028560 H =        +0.777 eV
  105.   105 a                     +0.024261 H =        +0.660 eV
  104.   104 a                     +0.021865 H =        +0.595 eV
  103.   103 a                     +0.018807 H =        +0.512 eV
  102.   102 a                     +0.017671 H =        +0.481 eV
  101.   101 a                     +0.011737 H =        +0.319 eV
  100.   100 a                     +0.010702 H =        +0.291 eV
   99.    99 a                     +0.005998 H =        +0.163 eV
   98.    98 a                     -0.000420 H =        -0.011 eV
   97.    97 a                     -0.004860 H =        -0.132 eV
   96.    96 a                     -0.013448 H =        -0.366 eV
   95.    95 a                     -0.018825 H =        -0.512 eV
   94.    94 a                     -0.024832 H =        -0.676 eV
   93.    93 a                     -0.043377 H =        -1.180 eV
   92.    92 a                     -0.060406 H =        -1.644 eV
   91.    91 a                     -0.099771 H =        -2.715 eV
   90.    90 a        2.000        -0.198365 H =        -5.398 eV
   89.    89 a        2.000        -0.239462 H =        -6.516 eV
   88.    88 a        2.000        -0.256223 H =        -6.972 eV
   87.    87 a        2.000        -0.278242 H =        -7.571 eV
   86.    86 a        2.000        -0.291367 H =        -7.929 eV
   85.    85 a        2.000        -0.296466 H =        -8.067 eV
   84.    84 a        2.000        -0.313503 H =        -8.531 eV
   83.    83 a        2.000        -0.314497 H =        -8.558 eV
   82.    82 a        2.000        -0.315261 H =        -8.579 eV
   81.    81 a        2.000        -0.334969 H =        -9.115 eV
   80.    80 a        2.000        -0.338649 H =        -9.215 eV
   79.    79 a        2.000        -0.351383 H =        -9.562 eV
   78.    78 a        2.000        -0.358653 H =        -9.759 eV
   77.    77 a        2.000        -0.370394 H =       -10.079 eV
   76.    76 a        2.000        -0.373443 H =       -10.162 eV
   75.    75 a        2.000        -0.395439 H =       -10.760 eV


    ------------------------------------------------------------------------
         total  cpu-time :   0.29 seconds
         total wall-time :   0.31 seconds
    ------------------------------------------------------------------------

   ****  eiger : all done  ****


    2025-04-08 21:23:08.417 

