
 eiger (nano16.int-nano.int.kit.edu) : TURBOMOLE rev. V7-6 19 Oct 2021 at 10:10:11 compiled Oct 19th 2021
 Copyright (C) 2021 TURBOMOLE GmbH, Karlsruhe


    2025-03-23 13:22:36.619 

 m062xd                                                                         
  
Total energy =  -1774.6141435750 H =    -48289.7104974 eV
 
 HOMO-LUMO Separation
   HOMO:   123.   123 a     -0.22890157 H =     -6.22873 eV
   LUMO:   124.   124 a     -0.10300671 H =     -2.80296 eV
   Gap :                    +0.12589486 H =     +3.42577 eV
 
Number of MOs=   1020, Electrons=    246.00, Symmetry: c1   
 
   Nr.   Orbital    Occupation       Energy
  140.   140 a                     +0.024001 H =        +0.653 eV
  139.   139 a                     +0.021811 H =        +0.593 eV
  138.   138 a                     +0.018489 H =        +0.503 eV
  137.   137 a                     +0.016134 H =        +0.439 eV
  136.   136 a                     +0.013698 H =        +0.373 eV
  135.   135 a                     +0.011011 H =        +0.300 eV
  134.   134 a                     +0.010091 H =        +0.275 eV
  133.   133 a                     +0.007591 H =        +0.207 eV
  132.   132 a                     +0.006402 H =        +0.174 eV
  131.   131 a                     +0.005474 H =        +0.149 eV
  130.   130 a                     +0.001539 H =        +0.042 eV
  129.   129 a                     +0.001032 H =        +0.028 eV
  128.   128 a                     -0.003874 H =        -0.105 eV
  127.   127 a                     -0.006450 H =        -0.176 eV
  126.   126 a                     -0.010682 H =        -0.291 eV
  125.   125 a                     -0.040763 H =        -1.109 eV
  124.   124 a                     -0.103007 H =        -2.803 eV
  123.   123 a        2.000        -0.228902 H =        -6.229 eV
  122.   122 a        2.000        -0.270288 H =        -7.355 eV
  121.   121 a        2.000        -0.301131 H =        -8.194 eV
  120.   120 a        2.000        -0.318803 H =        -8.675 eV
  119.   119 a        2.000        -0.327086 H =        -8.900 eV
  118.   118 a        2.000        -0.333890 H =        -9.086 eV
  117.   117 a        2.000        -0.364341 H =        -9.914 eV
  116.   116 a        2.000        -0.389383 H =       -10.596 eV
  115.   115 a        2.000        -0.391943 H =       -10.665 eV
  114.   114 a        2.000        -0.398860 H =       -10.854 eV
  113.   113 a        2.000        -0.406826 H =       -11.070 eV
  112.   112 a        2.000        -0.410814 H =       -11.179 eV
  111.   111 a        2.000        -0.411117 H =       -11.187 eV
  110.   110 a        2.000        -0.415247 H =       -11.299 eV
  109.   109 a        2.000        -0.417795 H =       -11.369 eV
  108.   108 a        2.000        -0.419274 H =       -11.409 eV


    ------------------------------------------------------------------------
         total  cpu-time :   0.49 seconds
         total wall-time :   0.50 seconds
    ------------------------------------------------------------------------

   ****  eiger : all done  ****


    2025-03-23 13:22:37.101 

