
 ridft (nano16.int-nano.int.kit.edu) : TURBOMOLE rev. V7-6 19 Oct 2021 at 10:10:11 compiled Oct 19th 2021
 Copyright (C) 2021 TURBOMOLE GmbH, Karlsruhe


    2025-03-23 10:20:24.592 



                                  r i d f t

                        DFT program with RI approximation 
                                for coulomb part 




                                                 
                                 References:     
                                                 
          TURBOMOLE:                             
              R. Ahlrichs, M. Baer, M. Haeser, H. Horn, and
              C. Koelmel
              Electronic structure calculations on workstation
              computers: the program system TURBOMOLE
              Chem. Phys. Lett. 162: 165 (1989)
          Density Functional:                              
              O. Treutler and R. Ahlrichs                      
              Efficient Molecular Numerical Integration Schemes
              J. Chem. Phys. 102: 346 (1995)                   
          Parallel Version:                                
              Performance of parallel TURBOMOLE for Density    
              Functional Calculations                          
              M. v. Arnim and R. Ahlrichs                      
              J. Comp. Chem. 19: 1746 (1998)                   
          RI-J Method:                                     
              Auxiliary Basis Sets to approximate Coulomb      
              Potentials                                       
              Chem. Phys. Lett. 240: 283 (1995)                
              K. Eichkorn, O. Treutler, H. Oehm, M. Haeser     
              and R. Ahlrichs                                  
              Chem. Phys. Lett. 242: 652 (1995)                
                                                           
              Auxiliary Basis Sets for Main Row Atoms and their
              Use to approximate Coulomb Potentials            
              K. Eichkorn, F. Weigend, O. Treutler and         
              R. Ahlrichs                                      
              Theo. Chem. Acc. 97: 119 (1997)                   
                                                           
              Accurate Coulomb-fitting basis sets for H to Rn 
              F. Weigend                                        
              Phys. Chem. Chem. Phys. 8: 1057 (2006)            
                                                           
          Multipole accelerated RI-J (MARI-J):             
              Fast evaluation of the Coulomb potential for     
              electron densities using multipole accelerated   
              resolution of identity approximation             
              M. Sierka, A. Hogekamp and R. Ahlrichs           
              J. Chem. Phys. 118: 9136 (2003)                  
          RI-JK Method:                                     
              A fully direct RI-HF algorithm: Implementation,
              optimised auxiliary basis sets, demonstration of
              accuracy and efficiency                         
              F. Weigend                                      
              Phys. Chem. Chem. Phys. 4: 4285 (2002)           
          Two-component HF and DFT with spin-orbit coupling:  
              Self-consistent treatment of spin-orbit         
              interactions with efficient Hartree-Fock and    
              density functional methods                      
              M. K. Armbruster, F. Weigend, C. van Wüllen and 
              W. Klopper                                      
              Phys. Chem. Chem. Phys. 10: 1748 (2008)         
          Two-component difference density and DIIS algorithm 
              Efficient two-component self-consistent field   
              procedures and gradients: implementation in     
              TURBOMOLE and application to Au20-              
              A. Baldes, F. Weigend                           
              Mol. Phys. 111: 2617 (2013)                     
          Relativistic all-electron 2c calculations           
              An efficient implementation of two-component    
              relativistic exact-decoupling methods for large 
              molecules                                       
              D. Peng, N. Middendorf, F. Weigend, M. Reiher   
              J. Chem. Phys. 138: 184105 (2013)               
          Finite nucleus model and SNSO approximation         
              Efficient implementation of one- and two-       
              component analytical energy gradients in exact  
              two-component theory                            
              Y. J. Franzke, N. Middendorf, F. Weigend        
              J. Chem. Phys. 148: 104110 (2018)               
          Grids for all-electron relativistic methods         
              Error-consistent segmented contracted all-      
              electron relativistic basis sets of double-     
              and triple-zeta quality for NMR shielding       
              constants                                       
              Y. J. Franzke, R. Tress, T. M. Pazdera,         
              F. Weigend                                      
              Phys. Chem. Chem. Phys. 21: 166658 (2019)       
          Seminumerical exchange algorithms                   
              Seminumerical calculation of the Hartree-Fock   
              exchange matirx: Application to two-component   
              procedures and efficient evaluation of local    
              hybrid functionsl                               
               P. Plessow, F. Weigend,                        
              J. Comput. Chem. 33: 810 (2012)                 
          Improved seminumerical algorithms                   
              C. Holzer,                                      
              J. Chem. Phys. 153 (2020), 184115               
                                         




              +--------------------------------------------------+
              |      general information about current run       |
              +--------------------------------------------------+

 
 Libxc version: 5.1.4
 S. Lehtola, C. Steigemann, M.J.T. Oliveira, and M.A.L. Marques, Software X 7, 1 (2018)
 M.A.L. Marques, M.J.T. Oliveira, and T. Burnus, Comput. Phys. Commun. 183, 2272 (2012)
 TURBOMOLE integration by Christof Holzer

 Name of XC-Functional: Minnesota M06-2X hybrid exchange functional
 HF exchange scaling factor =    0.54000
 [1] Y. Zhao and D. G. Truhlar, Theor. Chem. Acc. 120, 215 (2008)
 A Hybrid-DFT calculation using the RI-J approximation will be carried out.
 Allocatable memory for RI due to $ricore (MB):                  2000

   *************************************************************************
   m062xd                                                                   
   *************************************************************************




              +--------------------------------------------------+
              | Atomic coordinate, charge and isotop information |
              +--------------------------------------------------+

                    atomic coordinates            atom    charge  isotop
          3.93808928   -0.96675459    0.35759382    c      6.000     0
          4.50136353    4.40174020    4.27411376    c      6.000     0
          1.71029814    0.80131021    0.89641086    c      6.000     0
          3.26181620    1.95390784    5.19537585    c      6.000     0
         -1.19005238    0.60001715    4.58393587    c      6.000     0
         -1.56195842    0.08761243    7.20002812    c      6.000     0
         -3.40222682    0.56947199    3.03880452    c      6.000     0
         -5.76809495    0.06667634    4.03170385    c      6.000     0
         -3.94598361   -0.40624652    8.16907099    c      6.000     0
         -6.13622419   -0.44127675    6.63466780    c      6.000     0
         -8.57014495   -0.96645356    7.75870127    c      6.000     0
        -10.85663854   -1.11071374    6.56506068    c      6.000     0
        -13.24055412   -1.61645359    7.74602650    c      6.000     0
        -15.58077319   -1.78456135    6.51095782    c      6.000     0
        -17.60433463   -2.29784839    8.13377506    c      6.000     0
        -16.90269992   -2.54199628   10.67625624    c      6.000     0
        -18.55272902   -3.05570264   12.72263594    c      6.000     0
        -17.89127575   -3.29521749   15.23522127    c      6.000     0
        -23.87257508   -1.85321907   16.36193287    c      6.000     0
        -19.54535869   -3.80797540   17.27454586    c      6.000     0
        -18.81329675   -4.03752780   19.79905405    c      6.000     0
        -22.39663756   -4.20926479   17.16704671    c      6.000     0
        -23.18230141   -6.59103119   15.72233616    c      6.000     0
        -21.02334657   -4.56186123   21.30382029    c      6.000     0
        -21.31535933   -4.94750897   23.88905312    c      6.000     0
          1.16596744    1.10799046    3.59475023    n      7.000     0
        -13.61603665   -2.11055593   10.99794186    s     16.000     0
        -16.28806839   -3.78436119   20.66814854    c      6.000     0
        -23.05334593   -4.66252524   19.82170733    o      8.000     0
        -19.25810483   -4.87117916   25.62315519    c      6.000     0
        -23.77260952   -5.44131728   24.88405609    c      6.000     0
        -14.18114791   -3.55407274   21.25053870    n      7.000     0
        -17.63411123   -4.82435760   27.10521146    n      7.000     0
        -25.76642875   -5.84553725   25.71891801    n      7.000     0
          4.12546205   -1.22782234   -1.69919241    h      1.000     0
          5.74838530   -0.21842078    1.05672294    h      1.000     0
          3.62981655   -2.83592088    1.22249407    h      1.000     0
          5.93713776    5.00685450    5.65451977    h      1.000     0
          5.45760804    4.18303766    2.43958805    h      1.000     0
          3.09218796    5.92462815    4.09518996    h      1.000     0
          0.03301049    0.01046568   -0.02254557    h      1.000     0
          2.04681566    2.65966215    0.00373958    h      1.000     0
          2.52846225    2.28891036    7.10186479    h      1.000     0
          4.70271669    0.45131857    5.37537264    h      1.000     0
          0.04617357    0.01253644    8.48331317    h      1.000     0
         -3.26875679    1.01976822    1.03397196    h      1.000     0
         -7.38642749    0.10752674    2.74969154    h      1.000     0
         -4.13054938   -0.81441754   10.18736595    h      1.000     0
         -8.52708206   -1.27765990    9.80789666    h      1.000     0
        -10.97146245   -0.82745268    4.51927285    h      1.000     0
        -15.76040772   -1.53313537    4.47165534    h      1.000     0
        -19.56350441   -2.49693746    7.51649602    h      1.000     0
        -20.52978998   -3.26725238   12.16108870    h      1.000     0
        -15.89866575   -3.07362310   15.74658532    h      1.000     0
        -23.54904301   -1.42247320   14.35670290    h      1.000     0
        -25.90472023   -2.18838751   16.64591789    h      1.000     0
        -23.30138590   -0.20616005   17.49377148    h      1.000     0
        -22.83719168   -6.37327256   13.68645786    h      1.000     0
        -22.12352187   -8.24608526   16.40102450    h      1.000     0
        -25.21249465   -6.92994695   16.01510255    h      1.000     0
 
       center of nuclear mass  :  -12.55825804   -2.13737977   12.49098287
       center of nuclear charge:  -12.32670452   -2.06829921   12.23281163

              +--------------------------------------------------+
              |               basis set information              |
              +--------------------------------------------------+

              we will work with the 1s 3p 5d 7f 9g ... basis set
              ...i.e. with spherical basis functions...

   type   atoms  prim   cont   basis
   ---------------------------------------------------------------------------
    c       28     43     23   aug-cc-pVDZ   [4s3p2d|18s5p2d]
    n        4     43     23   aug-cc-pVDZ   [4s3p2d|18s5p2d]
    s        1     93     27   aug-cc-pVDZ   [5s4p2d|35s16p2d]
    o        1     43     23   aug-cc-pVDZ   [4s3p2d|18s5p2d]
    h       26     11      9   aug-cc-pVDZ   [3s2p|5s2p]
   ---------------------------------------------------------------------------
   total:   60   1798   1020
   ---------------------------------------------------------------------------

   total number of primitive shells          :  135
   total number of contracted shells         :  438
   total number of cartesian basis functions : 1088
   total number of SCF-basis functions       : 1020


 integral neglect threshold       :  0.31E-11
 integral storage threshold THIZE :  0.10E-04
 integral storage threshold THIME :         5

 RI-J AUXILIARY BASIS SET information:

              we will work with the 1s 3p 5d 7f 9g ... basis set
              ...i.e. with spherical basis functions...

   type   atoms  prim   cont   basis
   ---------------------------------------------------------------------------
    c       28     70     49   aug-cc-pVDZ   [6s4p3d1f1g|12s5p4d2f1g]
    n        4     70     49   aug-cc-pVDZ   [6s4p3d1f1g|12s5p4d2f1g]
    s        1     77     51   aug-cc-pVDZ   [8s4p3d1f1g|14s5p5d2f1g]
    o        1     70     49   aug-cc-pVDZ   [6s4p3d1f1g|12s5p4d2f1g]
    h       26     16     11   aug-cc-pVDZ   [3s1p1d|5s2p1d]
   ---------------------------------------------------------------------------
   total:   60   2803   1954
   ---------------------------------------------------------------------------

   total number of primitive shells          :  107
   total number of contracted shells         :  642
   total number of cartesian basis functions : 2388
   total number of SCF-basis functions       : 1954


 symmetry group of the molecule :   c1 

 the group has the following generators :
   c1(z)

    1 symmetry operations found

 there are 1 real representations :   a   

 maximum number of shells which are related by symmetry :  1

 ==============================================================================
                      COSMO switched on
 ==============================================================================
 COSMO stati: segments per atom: H   32 other atoms   92
 COSMO statistics: nps   2182 npspher:    898
 COSMO surface:
   number of segments: 2182
   area (bohr**2):     1855.165220
   volume (bohr**3):   3954.537455
 COSMO: check number of disjunct cavities:

       ... OK contiguous cavity found
  
           ------------------
           density functional
           ------------------
 Name of XC-Functional: Minnesota M06-2X hybrid exchange functional
 HF exchange scaling factor =    0.54000
 [1] Y. Zhao and D. G. Truhlar, Theor. Chem. Acc. 120, 215 (2008)

 iterations will be done with small grid
  
 spherical integration : Lebedev's spherical grid
 spherical gridsize    :                     3
    i.e. gridpoints    :                   302
 value for diffuse not defined
 radial integration    : Chebyshev 2nd kind (scaling 3)
 radial gridsize       :                     3
 integration cells     :                    60
 partition function    : becke
 partition sharpness   :                     3
  

 biggest AO integral is expected to be     9.680754338

          ------------------------
          nuclear repulsion energy  :   3057.81777871    
          ------------------------


         -----------------
         -S,T+V- integrals
         -----------------

 1e-integrals will be neglected if expon. factor < 0.307166E-12
 
   Difference densities algorithm switched on.
   The maximal number of linear combinations of
   difference densities is                    20 .

 DIIS switched on: error vector is FDS-SDF
 Max. Iterations for DIIS is     :   4
 DIIS matrix (see manual) 
    Scaling factor of diagonals  :  1.200
    threshold for scaling factor :  0.000

 scf convergence criterion : increment of total energy < .1000000D-06
                  and increment of one-electron energy < .1000000D-03

 MOs are in ASCII format !


    mo occupation :
   irrep   mo's   occupied
    a     1020      123
 
 number of basis functions   :  1020
 number of occupied orbitals :   123
 

 reading orbital data $scfmo  from file mos
 orbital characterization : expanded
 virtual MOs provided and orthogonalized by Cholesky decomposition

 automatic virtual orbital shift switched on 
      shift if e(lumo)-e(homo) < 0.10000000    

  
           ------------------------
               RI-J - INFORMATION
           ------------------------
 Contributions to RI integral batches: 
  neglected integral batches:                 37950
  direct contribution:                        31294
  memory contribution:                 26897
 Memory core needed for (P|Q) and Cholesky     30 MByte
 Memory core minimum needed except of (P|Q)     2 MByte
 Total minimum memory core needed (sum)        31 MByte
  
 ****************************************
 Memory allocated for RI-J  1479 MByte
 ****************************************
                                            

 DSCF restart information will be dumped onto file mos


 Starting SCF iterations

          Overall gridpoints after grid construction =         80896

 ITERATION  ENERGY          1e-ENERGY        2e-ENERGY     NORM[dD(SAO)]  TOL
   1  -1769.0259513881    -8431.0936138     3604.2498837    0.000D+00 0.306D-11
                            Exc = -105.663176691     Coul =  3823.22881195    
                            exK = -113.315751505    
                              N = 246.00117448    
                          Ediel =-0.204375252441    
                            current damping = 0.300
 
          max. resid. norm for Fia-block=  9.634D-01 for orbital      1a         
          max. resid. fock norm         =  1.674D+00 for orbital      1a         

 ITERATION  ENERGY          1e-ENERGY        2e-ENERGY     NORM[dD(SAO)]  TOL
   2  -1773.9644369479    -8484.9567791     3653.1745635    0.197D+03 0.858D-12
                            Exc = -107.026670848      Eck =  3760.20123433    
                              N = 246.00084874    
                          Ediel =-0.399461279543E-01
                            current damping = 0.250
 
          Norm of current diis error:  3.1941    
          max. resid. norm for Fia-block=  2.271D-01 for orbital      1a         
          max. resid. fock norm         =  3.804D-01 for orbital      1a         

 ITERATION  ENERGY          1e-ENERGY        2e-ENERGY     NORM[dD(SAO)]  TOL
   3  -1774.3102207875    -8484.8406617     3652.7126622    0.389D+02 0.767D-12
                            Exc = -107.453872591      Eck =  3760.16653475    
                              N = 246.00060093    
                          Ediel =-0.716803658752E-01
                            current damping = 0.200
 
          Norm of current diis error:  2.1433    
          max. resid. norm for Fia-block=  9.067D-02 for orbital    115a         
          max. resid. fock norm         =  9.825D-02 for orbital    115a         

 ITERATION  ENERGY          1e-ENERGY        2e-ENERGY     NORM[dD(SAO)]  TOL
   4  -1774.5856216438    -8486.7606729     3654.3572726    0.118D+02 0.744D-12
                            Exc = -107.265476115      Eck =  3761.62274867    
                              N = 246.00052871    
                          Ediel =-0.319453087712E-01
                            current damping = 0.250
 
          Norm of current diis error: 0.70855    
          max. resid. norm for Fia-block=  2.875D-02 for orbital     44a         
          max. resid. fock norm         =  3.481D-02 for orbital     42a         

 ITERATION  ENERGY          1e-ENERGY        2e-ENERGY     NORM[dD(SAO)]  TOL
   5  -1774.6131527441    -8488.7198224     3656.2888910    0.422D+01 0.736D-12
                            Exc = -107.363856350      Eck =  3763.65274731    
                              N = 246.00050804    
                          Ediel =-0.341499938617E-01
                            current damping = 0.150
 
          Norm of current diis error: 0.20368    
          max. resid. norm for Fia-block=  9.290D-03 for orbital     39a         
          max. resid. fock norm         =  1.299D-02 for orbital     39a         
          mo-orthogonalization: Cholesky decomposition

 ITERATION  ENERGY          1e-ENERGY        2e-ENERGY     NORM[dD(SAO)]  TOL
   6  -1774.6157182326    -8489.0023935     3656.5688965    0.165D+01 0.732D-12
                            Exc = -107.377540104      Eck =  3763.94643663    
                              N = 246.00047663    
                          Ediel =-0.339401526783E-01
                            current damping = 0.100
 
          Norm of current diis error: 0.88262E-01
          max. resid. norm for Fia-block=  3.161D-03 for orbital     39a         
          max. resid. fock norm         =  4.820D-03 for orbital   1013a         

 ITERATION  ENERGY          1e-ENERGY        2e-ENERGY     NORM[dD(SAO)]  TOL
   7  -1774.6162193189    -8488.7244976     3656.2904995    0.648D+00 0.731D-12
                            Exc = -107.366504343      Eck =  3763.65700388    
                              N = 246.00048469    
                          Ediel =-0.334886349239E-01
                            current damping = 0.150
 
          Norm of current diis error: 0.40652E-01
          max. resid. norm for Fia-block=  1.664D-03 for orbital    114a         
          max. resid. fock norm         =  1.807D-03 for orbital    114a         

 ITERATION  ENERGY          1e-ENERGY        2e-ENERGY     NORM[dD(SAO)]  TOL
   8  -1774.6163197006    -8488.8990624     3656.4649640    0.215D+00 0.731D-12
                            Exc = -107.369614835      Eck =  3763.83457885    
                              N = 246.00047981    
                          Ediel =-0.332169811553E-01
                            current damping = 0.200
 
          Norm of current diis error: 0.20531E-01
          max. resid. norm for Fia-block=  1.173D-03 for orbital    100a         
          max. resid. fock norm         =  1.428D-03 for orbital    100a         

 ITERATION  ENERGY          1e-ENERGY        2e-ENERGY     NORM[dD(SAO)]  TOL
   9  -1774.6163464716    -8488.8902529     3656.4561277    0.105D+00 0.730D-12
                            Exc = -107.371556885      Eck =  3763.82768459    
                              N = 246.00048039    
                          Ediel =-0.333732459890E-01
                            current damping = 0.250
 
          Norm of current diis error: 0.12935E-01
          max. resid. norm for Fia-block=  4.885D-04 for orbital    112a         
          max. resid. fock norm         =  6.529D-04 for orbital     50a         

 ITERATION  ENERGY          1e-ENERGY        2e-ENERGY     NORM[dD(SAO)]  TOL
  10  -1774.6163576738    -8488.8863565     3656.4522201    0.426D-01 0.729D-12
                            Exc = -107.370253717      Eck =  3763.82247385    
                              N = 246.00048087    
                          Ediel =-0.332238646963E-01
                            current damping = 0.100
 
          Norm of current diis error: 0.44782E-02
          max. resid. norm for Fia-block=  2.328D-04 for orbital    122a         
          max. resid. fock norm         =  2.986D-04 for orbital    124a         
          mo-orthogonalization: Cholesky decomposition

 ITERATION  ENERGY          1e-ENERGY        2e-ENERGY     NORM[dD(SAO)]  TOL
  11  -1774.6163605430    -8488.8861149     3656.4519757    0.459D-01 0.728D-12
                            Exc = -107.370354218      Eck =  3763.82232991    
                              N = 246.00048085    
                          Ediel =-0.331977605931E-01
                            current damping = 0.100
 
          Norm of current diis error: 0.31482E-02
          max. resid. norm for Fia-block=  1.259D-04 for orbital    119a         
          max. resid. fock norm         =  1.627D-04 for orbital    118a         

 ITERATION  ENERGY          1e-ENERGY        2e-ENERGY     NORM[dD(SAO)]  TOL
  12  -1774.6163615310    -8488.8950312     3656.4608909    0.343D+02 0.874D-12
                            Exc = -107.370491111      Eck =  3763.83138206    
                              N = 246.00048088    
                          Ediel =-0.331670623077E-01
                            current damping = 0.150
 
          Norm of current diis error: 0.16178E-02
          max. resid. norm for Fia-block=  7.235D-05 for orbital    122a         
          max. resid. fock norm         =  5.676D-04 for orbital   1008a         

 ITERATION  ENERGY          1e-ENERGY        2e-ENERGY     NORM[dD(SAO)]  TOL
  13  -1774.6163617785    -8488.8890959     3656.4549554    0.298D+00 0.852D-12
                            Exc = -107.370407749      Eck =  3763.82536312    
                              N = 246.00048127    
                          Ediel =-0.331628788443E-01
                            current damping = 0.200
 
          Norm of current diis error: 0.10995E-02
          max. resid. norm for Fia-block=  5.227D-05 for orbital    109a         
          max. resid. fock norm         =  2.687D-04 for orbital   1009a         

 ITERATION  ENERGY          1e-ENERGY        2e-ENERGY     NORM[dD(SAO)]  TOL
  14  -1774.6163619142    -8488.8920362     3656.4578956    0.651D-01 0.830D-12
                            Exc = -107.370391424      Eck =  3763.82828698    
                              N = 246.00048120    
                          Ediel =-0.331443330492E-01
                            current damping = 0.250
 
          Norm of current diis error: 0.67579E-03
          max. resid. norm for Fia-block=  2.783D-05 for orbital    112a         
          max. resid. fock norm         =  2.326D-04 for orbital   1010a         

 ENERGY CONVERGED !

          Overall gridpoints after grid construction =        295489

 ITERATION  ENERGY          1e-ENERGY        2e-ENERGY     NORM[dD(SAO)]  TOL
  15  -1774.6141435750    -8488.8922817     3656.4603594    0.269D-01 0.875D-12
                            Exc = -107.368228843      Eck =  3763.82858829    
                              N = 245.99992296    
                          Ediel =-0.331452194989E-01
                            current damping = 0.100
 
          Norm of current diis error: 0.40120E-03
          max. resid. norm for Fia-block=  1.338D-05 for orbital    118a         
          max. resid. fock norm         =  2.933D-04 for orbital   1020a         

 End of SCF iterations

   convergence criteria satisfied after    15 iterations


   *************************************************************************
   m062xd                                                                   
   *************************************************************************


                  ------------------------------------------ 
                 |  total energy      =  -1774.61414357495  |
                  ------------------------------------------ 
                 :  kinetic energy    =   1765.22508916558  :
                 :  potential energy  =  -3539.83923274053  :
                 :  virial theorem    =      1.99470924176  :
                 :  wavefunction norm =      1.00000000000  :
                  .......................................... 


 <geterg> : there is no data group $energy 


 <skperg> : $end is missing 


 orbitals $scfmo  will be written to file mos

    irrep                119a        120a        121a        122a        123a   
 eigenvalues H         -0.32709    -0.31880    -0.30113    -0.27029    -0.22890
            eV          -8.9005     -8.6751     -8.1942     -7.3550     -6.2288
 occupation              2.0000      2.0000      2.0000      2.0000      2.0000

    irrep                124a        125a        126a        127a        128a   
 eigenvalues H         -0.10301    -0.04076    -0.01068    -0.00645    -0.00387
            eV          -2.8030     -1.1092     -0.2907     -0.1755     -0.1054
 
 ==============================================================================
                                  COSMO RESULTS
 ==============================================================================
  PARAMETER:
    nppa:      1082
    nspa:        92
    nsph:        32
    nps:       2182
    npspher:    898
    disex:   10.0000    
    disex2:  4512.41    
    rsolv [A]: 1.3000
    routf:     0.8500
    phsran:    0.0    
    ampran:   0.10E-04
    cavity:  closed
    epsilon:     4.800
    refind:     1.300
    fepsi:      0.7169811
  CAVITY VOLUME/AREA [a.u.]:
    surface: V1.0, A matrix: V1.0
    area:  1855.17
    volume:  3954.54
  SCREENING CHARGE:
    cosmo      :  -0.054007
    correction :   0.052548
    total      :  -0.001459
  ENERGIES [a.u.]:
    Total energy            =   -1774.6141435749525
    Total energy + OC corr. =    -1774.6140358462
    Dielectric energy       =       -0.0331452195
    Diel. energy + OC corr. =       -0.0330374908
  ELEMENT RADIUS [A]: ATOM LIST
    c  2.00: 1-25,28,30,31
    n  1.83: 26,32-34
    s  2.16: 27
    o  1.72: 29
    h  1.30: 35-60
 ==============================================================================
 
 
 
 ==============================================================================
                           electrostatic moments
 ==============================================================================

 reference point for electrostatic moments:    0.00000   0.00000   0.00000

 
              nuc           elec       ->  total
 ------------------------------------------------------------------------------
                          charge      
 ------------------------------------------------------------------------------
         246.000000    -246.000000       0.000000
 
 ------------------------------------------------------------------------------
                       dipole moment  
 ------------------------------------------------------------------------------
   x   -3032.369313    3035.357942       2.988629
   y    -508.801605     510.500230       1.698625
   z    3009.271660   -3018.656136      -9.384475
 
   | dipole moment | =     9.9943 a.u. =    25.4029 debye 
 
 ------------------------------------------------------------------------------
                     quadrupole moment
 ------------------------------------------------------------------------------
  xx   59404.403604  -59596.009798    -191.606195
  yy    2684.756202   -2851.647933    -166.891731
  zz   52093.573324  -52556.308971    -462.735647
  xy   11533.063541  -11557.513505     -24.449963
  xz  -52101.849441   52281.828117     179.978676
  yz  -10336.847687   10391.706964      54.859277
 
     1/3  trace=    -273.744524
     anisotropy=     434.536302
 
 ==============================================================================
 
HOMO-LUMO Separation
 HOMO         :   -0.22890157 H =     -6.22873 eV
 LUMO         :   -0.10300671 H =     -2.80296 eV
 HOMO-LUMO gap:    0.12589486 H =     +3.42578 eV
 
 ==============================================================================


    ------------------------------------------------------------------------
         total  cpu-time :  3 hours  2 minutes and  2 seconds
         total wall-time :  3 hours  2 minutes and 12 seconds
    ------------------------------------------------------------------------

   ****  ridft : all done  ****


    2025-03-23 13:22:36.430 

