
 eiger (nano06.int-nano.int.kit.edu) : TURBOMOLE rev. V7-6 19 Oct 2021 at 10:10:11 compiled Oct 19th 2021
 Copyright (C) 2021 TURBOMOLE GmbH, Karlsruhe


    2025-05-24 13:44:50.228 

 B3                                                                             
  
Total energy =  -2292.8497117470 H =    -62391.6185922 eV
 
 HOMO-LUMO Separation
   HOMO:   167.   167 a     -0.18944789 H =     -5.15514 eV
   LUMO:   168.   168 a     -0.11846718 H =     -3.22366 eV
   Gap :                    +0.07098071 H =     +1.93148 eV
 
Number of MOs=   1413, Electrons=    334.00, Symmetry: c1   
 
   Nr.   Orbital    Occupation       Energy
  184.   184 a                     +0.012324 H =        +0.335 eV
  183.   183 a                     +0.010918 H =        +0.297 eV
  182.   182 a                     +0.009720 H =        +0.265 eV
  181.   181 a                     +0.004165 H =        +0.113 eV
  180.   180 a                     +0.002164 H =        +0.059 eV
  179.   179 a                     +0.002015 H =        +0.055 eV
  178.   178 a                     -0.002452 H =        -0.067 eV
  177.   177 a                     -0.005966 H =        -0.162 eV
  176.   176 a                     -0.008480 H =        -0.231 eV
  175.   175 a                     -0.015755 H =        -0.429 eV
  174.   174 a                     -0.016346 H =        -0.445 eV
  173.   173 a                     -0.017530 H =        -0.477 eV
  172.   172 a                     -0.028587 H =        -0.778 eV
  171.   171 a                     -0.033459 H =        -0.910 eV
  170.   170 a                     -0.039146 H =        -1.065 eV
  169.   169 a                     -0.058490 H =        -1.592 eV
  168.   168 a                     -0.118467 H =        -3.224 eV
  167.   167 a        2.000        -0.189448 H =        -5.155 eV
  166.   166 a        2.000        -0.233080 H =        -6.342 eV
  165.   165 a        2.000        -0.250298 H =        -6.811 eV
  164.   164 a        2.000        -0.251028 H =        -6.831 eV
  163.   163 a        2.000        -0.265228 H =        -7.217 eV
  162.   162 a        2.000        -0.275174 H =        -7.488 eV
  161.   161 a        2.000        -0.284562 H =        -7.743 eV
  160.   160 a        2.000        -0.300897 H =        -8.188 eV
  159.   159 a        2.000        -0.306604 H =        -8.343 eV
  158.   158 a        2.000        -0.311895 H =        -8.487 eV
  157.   157 a        2.000        -0.314690 H =        -8.563 eV
  156.   156 a        2.000        -0.315455 H =        -8.584 eV
  155.   155 a        2.000        -0.328383 H =        -8.936 eV
  154.   154 a        2.000        -0.333811 H =        -9.083 eV
  153.   153 a        2.000        -0.334468 H =        -9.101 eV
  152.   152 a        2.000        -0.336277 H =        -9.151 eV


    ------------------------------------------------------------------------
         total  cpu-time :   1.07 seconds
         total wall-time :   1.09 seconds
    ------------------------------------------------------------------------

   ****  eiger : all done  ****


    2025-05-24 13:44:51.301 

