
 ridft (nano09.int-nano.int.kit.edu) : TURBOMOLE rev. V7-6 19 Oct 2021 at 10:10:11 compiled Oct 19th 2021
 Copyright (C) 2021 TURBOMOLE GmbH, Karlsruhe


    2025-06-25 04:46:45.294 



                                  r i d f t

                        DFT program with RI approximation 
                                for coulomb part 




                                                 
                                 References:     
                                                 
          TURBOMOLE:                             
              R. Ahlrichs, M. Baer, M. Haeser, H. Horn, and
              C. Koelmel
              Electronic structure calculations on workstation
              computers: the program system TURBOMOLE
              Chem. Phys. Lett. 162: 165 (1989)
          Density Functional:                              
              O. Treutler and R. Ahlrichs                      
              Efficient Molecular Numerical Integration Schemes
              J. Chem. Phys. 102: 346 (1995)                   
          Parallel Version:                                
              Performance of parallel TURBOMOLE for Density    
              Functional Calculations                          
              M. v. Arnim and R. Ahlrichs                      
              J. Comp. Chem. 19: 1746 (1998)                   
          RI-J Method:                                     
              Auxiliary Basis Sets to approximate Coulomb      
              Potentials                                       
              Chem. Phys. Lett. 240: 283 (1995)                
              K. Eichkorn, O. Treutler, H. Oehm, M. Haeser     
              and R. Ahlrichs                                  
              Chem. Phys. Lett. 242: 652 (1995)                
                                                           
              Auxiliary Basis Sets for Main Row Atoms and their
              Use to approximate Coulomb Potentials            
              K. Eichkorn, F. Weigend, O. Treutler and         
              R. Ahlrichs                                      
              Theo. Chem. Acc. 97: 119 (1997)                   
                                                           
              Accurate Coulomb-fitting basis sets for H to Rn 
              F. Weigend                                        
              Phys. Chem. Chem. Phys. 8: 1057 (2006)            
                                                           
          Multipole accelerated RI-J (MARI-J):             
              Fast evaluation of the Coulomb potential for     
              electron densities using multipole accelerated   
              resolution of identity approximation             
              M. Sierka, A. Hogekamp and R. Ahlrichs           
              J. Chem. Phys. 118: 9136 (2003)                  
          RI-JK Method:                                     
              A fully direct RI-HF algorithm: Implementation,
              optimised auxiliary basis sets, demonstration of
              accuracy and efficiency                         
              F. Weigend                                      
              Phys. Chem. Chem. Phys. 4: 4285 (2002)           
          Two-component HF and DFT with spin-orbit coupling:  
              Self-consistent treatment of spin-orbit         
              interactions with efficient Hartree-Fock and    
              density functional methods                      
              M. K. Armbruster, F. Weigend, C. van Wüllen and 
              W. Klopper                                      
              Phys. Chem. Chem. Phys. 10: 1748 (2008)         
          Two-component difference density and DIIS algorithm 
              Efficient two-component self-consistent field   
              procedures and gradients: implementation in     
              TURBOMOLE and application to Au20-              
              A. Baldes, F. Weigend                           
              Mol. Phys. 111: 2617 (2013)                     
          Relativistic all-electron 2c calculations           
              An efficient implementation of two-component    
              relativistic exact-decoupling methods for large 
              molecules                                       
              D. Peng, N. Middendorf, F. Weigend, M. Reiher   
              J. Chem. Phys. 138: 184105 (2013)               
          Finite nucleus model and SNSO approximation         
              Efficient implementation of one- and two-       
              component analytical energy gradients in exact  
              two-component theory                            
              Y. J. Franzke, N. Middendorf, F. Weigend        
              J. Chem. Phys. 148: 104110 (2018)               
          Grids for all-electron relativistic methods         
              Error-consistent segmented contracted all-      
              electron relativistic basis sets of double-     
              and triple-zeta quality for NMR shielding       
              constants                                       
              Y. J. Franzke, R. Tress, T. M. Pazdera,         
              F. Weigend                                      
              Phys. Chem. Chem. Phys. 21: 166658 (2019)       
          Seminumerical exchange algorithms                   
              Seminumerical calculation of the Hartree-Fock   
              exchange matirx: Application to two-component   
              procedures and efficient evaluation of local    
              hybrid functionsl                               
               P. Plessow, F. Weigend,                        
              J. Comput. Chem. 33: 810 (2012)                 
          Improved seminumerical algorithms                   
              C. Holzer,                                      
              J. Chem. Phys. 153 (2020), 184115               
                                         




              +--------------------------------------------------+
              |      general information about current run       |
              +--------------------------------------------------+

 

 DENSITY CONVERGENCE CHECK SWITCHED ON !
 SCF CONVERGENCE IF RMS(delta[D]) <     0.1000000000E-06

 A HF calculation using the RI-J approximation will be carried out.
 Allocatable memory for RI due to $ricore (MB):                  2000

   *************************************************************************
   mp2                                                                      
   *************************************************************************




              +--------------------------------------------------+
              | Atomic coordinate, charge and isotop information |
              +--------------------------------------------------+

                    atomic coordinates            atom    charge  isotop
          2.23335336   -0.61742682   -3.79424427    o      8.000     0
          2.58428740   -0.61460886  -10.39285666    n      7.000     0
         -5.27783329    1.38137846   -8.50551083    n      7.000     0
         -6.30259265    1.57356285   -1.61238992    n      7.000     0
         -0.00320516   -0.01409112   24.37194164    n      7.000     0
         -0.13614324    0.00521035   -4.41573211    c      6.000     0
         -1.60314821    0.36452817   -2.13198240    c      6.000     0
         -0.04917370   -0.05513257   -0.06006098    c      6.000     0
          2.56777913   -0.72970829   -1.06111164    c      6.000     0
         -0.79258099    0.20500845   -6.93860624    c      6.000     0
          1.07721192   -0.25036490   -8.83641057    c      6.000     0
         -3.28036556    0.85732830   -7.75523570    c      6.000     0
         -4.19961603    1.03440547   -1.94577635    c      6.000     0
          0.45176964   -0.15603525   21.81969624    c      6.000     0
          2.87457466   -0.80226452   20.85623015    c      6.000     0
          4.43529002   -1.19991505   22.13768046    h      1.000     0
          3.30179279   -0.93972225   18.27503509    c      6.000     0
          5.19223361   -1.44404442   17.60648760    h      1.000     0
          1.38620255   -0.44976332   16.47768199    c      6.000     0
         -1.02263021    0.19353555   17.44850158    c      6.000     0
         -2.57908725    0.59083478   16.15158537    h      1.000     0
         -1.48714171    0.33970605   20.01872110    c      6.000     0
         -3.38045207    0.84616871   20.64770794    h      1.000     0
          2.02127790   -0.49195807   26.16067381    c      6.000     0
          2.80947246   -2.41443712   25.95227916    h      1.000     0
          1.28935088   -0.31705409   28.09256539    h      1.000     0
          3.59531261    0.86548871   25.94804617    h      1.000     0
         -2.49183520    0.67706071   25.29847965    c      6.000     0
         -3.06131834    2.58694530   24.67303472    h      1.000     0
         -2.48058925    0.66732163   27.37172917    h      1.000     0
         -3.96105436   -0.66489976   24.66536811    h      1.000     0
         -0.82925113    0.13553248    2.50777353    c      6.000     0
         -2.81209937    0.66015333    2.78671279    h      1.000     0
          0.62118283   -0.25947074    4.62836428    c      6.000     0
          2.61031177   -0.79136930    4.42542224    h      1.000     0
         -0.28658793   -0.02148430    7.15039182    c      6.000     0
         -2.27026481    0.51578790    7.41400956    h      1.000     0
          1.19915708   -0.42418947    9.24026678    c      6.000     0
          3.18014243   -0.96214763    8.93565615    h      1.000     0
          0.38742466   -0.19950028   11.80163180    c      6.000     0
         -1.58638275    0.33808977   12.12025474    h      1.000     0
          1.96068799   -0.61776149   13.81126256    c      6.000     0
          3.91733479   -1.14656317   13.37097092    h      1.000     0
          4.60271068    1.22615390   -0.40902990    c      6.000     0
          6.33420248    0.79580902   -1.47686556    h      1.000     0
          5.04895382    1.20087390    1.61938531    h      1.000     0
          3.97011598    3.13873116   -0.92158920    h      1.000     0
          3.38223465   -3.44179617   -0.44907225    c      6.000     0
          1.89759778   -4.79197696   -0.99090133    h      1.000     0
          3.77098949   -3.67006167    1.57856269    h      1.000     0
          5.10960193   -3.89645691   -1.51355611    h      1.000     0
 
       center of nuclear mass  :    0.14885443   -0.08395775    6.42177730
       center of nuclear charge:    0.21700138   -0.10174525    6.76346057

              +--------------------------------------------------+
              |               basis set information              |
              +--------------------------------------------------+

              we will work with the 1s 3p 5d 7f 9g ... basis set
              ...i.e. with spherical basis functions...

   type   atoms  prim   cont   basis
   ---------------------------------------------------------------------------
    o        1     43     23   aug-cc-pVDZ   [4s3p2d|18s5p2d]
    n        4     43     23   aug-cc-pVDZ   [4s3p2d|18s5p2d]
    c       24     43     23   aug-cc-pVDZ   [4s3p2d|18s5p2d]
    h       22     11      9   aug-cc-pVDZ   [3s2p|5s2p]
   ---------------------------------------------------------------------------
   total:   51   1489    865
   ---------------------------------------------------------------------------

   total number of primitive shells          :   82
   total number of contracted shells         :  371
   total number of cartesian basis functions :  923
   total number of SCF-basis functions       :  865


 integral neglect threshold       :  0.36E-11
 integral storage threshold THIZE :  0.10E-04
 integral storage threshold THIME :         5

 RI-J AUXILIARY BASIS SET information:

              we will work with the 1s 3p 5d 7f 9g ... basis set
              ...i.e. with spherical basis functions...

   type   atoms  prim   cont   basis
   ---------------------------------------------------------------------------
    o        1     70     49   aug-cc-pVDZ   [6s4p3d1f1g|12s5p4d2f1g]
    n        4     70     49   aug-cc-pVDZ   [6s4p3d1f1g|12s5p4d2f1g]
    c       24     70     49   aug-cc-pVDZ   [6s4p3d1f1g|12s5p4d2f1g]
    h       22     16     11   aug-cc-pVDZ   [3s1p1d|5s2p1d]
   ---------------------------------------------------------------------------
   total:   51   2382   1663
   ---------------------------------------------------------------------------

   total number of primitive shells          :   80
   total number of contracted shells         :  545
   total number of cartesian basis functions : 2033
   total number of SCF-basis functions       : 1663


 symmetry group of the molecule :   c1 

 the group has the following generators :
   c1(z)

    1 symmetry operations found

 there are 1 real representations :   a   

 maximum number of shells which are related by symmetry :  1

 ==============================================================================
                      COSMO switched on
 ==============================================================================
 COSMO stati: segments per atom: H   32 other atoms   92
 COSMO statistics: nps   1925 npspher:    801
 COSMO surface:
   number of segments: 1925
   area (bohr**2):     1612.181517
   volume (bohr**3):   3337.435617
 COSMO: check number of disjunct cavities:

       ... OK contiguous cavity found

 biggest AO integral is expected to be     4.738267915

          ------------------------
          nuclear repulsion energy  :   2213.31495626    
          ------------------------


         -----------------
         -S,T+V- integrals
         -----------------

 1e-integrals will be neglected if expon. factor < 0.362076E-12
 
   Difference densities algorithm switched on.
   The maximal number of linear combinations of
   difference densities is                    20 .

 DIIS switched on: error vector is FDS-SDF
 Max. Iterations for DIIS is     :   5
 DIIS matrix (see manual) 
    Scaling factor of diagonals  :  1.200
    threshold for scaling factor :  0.000

 scf convergence criterion : increment of total energy < .1000000D-06
                  and increment of one-electron energy < .1000000D-03

 MOs are in ASCII format !


    mo occupation :
   irrep   mo's   occupied
    a      865      101
 
 number of basis functions   :   865
 number of occupied orbitals :   101
 

 reading orbital data $scfmo  from file mos
 orbital characterization : expanded
 virtual MOs provided and orthogonalized by Cholesky decomposition

 automatic virtual orbital shift switched on 
      shift if e(lumo)-e(homo) < 0.10000000    

  
           ------------------------
               RI-J - INFORMATION
           ------------------------
 Contributions to RI integral batches: 
  neglected integral batches:                 24017
  direct contribution:                        16202
  memory contribution:                 28787
 Memory core needed for (P|Q) and Cholesky     22 MByte
 Memory core minimum needed except of (P|Q)     2 MByte
 Total minimum memory core needed (sum)        23 MByte
  
 ****************************************
 Memory allocated for RI-J  1889 MByte
 ****************************************
                                            

 DSCF restart information will be dumped onto file mos


 Starting SCF iterations


 ITERATION  ENERGY          1e-ENERGY        2e-ENERGY     RMS[dD(SAO)]   TOL
   1  -1209.2073108944    -5995.8132110     2573.2909439    0.000D+00 0.361D-11
                            exK = -163.029928667     Coul =  2736.32087253    
                          Ediel =-0.198201734083    
                            current damping = 0.300
 
          max. resid. norm for Fia-block=  3.510D-01 for orbital     77a         
          max. resid. fock norm         =  1.509D+00 for orbital    842a         

 ITERATION  ENERGY          1e-ENERGY        2e-ENERGY     RMS[dD(SAO)]   TOL
   2  -1213.7491808699    -6034.6833203     2607.6191831    0.109D+00 0.127D-11
                          Ediel =-0.493988015526E-01
                            current damping = 0.250
 
          Norm of current diis error:  3.3565    
          max. resid. norm for Fia-block=  1.402D-01 for orbital      4a         
          max. resid. fock norm         =  2.544D-01 for orbital    838a         

 ITERATION  ENERGY          1e-ENERGY        2e-ENERGY     RMS[dD(SAO)]   TOL
   3  -1214.2290302113    -6039.2937516     2611.7497652    0.566D-01 0.109D-11
                          Ediel =-0.575642839975E-01
                            current damping = 0.150
 
          Norm of current diis error:  1.4539    
          max. resid. norm for Fia-block=  7.177D-02 for orbital     95a         
          max. resid. fock norm         =  7.762D-02 for orbital     95a         

 ITERATION  ENERGY          1e-ENERGY        2e-ENERGY     RMS[dD(SAO)]   TOL
   4  -1214.3583113793    -6041.8011478     2614.1278802    0.245D-01 0.103D-11
                          Ediel =-0.379205561892E-01
                            current damping = 0.100
 
          Norm of current diis error: 0.47261    
          max. resid. norm for Fia-block=  2.962D-02 for orbital     34a         
          max. resid. fock norm         =  3.707D-02 for orbital     33a         

 ITERATION  ENERGY          1e-ENERGY        2e-ENERGY     RMS[dD(SAO)]   TOL
   5  -1214.3747833081    -6042.3968513     2614.7071117    0.631D-02 0.102D-11
                          Ediel =-0.397612454844E-01
                            current damping = 0.100
 
          Norm of current diis error: 0.14002    
          max. resid. norm for Fia-block=  8.629D-03 for orbital     95a         
          max. resid. fock norm         =  9.368D-03 for orbital     55a         
          mo-orthogonalization: Cholesky decomposition

 ITERATION  ENERGY          1e-ENERGY        2e-ENERGY     RMS[dD(SAO)]   TOL
   6  -1214.3769671424    -6042.4827412     2614.7908178    0.134D-02 0.101D-11
                          Ediel =-0.384158647772E-01
                            current damping = 0.100
 
          Norm of current diis error: 0.56557E-01
          max. resid. norm for Fia-block=  3.945D-03 for orbital     77a         
          max. resid. fock norm         =  4.235D-03 for orbital     77a         

 ITERATION  ENERGY          1e-ENERGY        2e-ENERGY     RMS[dD(SAO)]   TOL
   7  -1214.3774260441    -6042.5224771     2614.8300948    0.592D-03 0.101D-11
                          Ediel =-0.381702008068E-01
                            current damping = 0.100
 
          Norm of current diis error: 0.26193E-01
          max. resid. norm for Fia-block=  1.946D-03 for orbital     94a         
          max. resid. fock norm         =  1.975D-03 for orbital     94a         

 ITERATION  ENERGY          1e-ENERGY        2e-ENERGY     RMS[dD(SAO)]   TOL
   8  -1214.3775476581    -6042.5353408     2614.8428369    0.277D-03 0.101D-11
                          Ediel =-0.379993758487E-01
                            current damping = 0.100
 
          Norm of current diis error: 0.11920E-01
          max. resid. norm for Fia-block=  9.383D-04 for orbital    100a         
          max. resid. fock norm         =  1.028D-03 for orbital    100a         

 ITERATION  ENERGY          1e-ENERGY        2e-ENERGY     RMS[dD(SAO)]   TOL
   9  -1214.3775751518    -6042.5379398     2614.8454084    0.127D-03 0.100D-11
                          Ediel =-0.378868470351E-01
                            current damping = 0.100
 
          Norm of current diis error: 0.56427E-02
          max. resid. norm for Fia-block=  5.508D-04 for orbital     94a         
          max. resid. fock norm         =  5.531D-04 for orbital     94a         

 ITERATION  ENERGY          1e-ENERGY        2e-ENERGY     RMS[dD(SAO)]   TOL
  10  -1214.3775818329    -6042.5397939     2614.8472558    0.629D-04 0.999D-12
                          Ediel =-0.378197366572E-01
                            current damping = 0.100
 
          Norm of current diis error: 0.31623E-02
          max. resid. norm for Fia-block=  3.072D-04 for orbital     92a         
          max. resid. fock norm         =  3.083D-04 for orbital     92a         
          mo-orthogonalization: Cholesky decomposition

 ITERATION  ENERGY          1e-ENERGY        2e-ENERGY     RMS[dD(SAO)]   TOL
  11  -1214.3775838225    -6042.5378714     2614.8453314    0.343D-04 0.994D-12
                          Ediel =-0.377993587219E-01
                            current damping = 0.150
 
          Norm of current diis error: 0.17894E-02
          max. resid. norm for Fia-block=  1.865D-04 for orbital     94a         
          max. resid. fock norm         =  2.083D-04 for orbital    102a         

 ITERATION  ENERGY          1e-ENERGY        2e-ENERGY     RMS[dD(SAO)]   TOL
  12  -1214.3775845334    -6042.5375681     2614.8450273    0.306D-04 0.987D-12
                          Ediel =-0.377711919091E-01
                            current damping = 0.100
 
          Norm of current diis error: 0.98577E-03
          max. resid. norm for Fia-block=  1.137D-04 for orbital    101a         
          max. resid. fock norm         =  1.376D-04 for orbital    102a         

 ITERATION  ENERGY          1e-ENERGY        2e-ENERGY     RMS[dD(SAO)]   TOL
  13  -1214.3775847928    -6042.5365130     2614.8439720    0.413D-04 0.976D-12
                          Ediel =-0.377641757751E-01
                            current damping = 0.100
 
          Norm of current diis error: 0.62652E-03
          max. resid. norm for Fia-block=  7.678D-05 for orbital    101a         
          max. resid. fock norm         =  1.240D-04 for orbital    856a         

 ITERATION  ENERGY          1e-ENERGY        2e-ENERGY     RMS[dD(SAO)]   TOL
  14  -1214.3775849027    -6042.5361401     2614.8435990    0.458D-04 0.960D-12
                          Ediel =-0.377533101964E-01
                            current damping = 0.100
 
          Norm of current diis error: 0.36319E-03
          max. resid. norm for Fia-block=  5.477D-05 for orbital    101a         
          max. resid. fock norm         =  1.359D-04 for orbital    865a         

 ITERATION  ENERGY          1e-ENERGY        2e-ENERGY     RMS[dD(SAO)]   TOL
  15  -1214.3775849524    -6042.5355819     2614.8430407    0.581D-04 0.939D-12
                          Ediel =-0.377491205923E-01
                            current damping = 0.100
 
          Norm of current diis error: 0.20367E-03
          max. resid. norm for Fia-block=  3.398D-05 for orbital    101a         
          max. resid. fock norm         =  1.637D-04 for orbital    865a         
          mo-orthogonalization: Cholesky decomposition

 ITERATION  ENERGY          1e-ENERGY        2e-ENERGY     RMS[dD(SAO)]   TOL
  16  -1214.3775849769    -6042.5354744     2614.8429331    0.668D-04 0.916D-12
                          Ediel =-0.377450512969E-01
                            current damping = 0.100
 
          Norm of current diis error: 0.11730E-03
          max. resid. norm for Fia-block=  1.993D-05 for orbital    101a         
          max. resid. fock norm         =  1.654D-04 for orbital    865a         

 ITERATION  ENERGY          1e-ENERGY        2e-ENERGY     RMS[dD(SAO)]   TOL
  17  -1214.3775849986    -6042.5352885     2614.8427473    0.716D-04 0.884D-12
                          Ediel =-0.377432434907E-01
                            current damping = 0.100
 
          Norm of current diis error: 0.63664E-04
          max. resid. norm for Fia-block=  1.008D-05 for orbital    101a         
          max. resid. fock norm         =  1.931D-04 for orbital    859a         

 ITERATION  ENERGY          1e-ENERGY        2e-ENERGY     RMS[dD(SAO)]   TOL
  18  -1214.3775850004    -6042.5352665     2614.8427253    0.774D-04 0.850D-12
                          Ediel =-0.377419770473E-01
                            current damping = 0.100
 
          Norm of current diis error: 0.37092E-04
          max. resid. norm for Fia-block=  5.260D-06 for orbital    101a         
          max. resid. fock norm         =  1.949D-04 for orbital    854a         

 ITERATION  ENERGY          1e-ENERGY        2e-ENERGY     RMS[dD(SAO)]   TOL
  19  -1214.3775850052    -6042.5352396     2614.8426984    0.720D-04 0.815D-12
                          Ediel =-0.377414076126E-01
                            current damping = 0.100
 
          Norm of current diis error: 0.21472E-04
          max. resid. norm for Fia-block=  3.007D-06 for orbital     92a         
          max. resid. fock norm         =  1.805D-04 for orbital    854a         

 ITERATION  ENERGY          1e-ENERGY        2e-ENERGY     RMS[dD(SAO)]   TOL
  20  -1214.3775850009    -6042.5352322     2614.8426909    0.748D-04 0.783D-12
                          Ediel =-0.377410105129E-01
                            current damping = 0.100
 
          Norm of current diis error: 0.11347E-04
          max. resid. norm for Fia-block=  1.700D-06 for orbital     66a         
          max. resid. fock norm         =  1.803D-04 for orbital    856a         
          mo-orthogonalization: Cholesky decomposition

 ITERATION  ENERGY          1e-ENERGY        2e-ENERGY     RMS[dD(SAO)]   TOL
  21  -1214.3775849413    -6042.5352301     2614.8426889    0.655D-04 0.103D-11
                          Ediel =-0.377408769832E-01
                            current damping = 0.100
 
          Norm of current diis error: 0.56251E-05
          max. resid. norm for Fia-block=  1.057D-05 for orbital     50a         
          max. resid. fock norm         =  1.291D-03 for orbital    854a         

 ITERATION  ENERGY          1e-ENERGY        2e-ENERGY     RMS[dD(SAO)]   TOL
  22  -1214.3775849940    -6042.5352334     2614.8426921    0.483D-03 0.361D-11
                            exK = -166.782882079     Coul =  2781.62557419    
                          Ediel =-0.377407739081E-01
                            current damping = 0.150
 
          Norm of current diis error: 0.32590E-05
          max. resid. norm for Fia-block=  9.944D-06 for orbital     66a         
          max. resid. fock norm         =  1.249D-03 for orbital    809a         

 ITERATION  ENERGY          1e-ENERGY        2e-ENERGY     RMS[dD(SAO)]   TOL
  23  -1214.3775849898    -6042.5352338     2614.8426926    0.342D-03 0.229D-11
                          Ediel =-0.377407534621E-01
                            current damping = 0.100
 
          Norm of current diis error: 0.19669E-05
          max. resid. norm for Fia-block=  3.213D-06 for orbital     66a         
          max. resid. fock norm         =  3.559D-04 for orbital    865a         

 ITERATION  ENERGY          1e-ENERGY        2e-ENERGY     RMS[dD(SAO)]   TOL
  24  -1214.3775850027    -6042.5352350     2614.8426937    0.129D-03 0.182D-11
                          Ediel =-0.377407378238E-01
                            current damping = 0.100
 
          Norm of current diis error: 0.12437E-05
          max. resid. norm for Fia-block=  1.439D-06 for orbital     66a         
          max. resid. fock norm         =  1.586D-04 for orbital    854a         

 ITERATION  ENERGY          1e-ENERGY        2e-ENERGY     RMS[dD(SAO)]   TOL
  25  -1214.3775850093    -6042.5352351     2614.8426938    0.610D-04 0.167D-11
                          Ediel =-0.377407388847E-01
                            current damping = 0.100
 
          Norm of current diis error: 0.81326E-06
          max. resid. norm for Fia-block=  1.475D-06 for orbital     36a         
          max. resid. fock norm         =  1.526D-04 for orbital    859a         
          mo-orthogonalization: Cholesky decomposition

 ITERATION  ENERGY          1e-ENERGY        2e-ENERGY     RMS[dD(SAO)]   TOL
  26  -1214.3775850180    -6042.5352360     2614.8426947    0.399D-04 0.155D-11
                          Ediel =-0.377407391749E-01
                            current damping = 0.100
 
          Norm of current diis error: 0.58980E-06
          max. resid. norm for Fia-block=  1.073D-06 for orbital     66a         
          max. resid. fock norm         =  1.054D-04 for orbital    854a         

 ITERATION  ENERGY          1e-ENERGY        2e-ENERGY     RMS[dD(SAO)]   TOL
  27  -1214.3775850209    -6042.5352362     2614.8426950    0.376D-04 0.143D-11
                          Ediel =-0.377407442269E-01
                            current damping = 0.100
 
          Norm of current diis error: 0.42019E-06
          max. resid. norm for Fia-block=  1.721D-06 for orbital     66a         
          max. resid. fock norm         =  1.870D-04 for orbital    859a         

 ITERATION  ENERGY          1e-ENERGY        2e-ENERGY     RMS[dD(SAO)]   TOL
  28  -1214.3775850356    -6042.5352364     2614.8426951    0.582D-04 0.125D-11
                          Ediel =-0.377407487429E-01
                            current damping = 0.100
 
          Norm of current diis error: 0.32283E-06
          max. resid. norm for Fia-block=  2.014D-06 for orbital     66a         
          max. resid. fock norm         =  1.444D-04 for orbital    854a         

 ITERATION  ENERGY          1e-ENERGY        2e-ENERGY     RMS[dD(SAO)]   TOL
  29  -1214.3775850493    -6042.5352366     2614.8426953    0.624D-04 0.111D-11
                          Ediel =-0.377407529978E-01
                            current damping = 0.100
 
          Norm of current diis error: 0.28956E-06
          max. resid. norm for Fia-block=  1.828D-06 for orbital     66a         
          max. resid. fock norm         =  1.251D-04 for orbital    854a         

 ITERATION  ENERGY          1e-ENERGY        2e-ENERGY     RMS[dD(SAO)]   TOL
  30  -1214.3775850558    -6042.5352366     2614.8426953    0.544D-04 0.103D-11
                          Ediel =-0.377407551988E-01
                            current damping = 0.150
 
          Norm of current diis error: 0.29381E-06
          max. resid. norm for Fia-block=  8.726D-07 for orbital     66a         
          max. resid. fock norm         =  7.809D-05 for orbital    862a         
          mo-orthogonalization: Cholesky decomposition

 ENERGY & DENSITY CONVERGED !


 ITERATION  ENERGY          1e-ENERGY        2e-ENERGY     RMS[dD(SAO)]   TOL
  31  -1214.3775850557    -6042.5352366     2614.8426953    0.288D-04 0.103D-11
                          Ediel =-0.377407558451E-01
                            current damping = 0.200
 
          Norm of current diis error: 0.30287E-06
          max. resid. norm for Fia-block=  1.514D-07 for orbital     86a         
          max. resid. fock norm         =  1.458D-05 for orbital    862a         

 End of SCF iterations

   convergence criteria satisfied after    31 iterations


   *************************************************************************
   mp2                                                                      
   *************************************************************************


                  ------------------------------------------ 
                 |  total energy      =  -1214.37758505571  |
                  ------------------------------------------ 
                 :  kinetic energy    =   1212.34489989981  :
                 :  potential energy  =  -2426.72248495552  :
                 :  virial theorem    =      1.99832615063  :
                 :  wavefunction norm =      1.00000000000  :
                  .......................................... 


 <geterg> : there is no data group $energy 


 <skperg> : $end is missing 


 orbitals $scfmo  will be written to file mos

    irrep                 97a         98a         99a        100a        101a   
 eigenvalues H         -0.39522    -0.35653    -0.35386    -0.31412    -0.26003
            eV         -10.7546     -9.7018     -9.6291     -8.5477     -7.0759
 occupation              2.0000      2.0000      2.0000      2.0000      2.0000

    irrep                102a        103a        104a        105a        106a   
 eigenvalues H         -0.00781     0.02832     0.03229     0.03702     0.04075
            eV          -0.2126      0.7707      0.8787      1.0074      1.1088
 
 ==============================================================================
                                  COSMO RESULTS
 ==============================================================================
  PARAMETER:
    nppa:      1082
    nspa:        92
    nsph:        32
    nps:       1925
    npspher:    801
    disex:   10.0000    
    disex2:  4458.91    
    rsolv [A]: 1.3000
    routf:     0.8500
    phsran:    0.0    
    ampran:   0.10E-04
    cavity:  closed
    epsilon:     4.800
    refind:     1.300
    fepsi:      0.7169811
  CAVITY VOLUME/AREA [a.u.]:
    surface: V1.0, A matrix: V1.0
    area:  1612.18
    volume:  3337.44
  SCREENING CHARGE:
    cosmo      :  -0.047578
    correction :   0.046382
    total      :  -0.001196
  ENERGIES [a.u.]:
    Total energy            =   -1214.3775850557117
    Total energy + OC corr. =    -1214.3776349189
    Dielectric energy       =       -0.0377407558
    Diel. energy + OC corr. =       -0.0377906190
  ELEMENT RADIUS [A]: ATOM LIST
    o  1.72: 1
    n  1.83: 2-5
    c  2.00: 6-15,17,19,20,22,24,28,32,34,36,38,40,42,44,48
    h  1.30: 16,18,21,23,25-27,29-31,33,35,37,39,41,43,45-47,49-51
 ==============================================================================
 
 
 
 ==============================================================================
                           electrostatic moments
 ==============================================================================

 reference point for electrostatic moments:    0.00000   0.00000   0.00000

 
              nuc           elec       ->  total
 ------------------------------------------------------------------------------
                          charge      
 ------------------------------------------------------------------------------
         202.000000    -202.000000       0.000000
 
 ------------------------------------------------------------------------------
                       dipole moment  
 ------------------------------------------------------------------------------
   x      43.834278     -40.388643       3.445635
   y     -20.552540      19.622074      -0.930467
   z    1366.219035   -1355.563955      10.655080
 
   | dipole moment | =    11.2369 a.u. =    28.5615 debye 
 
 ------------------------------------------------------------------------------
                     quadrupole moment
 ------------------------------------------------------------------------------
  xx    1531.819488   -1673.937105    -142.117617
  yy     237.789211    -371.159561    -133.370350
  zz   37179.383479  -37226.914286     -47.530807
  xy    -368.855613     370.869017       2.013405
  xz    1193.519242   -1196.553469      -3.034227
  yz    -380.021812     381.311790       1.289977
 
     1/3  trace=    -107.672925
     anisotropy=      90.777620
 
 ==============================================================================
 
HOMO-LUMO Separation
 HOMO         :   -0.26003291 H =     -7.07586 eV
 LUMO         :   -0.00781408 H =     -0.21263 eV
 HOMO-LUMO gap:    0.25221884 H =     +6.86323 eV
 
 ==============================================================================


    ------------------------------------------------------------------------
         total  cpu-time :  3 hours 52 minutes and 33 seconds
         total wall-time :  3 hours 53 minutes and 20 seconds
    ------------------------------------------------------------------------

   ****  ridft : all done  ****


    2025-06-25 08:40:05.072 

 ridft ended normally
