
 eiger (nano22.int-nano.int.kit.edu) : TURBOMOLE rev. V7-6 19 Oct 2021 at 10:10:11 compiled Oct 19th 2021
 Copyright (C) 2021 TURBOMOLE GmbH, Karlsruhe


    2025-03-21 23:39:38.981 

 b3                                                                             
  
Total energy =  -1774.2601431710 H =    -48280.0776557 eV
 
 HOMO-LUMO Separation
   HOMO:   123.   123 a     -0.19070341 H =     -5.18930 eV
   LUMO:   124.   124 a     -0.12131677 H =     -3.30120 eV
   Gap :                    +0.06938664 H =     +1.88811 eV
 
Number of MOs=   1020, Electrons=    246.00, Symmetry: c1   
 
   Nr.   Orbital    Occupation       Energy
  140.   140 a                     +0.017168 H =        +0.467 eV
  139.   139 a                     +0.014284 H =        +0.389 eV
  138.   138 a                     +0.011653 H =        +0.317 eV
  137.   137 a                     +0.011125 H =        +0.303 eV
  136.   136 a                     +0.008213 H =        +0.223 eV
  135.   135 a                     +0.006716 H =        +0.183 eV
  134.   134 a                     +0.003886 H =        +0.106 eV
  133.   133 a                     +0.002606 H =        +0.071 eV
  132.   132 a                     -0.000966 H =        -0.026 eV
  131.   131 a                     -0.009919 H =        -0.270 eV
  130.   130 a                     -0.012668 H =        -0.345 eV
  129.   129 a                     -0.017640 H =        -0.480 eV
  128.   128 a                     -0.017853 H =        -0.486 eV
  127.   127 a                     -0.025197 H =        -0.686 eV
  126.   126 a                     -0.037334 H =        -1.016 eV
  125.   125 a                     -0.067764 H =        -1.844 eV
  124.   124 a                     -0.121317 H =        -3.301 eV
  123.   123 a        2.000        -0.190703 H =        -5.189 eV
  122.   122 a        2.000        -0.225684 H =        -6.141 eV
  121.   121 a        2.000        -0.249910 H =        -6.800 eV
  120.   120 a        2.000        -0.268422 H =        -7.304 eV
  119.   119 a        2.000        -0.272898 H =        -7.426 eV
  118.   118 a        2.000        -0.279378 H =        -7.602 eV
  117.   117 a        2.000        -0.306025 H =        -8.327 eV
  116.   116 a        2.000        -0.329268 H =        -8.960 eV
  115.   115 a        2.000        -0.333361 H =        -9.071 eV
  114.   114 a        2.000        -0.335773 H =        -9.137 eV
  113.   113 a        2.000        -0.344354 H =        -9.370 eV
  112.   112 a        2.000        -0.348289 H =        -9.477 eV
  111.   111 a        2.000        -0.348464 H =        -9.482 eV
  110.   110 a        2.000        -0.351824 H =        -9.574 eV
  109.   109 a        2.000        -0.352902 H =        -9.603 eV
  108.   108 a        2.000        -0.356824 H =        -9.710 eV


    ------------------------------------------------------------------------
         total  cpu-time :   0.42 seconds
         total wall-time :   0.43 seconds
    ------------------------------------------------------------------------

   ****  eiger : all done  ****


    2025-03-21 23:39:39.396 

