
 ridft (nano22.int-nano.int.kit.edu) : TURBOMOLE rev. V7-6 19 Oct 2021 at 10:10:11 compiled Oct 19th 2021
 Copyright (C) 2021 TURBOMOLE GmbH, Karlsruhe


    2025-03-21 21:24:45.960 



                                  r i d f t

                        DFT program with RI approximation 
                                for coulomb part 




                                                 
                                 References:     
                                                 
          TURBOMOLE:                             
              R. Ahlrichs, M. Baer, M. Haeser, H. Horn, and
              C. Koelmel
              Electronic structure calculations on workstation
              computers: the program system TURBOMOLE
              Chem. Phys. Lett. 162: 165 (1989)
          Density Functional:                              
              O. Treutler and R. Ahlrichs                      
              Efficient Molecular Numerical Integration Schemes
              J. Chem. Phys. 102: 346 (1995)                   
          Parallel Version:                                
              Performance of parallel TURBOMOLE for Density    
              Functional Calculations                          
              M. v. Arnim and R. Ahlrichs                      
              J. Comp. Chem. 19: 1746 (1998)                   
          RI-J Method:                                     
              Auxiliary Basis Sets to approximate Coulomb      
              Potentials                                       
              Chem. Phys. Lett. 240: 283 (1995)                
              K. Eichkorn, O. Treutler, H. Oehm, M. Haeser     
              and R. Ahlrichs                                  
              Chem. Phys. Lett. 242: 652 (1995)                
                                                           
              Auxiliary Basis Sets for Main Row Atoms and their
              Use to approximate Coulomb Potentials            
              K. Eichkorn, F. Weigend, O. Treutler and         
              R. Ahlrichs                                      
              Theo. Chem. Acc. 97: 119 (1997)                   
                                                           
              Accurate Coulomb-fitting basis sets for H to Rn 
              F. Weigend                                        
              Phys. Chem. Chem. Phys. 8: 1057 (2006)            
                                                           
          Multipole accelerated RI-J (MARI-J):             
              Fast evaluation of the Coulomb potential for     
              electron densities using multipole accelerated   
              resolution of identity approximation             
              M. Sierka, A. Hogekamp and R. Ahlrichs           
              J. Chem. Phys. 118: 9136 (2003)                  
          RI-JK Method:                                     
              A fully direct RI-HF algorithm: Implementation,
              optimised auxiliary basis sets, demonstration of
              accuracy and efficiency                         
              F. Weigend                                      
              Phys. Chem. Chem. Phys. 4: 4285 (2002)           
          Two-component HF and DFT with spin-orbit coupling:  
              Self-consistent treatment of spin-orbit         
              interactions with efficient Hartree-Fock and    
              density functional methods                      
              M. K. Armbruster, F. Weigend, C. van Wüllen and 
              W. Klopper                                      
              Phys. Chem. Chem. Phys. 10: 1748 (2008)         
          Two-component difference density and DIIS algorithm 
              Efficient two-component self-consistent field   
              procedures and gradients: implementation in     
              TURBOMOLE and application to Au20-              
              A. Baldes, F. Weigend                           
              Mol. Phys. 111: 2617 (2013)                     
          Relativistic all-electron 2c calculations           
              An efficient implementation of two-component    
              relativistic exact-decoupling methods for large 
              molecules                                       
              D. Peng, N. Middendorf, F. Weigend, M. Reiher   
              J. Chem. Phys. 138: 184105 (2013)               
          Finite nucleus model and SNSO approximation         
              Efficient implementation of one- and two-       
              component analytical energy gradients in exact  
              two-component theory                            
              Y. J. Franzke, N. Middendorf, F. Weigend        
              J. Chem. Phys. 148: 104110 (2018)               
          Grids for all-electron relativistic methods         
              Error-consistent segmented contracted all-      
              electron relativistic basis sets of double-     
              and triple-zeta quality for NMR shielding       
              constants                                       
              Y. J. Franzke, R. Tress, T. M. Pazdera,         
              F. Weigend                                      
              Phys. Chem. Chem. Phys. 21: 166658 (2019)       
          Seminumerical exchange algorithms                   
              Seminumerical calculation of the Hartree-Fock   
              exchange matirx: Application to two-component   
              procedures and efficient evaluation of local    
              hybrid functionsl                               
               P. Plessow, F. Weigend,                        
              J. Comput. Chem. 33: 810 (2012)                 
          Improved seminumerical algorithms                   
              C. Holzer,                                      
              J. Chem. Phys. 153 (2020), 184115               
                                         




              +--------------------------------------------------+
              |      general information about current run       |
              +--------------------------------------------------+

 
 Becke-3-Parameter hybrid functional: B3-LYP
 exchange:    0.8*LDA + 0.72*B88 + 0.2*HF
 correlation: 0.19*LDA(VWN) + 0.81*LYP
 A Hybrid-DFT calculation using the RI-J approximation will be carried out.
 Allocatable memory for RI due to $ricore (MB):                  2000

   *************************************************************************
   b3                                                                       
   *************************************************************************




              +--------------------------------------------------+
              | Atomic coordinate, charge and isotop information |
              +--------------------------------------------------+

                    atomic coordinates            atom    charge  isotop
          3.93808928   -0.96675459    0.35759382    c      6.000     0
          4.50136353    4.40174020    4.27411376    c      6.000     0
          1.71029814    0.80131021    0.89641086    c      6.000     0
          3.26181620    1.95390784    5.19537585    c      6.000     0
         -1.19005238    0.60001715    4.58393587    c      6.000     0
         -1.56195842    0.08761243    7.20002812    c      6.000     0
         -3.40222682    0.56947199    3.03880452    c      6.000     0
         -5.76809495    0.06667634    4.03170385    c      6.000     0
         -3.94598361   -0.40624652    8.16907099    c      6.000     0
         -6.13622419   -0.44127675    6.63466780    c      6.000     0
         -8.57014495   -0.96645356    7.75870127    c      6.000     0
        -10.85663854   -1.11071374    6.56506068    c      6.000     0
        -13.24055412   -1.61645359    7.74602650    c      6.000     0
        -15.58077319   -1.78456135    6.51095782    c      6.000     0
        -17.60433463   -2.29784839    8.13377506    c      6.000     0
        -16.90269992   -2.54199628   10.67625624    c      6.000     0
        -18.55272902   -3.05570264   12.72263594    c      6.000     0
        -17.89127575   -3.29521749   15.23522127    c      6.000     0
        -23.87257508   -1.85321907   16.36193287    c      6.000     0
        -19.54535869   -3.80797540   17.27454586    c      6.000     0
        -18.81329675   -4.03752780   19.79905405    c      6.000     0
        -22.39663756   -4.20926479   17.16704671    c      6.000     0
        -23.18230141   -6.59103119   15.72233616    c      6.000     0
        -21.02334657   -4.56186123   21.30382029    c      6.000     0
        -21.31535933   -4.94750897   23.88905312    c      6.000     0
          1.16596744    1.10799046    3.59475023    n      7.000     0
        -13.61603665   -2.11055593   10.99794186    s     16.000     0
        -16.28806839   -3.78436119   20.66814854    c      6.000     0
        -23.05334593   -4.66252524   19.82170733    o      8.000     0
        -19.25810483   -4.87117916   25.62315519    c      6.000     0
        -23.77260952   -5.44131728   24.88405609    c      6.000     0
        -14.18114791   -3.55407274   21.25053870    n      7.000     0
        -17.63411123   -4.82435760   27.10521146    n      7.000     0
        -25.76642875   -5.84553725   25.71891801    n      7.000     0
          4.12546205   -1.22782234   -1.69919241    h      1.000     0
          5.74838530   -0.21842078    1.05672294    h      1.000     0
          3.62981655   -2.83592088    1.22249407    h      1.000     0
          5.93713776    5.00685450    5.65451977    h      1.000     0
          5.45760804    4.18303766    2.43958805    h      1.000     0
          3.09218796    5.92462815    4.09518996    h      1.000     0
          0.03301049    0.01046568   -0.02254557    h      1.000     0
          2.04681566    2.65966215    0.00373958    h      1.000     0
          2.52846225    2.28891036    7.10186479    h      1.000     0
          4.70271669    0.45131857    5.37537264    h      1.000     0
          0.04617357    0.01253644    8.48331317    h      1.000     0
         -3.26875679    1.01976822    1.03397196    h      1.000     0
         -7.38642749    0.10752674    2.74969154    h      1.000     0
         -4.13054938   -0.81441754   10.18736595    h      1.000     0
         -8.52708206   -1.27765990    9.80789666    h      1.000     0
        -10.97146245   -0.82745268    4.51927285    h      1.000     0
        -15.76040772   -1.53313537    4.47165534    h      1.000     0
        -19.56350441   -2.49693746    7.51649602    h      1.000     0
        -20.52978998   -3.26725238   12.16108870    h      1.000     0
        -15.89866575   -3.07362310   15.74658532    h      1.000     0
        -23.54904301   -1.42247320   14.35670290    h      1.000     0
        -25.90472023   -2.18838751   16.64591789    h      1.000     0
        -23.30138590   -0.20616005   17.49377148    h      1.000     0
        -22.83719168   -6.37327256   13.68645786    h      1.000     0
        -22.12352187   -8.24608526   16.40102450    h      1.000     0
        -25.21249465   -6.92994695   16.01510255    h      1.000     0
 
       center of nuclear mass  :  -12.55825804   -2.13737977   12.49098287
       center of nuclear charge:  -12.32670452   -2.06829921   12.23281163

              +--------------------------------------------------+
              |               basis set information              |
              +--------------------------------------------------+

              we will work with the 1s 3p 5d 7f 9g ... basis set
              ...i.e. with spherical basis functions...

   type   atoms  prim   cont   basis
   ---------------------------------------------------------------------------
    c       28     43     23   aug-cc-pVDZ   [4s3p2d|18s5p2d]
    n        4     43     23   aug-cc-pVDZ   [4s3p2d|18s5p2d]
    s        1     93     27   aug-cc-pVDZ   [5s4p2d|35s16p2d]
    o        1     43     23   aug-cc-pVDZ   [4s3p2d|18s5p2d]
    h       26     11      9   aug-cc-pVDZ   [3s2p|5s2p]
   ---------------------------------------------------------------------------
   total:   60   1798   1020
   ---------------------------------------------------------------------------

   total number of primitive shells          :  135
   total number of contracted shells         :  438
   total number of cartesian basis functions : 1088
   total number of SCF-basis functions       : 1020


 integral neglect threshold       :  0.31E-11
 integral storage threshold THIZE :  0.10E-04
 integral storage threshold THIME :         5

 RI-J AUXILIARY BASIS SET information:

              we will work with the 1s 3p 5d 7f 9g ... basis set
              ...i.e. with spherical basis functions...

   type   atoms  prim   cont   basis
   ---------------------------------------------------------------------------
    c       28     70     49   aug-cc-pVDZ   [6s4p3d1f1g|12s5p4d2f1g]
    n        4     70     49   aug-cc-pVDZ   [6s4p3d1f1g|12s5p4d2f1g]
    s        1     77     51   aug-cc-pVDZ   [8s4p3d1f1g|14s5p5d2f1g]
    o        1     70     49   aug-cc-pVDZ   [6s4p3d1f1g|12s5p4d2f1g]
    h       26     16     11   aug-cc-pVDZ   [3s1p1d|5s2p1d]
   ---------------------------------------------------------------------------
   total:   60   2803   1954
   ---------------------------------------------------------------------------

   total number of primitive shells          :  107
   total number of contracted shells         :  642
   total number of cartesian basis functions : 2388
   total number of SCF-basis functions       : 1954


 symmetry group of the molecule :   c1 

 the group has the following generators :
   c1(z)

    1 symmetry operations found

 there are 1 real representations :   a   

 maximum number of shells which are related by symmetry :  1

 ==============================================================================
                      COSMO switched on
 ==============================================================================
 COSMO stati: segments per atom: H   32 other atoms   92
 COSMO statistics: nps   2182 npspher:    898
 COSMO surface:
   number of segments: 2182
   area (bohr**2):     1855.165220
   volume (bohr**3):   3954.537455
 COSMO: check number of disjunct cavities:

       ... OK contiguous cavity found
  
           ------------------
           density functional
           ------------------
 Becke-3-Parameter hybrid functional: B3-LYP
 exchange:    0.8*LDA + 0.72*B88 + 0.2*HF
 correlation: 0.19*LDA(VWN) + 0.81*LYP

 iterations will be done with small grid
  
 spherical integration : Lebedev's spherical grid
 spherical gridsize    :                     3
    i.e. gridpoints    :                   302
 value for diffuse not defined
 radial integration    : Chebyshev 2nd kind (scaling 3)
 radial gridsize       :                     3
 integration cells     :                    60
 partition function    : becke
 partition sharpness   :                     3
  

 biggest AO integral is expected to be     9.680754338

          ------------------------
          nuclear repulsion energy  :   3057.81777871    
          ------------------------


         -----------------
         -S,T+V- integrals
         -----------------

 1e-integrals will be neglected if expon. factor < 0.307166E-12
 
   Difference densities algorithm switched on.
   The maximal number of linear combinations of
   difference densities is                    20 .

 DIIS switched on: error vector is FDS-SDF
 Max. Iterations for DIIS is     :   4
 DIIS matrix (see manual) 
    Scaling factor of diagonals  :  1.200
    threshold for scaling factor :  0.000

 scf convergence criterion : increment of total energy < .1000000D-06
                  and increment of one-electron energy < .1000000D-03

 MOs are in ASCII format !


    mo occupation :
   irrep   mo's   occupied
    a     1020      123
 
 number of basis functions   :  1020
 number of occupied orbitals :   123
 

 reading orbital data $scfmo  from file mos
 orbital characterization : expanded
 virtual MOs provided and orthogonalized by Cholesky decomposition

 automatic virtual orbital shift switched on 
      shift if e(lumo)-e(homo) < 0.10000000    

  
           ------------------------
               RI-J - INFORMATION
           ------------------------
 Contributions to RI integral batches: 
  neglected integral batches:                 37950
  direct contribution:                        31294
  memory contribution:                 26897
 Memory core needed for (P|Q) and Cholesky     30 MByte
 Memory core minimum needed except of (P|Q)     2 MByte
 Total minimum memory core needed (sum)        31 MByte
  
 ****************************************
 Memory allocated for RI-J  1479 MByte
 ****************************************
                                            

 DSCF restart information will be dumped onto file mos


 Starting SCF iterations

          Overall gridpoints after grid construction =         80896

 ITERATION  ENERGY          1e-ENERGY        2e-ENERGY     NORM[dD(SAO)]  TOL
   1  -1768.5662724978    -8431.0936138     3604.7095626    0.000D+00 0.306D-11
                            Exc = -176.550452463     Coul =  3823.22881195    
                            exK = -41.9687968425    
                              N = 246.00117448    
                          Ediel =-0.204375252441    
                            current damping = 0.300
 
          max. resid. norm for Fia-block=  9.590D-01 for orbital      1a         
          max. resid. fock norm         =  1.659D+00 for orbital      1a         

 ITERATION  ENERGY          1e-ENERGY        2e-ENERGY     NORM[dD(SAO)]  TOL
   2  -1773.4950193465    -8490.3334446     3659.0206465    0.186D+03 0.868D-12
                            Exc = -179.219715013      Eck =  3838.24036153    
                              N = 246.00094451    
                          Ediel =-0.382399466209E-01
                            current damping = 0.250
 
          Norm of current diis error:  3.4176    
          max. resid. norm for Fia-block=  2.276D-01 for orbital      1a         
          max. resid. fock norm         =  3.808D-01 for orbital      1a         

 ITERATION  ENERGY          1e-ENERGY        2e-ENERGY     NORM[dD(SAO)]  TOL
   3  -1773.7169626178    -8485.7913990     3654.2566576    0.491D+02 0.771D-12
                            Exc = -180.136027954      Eck =  3834.39268559    
                              N = 246.00066923    
                          Ediel =-0.941978615476E-01
                            current damping = 0.200
 
          Norm of current diis error:  2.8816    
          max. resid. norm for Fia-block=  1.015D-01 for orbital    115a         
          max. resid. fock norm         =  1.118D-01 for orbital    100a         

 ITERATION  ENERGY          1e-ENERGY        2e-ENERGY     NORM[dD(SAO)]  TOL
   4  -1774.2078664994    -8486.5135445     3654.4878992    0.131D+02 0.748D-12
                            Exc = -179.505263091      Eck =  3833.99316233    
                              N = 246.00057854    
                          Ediel =-0.291683118047E-01
                            current damping = 0.250
 
          Norm of current diis error: 0.98356    
          max. resid. norm for Fia-block=  2.633D-02 for orbital    111a         
          max. resid. fock norm         =  3.334D-02 for orbital     42a         
          irrep a   : virtual orbitals shifted by    0.01060

 ITERATION  ENERGY          1e-ENERGY        2e-ENERGY     NORM[dD(SAO)]  TOL
   5  -1774.2545001695    -8489.2826600     3657.2103811    0.463D+01 0.743D-12
                            Exc = -179.747608733      Eck =  3836.95798984    
                              N = 246.00058603    
                          Ediel =-0.336051299588E-01
                            current damping = 0.150
 
          Norm of current diis error: 0.33836    
          max. resid. norm for Fia-block=  1.469D-02 for orbital     39a         
          max. resid. fock norm         =  1.991D-02 for orbital     39a         
          irrep a   : virtual orbitals shifted by    0.01871
          mo-orthogonalization: Cholesky decomposition

 ITERATION  ENERGY          1e-ENERGY        2e-ENERGY     NORM[dD(SAO)]  TOL
   6  -1774.2591591548    -8490.1429710     3658.0660332    0.171D+01 0.741D-12
                            Exc = -179.814190024      Eck =  3837.88022321    
                              N = 246.00054377    
                          Ediel =-0.342321256686E-01
                            current damping = 0.100
 
          Norm of current diis error: 0.18225    
          max. resid. norm for Fia-block=  5.850D-03 for orbital     39a         
          max. resid. fock norm         =  8.800D-03 for orbital   1012a         
          irrep a   : virtual orbitals shifted by    0.02434

 ITERATION  ENERGY          1e-ENERGY        2e-ENERGY     NORM[dD(SAO)]  TOL
   7  -1774.2608030797    -8489.1393509     3657.0607691    0.744D+00 0.741D-12
                            Exc = -179.762287162      Eck =  3836.82305623    
                              N = 246.00056033    
                          Ediel =-0.341915858291E-01
                            current damping = 0.150
 
          Norm of current diis error: 0.76709E-01
          max. resid. norm for Fia-block=  2.396D-03 for orbital    115a         
          max. resid. fock norm         =  2.829D-03 for orbital    115a         
          irrep a   : virtual orbitals shifted by    0.02024

 ITERATION  ENERGY          1e-ENERGY        2e-ENERGY     NORM[dD(SAO)]  TOL
   8  -1774.2610859916    -8489.3826550     3657.3037903    0.245D+00 0.740D-12
                            Exc = -179.766206900      Eck =  3837.06999718    
                              N = 246.00055432    
                          Ediel =-0.336104522470E-01
                            current damping = 0.200
 
          Norm of current diis error: 0.29062E-01
          max. resid. norm for Fia-block=  1.152D-03 for orbital    112a         
          max. resid. fock norm         =  1.338D-03 for orbital    102a         
          irrep a   : virtual orbitals shifted by    0.01661

 ITERATION  ENERGY          1e-ENERGY        2e-ENERGY     NORM[dD(SAO)]  TOL
   9  -1774.2611260158    -8489.4274175     3657.3485128    0.109D+00 0.740D-12
                            Exc = -179.772274526      Eck =  3837.12078731    
                              N = 246.00055521    
                          Ediel =-0.338900833771E-01
                            current damping = 0.100
 
          Norm of current diis error: 0.15471E-01
          max. resid. norm for Fia-block=  3.939D-04 for orbital    115a         
          max. resid. fock norm         =  6.111D-04 for orbital     50a         
          irrep a   : virtual orbitals shifted by    0.02370

 ITERATION  ENERGY          1e-ENERGY        2e-ENERGY     NORM[dD(SAO)]  TOL
  10  -1774.2611386540    -8489.4098700     3657.3309526    0.618D-01 0.740D-12
                            Exc = -179.770772166      Eck =  3837.10172481    
                              N = 246.00055582    
                          Ediel =-0.338566620804E-01
                            current damping = 0.150
 
          Norm of current diis error: 0.49653E-02
          max. resid. norm for Fia-block=  1.434D-04 for orbital    121a         
          max. resid. fock norm         =  2.649D-04 for orbital     50a         
          irrep a   : virtual orbitals shifted by    0.02024
          mo-orthogonalization: Cholesky decomposition

 ITERATION  ENERGY          1e-ENERGY        2e-ENERGY     NORM[dD(SAO)]  TOL
  11  -1774.2611397748    -8489.4112363     3657.3323178    0.418D-01 0.739D-12
                            Exc = -179.770493493      Eck =  3837.10281132    
                              N = 246.00055508    
                          Ediel =-0.338270594247E-01
                            current damping = 0.200
 
          Norm of current diis error: 0.22045E-02
          max. resid. norm for Fia-block=  4.356D-05 for orbital    121a         
          max. resid. fock norm         =  7.868D-05 for orbital     45a         
          irrep a   : virtual orbitals shifted by    0.01673

 ITERATION  ENERGY          1e-ENERGY        2e-ENERGY     NORM[dD(SAO)]  TOL
  12  -1774.2611400782    -8489.4096982     3657.3307794    0.308D+02 0.873D-12
                            Exc = -179.770509879      Eck =  3837.10128933    
                              N = 246.00055538    
                          Ediel =-0.338395107228E-01
                            current damping = 0.250
 
          Norm of current diis error: 0.59879E-03
          max. resid. norm for Fia-block=  2.178D-05 for orbital    115a         
          max. resid. fock norm         =  5.376D-04 for orbital   1008a         
          irrep a   : virtual orbitals shifted by    0.01327

 ITERATION  ENERGY          1e-ENERGY        2e-ENERGY     NORM[dD(SAO)]  TOL
  13  -1774.2611400857    -8489.4108645     3657.3319457    0.187D+00 0.875D-12
                            Exc = -179.770558212      Eck =  3837.10250395    
                              N = 246.00055537    
                          Ediel =-0.338371632829E-01
                            current damping = 0.300
 
          Norm of current diis error: 0.35486E-03
          max. resid. norm for Fia-block=  1.110D-05 for orbital    115a         
          max. resid. fock norm         =  1.791D-04 for orbital   1008a         
          irrep a   : virtual orbitals shifted by    0.00980

 ENERGY CONVERGED !

          Overall gridpoints after grid construction =        295489

 ITERATION  ENERGY          1e-ENERGY        2e-ENERGY     NORM[dD(SAO)]  TOL
  14  -1774.2601431710    -8489.4107416     3657.3328197    0.227D-01 0.880D-12
                            Exc = -179.769579854      Eck =  3837.10239957    
                              N = 245.99989665    
                          Ediel =-0.338396402993E-01
                            current damping = 0.350
 
          Norm of current diis error: 0.11272E-03
          max. resid. norm for Fia-block=  3.547D-06 for orbital    115a         
          max. resid. fock norm         =  1.464D-04 for orbital   1008a         

 End of SCF iterations

   convergence criteria satisfied after    14 iterations


   *************************************************************************
   b3                                                                       
   *************************************************************************


                  ------------------------------------------ 
                 |  total energy      =  -1774.26014317096  |
                  ------------------------------------------ 
                 :  kinetic energy    =   1765.26747940600  :
                 :  potential energy  =  -3539.52762257696  :
                 :  virial theorem    =      1.99493159794  :
                 :  wavefunction norm =      1.00000000000  :
                  .......................................... 


 <geterg> : there is no data group $energy 


 <skperg> : $end is missing 


 orbitals $scfmo  will be written to file mos

    irrep                119a        120a        121a        122a        123a   
 eigenvalues H         -0.27290    -0.26842    -0.24991    -0.22568    -0.19070
            eV          -7.4260     -7.3042     -6.8004     -6.1412     -5.1893
 occupation              2.0000      2.0000      2.0000      2.0000      2.0000

    irrep                124a        125a        126a        127a        128a   
 eigenvalues H         -0.12132    -0.06776    -0.03733    -0.02520    -0.01785
            eV          -3.3012     -1.8440     -1.0159     -0.6856     -0.4858
 
 ==============================================================================
                                  COSMO RESULTS
 ==============================================================================
  PARAMETER:
    nppa:      1082
    nspa:        92
    nsph:        32
    nps:       2182
    npspher:    898
    disex:   10.0000    
    disex2:  4512.41    
    rsolv [A]: 1.3000
    routf:     0.8500
    phsran:    0.0    
    ampran:   0.10E-04
    cavity:  closed
    epsilon:     4.800
    refind:     1.300
    fepsi:      0.7169811
  CAVITY VOLUME/AREA [a.u.]:
    surface: V1.0, A matrix: V1.0
    area:  1855.17
    volume:  3954.54
  SCREENING CHARGE:
    cosmo      :  -0.058246
    correction :   0.056607
    total      :  -0.001639
  ENERGIES [a.u.]:
    Total energy            =   -1774.2601431709643
    Total energy + OC corr. =    -1774.2600415899
    Dielectric energy       =       -0.0338396403
    Diel. energy + OC corr. =       -0.0337380592
  ELEMENT RADIUS [A]: ATOM LIST
    c  2.00: 1-25,28,30,31
    n  1.83: 26,32-34
    s  2.16: 27
    o  1.72: 29
    h  1.30: 35-60
 ==============================================================================
 
 
 
 ==============================================================================
                           electrostatic moments
 ==============================================================================

 reference point for electrostatic moments:    0.00000   0.00000   0.00000

 
              nuc           elec       ->  total
 ------------------------------------------------------------------------------
                          charge      
 ------------------------------------------------------------------------------
         246.000000    -246.000000      -0.000000
 
 ------------------------------------------------------------------------------
                       dipole moment  
 ------------------------------------------------------------------------------
   x   -3032.369313    3036.246329       3.877016
   y    -508.801605     510.747131       1.945526
   z    3009.271660   -3019.479693     -10.208032
 
   | dipole moment | =    11.0914 a.u. =    28.1917 debye 
 
 ------------------------------------------------------------------------------
                     quadrupole moment
 ------------------------------------------------------------------------------
  xx   59404.403604  -59618.992095    -214.588491
  yy    2684.756202   -2852.521629    -167.765427
  zz   52093.573324  -52581.475231    -487.901907
  xy   11533.063541  -11562.402510     -29.338968
  xz  -52101.849441   52301.954214     200.104773
  yz  -10336.847687   10396.932101      60.084414
 
     1/3  trace=    -290.085275
     anisotropy=     472.470625
 
 ==============================================================================
 
HOMO-LUMO Separation
 HOMO         :   -0.19070341 H =     -5.18931 eV
 LUMO         :   -0.12131677 H =     -3.30120 eV
 HOMO-LUMO gap:    0.06938664 H =     +1.88811 eV
 
 ==============================================================================


    ------------------------------------------------------------------------
         total  cpu-time :  2 hours 13 minutes and 59 seconds
         total wall-time :  2 hours 14 minutes and 53 seconds
    ------------------------------------------------------------------------

   ****  ridft : all done  ****


    2025-03-21 23:39:38.699 

