
 eiger (nano21.int-nano.int.kit.edu) : TURBOMOLE rev. V7-6 19 Oct 2021 at 10:10:11 compiled Oct 19th 2021
 Copyright (C) 2021 TURBOMOLE GmbH, Karlsruhe


    2025-06-29 15:32:19.676 

 mp2                                                                            
  
Total energy =  -3104.2393890450 H =    -84470.6563138 eV
 
 HOMO-LUMO Separation
   HOMO:   192.   192 a     -0.24760511 H =     -6.73768 eV
   LUMO:   193.   193 a     -0.02421091 H =     -0.65881 eV
   Gap :                    +0.22339420 H =     +6.07887 eV
 
Number of MOs=   1470, Electrons=    384.00, Symmetry: c1   
 
   Nr.   Orbital    Occupation       Energy
  209.   209 a                     +0.061821 H =        +1.682 eV
  208.   208 a                     +0.061213 H =        +1.666 eV
  207.   207 a                     +0.056788 H =        +1.545 eV
  206.   206 a                     +0.054005 H =        +1.470 eV
  205.   205 a                     +0.053115 H =        +1.445 eV
  204.   204 a                     +0.049767 H =        +1.354 eV
  203.   203 a                     +0.046948 H =        +1.278 eV
  202.   202 a                     +0.045774 H =        +1.246 eV
  201.   201 a                     +0.044305 H =        +1.206 eV
  200.   200 a                     +0.041130 H =        +1.119 eV
  199.   199 a                     +0.040710 H =        +1.108 eV
  198.   198 a                     +0.039205 H =        +1.067 eV
  197.   197 a                     +0.037344 H =        +1.016 eV
  196.   196 a                     +0.034270 H =        +0.933 eV
  195.   195 a                     +0.030902 H =        +0.841 eV
  194.   194 a                     +0.028172 H =        +0.767 eV
  193.   193 a                     -0.024211 H =        -0.659 eV
  192.   192 a        2.000        -0.247605 H =        -6.738 eV
  191.   191 a        2.000        -0.290632 H =        -7.908 eV
  190.   190 a        2.000        -0.325605 H =        -8.860 eV
  189.   189 a        2.000        -0.331716 H =        -9.026 eV
  188.   188 a        2.000        -0.350408 H =        -9.535 eV
  187.   187 a        2.000        -0.355309 H =        -9.668 eV
  186.   186 a        2.000        -0.356239 H =        -9.694 eV
  185.   185 a        2.000        -0.361412 H =        -9.835 eV
  184.   184 a        2.000        -0.362475 H =        -9.863 eV
  183.   183 a        2.000        -0.370575 H =       -10.084 eV
  182.   182 a        2.000        -0.375218 H =       -10.210 eV
  181.   181 a        2.000        -0.400184 H =       -10.890 eV
  180.   180 a        2.000        -0.433071 H =       -11.784 eV
  179.   179 a        2.000        -0.458691 H =       -12.482 eV
  178.   178 a        2.000        -0.467435 H =       -12.720 eV
  177.   177 a        2.000        -0.473939 H =       -12.897 eV


    ------------------------------------------------------------------------
         total  cpu-time :   0.90 seconds
         total wall-time :   0.94 seconds
    ------------------------------------------------------------------------

   ****  eiger : all done  ****


    2025-06-29 15:32:20.599 

