
 ricc2 (nano21.int-nano.int.kit.edu) : TURBOMOLE rev. V7-6 19 Oct 2021 at 10:10:11 compiled Oct 19th 2021
 Copyright (C) 2021 TURBOMOLE GmbH, Karlsruhe


    2025-06-29 15:32:20.713 



                              R I C C 2 - PROGRAM

                          the quantum chemistry groups
                             at the universities in
                               Karlsruhe & Bochum
                                   Germany



   *-----------------------------------------------------------------------*
   |                     program will use  1 thread(s)                     |
   *-----------------------------------------------------------------------*


              +--------------------------------------------------+
              | Atomic coordinate, charge and isotop information |
              +--------------------------------------------------+

                    atomic coordinates            atom    charge  isotop
        -19.30386984   -1.12618852   25.34131558    c      6.000     0
        -18.04744177    2.91365722   23.76590420    c      6.000     0
        -18.79651673    5.20073454   22.63122042    c      6.000     0
        -15.49420351    2.55804081   24.39452821    c      6.000     0
        -17.03370424    7.07647310   22.11997108    c      6.000     0
        -13.73508033    4.46743785   23.90117420    c      6.000     0
         11.63844110    1.70955057    5.09263937    c      6.000     0
        -14.47220089    6.73169805   22.74657251    c      6.000     0
        -13.90575642   11.63912423   25.61346978    c      6.000     0
        -14.47108292   14.06644607   26.44110973    c      6.000     0
          9.23713947    0.92537318    5.74599555    c      6.000     0
        -14.83589228   20.58004951   24.18823966    c      6.000     0
          7.42508260    1.90590161    7.53173647    c      6.000     0
        -13.21455716   11.20114619   23.08481837    c      6.000     0
        -14.33797874   16.13090043   24.76943835    c      6.000     0
        -10.46318754    8.19276154   20.95610123    c      6.000     0
          5.27446221    0.39000092    7.49355720    c      6.000     0
        -13.10636372   13.25281372   21.41772712    c      6.000     0
        -13.64371585   15.70436241   22.24325265    c      6.000     0
          3.06178661    0.81062939    8.93780326    c      6.000     0
          5.79214436   -1.73710164    5.59485431    c      6.000     0
         -7.11432885    6.45741564   18.02226741    c      6.000     0
          2.58793250   -4.09924607    2.73858184    c      6.000     0
         -8.21579560    9.56442775   21.01608378    c      6.000     0
         -5.61994950    5.04563924   16.28100988    c      6.000     0
          3.89060537   -1.89303352    3.41987497    c      6.000     0
         -6.36714985    8.59036974   19.36852190    c      6.000     0
          0.91121063   -4.07848270    0.69360961    c      6.000     0
          0.85813711   -0.57647040    8.87244538    c      6.000     0
         -6.31952308    2.93915926   14.94995577    c      6.000     0
         -1.35925128   -0.09512163   10.29964271    c      6.000     0
         -4.77825547    1.57707037   13.19575778    c      6.000     0
          3.49318879    0.31857003    2.00545050    c      6.000     0
          0.52628627   -1.87230757   -0.69930562    c      6.000     0
          1.82935523    0.33079448   -0.03779962    c      6.000     0
         -3.60893810   -1.48626053   10.21259890    c      6.000     0
         -5.50164905   -0.56571692   11.81396472    c      6.000     0
        -19.90035697    1.19625824   24.17413985    o      8.000     0
         13.02072077    0.36669795    3.19649782    c      6.000     0
         12.83612155    3.83519615    6.24827247    c      6.000     0
          7.68131472    4.08090042    9.08588069    c      6.000     0
        -12.67544532    8.68756195   22.23686122    n      7.000     0
        -14.90575036   18.42365204   25.75558418    o      8.000     0
        -10.25881290    5.66460580   18.80450744    s     16.000     0
          8.23599639   -1.09696844    4.56133928    o      8.000     0
         -1.66274980    2.41691719   12.46110427    s     16.000     0
         14.16887698   -0.69686107    1.65548380    n      7.000     0
         13.88145757    5.54808151    7.14203791    n      7.000     0
          7.72098083    5.83541286   10.40703773    n      7.000     0
          6.29001142   -4.28607762    6.98094008    c      6.000     0
          4.17994134   -5.19082633    8.07528558    f      9.000     0
          8.01634975   -3.96579947    8.79367045    f      9.000     0
          7.14922189   -6.04080020    5.38820085    f      9.000     0
        -21.08077648   -2.18946579   25.48276650    h      1.000     0
        -17.94090222   -2.23570172   24.21251584    h      1.000     0
        -18.52548673   -0.85330092   27.26044698    h      1.000     0
        -20.78815598    5.44862107   22.15101323    h      1.000     0
        -14.85205284    0.81803201   25.29132685    h      1.000     0
        -17.63383269    8.83780519   21.22720928    h      1.000     0
        -11.75877508    4.18375764   24.42396485    h      1.000     0
        -14.00280595   10.05364477   26.93126425    h      1.000     0
        -15.01004491   14.42609875   28.40047907    h      1.000     0
        -15.35378458   22.19614254   25.38328243    h      1.000     0
        -12.92911781   20.90723102   23.40051621    h      1.000     0
        -16.20061300   20.43967064   22.61278255    h      1.000     0
        -12.58965307   12.93697604   19.44423378    h      1.000     0
        -13.53725322   17.25753455   20.89404225    h      1.000     0
          3.15559035    2.45147537   10.19499232    h      1.000     0
          2.86000430   -5.85779799    3.77199331    h      1.000     0
         -7.94449442   11.20658992   22.22708491    h      1.000     0
         -3.70563161    5.79544458   16.01413520    h      1.000     0
         -4.47709208    9.39632603   19.17301934    h      1.000     0
         -0.08609517   -5.81449982    0.18571038    h      1.000     0
          0.72662728   -2.21002393    7.61762906    h      1.000     0
         -8.23065848    2.17987770   15.19311742    h      1.000     0
          4.50080663    2.05195193    2.49959441    h      1.000     0
         -0.77888256   -1.86741432   -2.30028821    h      1.000     0
          1.55112160    2.06867979   -1.11807101    h      1.000     0
         -3.82626568   -3.13133817    8.98624261    h      1.000     0
         -7.37826803   -1.40139576   11.99539317    h      1.000     0
 
       center of nuclear mass  :   -3.34954681    3.61055859   13.69359451
       center of nuclear charge:   -3.58780309    3.70809731   13.82341961

   *************************************************************************
   mp2                                                                      
   *************************************************************************



              +--------------------------------------------------+
              |               basis set information              |
              +--------------------------------------------------+

              we will work with the 1s 3p 5d 7f 9g ... basis set
              ...i.e. with spherical basis functions...

   type   atoms  prim   cont   basis
   ---------------------------------------------------------------------------
    c       41     43     23   aug-cc-pVDZ   [4s3p2d|18s5p2d]
    o        3     43     23   aug-cc-pVDZ   [4s3p2d|18s5p2d]
    n        4     43     23   aug-cc-pVDZ   [4s3p2d|18s5p2d]
    s        2     93     27   aug-cc-pVDZ   [5s4p2d|35s16p2d]
    f        3     43     23   aug-cc-pVDZ   [4s3p2d|18s5p2d]
    h       27     11      9   aug-cc-pVDZ   [3s2p|5s2p]
   ---------------------------------------------------------------------------
   total:   80   2676   1470
   ---------------------------------------------------------------------------

   total number of primitive shells          :  160
   total number of contracted shells         :  616
   total number of cartesian basis functions : 1576
   total number of SCF-basis functions       : 1470


 symmetry group of the molecule :   c1 

 the group has the following generators :
   c1(z)

    1 symmetry operations found

 there are 1 real representations :   a   
WARNING: an $rij but no $rik flag found
WARNING: $rij is ignored by ricc2!


   =========================================================================


     restricted closed shell calculation for the wavefunction models:
               MP2        - Second Order Moeller Plesset PT


     global parameters for ricc2 program:

        hard restart (reuse of interm.) :  disabled
        soft restart (reuse of vectors) :  disabled
        threshold for vector function   :    0.100000E-05
        convergence threshold energy    :    0.100000E-06
        linear dependence threshold     :    0.100000E-13
        global print level              :      1
        maximum number of iterations    :   500
        maximum number DIIS vectors     :    10
        max. dim. of reduced space      :   100
        core memory limit (MB)          :   500


     MP2 energy only: Energy will be calculated directly from T2 amplitudes!

     Scratch Directory : 


   =========================================================================

    der. integral neglect threshold  :  0.10E-07
    integral neglect threshold       :  0.21E-11
    integral storage threshold THIZE :  0.10E-04
    integral storage threshold THIME :         5


                  +------------------------------------------+
                  |     Auxiliary basis set information      |
                  +------------------------------------------+

              assign orbital basis set names as defaults
              read basis sets from /shared/software/chem/TURBOMOLE/TURBOMOLE-V7.6/cbasen/
              (basis sets have been saved in file auxbasis)

              we will work with the 1s 3p 5d 7f 9g ... basis set
              ...i.e. with spherical basis functions...

   type   atoms  prim   cont   basis
   ---------------------------------------------------------------------------
    c       41     72     72   aug-cc-pVDZ   [8s6p5d3f|8s6p5d3f]
    o        3     72     72   aug-cc-pVDZ   [8s6p5d3f|8s6p5d3f]
    n        4     72     72   aug-cc-pVDZ   [8s6p5d3f|8s6p5d3f]
    s        2     92     92   aug-cc-pVDZ   [10s8p6d4f|10s8p6d4f]
    f        3     72     72   aug-cc-pVDZ   [8s6p5d3f|8s6p5d3f]
    h       27     23     23   aug-cc-pVDZ   [4s3p2d|4s3p2d]
   ---------------------------------------------------------------------------
   total:   80   4477   4477
   ---------------------------------------------------------------------------

   total number of primitive shells          :  125
   total number of contracted shells         : 1421
   total number of cartesian basis functions : 5281
   total number of SCF-basis functions       : 4477


 maximum number of shells which are related by symmetry :  1


 The symmetry information takes   1 MB

*---------------------------------------------------------------------*
|               simplified C1 algorithm will be applied               |
*---------------------------------------------------------------------*
 ==============================================================================
                      COSMO switched on
 ==============================================================================
 COSMO stati: segments per atom: H   32 other atoms   92
 COSMO statistics: nps   2784 npspher:   1221
 COSMO surface:
   number of segments: 2784
   area (bohr**2):     2482.824852
   volume (bohr**3):   5577.011378
 COSMO: check number of disjunct cavities:

       ... OK contiguous cavity found
            ======================================================
                      COSMO settings in RICC2
                   --------------------------
             Solvent charges are equilibrated for ground state
             COSMO linear response (LR) contribution included
             Outlying Charge Correction (OCC) is performed
             Using epsilon          =     4.800
             Using refractive index =     1.300
            ======================================================
        IMPORTANT NOTICE: The calculation of the solvent contributions will
         need the relaxed densities in general. Therefore the actual COSMO
         energies will be output only at the end of the run. Any energies
         or excitation energies quoted before that are only intermediate
         quantities and should be ignored unless you know what you are doing!

 ==============================================================================
                                  COSMO SETTINGS
 ==============================================================================
  PARAMETER:
    nppa:      1082
    nspa:        92
    nsph:        32
    nps:       2784
    npspher:   1221
    disex:   10.0000    
    disex2:  4622.12    
    rsolv [A]: 1.3000
    routf:     0.8500
    phsran:    0.0    
    ampran:   0.10E-04
    cavity:  closed
    epsilon:     4.800
    refind:     1.300
    fepsi:      0.7169811
  CAVITY VOLUME/AREA [a.u.]:
    surface: V1.0, A matrix: V1.0
    area:  2482.82
    volume:  5577.01
  ELEMENT RADIUS [A]: ATOM LIST
    c  2.00: 1-37,39-41,50
    o  1.72: 38,43,45
    n  1.83: 42,47-49
    s  2.16: 44,46
    f  1.72: 51-53
    h  1.30: 54-80
 ==============================================================================
  MOs are in ASCII format !


 reading orbital data $scfmo  from file mos
 orbital characterization : scfconv=7
 all orbitals will be active in the correlation treatment


   Molecular Orbital Statistic:
   ============================

   -----------------------------
   orbitals in total:
   -----------------------------
    frozen occupied :      0
    active occupied :    192
    active virtual  :   1278
    frozen virtual  :      0
    all together    :   1470
   -----------------------------


     time in riccmos       cpu:  1.22 sec    wall:  6.25 sec    ratio:  0.2

     total memory allocated for calculation of (Q|P)**(-1/2) : 230 MiB


     calculation of (P|Q) ...
     time in lp2sym        cpu:  0.47 sec    wall:  0.47 sec    ratio:  1.0


     calculation of the Cholesky decomposition of (P|Q)**(-1) ...
     time in invmetri      cpu:  3.00 sec    wall: 11.10 sec    ratio:  0.3

   threshold for RMS(d[D]) in SCF was     :  0.10E-06
   integral neglect threshold             :  0.21E-11
   derivative integral neglect threshold  :  0.10E-07


 setting up bound for integral derivative estimation

 increment for numerical differentiation : 0.00050000

   =========================================================================

     Energy of reference wave function is -3104.2393890449998
     Maximum orbital residual is           0.1400204815982E-03


     Number of symmetry-nonredundant auxiliary basis functions:     4477

     Block lengths for integral files:
        frozen occupied (BOI):        0 MiB
        active occupied (BJI):        7 MiB
        active virtual  (BAI):       44 MiB
        frozen virtual  (BGI):        0 MiB
               general  (BTI):       51 MiB

   =========================================================================




   **************************************************************************
   *                                                                        *
   *          OPTIMIZATION OF THE GROUND STATE CLUSTER AMPLITUDES           *
   *                                                                        *
   **************************************************************************

   Reaction field calculation using the COSMO solvation model
        Reaction field scheme  : post-SCF                                                                        
        Reaction field density : full unrelaxed                                                                  
        epsilon                :     4.800
        f(epsilon)             :   0.716981


   Iter.   MP2 energy       Norm(Omega)   Norm(t1)  Norm(t2)     cpu    wall
   ...........................................................................
    1  -3112.0955412584     ------          0.00000   0.99736  109.20  109.40
   ...........................................................................


     time in total         cpu:  1 h 49 min  wall:  1 h 49 min  ratio:  1.0


     **********************************************************************
     *                                                                    *
     *   RHF  energy                             :  -3104.2393890450      *
     *   MP2 correlation energy (doubles)        :     -7.8561522134      *
     *                                                                    *
     *   Final MP2 energy                        :  -3112.0955412584      *
     *                                                                    *
     *    E(S)   =     -4.5987392790      E(T)   =     -3.2574129345      *
     *    E(OS)  =     -5.6845435905      E(SS)  =     -2.1716086230      *
     *                                                                    *
     *   SCS-MP2 energy                          :  -3111.7847108946      *
     *   (computed with  C(OS) =   1.2000  and  C(SS) =   0.3333)         *
     *                                                                    *
     *   SOS-MP2 energy                          :  -3111.6292957126      *
     *   (computed with  C(OS) =   1.3000)                                *
     *                                                                    *
     *   Norm of MP1 T2 amplitudes               :      0.9973583751      *
     *                                                                    *
     **********************************************************************



    ------------------------------------------------------------------------
         total  cpu-time :  1 hours 57 minutes and  3 seconds
         total wall-time :  2 hours 18 minutes and 44 seconds
    ------------------------------------------------------------------------

   ****  ricc2 : all done  ****


    2025-06-29 17:51:04.398 

 ricc2 ended normally
