
 eiger (nano09.int-nano.int.kit.edu) : TURBOMOLE rev. V7-6 19 Oct 2021 at 10:10:11 compiled Oct 19th 2021
 Copyright (C) 2021 TURBOMOLE GmbH, Karlsruhe


    2025-06-26 22:36:18.113 

 mp2                                                                            
  
Total energy =  -1102.2057261500 H =    -29992.5454877 eV
 
 HOMO-LUMO Separation
   HOMO:    90.    90 a     -0.24653465 H =     -6.70855 eV
   LUMO:    91.    91 a     +0.01290066 H =     +0.35104 eV
   Gap :                    +0.25943532 H =     +7.05959 eV
 
Number of MOs=    760, Electrons=    180.00, Symmetry: c1   
 
   Nr.   Orbital    Occupation       Energy
  107.   107 a                     +0.079626 H =        +2.167 eV
  106.   106 a                     +0.075799 H =        +2.063 eV
  105.   105 a                     +0.074735 H =        +2.034 eV
  104.   104 a                     +0.068304 H =        +1.859 eV
  103.   103 a                     +0.066779 H =        +1.817 eV
  102.   102 a                     +0.062982 H =        +1.714 eV
  101.   101 a                     +0.062277 H =        +1.695 eV
  100.   100 a                     +0.059593 H =        +1.622 eV
   99.    99 a                     +0.055405 H =        +1.508 eV
   98.    98 a                     +0.051251 H =        +1.395 eV
   97.    97 a                     +0.043389 H =        +1.181 eV
   96.    96 a                     +0.040391 H =        +1.099 eV
   95.    95 a                     +0.037936 H =        +1.032 eV
   94.    94 a                     +0.033130 H =        +0.902 eV
   93.    93 a                     +0.028642 H =        +0.779 eV
   92.    92 a                     +0.022331 H =        +0.608 eV
   91.    91 a                     +0.012901 H =        +0.351 eV
   90.    90 a        2.000        -0.246535 H =        -6.709 eV
   89.    89 a        2.000        -0.304820 H =        -8.295 eV
   88.    88 a        2.000        -0.318270 H =        -8.661 eV
   87.    87 a        2.000        -0.353283 H =        -9.613 eV
   86.    86 a        2.000        -0.374011 H =       -10.177 eV
   85.    85 a        2.000        -0.402626 H =       -10.956 eV
   84.    84 a        2.000        -0.438515 H =       -11.933 eV
   83.    83 a        2.000        -0.440383 H =       -11.983 eV
   82.    82 a        2.000        -0.468352 H =       -12.744 eV
   81.    81 a        2.000        -0.471353 H =       -12.826 eV
   80.    80 a        2.000        -0.476561 H =       -12.968 eV
   79.    79 a        2.000        -0.478953 H =       -13.033 eV
   78.    78 a        2.000        -0.481509 H =       -13.103 eV
   77.    77 a        2.000        -0.490099 H =       -13.336 eV
   76.    76 a        2.000        -0.510407 H =       -13.889 eV
   75.    75 a        2.000        -0.517921 H =       -14.093 eV


    ------------------------------------------------------------------------
         total  cpu-time :   0.31 seconds
         total wall-time :   0.33 seconds
    ------------------------------------------------------------------------

   ****  eiger : all done  ****


    2025-06-26 22:36:18.424 

