
 eiger (nano18.int-nano.int.kit.edu) : TURBOMOLE rev. V7-6 19 Oct 2021 at 10:10:11 compiled Oct 19th 2021
 Copyright (C) 2021 TURBOMOLE GmbH, Karlsruhe


    2025-04-08 14:32:50.362 

 b3                                                                             
  
Total energy =   -917.7075157027 H =    -24972.0934632 eV
 
 HOMO-LUMO Separation
   HOMO:    77.    77 a     -0.19137663 H =     -5.20762 eV
   LUMO:    78.    78 a     -0.08999290 H =     -2.44883 eV
   Gap :                    +0.10138373 H =     +2.75879 eV
 
Number of MOs=    655, Electrons=    154.00, Symmetry: c1   
 
   Nr.   Orbital    Occupation       Energy
   94.    94 a                     +0.035630 H =        +0.970 eV
   93.    93 a                     +0.032907 H =        +0.895 eV
   92.    92 a                     +0.026936 H =        +0.733 eV
   91.    91 a                     +0.024551 H =        +0.668 eV
   90.    90 a                     +0.020028 H =        +0.545 eV
   89.    89 a                     +0.015481 H =        +0.421 eV
   88.    88 a                     +0.012942 H =        +0.352 eV
   87.    87 a                     +0.005056 H =        +0.138 eV
   86.    86 a                     +0.001270 H =        +0.035 eV
   85.    85 a                     -0.003547 H =        -0.097 eV
   84.    84 a                     -0.006456 H =        -0.176 eV
   83.    83 a                     -0.008168 H =        -0.222 eV
   82.    82 a                     -0.023323 H =        -0.635 eV
   81.    81 a                     -0.024799 H =        -0.675 eV
   80.    80 a                     -0.042522 H =        -1.157 eV
   79.    79 a                     -0.052607 H =        -1.432 eV
   78.    78 a                     -0.089993 H =        -2.449 eV
   77.    77 a        2.000        -0.191377 H =        -5.208 eV
   76.    76 a        2.000        -0.231269 H =        -6.293 eV
   75.    75 a        2.000        -0.243091 H =        -6.615 eV
   74.    74 a        2.000        -0.265714 H =        -7.230 eV
   73.    73 a        2.000        -0.276296 H =        -7.518 eV
   72.    72 a        2.000        -0.296325 H =        -8.063 eV
   71.    71 a        2.000        -0.322017 H =        -8.763 eV
   70.    70 a        2.000        -0.324633 H =        -8.834 eV
   69.    69 a        2.000        -0.326562 H =        -8.886 eV
   68.    68 a        2.000        -0.339490 H =        -9.238 eV
   67.    67 a        2.000        -0.352416 H =        -9.590 eV
   66.    66 a        2.000        -0.355351 H =        -9.670 eV
   65.    65 a        2.000        -0.362177 H =        -9.855 eV
   64.    64 a        2.000        -0.363981 H =        -9.904 eV
   63.    63 a        2.000        -0.373588 H =       -10.166 eV
   62.    62 a        2.000        -0.382325 H =       -10.404 eV


    ------------------------------------------------------------------------
         total  cpu-time :   0.23 seconds
         total wall-time :   0.64 seconds
    ------------------------------------------------------------------------

   ****  eiger : all done  ****


    2025-04-08 14:32:50.588 

