
 eiger (nano24.int-nano.int.kit.edu) : TURBOMOLE rev. V7-6 19 Oct 2021 at 10:10:11 compiled Oct 19th 2021
 Copyright (C) 2021 TURBOMOLE GmbH, Karlsruhe


    2025-06-18 00:42:08.854 

 CAM                                                                            
  
Total energy =  -2293.0422558830 H =    -62396.8579850 eV
 
 HOMO-LUMO Separation
   HOMO:   167.   167 a     -0.22944153 H =     -6.24342 eV
   LUMO:   168.   168 a     -0.09110509 H =     -2.47910 eV
   Gap :                    +0.13833644 H =     +3.76433 eV
 
Number of MOs=   1413, Electrons=    334.00, Symmetry: c1   
 
   Nr.   Orbital    Occupation       Energy
  184.   184 a                     +0.032764 H =        +0.892 eV
  183.   183 a                     +0.030877 H =        +0.840 eV
  182.   182 a                     +0.029765 H =        +0.810 eV
  181.   181 a                     +0.028757 H =        +0.783 eV
  180.   180 a                     +0.026936 H =        +0.733 eV
  179.   179 a                     +0.025260 H =        +0.687 eV
  178.   178 a                     +0.022332 H =        +0.608 eV
  177.   177 a                     +0.021104 H =        +0.574 eV
  176.   176 a                     +0.017207 H =        +0.468 eV
  175.   175 a                     +0.015220 H =        +0.414 eV
  174.   174 a                     +0.014260 H =        +0.388 eV
  173.   173 a                     +0.011584 H =        +0.315 eV
  172.   172 a                     +0.009298 H =        +0.253 eV
  171.   171 a                     +0.005984 H =        +0.163 eV
  170.   170 a                     +0.003801 H =        +0.103 eV
  169.   169 a                     -0.020381 H =        -0.555 eV
  168.   168 a                     -0.091105 H =        -2.479 eV
  167.   167 a        2.000        -0.229442 H =        -6.243 eV
  166.   166 a        2.000        -0.283107 H =        -7.704 eV
  165.   165 a        2.000        -0.305356 H =        -8.309 eV
  164.   164 a        2.000        -0.309060 H =        -8.410 eV
  163.   163 a        2.000        -0.319440 H =        -8.692 eV
  162.   162 a        2.000        -0.333421 H =        -9.073 eV
  161.   161 a        2.000        -0.347745 H =        -9.463 eV
  160.   160 a        2.000        -0.363040 H =        -9.879 eV
  159.   159 a        2.000        -0.366953 H =        -9.985 eV
  158.   158 a        2.000        -0.373586 H =       -10.166 eV
  157.   157 a        2.000        -0.376487 H =       -10.245 eV
  156.   156 a        2.000        -0.381886 H =       -10.392 eV
  155.   155 a        2.000        -0.391947 H =       -10.665 eV
  154.   154 a        2.000        -0.396042 H =       -10.777 eV
  153.   153 a        2.000        -0.401626 H =       -10.929 eV
  152.   152 a        2.000        -0.402417 H =       -10.950 eV


    ------------------------------------------------------------------------
         total  cpu-time :   0.79 seconds
         total wall-time :   0.80 seconds
    ------------------------------------------------------------------------

   ****  eiger : all done  ****


    2025-06-18 00:42:09.639 

