
 eiger (nano03.int-nano.int.kit.edu) : TURBOMOLE rev. V7-6 19 Oct 2021 at 10:10:11 compiled Oct 19th 2021
 Copyright (C) 2021 TURBOMOLE GmbH, Karlsruhe


    2025-03-09 12:54:02.055 

 JRD-1                                                                          
  
Total energy =  -2060.7700284930 H =    -56076.4087438 eV
 
 HOMO-LUMO Separation
   HOMO:   163.   163 a     -0.26728135 H =     -7.27310 eV
   LUMO:   164.   164 a     -0.07239844 H =     -1.97006 eV
   Gap :                    +0.19488292 H =     +5.30303 eV
 
Number of MOs=    819, Electrons=    326.00, Symmetry: c1   
 
   Nr.   Orbital    Occupation       Energy
  180.   180 a                     +0.146183 H =        +3.978 eV
  179.   179 a                     +0.145696 H =        +3.965 eV
  178.   178 a                     +0.140285 H =        +3.817 eV
  177.   177 a                     +0.137965 H =        +3.754 eV
  176.   176 a                     +0.136597 H =        +3.717 eV
  175.   175 a                     +0.121940 H =        +3.318 eV
  174.   174 a                     +0.120617 H =        +3.282 eV
  173.   173 a                     +0.110973 H =        +3.020 eV
  172.   172 a                     +0.105421 H =        +2.869 eV
  171.   171 a                     +0.088648 H =        +2.412 eV
  170.   170 a                     +0.066391 H =        +1.807 eV
  169.   169 a                     +0.057792 H =        +1.573 eV
  168.   168 a                     +0.047880 H =        +1.303 eV
  167.   167 a                     +0.043828 H =        +1.193 eV
  166.   166 a                     +0.029951 H =        +0.815 eV
  165.   165 a                     -0.001229 H =        -0.033 eV
  164.   164 a                     -0.072398 H =        -1.970 eV
  163.   163 a        2.000        -0.267281 H =        -7.273 eV
  162.   162 a        2.000        -0.303772 H =        -8.266 eV
  161.   161 a        2.000        -0.339529 H =        -9.239 eV
  160.   160 a        2.000        -0.366523 H =        -9.974 eV
  159.   159 a        2.000        -0.371022 H =       -10.096 eV
  158.   158 a        2.000        -0.373604 H =       -10.166 eV
  157.   157 a        2.000        -0.376081 H =       -10.234 eV
  156.   156 a        2.000        -0.404544 H =       -11.008 eV
  155.   155 a        2.000        -0.425252 H =       -11.572 eV
  154.   154 a        2.000        -0.425601 H =       -11.581 eV
  153.   153 a        2.000        -0.434183 H =       -11.815 eV
  152.   152 a        2.000        -0.435902 H =       -11.862 eV
  151.   151 a        2.000        -0.437969 H =       -11.918 eV
  150.   150 a        2.000        -0.440374 H =       -11.983 eV
  149.   149 a        2.000        -0.442362 H =       -12.037 eV
  148.   148 a        2.000        -0.445091 H =       -12.112 eV


    ------------------------------------------------------------------------
         total  cpu-time :   0.34 seconds
         total wall-time :   0.36 seconds
    ------------------------------------------------------------------------

   ****  eiger : all done  ****


    2025-03-09 12:54:02.397 

