
 riper (nano21.int-nano.int.kit.edu) : TURBOMOLE rev. V7-6 19 Oct 2021 at 10:10:11 compiled Oct 19th 2021
 Copyright (C) 2021 TURBOMOLE GmbH, Karlsruhe


    2025-04-09 20:06:37.374 

 Number of MKL threads:      1

   *************************************************************************
   wb97xd                                                                   
   *************************************************************************


    
    *************************************************************************
    *************************************************************************
    ***            _            _                   _     _               ***
    ***           | |_ _  _ _ _| |__  ___ _ __  ___| |___( )___           ***
    ***           |  _| || | '_| '_ \/ _ \ '  \/ _ \ / -_)/(_-<           ***
    ***            \__|\_,_|_| |_.__/\___/_|_|_\___/_\___| /__/           ***
    ***                      ___   ___                                    ***
    ***             //   ) )    / /    //   ) ) //   / /  //   ) )        ***
    ***            //___/ /    / /    //___/ / //____    //___/ /         ***
    ***           / ___ (     / /    / ____ / / ____    / ___ (           ***
    ***          //   | |    / /    //       //        //   | |           ***
    ***         //    | | __/ /___ //       //____/ / //    | |           ***
    ***                                                                   ***
    *************************************************************************
    *************************************************************************
    *************************** PROGRAM RIPER *******************************
    ****** Density Functional Theory with periodic boundary conditions ******
    ******                                                             ******
    ****** Developed by the groups in Jena   (M. Sierka)               ******
    ******                        and Munich (A. Burow)                ******
    *************************************************************************
    
    
                               References:                                  
    
    (1) General implementation:                                             
        R. Lazarski, A. M. Burow, M. Sierka                                 
        Density Functional Theory for Molecular and Periodic Systems Using  
        Density Fitting and Continuous Fast Multipole Methods               
        J. Chem. Theory Comput. 2015, 11, 3029-3041                         
        R. Lazarski, A. M. Burow, L. Grajciar, M. Sierka                    
        Density Functional Theory for Molecular and Periodic Systems Using  
        Density Fitting and Continuous Fast Multipole Methods: Analytical   
        Gradients                                                           
        J. Comput. Chem. 2016, 57, 2518–2526                                
    (2) DFT implementation:                                                 
        A. M. Burow, M. Sierka                                              
        Linear Scaling Hierarchical Integration Scheme For the              
        Exchange-Correlation Term in Molecular and Periodic Systems         
        J. Chem. Theory Comput. 2011, 7, 3097-3104                          
    (3) RI/DF approximation:                                                
        A. M. Burow, M. Sierka, F. Mohamed                                  
        Resolution of Identity Approximation for the Coulomb Term in        
        Molecular and Periodic Systems                                      
        J. Chem. Phys. 2009, 131, 214101/1-214101/6                         
    (4) Low-Memory Iterative Density Fitting (LMIDF) method:                
        L. Grajciar                                                         
        Low-Memory Iterative Density Fitting                                
        J. Comput. Chem. 2015, 36, 1521-1535                                
    


              +--------------------------------------------------+
              | Atomic coordinate, charge and isotop information |
              +--------------------------------------------------+

                    atomic coordinates            atom    charge  isotop
        -13.44927959    5.44487519   -0.48654534    c      6.000     0
        -11.07102429    6.66053883   -0.45717708    c      6.000     0
         -8.83623067    5.32252568   -0.26476790    c      6.000     0
         -8.85113624    2.66064086   -0.09356981    c      6.000     0
         -6.56415627    1.23645803    0.12853654    c      6.000     0
         -6.59527510   -1.34166732    0.28820287    c      6.000     0
         -8.90909184   -2.75637758    0.22587549    c      6.000     0
         -8.95759694   -5.46049415    0.37023742    c      6.000     0
        -11.34171772   -6.66615409    0.33849027    c      6.000     0
        -13.58520001   -5.32336172    0.19839663    c      6.000     0
        -13.59114662   -2.66714764    0.03644587    c      6.000     0
        -15.87740873   -1.23992936   -0.15377886    c      6.000     0
        -15.85972703    1.33688473   -0.32499161    c      6.000     0
        -13.53750791    2.74385118   -0.31675958    c      6.000     0
        -11.21178284    1.34695465   -0.12483636    c      6.000     0
        -11.23051196   -1.36102345    0.04238046    c      6.000     0
        -15.76117765    6.91871590   -0.68358866    c      6.000     0
         -6.63059960   -6.93801568    0.52084096    c      6.000     0
        -15.97496435    9.45181573   -0.85198667    c      6.000     0
         -6.45905370   -9.34630117    1.39471438    c      6.000     0
         -4.33478822  -10.82766541    1.37311296    n      7.000     0
        -18.45018001   10.62303364   -1.03616106    n      7.000     0
        -18.46206636   12.93647029   -1.17886422    o      8.000     0
        -20.34613046    9.29343256   -1.04093705    o      8.000     0
        -10.98788779    8.71786760   -0.58676986    h      1.000     0
         -7.02861117    6.32225446   -0.24168895    h      1.000     0
         -4.76933884    2.25889912    0.18176165    h      1.000     0
         -4.80562009   -2.34184719    0.48959783    h      1.000     0
        -11.42463873   -8.72807190    0.36113512    h      1.000     0
        -15.38766430   -6.33451932    0.16675277    h      1.000     0
        -17.67576648   -2.25871105   -0.16175856    h      1.000     0
        -17.65923683    2.32705889   -0.46715098    h      1.000     0
        -17.57062455    5.93010918   -0.70322448    h      1.000     0
         -4.88184868   -6.04529075   -0.12444875    h      1.000     0
        -14.47351309   10.85562994   -0.87153918    h      1.000     0
         -8.12540702  -10.30026521    2.16598379    h      1.000     0
         -4.23609428  -12.30356527    2.58531910    h      1.000     0
         -2.65164566  -10.02012727    0.94147466    h      1.000     0
 
       center of nuclear mass  :  -12.01505262    1.05290509   -0.09416239
       center of nuclear charge:  -11.93540112    0.94282289   -0.07894871

   * BASIS SET information:

              +--------------------------------------------------+
              |               basis set information              |
              +--------------------------------------------------+

              we will work with the 1s 3p 5d 7f 9g ... basis set
              ...i.e. with spherical basis functions...

   type   atoms  prim   cont   basis
   ---------------------------------------------------------------------------
    c       20     43     23   aug-cc-pVDZ   [4s3p2d|18s5p2d]
    n        2     43     23   aug-cc-pVDZ   [4s3p2d|18s5p2d]
    o        2     43     23   aug-cc-pVDZ   [4s3p2d|18s5p2d]
    h       14     11      9   aug-cc-pVDZ   [3s2p|5s2p]
   ---------------------------------------------------------------------------
   total:   38   1186    678
   ---------------------------------------------------------------------------

   total number of primitive shells          :   82
   total number of contracted shells         :  286
   total number of cartesian basis functions :  726
   total number of SCF-basis functions       :  678


   * AUXILIARY RI-J BASIS SET information:

              +--------------------------------------------------+
              |               basis set information              |
              +--------------------------------------------------+

              we will work with the 1s 3p 5d 7f 9g ... basis set
              ...i.e. with spherical basis functions...

   type   atoms  prim   cont   basis
   ---------------------------------------------------------------------------
    c       20     70     49   aug-cc-pVDZ   [6s4p3d1f1g|12s5p4d2f1g]
    n        2     70     49   aug-cc-pVDZ   [6s4p3d1f1g|12s5p4d2f1g]
    o        2     70     49   aug-cc-pVDZ   [6s4p3d1f1g|12s5p4d2f1g]
    h       14     16     11   aug-cc-pVDZ   [3s1p1d|5s2p1d]
   ---------------------------------------------------------------------------
   total:   38   1904   1330
   ---------------------------------------------------------------------------

   total number of primitive shells          :   80
   total number of contracted shells         :  430
   total number of cartesian basis functions : 1632
   total number of SCF-basis functions       : 1330

 Libxc version: 5.1.4
 S. Lehtola, C. Steigemann, M.J.T. Oliveira, and M.A.L. Marques, Software X 7, 1 (2018)
 M.A.L. Marques, M.J.T. Oliveira, and T. Burnus, Comput. Phys. Commun. 183, 2272 (2012)
 TURBOMOLE integration by Christof Holzer

  Keyword $riper not found - using default options 
               
              +--------------------------------------------------+
              |       Summary of SCF and related options         |
              +--------------------------------------------------+
               
       Energy calculation only 
       Diagonalization method set to:                                2
       Maximum number of SCF iterations included in the DIIS:        4
       Automatic orbital shift for HOMO-LUMO gap below:           0.1000E+00
               
              +--------------------------------------------------+
              |      SCREENING OF BASIS FUNCTION PRODUCTS        |
              +--------------------------------------------------+
               
         Threshold for shell products neglect:          0.5E-12
         Tolerance for shell products extents:          0.1E-06
         The biggest integral is expected to be:        0.1E+01
         Number of {mu,nu} shell products:                34910
        
               
              +--------------------------------------------------+
              |             INITIAL ORBITALS/BANDS               |
              +--------------------------------------------------+
               
  Bands restarted from             RIPER.BANDS
  Bands occupations restarted from RIPER.BANDS.OCCUPATIONS
  Bands energies restarted from    RIPER.BANDS.ENERGIES
              
              +--------------------------------------------------+
              |         Calculation of quantities on grid        |
              +--------------------------------------------------+
              
 Creating .cub files
   *grid construction*
   *plotting orbital     1 of     2*
   calculating values on grid points
   writing orbital values to   orb_k_1_1_1_a_82_real.cub
   *plotting orbital     2 of     2*
   calculating values on grid points
   writing orbital values to   orb_k_1_1_1_a_83_real.cub
 

    ------------------------------------------------------------------------
    RIPER profiling                cpu                    wall         ratio
    ------------------------------------------------------------------------
    module                         sec     %               sec     %
    ------------------------------------------------------------------------
    RIPER                         5.8   99.98           16.8   99.99   0.3
    Preliminaries                 0.1    2.57            0.2    1.07   0.8
    preescrening                  0.1    1.61            0.1    0.56   1.0
    T+S matrix                    0.0    0.22            0.0    0.07   1.0
    BANDS init                    0.0    0.30            0.7    4.42   0.0
    Properties                    5.6   96.89           15.8   94.42   0.4
    Orbital plot                  5.5   94.48           15.7   93.56   0.3
    ------------------------------------------------------------------------
    sum                          17.2  296.04           49.3  294.09   0.3
    ------------------------------------------------------------------------


    ------------------------------------------------------------------------
         total  cpu-time :   5.80 seconds
         total wall-time :  16.78 seconds
    ------------------------------------------------------------------------

   ****  riper : all done  ****


    2025-04-09 20:06:54.130 

