
 ridft (nano18.int-nano.int.kit.edu) : TURBOMOLE rev. V7-6 19 Oct 2021 at 10:10:11 compiled Oct 19th 2021
 Copyright (C) 2021 TURBOMOLE GmbH, Karlsruhe


    2025-04-08 13:09:21.852 



                                  r i d f t

                        DFT program with RI approximation 
                                for coulomb part 




                                                 
                                 References:     
                                                 
          TURBOMOLE:                             
              R. Ahlrichs, M. Baer, M. Haeser, H. Horn, and
              C. Koelmel
              Electronic structure calculations on workstation
              computers: the program system TURBOMOLE
              Chem. Phys. Lett. 162: 165 (1989)
          Density Functional:                              
              O. Treutler and R. Ahlrichs                      
              Efficient Molecular Numerical Integration Schemes
              J. Chem. Phys. 102: 346 (1995)                   
          Parallel Version:                                
              Performance of parallel TURBOMOLE for Density    
              Functional Calculations                          
              M. v. Arnim and R. Ahlrichs                      
              J. Comp. Chem. 19: 1746 (1998)                   
          RI-J Method:                                     
              Auxiliary Basis Sets to approximate Coulomb      
              Potentials                                       
              Chem. Phys. Lett. 240: 283 (1995)                
              K. Eichkorn, O. Treutler, H. Oehm, M. Haeser     
              and R. Ahlrichs                                  
              Chem. Phys. Lett. 242: 652 (1995)                
                                                           
              Auxiliary Basis Sets for Main Row Atoms and their
              Use to approximate Coulomb Potentials            
              K. Eichkorn, F. Weigend, O. Treutler and         
              R. Ahlrichs                                      
              Theo. Chem. Acc. 97: 119 (1997)                   
                                                           
              Accurate Coulomb-fitting basis sets for H to Rn 
              F. Weigend                                        
              Phys. Chem. Chem. Phys. 8: 1057 (2006)            
                                                           
          Multipole accelerated RI-J (MARI-J):             
              Fast evaluation of the Coulomb potential for     
              electron densities using multipole accelerated   
              resolution of identity approximation             
              M. Sierka, A. Hogekamp and R. Ahlrichs           
              J. Chem. Phys. 118: 9136 (2003)                  
          RI-JK Method:                                     
              A fully direct RI-HF algorithm: Implementation,
              optimised auxiliary basis sets, demonstration of
              accuracy and efficiency                         
              F. Weigend                                      
              Phys. Chem. Chem. Phys. 4: 4285 (2002)           
          Two-component HF and DFT with spin-orbit coupling:  
              Self-consistent treatment of spin-orbit         
              interactions with efficient Hartree-Fock and    
              density functional methods                      
              M. K. Armbruster, F. Weigend, C. van Wüllen and 
              W. Klopper                                      
              Phys. Chem. Chem. Phys. 10: 1748 (2008)         
          Two-component difference density and DIIS algorithm 
              Efficient two-component self-consistent field   
              procedures and gradients: implementation in     
              TURBOMOLE and application to Au20-              
              A. Baldes, F. Weigend                           
              Mol. Phys. 111: 2617 (2013)                     
          Relativistic all-electron 2c calculations           
              An efficient implementation of two-component    
              relativistic exact-decoupling methods for large 
              molecules                                       
              D. Peng, N. Middendorf, F. Weigend, M. Reiher   
              J. Chem. Phys. 138: 184105 (2013)               
          Finite nucleus model and SNSO approximation         
              Efficient implementation of one- and two-       
              component analytical energy gradients in exact  
              two-component theory                            
              Y. J. Franzke, N. Middendorf, F. Weigend        
              J. Chem. Phys. 148: 104110 (2018)               
          Grids for all-electron relativistic methods         
              Error-consistent segmented contracted all-      
              electron relativistic basis sets of double-     
              and triple-zeta quality for NMR shielding       
              constants                                       
              Y. J. Franzke, R. Tress, T. M. Pazdera,         
              F. Weigend                                      
              Phys. Chem. Chem. Phys. 21: 166658 (2019)       
          Seminumerical exchange algorithms                   
              Seminumerical calculation of the Hartree-Fock   
              exchange matirx: Application to two-component   
              procedures and efficient evaluation of local    
              hybrid functionsl                               
               P. Plessow, F. Weigend,                        
              J. Comput. Chem. 33: 810 (2012)                 
          Improved seminumerical algorithms                   
              C. Holzer,                                      
              J. Chem. Phys. 153 (2020), 184115               
                                         




              +--------------------------------------------------+
              |      general information about current run       |
              +--------------------------------------------------+

 
 Becke-3-Parameter hybrid functional: B3-LYP
 exchange:    0.8*LDA + 0.72*B88 + 0.2*HF
 correlation: 0.19*LDA(VWN) + 0.81*LYP
 A Hybrid-DFT calculation using the RI-J approximation will be carried out.
 Allocatable memory for RI due to $ricore (MB):                  2000

   *************************************************************************
   b3                                                                       
   *************************************************************************




              +--------------------------------------------------+
              | Atomic coordinate, charge and isotop information |
              +--------------------------------------------------+

                    atomic coordinates            atom    charge  isotop
        -22.89259418    7.30563624   -0.80306708    c      6.000     0
        -20.52082753    8.51573594   -0.98832765    c      6.000     0
        -18.27220514    7.19481052   -0.81682214    c      6.000     0
        -18.26613467    4.55627833   -0.43627338    c      6.000     0
        -15.96474395    3.14591555   -0.26912016    c      6.000     0
        -15.97723431    0.59065923    0.10553554    c      6.000     0
        -18.28647409   -0.81015719    0.36714573    c      6.000     0
        -18.31551213   -3.48804931    0.77754797    c      6.000     0
        -20.69378322   -4.69181524    0.96326420    c      6.000     0
        -22.94815156   -3.37864514    0.73455762    c      6.000     0
        -22.97267960   -0.74660451    0.34570141    c      6.000     0
        -25.27159895    0.65814608    0.13600422    c      6.000     0
        -25.27218612    3.21396071   -0.23061801    c      6.000     0
        -22.95862879    4.62711303   -0.41638497    c      6.000     0
        -20.62098500    3.24877017   -0.22432762    c      6.000     0
        -20.61947282    0.56309062    0.16795667    c      6.000     0
        -25.22142910    8.77079984   -0.99376253    c      6.000     0
        -15.97517644   -4.93417907    1.01797733    c      6.000     0
        -25.45134718   11.23760710   -1.66351693    c      6.000     0
        -15.78141231   -7.46648886    0.58048744    c      6.000     0
        -27.83740497   12.48423944   -1.76000002    c      6.000     0
        -13.70253366   -8.96434210    0.94816331    n      7.000     0
        -13.53927516  -11.38674478   -0.32204180    c      6.000     0
        -11.37326047   -7.86944882    1.86829275    c      6.000     0
        -29.76828121   13.53279145   -1.85433029    n      7.000     0
        -20.44732476   10.56116441   -1.24798415    h      1.000     0
        -16.47005964    8.19411712   -0.96441235    h      1.000     0
        -14.17407061    4.15866532   -0.46437232    h      1.000     0
        -14.17734959   -0.40874168    0.18219910    h      1.000     0
        -20.76454164   -6.71476231    1.36556274    h      1.000     0
        -24.74610789   -4.38454634    0.90232734    h      1.000     0
        -27.06389219   -0.36280818    0.26982281    h      1.000     0
        -27.08335065    4.17891845   -0.39735373    h      1.000     0
        -26.98160358    7.79242735   -0.54845404    h      1.000     0
        -14.27959765   -3.90244583    1.56934680    h      1.000     0
        -23.81839699   12.39273557   -2.18435345    h      1.000     0
        -17.41793249   -8.50458838   -0.14374487    h      1.000     0
        -15.44793456  -12.14667852   -0.64088566    h      1.000     0
        -12.57923898  -11.26627152   -2.18145485    h      1.000     0
        -12.49055329  -12.75199747    0.85106660    h      1.000     0
        -10.43103076   -6.65644935    0.44150900    h      1.000     0
        -11.74029407   -6.70396244    3.55424492    h      1.000     0
        -10.05394305   -9.38385542    2.40289448    h      1.000     0
 
       center of nuclear mass  :  -20.21373417    1.25376533   -0.10000406
       center of nuclear charge:  -20.08622372    1.08302262   -0.08668211

              +--------------------------------------------------+
              |               basis set information              |
              +--------------------------------------------------+

              we will work with the 1s 3p 5d 7f 9g ... basis set
              ...i.e. with spherical basis functions...

   type   atoms  prim   cont   basis
   ---------------------------------------------------------------------------
    c       23     43     23   aug-cc-pVDZ   [4s3p2d|18s5p2d]
    n        2     43     23   aug-cc-pVDZ   [4s3p2d|18s5p2d]
    h       18     11      9   aug-cc-pVDZ   [3s2p|5s2p]
   ---------------------------------------------------------------------------
   total:   43   1273    737
   ---------------------------------------------------------------------------

   total number of primitive shells          :   57
   total number of contracted shells         :  315
   total number of cartesian basis functions :  787
   total number of SCF-basis functions       :  737


 integral neglect threshold       :  0.42E-11
 integral storage threshold THIZE :  0.10E-04
 integral storage threshold THIME :         5

 RI-J AUXILIARY BASIS SET information:

              we will work with the 1s 3p 5d 7f 9g ... basis set
              ...i.e. with spherical basis functions...

   type   atoms  prim   cont   basis
   ---------------------------------------------------------------------------
    c       23     70     49   aug-cc-pVDZ   [6s4p3d1f1g|12s5p4d2f1g]
    n        2     70     49   aug-cc-pVDZ   [6s4p3d1f1g|12s5p4d2f1g]
    h       18     16     11   aug-cc-pVDZ   [3s1p1d|5s2p1d]
   ---------------------------------------------------------------------------
   total:   43   2038   1423
   ---------------------------------------------------------------------------

   total number of primitive shells          :   56
   total number of contracted shells         :  465
   total number of cartesian basis functions : 1741
   total number of SCF-basis functions       : 1423


 symmetry group of the molecule :   c1 

 the group has the following generators :
   c1(z)

    1 symmetry operations found

 there are 1 real representations :   a   

 maximum number of shells which are related by symmetry :  1

  
           ------------------
           density functional
           ------------------
 Becke-3-Parameter hybrid functional: B3-LYP
 exchange:    0.8*LDA + 0.72*B88 + 0.2*HF
 correlation: 0.19*LDA(VWN) + 0.81*LYP

 iterations will be done with small grid
  
 spherical integration : Lebedev's spherical grid
 spherical gridsize    :                     3
    i.e. gridpoints    :                   302
 value for diffuse not defined
 radial integration    : Chebyshev 2nd kind (scaling 3)
 radial gridsize       :                     3
 integration cells     :                    43
 partition function    : becke
 partition sharpness   :                     3
  

 biggest AO integral is expected to be     4.122252735

          ------------------------
          nuclear repulsion energy  :   1864.92438709    
          ------------------------


         -----------------
         -S,T+V- integrals
         -----------------

 1e-integrals will be neglected if expon. factor < 0.424646E-12
 
   Difference densities algorithm switched on.
   The maximal number of linear combinations of
   difference densities is                    20 .

 DIIS switched on: error vector is FDS-SDF
 Max. Iterations for DIIS is     :   4
 DIIS matrix (see manual) 
    Scaling factor of diagonals  :  1.200
    threshold for scaling factor :  0.000

 scf convergence criterion : increment of total energy < .1000000D-06
                  and increment of one-electron energy < .1000000D-03

 MOs are in ASCII format !


    mo occupation :
   irrep   mo's   occupied
    a      737       85
 
 number of basis functions   :   737
 number of occupied orbitals :    85
 

 reading orbital data $scfmo  from file mos
 orbital characterization : expanded
 virtual MOs provided and orthogonalized by Cholesky decomposition

 automatic virtual orbital shift switched on 
      shift if e(lumo)-e(homo) < 0.10000000    

  
           ------------------------
               RI-J - INFORMATION
           ------------------------
 Contributions to RI integral batches: 
  neglected integral batches:                 10507
  direct contribution:                        10529
  memory contribution:                 28734
 Memory core needed for (P|Q) and Cholesky     16 MByte
 Memory core minimum needed except of (P|Q)     2 MByte
 Total minimum memory core needed (sum)        18 MByte
  
 ****************************************
 Memory allocated for RI-J  1825 MByte
 ****************************************
                                            

 DSCF restart information will be dumped onto file mos


 Starting SCF iterations

          Overall gridpoints after grid construction =         58072

 ITERATION  ENERGY          1e-ENERGY        2e-ENERGY     NORM[dD(SAO)]  TOL
   1  -992.98533182272    -5010.6447312     2152.7350123    0.000D+00 0.424D-11
                            Exc = -114.175800164     Coul =  2293.96380430    
                            exK = -27.0529918217    
                              N = 170.00096056    
                            current damping = 0.300
 
          max. resid. norm for Fia-block=  3.141D-01 for orbital     50a         
          max. resid. fock norm         =  1.418D+00 for orbital    725a         

 ITERATION  ENERGY          1e-ENERGY        2e-ENERGY     NORM[dD(SAO)]  TOL
   2  -995.91712156938    -5050.1508733     2189.3093646    0.322D+03 0.942D-12
                            Exc = -116.652486463      Eck =  2305.96185110    
                              N = 170.00107468    
                            current damping = 0.250
 
          Norm of current diis error:  2.5023    
          max. resid. norm for Fia-block=  1.819D-01 for orbital     83a         
          max. resid. fock norm         =  3.271D-01 for orbital    724a         

 ITERATION  ENERGY          1e-ENERGY        2e-ENERGY     NORM[dD(SAO)]  TOL
   3  -995.96560542383    -5045.9805236     2185.0905311    0.995D+02 0.931D-12
                            Exc = -116.965772183      Eck =  2302.05630330    
                              N = 170.00090639    
                            current damping = 0.200
 
          Norm of current diis error:  2.1464    
          max. resid. norm for Fia-block=  1.028D-01 for orbital     27a         
          max. resid. fock norm         =  1.262D-01 for orbital     27a         

 ITERATION  ENERGY          1e-ENERGY        2e-ENERGY     NORM[dD(SAO)]  TOL
   4  -996.21641580367    -5047.4313234     2186.2905205    0.170D+02 0.922D-12
                            Exc = -116.783158880      Eck =  2303.07367942    
                              N = 170.00083251    
                            current damping = 0.250
 
          Norm of current diis error: 0.94488    
          max. resid. norm for Fia-block=  3.829D-02 for orbital     80a         
          max. resid. fock norm         =  4.705D-02 for orbital     80a         

 ITERATION  ENERGY          1e-ENERGY        2e-ENERGY     NORM[dD(SAO)]  TOL
   5  -996.26681278563    -5050.5729235     2189.3817236    0.871D+01 0.904D-12
                            Exc = -116.987421107      Eck =  2306.36914469    
                              N = 170.00082641    
                            current damping = 0.150
 
          Norm of current diis error: 0.21398    
          max. resid. norm for Fia-block=  6.079D-03 for orbital     83a         
          max. resid. fock norm         =  1.212D-02 for orbital     44a         
          mo-orthogonalization: Cholesky decomposition

 ITERATION  ENERGY          1e-ENERGY        2e-ENERGY     NORM[dD(SAO)]  TOL
   6  -996.26741153964    -5049.4821537     2188.2903551    0.406D+01 0.910D-12
                            Exc = -116.984164078      Eck =  2305.27451915    
                              N = 170.00083929    
                            current damping = 0.200
 
          Norm of current diis error: 0.18233    
          max. resid. norm for Fia-block=  3.833D-03 for orbital     83a         
          max. resid. fock norm         =  6.798D-03 for orbital     44a         

 ITERATION  ENERGY          1e-ENERGY        2e-ENERGY     NORM[dD(SAO)]  TOL
   7  -996.26893109998    -5049.6942187     2188.5009005    0.144D+01 0.907D-12
                            Exc = -116.968591871      Eck =  2305.46949242    
                              N = 170.00080848    
                            current damping = 0.250
 
          Norm of current diis error: 0.45403E-01
          max. resid. norm for Fia-block=  1.121D-03 for orbital     85a         
          max. resid. fock norm         =  1.848D-03 for orbital     29a         

 ITERATION  ENERGY          1e-ENERGY        2e-ENERGY     NORM[dD(SAO)]  TOL
   8  -996.26899947023    -5049.7890533     2188.5956667    0.414D+00 0.907D-12
                            Exc = -116.973310353      Eck =  2305.56897710    
                              N = 170.00081071    
                            current damping = 0.100
 
          Norm of current diis error: 0.24070E-01
          max. resid. norm for Fia-block=  8.394D-04 for orbital     78a         
          max. resid. fock norm         =  1.119D-03 for orbital     73a         

 ITERATION  ENERGY          1e-ENERGY        2e-ENERGY     NORM[dD(SAO)]  TOL
   9  -996.26901657037    -5049.7827029     2188.5892992    0.196D+00 0.907D-12
                            Exc = -116.975494376      Eck =  2305.56479362    
                              N = 170.00081147    
                            current damping = 0.150
 
          Norm of current diis error: 0.15157E-01
          max. resid. norm for Fia-block=  5.203D-04 for orbital     78a         
          max. resid. fock norm         =  5.791D-04 for orbital     73a         

 ITERATION  ENERGY          1e-ENERGY        2e-ENERGY     NORM[dD(SAO)]  TOL
  10  -996.26902857221    -5049.7961666     2188.6027509    0.961D-01 0.907D-12
                            Exc = -116.974356643      Eck =  2305.57710753    
                              N = 170.00081026    
                            current damping = 0.200
 
          Norm of current diis error: 0.45356E-02
          max. resid. norm for Fia-block=  1.240D-04 for orbital     78a         
          max. resid. fock norm         =  2.043D-04 for orbital     31a         
          mo-orthogonalization: Cholesky decomposition

 ITERATION  ENERGY          1e-ENERGY        2e-ENERGY     NORM[dD(SAO)]  TOL
  11  -996.26902949203    -5049.7802869     2188.5868703    0.502D-01 0.906D-12
                            Exc = -116.973882489      Eck =  2305.56075279    
                              N = 170.00081004    
                            current damping = 0.250
 
          Norm of current diis error: 0.19027E-02
          max. resid. norm for Fia-block=  4.152D-05 for orbital     85a         
          max. resid. fock norm         =  1.913D-04 for orbital    733a         

 ITERATION  ENERGY          1e-ENERGY        2e-ENERGY     NORM[dD(SAO)]  TOL
  12  -996.26902963187    -5049.7824383     2188.5890216    0.430D-01 0.906D-12
                            Exc = -116.974017101      Eck =  2305.56303872    
                              N = 170.00080989    
                            current damping = 0.300
 
          Norm of current diis error: 0.54850E-03
          max. resid. norm for Fia-block=  1.450D-05 for orbital     83a         
          max. resid. fock norm         =  3.646D-04 for orbital    733a         

 ITERATION  ENERGY          1e-ENERGY        2e-ENERGY     NORM[dD(SAO)]  TOL
  13  -996.26903001236    -5049.7848846     2188.5914675    0.104D+03 0.121D-11
                            Exc = -116.974097925      Eck =  2305.56556543    
                              N = 170.00080994    
                            current damping = 0.150
 
          Norm of current diis error: 0.21210E-03
          max. resid. norm for Fia-block=  2.083D-05 for orbital     67a         
          max. resid. fock norm         =  3.781D-03 for orbital    733a         

 ITERATION  ENERGY          1e-ENERGY        2e-ENERGY     NORM[dD(SAO)]  TOL
  14  -996.26902987326    -5049.7841440     2188.5907270    0.963D+00 0.121D-11
                            Exc = -116.974072795      Eck =  2305.56479983    
                              N = 170.00080992    
                            current damping = 0.200
 
          Norm of current diis error: 0.13768E-03
          max. resid. norm for Fia-block=  6.610D-06 for orbital     65a         
          max. resid. fock norm         =  9.576D-04 for orbital    736a         

 ITERATION  ENERGY          1e-ENERGY        2e-ENERGY     NORM[dD(SAO)]  TOL
  15  -996.26903048786    -5049.7841144     2188.5906968    0.159D+00 0.121D-11
                            Exc = -116.974068184      Eck =  2305.56476502    
                              N = 170.00080989    
                            current damping = 0.100
 
          Norm of current diis error: 0.29969E-04
          max. resid. norm for Fia-block=  4.183D-05 for orbital     67a         
          max. resid. fock norm         =  7.501D-03 for orbital    733a         
          mo-orthogonalization: Cholesky decomposition

 ITERATION  ENERGY          1e-ENERGY        2e-ENERGY     NORM[dD(SAO)]  TOL
  16  -996.26903005333    -5049.7842369     2188.5908198    0.742D+00 0.121D-11
                            Exc = -116.974078048      Eck =  2305.56489781    
                              N = 170.00080987    
                            current damping = 0.150
 
          Norm of current diis error: 0.19294E-04
          max. resid. norm for Fia-block=  7.580D-06 for orbital     29a         
          max. resid. fock norm         =  1.573D-03 for orbital    733a         

 ENERGY CONVERGED !

          Overall gridpoints after grid construction =        212258

 ITERATION  ENERGY          1e-ENERGY        2e-ENERGY     NORM[dD(SAO)]  TOL
  17  -996.26780849519    -5049.7842317     2188.5920361    0.104D+00 0.121D-11
                            Exc = -116.972854248      Eck =  2305.56489040    
                              N = 169.99958918    
                            current damping = 0.200
 
          Norm of current diis error: 0.55155E-05
          max. resid. norm for Fia-block=  1.165D-05 for orbital     70a         
          max. resid. fock norm         =  1.698D-03 for orbital    736a         

 End of SCF iterations

   convergence criteria satisfied after    17 iterations


   *************************************************************************
   b3                                                                       
   *************************************************************************


                  ------------------------------------------ 
                 |  total energy      =   -996.26780849519  |
                  ------------------------------------------ 
                 :  kinetic energy    =    990.56366502217  :
                 :  potential energy  =  -1986.83147351737  :
                 :  virial theorem    =      1.99427448782  :
                 :  wavefunction norm =      1.00000000000  :
                  .......................................... 


 <geterg> : there is no data group $energy 


 <skperg> : $end is missing 


 orbitals $scfmo  will be written to file mos

    irrep                 81a         82a         83a         84a         85a   
 eigenvalues H         -0.27046    -0.26325    -0.24059    -0.22437    -0.18606
            eV          -7.3596     -7.1635     -6.5468     -6.1054     -5.0630
 occupation              2.0000      2.0000      2.0000      2.0000      2.0000

    irrep                 86a         87a         88a         89a         90a   
 eigenvalues H         -0.08847    -0.05088    -0.03981    -0.02265    -0.02146
            eV          -2.4075     -1.3846     -1.0834     -0.6163     -0.5839
 
 
 
 
 ==============================================================================
                           electrostatic moments
 ==============================================================================

 reference point for electrostatic moments:    0.00000   0.00000   0.00000

 
              nuc           elec       ->  total
 ------------------------------------------------------------------------------
                          charge      
 ------------------------------------------------------------------------------
         170.000000    -170.000000      -0.000000
 
 ------------------------------------------------------------------------------
                       dipole moment  
 ------------------------------------------------------------------------------
   x   -3414.658032    3417.667032       3.009000
   y     184.113845    -187.557643      -3.443798
   z     -14.735959      15.006369       0.270410
 
   | dipole moment | =     4.5812 a.u. =    11.6441 debye 
 
 ------------------------------------------------------------------------------
                     quadrupole moment
 ------------------------------------------------------------------------------
  xx   72656.459981  -72892.641404    -236.181422
  yy    8614.342141   -8732.069849    -117.727707
  zz     170.255877    -285.281642    -115.025765
  xy   -8047.958471    8137.641508      89.683037
  xz     810.860240    -819.432422      -8.572182
  yz    -974.312915     976.905458       2.592542
 
     1/3  trace=    -156.311632
     anisotropy=     196.795301
 
 ==============================================================================
 
HOMO-LUMO Separation
 HOMO         :   -0.18606199 H =     -5.06301 eV
 LUMO         :   -0.08847165 H =     -2.40744 eV
 HOMO-LUMO gap:    0.09759034 H =     +2.65557 eV
 
 ==============================================================================


    ------------------------------------------------------------------------
         total  cpu-time :  1 hours 56 minutes and 57 seconds
         total wall-time :  2 hours  3 minutes and 42 seconds
    ------------------------------------------------------------------------

   ****  ridft : all done  ****


    2025-04-08 15:13:03.625 

 ridft ended normally
