
 eiger (nano03.int-nano.int.kit.edu) : TURBOMOLE rev. V7-6 19 Oct 2021 at 10:10:11 compiled Oct 19th 2021
 Copyright (C) 2021 TURBOMOLE GmbH, Karlsruhe


    2025-05-09 19:06:09.122 

 M062X                                                                          
  
Total energy =  -1144.2529755580 H =    -31136.7094224 eV
 
 HOMO-LUMO Separation
   HOMO:    94.    94 a     -0.24070037 H =     -6.54979 eV
   LUMO:    95.    95 a     -0.09527827 H =     -2.59265 eV
   Gap :                    +0.14542210 H =     +3.95714 eV
 
Number of MOs=    801, Electrons=    188.00, Symmetry: c1   
 
   Nr.   Orbital    Occupation       Energy
  111.   111 a                     +0.031191 H =        +0.849 eV
  110.   110 a                     +0.029686 H =        +0.808 eV
  109.   109 a                     +0.026270 H =        +0.715 eV
  108.   108 a                     +0.023793 H =        +0.647 eV
  107.   107 a                     +0.018076 H =        +0.492 eV
  106.   106 a                     +0.017385 H =        +0.473 eV
  105.   105 a                     +0.016168 H =        +0.440 eV
  104.   104 a                     +0.010829 H =        +0.295 eV
  103.   103 a                     +0.009225 H =        +0.251 eV
  102.   102 a                     +0.007428 H =        +0.202 eV
  101.   101 a                     +0.006010 H =        +0.164 eV
  100.   100 a                     +0.000829 H =        +0.023 eV
   99.    99 a                     +0.000367 H =        +0.010 eV
   98.    98 a                     -0.005369 H =        -0.146 eV
   97.    97 a                     -0.010980 H =        -0.299 eV
   96.    96 a                     -0.019391 H =        -0.528 eV
   95.    95 a                     -0.095278 H =        -2.593 eV
   94.    94 a        2.000        -0.240700 H =        -6.550 eV
   93.    93 a        2.000        -0.287789 H =        -7.831 eV
   92.    92 a        2.000        -0.317913 H =        -8.651 eV
   91.    91 a        2.000        -0.324957 H =        -8.843 eV
   90.    90 a        2.000        -0.359909 H =        -9.794 eV
   89.    89 a        2.000        -0.389892 H =       -10.610 eV
   88.    88 a        2.000        -0.400744 H =       -10.905 eV
   87.    87 a        2.000        -0.401669 H =       -10.930 eV
   86.    86 a        2.000        -0.412135 H =       -11.215 eV
   85.    85 a        2.000        -0.417817 H =       -11.369 eV
   84.    84 a        2.000        -0.418711 H =       -11.394 eV
   83.    83 a        2.000        -0.421682 H =       -11.475 eV
   82.    82 a        2.000        -0.429256 H =       -11.681 eV
   81.    81 a        2.000        -0.430471 H =       -11.714 eV
   80.    80 a        2.000        -0.438090 H =       -11.921 eV
   79.    79 a        2.000        -0.447257 H =       -12.170 eV


    ------------------------------------------------------------------------
         total  cpu-time :   0.32 seconds
         total wall-time :   0.34 seconds
    ------------------------------------------------------------------------

   ****  eiger : all done  ****


    2025-05-09 19:06:09.440 

