
 ridft (nano14.int-nano.int.kit.edu) : TURBOMOLE rev. V7-6 19 Oct 2021 at 10:10:11 compiled Oct 19th 2021
 Copyright (C) 2021 TURBOMOLE GmbH, Karlsruhe


    2025-03-23 06:27:14.919 



                                  r i d f t

                        DFT program with RI approximation 
                                for coulomb part 




                                                 
                                 References:     
                                                 
          TURBOMOLE:                             
              R. Ahlrichs, M. Baer, M. Haeser, H. Horn, and
              C. Koelmel
              Electronic structure calculations on workstation
              computers: the program system TURBOMOLE
              Chem. Phys. Lett. 162: 165 (1989)
          Density Functional:                              
              O. Treutler and R. Ahlrichs                      
              Efficient Molecular Numerical Integration Schemes
              J. Chem. Phys. 102: 346 (1995)                   
          Parallel Version:                                
              Performance of parallel TURBOMOLE for Density    
              Functional Calculations                          
              M. v. Arnim and R. Ahlrichs                      
              J. Comp. Chem. 19: 1746 (1998)                   
          RI-J Method:                                     
              Auxiliary Basis Sets to approximate Coulomb      
              Potentials                                       
              Chem. Phys. Lett. 240: 283 (1995)                
              K. Eichkorn, O. Treutler, H. Oehm, M. Haeser     
              and R. Ahlrichs                                  
              Chem. Phys. Lett. 242: 652 (1995)                
                                                           
              Auxiliary Basis Sets for Main Row Atoms and their
              Use to approximate Coulomb Potentials            
              K. Eichkorn, F. Weigend, O. Treutler and         
              R. Ahlrichs                                      
              Theo. Chem. Acc. 97: 119 (1997)                   
                                                           
              Accurate Coulomb-fitting basis sets for H to Rn 
              F. Weigend                                        
              Phys. Chem. Chem. Phys. 8: 1057 (2006)            
                                                           
          Multipole accelerated RI-J (MARI-J):             
              Fast evaluation of the Coulomb potential for     
              electron densities using multipole accelerated   
              resolution of identity approximation             
              M. Sierka, A. Hogekamp and R. Ahlrichs           
              J. Chem. Phys. 118: 9136 (2003)                  
          RI-JK Method:                                     
              A fully direct RI-HF algorithm: Implementation,
              optimised auxiliary basis sets, demonstration of
              accuracy and efficiency                         
              F. Weigend                                      
              Phys. Chem. Chem. Phys. 4: 4285 (2002)           
          Two-component HF and DFT with spin-orbit coupling:  
              Self-consistent treatment of spin-orbit         
              interactions with efficient Hartree-Fock and    
              density functional methods                      
              M. K. Armbruster, F. Weigend, C. van Wüllen and 
              W. Klopper                                      
              Phys. Chem. Chem. Phys. 10: 1748 (2008)         
          Two-component difference density and DIIS algorithm 
              Efficient two-component self-consistent field   
              procedures and gradients: implementation in     
              TURBOMOLE and application to Au20-              
              A. Baldes, F. Weigend                           
              Mol. Phys. 111: 2617 (2013)                     
          Relativistic all-electron 2c calculations           
              An efficient implementation of two-component    
              relativistic exact-decoupling methods for large 
              molecules                                       
              D. Peng, N. Middendorf, F. Weigend, M. Reiher   
              J. Chem. Phys. 138: 184105 (2013)               
          Finite nucleus model and SNSO approximation         
              Efficient implementation of one- and two-       
              component analytical energy gradients in exact  
              two-component theory                            
              Y. J. Franzke, N. Middendorf, F. Weigend        
              J. Chem. Phys. 148: 104110 (2018)               
          Grids for all-electron relativistic methods         
              Error-consistent segmented contracted all-      
              electron relativistic basis sets of double-     
              and triple-zeta quality for NMR shielding       
              constants                                       
              Y. J. Franzke, R. Tress, T. M. Pazdera,         
              F. Weigend                                      
              Phys. Chem. Chem. Phys. 21: 166658 (2019)       
          Seminumerical exchange algorithms                   
              Seminumerical calculation of the Hartree-Fock   
              exchange matirx: Application to two-component   
              procedures and efficient evaluation of local    
              hybrid functionsl                               
               P. Plessow, F. Weigend,                        
              J. Comput. Chem. 33: 810 (2012)                 
          Improved seminumerical algorithms                   
              C. Holzer,                                      
              J. Chem. Phys. 153 (2020), 184115               
                                         




              +--------------------------------------------------+
              |      general information about current run       |
              +--------------------------------------------------+

 
 Libxc version: 5.1.4
 S. Lehtola, C. Steigemann, M.J.T. Oliveira, and M.A.L. Marques, Software X 7, 1 (2018)
 M.A.L. Marques, M.J.T. Oliveira, and T. Burnus, Comput. Phys. Commun. 183, 2272 (2012)
 TURBOMOLE integration by Christof Holzer

 Name of XC-Functional: Minnesota M06-2X hybrid exchange functional
 HF exchange scaling factor =    0.54000
 [1] Y. Zhao and D. G. Truhlar, Theor. Chem. Acc. 120, 215 (2008)
 A Hybrid-DFT calculation using the RI-J approximation will be carried out.
 Allocatable memory for RI due to $ricore (MB):                  2000

   *************************************************************************
   m062xd                                                                   
   *************************************************************************




              +--------------------------------------------------+
              | Atomic coordinate, charge and isotop information |
              +--------------------------------------------------+

                    atomic coordinates            atom    charge  isotop
          0.30210277   -3.38629397    3.18114682    c      6.000     0
         -0.07889796    0.88169632    4.57272923    c      6.000     0
         -0.01765136    0.20288402    7.05626607    c      6.000     0
          0.37618986   -4.21790650    5.75311566    c      6.000     0
          0.21184699   -2.38287416    7.83980548    c      6.000     0
          0.27557347   -3.10916715   10.37559118    c      6.000     0
          0.13597298   -1.49786571   12.49879882    c      6.000     0
         -0.25221400    2.87870673   21.96317672    c      6.000     0
          0.00193584    0.01264321   21.78938409    c      6.000     0
          0.08248881   -0.91626130   24.25194063    c      6.000     0
         -0.10449826    1.18321157   25.98832587    c      6.000     0
         -0.11622496    1.27266233   28.60469270    c      6.000     0
         -0.00210289    0.00808671   -0.03706282    c      6.000     0
          0.07099172   -0.80995778    2.62482978    n      7.000     0
          2.04289372    4.31186066   20.92892205    c      6.000     0
         -2.76468519    3.88424588   20.92889598    c      6.000     0
         -0.29308934    3.33995694   24.67899190    o      8.000     0
          0.31316447   -3.52334523   24.85523569    c      6.000     0
          0.07444671   -0.93546413   30.14253424    c      6.000     0
         -0.33088972    3.65986377   29.85193159    c      6.000     0
          0.50534036   -5.68984196   25.16633186    n      7.000     0
          0.22363302   -2.68067081   31.46973293    n      7.000     0
         -0.50541065    5.58851296   30.89072840    n      7.000     0
          0.20669352   -2.31917432   14.98029400    c      6.000     0
          0.06534578   -0.68553462   17.09365164    c      6.000     0
          0.13438485   -1.49158143   19.57723667    c      6.000     0
         -0.25539025    2.83993484   -0.47798506    c      6.000     0
          0.46386691   -5.18297962    1.21053871    c      6.000     0
          0.69395335   -7.74432065    1.73564579    c      6.000     0
          0.76930656   -8.58615093    4.24403934    c      6.000     0
          0.61219945   -6.84030685    6.19331602    c      6.000     0
         -0.25500078    2.85971366    4.04343678    h      1.000     0
         -0.15108833    1.70949614    8.45226837    h      1.000     0
          0.45062900   -5.11757166   10.81069892    h      1.000     0
         -0.04020222    0.54432522   12.19712975    h      1.000     0
          1.73655664   -0.67206844   -0.96561055    h      1.000     0
         -1.59251265   -0.96961205   -0.96557522    h      1.000     0
          2.16956792    4.13882525   18.86270364    h      1.000     0
          1.87731932    6.32510911   21.42165170    h      1.000     0
          3.79908348    3.57200624   21.75891358    h      1.000     0
         -2.85872382    3.69197154   18.86247290    h      1.000     0
         -4.36300346    2.84645345   21.75934784    h      1.000     0
         -2.95725962    5.89516921   21.42141152    h      1.000     0
          0.38181142   -4.35087860   15.34775295    h      1.000     0
         -0.10903909    1.33557717   16.68084551    h      1.000     0
          0.31135770   -3.52739283   19.90971698    h      1.000     0
         -0.28519728    3.17115149   -2.53085540    h      1.000     0
         -2.02269122    3.61355281    0.29996662    h      1.000     0
          1.34703930    3.91547360    0.29902214    h      1.000     0
          0.41081758   -4.58747438   -0.75628691    h      1.000     0
          0.81542004   -9.09330788    0.17655995    h      1.000     0
          0.95017848  -10.59771223    4.66954009    h      1.000     0
          0.67423746   -7.52631731    8.13338124    h      1.000     0
 
       center of nuclear mass  :    0.08324281   -0.93550461   15.41118233
       center of nuclear charge:    0.07965110   -0.89415019   15.13548968

              +--------------------------------------------------+
              |               basis set information              |
              +--------------------------------------------------+

              we will work with the 1s 3p 5d 7f 9g ... basis set
              ...i.e. with spherical basis functions...

   type   atoms  prim   cont   basis
   ---------------------------------------------------------------------------
    c       26     43     23   aug-cc-pVDZ   [4s3p2d|18s5p2d]
    n        4     43     23   aug-cc-pVDZ   [4s3p2d|18s5p2d]
    o        1     43     23   aug-cc-pVDZ   [4s3p2d|18s5p2d]
    h       22     11      9   aug-cc-pVDZ   [3s2p|5s2p]
   ---------------------------------------------------------------------------
   total:   53   1575    911
   ---------------------------------------------------------------------------

   total number of primitive shells          :   82
   total number of contracted shells         :  389
   total number of cartesian basis functions :  973
   total number of SCF-basis functions       :  911


 integral neglect threshold       :  0.34E-11
 integral storage threshold THIZE :  0.10E-04
 integral storage threshold THIME :         5

 RI-J AUXILIARY BASIS SET information:

              we will work with the 1s 3p 5d 7f 9g ... basis set
              ...i.e. with spherical basis functions...

   type   atoms  prim   cont   basis
   ---------------------------------------------------------------------------
    c       26     70     49   aug-cc-pVDZ   [6s4p3d1f1g|12s5p4d2f1g]
    n        4     70     49   aug-cc-pVDZ   [6s4p3d1f1g|12s5p4d2f1g]
    o        1     70     49   aug-cc-pVDZ   [6s4p3d1f1g|12s5p4d2f1g]
    h       22     16     11   aug-cc-pVDZ   [3s1p1d|5s2p1d]
   ---------------------------------------------------------------------------
   total:   53   2522   1761
   ---------------------------------------------------------------------------

   total number of primitive shells          :   80
   total number of contracted shells         :  575
   total number of cartesian basis functions : 2155
   total number of SCF-basis functions       : 1761


 symmetry group of the molecule :   c1 

 the group has the following generators :
   c1(z)

    1 symmetry operations found

 there are 1 real representations :   a   

 maximum number of shells which are related by symmetry :  1

 ==============================================================================
                      COSMO switched on
 ==============================================================================
 COSMO stati: segments per atom: H   32 other atoms   92
 COSMO statistics: nps   1997 npspher:    816
 COSMO surface:
   number of segments: 1997
   area (bohr**2):     1644.179173
   volume (bohr**3):   3439.152393
 COSMO: check number of disjunct cavities:

       ... OK contiguous cavity found
  
           ------------------
           density functional
           ------------------
 Name of XC-Functional: Minnesota M06-2X hybrid exchange functional
 HF exchange scaling factor =    0.54000
 [1] Y. Zhao and D. G. Truhlar, Theor. Chem. Acc. 120, 215 (2008)

 iterations will be done with small grid
  
 spherical integration : Lebedev's spherical grid
 spherical gridsize    :                     3
    i.e. gridpoints    :                   302
 value for diffuse not defined
 radial integration    : Chebyshev 2nd kind (scaling 3)
 radial gridsize       :                     3
 integration cells     :                    53
 partition function    : becke
 partition sharpness   :                     3
  

 biggest AO integral is expected to be     4.738267915

          ------------------------
          nuclear repulsion energy  :   2508.36349417    
          ------------------------


         -----------------
         -S,T+V- integrals
         -----------------

 1e-integrals will be neglected if expon. factor < 0.343470E-12
 
   Difference densities algorithm switched on.
   The maximal number of linear combinations of
   difference densities is                    20 .

 DIIS switched on: error vector is FDS-SDF
 Max. Iterations for DIIS is     :   4
 DIIS matrix (see manual) 
    Scaling factor of diagonals  :  1.200
    threshold for scaling factor :  0.000

 scf convergence criterion : increment of total energy < .1000000D-06
                  and increment of one-electron energy < .1000000D-03

 MOs are in ASCII format !


    mo occupation :
   irrep   mo's   occupied
    a      911      107
 
 number of basis functions   :   911
 number of occupied orbitals :   107
 

 reading orbital data $scfmo  from file mos
 orbital characterization : expanded
 virtual MOs provided and orthogonalized by Cholesky decomposition

 automatic virtual orbital shift switched on 
      shift if e(lumo)-e(homo) < 0.10000000    

  
           ------------------------
               RI-J - INFORMATION
           ------------------------
 Contributions to RI integral batches: 
  neglected integral batches:                 24352
  direct contribution:                        23300
  memory contribution:                 28203
 Memory core needed for (P|Q) and Cholesky     24 MByte
 Memory core minimum needed except of (P|Q)     2 MByte
 Total minimum memory core needed (sum)        26 MByte
  
 ****************************************
 Memory allocated for RI-J  1729 MByte
 ****************************************
                                            

 DSCF restart information will be dumped onto file mos


 Starting SCF iterations

          Overall gridpoints after grid construction =         71974

 ITERATION  ENERGY          1e-ENERGY        2e-ENERGY     NORM[dD(SAO)]  TOL
   1  -1292.7141701299    -6682.4444518     2881.3667875    0.000D+00 0.343D-11
                            Exc = -87.6017994649     Coul =  3062.49097515    
                            exK = -93.5223882087    
                              N = 214.01362252    
                          Ediel =-0.205938179246    
                            current damping = 0.300
 
          max. resid. norm for Fia-block=  3.650D-01 for orbital     93a         
          max. resid. fock norm         =  1.303D+00 for orbital    880a         

 ITERATION  ENERGY          1e-ENERGY        2e-ENERGY     NORM[dD(SAO)]  TOL
   2  -1297.2611885272    -6733.9365025     2928.3118198    0.212D+03 0.812D-12
                            Exc = -88.9069157613      Eck =  3017.21873556    
                              N = 214.00923799    
                          Ediel =-0.494456696997E-01
                            current damping = 0.250
 
          Norm of current diis error:  3.0949    
          max. resid. norm for Fia-block=  1.574D-01 for orbital     39a         
          max. resid. fock norm         =  3.074D-01 for orbital    881a         

 ITERATION  ENERGY          1e-ENERGY        2e-ENERGY     NORM[dD(SAO)]  TOL
   3  -1297.5640782534    -6733.3150217     2927.3874493    0.409D+02 0.745D-12
                            Exc = -89.3376660487      Eck =  3016.72511531    
                              N = 214.00819432    
                          Ediel =-0.766245270616E-01
                            current damping = 0.200
 
          Norm of current diis error:  2.0835    
          max. resid. norm for Fia-block=  8.700D-02 for orbital    101a         
          max. resid. fock norm         =  9.565D-02 for orbital    101a         

 ITERATION  ENERGY          1e-ENERGY        2e-ENERGY     NORM[dD(SAO)]  TOL
   4  -1297.8261637096    -6735.1890712     2928.9994133    0.131D+02 0.728D-12
                            Exc = -89.1517873648      Eck =  3018.15120069    
                              N = 214.00813828    
                          Ediel =-0.395387549215E-01
                            current damping = 0.250
 
          Norm of current diis error: 0.63974    
          max. resid. norm for Fia-block=  2.740D-02 for orbital     36a         
          max. resid. fock norm         =  3.288D-02 for orbital     34a         

 ITERATION  ENERGY          1e-ENERGY        2e-ENERGY     NORM[dD(SAO)]  TOL
   5  -1297.8484073159    -6737.0229770     2930.8110756    0.502D+01 0.720D-12
                            Exc = -89.2402793423      Eck =  3020.05135491    
                              N = 214.00798573    
                          Ediel =-0.405471693494E-01
                            current damping = 0.150
 
          Norm of current diis error: 0.17721    
          max. resid. norm for Fia-block=  9.596D-03 for orbital     32a         
          max. resid. fock norm         =  1.349D-02 for orbital     32a         
          mo-orthogonalization: Cholesky decomposition

 ITERATION  ENERGY          1e-ENERGY        2e-ENERGY     NORM[dD(SAO)]  TOL
   6  -1297.8501080249    -6737.1083343     2930.8947321    0.189D+01 0.717D-12
                            Exc = -89.2531862325      Eck =  3020.14791832    
                              N = 214.00797824    
                          Ediel =-0.397610995017E-01
                            current damping = 0.100
 
          Norm of current diis error: 0.87014E-01
          max. resid. norm for Fia-block=  3.061D-03 for orbital     32a         
          max. resid. fock norm         =  4.549D-03 for orbital     65a         

 ITERATION  ENERGY          1e-ENERGY        2e-ENERGY     NORM[dD(SAO)]  TOL
   7  -1297.8505322478    -6736.9296047     2930.7155783    0.829D+00 0.716D-12
                            Exc = -89.2444990023      Eck =  3019.96007732    
                              N = 214.00799144    
                          Ediel =-0.393314086590E-01
                            current damping = 0.150
 
          Norm of current diis error: 0.36754E-01
          max. resid. norm for Fia-block=  1.523D-03 for orbital    101a         
          max. resid. fock norm         =  1.634D-03 for orbital    101a         

 ITERATION  ENERGY          1e-ENERGY        2e-ENERGY     NORM[dD(SAO)]  TOL
   8  -1297.8506162116    -6737.0400357     2930.8259253    0.235D+00 0.716D-12
                            Exc = -89.2462225799      Eck =  3020.07214791    
                              N = 214.00799180    
                          Ediel =-0.388849400715E-01
                            current damping = 0.200
 
          Norm of current diis error: 0.19702E-01
          max. resid. norm for Fia-block=  9.189D-04 for orbital     36a         
          max. resid. fock norm         =  1.218D-03 for orbital     88a         

 ITERATION  ENERGY          1e-ENERGY        2e-ENERGY     NORM[dD(SAO)]  TOL
   9  -1297.8506442460    -6737.0369457     2930.8228073    0.121D+00 0.716D-12
                            Exc = -89.2480207494      Eck =  3020.07082807    
                              N = 214.00799248    
                          Ediel =-0.388405932428E-01
                            current damping = 0.250
 
          Norm of current diis error: 0.10341E-01
          max. resid. norm for Fia-block=  3.872D-04 for orbital     99a         
          max. resid. fock norm         =  5.771D-04 for orbital     56a         

 ITERATION  ENERGY          1e-ENERGY        2e-ENERGY     NORM[dD(SAO)]  TOL
  10  -1297.8506521826    -6737.0326955     2930.8185491    0.428D-01 0.715D-12
                            Exc = -89.2470442189      Eck =  3020.06559336    
                              N = 214.00799468    
                          Ediel =-0.386859101098E-01
                            current damping = 0.100
 
          Norm of current diis error: 0.45414E-02
          max. resid. norm for Fia-block=  3.283D-04 for orbital    107a         
          max. resid. fock norm         =  3.483D-04 for orbital    107a         
          mo-orthogonalization: Cholesky decomposition

 ITERATION  ENERGY          1e-ENERGY        2e-ENERGY     NORM[dD(SAO)]  TOL
  11  -1297.8506561564    -6737.0260345     2930.8118842    0.547D-01 0.715D-12
                            Exc = -89.2470961859      Eck =  3020.05898035    
                              N = 214.00799635    
                          Ediel =-0.385937354410E-01
                            current damping = 0.100
 
          Norm of current diis error: 0.34275E-02
          max. resid. norm for Fia-block=  2.056D-04 for orbital    107a         
          max. resid. fock norm         =  2.265D-04 for orbital    107a         

 ITERATION  ENERGY          1e-ENERGY        2e-ENERGY     NORM[dD(SAO)]  TOL
  12  -1297.8506579537    -6737.0326562     2930.8185041    0.322D-01 0.713D-12
                            Exc = -89.2471955533      Eck =  3020.06569964    
                              N = 214.00799737    
                          Ediel =-0.384976839353E-01
                            current damping = 0.150
 
          Norm of current diis error: 0.19869E-02
          max. resid. norm for Fia-block=  1.659D-04 for orbital    107a         
          max. resid. fock norm         =  1.956D-04 for orbital    107a         

 ITERATION  ENERGY          1e-ENERGY        2e-ENERGY     NORM[dD(SAO)]  TOL
  13  -1297.8506586882    -6737.0277729     2930.8136200    0.405D-01 0.709D-12
                            Exc = -89.2471697878      Eck =  3020.06078983    
                              N = 214.00799833    
                          Ediel =-0.384482789813E-01
                            current damping = 0.200
 
          Norm of current diis error: 0.13001E-02
          max. resid. norm for Fia-block=  6.540D-05 for orbital    107a         
          max. resid. fock norm         =  1.352D-04 for orbital    359a         

 ITERATION  ENERGY          1e-ENERGY        2e-ENERGY     NORM[dD(SAO)]  TOL
  14  -1297.8506588416    -6737.0293374     2930.8151843    0.266D-01 0.704D-12
                            Exc = -89.2471045895      Eck =  3020.06228893    
                              N = 214.00799873    
                          Ediel =-0.384177271272E-01
                            current damping = 0.250
 
          Norm of current diis error: 0.88826E-03
          max. resid. norm for Fia-block=  4.417D-05 for orbital    107a         
          max. resid. fock norm         =  1.494D-04 for orbital    359a         

 ITERATION  ENERGY          1e-ENERGY        2e-ENERGY     NORM[dD(SAO)]  TOL
  15  -1297.8506591418    -6737.0290318     2930.8148785    0.529D+02 0.977D-12
                            Exc = -89.2471655888      Eck =  3020.06204407    
                              N = 214.00799890    
                          Ediel =-0.384089120040E-01
                            current damping = 0.300
 
          Norm of current diis error: 0.47449E-03
          max. resid. norm for Fia-block=  2.923D-05 for orbital    107a         
          max. resid. fock norm         =  2.505D-03 for orbital    852a         
          mo-orthogonalization: Cholesky decomposition

 ITERATION  ENERGY          1e-ENERGY        2e-ENERGY     NORM[dD(SAO)]  TOL
  16  -1297.8506595101    -6737.0292043     2930.8150506    0.484D+00 0.979D-12
                            Exc = -89.2471493722      Eck =  3020.06220000    
                              N = 214.00799894    
                          Ediel =-0.383971826062E-01
                            current damping = 0.350
 
          Norm of current diis error: 0.27499E-03
          max. resid. norm for Fia-block=  2.558D-05 for orbital     34a         
          max. resid. fock norm         =  3.828D-03 for orbital    852a         

 ITERATION  ENERGY          1e-ENERGY        2e-ENERGY     NORM[dD(SAO)]  TOL
  17  -1297.8506594544    -6737.0286363     2930.8144827    0.133D+00 0.979D-12
                            Exc = -89.2471528363      Eck =  3020.06163556    
                              N = 214.00799880    
                          Ediel =-0.383964843109E-01
                            current damping = 0.400
 
          Norm of current diis error: 0.18031E-03
          max. resid. norm for Fia-block=  1.209D-05 for orbital    107a         
          max. resid. fock norm         =  1.078D-03 for orbital    852a         

 ENERGY CONVERGED !

          Overall gridpoints after grid construction =        262421

 ITERATION  ENERGY          1e-ENERGY        2e-ENERGY     NORM[dD(SAO)]  TOL
  18  -1297.8530555512    -6737.0288087     2930.8122590    0.327D-01 0.975D-12
                            Exc = -89.2495483071      Eck =  3020.06180728    
                              N = 213.99978821    
                          Ediel =-0.383921923703E-01
                            current damping = 0.450
 
          Norm of current diis error: 0.10478E-03
          max. resid. norm for Fia-block=  1.094D-05 for orbital    107a         
          max. resid. fock norm         =  8.334D-04 for orbital    852a         

 End of SCF iterations

   convergence criteria satisfied after    18 iterations


   *************************************************************************
   m062xd                                                                   
   *************************************************************************


                  ------------------------------------------ 
                 |  total energy      =  -1297.85305555117  |
                  ------------------------------------------ 
                 :  kinetic energy    =   1289.76989093344  :
                 :  potential energy  =  -2587.62294648461  :
                 :  virial theorem    =      1.99377189538  :
                 :  wavefunction norm =      1.00000000000  :
                  .......................................... 


 <geterg> : there is no data group $energy 


 <skperg> : $end is missing 


 orbitals $scfmo  will be written to file mos

    irrep                103a        104a        105a        106a        107a   
 eigenvalues H         -0.33486    -0.32819    -0.30760    -0.28322    -0.22406
            eV          -9.1121     -8.9305     -8.3702     -7.7070     -6.0971
 occupation              2.0000      2.0000      2.0000      2.0000      2.0000

    irrep                108a        109a        110a        111a        112a   
 eigenvalues H         -0.09375    -0.03439    -0.01391    -0.01325    -0.00619
            eV          -2.5511     -0.9359     -0.3786     -0.3605     -0.1683
 
 ==============================================================================
                                  COSMO RESULTS
 ==============================================================================
  PARAMETER:
    nppa:      1082
    nspa:        92
    nsph:        32
    nps:       1997
    npspher:    816
    disex:   10.0000    
    disex2:  4508.77    
    rsolv [A]: 1.3000
    routf:     0.8500
    phsran:    0.0    
    ampran:   0.10E-04
    cavity:  closed
    epsilon:     4.800
    refind:     1.300
    fepsi:      0.7169811
  CAVITY VOLUME/AREA [a.u.]:
    surface: V1.0, A matrix: V1.0
    area:  1644.18
    volume:  3439.15
  SCREENING CHARGE:
    cosmo      :  -0.049686
    correction :   0.048373
    total      :  -0.001313
  ENERGIES [a.u.]:
    Total energy            =   -1297.8530555511675
    Total energy + OC corr. =    -1297.8529706108
    Dielectric energy       =       -0.0383921924
    Diel. energy + OC corr. =       -0.0383072520
  ELEMENT RADIUS [A]: ATOM LIST
    c  2.00: 1-13,15,16,18-20,24-31
    n  1.83: 14,21-23
    o  1.72: 17
    h  1.30: 32-53
 ==============================================================================
 
 
 
 ==============================================================================
                           electrostatic moments
 ==============================================================================

 reference point for electrostatic moments:    0.00000   0.00000   0.00000

 
              nuc           elec       ->  total
 ------------------------------------------------------------------------------
                          charge      
 ------------------------------------------------------------------------------
         214.000000    -214.000000       0.000000
 
 ------------------------------------------------------------------------------
                       dipole moment  
 ------------------------------------------------------------------------------
   x      17.045335     -17.149791      -0.104457
   y    -191.348141     192.550606       1.202464
   z    3238.994791   -3252.957844     -13.963052
 
   | dipole moment | =    14.0151 a.u. =    35.6229 debye 
 
 ------------------------------------------------------------------------------
                     quadrupole moment
 ------------------------------------------------------------------------------
  xx     163.325974    -302.541893    -139.215919
  yy    3161.004005   -3302.260112    -141.256107
  zz   73299.062062  -73914.150989    -615.088927
  xy    -269.478700     269.648341       0.169640
  xz     -52.588729      50.083856      -2.504873
  yz     550.879743    -521.502288      29.377456
 
     1/3  trace=    -298.520317
     anisotropy=     477.594416
 
 ==============================================================================
 
HOMO-LUMO Separation
 HOMO         :   -0.22406163 H =     -6.09703 eV
 LUMO         :   -0.09374988 H =     -2.55107 eV
 HOMO-LUMO gap:    0.13031175 H =     +3.54597 eV
 
 ==============================================================================


    ------------------------------------------------------------------------
         total  cpu-time :  2 hours 54 minutes and 25 seconds
         total wall-time :  2 hours 54 minutes and 34 seconds
    ------------------------------------------------------------------------

   ****  ridft : all done  ****


    2025-03-23 09:21:48.952 

