
 cosmoprep (nano16.int-nano.int.kit.edu) : TURBOMOLE rev. V7-6 19 Oct 2021 at 10:10:11 compiled Oct 19th 2021
 Copyright (C) 2021 TURBOMOLE GmbH, Karlsruhe


    2025-03-25 02:03:01.672 

 ****************************************************
 ***             Set COSMO parameters             ***
 ****************************************************
 
 enter          : take the proposal
 d              : use default
 new value      : enter own value
 
 epsilon = infinity (default)
 
 refind = none (default)
 
 LR terms on (default, type on/off, ricc2)
 
  COSMO RF equil. is not set (default, type (<irrep>{mult.} state) e.g. (b2g{1} 4), ricc2)
 
 nppa =  1082 (default)
 
 nspa =    92 (default)
 
 disex = 10.00 (default)
 
 rsolv = min(rad(h)) (default)
 
 routf =  0.85 (default)
 
 cavity = closed (default)
 
 amat = amat.cosmo (default)
 
 ****************************************************
 ***           radius definition menu             ***
 ****************************************************
 
 ( #atoms=   80 --- #radius=    0 )
 
 enter your definitions in the following way: 
 <order> <atoms> <radius>
 
 <order>  : r  - define radius
          : qq - quit
          : *  - finish radius definition
 
 <atoms>  : all
          : a list of atomic indices like 1-5,7,10
          : an element name like "c"
 
  <radius>: o  - optimized radii only
          : b  - opt. rad. if defined,
               non-opt. rad. (mostly bondii*1.17) else
          : own proposal like 1.256
            if radius is in Bohr units append b
 
Group   atom   mtype   radius
    1      1    c        3.78
           2    c        3.78
           3    c        3.78
           4    c        3.78
           5    c        3.78
           6    c        3.78
           7    c        3.78
           8    c        3.78
           9    c        3.78
          10    c        3.78
          11    c        3.78
          12    c        3.78
          13    c        3.78
          14    c        3.78
          15    c        3.78
          16    c        3.78
          17    c        3.78
          18    c        3.78
          19    c        3.78
          20    c        3.78
          21    c        3.78
          22    c        3.78
          23    c        3.78
          24    c        3.78
          25    c        3.78
          26    c        3.78
          27    c        3.78
          28    c        3.78
          29    c        3.78
          30    c        3.78
          31    c        3.78
          32    c        3.78
          33    c        3.78
          34    c        3.78
          35    c        3.78
          36    c        3.78
          37    c        3.78
          39    c        3.78
          40    c        3.78
          41    c        3.78
          50    c        3.78
    2     38    o        3.25
          43    o        3.25
          45    o        3.25
    3     42    n        3.46
          47    n        3.46
          48    n        3.46
          49    n        3.46
    4     44    s        4.08
          46    s        4.08
    5     51    f        3.25
          52    f        3.25
          53    f        3.25
    6     54    h        2.46
          55    h        2.46
          56    h        2.46
          57    h        2.46
          58    h        2.46
          59    h        2.46
          60    h        2.46
          61    h        2.46
          62    h        2.46
          63    h        2.46
          64    h        2.46
          65    h        2.46
          66    h        2.46
          67    h        2.46
          68    h        2.46
          69    h        2.46
          70    h        2.46
          71    h        2.46
          72    h        2.46
          73    h        2.46
          74    h        2.46
          75    h        2.46
          76    h        2.46
          77    h        2.46
          78    h        2.46
          79    h        2.46
          80    h        2.46
 
 ****************************************************
 ***           radius definition menu             ***
 ****************************************************
 
 ( #atoms=   80 --- #radius=   80 )
 
 enter your definitions in the following way: 
 <order> <atoms> <radius>
 
 <order>  : r  - define radius
          : qq - quit
          : *  - finish radius definition
 
 <atoms>  : all
          : a list of atomic indices like 1-5,7,10
          : an element name like "c"
 
  <radius>: o  - optimized radii only
          : b  - opt. rad. if defined,
               non-opt. rad. (mostly bondii*1.17) else
          : own proposal like 1.256
            if radius is in Bohr units append b
 

****************************************************
***           Cosmo output definition            ***
****************************************************

enter          : take the proposal
d              : use default
new value      : enter own value

COSMO output file is out.ccf  (default)
 Do you want to make a correlated calculation
 with rimp2/ricc2 (set up $cosmo_correlated)
 (y/n, default = n)


    ------------------------------------------------------------------------
         total  cpu-time :   0.07 seconds
         total wall-time :   0.11 seconds
    ------------------------------------------------------------------------

   ****  cosmoprep : all done  ****


    2025-03-25 02:03:01.769 

