
 eiger (nano16.int-nano.int.kit.edu) : TURBOMOLE rev. V7-6 19 Oct 2021 at 10:10:11 compiled Oct 19th 2021
 Copyright (C) 2021 TURBOMOLE GmbH, Karlsruhe


    2025-03-25 10:01:23.587 

 b3                                                                             
  
Total energy =  -3117.9879521190 H =    -84844.7737708 eV
 
 HOMO-LUMO Separation
   HOMO:   192.   192 a     -0.18649759 H =     -5.07486 eV
   LUMO:   193.   193 a     -0.12640988 H =     -3.43979 eV
   Gap :                    +0.06008771 H =     +1.63507 eV
 
Number of MOs=   1470, Electrons=    384.00, Symmetry: c1   
 
   Nr.   Orbital    Occupation       Energy
  209.   209 a                     +0.003315 H =        +0.090 eV
  208.   208 a                     +0.000201 H =        +0.005 eV
  207.   207 a                     -0.000646 H =        -0.018 eV
  206.   206 a                     -0.004784 H =        -0.130 eV
  205.   205 a                     -0.006897 H =        -0.188 eV
  204.   204 a                     -0.008392 H =        -0.228 eV
  203.   203 a                     -0.012627 H =        -0.344 eV
  202.   202 a                     -0.020527 H =        -0.559 eV
  201.   201 a                     -0.022918 H =        -0.624 eV
  200.   200 a                     -0.027121 H =        -0.738 eV
  199.   199 a                     -0.027206 H =        -0.740 eV
  198.   198 a                     -0.034047 H =        -0.926 eV
  197.   197 a                     -0.037264 H =        -1.014 eV
  196.   196 a                     -0.043011 H =        -1.170 eV
  195.   195 a                     -0.047252 H =        -1.286 eV
  194.   194 a                     -0.076576 H =        -2.084 eV
  193.   193 a                     -0.126410 H =        -3.440 eV
  192.   192 a        2.000        -0.186498 H =        -5.075 eV
  191.   191 a        2.000        -0.219476 H =        -5.972 eV
  190.   190 a        2.000        -0.243771 H =        -6.633 eV
  189.   189 a        2.000        -0.244365 H =        -6.650 eV
  188.   188 a        2.000        -0.265097 H =        -7.214 eV
  187.   187 a        2.000        -0.268062 H =        -7.294 eV
  186.   186 a        2.000        -0.270150 H =        -7.351 eV
  185.   185 a        2.000        -0.270637 H =        -7.364 eV
  184.   184 a        2.000        -0.273459 H =        -7.441 eV
  183.   183 a        2.000        -0.275572 H =        -7.499 eV
  182.   182 a        2.000        -0.278342 H =        -7.574 eV
  181.   181 a        2.000        -0.289516 H =        -7.878 eV
  180.   180 a        2.000        -0.313378 H =        -8.527 eV
  179.   179 a        2.000        -0.333333 H =        -9.070 eV
  178.   178 a        2.000        -0.338628 H =        -9.215 eV
  177.   177 a        2.000        -0.338937 H =        -9.223 eV


    ------------------------------------------------------------------------
         total  cpu-time :   1.03 seconds
         total wall-time :   1.05 seconds
    ------------------------------------------------------------------------

   ****  eiger : all done  ****


    2025-03-25 10:01:24.614 

