
 eiger (nano21.int-nano.int.kit.edu) : TURBOMOLE rev. V7-6 19 Oct 2021 at 10:10:11 compiled Oct 19th 2021
 Copyright (C) 2021 TURBOMOLE GmbH, Karlsruhe


    2025-06-25 13:30:33.214 

 mp2                                                                            
  
Total energy =  -1765.7254844820 H =    -48047.8377636 eV
 
 HOMO-LUMO Separation
   HOMO:   123.   123 a     -0.25501488 H =     -6.93931 eV
   LUMO:   124.   124 a     -0.01358260 H =     -0.36960 eV
   Gap :                    +0.24143228 H =     +6.56971 eV
 
Number of MOs=   1020, Electrons=    246.00, Symmetry: c1   
 
   Nr.   Orbital    Occupation       Energy
  140.   140 a                     +0.070638 H =        +1.922 eV
  139.   139 a                     +0.069193 H =        +1.883 eV
  138.   138 a                     +0.065306 H =        +1.777 eV
  137.   137 a                     +0.064319 H =        +1.750 eV
  136.   136 a                     +0.062333 H =        +1.696 eV
  135.   135 a                     +0.059529 H =        +1.620 eV
  134.   134 a                     +0.053574 H =        +1.458 eV
  133.   133 a                     +0.050964 H =        +1.387 eV
  132.   132 a                     +0.050025 H =        +1.361 eV
  131.   131 a                     +0.047953 H =        +1.305 eV
  130.   130 a                     +0.045642 H =        +1.242 eV
  129.   129 a                     +0.044057 H =        +1.199 eV
  128.   128 a                     +0.040461 H =        +1.101 eV
  127.   127 a                     +0.037881 H =        +1.031 eV
  126.   126 a                     +0.032547 H =        +0.886 eV
  125.   125 a                     +0.028834 H =        +0.785 eV
  124.   124 a                     -0.013583 H =        -0.370 eV
  123.   123 a        2.000        -0.255015 H =        -6.939 eV
  122.   122 a        2.000        -0.305221 H =        -8.305 eV
  121.   121 a        2.000        -0.346310 H =        -9.424 eV
  120.   120 a        2.000        -0.351548 H =        -9.566 eV
  119.   119 a        2.000        -0.372520 H =       -10.137 eV
  118.   118 a        2.000        -0.383243 H =       -10.429 eV
  117.   117 a        2.000        -0.416093 H =       -11.322 eV
  116.   116 a        2.000        -0.445982 H =       -12.136 eV
  115.   115 a        2.000        -0.463219 H =       -12.605 eV
  114.   114 a        2.000        -0.472677 H =       -12.862 eV
  113.   113 a        2.000        -0.475954 H =       -12.951 eV
  112.   112 a        2.000        -0.477154 H =       -12.984 eV
  111.   111 a        2.000        -0.481969 H =       -13.115 eV
  110.   110 a        2.000        -0.486518 H =       -13.239 eV
  109.   109 a        2.000        -0.490900 H =       -13.358 eV
  108.   108 a        2.000        -0.496831 H =       -13.519 eV


    ------------------------------------------------------------------------
         total  cpu-time :   0.45 seconds
         total wall-time :   0.46 seconds
    ------------------------------------------------------------------------

   ****  eiger : all done  ****


    2025-06-25 13:30:33.659 

