
 ricc2 (nano21.int-nano.int.kit.edu) : TURBOMOLE rev. V7-6 19 Oct 2021 at 10:10:11 compiled Oct 19th 2021
 Copyright (C) 2021 TURBOMOLE GmbH, Karlsruhe


    2025-06-25 13:30:33.740 



                              R I C C 2 - PROGRAM

                          the quantum chemistry groups
                             at the universities in
                               Karlsruhe & Bochum
                                   Germany



   *-----------------------------------------------------------------------*
   |                     program will use  1 thread(s)                     |
   *-----------------------------------------------------------------------*


              +--------------------------------------------------+
              | Atomic coordinate, charge and isotop information |
              +--------------------------------------------------+

                    atomic coordinates            atom    charge  isotop
          3.97422292   -1.00418421    0.42799783    c      6.000     0
          4.52535512    4.41455008    4.23584945    c      6.000     0
          1.73023815    0.76070831    0.91652945    c      6.000     0
          3.23685330    2.01066425    5.20770480    c      6.000     0
         -1.19816101    0.61120149    4.58622263    c      6.000     0
         -1.55866992    0.02272263    7.17979615    c      6.000     0
         -3.41005501    0.65544848    3.05415325    c      6.000     0
         -5.77852927    0.14390227    4.04303749    c      6.000     0
         -3.94600647   -0.46936715    8.14855177    c      6.000     0
         -6.13934488   -0.43679980    6.62732168    c      6.000     0
         -8.58091204   -0.97224368    7.74962246    c      6.000     0
        -10.86418176   -1.08776188    6.56338733    c      6.000     0
        -13.26049621   -1.60242010    7.73190968    c      6.000     0
        -15.59009578   -1.76884734    6.49520847    c      6.000     0
        -17.62063106   -2.29496807    8.11720141    c      6.000     0
        -16.92347840   -2.54562984   10.65145169    c      6.000     0
        -18.57754491   -3.06695823   12.71051863    c      6.000     0
        -17.91798778   -3.30589690   15.21025742    c      6.000     0
        -23.90389673   -1.86671814   16.37966927    c      6.000     0
        -19.56828901   -3.81939426   17.27255882    c      6.000     0
        -18.81115077   -4.04136470   19.77454373    c      6.000     0
        -22.42139335   -4.22053247   17.18977029    c      6.000     0
        -23.22058404   -6.60283933   15.74774240    c      6.000     0
        -21.01426738   -4.56441406   21.31412987    c      6.000     0
        -21.27063140   -4.94193731   23.88797087    c      6.000     0
          1.16939692    1.13231237    3.59749184    n      7.000     0
        -13.64556325   -2.10897007   10.97829797    s     16.000     0
        -16.26594480   -3.78177680   20.59823453    c      6.000     0
        -23.06025325   -4.66525986   19.83296821    o      8.000     0
        -19.18007256   -4.86412897   25.59251612    c      6.000     0
        -23.71979904   -5.43351686   24.92012152    c      6.000     0
        -14.14059004   -3.53996575   21.09647254    n      7.000     0
        -17.53503951   -4.81798091   27.04813417    n      7.000     0
        -25.70161719   -5.83443492   25.77933407    n      7.000     0
          4.18242066   -1.31609144   -1.62009433    h      1.000     0
          5.77594488   -0.22776056    1.11961001    h      1.000     0
          3.67731954   -2.85394508    1.33628562    h      1.000     0
          5.93852916    5.05521902    5.62380624    h      1.000     0
          5.51988340    4.12602084    2.43183091    h      1.000     0
          3.13898344    5.94555498    3.97273646    h      1.000     0
          0.05913766   -0.07169545    0.01847037    h      1.000     0
          2.05416764    2.59367103   -0.03599664    h      1.000     0
          2.45551183    2.42237605    7.08242064    h      1.000     0
          4.66429723    0.50623042    5.48499886    h      1.000     0
          0.05925709   -0.11560645    8.44735017    h      1.000     0
         -3.27658498    1.17627269    1.06535124    h      1.000     0
         -7.40423098    0.24359193    2.77378668    h      1.000     0
         -4.12567502   -0.93411184   10.15526895    h      1.000     0
         -8.53781438   -1.32041457    9.79260084    h      1.000     0
        -10.97378889   -0.77506569    4.52152672    h      1.000     0
        -15.77021993   -1.51074684    4.45701166    h      1.000     0
        -19.57719775   -2.49583367    7.49232775    h      1.000     0
        -20.55623688   -3.28023971   12.15261951    h      1.000     0
        -15.92499304   -3.08386107   15.72301968    h      1.000     0
        -23.60674372   -1.44327455   14.36797928    h      1.000     0
        -25.93262770   -2.19187991   16.69857076    h      1.000     0
        -23.31710899   -0.21375807   17.49522392    h      1.000     0
        -22.89324946   -6.39480940   13.70714130    h      1.000     0
        -22.15574435   -8.25624462   16.42105560    h      1.000     0
        -25.24622740   -6.94784908   16.06504499    h      1.000     0
 
       center of nuclear mass  :  -12.55502391   -2.13497379   12.48380392
       center of nuclear charge:  -12.32395001   -2.06620061   12.22650554

   *************************************************************************
   mp2                                                                      
   *************************************************************************



              +--------------------------------------------------+
              |               basis set information              |
              +--------------------------------------------------+

              we will work with the 1s 3p 5d 7f 9g ... basis set
              ...i.e. with spherical basis functions...

   type   atoms  prim   cont   basis
   ---------------------------------------------------------------------------
    c       28     43     23   aug-cc-pVDZ   [4s3p2d|18s5p2d]
    n        4     43     23   aug-cc-pVDZ   [4s3p2d|18s5p2d]
    s        1     93     27   aug-cc-pVDZ   [5s4p2d|35s16p2d]
    o        1     43     23   aug-cc-pVDZ   [4s3p2d|18s5p2d]
    h       26     11      9   aug-cc-pVDZ   [3s2p|5s2p]
   ---------------------------------------------------------------------------
   total:   60   1798   1020
   ---------------------------------------------------------------------------

   total number of primitive shells          :  135
   total number of contracted shells         :  438
   total number of cartesian basis functions : 1088
   total number of SCF-basis functions       : 1020


 symmetry group of the molecule :   c1 

 the group has the following generators :
   c1(z)

    1 symmetry operations found

 there are 1 real representations :   a   
WARNING: an $rij but no $rik flag found
WARNING: $rij is ignored by ricc2!


   =========================================================================


     restricted closed shell calculation for the wavefunction models:
               MP2        - Second Order Moeller Plesset PT


     global parameters for ricc2 program:

        hard restart (reuse of interm.) :  disabled
        soft restart (reuse of vectors) :  disabled
        threshold for vector function   :    0.100000E-05
        convergence threshold energy    :    0.100000E-06
        linear dependence threshold     :    0.100000E-13
        global print level              :      1
        maximum number of iterations    :   500
        maximum number DIIS vectors     :    10
        max. dim. of reduced space      :   100
        core memory limit (MB)          :   500


     MP2 energy only: Energy will be calculated directly from T2 amplitudes!

     Scratch Directory : 


   =========================================================================

    der. integral neglect threshold  :  0.10E-07
    integral neglect threshold       :  0.31E-11
    integral storage threshold THIZE :  0.10E-04
    integral storage threshold THIME :         5


                  +------------------------------------------+
                  |     Auxiliary basis set information      |
                  +------------------------------------------+

              assign orbital basis set names as defaults
              read basis sets from /shared/software/chem/TURBOMOLE/TURBOMOLE-V7.6/cbasen/
              (basis sets have been saved in file auxbasis)

              we will work with the 1s 3p 5d 7f 9g ... basis set
              ...i.e. with spherical basis functions...

   type   atoms  prim   cont   basis
   ---------------------------------------------------------------------------
    c       28     72     72   aug-cc-pVDZ   [8s6p5d3f|8s6p5d3f]
    n        4     72     72   aug-cc-pVDZ   [8s6p5d3f|8s6p5d3f]
    s        1     92     92   aug-cc-pVDZ   [10s8p6d4f|10s8p6d4f]
    o        1     72     72   aug-cc-pVDZ   [8s6p5d3f|8s6p5d3f]
    h       26     23     23   aug-cc-pVDZ   [4s3p2d|4s3p2d]
   ---------------------------------------------------------------------------
   total:   60   3066   3066
   ---------------------------------------------------------------------------

   total number of primitive shells          :  103
   total number of contracted shells         :  988
   total number of cartesian basis functions : 3598
   total number of SCF-basis functions       : 3066


 maximum number of shells which are related by symmetry :  1


 The symmetry information takes   1 MB

*---------------------------------------------------------------------*
|               simplified C1 algorithm will be applied               |
*---------------------------------------------------------------------*
 ==============================================================================
                      COSMO switched on
 ==============================================================================
            ======================================================
                      COSMO settings in RICC2
                   --------------------------
             Solvent charges are equilibrated for ground state
             COSMO linear response (LR) contribution included
             Outlying Charge Correction (OCC) is performed
             Using epsilon          =     4.800
             Using refractive index =     1.300
            ======================================================
        IMPORTANT NOTICE: The calculation of the solvent contributions will
         need the relaxed densities in general. Therefore the actual COSMO
         energies will be output only at the end of the run. Any energies
         or excitation energies quoted before that are only intermediate
         quantities and should be ignored unless you know what you are doing!

 ==============================================================================
                                  COSMO SETTINGS
 ==============================================================================
  PARAMETER:
    nppa:      1082
    nspa:        92
    nsph:        32
    nps:       2186
    npspher:    907
    disex:   10.0000    
    disex2:  4492.75    
    rsolv [A]: 1.3000
    routf:     0.8500
    phsran:    0.0    
    ampran:   0.10E-04
    cavity:  closed
    epsilon:     4.800
    refind:     1.300
    fepsi:      0.7169811
  CAVITY VOLUME/AREA [a.u.]:
    surface: V1.0, A matrix: V1.0
    area:  1852.20
    volume:  3954.68
  ELEMENT RADIUS [A]: ATOM LIST
    c  2.00: 1-25,28,30,31
    n  1.83: 26,32-34
    s  2.16: 27
    o  1.72: 29
    h  1.30: 35-60
 ==============================================================================
  MOs are in ASCII format !


 reading orbital data $scfmo  from file mos
 orbital characterization : scfconv=7
 all orbitals will be active in the correlation treatment


   Molecular Orbital Statistic:
   ============================

   -----------------------------
   orbitals in total:
   -----------------------------
    frozen occupied :      0
    active occupied :    123
    active virtual  :    897
    frozen virtual  :      0
    all together    :   1020
   -----------------------------


     time in riccmos       cpu:  0.60 sec    wall:  2.95 sec    ratio:  0.2

     total memory allocated for calculation of (Q|P)**(-1/2) : 108 MiB


     calculation of (P|Q) ...
     time in lp2sym        cpu:  0.19 sec    wall:  0.20 sec    ratio:  1.0


     calculation of the Cholesky decomposition of (P|Q)**(-1) ...
     time in invmetri      cpu:  1.01 sec    wall:  3.49 sec    ratio:  0.3

   threshold for RMS(d[D]) in SCF was     :  0.10E-06
   integral neglect threshold             :  0.31E-11
   derivative integral neglect threshold  :  0.10E-07


 setting up bound for integral derivative estimation

 increment for numerical differentiation : 0.00050000

   =========================================================================

     Energy of reference wave function is -1765.7254844820000
     Maximum orbital residual is           0.4900174418114E-04


     Number of symmetry-nonredundant auxiliary basis functions:     3066

     Block lengths for integral files:
        frozen occupied (BOI):        0 MiB
        active occupied (BJI):        3 MiB
        active virtual  (BAI):       21 MiB
        frozen virtual  (BGI):        0 MiB
               general  (BTI):       24 MiB

   =========================================================================




   **************************************************************************
   *                                                                        *
   *          OPTIMIZATION OF THE GROUND STATE CLUSTER AMPLITUDES           *
   *                                                                        *
   **************************************************************************

   Reaction field calculation using the COSMO solvation model
        Reaction field scheme  : post-SCF                                                                        
        Reaction field density : full unrelaxed                                                                  
        epsilon                :     4.800
        f(epsilon)             :   0.716981


   Iter.   MP2 energy       Norm(Omega)   Norm(t1)  Norm(t2)     cpu    wall
   ...........................................................................
    1  -1770.6839063754     ------          0.00000   0.80859   15.30   15.32
   ...........................................................................


     time in total         cpu: 15 min 18 s  wall: 15 min 19 s  ratio:  1.0


     **********************************************************************
     *                                                                    *
     *   RHF  energy                             :  -1765.7254844820      *
     *   MP2 correlation energy (doubles)        :     -4.9584218934      *
     *                                                                    *
     *   Final MP2 energy                        :  -1770.6839063754      *
     *                                                                    *
     *    E(S)   =     -2.9619142118      E(T)   =     -1.9965076816      *
     *    E(OS)  =     -3.6274167724      E(SS)  =     -1.3310051210      *
     *                                                                    *
     *   SCS-MP2 energy                          :  -1770.5220529825      *
     *   (computed with  C(OS) =   1.2000  and  C(SS) =   0.3333)         *
     *                                                                    *
     *   SOS-MP2 energy                          :  -1770.4411262861      *
     *   (computed with  C(OS) =   1.3000)                                *
     *                                                                    *
     *   Norm of MP1 T2 amplitudes               :      0.8085937464      *
     *                                                                    *
     **********************************************************************



    ------------------------------------------------------------------------
         total  cpu-time : 17 minutes and 43 seconds
         total wall-time : 22 minutes and 12 seconds
    ------------------------------------------------------------------------

   ****  ricc2 : all done  ****


    2025-06-25 13:52:45.479 

 ricc2 ended normally
