
 ridft (nano21.int-nano.int.kit.edu) : TURBOMOLE rev. V7-6 19 Oct 2021 at 10:10:11 compiled Oct 19th 2021
 Copyright (C) 2021 TURBOMOLE GmbH, Karlsruhe


    2025-06-25 00:03:24.424 



                                  r i d f t

                        DFT program with RI approximation 
                                for coulomb part 




                                                 
                                 References:     
                                                 
          TURBOMOLE:                             
              R. Ahlrichs, M. Baer, M. Haeser, H. Horn, and
              C. Koelmel
              Electronic structure calculations on workstation
              computers: the program system TURBOMOLE
              Chem. Phys. Lett. 162: 165 (1989)
          Density Functional:                              
              O. Treutler and R. Ahlrichs                      
              Efficient Molecular Numerical Integration Schemes
              J. Chem. Phys. 102: 346 (1995)                   
          Parallel Version:                                
              Performance of parallel TURBOMOLE for Density    
              Functional Calculations                          
              M. v. Arnim and R. Ahlrichs                      
              J. Comp. Chem. 19: 1746 (1998)                   
          RI-J Method:                                     
              Auxiliary Basis Sets to approximate Coulomb      
              Potentials                                       
              Chem. Phys. Lett. 240: 283 (1995)                
              K. Eichkorn, O. Treutler, H. Oehm, M. Haeser     
              and R. Ahlrichs                                  
              Chem. Phys. Lett. 242: 652 (1995)                
                                                           
              Auxiliary Basis Sets for Main Row Atoms and their
              Use to approximate Coulomb Potentials            
              K. Eichkorn, F. Weigend, O. Treutler and         
              R. Ahlrichs                                      
              Theo. Chem. Acc. 97: 119 (1997)                   
                                                           
              Accurate Coulomb-fitting basis sets for H to Rn 
              F. Weigend                                        
              Phys. Chem. Chem. Phys. 8: 1057 (2006)            
                                                           
          Multipole accelerated RI-J (MARI-J):             
              Fast evaluation of the Coulomb potential for     
              electron densities using multipole accelerated   
              resolution of identity approximation             
              M. Sierka, A. Hogekamp and R. Ahlrichs           
              J. Chem. Phys. 118: 9136 (2003)                  
          RI-JK Method:                                     
              A fully direct RI-HF algorithm: Implementation,
              optimised auxiliary basis sets, demonstration of
              accuracy and efficiency                         
              F. Weigend                                      
              Phys. Chem. Chem. Phys. 4: 4285 (2002)           
          Two-component HF and DFT with spin-orbit coupling:  
              Self-consistent treatment of spin-orbit         
              interactions with efficient Hartree-Fock and    
              density functional methods                      
              M. K. Armbruster, F. Weigend, C. van Wüllen and 
              W. Klopper                                      
              Phys. Chem. Chem. Phys. 10: 1748 (2008)         
          Two-component difference density and DIIS algorithm 
              Efficient two-component self-consistent field   
              procedures and gradients: implementation in     
              TURBOMOLE and application to Au20-              
              A. Baldes, F. Weigend                           
              Mol. Phys. 111: 2617 (2013)                     
          Relativistic all-electron 2c calculations           
              An efficient implementation of two-component    
              relativistic exact-decoupling methods for large 
              molecules                                       
              D. Peng, N. Middendorf, F. Weigend, M. Reiher   
              J. Chem. Phys. 138: 184105 (2013)               
          Finite nucleus model and SNSO approximation         
              Efficient implementation of one- and two-       
              component analytical energy gradients in exact  
              two-component theory                            
              Y. J. Franzke, N. Middendorf, F. Weigend        
              J. Chem. Phys. 148: 104110 (2018)               
          Grids for all-electron relativistic methods         
              Error-consistent segmented contracted all-      
              electron relativistic basis sets of double-     
              and triple-zeta quality for NMR shielding       
              constants                                       
              Y. J. Franzke, R. Tress, T. M. Pazdera,         
              F. Weigend                                      
              Phys. Chem. Chem. Phys. 21: 166658 (2019)       
          Seminumerical exchange algorithms                   
              Seminumerical calculation of the Hartree-Fock   
              exchange matirx: Application to two-component   
              procedures and efficient evaluation of local    
              hybrid functionsl                               
               P. Plessow, F. Weigend,                        
              J. Comput. Chem. 33: 810 (2012)                 
          Improved seminumerical algorithms                   
              C. Holzer,                                      
              J. Chem. Phys. 153 (2020), 184115               
                                         




              +--------------------------------------------------+
              |      general information about current run       |
              +--------------------------------------------------+

 

 DENSITY CONVERGENCE CHECK SWITCHED ON !
 SCF CONVERGENCE IF RMS(delta[D]) <     0.1000000000E-06

 A HF calculation using the RI-J approximation will be carried out.
 Allocatable memory for RI due to $ricore (MB):                  2000

   *************************************************************************
   mp2                                                                      
   *************************************************************************




              +--------------------------------------------------+
              | Atomic coordinate, charge and isotop information |
              +--------------------------------------------------+

                    atomic coordinates            atom    charge  isotop
         -8.16149810    6.08081931   -4.16244021    c      6.000     0
         -8.24394250    7.30254501    0.50809898    c      6.000     0
         -6.78332027    7.41532764   -1.99137374    c      6.000     0
         -4.24430484   10.86764203   -2.85087541    c      6.000     0
         -3.75202533   13.35282899   -3.49366859    c      6.000     0
         -4.33926377    2.07912298   -0.54914704    c      6.000     0
         -0.95453657   -5.45400187    1.49910953    c      6.000     0
         -4.01382100    6.65999088   -1.74455094    c      6.000     0
         -2.56581590    8.78099246   -2.27487839    c      6.000     0
         -0.10874127   -7.84112754    2.14948637    c      6.000     0
         -3.56066278   -4.87839602    1.29914929    c      6.000     0
         -3.01531485    4.24572308   -1.09330105    c      6.000     0
         -2.80439760  -14.22748702    3.78853352    c      6.000     0
         -1.83432767   -9.84712133    2.65116519    c      6.000     0
         -5.26374141   -6.87705484    1.79868762    c      6.000     0
         -4.45346465   -9.28063208    2.45292611    c      6.000     0
          1.68826601  -12.73820293    3.48161705    c      6.000     0
         -6.63927778   10.07786180   -2.68588059    o      8.000     0
         -1.24966663   14.33860178   -3.71303329    c      6.000     0
         -5.81486813   15.03425438   -3.96764724    c      6.000     0
          0.12193023    8.80428957   -2.23305743    c      6.000     0
         -1.00091007  -12.21793128    3.29619637    n      7.000     0
          0.75210079   15.22130155   -3.91509112    n      7.000     0
         -7.47770769   16.41649247   -4.35612750    n      7.000     0
          2.31055188    8.64049057   -2.15081258    n      7.000     0
         -3.17722053   -0.26902897    0.08979941    c      6.000     0
         -4.52273388   -2.41152297    0.62905865    c      6.000     0
         -8.43287637    4.06195837   -3.75532971    h      1.000     0
        -10.02571027    6.96032298   -4.43691253    h      1.000     0
         -7.08225850    6.25688282   -5.93027786    h      1.000     0
         -8.52053416    5.34030386    1.13039184    h      1.000     0
         -7.22088503    8.32915195    1.99821455    h      1.000     0
        -10.10714481    8.19033022    0.25641259    h      1.000     0
         -6.40810948    2.09587975   -0.59162317    h      1.000     0
          0.45274569   -3.98823921    1.13387234    h      1.000     0
          1.92051109   -8.16283149    2.27173766    h      1.000     0
         -0.94871149    4.14346830   -1.02827085    h      1.000     0
         -4.06843465  -13.76918781    5.38648101    h      1.000     0
         -4.00222601  -14.62833081    2.12493448    h      1.000     0
         -1.78261815  -15.96717286    4.26708436    h      1.000     0
         -7.29567926   -6.51731751    1.66593228    h      1.000     0
         -5.86460176  -10.73401629    2.81528601    h      1.000     0
          1.96919893  -14.72170615    4.01568464    h      1.000     0
          2.67438803  -12.42130078    1.66814818    h      1.000     0
          2.61718073  -11.55136724    4.92692664    h      1.000     0
         -1.10879983   -0.30316933    0.13859667    h      1.000     0
         -6.59007196   -2.26690129    0.55143928    h      1.000     0
 
       center of nuclear mass  :   -3.33317314    2.40737335   -0.60832862
       center of nuclear charge:   -3.36793321    2.09690160   -0.52721920

              +--------------------------------------------------+
              |               basis set information              |
              +--------------------------------------------------+

              we will work with the 1s 3p 5d 7f 9g ... basis set
              ...i.e. with spherical basis functions...

   type   atoms  prim   cont   basis
   ---------------------------------------------------------------------------
    c       22     43     23   aug-cc-pVDZ   [4s3p2d|18s5p2d]
    o        1     43     23   aug-cc-pVDZ   [4s3p2d|18s5p2d]
    n        4     43     23   aug-cc-pVDZ   [4s3p2d|18s5p2d]
    h       20     11      9   aug-cc-pVDZ   [3s2p|5s2p]
   ---------------------------------------------------------------------------
   total:   47   1381    801
   ---------------------------------------------------------------------------

   total number of primitive shells          :   82
   total number of contracted shells         :  343
   total number of cartesian basis functions :  855
   total number of SCF-basis functions       :  801


 integral neglect threshold       :  0.39E-11
 integral storage threshold THIZE :  0.10E-04
 integral storage threshold THIME :         5

 RI-J AUXILIARY BASIS SET information:

              we will work with the 1s 3p 5d 7f 9g ... basis set
              ...i.e. with spherical basis functions...

   type   atoms  prim   cont   basis
   ---------------------------------------------------------------------------
    c       22     70     49   aug-cc-pVDZ   [6s4p3d1f1g|12s5p4d2f1g]
    o        1     70     49   aug-cc-pVDZ   [6s4p3d1f1g|12s5p4d2f1g]
    n        4     70     49   aug-cc-pVDZ   [6s4p3d1f1g|12s5p4d2f1g]
    h       20     16     11   aug-cc-pVDZ   [3s1p1d|5s2p1d]
   ---------------------------------------------------------------------------
   total:   47   2210   1543
   ---------------------------------------------------------------------------

   total number of primitive shells          :   80
   total number of contracted shells         :  505
   total number of cartesian basis functions : 1887
   total number of SCF-basis functions       : 1543


 symmetry group of the molecule :   c1 

 the group has the following generators :
   c1(z)

    1 symmetry operations found

 there are 1 real representations :   a   

 maximum number of shells which are related by symmetry :  1

 ==============================================================================
                      COSMO switched on
 ==============================================================================
 COSMO stati: segments per atom: H   32 other atoms   92
 COSMO statistics: nps   1771 npspher:    746
 COSMO surface:
   number of segments: 1771
   area (bohr**2):     1484.631399
   volume (bohr**3):   3090.949770
 COSMO: check number of disjunct cavities:

       ... OK contiguous cavity found

 biggest AO integral is expected to be     4.738267915

          ------------------------
          nuclear repulsion energy  :   2051.18623084    
          ------------------------


         -----------------
         -S,T+V- integrals
         -----------------

 1e-integrals will be neglected if expon. factor < 0.390873E-12
 
   Difference densities algorithm switched on.
   The maximal number of linear combinations of
   difference densities is                    20 .

 DIIS switched on: error vector is FDS-SDF
 Max. Iterations for DIIS is     :   5
 DIIS matrix (see manual) 
    Scaling factor of diagonals  :  1.200
    threshold for scaling factor :  0.000

 scf convergence criterion : increment of total energy < .1000000D-06
                  and increment of one-electron energy < .1000000D-03

 MOs are in ASCII format !


    mo occupation :
   irrep   mo's   occupied
    a      801       94
 
 number of basis functions   :   801
 number of occupied orbitals :    94
 

 reading orbital data $scfmo  from file mos
 orbital characterization : expanded
 virtual MOs provided and orthogonalized by Cholesky decomposition

 automatic virtual orbital shift switched on 
      shift if e(lumo)-e(homo) < 0.10000000    

  
           ------------------------
               RI-J - INFORMATION
           ------------------------
 Contributions to RI integral batches: 
  neglected integral batches:                 17090
  direct contribution:                        15187
  memory contribution:                 26719
 Memory core needed for (P|Q) and Cholesky     19 MByte
 Memory core minimum needed except of (P|Q)     2 MByte
 Total minimum memory core needed (sum)        20 MByte
  
 ****************************************
 Memory allocated for RI-J  1636 MByte
 ****************************************
                                            

 DSCF restart information will be dumped onto file mos


 Starting SCF iterations


 ITERATION  ENERGY          1e-ENERGY        2e-ENERGY     RMS[dD(SAO)]   TOL
   1  -1132.5616314429    -5572.1902057     2388.4423434    0.000D+00 0.390D-11
                            exK = -152.316690959     Coul =  2540.75903440    
                          Ediel =-0.197911991626    
                            current damping = 0.300
 
          max. resid. norm for Fia-block=  3.756D-01 for orbital     85a         
          max. resid. fock norm         =  1.533D+00 for orbital    777a         

 ITERATION  ENERGY          1e-ENERGY        2e-ENERGY     RMS[dD(SAO)]   TOL
   2  -1136.8907167601    -5608.8272019     2420.7502543    0.131D+00 0.129D-11
                          Ediel =-0.485996372577E-01
                            current damping = 0.250
 
          Norm of current diis error:  3.2408    
          max. resid. norm for Fia-block=  1.487D-01 for orbital     34a         
          max. resid. fock norm         =  2.630D-01 for orbital    775a         

 ITERATION  ENERGY          1e-ENERGY        2e-ENERGY     RMS[dD(SAO)]   TOL
   3  -1137.3408591435    -5613.1869659     2424.6598759    0.640D-01 0.112D-11
                          Ediel =-0.560084878650E-01
                            current damping = 0.150
 
          Norm of current diis error:  1.4078    
          max. resid. norm for Fia-block=  7.009D-02 for orbital     88a         
          max. resid. fock norm         =  7.549D-02 for orbital     88a         

 ITERATION  ENERGY          1e-ENERGY        2e-ENERGY     RMS[dD(SAO)]   TOL
   4  -1137.4629257055    -5615.5185320     2426.8693755    0.256D-01 0.106D-11
                          Ediel =-0.366045281039E-01
                            current damping = 0.100
 
          Norm of current diis error: 0.45382    
          max. resid. norm for Fia-block=  2.905D-02 for orbital     32a         
          max. resid. fock norm         =  3.624D-02 for orbital     31a         

 ITERATION  ENERGY          1e-ENERGY        2e-ENERGY     RMS[dD(SAO)]   TOL
   5  -1137.4781256050    -5616.1000632     2427.4357068    0.611D-02 0.105D-11
                          Ediel =-0.380691204520E-01
                            current damping = 0.100
 
          Norm of current diis error: 0.13347    
          max. resid. norm for Fia-block=  8.393D-03 for orbital     88a         
          max. resid. fock norm         =  9.071D-03 for orbital     51a         
          mo-orthogonalization: Cholesky decomposition

 ITERATION  ENERGY          1e-ENERGY        2e-ENERGY     RMS[dD(SAO)]   TOL
   6  -1137.4800750175    -5616.1825568     2427.5162509    0.134D-02 0.105D-11
                          Ediel =-0.367148526337E-01
                            current damping = 0.100
 
          Norm of current diis error: 0.53107E-01
          max. resid. norm for Fia-block=  3.758D-03 for orbital     69a         
          max. resid. fock norm         =  4.039D-03 for orbital     69a         

 ITERATION  ENERGY          1e-ENERGY        2e-ENERGY     RMS[dD(SAO)]   TOL
   7  -1137.4804672443    -5616.2222049     2427.5555068    0.643D-03 0.105D-11
                          Ediel =-0.364397610556E-01
                            current damping = 0.100
 
          Norm of current diis error: 0.24183E-01
          max. resid. norm for Fia-block=  1.905D-03 for orbital     88a         
          max. resid. fock norm         =  1.932D-03 for orbital     88a         

 ITERATION  ENERGY          1e-ENERGY        2e-ENERGY     RMS[dD(SAO)]   TOL
   8  -1137.4805660797    -5616.2380822     2427.5712853    0.279D-03 0.104D-11
                          Ediel =-0.362660659166E-01
                            current damping = 0.100
 
          Norm of current diis error: 0.10797E-01
          max. resid. norm for Fia-block=  8.602D-04 for orbital     88a         
          max. resid. fock norm         =  9.054D-04 for orbital     93a         

 ITERATION  ENERGY          1e-ENERGY        2e-ENERGY     RMS[dD(SAO)]   TOL
   9  -1137.4805876150    -5616.2413119     2427.5744934    0.131D-03 0.104D-11
                          Ediel =-0.361619043125E-01
                            current damping = 0.100
 
          Norm of current diis error: 0.50876E-02
          max. resid. norm for Fia-block=  5.467D-04 for orbital     88a         
          max. resid. fock norm         =  5.484D-04 for orbital     88a         

 ITERATION  ENERGY          1e-ENERGY        2e-ENERGY     RMS[dD(SAO)]   TOL
  10  -1137.4805927118    -5616.2444208     2427.5775973    0.678D-04 0.104D-11
                          Ediel =-0.361024982792E-01
                            current damping = 0.100
 
          Norm of current diis error: 0.27717E-02
          max. resid. norm for Fia-block=  2.936D-04 for orbital     85a         
          max. resid. fock norm         =  2.974D-04 for orbital     85a         
          mo-orthogonalization: Cholesky decomposition

 ITERATION  ENERGY          1e-ENERGY        2e-ENERGY     RMS[dD(SAO)]   TOL
  11  -1137.4805941616    -5616.2433666     2427.5765416    0.386D-04 0.103D-11
                          Ediel =-0.360892150080E-01
                            current damping = 0.150
 
          Norm of current diis error: 0.14939E-02
          max. resid. norm for Fia-block=  1.873D-04 for orbital     88a         
          max. resid. fock norm         =  1.879D-04 for orbital     88a         

 ITERATION  ENERGY          1e-ENERGY        2e-ENERGY     RMS[dD(SAO)]   TOL
  12  -1137.4805946090    -5616.2434998     2427.5766743    0.315D-04 0.103D-11
                          Ediel =-0.360682780564E-01
                            current damping = 0.200
 
          Norm of current diis error: 0.73323E-03
          max. resid. norm for Fia-block=  9.429D-05 for orbital     85a         
          max. resid. fock norm         =  9.455D-05 for orbital     85a         

 ITERATION  ENERGY          1e-ENERGY        2e-ENERGY     RMS[dD(SAO)]   TOL
  13  -1137.4805947237    -5616.2429475     2427.5761219    0.257D-04 0.102D-11
                          Ediel =-0.360667512135E-01
                            current damping = 0.250
 
          Norm of current diis error: 0.42025E-03
          max. resid. norm for Fia-block=  5.469D-05 for orbital     88a         
          max. resid. fock norm         =  7.921D-05 for orbital    785a         

 ITERATION  ENERGY          1e-ENERGY        2e-ENERGY     RMS[dD(SAO)]   TOL
  14  -1137.4805947655    -5616.2427993     2427.5759737    0.279D-04 0.101D-11
                          Ediel =-0.360623747726E-01
                            current damping = 0.100
 
          Norm of current diis error: 0.22578E-03
          max. resid. norm for Fia-block=  2.587D-05 for orbital     85a         
          max. resid. fock norm         =  1.690D-04 for orbital    783a         

 ITERATION  ENERGY          1e-ENERGY        2e-ENERGY     RMS[dD(SAO)]   TOL
  15  -1137.4805947769    -5616.2424767     2427.5756511    0.382D-04 0.993D-12
                          Ediel =-0.360610368287E-01
                            current damping = 0.100
 
          Norm of current diis error: 0.11642E-03
          max. resid. norm for Fia-block=  1.332D-05 for orbital     94a         
          max. resid. fock norm         =  1.490D-04 for orbital    783a         
          mo-orthogonalization: Cholesky decomposition

 ITERATION  ENERGY          1e-ENERGY        2e-ENERGY     RMS[dD(SAO)]   TOL
  16  -1137.4805947867    -5616.2424274     2427.5756018    0.444D-04 0.969D-12
                          Ediel =-0.360600032797E-01
                            current damping = 0.100
 
          Norm of current diis error: 0.65905E-04
          max. resid. norm for Fia-block=  7.794D-06 for orbital     94a         
          max. resid. fock norm         =  2.758D-04 for orbital    783a         

 ITERATION  ENERGY          1e-ENERGY        2e-ENERGY     RMS[dD(SAO)]   TOL
  17  -1137.4805947898    -5616.2423295     2427.5755038    0.535D-04 0.940D-12
                          Ediel =-0.360597050974E-01
                            current damping = 0.100
 
          Norm of current diis error: 0.35580E-04
          max. resid. norm for Fia-block=  4.545D-06 for orbital     94a         
          max. resid. fock norm         =  2.010D-04 for orbital    783a         

 ITERATION  ENERGY          1e-ENERGY        2e-ENERGY     RMS[dD(SAO)]   TOL
  18  -1137.4805948086    -5616.2423075     2427.5754818    0.625D-04 0.905D-12
                          Ediel =-0.360593403602E-01
                            current damping = 0.100
 
          Norm of current diis error: 0.21221E-04
          max. resid. norm for Fia-block=  2.717D-06 for orbital     94a         
          max. resid. fock norm         =  4.178D-04 for orbital    783a         

 ITERATION  ENERGY          1e-ENERGY        2e-ENERGY     RMS[dD(SAO)]   TOL
  19  -1137.4805948114    -5616.2422932     2427.5754676    0.802D-04 0.865D-12
                          Ediel =-0.360592055116E-01
                            current damping = 0.100
 
          Norm of current diis error: 0.12475E-04
          max. resid. norm for Fia-block=  3.204D-06 for orbital     33a         
          max. resid. fock norm         =  3.531D-04 for orbital    794a         

 ITERATION  ENERGY          1e-ENERGY        2e-ENERGY     RMS[dD(SAO)]   TOL
  20  -1137.4805947729    -5616.2422854     2427.5754598    0.999D-04 0.111D-11
                          Ediel =-0.360590101711E-01
                            current damping = 0.100
 
          Norm of current diis error: 0.69470E-05
          max. resid. norm for Fia-block=  8.942D-06 for orbital     33a         
          max. resid. fock norm         =  1.284D-03 for orbital    783a         
          mo-orthogonalization: Cholesky decomposition

 ITERATION  ENERGY          1e-ENERGY        2e-ENERGY     RMS[dD(SAO)]   TOL
  21  -1137.4805947744    -5616.2422774     2427.5754518    0.303D-03 0.108D-11
                          Ediel =-0.360589421254E-01
                            current damping = 0.100
 
          Norm of current diis error: 0.40828E-05
          max. resid. norm for Fia-block=  5.089D-06 for orbital     33a         
          max. resid. fock norm         =  6.330D-04 for orbital    783a         

 ITERATION  ENERGY          1e-ENERGY        2e-ENERGY     RMS[dD(SAO)]   TOL
  22  -1137.4805948131    -5616.2422778     2427.5754522    0.144D-03 0.390D-11
                            exK = -155.718695798     Coul =  2583.29414797    
                          Ediel =-0.360588620331E-01
                            current damping = 0.150
 
          Norm of current diis error: 0.26903E-05
          max. resid. norm for Fia-block=  1.360D-05 for orbital     61a         
          max. resid. fock norm         =  2.065D-03 for orbital    783a         

 ITERATION  ENERGY          1e-ENERGY        2e-ENERGY     RMS[dD(SAO)]   TOL
  23  -1137.4805948028    -5616.2422795     2427.5754539    0.327D-03 0.247D-11
                          Ediel =-0.360588259564E-01
                            current damping = 0.100
 
          Norm of current diis error: 0.16804E-05
          max. resid. norm for Fia-block=  3.321D-06 for orbital     61a         
          max. resid. fock norm         =  3.413D-04 for orbital    783a         

 ITERATION  ENERGY          1e-ENERGY        2e-ENERGY     RMS[dD(SAO)]   TOL
  24  -1137.4805948156    -5616.2422795     2427.5754539    0.101D-03 0.197D-11
                          Ediel =-0.360587964443E-01
                            current damping = 0.150
 
          Norm of current diis error: 0.10580E-05
          max. resid. norm for Fia-block=  1.337D-06 for orbital     53a         
          max. resid. fock norm         =  2.380D-04 for orbital    783a         

 ITERATION  ENERGY          1e-ENERGY        2e-ENERGY     RMS[dD(SAO)]   TOL
  25  -1137.4805948098    -5616.2422796     2427.5754540    0.461D-04 0.183D-11
                          Ediel =-0.360587811699E-01
                            current damping = 0.200
 
          Norm of current diis error: 0.63002E-06
          max. resid. norm for Fia-block=  1.461D-06 for orbital     61a         
          max. resid. fock norm         =  2.425D-04 for orbital    798a         
          mo-orthogonalization: Cholesky decomposition

 ITERATION  ENERGY          1e-ENERGY        2e-ENERGY     RMS[dD(SAO)]   TOL
  26  -1137.4805948178    -5616.2422794     2427.5754537    0.279D-04 0.175D-11
                          Ediel =-0.360587730529E-01
                            current damping = 0.250
 
          Norm of current diis error: 0.40644E-06
          max. resid. norm for Fia-block=  1.467D-06 for orbital     34a         
          max. resid. fock norm         =  2.657D-04 for orbital    783a         

 ITERATION  ENERGY          1e-ENERGY        2e-ENERGY     RMS[dD(SAO)]   TOL
  27  -1137.4805948121    -5616.2422800     2427.5754543    0.365D-04 0.169D-11
                          Ediel =-0.360587670831E-01
                            current damping = 0.300
 
          Norm of current diis error: 0.33238E-06
          max. resid. norm for Fia-block=  1.438D-06 for orbital     33a         
          max. resid. fock norm         =  1.428D-04 for orbital    798a         

 ITERATION  ENERGY          1e-ENERGY        2e-ENERGY     RMS[dD(SAO)]   TOL
  28  -1137.4805948148    -5616.2422800     2427.5754543    0.281D-04 0.161D-11
                          Ediel =-0.360587649798E-01
                            current damping = 0.350
 
          Norm of current diis error: 0.33383E-06
          max. resid. norm for Fia-block=  9.819D-07 for orbital     33a         
          max. resid. fock norm         =  8.083D-05 for orbital    783a         

 ITERATION  ENERGY          1e-ENERGY        2e-ENERGY     RMS[dD(SAO)]   TOL
  29  -1137.4805948214    -5616.2422801     2427.5754544    0.181D-04 0.152D-11
                          Ediel =-0.360587637756E-01
                            current damping = 0.400
 
          Norm of current diis error: 0.41418E-06
          max. resid. norm for Fia-block=  3.820D-07 for orbital     33a         
          max. resid. fock norm         =  3.141D-05 for orbital    794a         

 ENERGY & DENSITY CONVERGED !


 ITERATION  ENERGY          1e-ENERGY        2e-ENERGY     RMS[dD(SAO)]   TOL
  30  -1137.4805948194    -5616.2422801     2427.5754544    0.797D-05 0.145D-11
                          Ediel =-0.360587637284E-01
                            current damping = 0.250
 
          Norm of current diis error: 0.46021E-06
          max. resid. norm for Fia-block=  1.546D-07 for orbital     57a         
          max. resid. fock norm         =  2.587D-05 for orbital    783a         

 End of SCF iterations

   convergence criteria satisfied after    30 iterations


   *************************************************************************
   mp2                                                                      
   *************************************************************************


                  ------------------------------------------ 
                 |  total energy      =  -1137.48059481938  |
                  ------------------------------------------ 
                 :  kinetic energy    =   1135.55099587579  :
                 :  potential energy  =  -2273.03159069517  :
                 :  virial theorem    =      1.99830362034  :
                 :  wavefunction norm =      1.00000000000  :
                  .......................................... 


 <geterg> : there is no data group $energy 


 <skperg> : $end is missing 


 orbitals $scfmo  will be written to file mos

    irrep                 90a         91a         92a         93a         94a   
 eigenvalues H         -0.41399    -0.36737    -0.35932    -0.32719    -0.26873
            eV         -11.2652     -9.9968     -9.7777     -8.9034     -7.3126
 occupation              2.0000      2.0000      2.0000      2.0000      2.0000

    irrep                 95a         96a         97a         98a         99a   
 eigenvalues H         -0.00338     0.02834     0.03321     0.03829     0.04290
            eV          -0.0921      0.7713      0.9038      1.0420      1.1675
 
 ==============================================================================
                                  COSMO RESULTS
 ==============================================================================
  PARAMETER:
    nppa:      1082
    nspa:        92
    nsph:        32
    nps:       1771
    npspher:    746
    disex:   10.0000    
    disex2:  4451.90    
    rsolv [A]: 1.3000
    routf:     0.8500
    phsran:    0.0    
    ampran:   0.10E-04
    cavity:  closed
    epsilon:     4.800
    refind:     1.300
    fepsi:      0.7169811
  CAVITY VOLUME/AREA [a.u.]:
    surface: V1.0, A matrix: V1.0
    area:  1484.63
    volume:  3090.95
  SCREENING CHARGE:
    cosmo      :  -0.044311
    correction :   0.043209
    total      :  -0.001102
  ENERGIES [a.u.]:
    Total energy            =   -1137.4805948193830
    Total energy + OC corr. =    -1137.4806103321
    Dielectric energy       =       -0.0360587637
    Diel. energy + OC corr. =       -0.0360742764
  ELEMENT RADIUS [A]: ATOM LIST
    c  2.00: 1-17,19-21,26,27
    o  1.72: 18
    n  1.83: 22-25
    h  1.30: 28-47
 ==============================================================================
 
 
 
 ==============================================================================
                           electrostatic moments
 ==============================================================================

 reference point for electrostatic moments:    0.00000   0.00000   0.00000

 
              nuc           elec       ->  total
 ------------------------------------------------------------------------------
                          charge      
 ------------------------------------------------------------------------------
         188.000000    -188.000000      -0.000000
 
 ------------------------------------------------------------------------------
                       dipole moment  
 ------------------------------------------------------------------------------
   x    -633.171444     630.800436      -2.371008
   y     394.217500    -403.988713      -9.771212
   z     -99.117210     101.644988       2.527778
 
   | dipole moment | =    10.3676 a.u. =    26.3519 debye 
 
 ------------------------------------------------------------------------------
                     quadrupole moment
 ------------------------------------------------------------------------------
  xx    3899.563470   -4012.636681    -113.073211
  yy   18451.256750  -18659.195877    -207.939127
  zz    1421.336241   -1549.476177    -128.139936
  xy   -2979.549162    2988.455790       8.906628
  xz     798.319113    -800.628065      -2.308951
  yz   -4843.788101    4865.506544      21.718444
 
     1/3  trace=    -149.717424
     anisotropy=      97.294809
 
 ==============================================================================
 
HOMO-LUMO Separation
 HOMO         :   -0.26873210 H =     -7.31258 eV
 LUMO         :   -0.00338285 H =     -0.09205 eV
 HOMO-LUMO gap:    0.26534925 H =     +7.22052 eV
 
 ==============================================================================


    ------------------------------------------------------------------------
         total  cpu-time :  2 hours 48 minutes and  3 seconds
         total wall-time :  2 hours 48 minutes and 38 seconds
    ------------------------------------------------------------------------

   ****  ridft : all done  ****


    2025-06-25 02:52:02.798 

 ridft ended normally
