
 eiger (nano18.int-nano.int.kit.edu) : TURBOMOLE rev. V7-6 19 Oct 2021 at 10:10:11 compiled Oct 19th 2021
 Copyright (C) 2021 TURBOMOLE GmbH, Karlsruhe


    2025-04-09 17:21:23.634 

 wb97xd                                                                         
  
Total energy =   -977.2798586137 H =    -26593.1394823 eV
 
 HOMO-LUMO Separation
   HOMO:    81.    81 a     -0.27301876 H =     -7.42922 eV
   LUMO:    82.    82 a     -0.03249240 H =     -0.88416 eV
   Gap :                    +0.24052636 H =     +6.54506 eV
 
Number of MOs=    687, Electrons=    162.00, Symmetry: c1   
 
   Nr.   Orbital    Occupation       Energy
   98.    98 a                     +0.080987 H =        +2.204 eV
   97.    97 a                     +0.079411 H =        +2.161 eV
   96.    96 a                     +0.077268 H =        +2.103 eV
   95.    95 a                     +0.071300 H =        +1.940 eV
   94.    94 a                     +0.067981 H =        +1.850 eV
   93.    93 a                     +0.061179 H =        +1.665 eV
   92.    92 a                     +0.058919 H =        +1.603 eV
   91.    91 a                     +0.055784 H =        +1.518 eV
   90.    90 a                     +0.049948 H =        +1.359 eV
   89.    89 a                     +0.049449 H =        +1.346 eV
   88.    88 a                     +0.046606 H =        +1.268 eV
   87.    87 a                     +0.040251 H =        +1.095 eV
   86.    86 a                     +0.037411 H =        +1.018 eV
   85.    85 a                     +0.033231 H =        +0.904 eV
   84.    84 a                     +0.023746 H =        +0.646 eV
   83.    83 a                     +0.013710 H =        +0.373 eV
   82.    82 a                     -0.032492 H =        -0.884 eV
   81.    81 a        2.000        -0.273019 H =        -7.429 eV
   80.    80 a        2.000        -0.325020 H =        -8.844 eV
   79.    79 a        2.000        -0.333426 H =        -9.073 eV
   78.    78 a        2.000        -0.364413 H =        -9.916 eV
   77.    77 a        2.000        -0.377787 H =       -10.280 eV
   76.    76 a        2.000        -0.399954 H =       -10.883 eV
   75.    75 a        2.000        -0.428662 H =       -11.664 eV
   74.    74 a        2.000        -0.431055 H =       -11.730 eV
   73.    73 a        2.000        -0.434423 H =       -11.821 eV
   72.    72 a        2.000        -0.443319 H =       -12.063 eV
   71.    71 a        2.000        -0.456672 H =       -12.427 eV
   70.    70 a        2.000        -0.466599 H =       -12.697 eV
   69.    69 a        2.000        -0.469980 H =       -12.789 eV
   68.    68 a        2.000        -0.475583 H =       -12.941 eV
   67.    67 a        2.000        -0.475947 H =       -12.951 eV
   66.    66 a        2.000        -0.486327 H =       -13.234 eV


    ------------------------------------------------------------------------
         total  cpu-time :   0.24 seconds
         total wall-time :   0.26 seconds
    ------------------------------------------------------------------------

   ****  eiger : all done  ****


    2025-04-09 17:21:23.877 

