
 riper (nano18.int-nano.int.kit.edu) : TURBOMOLE rev. V7-6 19 Oct 2021 at 10:10:11 compiled Oct 19th 2021
 Copyright (C) 2021 TURBOMOLE GmbH, Karlsruhe


    2025-04-10 00:17:29.995 

 Number of MKL threads:      1

   *************************************************************************
   wb97xd                                                                   
   *************************************************************************


    
    *************************************************************************
    *************************************************************************
    ***            _            _                   _     _               ***
    ***           | |_ _  _ _ _| |__  ___ _ __  ___| |___( )___           ***
    ***           |  _| || | '_| '_ \/ _ \ '  \/ _ \ / -_)/(_-<           ***
    ***            \__|\_,_|_| |_.__/\___/_|_|_\___/_\___| /__/           ***
    ***                      ___   ___                                    ***
    ***             //   ) )    / /    //   ) ) //   / /  //   ) )        ***
    ***            //___/ /    / /    //___/ / //____    //___/ /         ***
    ***           / ___ (     / /    / ____ / / ____    / ___ (           ***
    ***          //   | |    / /    //       //        //   | |           ***
    ***         //    | | __/ /___ //       //____/ / //    | |           ***
    ***                                                                   ***
    *************************************************************************
    *************************************************************************
    *************************** PROGRAM RIPER *******************************
    ****** Density Functional Theory with periodic boundary conditions ******
    ******                                                             ******
    ****** Developed by the groups in Jena   (M. Sierka)               ******
    ******                        and Munich (A. Burow)                ******
    *************************************************************************
    
    
                               References:                                  
    
    (1) General implementation:                                             
        R. Lazarski, A. M. Burow, M. Sierka                                 
        Density Functional Theory for Molecular and Periodic Systems Using  
        Density Fitting and Continuous Fast Multipole Methods               
        J. Chem. Theory Comput. 2015, 11, 3029-3041                         
        R. Lazarski, A. M. Burow, L. Grajciar, M. Sierka                    
        Density Functional Theory for Molecular and Periodic Systems Using  
        Density Fitting and Continuous Fast Multipole Methods: Analytical   
        Gradients                                                           
        J. Comput. Chem. 2016, 57, 2518–2526                                
    (2) DFT implementation:                                                 
        A. M. Burow, M. Sierka                                              
        Linear Scaling Hierarchical Integration Scheme For the              
        Exchange-Correlation Term in Molecular and Periodic Systems         
        J. Chem. Theory Comput. 2011, 7, 3097-3104                          
    (3) RI/DF approximation:                                                
        A. M. Burow, M. Sierka, F. Mohamed                                  
        Resolution of Identity Approximation for the Coulomb Term in        
        Molecular and Periodic Systems                                      
        J. Chem. Phys. 2009, 131, 214101/1-214101/6                         
    (4) Low-Memory Iterative Density Fitting (LMIDF) method:                
        L. Grajciar                                                         
        Low-Memory Iterative Density Fitting                                
        J. Comput. Chem. 2015, 36, 1521-1535                                
    


              +--------------------------------------------------+
              | Atomic coordinate, charge and isotop information |
              +--------------------------------------------------+

                    atomic coordinates            atom    charge  isotop
        -13.63978187    6.57345484   -0.42543319    c      6.000     0
        -11.25052943    7.75799330   -0.35232650    c      6.000     0
         -9.02652232    6.38597720   -0.23917500    c      6.000     0
         -9.06832105    3.72310322   -0.18968248    c      6.000     0
         -6.79503038    2.26244183   -0.04076261    c      6.000     0
         -6.85345955   -0.31750065    0.00952789    c      6.000     0
         -9.19042011   -1.69676628   -0.10197806    c      6.000     0
         -9.27661395   -4.39709983   -0.06887002    c      6.000     0
        -11.66445395   -5.58230597   -0.15905217    c      6.000     0
        -13.89687091   -4.21133283   -0.24801188    c      6.000     0
        -13.87027869   -1.55229273   -0.28965908    c      6.000     0
        -16.14224271   -0.09061691   -0.42958469    c      6.000     0
        -16.09211206    2.48913284   -0.48417134    c      6.000     0
        -13.75373972    3.87177616   -0.38385197    c      6.000     0
        -11.44541189    2.44158633   -0.26547512    c      6.000     0
        -11.49603930   -0.27033965   -0.22163558    c      6.000     0
        -15.94292548    8.09349999   -0.51126654    c      6.000     0
         -6.95715258   -5.90561446    0.02920151    c      6.000     0
        -16.11132196   10.59234995   -1.06486869    c      6.000     0
         -6.78919744   -8.28303933    0.93299673    c      6.000     0
        -18.45326828   11.92375602   -1.04599718    c      6.000     0
         -4.60430987   -9.59091213    0.85198378    o      8.000     0
         -4.54592852  -11.92369945    2.15565278    c      6.000     0
        -20.34672518   13.04157466   -1.04776320    n      7.000     0
        -11.14637050    9.81846858   -0.33206203    h      1.000     0
         -7.20947589    7.36597022   -0.16163891    h      1.000     0
         -4.98820991    3.26147885    0.04349521    h      1.000     0
         -5.07749876   -1.35149166    0.15377871    h      1.000     0
        -11.75911691   -7.64298894   -0.22653235    h      1.000     0
        -15.70968926   -5.20026641   -0.33173781    h      1.000     0
        -17.95064659   -1.08854720   -0.50299496    h      1.000     0
        -17.87838513    3.50486672   -0.62173041    h      1.000     0
        -17.71803498    7.13544866   -0.07661646    h      1.000     0
         -5.19913597   -5.08102352   -0.67204240    h      1.000     0
        -14.45101555   11.71095144   -1.58064036    h      1.000     0
         -8.40461486   -9.27020611    1.78283657    h      1.000     0
         -2.68700663  -12.77514577    1.79854521    h      1.000     0
         -4.78337277  -11.65942695    4.21392829    h      1.000     0
         -6.02687665  -13.22575733    1.46532450    h      1.000     0
 
       center of nuclear mass  :  -11.44516539    0.86428685   -0.11902870
       center of nuclear charge:  -11.38160950    0.74921505   -0.09835246

   * BASIS SET information:

              +--------------------------------------------------+
              |               basis set information              |
              +--------------------------------------------------+

              we will work with the 1s 3p 5d 7f 9g ... basis set
              ...i.e. with spherical basis functions...

   type   atoms  prim   cont   basis
   ---------------------------------------------------------------------------
    c       22     43     23   aug-cc-pVDZ   [4s3p2d|18s5p2d]
    o        1     43     23   aug-cc-pVDZ   [4s3p2d|18s5p2d]
    n        1     43     23   aug-cc-pVDZ   [4s3p2d|18s5p2d]
    h       15     11      9   aug-cc-pVDZ   [3s2p|5s2p]
   ---------------------------------------------------------------------------
   total:   39   1197    687
   ---------------------------------------------------------------------------

   total number of primitive shells          :   82
   total number of contracted shells         :  291
   total number of cartesian basis functions :  735
   total number of SCF-basis functions       :  687


   * AUXILIARY RI-J BASIS SET information:

              +--------------------------------------------------+
              |               basis set information              |
              +--------------------------------------------------+

              we will work with the 1s 3p 5d 7f 9g ... basis set
              ...i.e. with spherical basis functions...

   type   atoms  prim   cont   basis
   ---------------------------------------------------------------------------
    c       22     70     49   aug-cc-pVDZ   [6s4p3d1f1g|12s5p4d2f1g]
    o        1     70     49   aug-cc-pVDZ   [6s4p3d1f1g|12s5p4d2f1g]
    n        1     70     49   aug-cc-pVDZ   [6s4p3d1f1g|12s5p4d2f1g]
    h       15     16     11   aug-cc-pVDZ   [3s1p1d|5s2p1d]
   ---------------------------------------------------------------------------
   total:   39   1920   1341
   ---------------------------------------------------------------------------

   total number of primitive shells          :   80
   total number of contracted shells         :  435
   total number of cartesian basis functions : 1644
   total number of SCF-basis functions       : 1341

 Libxc version: 5.1.4
 S. Lehtola, C. Steigemann, M.J.T. Oliveira, and M.A.L. Marques, Software X 7, 1 (2018)
 M.A.L. Marques, M.J.T. Oliveira, and T. Burnus, Comput. Phys. Commun. 183, 2272 (2012)
 TURBOMOLE integration by Christof Holzer

  Keyword $riper not found - using default options 
               
              +--------------------------------------------------+
              |       Summary of SCF and related options         |
              +--------------------------------------------------+
               
       Energy calculation only 
       Diagonalization method set to:                                2
       Maximum number of SCF iterations included in the DIIS:        4
       Automatic orbital shift for HOMO-LUMO gap below:           0.1000E+00
               
              +--------------------------------------------------+
              |      SCREENING OF BASIS FUNCTION PRODUCTS        |
              +--------------------------------------------------+
               
         Threshold for shell products neglect:          0.5E-12
         Tolerance for shell products extents:          0.1E-06
         The biggest integral is expected to be:        0.1E+01
         Number of {mu,nu} shell products:                35877
        
               
              +--------------------------------------------------+
              |             INITIAL ORBITALS/BANDS               |
              +--------------------------------------------------+
               
  Bands restarted from             RIPER.BANDS
  Bands occupations restarted from RIPER.BANDS.OCCUPATIONS
  Bands energies restarted from    RIPER.BANDS.ENERGIES
              
              +--------------------------------------------------+
              |         Calculation of quantities on grid        |
              +--------------------------------------------------+
              
 Creating .cub files
   *grid construction*
   *plotting orbital     1 of     2*
   calculating values on grid points
   writing orbital values to   orb_k_1_1_1_a_81_real.cub
   *plotting orbital     2 of     2*
   calculating values on grid points
   writing orbital values to   orb_k_1_1_1_a_82_real.cub
 

    ------------------------------------------------------------------------
    RIPER profiling                cpu                    wall         ratio
    ------------------------------------------------------------------------
    module                         sec     %               sec     %
    ------------------------------------------------------------------------
    RIPER                         4.5   99.98            9.6   99.99   0.5
    Preliminaries                 0.2    3.53            0.2    1.98   0.8
    preescrening                  0.1    2.37            0.1    1.11   1.0
    T+S matrix                    0.0    0.33            0.0    0.15   1.0
    BANDS init                    0.0    0.29            0.2    2.35   0.1
    Properties                    4.3   95.82            9.1   95.48   0.5
    Orbital plot                  4.1   91.37            8.9   93.36   0.5
    ------------------------------------------------------------------------
    sum                          13.1  293.69           28.2  294.43   0.5
    ------------------------------------------------------------------------


    ------------------------------------------------------------------------
         total  cpu-time :   4.47 seconds
         total wall-time :   9.57 seconds
    ------------------------------------------------------------------------

   ****  riper : all done  ****


    2025-04-10 00:17:39.546 

