
 eiger (nano21.int-nano.int.kit.edu) : TURBOMOLE rev. V7-6 19 Oct 2021 at 10:10:11 compiled Oct 19th 2021
 Copyright (C) 2021 TURBOMOLE GmbH, Karlsruhe


    2025-04-08 12:46:22.441 

 b3                                                                             
  
Total energy =  -1049.8185124840 H =    -28567.0167941 eV
 
 HOMO-LUMO Separation
   HOMO:    82.    82 a     -0.20557076 H =     -5.59387 eV
   LUMO:    83.    83 a     -0.10734692 H =     -2.92106 eV
   Gap :                    +0.09822384 H =     +2.67281 eV
 
Number of MOs=    669, Electrons=    164.00, Symmetry: c1   
 
   Nr.   Orbital    Occupation       Energy
   99.    99 a                     +0.037234 H =        +1.013 eV
   98.    98 a                     +0.026512 H =        +0.721 eV
   97.    97 a                     +0.025408 H =        +0.691 eV
   96.    96 a                     +0.019784 H =        +0.538 eV
   95.    95 a                     +0.017812 H =        +0.485 eV
   94.    94 a                     +0.008131 H =        +0.221 eV
   93.    93 a                     +0.006372 H =        +0.173 eV
   92.    92 a                     +0.004862 H =        +0.132 eV
   91.    91 a                     +0.002806 H =        +0.076 eV
   90.    90 a                     -0.006368 H =        -0.173 eV
   89.    89 a                     -0.009495 H =        -0.258 eV
   88.    88 a                     -0.024392 H =        -0.664 eV
   87.    87 a                     -0.029444 H =        -0.801 eV
   86.    86 a                     -0.034966 H =        -0.951 eV
   85.    85 a                     -0.052725 H =        -1.435 eV
   84.    84 a                     -0.070004 H =        -1.905 eV
   83.    83 a                     -0.107347 H =        -2.921 eV
   82.    82 a        2.000        -0.205571 H =        -5.594 eV
   81.    81 a        2.000        -0.245844 H =        -6.690 eV
   80.    80 a        2.000        -0.254477 H =        -6.925 eV
   79.    79 a        2.000        -0.273554 H =        -7.444 eV
   78.    78 a        2.000        -0.286437 H =        -7.794 eV
   77.    77 a        2.000        -0.293515 H =        -7.987 eV
   76.    76 a        2.000        -0.304758 H =        -8.293 eV
   75.    75 a        2.000        -0.305925 H =        -8.325 eV
   74.    74 a        2.000        -0.308009 H =        -8.381 eV
   73.    73 a        2.000        -0.334450 H =        -9.101 eV
   72.    72 a        2.000        -0.341346 H =        -9.289 eV
   71.    71 a        2.000        -0.347319 H =        -9.451 eV
   70.    70 a        2.000        -0.362223 H =        -9.857 eV
   69.    69 a        2.000        -0.367408 H =        -9.998 eV
   68.    68 a        2.000        -0.384406 H =       -10.460 eV
   67.    67 a        2.000        -0.387906 H =       -10.555 eV


    ------------------------------------------------------------------------
         total  cpu-time :   0.19 seconds
         total wall-time :   0.20 seconds
    ------------------------------------------------------------------------

   ****  eiger : all done  ****


    2025-04-08 12:46:22.626 

