
 eiger (nano17.int-nano.int.kit.edu) : TURBOMOLE rev. V7-6 19 Oct 2021 at 10:10:11 compiled Oct 19th 2021
 Copyright (C) 2021 TURBOMOLE GmbH, Karlsruhe


    2025-03-22 13:14:59.786 

 tcf1-m062x                                                                     
  
Total energy =  -1221.6344622470 H =    -33242.3669275 eV
 
 HOMO-LUMO Separation
   HOMO:   101.   101 a     -0.23451942 H =     -6.38160 eV
   LUMO:   102.   102 a     -0.09918714 H =     -2.69902 eV
   Gap :                    +0.13533228 H =     +3.68258 eV
 
Number of MOs=    865, Electrons=    202.00, Symmetry: c1   
 
   Nr.   Orbital    Occupation       Energy
  118.   118 a                     +0.028047 H =        +0.763 eV
  117.   117 a                     +0.027475 H =        +0.748 eV
  116.   116 a                     +0.026605 H =        +0.724 eV
  115.   115 a                     +0.022125 H =        +0.602 eV
  114.   114 a                     +0.016199 H =        +0.441 eV
  113.   113 a                     +0.016084 H =        +0.438 eV
  112.   112 a                     +0.014160 H =        +0.385 eV
  111.   111 a                     +0.011066 H =        +0.301 eV
  110.   110 a                     +0.007617 H =        +0.207 eV
  109.   109 a                     +0.006453 H =        +0.176 eV
  108.   108 a                     +0.004050 H =        +0.110 eV
  107.   107 a                     +0.000045 H =        +0.001 eV
  106.   106 a                     -0.000747 H =        -0.020 eV
  105.   105 a                     -0.006200 H =        -0.169 eV
  104.   104 a                     -0.010176 H =        -0.277 eV
  103.   103 a                     -0.030010 H =        -0.817 eV
  102.   102 a                     -0.099187 H =        -2.699 eV
  101.   101 a        2.000        -0.234519 H =        -6.382 eV
  100.   100 a        2.000        -0.278736 H =        -7.585 eV
   99.    99 a        2.000        -0.308047 H =        -8.382 eV
   98.    98 a        2.000        -0.322472 H =        -8.775 eV
   97.    97 a        2.000        -0.344220 H =        -9.367 eV
   96.    96 a        2.000        -0.375348 H =       -10.214 eV
   95.    95 a        2.000        -0.399642 H =       -10.875 eV
   94.    94 a        2.000        -0.400216 H =       -10.890 eV
   93.    93 a        2.000        -0.401400 H =       -10.923 eV
   92.    92 a        2.000        -0.411776 H =       -11.205 eV
   91.    91 a        2.000        -0.417405 H =       -11.358 eV
   90.    90 a        2.000        -0.418726 H =       -11.394 eV
   89.    89 a        2.000        -0.424693 H =       -11.556 eV
   88.    88 a        2.000        -0.427195 H =       -11.625 eV
   87.    87 a        2.000        -0.432970 H =       -11.782 eV
   86.    86 a        2.000        -0.433819 H =       -11.805 eV


    ------------------------------------------------------------------------
         total  cpu-time :   0.36 seconds
         total wall-time :   0.38 seconds
    ------------------------------------------------------------------------

   ****  eiger : all done  ****


    2025-03-22 13:15:00.145 

