
 eiger (nano24.int-nano.int.kit.edu) : TURBOMOLE rev. V7-6 19 Oct 2021 at 10:10:11 compiled Oct 19th 2021
 Copyright (C) 2021 TURBOMOLE GmbH, Karlsruhe


    2025-06-27 17:10:56.828 

 mp2                                                                            
  
Total energy =  -1024.1478891890 H =    -27868.4835543 eV
 
 HOMO-LUMO Separation
   HOMO:    82.    82 a     -0.25078897 H =     -6.82432 eV
   LUMO:    83.    83 a     +0.01177125 H =     +0.32031 eV
   Gap :                    +0.26256022 H =     +7.14463 eV
 
Number of MOs=    678, Electrons=    164.00, Symmetry: c1   
 
   Nr.   Orbital    Occupation       Energy
   99.    99 a                     +0.090938 H =        +2.475 eV
   98.    98 a                     +0.089444 H =        +2.434 eV
   97.    97 a                     +0.080556 H =        +2.192 eV
   96.    96 a                     +0.078887 H =        +2.147 eV
   95.    95 a                     +0.072903 H =        +1.984 eV
   94.    94 a                     +0.070809 H =        +1.927 eV
   93.    93 a                     +0.066262 H =        +1.803 eV
   92.    92 a                     +0.060653 H =        +1.650 eV
   91.    91 a                     +0.058964 H =        +1.604 eV
   90.    90 a                     +0.056322 H =        +1.533 eV
   89.    89 a                     +0.050377 H =        +1.371 eV
   88.    88 a                     +0.043966 H =        +1.196 eV
   87.    87 a                     +0.037589 H =        +1.023 eV
   86.    86 a                     +0.033264 H =        +0.905 eV
   85.    85 a                     +0.027875 H =        +0.759 eV
   84.    84 a                     +0.020053 H =        +0.546 eV
   83.    83 a                     +0.011771 H =        +0.320 eV
   82.    82 a        2.000        -0.250789 H =        -6.824 eV
   81.    81 a        2.000        -0.308419 H =        -8.393 eV
   80.    80 a        2.000        -0.324687 H =        -8.835 eV
   79.    79 a        2.000        -0.355273 H =        -9.667 eV
   78.    78 a        2.000        -0.382023 H =       -10.395 eV
   77.    77 a        2.000        -0.404534 H =       -11.008 eV
   76.    76 a        2.000        -0.441117 H =       -12.003 eV
   75.    75 a        2.000        -0.449176 H =       -12.223 eV
   74.    74 a        2.000        -0.473131 H =       -12.875 eV
   73.    73 a        2.000        -0.477898 H =       -13.004 eV
   72.    72 a        2.000        -0.480017 H =       -13.062 eV
   71.    71 a        2.000        -0.482675 H =       -13.134 eV
   70.    70 a        2.000        -0.491593 H =       -13.377 eV
   69.    69 a        2.000        -0.511095 H =       -13.908 eV
   68.    68 a        2.000        -0.515326 H =       -14.023 eV
   67.    67 a        2.000        -0.529371 H =       -14.405 eV


    ------------------------------------------------------------------------
         total  cpu-time :   0.21 seconds
         total wall-time :   0.23 seconds
    ------------------------------------------------------------------------

   ****  eiger : all done  ****


    2025-06-27 17:10:57.041 

