
 ricc2 (nano24.int-nano.int.kit.edu) : TURBOMOLE rev. V7-6 19 Oct 2021 at 10:10:11 compiled Oct 19th 2021
 Copyright (C) 2021 TURBOMOLE GmbH, Karlsruhe


    2025-06-27 17:10:57.111 



                              R I C C 2 - PROGRAM

                          the quantum chemistry groups
                             at the universities in
                               Karlsruhe & Bochum
                                   Germany



   *-----------------------------------------------------------------------*
   |                     program will use  1 thread(s)                     |
   *-----------------------------------------------------------------------*


              +--------------------------------------------------+
              | Atomic coordinate, charge and isotop information |
              +--------------------------------------------------+

                    atomic coordinates            atom    charge  isotop
        -13.44927959    5.44487519   -0.48654534    c      6.000     0
        -11.07102429    6.66053883   -0.45717708    c      6.000     0
         -8.83623067    5.32252568   -0.26476790    c      6.000     0
         -8.85113624    2.66064086   -0.09356981    c      6.000     0
         -6.56415627    1.23645803    0.12853654    c      6.000     0
         -6.59527510   -1.34166732    0.28820287    c      6.000     0
         -8.90909184   -2.75637758    0.22587549    c      6.000     0
         -8.95759694   -5.46049415    0.37023742    c      6.000     0
        -11.34171772   -6.66615409    0.33849027    c      6.000     0
        -13.58520001   -5.32336172    0.19839663    c      6.000     0
        -13.59114662   -2.66714764    0.03644587    c      6.000     0
        -15.87740873   -1.23992936   -0.15377886    c      6.000     0
        -15.85972703    1.33688473   -0.32499161    c      6.000     0
        -13.53750791    2.74385118   -0.31675958    c      6.000     0
        -11.21178284    1.34695465   -0.12483636    c      6.000     0
        -11.23051196   -1.36102345    0.04238046    c      6.000     0
        -15.76117765    6.91871590   -0.68358866    c      6.000     0
         -6.63059960   -6.93801568    0.52084096    c      6.000     0
        -15.97496435    9.45181573   -0.85198667    c      6.000     0
         -6.45905370   -9.34630117    1.39471438    c      6.000     0
         -4.33478822  -10.82766541    1.37311296    n      7.000     0
        -18.45018001   10.62303364   -1.03616106    n      7.000     0
        -18.46206636   12.93647029   -1.17886422    o      8.000     0
        -20.34613046    9.29343256   -1.04093705    o      8.000     0
        -10.98788779    8.71786760   -0.58676986    h      1.000     0
         -7.02861117    6.32225446   -0.24168895    h      1.000     0
         -4.76933884    2.25889912    0.18176165    h      1.000     0
         -4.80562009   -2.34184719    0.48959783    h      1.000     0
        -11.42463873   -8.72807190    0.36113512    h      1.000     0
        -15.38766430   -6.33451932    0.16675277    h      1.000     0
        -17.67576648   -2.25871105   -0.16175856    h      1.000     0
        -17.65923683    2.32705889   -0.46715098    h      1.000     0
        -17.57062455    5.93010918   -0.70322448    h      1.000     0
         -4.88184868   -6.04529075   -0.12444875    h      1.000     0
        -14.47351309   10.85562994   -0.87153918    h      1.000     0
         -8.12540702  -10.30026521    2.16598379    h      1.000     0
         -4.23609428  -12.30356527    2.58531910    h      1.000     0
         -2.65164566  -10.02012727    0.94147466    h      1.000     0
 
       center of nuclear mass  :  -12.01505262    1.05290509   -0.09416239
       center of nuclear charge:  -11.93540112    0.94282289   -0.07894871

   *************************************************************************
   mp2                                                                      
   *************************************************************************



              +--------------------------------------------------+
              |               basis set information              |
              +--------------------------------------------------+

              we will work with the 1s 3p 5d 7f 9g ... basis set
              ...i.e. with spherical basis functions...

   type   atoms  prim   cont   basis
   ---------------------------------------------------------------------------
    c       20     43     23   aug-cc-pVDZ   [4s3p2d|18s5p2d]
    n        2     43     23   aug-cc-pVDZ   [4s3p2d|18s5p2d]
    o        2     43     23   aug-cc-pVDZ   [4s3p2d|18s5p2d]
    h       14     11      9   aug-cc-pVDZ   [3s2p|5s2p]
   ---------------------------------------------------------------------------
   total:   38   1186    678
   ---------------------------------------------------------------------------

   total number of primitive shells          :   82
   total number of contracted shells         :  286
   total number of cartesian basis functions :  726
   total number of SCF-basis functions       :  678


 symmetry group of the molecule :   c1 

 the group has the following generators :
   c1(z)

    1 symmetry operations found

 there are 1 real representations :   a   
WARNING: an $rij but no $rik flag found
WARNING: $rij is ignored by ricc2!


   =========================================================================


     restricted closed shell calculation for the wavefunction models:
               MP2        - Second Order Moeller Plesset PT


     global parameters for ricc2 program:

        hard restart (reuse of interm.) :  disabled
        soft restart (reuse of vectors) :  disabled
        threshold for vector function   :    0.100000E-05
        convergence threshold energy    :    0.100000E-06
        linear dependence threshold     :    0.100000E-13
        global print level              :      1
        maximum number of iterations    :   500
        maximum number DIIS vectors     :    10
        max. dim. of reduced space      :   100
        core memory limit (MB)          :   500


     MP2 energy only: Energy will be calculated directly from T2 amplitudes!

     Scratch Directory : 


   =========================================================================

    der. integral neglect threshold  :  0.10E-07
    integral neglect threshold       :  0.46E-11
    integral storage threshold THIZE :  0.10E-04
    integral storage threshold THIME :         5


                  +------------------------------------------+
                  |     Auxiliary basis set information      |
                  +------------------------------------------+

              assign orbital basis set names as defaults
              read basis sets from /shared/software/chem/TURBOMOLE/TURBOMOLE-V7.6/cbasen/
              (basis sets have been saved in file auxbasis)

              we will work with the 1s 3p 5d 7f 9g ... basis set
              ...i.e. with spherical basis functions...

   type   atoms  prim   cont   basis
   ---------------------------------------------------------------------------
    c       20     72     72   aug-cc-pVDZ   [8s6p5d3f|8s6p5d3f]
    n        2     72     72   aug-cc-pVDZ   [8s6p5d3f|8s6p5d3f]
    o        2     72     72   aug-cc-pVDZ   [8s6p5d3f|8s6p5d3f]
    h       14     23     23   aug-cc-pVDZ   [4s3p2d|4s3p2d]
   ---------------------------------------------------------------------------
   total:   38   2050   2050
   ---------------------------------------------------------------------------

   total number of primitive shells          :   75
   total number of contracted shells         :  654
   total number of cartesian basis functions : 2414
   total number of SCF-basis functions       : 2050


 maximum number of shells which are related by symmetry :  1


 The symmetry information takes   1 MB

*---------------------------------------------------------------------*
|               simplified C1 algorithm will be applied               |
*---------------------------------------------------------------------*
  MOs are in ASCII format !


 reading orbital data $scfmo  from file mos
 orbital characterization : scfconv=7
 all orbitals will be active in the correlation treatment


   Molecular Orbital Statistic:
   ============================

   -----------------------------
   orbitals in total:
   -----------------------------
    frozen occupied :      0
    active occupied :     82
    active virtual  :    596
    frozen virtual  :      0
    all together    :    678
   -----------------------------


     time in riccmos       cpu:  0.29 sec    wall: 19.42 sec    ratio:  0.0

     total memory allocated for calculation of (Q|P)**(-1/2) : 49 MiB


     calculation of (P|Q) ...
     time in lp2sym        cpu:  0.10 sec    wall:  0.10 sec    ratio:  1.0


     calculation of the Cholesky decomposition of (P|Q)**(-1) ...
     time in invmetri      cpu:  0.44 sec    wall:  4.08 sec    ratio:  0.1

   threshold for RMS(d[D]) in SCF was     :  0.10E-06
   integral neglect threshold             :  0.46E-11
   derivative integral neglect threshold  :  0.10E-07


 setting up bound for integral derivative estimation

 increment for numerical differentiation : 0.00050000

   =========================================================================

     Energy of reference wave function is -1024.1478891889999
     Maximum orbital residual is           0.2605650225184E-02


     Number of symmetry-nonredundant auxiliary basis functions:     2050

     Block lengths for integral files:
        frozen occupied (BOI):        0 MiB
        active occupied (BJI):        2 MiB
        active virtual  (BAI):       10 MiB
        frozen virtual  (BGI):        0 MiB
               general  (BTI):       11 MiB

   =========================================================================




   **************************************************************************
   *                                                                        *
   *          OPTIMIZATION OF THE GROUND STATE CLUSTER AMPLITUDES           *
   *                                                                        *
   **************************************************************************


   Iter.   MP2 energy       Norm(Omega)   Norm(t1)  Norm(t2)     cpu    wall
   ...........................................................................
    1  -1027.6719146911     ------          0.00000   0.67492    2.26    2.26
   ...........................................................................


     time in total         cpu:  2 min 15 s  wall:  2 min 16 s  ratio:  1.0


     **********************************************************************
     *                                                                    *
     *   RHF  energy                             :  -1024.1478891890      *
     *   MP2 correlation energy (doubles)        :     -3.5240255021      *
     *                                                                    *
     *   Final MP2 energy                        :  -1027.6719146911      *
     *                                                                    *
     *    E(S)   =     -2.0558794100      E(T)   =     -1.4681460921      *
     *    E(OS)  =     -2.5452614407      E(SS)  =     -0.9787640614      *
     *                                                                    *
     *   SCS-MP2 energy                          :  -1027.5284576050      *
     *   (computed with  C(OS) =   1.2000  and  C(SS) =   0.3333)         *
     *                                                                    *
     *   SOS-MP2 energy                          :  -1027.4567290619      *
     *   (computed with  C(OS) =   1.3000)                                *
     *                                                                    *
     *   Norm of MP1 T2 amplitudes               :      0.6749232478      *
     *                                                                    *
     **********************************************************************



    ------------------------------------------------------------------------
         total  cpu-time :  3 minutes and 12 seconds
         total wall-time :  5 minutes and 24 seconds
    ------------------------------------------------------------------------

   ****  ricc2 : all done  ****


    2025-06-27 17:16:21.473 

 ricc2 ended normally
