
 eiger (nano23.int-nano.int.kit.edu) : TURBOMOLE rev. V7-6 19 Oct 2021 at 10:10:11 compiled Oct 19th 2021
 Copyright (C) 2021 TURBOMOLE GmbH, Karlsruhe


    2025-03-31 10:27:06.109 

 m062xd                                                                         
  
Total energy =  -2140.8952526720 H =    -58256.7271488 eV
 
 HOMO-LUMO Separation
   HOMO:   171.   171 a     -0.22917812 H =     -6.23625 eV
   LUMO:   172.   172 a     -0.10949258 H =     -2.97944 eV
   Gap :                    +0.11968554 H =     +3.25681 eV
 
Number of MOs=   1455, Electrons=    342.00, Symmetry: c1   
 
   Nr.   Orbital    Occupation       Energy
  188.   188 a                     +0.014164 H =        +0.385 eV
  187.   187 a                     +0.012654 H =        +0.344 eV
  186.   186 a                     +0.008549 H =        +0.233 eV
  185.   185 a                     +0.007212 H =        +0.196 eV
  184.   184 a                     +0.006956 H =        +0.189 eV
  183.   183 a                     +0.005014 H =        +0.136 eV
  182.   182 a                     +0.001968 H =        +0.054 eV
  181.   181 a                     +0.001213 H =        +0.033 eV
  180.   180 a                     +0.000422 H =        +0.011 eV
  179.   179 a                     -0.001767 H =        -0.048 eV
  178.   178 a                     -0.002074 H =        -0.056 eV
  177.   177 a                     -0.007627 H =        -0.208 eV
  176.   176 a                     -0.008288 H =        -0.226 eV
  175.   175 a                     -0.012325 H =        -0.335 eV
  174.   174 a                     -0.015806 H =        -0.430 eV
  173.   173 a                     -0.041615 H =        -1.132 eV
  172.   172 a                     -0.109493 H =        -2.979 eV
  171.   171 a        2.000        -0.229178 H =        -6.236 eV
  170.   170 a        2.000        -0.265863 H =        -7.234 eV
  169.   169 a        2.000        -0.305472 H =        -8.312 eV
  168.   168 a        2.000        -0.319497 H =        -8.694 eV
  167.   167 a        2.000        -0.323301 H =        -8.797 eV
  166.   166 a        2.000        -0.326048 H =        -8.872 eV
  165.   165 a        2.000        -0.329963 H =        -8.979 eV
  164.   164 a        2.000        -0.357152 H =        -9.719 eV
  163.   163 a        2.000        -0.376676 H =       -10.250 eV
  162.   162 a        2.000        -0.379453 H =       -10.325 eV
  161.   161 a        2.000        -0.382309 H =       -10.403 eV
  160.   160 a        2.000        -0.385940 H =       -10.502 eV
  159.   159 a        2.000        -0.390560 H =       -10.628 eV
  158.   158 a        2.000        -0.394125 H =       -10.725 eV
  157.   157 a        2.000        -0.401993 H =       -10.939 eV
  156.   156 a        2.000        -0.403280 H =       -10.974 eV


    ------------------------------------------------------------------------
         total  cpu-time :   0.92 seconds
         total wall-time :   0.94 seconds
    ------------------------------------------------------------------------

   ****  eiger : all done  ****


    2025-03-31 10:27:07.032 

