
 eiger (nano14.int-nano.int.kit.edu) : TURBOMOLE rev. V7-6 19 Oct 2021 at 10:10:11 compiled Oct 19th 2021
 Copyright (C) 2021 TURBOMOLE GmbH, Karlsruhe


    2025-04-10 09:03:16.807 

 cam                                                                            
  
Total energy =   -996.3168205986 H =    -27111.1616035 eV
 
 HOMO-LUMO Separation
   HOMO:    85.    85 a     -0.22958738 H =     -6.24739 eV
   LUMO:    86.    86 a     -0.05603526 H =     -1.52480 eV
   Gap :                    +0.17355211 H =     +4.72259 eV
 
Number of MOs=    737, Electrons=    170.00, Symmetry: c1   
 
   Nr.   Orbital    Occupation       Energy
  102.   102 a                     +0.050590 H =        +1.377 eV
  101.   101 a                     +0.049203 H =        +1.339 eV
  100.   100 a                     +0.046604 H =        +1.268 eV
   99.    99 a                     +0.044210 H =        +1.203 eV
   98.    98 a                     +0.038377 H =        +1.044 eV
   97.    97 a                     +0.035250 H =        +0.959 eV
   96.    96 a                     +0.032780 H =        +0.892 eV
   95.    95 a                     +0.026510 H =        +0.721 eV
   94.    94 a                     +0.023677 H =        +0.644 eV
   93.    93 a                     +0.020285 H =        +0.552 eV
   92.    92 a                     +0.019280 H =        +0.525 eV
   91.    91 a                     +0.013680 H =        +0.372 eV
   90.    90 a                     +0.011065 H =        +0.301 eV
   89.    89 a                     +0.000216 H =        +0.006 eV
   88.    88 a                     -0.002069 H =        -0.056 eV
   87.    87 a                     -0.012724 H =        -0.346 eV
   86.    86 a                     -0.056035 H =        -1.525 eV
   85.    85 a        2.000        -0.229587 H =        -6.247 eV
   84.    84 a        2.000        -0.275375 H =        -7.493 eV
   83.    83 a        2.000        -0.291257 H =        -7.926 eV
   82.    82 a        2.000        -0.320629 H =        -8.725 eV
   81.    81 a        2.000        -0.327978 H =        -8.925 eV
   80.    80 a        2.000        -0.355357 H =        -9.670 eV
   79.    79 a        2.000        -0.376579 H =       -10.247 eV
   78.    78 a        2.000        -0.387156 H =       -10.535 eV
   77.    77 a        2.000        -0.389997 H =       -10.612 eV
   76.    76 a        2.000        -0.400213 H =       -10.890 eV
   75.    75 a        2.000        -0.403217 H =       -10.972 eV
   74.    74 a        2.000        -0.418677 H =       -11.393 eV
   73.    73 a        2.000        -0.423457 H =       -11.523 eV
   72.    72 a        2.000        -0.428571 H =       -11.662 eV
   71.    71 a        2.000        -0.436300 H =       -11.872 eV
   70.    70 a        2.000        -0.446340 H =       -12.146 eV


    ------------------------------------------------------------------------
         total  cpu-time :   0.29 seconds
         total wall-time :   0.30 seconds
    ------------------------------------------------------------------------

   ****  eiger : all done  ****


    2025-04-10 09:03:17.093 

