
 eiger (nano21.int-nano.int.kit.edu) : TURBOMOLE rev. V7-6 19 Oct 2021 at 10:10:11 compiled Oct 19th 2021
 Copyright (C) 2021 TURBOMOLE GmbH, Karlsruhe


    2025-04-08 19:29:18.035 

 pbe0                                                                           
  
Total energy =  -1088.4941761950 H =    -29619.4352090 eV
 
 HOMO-LUMO Separation
   HOMO:    86.    86 a     -0.21274567 H =     -5.78910 eV
   LUMO:    87.    87 a     -0.10524453 H =     -2.86385 eV
   Gap :                    +0.10750115 H =     +2.92526 eV
 
Number of MOs=    710, Electrons=    172.00, Symmetry: c1   
 
   Nr.   Orbital    Occupation       Energy
  103.   103 a                     +0.034194 H =        +0.930 eV
  102.   102 a                     +0.031144 H =        +0.847 eV
  101.   101 a                     +0.024995 H =        +0.680 eV
  100.   100 a                     +0.021920 H =        +0.596 eV
   99.    99 a                     +0.020387 H =        +0.555 eV
   98.    98 a                     +0.013793 H =        +0.375 eV
   97.    97 a                     +0.011217 H =        +0.305 eV
   96.    96 a                     +0.008497 H =        +0.231 eV
   95.    95 a                     +0.007129 H =        +0.194 eV
   94.    94 a                     -0.000237 H =        -0.006 eV
   93.    93 a                     -0.003437 H =        -0.094 eV
   92.    92 a                     -0.011872 H =        -0.323 eV
   91.    91 a                     -0.020385 H =        -0.555 eV
   90.    90 a                     -0.030684 H =        -0.835 eV
   89.    89 a                     -0.049804 H =        -1.355 eV
   88.    88 a                     -0.066802 H =        -1.818 eV
   87.    87 a                     -0.105245 H =        -2.864 eV
   86.    86 a        2.000        -0.212746 H =        -5.789 eV
   85.    85 a        2.000        -0.254056 H =        -6.913 eV
   84.    84 a        2.000        -0.263725 H =        -7.176 eV
   83.    83 a        2.000        -0.284585 H =        -7.744 eV
   82.    82 a        2.000        -0.301512 H =        -8.205 eV
   81.    81 a        2.000        -0.303152 H =        -8.249 eV
   80.    80 a        2.000        -0.318812 H =        -8.675 eV
   79.    79 a        2.000        -0.319208 H =        -8.686 eV
   78.    78 a        2.000        -0.320559 H =        -8.723 eV
   77.    77 a        2.000        -0.344542 H =        -9.375 eV
   76.    76 a        2.000        -0.352005 H =        -9.579 eV
   75.    75 a        2.000        -0.357426 H =        -9.726 eV
   74.    74 a        2.000        -0.369148 H =       -10.045 eV
   73.    73 a        2.000        -0.376423 H =       -10.243 eV
   72.    72 a        2.000        -0.384394 H =       -10.460 eV
   71.    71 a        2.000        -0.385182 H =       -10.481 eV


    ------------------------------------------------------------------------
         total  cpu-time :   0.24 seconds
         total wall-time :   0.25 seconds
    ------------------------------------------------------------------------

   ****  eiger : all done  ****


    2025-04-08 19:29:18.271 

