
 eiger (nano19.int-nano.int.kit.edu) : TURBOMOLE rev. V7-6 19 Oct 2021 at 10:10:11 compiled Oct 19th 2021
 Copyright (C) 2021 TURBOMOLE GmbH, Karlsruhe


    2025-06-23 21:21:21.691 

 cam                                                                            
  
Total energy =  -1221.4231169640 H =    -33236.6159295 eV
 
 HOMO-LUMO Separation
   HOMO:   101.   101 a     -0.23881950 H =     -6.49861 eV
   LUMO:   102.   102 a     -0.08978384 H =     -2.44314 eV
   Gap :                    +0.14903566 H =     +4.05547 eV
 
Number of MOs=    865, Electrons=    202.00, Symmetry: c1   
 
   Nr.   Orbital    Occupation       Energy
  118.   118 a                     +0.046412 H =        +1.263 eV
  117.   117 a                     +0.044799 H =        +1.219 eV
  116.   116 a                     +0.042846 H =        +1.166 eV
  115.   115 a                     +0.037331 H =        +1.016 eV
  114.   114 a                     +0.035770 H =        +0.973 eV
  113.   113 a                     +0.032859 H =        +0.894 eV
  112.   112 a                     +0.030340 H =        +0.826 eV
  111.   111 a                     +0.028352 H =        +0.771 eV
  110.   110 a                     +0.024330 H =        +0.662 eV
  109.   109 a                     +0.021853 H =        +0.595 eV
  108.   108 a                     +0.018252 H =        +0.497 eV
  107.   107 a                     +0.017770 H =        +0.484 eV
  106.   106 a                     +0.011422 H =        +0.311 eV
  105.   105 a                     +0.007724 H =        +0.210 eV
  104.   104 a                     +0.007186 H =        +0.196 eV
  103.   103 a                     -0.020348 H =        -0.554 eV
  102.   102 a                     -0.089784 H =        -2.443 eV
  101.   101 a        2.000        -0.238820 H =        -6.499 eV
  100.   100 a        2.000        -0.282854 H =        -7.697 eV
   99.    99 a        2.000        -0.312005 H =        -8.490 eV
   98.    98 a        2.000        -0.326636 H =        -8.888 eV
   97.    97 a        2.000        -0.347238 H =        -9.449 eV
   96.    96 a        2.000        -0.378251 H =       -10.293 eV
   95.    95 a        2.000        -0.402430 H =       -10.951 eV
   94.    94 a        2.000        -0.404757 H =       -11.014 eV
   93.    93 a        2.000        -0.404896 H =       -11.018 eV
   92.    92 a        2.000        -0.414145 H =       -11.269 eV
   91.    91 a        2.000        -0.419757 H =       -11.422 eV
   90.    90 a        2.000        -0.421948 H =       -11.482 eV
   89.    89 a        2.000        -0.428802 H =       -11.668 eV
   88.    88 a        2.000        -0.431718 H =       -11.748 eV
   87.    87 a        2.000        -0.436243 H =       -11.871 eV
   86.    86 a        2.000        -0.437159 H =       -11.896 eV


    ------------------------------------------------------------------------
         total  cpu-time :   0.40 seconds
         total wall-time :   0.41 seconds
    ------------------------------------------------------------------------

   ****  eiger : all done  ****


    2025-06-23 21:21:22.088 

