
 ridft (nano19.int-nano.int.kit.edu) : TURBOMOLE rev. V7-6 19 Oct 2021 at 10:10:11 compiled Oct 19th 2021
 Copyright (C) 2021 TURBOMOLE GmbH, Karlsruhe


    2025-06-23 18:30:22.779 



                                  r i d f t

                        DFT program with RI approximation 
                                for coulomb part 




                                                 
                                 References:     
                                                 
          TURBOMOLE:                             
              R. Ahlrichs, M. Baer, M. Haeser, H. Horn, and
              C. Koelmel
              Electronic structure calculations on workstation
              computers: the program system TURBOMOLE
              Chem. Phys. Lett. 162: 165 (1989)
          Density Functional:                              
              O. Treutler and R. Ahlrichs                      
              Efficient Molecular Numerical Integration Schemes
              J. Chem. Phys. 102: 346 (1995)                   
          Parallel Version:                                
              Performance of parallel TURBOMOLE for Density    
              Functional Calculations                          
              M. v. Arnim and R. Ahlrichs                      
              J. Comp. Chem. 19: 1746 (1998)                   
          RI-J Method:                                     
              Auxiliary Basis Sets to approximate Coulomb      
              Potentials                                       
              Chem. Phys. Lett. 240: 283 (1995)                
              K. Eichkorn, O. Treutler, H. Oehm, M. Haeser     
              and R. Ahlrichs                                  
              Chem. Phys. Lett. 242: 652 (1995)                
                                                           
              Auxiliary Basis Sets for Main Row Atoms and their
              Use to approximate Coulomb Potentials            
              K. Eichkorn, F. Weigend, O. Treutler and         
              R. Ahlrichs                                      
              Theo. Chem. Acc. 97: 119 (1997)                   
                                                           
              Accurate Coulomb-fitting basis sets for H to Rn 
              F. Weigend                                        
              Phys. Chem. Chem. Phys. 8: 1057 (2006)            
                                                           
          Multipole accelerated RI-J (MARI-J):             
              Fast evaluation of the Coulomb potential for     
              electron densities using multipole accelerated   
              resolution of identity approximation             
              M. Sierka, A. Hogekamp and R. Ahlrichs           
              J. Chem. Phys. 118: 9136 (2003)                  
          RI-JK Method:                                     
              A fully direct RI-HF algorithm: Implementation,
              optimised auxiliary basis sets, demonstration of
              accuracy and efficiency                         
              F. Weigend                                      
              Phys. Chem. Chem. Phys. 4: 4285 (2002)           
          Two-component HF and DFT with spin-orbit coupling:  
              Self-consistent treatment of spin-orbit         
              interactions with efficient Hartree-Fock and    
              density functional methods                      
              M. K. Armbruster, F. Weigend, C. van Wüllen and 
              W. Klopper                                      
              Phys. Chem. Chem. Phys. 10: 1748 (2008)         
          Two-component difference density and DIIS algorithm 
              Efficient two-component self-consistent field   
              procedures and gradients: implementation in     
              TURBOMOLE and application to Au20-              
              A. Baldes, F. Weigend                           
              Mol. Phys. 111: 2617 (2013)                     
          Relativistic all-electron 2c calculations           
              An efficient implementation of two-component    
              relativistic exact-decoupling methods for large 
              molecules                                       
              D. Peng, N. Middendorf, F. Weigend, M. Reiher   
              J. Chem. Phys. 138: 184105 (2013)               
          Finite nucleus model and SNSO approximation         
              Efficient implementation of one- and two-       
              component analytical energy gradients in exact  
              two-component theory                            
              Y. J. Franzke, N. Middendorf, F. Weigend        
              J. Chem. Phys. 148: 104110 (2018)               
          Grids for all-electron relativistic methods         
              Error-consistent segmented contracted all-      
              electron relativistic basis sets of double-     
              and triple-zeta quality for NMR shielding       
              constants                                       
              Y. J. Franzke, R. Tress, T. M. Pazdera,         
              F. Weigend                                      
              Phys. Chem. Chem. Phys. 21: 166658 (2019)       
          Seminumerical exchange algorithms                   
              Seminumerical calculation of the Hartree-Fock   
              exchange matirx: Application to two-component   
              procedures and efficient evaluation of local    
              hybrid functionsl                               
               P. Plessow, F. Weigend,                        
              J. Comput. Chem. 33: 810 (2012)                 
          Improved seminumerical algorithms                   
              C. Holzer,                                      
              J. Chem. Phys. 153 (2020), 184115               
                                         




              +--------------------------------------------------+
              |      general information about current run       |
              +--------------------------------------------------+

 
 Libxc version: 5.1.4
 S. Lehtola, C. Steigemann, M.J.T. Oliveira, and M.A.L. Marques, Software X 7, 1 (2018)
 M.A.L. Marques, M.J.T. Oliveira, and T. Burnus, Comput. Phys. Commun. 183, 2272 (2012)
 TURBOMOLE integration by Christof Holzer

 Name of XC-Functional: CAM version of B3LYP
 alpha=    0.19000
 beta =    0.46000
 omega=    0.33000
 [1] T. Yanai, D. P. Tew, and N. C. Handy, Chem. Phys. Lett. 393, 51 (2004)
 A Hybrid-DFT calculation using the RI-J approximation will be carried out.
 Allocatable memory for RI due to $ricore (MB):                  2000

   *************************************************************************
   cam                                                                      
   *************************************************************************




              +--------------------------------------------------+
              | Atomic coordinate, charge and isotop information |
              +--------------------------------------------------+

                    atomic coordinates            atom    charge  isotop
          2.23335336   -0.61742682   -3.79424427    o      8.000     0
          2.58428740   -0.61460886  -10.39285666    n      7.000     0
         -5.27783329    1.38137846   -8.50551083    n      7.000     0
         -6.30259265    1.57356285   -1.61238992    n      7.000     0
         -0.00320516   -0.01409112   24.37194164    n      7.000     0
         -0.13614324    0.00521035   -4.41573211    c      6.000     0
         -1.60314821    0.36452817   -2.13198240    c      6.000     0
         -0.04917370   -0.05513257   -0.06006098    c      6.000     0
          2.56777913   -0.72970829   -1.06111164    c      6.000     0
         -0.79258099    0.20500845   -6.93860624    c      6.000     0
          1.07721192   -0.25036490   -8.83641057    c      6.000     0
         -3.28036556    0.85732830   -7.75523570    c      6.000     0
         -4.19961603    1.03440547   -1.94577635    c      6.000     0
          0.45176964   -0.15603525   21.81969624    c      6.000     0
          2.87457466   -0.80226452   20.85623015    c      6.000     0
          4.43529002   -1.19991505   22.13768046    h      1.000     0
          3.30179279   -0.93972225   18.27503509    c      6.000     0
          5.19223361   -1.44404442   17.60648760    h      1.000     0
          1.38620255   -0.44976332   16.47768199    c      6.000     0
         -1.02263021    0.19353555   17.44850158    c      6.000     0
         -2.57908725    0.59083478   16.15158537    h      1.000     0
         -1.48714171    0.33970605   20.01872110    c      6.000     0
         -3.38045207    0.84616871   20.64770794    h      1.000     0
          2.02127790   -0.49195807   26.16067381    c      6.000     0
          2.80947246   -2.41443712   25.95227916    h      1.000     0
          1.28935088   -0.31705409   28.09256539    h      1.000     0
          3.59531261    0.86548871   25.94804617    h      1.000     0
         -2.49183520    0.67706071   25.29847965    c      6.000     0
         -3.06131834    2.58694530   24.67303472    h      1.000     0
         -2.48058925    0.66732163   27.37172917    h      1.000     0
         -3.96105436   -0.66489976   24.66536811    h      1.000     0
         -0.82925113    0.13553248    2.50777353    c      6.000     0
         -2.81209937    0.66015333    2.78671279    h      1.000     0
          0.62118283   -0.25947074    4.62836428    c      6.000     0
          2.61031177   -0.79136930    4.42542224    h      1.000     0
         -0.28658793   -0.02148430    7.15039182    c      6.000     0
         -2.27026481    0.51578790    7.41400956    h      1.000     0
          1.19915708   -0.42418947    9.24026678    c      6.000     0
          3.18014243   -0.96214763    8.93565615    h      1.000     0
          0.38742466   -0.19950028   11.80163180    c      6.000     0
         -1.58638275    0.33808977   12.12025474    h      1.000     0
          1.96068799   -0.61776149   13.81126256    c      6.000     0
          3.91733479   -1.14656317   13.37097092    h      1.000     0
          4.60271068    1.22615390   -0.40902990    c      6.000     0
          6.33420248    0.79580902   -1.47686556    h      1.000     0
          5.04895382    1.20087390    1.61938531    h      1.000     0
          3.97011598    3.13873116   -0.92158920    h      1.000     0
          3.38223465   -3.44179617   -0.44907225    c      6.000     0
          1.89759778   -4.79197696   -0.99090133    h      1.000     0
          3.77098949   -3.67006167    1.57856269    h      1.000     0
          5.10960193   -3.89645691   -1.51355611    h      1.000     0
 
       center of nuclear mass  :    0.14885443   -0.08395775    6.42177730
       center of nuclear charge:    0.21700138   -0.10174525    6.76346057

              +--------------------------------------------------+
              |               basis set information              |
              +--------------------------------------------------+

              we will work with the 1s 3p 5d 7f 9g ... basis set
              ...i.e. with spherical basis functions...

   type   atoms  prim   cont   basis
   ---------------------------------------------------------------------------
    o        1     43     23   aug-cc-pVDZ   [4s3p2d|18s5p2d]
    n        4     43     23   aug-cc-pVDZ   [4s3p2d|18s5p2d]
    c       24     43     23   aug-cc-pVDZ   [4s3p2d|18s5p2d]
    h       22     11      9   aug-cc-pVDZ   [3s2p|5s2p]
   ---------------------------------------------------------------------------
   total:   51   1489    865
   ---------------------------------------------------------------------------

   total number of primitive shells          :   82
   total number of contracted shells         :  371
   total number of cartesian basis functions :  923
   total number of SCF-basis functions       :  865


 integral neglect threshold       :  0.36E-11
 integral storage threshold THIZE :  0.10E-04
 integral storage threshold THIME :         5

 RI-J AUXILIARY BASIS SET information:

              we will work with the 1s 3p 5d 7f 9g ... basis set
              ...i.e. with spherical basis functions...

   type   atoms  prim   cont   basis
   ---------------------------------------------------------------------------
    o        1     70     49   aug-cc-pVDZ   [6s4p3d1f1g|12s5p4d2f1g]
    n        4     70     49   aug-cc-pVDZ   [6s4p3d1f1g|12s5p4d2f1g]
    c       24     70     49   aug-cc-pVDZ   [6s4p3d1f1g|12s5p4d2f1g]
    h       22     16     11   aug-cc-pVDZ   [3s1p1d|5s2p1d]
   ---------------------------------------------------------------------------
   total:   51   2382   1663
   ---------------------------------------------------------------------------

   total number of primitive shells          :   80
   total number of contracted shells         :  545
   total number of cartesian basis functions : 2033
   total number of SCF-basis functions       : 1663


 symmetry group of the molecule :   c1 

 the group has the following generators :
   c1(z)

    1 symmetry operations found

 there are 1 real representations :   a   

 maximum number of shells which are related by symmetry :  1

 ==============================================================================
                      COSMO switched on
 ==============================================================================
 COSMO stati: segments per atom: H   32 other atoms   92
 COSMO statistics: nps   1925 npspher:    801
 COSMO surface:
   number of segments: 1925
   area (bohr**2):     1612.181517
   volume (bohr**3):   3337.435617
 COSMO: check number of disjunct cavities:

       ... OK contiguous cavity found
  
           ------------------
           density functional
           ------------------
 Name of XC-Functional: CAM version of B3LYP
 alpha=    0.19000
 beta =    0.46000
 omega=    0.33000
 [1] T. Yanai, D. P. Tew, and N. C. Handy, Chem. Phys. Lett. 393, 51 (2004)

 iterations will be done with small grid
  
 spherical integration : Lebedev's spherical grid
 spherical gridsize    :                     3
    i.e. gridpoints    :                   302
 value for diffuse not defined
 radial integration    : Chebyshev 2nd kind (scaling 3)
 radial gridsize       :                     3
 integration cells     :                    51
 partition function    : becke
 partition sharpness   :                     3
  

 biggest AO integral is expected to be     4.738267915

          ------------------------
          nuclear repulsion energy  :   2213.31495626    
          ------------------------


         -----------------
         -S,T+V- integrals
         -----------------

 1e-integrals will be neglected if expon. factor < 0.362076E-12
 
   Difference densities algorithm switched on.
   The maximal number of linear combinations of
   difference densities is                    20 .

 DIIS switched on: error vector is FDS-SDF
 Max. Iterations for DIIS is     :   4
 DIIS matrix (see manual) 
    Scaling factor of diagonals  :  1.200
    threshold for scaling factor :  0.000

 scf convergence criterion : increment of total energy < .1000000D-06
                  and increment of one-electron energy < .1000000D-03

 MOs are in ASCII format !


    mo occupation :
   irrep   mo's   occupied
    a      865      101
 
 number of basis functions   :   865
 number of occupied orbitals :   101
 

 reading orbital data $scfmo  from file mos
 orbital characterization : expanded
 virtual MOs provided and orthogonalized by Cholesky decomposition

 automatic virtual orbital shift switched on 
      shift if e(lumo)-e(homo) < 0.10000000    

  
           ------------------------
               RI-J - INFORMATION
           ------------------------
 Contributions to RI integral batches: 
  neglected integral batches:                 24017
  direct contribution:                        16202
  memory contribution:                 28787
 Memory core needed for (P|Q) and Cholesky     22 MByte
 Memory core minimum needed except of (P|Q)     2 MByte
 Total minimum memory core needed (sum)        23 MByte
  
 ****************************************
 Memory allocated for RI-J  1889 MByte
 ****************************************
                                            

 DSCF restart information will be dumped onto file mos


 Starting SCF iterations

          Overall gridpoints after grid construction =         68711

 ITERATION  ENERGY          1e-ENERGY        2e-ENERGY     NORM[dD(SAO)]  TOL
   1  -1216.3908586808    -5995.8132110     2566.1073961    0.000D+00 0.361D-11
                            Exc = -123.652918554     Coul =  2736.32087253    
                            exK = -46.5605578997    
                              N = 202.00670642    
                          Ediel =-0.198201734083    
                            current damping = 0.300
 
          max. resid. norm for Fia-block=  3.499D-01 for orbital     77a         
          max. resid. fock norm         =  1.427D+00 for orbital    842a         

 ITERATION  ENERGY          1e-ENERGY        2e-ENERGY     NORM[dD(SAO)]  TOL
   2  -1220.8419332989    -6044.3330350     2610.1761454    0.133D+03 0.104D-11
                            Exc = -125.721723377      Eck =  2735.89786877    
                              N = 202.00506607    
                          Ediel =-0.380983183075E-01
                            current damping = 0.250
 
          Norm of current diis error:  3.0178    
          max. resid. norm for Fia-block=  1.389D-01 for orbital     46a         
          max. resid. fock norm         =  2.865D-01 for orbital    846a         

 ITERATION  ENERGY          1e-ENERGY        2e-ENERGY     NORM[dD(SAO)]  TOL
   3  -1221.1515900668    -6043.9179395     2609.4513932    0.373D+02 0.939D-12
                            Exc = -126.560651657      Eck =  2736.01204488    
                              N = 202.00412157    
                          Ediel =-0.697533823983E-01
                            current damping = 0.200
 
          Norm of current diis error:  2.0294    
          max. resid. norm for Fia-block=  8.645D-02 for orbital     95a         
          max. resid. fock norm         =  9.147D-02 for orbital     95a         

 ITERATION  ENERGY          1e-ENERGY        2e-ENERGY     NORM[dD(SAO)]  TOL
   4  -1221.4011036818    -6044.8687920     2610.1527321    0.951D+01 0.912D-12
                            Exc = -126.205120345      Eck =  2736.35785243    
                              N = 202.00400309    
                          Ediel =-0.318462534597E-01
                            current damping = 0.250
 
          Norm of current diis error: 0.62042    
          max. resid. norm for Fia-block=  2.547D-02 for orbital     34a         
          max. resid. fock norm         =  3.034D-02 for orbital     34a         

 ITERATION  ENERGY          1e-ENERGY        2e-ENERGY     NORM[dD(SAO)]  TOL
   5  -1221.4224261642    -6046.4849784     2611.7475960    0.330D+01 0.906D-12
                            Exc = -126.349931542      Eck =  2738.09752753    
                              N = 202.00385493    
                          Ediel =-0.340934009170E-01
                            current damping = 0.150
 
          Norm of current diis error: 0.17493    
          max. resid. norm for Fia-block=  8.883D-03 for orbital     30a         
          max. resid. fock norm         =  1.264D-02 for orbital     30a         
          mo-orthogonalization: Cholesky decomposition

 ITERATION  ENERGY          1e-ENERGY        2e-ENERGY     NORM[dD(SAO)]  TOL
   6  -1221.4240796247    -6046.6451105     2611.9060747    0.995D+00 0.903D-12
                            Exc = -126.379351515      Eck =  2738.28542618    
                              N = 202.00382197    
                          Ediel =-0.335397426072E-01
                            current damping = 0.100
 
          Norm of current diis error: 0.88028E-01
          max. resid. norm for Fia-block=  3.284D-03 for orbital     30a         
          max. resid. fock norm         =  4.740D-03 for orbital     60a         

 ITERATION  ENERGY          1e-ENERGY        2e-ENERGY     NORM[dD(SAO)]  TOL
   7  -1221.4245105543    -6046.4057752     2611.6663083    0.509D+00 0.902D-12
                            Exc = -126.362128433      Eck =  2738.02843677    
                              N = 202.00382613    
                          Ediel =-0.333528491994E-01
                            current damping = 0.150
 
          Norm of current diis error: 0.38259E-01
          max. resid. norm for Fia-block=  1.709D-03 for orbital     95a         
          max. resid. fock norm         =  1.884D-03 for orbital     48a         

 ITERATION  ENERGY          1e-ENERGY        2e-ENERGY     NORM[dD(SAO)]  TOL
   8  -1221.4245962126    -6046.5323947     2611.7928423    0.158D+00 0.902D-12
                            Exc = -126.364958186      Eck =  2738.15780044    
                              N = 202.00382321    
                          Ediel =-0.329666026965E-01
                            current damping = 0.200
 
          Norm of current diis error: 0.19777E-01
          max. resid. norm for Fia-block=  1.034D-03 for orbital     84a         
          max. resid. fock norm         =  1.237D-03 for orbital     84a         

 ITERATION  ENERGY          1e-ENERGY        2e-ENERGY     NORM[dD(SAO)]  TOL
   9  -1221.4246222592    -6046.5206766     2611.7810980    0.587D-01 0.901D-12
                            Exc = -126.368573548      Eck =  2738.14967159    
                              N = 202.00382238    
                          Ediel =-0.330776490424E-01
                            current damping = 0.250
 
          Norm of current diis error: 0.10646E-01
          max. resid. norm for Fia-block=  4.005D-04 for orbital     92a         
          max. resid. fock norm         =  5.844D-04 for orbital     40a         

 ITERATION  ENERGY          1e-ENERGY        2e-ENERGY     NORM[dD(SAO)]  TOL
  10  -1221.4246298867    -6046.5146803     2611.7750942    0.263D-01 0.900D-12
                            Exc = -126.366694929      Eck =  2738.14178909    
                              N = 202.00382403    
                          Ediel =-0.329394478164E-01
                            current damping = 0.100
 
          Norm of current diis error: 0.40959E-02
          max. resid. norm for Fia-block=  2.470D-04 for orbital    100a         
          max. resid. fock norm         =  3.025D-04 for orbital    102a         
          mo-orthogonalization: Cholesky decomposition

 ITERATION  ENERGY          1e-ENERGY        2e-ENERGY     NORM[dD(SAO)]  TOL
  11  -1221.4246326856    -6046.5097027     2611.7701138    0.147D-01 0.898D-12
                            Exc = -126.366783713      Eck =  2738.13689747    
                              N = 202.00382470    
                          Ediel =-0.329059580676E-01
                            current damping = 0.100
 
          Norm of current diis error: 0.28319E-02
          max. resid. norm for Fia-block=  1.585D-04 for orbital    101a         
          max. resid. fock norm         =  1.822D-04 for orbital    102a         

 ITERATION  ENERGY          1e-ENERGY        2e-ENERGY     NORM[dD(SAO)]  TOL
  12  -1221.4246338228    -6046.5149238     2611.7753338    0.108D-01 0.896D-12
                            Exc = -126.366991398      Eck =  2738.14232515    
                              N = 202.00382510    
                          Ediel =-0.328537445676E-01
                            current damping = 0.150
 
          Norm of current diis error: 0.17409E-02
          max. resid. norm for Fia-block=  1.096D-04 for orbital    101a         
          max. resid. fock norm         =  1.357D-04 for orbital    102a         

 ITERATION  ENERGY          1e-ENERGY        2e-ENERGY     NORM[dD(SAO)]  TOL
  13  -1221.4246342635    -6046.5092831     2611.7696926    0.145D-01 0.892D-12
                            Exc = -126.366907288      Eck =  2738.13659987    
                              N = 202.00382560    
                          Ediel =-0.328414000419E-01
                            current damping = 0.200
 
          Norm of current diis error: 0.11765E-02
          max. resid. norm for Fia-block=  6.250D-05 for orbital     91a         
          max. resid. fock norm         =  7.371D-05 for orbital     99a         

 ITERATION  ENERGY          1e-ENERGY        2e-ENERGY     NORM[dD(SAO)]  TOL
  14  -1221.4246344162    -6046.5111415     2611.7715508    0.115D-01 0.888D-12
                            Exc = -126.366803928      Eck =  2738.13835471    
                              N = 202.00382583    
                          Ediel =-0.328155535937E-01
                            current damping = 0.250
 
          Norm of current diis error: 0.82902E-03
          max. resid. norm for Fia-block=  3.901D-05 for orbital    101a         
          max. resid. fock norm         =  4.519D-05 for orbital    102a         

 ITERATION  ENERGY          1e-ENERGY        2e-ENERGY     NORM[dD(SAO)]  TOL
  15  -1221.4246344935    -6046.5107419     2611.7711512    0.151D+02 0.103D-11
                            Exc = -126.366925049      Eck =  2738.13807624    
                              N = 202.00382589    
                          Ediel =-0.328149942229E-01
                            current damping = 0.300
 
          Norm of current diis error: 0.46744E-03
          max. resid. norm for Fia-block=  3.037D-05 for orbital    101a         
          max. resid. fock norm         =  2.055D-04 for orbital    860a         
          mo-orthogonalization: Cholesky decomposition

 ENERGY CONVERGED !

          Overall gridpoints after grid construction =        251501

 ITERATION  ENERGY          1e-ENERGY        2e-ENERGY     NORM[dD(SAO)]  TOL
  16  -1221.4231169642    -6046.5105361     2611.7724628    0.573D-01 0.103D-11
                            Exc = -126.365369961      Eck =  2738.13783280    
                              N = 201.99968290    
                          Ediel =-0.328067866017E-01
                            current damping = 0.350
 
          Norm of current diis error: 0.27352E-03
          max. resid. norm for Fia-block=  1.179D-05 for orbital     79a         
          max. resid. fock norm         =  1.122D-04 for orbital    860a         

 End of SCF iterations

   convergence criteria satisfied after    16 iterations


   *************************************************************************
   cam                                                                      
   *************************************************************************


                  ------------------------------------------ 
                 |  total energy      =  -1221.42311696419  |
                  ------------------------------------------ 
                 :  kinetic energy    =   1213.65809595072  :
                 :  potential energy  =  -2435.08121291491  :
                 :  virial theorem    =      1.99364264446  :
                 :  wavefunction norm =      1.00000000000  :
                  .......................................... 


 <geterg> : there is no data group $energy 


 <skperg> : $end is missing 


 orbitals $scfmo  will be written to file mos

    irrep                 97a         98a         99a        100a        101a   
 eigenvalues H         -0.34724    -0.32664    -0.31200    -0.28285    -0.23882
            eV          -9.4489     -8.8883     -8.4901     -7.6969     -6.4987
 occupation              2.0000      2.0000      2.0000      2.0000      2.0000

    irrep                102a        103a        104a        105a        106a   
 eigenvalues H         -0.08978    -0.02035     0.00719     0.00772     0.01142
            eV          -2.4432     -0.5537      0.1956      0.2102      0.3108
 
 ==============================================================================
                                  COSMO RESULTS
 ==============================================================================
  PARAMETER:
    nppa:      1082
    nspa:        92
    nsph:        32
    nps:       1925
    npspher:    801
    disex:   10.0000    
    disex2:  4458.91    
    rsolv [A]: 1.3000
    routf:     0.8500
    phsran:    0.0    
    ampran:   0.10E-04
    cavity:  closed
    epsilon:     4.800
    refind:     1.300
    fepsi:      0.7169811
  CAVITY VOLUME/AREA [a.u.]:
    surface: V1.0, A matrix: V1.0
    area:  1612.18
    volume:  3337.44
  SCREENING CHARGE:
    cosmo      :  -0.054351
    correction :   0.052952
    total      :  -0.001399
  ENERGIES [a.u.]:
    Total energy            =   -1221.4231169641885
    Total energy + OC corr. =    -1221.4230541198
    Dielectric energy       =       -0.0328067866
    Diel. energy + OC corr. =       -0.0327439423
  ELEMENT RADIUS [A]: ATOM LIST
    o  1.72: 1
    n  1.83: 2-5
    c  2.00: 6-15,17,19,20,22,24,28,32,34,36,38,40,42,44,48
    h  1.30: 16,18,21,23,25-27,29-31,33,35,37,39,41,43,45-47,49-51
 ==============================================================================
 
 
 
 ==============================================================================
                           electrostatic moments
 ==============================================================================

 reference point for electrostatic moments:    0.00000   0.00000   0.00000

 
              nuc           elec       ->  total
 ------------------------------------------------------------------------------
                          charge      
 ------------------------------------------------------------------------------
         202.000000    -202.000000       0.000000
 
 ------------------------------------------------------------------------------
                       dipole moment  
 ------------------------------------------------------------------------------
   x      43.834278     -40.728739       3.105539
   y     -20.552540      19.716720      -0.835820
   z    1366.219035   -1355.579527      10.639508
 
   | dipole moment | =    11.1149 a.u. =    28.2514 debye 
 
 ------------------------------------------------------------------------------
                     quadrupole moment
 ------------------------------------------------------------------------------
  xx    1531.819488   -1673.265180    -141.445692
  yy     237.789211    -369.245492    -131.456281
  zz   37179.383479  -37211.799414     -32.415935
  xy    -368.855613     371.274028       2.418416
  xz    1193.519242   -1198.068159      -4.548917
  yz    -380.021812     381.727772       1.705959
 
     1/3  trace=    -101.772636
     anisotropy=     104.816450
 
 ==============================================================================
 
HOMO-LUMO Separation
 HOMO         :   -0.23881950 H =     -6.49861 eV
 LUMO         :   -0.08978384 H =     -2.44314 eV
 HOMO-LUMO gap:    0.14903566 H =     +4.05547 eV
 
 ==============================================================================


    ------------------------------------------------------------------------
         total  cpu-time :  2 hours 50 minutes and 21 seconds
         total wall-time :  2 hours 50 minutes and 59 seconds
    ------------------------------------------------------------------------

   ****  ridft : all done  ****


    2025-06-23 21:21:21.508 

 ridft ended normally
