
 eiger (nano14.int-nano.int.kit.edu) : TURBOMOLE rev. V7-6 19 Oct 2021 at 10:10:11 compiled Oct 19th 2021
 Copyright (C) 2021 TURBOMOLE GmbH, Karlsruhe


    2025-03-21 22:33:40.135 

 b3                                                                             
  
Total energy =  -1297.5482224660 H =    -35308.0855611 eV
 
 HOMO-LUMO Separation
   HOMO:   107.   107 a     -0.18911005 H =     -5.14595 eV
   LUMO:   108.   108 a     -0.11246378 H =     -3.06030 eV
   Gap :                    +0.07664627 H =     +2.08565 eV
 
Number of MOs=    911, Electrons=    214.00, Symmetry: c1   
 
   Nr.   Orbital    Occupation       Energy
  124.   124 a                     +0.018579 H =        +0.506 eV
  123.   123 a                     +0.017641 H =        +0.480 eV
  122.   122 a                     +0.016177 H =        +0.440 eV
  121.   121 a                     +0.014396 H =        +0.392 eV
  120.   120 a                     +0.012623 H =        +0.343 eV
  119.   119 a                     +0.009222 H =        +0.251 eV
  118.   118 a                     +0.005731 H =        +0.156 eV
  117.   117 a                     +0.002926 H =        +0.080 eV
  116.   116 a                     -0.004283 H =        -0.117 eV
  115.   115 a                     -0.007626 H =        -0.208 eV
  114.   114 a                     -0.013116 H =        -0.357 eV
  113.   113 a                     -0.014955 H =        -0.407 eV
  112.   112 a                     -0.016596 H =        -0.452 eV
  111.   111 a                     -0.031975 H =        -0.870 eV
  110.   110 a                     -0.043854 H =        -1.193 eV
  109.   109 a                     -0.062112 H =        -1.690 eV
  108.   108 a                     -0.112464 H =        -3.060 eV
  107.   107 a        2.000        -0.189110 H =        -5.146 eV
  106.   106 a        2.000        -0.236555 H =        -6.437 eV
  105.   105 a        2.000        -0.257306 H =        -7.002 eV
  104.   104 a        2.000        -0.275004 H =        -7.483 eV
  103.   103 a        2.000        -0.283404 H =        -7.712 eV
  102.   102 a        2.000        -0.308642 H =        -8.399 eV
  101.   101 a        2.000        -0.329145 H =        -8.956 eV
  100.   100 a        2.000        -0.338313 H =        -9.206 eV
   99.    99 a        2.000        -0.340191 H =        -9.257 eV
   98.    98 a        2.000        -0.345139 H =        -9.392 eV
   97.    97 a        2.000        -0.347588 H =        -9.458 eV
   96.    96 a        2.000        -0.354288 H =        -9.641 eV
   95.    95 a        2.000        -0.355433 H =        -9.672 eV
   94.    94 a        2.000        -0.358625 H =        -9.759 eV
   93.    93 a        2.000        -0.359835 H =        -9.792 eV
   92.    92 a        2.000        -0.360101 H =        -9.799 eV


    ------------------------------------------------------------------------
         total  cpu-time :   0.39 seconds
         total wall-time :   0.41 seconds
    ------------------------------------------------------------------------

   ****  eiger : all done  ****


    2025-03-21 22:33:40.526 

