
 ridft (nano14.int-nano.int.kit.edu) : TURBOMOLE rev. V7-6 19 Oct 2021 at 10:10:11 compiled Oct 19th 2021
 Copyright (C) 2021 TURBOMOLE GmbH, Karlsruhe


    2025-03-21 20:15:13.847 



                                  r i d f t

                        DFT program with RI approximation 
                                for coulomb part 




                                                 
                                 References:     
                                                 
          TURBOMOLE:                             
              R. Ahlrichs, M. Baer, M. Haeser, H. Horn, and
              C. Koelmel
              Electronic structure calculations on workstation
              computers: the program system TURBOMOLE
              Chem. Phys. Lett. 162: 165 (1989)
          Density Functional:                              
              O. Treutler and R. Ahlrichs                      
              Efficient Molecular Numerical Integration Schemes
              J. Chem. Phys. 102: 346 (1995)                   
          Parallel Version:                                
              Performance of parallel TURBOMOLE for Density    
              Functional Calculations                          
              M. v. Arnim and R. Ahlrichs                      
              J. Comp. Chem. 19: 1746 (1998)                   
          RI-J Method:                                     
              Auxiliary Basis Sets to approximate Coulomb      
              Potentials                                       
              Chem. Phys. Lett. 240: 283 (1995)                
              K. Eichkorn, O. Treutler, H. Oehm, M. Haeser     
              and R. Ahlrichs                                  
              Chem. Phys. Lett. 242: 652 (1995)                
                                                           
              Auxiliary Basis Sets for Main Row Atoms and their
              Use to approximate Coulomb Potentials            
              K. Eichkorn, F. Weigend, O. Treutler and         
              R. Ahlrichs                                      
              Theo. Chem. Acc. 97: 119 (1997)                   
                                                           
              Accurate Coulomb-fitting basis sets for H to Rn 
              F. Weigend                                        
              Phys. Chem. Chem. Phys. 8: 1057 (2006)            
                                                           
          Multipole accelerated RI-J (MARI-J):             
              Fast evaluation of the Coulomb potential for     
              electron densities using multipole accelerated   
              resolution of identity approximation             
              M. Sierka, A. Hogekamp and R. Ahlrichs           
              J. Chem. Phys. 118: 9136 (2003)                  
          RI-JK Method:                                     
              A fully direct RI-HF algorithm: Implementation,
              optimised auxiliary basis sets, demonstration of
              accuracy and efficiency                         
              F. Weigend                                      
              Phys. Chem. Chem. Phys. 4: 4285 (2002)           
          Two-component HF and DFT with spin-orbit coupling:  
              Self-consistent treatment of spin-orbit         
              interactions with efficient Hartree-Fock and    
              density functional methods                      
              M. K. Armbruster, F. Weigend, C. van Wüllen and 
              W. Klopper                                      
              Phys. Chem. Chem. Phys. 10: 1748 (2008)         
          Two-component difference density and DIIS algorithm 
              Efficient two-component self-consistent field   
              procedures and gradients: implementation in     
              TURBOMOLE and application to Au20-              
              A. Baldes, F. Weigend                           
              Mol. Phys. 111: 2617 (2013)                     
          Relativistic all-electron 2c calculations           
              An efficient implementation of two-component    
              relativistic exact-decoupling methods for large 
              molecules                                       
              D. Peng, N. Middendorf, F. Weigend, M. Reiher   
              J. Chem. Phys. 138: 184105 (2013)               
          Finite nucleus model and SNSO approximation         
              Efficient implementation of one- and two-       
              component analytical energy gradients in exact  
              two-component theory                            
              Y. J. Franzke, N. Middendorf, F. Weigend        
              J. Chem. Phys. 148: 104110 (2018)               
          Grids for all-electron relativistic methods         
              Error-consistent segmented contracted all-      
              electron relativistic basis sets of double-     
              and triple-zeta quality for NMR shielding       
              constants                                       
              Y. J. Franzke, R. Tress, T. M. Pazdera,         
              F. Weigend                                      
              Phys. Chem. Chem. Phys. 21: 166658 (2019)       
          Seminumerical exchange algorithms                   
              Seminumerical calculation of the Hartree-Fock   
              exchange matirx: Application to two-component   
              procedures and efficient evaluation of local    
              hybrid functionsl                               
               P. Plessow, F. Weigend,                        
              J. Comput. Chem. 33: 810 (2012)                 
          Improved seminumerical algorithms                   
              C. Holzer,                                      
              J. Chem. Phys. 153 (2020), 184115               
                                         




              +--------------------------------------------------+
              |      general information about current run       |
              +--------------------------------------------------+

 
 Becke-3-Parameter hybrid functional: B3-LYP
 exchange:    0.8*LDA + 0.72*B88 + 0.2*HF
 correlation: 0.19*LDA(VWN) + 0.81*LYP
 A Hybrid-DFT calculation using the RI-J approximation will be carried out.
 Allocatable memory for RI due to $ricore (MB):                  2000

   *************************************************************************
   b3                                                                       
   *************************************************************************




              +--------------------------------------------------+
              | Atomic coordinate, charge and isotop information |
              +--------------------------------------------------+

                    atomic coordinates            atom    charge  isotop
          0.30210277   -3.38629397    3.18114682    c      6.000     0
         -0.07889796    0.88169632    4.57272923    c      6.000     0
         -0.01765136    0.20288402    7.05626607    c      6.000     0
          0.37618986   -4.21790650    5.75311566    c      6.000     0
          0.21184699   -2.38287416    7.83980548    c      6.000     0
          0.27557347   -3.10916715   10.37559118    c      6.000     0
          0.13597298   -1.49786571   12.49879882    c      6.000     0
         -0.25221400    2.87870673   21.96317672    c      6.000     0
          0.00193584    0.01264321   21.78938409    c      6.000     0
          0.08248881   -0.91626130   24.25194063    c      6.000     0
         -0.10449826    1.18321157   25.98832587    c      6.000     0
         -0.11622496    1.27266233   28.60469270    c      6.000     0
         -0.00210289    0.00808671   -0.03706282    c      6.000     0
          0.07099172   -0.80995778    2.62482978    n      7.000     0
          2.04289372    4.31186066   20.92892205    c      6.000     0
         -2.76468519    3.88424588   20.92889598    c      6.000     0
         -0.29308934    3.33995694   24.67899190    o      8.000     0
          0.31316447   -3.52334523   24.85523569    c      6.000     0
          0.07444671   -0.93546413   30.14253424    c      6.000     0
         -0.33088972    3.65986377   29.85193159    c      6.000     0
          0.50534036   -5.68984196   25.16633186    n      7.000     0
          0.22363302   -2.68067081   31.46973293    n      7.000     0
         -0.50541065    5.58851296   30.89072840    n      7.000     0
          0.20669352   -2.31917432   14.98029400    c      6.000     0
          0.06534578   -0.68553462   17.09365164    c      6.000     0
          0.13438485   -1.49158143   19.57723667    c      6.000     0
         -0.25539025    2.83993484   -0.47798506    c      6.000     0
          0.46386691   -5.18297962    1.21053871    c      6.000     0
          0.69395335   -7.74432065    1.73564579    c      6.000     0
          0.76930656   -8.58615093    4.24403934    c      6.000     0
          0.61219945   -6.84030685    6.19331602    c      6.000     0
         -0.25500078    2.85971366    4.04343678    h      1.000     0
         -0.15108833    1.70949614    8.45226837    h      1.000     0
          0.45062900   -5.11757166   10.81069892    h      1.000     0
         -0.04020222    0.54432522   12.19712975    h      1.000     0
          1.73655664   -0.67206844   -0.96561055    h      1.000     0
         -1.59251265   -0.96961205   -0.96557522    h      1.000     0
          2.16956792    4.13882525   18.86270364    h      1.000     0
          1.87731932    6.32510911   21.42165170    h      1.000     0
          3.79908348    3.57200624   21.75891358    h      1.000     0
         -2.85872382    3.69197154   18.86247290    h      1.000     0
         -4.36300346    2.84645345   21.75934784    h      1.000     0
         -2.95725962    5.89516921   21.42141152    h      1.000     0
          0.38181142   -4.35087860   15.34775295    h      1.000     0
         -0.10903909    1.33557717   16.68084551    h      1.000     0
          0.31135770   -3.52739283   19.90971698    h      1.000     0
         -0.28519728    3.17115149   -2.53085540    h      1.000     0
         -2.02269122    3.61355281    0.29996662    h      1.000     0
          1.34703930    3.91547360    0.29902214    h      1.000     0
          0.41081758   -4.58747438   -0.75628691    h      1.000     0
          0.81542004   -9.09330788    0.17655995    h      1.000     0
          0.95017848  -10.59771223    4.66954009    h      1.000     0
          0.67423746   -7.52631731    8.13338124    h      1.000     0
 
       center of nuclear mass  :    0.08324281   -0.93550461   15.41118233
       center of nuclear charge:    0.07965110   -0.89415019   15.13548968

              +--------------------------------------------------+
              |               basis set information              |
              +--------------------------------------------------+

              we will work with the 1s 3p 5d 7f 9g ... basis set
              ...i.e. with spherical basis functions...

   type   atoms  prim   cont   basis
   ---------------------------------------------------------------------------
    c       26     43     23   aug-cc-pVDZ   [4s3p2d|18s5p2d]
    n        4     43     23   aug-cc-pVDZ   [4s3p2d|18s5p2d]
    o        1     43     23   aug-cc-pVDZ   [4s3p2d|18s5p2d]
    h       22     11      9   aug-cc-pVDZ   [3s2p|5s2p]
   ---------------------------------------------------------------------------
   total:   53   1575    911
   ---------------------------------------------------------------------------

   total number of primitive shells          :   82
   total number of contracted shells         :  389
   total number of cartesian basis functions :  973
   total number of SCF-basis functions       :  911


 integral neglect threshold       :  0.34E-11
 integral storage threshold THIZE :  0.10E-04
 integral storage threshold THIME :         5

 RI-J AUXILIARY BASIS SET information:

              we will work with the 1s 3p 5d 7f 9g ... basis set
              ...i.e. with spherical basis functions...

   type   atoms  prim   cont   basis
   ---------------------------------------------------------------------------
    c       26     70     49   aug-cc-pVDZ   [6s4p3d1f1g|12s5p4d2f1g]
    n        4     70     49   aug-cc-pVDZ   [6s4p3d1f1g|12s5p4d2f1g]
    o        1     70     49   aug-cc-pVDZ   [6s4p3d1f1g|12s5p4d2f1g]
    h       22     16     11   aug-cc-pVDZ   [3s1p1d|5s2p1d]
   ---------------------------------------------------------------------------
   total:   53   2522   1761
   ---------------------------------------------------------------------------

   total number of primitive shells          :   80
   total number of contracted shells         :  575
   total number of cartesian basis functions : 2155
   total number of SCF-basis functions       : 1761


 symmetry group of the molecule :   c1 

 the group has the following generators :
   c1(z)

    1 symmetry operations found

 there are 1 real representations :   a   

 maximum number of shells which are related by symmetry :  1

 ==============================================================================
                      COSMO switched on
 ==============================================================================
 COSMO stati: segments per atom: H   32 other atoms   92
 COSMO statistics: nps   1997 npspher:    816
 COSMO surface:
   number of segments: 1997
   area (bohr**2):     1644.179173
   volume (bohr**3):   3439.152393
 COSMO: check number of disjunct cavities:

       ... OK contiguous cavity found
  
           ------------------
           density functional
           ------------------
 Becke-3-Parameter hybrid functional: B3-LYP
 exchange:    0.8*LDA + 0.72*B88 + 0.2*HF
 correlation: 0.19*LDA(VWN) + 0.81*LYP

 iterations will be done with small grid
  
 spherical integration : Lebedev's spherical grid
 spherical gridsize    :                     3
    i.e. gridpoints    :                   302
 value for diffuse not defined
 radial integration    : Chebyshev 2nd kind (scaling 3)
 radial gridsize       :                     3
 integration cells     :                    53
 partition function    : becke
 partition sharpness   :                     3
  

 biggest AO integral is expected to be     4.738267915

          ------------------------
          nuclear repulsion energy  :   2508.36349417    
          ------------------------


         -----------------
         -S,T+V- integrals
         -----------------

 1e-integrals will be neglected if expon. factor < 0.343470E-12
 
   Difference densities algorithm switched on.
   The maximal number of linear combinations of
   difference densities is                    20 .

 DIIS switched on: error vector is FDS-SDF
 Max. Iterations for DIIS is     :   4
 DIIS matrix (see manual) 
    Scaling factor of diagonals  :  1.200
    threshold for scaling factor :  0.000

 scf convergence criterion : increment of total energy < .1000000D-06
                  and increment of one-electron energy < .1000000D-03

 MOs are in ASCII format !


    mo occupation :
   irrep   mo's   occupied
    a      911      107
 
 number of basis functions   :   911
 number of occupied orbitals :   107
 

 reading orbital data $scfmo  from file mos
 orbital characterization : expanded
 virtual MOs provided and orthogonalized by Cholesky decomposition

 automatic virtual orbital shift switched on 
      shift if e(lumo)-e(homo) < 0.10000000    

  
           ------------------------
               RI-J - INFORMATION
           ------------------------
 Contributions to RI integral batches: 
  neglected integral batches:                 24352
  direct contribution:                        23300
  memory contribution:                 28203
 Memory core needed for (P|Q) and Cholesky     24 MByte
 Memory core minimum needed except of (P|Q)     2 MByte
 Total minimum memory core needed (sum)        26 MByte
  
 ****************************************
 Memory allocated for RI-J  1729 MByte
 ****************************************
                                            

 DSCF restart information will be dumped onto file mos


 Starting SCF iterations

          Overall gridpoints after grid construction =         71974

 ITERATION  ENERGY          1e-ENERGY        2e-ENERGY     NORM[dD(SAO)]  TOL
   1  -1292.3283143179    -6682.4444518     2881.7526433    0.000D+00 0.343D-11
                            Exc = -146.100410310     Coul =  3062.49097515    
                            exK = -34.6379215518    
                              N = 214.01362252    
                          Ediel =-0.205938179246    
                            current damping = 0.300
 
          max. resid. norm for Fia-block=  3.645D-01 for orbital     93a         
          max. resid. fock norm         =  1.312D+00 for orbital    880a         

 ITERATION  ENERGY          1e-ENERGY        2e-ENERGY     NORM[dD(SAO)]  TOL
   2  -1296.8516585865    -6739.1330111     2933.9178583    0.208D+03 0.820D-12
                            Exc = -148.644236110      Eck =  3082.56209442    
                              N = 214.00893646    
                          Ediel =-0.484867569091E-01
                            current damping = 0.250
 
          Norm of current diis error:  3.3128    
          max. resid. norm for Fia-block=  1.580D-01 for orbital     99a         
          max. resid. fock norm         =  3.041D-01 for orbital    890a         

 ITERATION  ENERGY          1e-ENERGY        2e-ENERGY     NORM[dD(SAO)]  TOL
   3  -1297.0364360396    -6734.0926875     2928.6927572    0.509D+02 0.744D-12
                            Exc = -149.561800106      Eck =  3078.25455735    
                              N = 214.00777097    
                          Ediel =-0.972259515172E-01
                            current damping = 0.200
 
          Norm of current diis error:  2.8035    
          max. resid. norm for Fia-block=  9.462D-02 for orbital    101a         
          max. resid. fock norm         =  1.048D-01 for orbital    101a         

 ITERATION  ENERGY          1e-ENERGY        2e-ENERGY     NORM[dD(SAO)]  TOL
   4  -1297.5093953372    -6734.8588086     2928.9859191    0.152D+02 0.725D-12
                            Exc = -148.949607082      Eck =  3077.93552614    
                              N = 214.00775668    
                          Ediel =-0.360410004817E-01
                            current damping = 0.250
 
          Norm of current diis error: 0.86115    
          max. resid. norm for Fia-block=  2.439D-02 for orbital     96a         
          max. resid. fock norm         =  3.020D-02 for orbital     40a         
          irrep a   : virtual orbitals shifted by    0.00216

 ITERATION  ENERGY          1e-ENERGY        2e-ENERGY     NORM[dD(SAO)]  TOL
   5  -1297.5449115114    -6737.7058226     2931.7974169    0.526D+01 0.721D-12
                            Exc = -149.172364636      Eck =  3080.96978151    
                              N = 214.00753191    
                          Ediel =-0.390631151243E-01
                            current damping = 0.150
 
          Norm of current diis error: 0.30900    
          max. resid. norm for Fia-block=  1.523D-02 for orbital     32a         
          max. resid. fock norm         =  2.093D-02 for orbital     32a         
          irrep a   : virtual orbitals shifted by    0.01049
          mo-orthogonalization: Cholesky decomposition

 ITERATION  ENERGY          1e-ENERGY        2e-ENERGY     NORM[dD(SAO)]  TOL
   6  -1297.5481189380    -6738.0637250     2932.1521119    0.170D+01 0.720D-12
                            Exc = -149.228034684      Eck =  3081.38014662    
                              N = 214.00749824    
                          Ediel =-0.391042595201E-01
                            current damping = 0.100
 
          Norm of current diis error: 0.17851    
          max. resid. norm for Fia-block=  5.778D-03 for orbital     32a         
          max. resid. fock norm         =  8.511D-03 for orbital     66a         
          irrep a   : virtual orbitals shifted by    0.01553

 ITERATION  ENERGY          1e-ENERGY        2e-ENERGY     NORM[dD(SAO)]  TOL
   7  -1297.5496284325    -6737.3157604     2931.4026378    0.855D+00 0.720D-12
                            Exc = -149.183566027      Eck =  3080.58620379    
                              N = 214.00751493    
                          Ediel =-0.393107451067E-01
                            current damping = 0.150
 
          Norm of current diis error: 0.75559E-01
          max. resid. norm for Fia-block=  2.479D-03 for orbital    101a         
          max. resid. fock norm         =  2.895D-03 for orbital     90a         
          irrep a   : virtual orbitals shifted by    0.01198

 ITERATION  ENERGY          1e-ENERGY        2e-ENERGY     NORM[dD(SAO)]  TOL
   8  -1297.5498994548    -6737.4830512     2931.5696576    0.284D+00 0.720D-12
                            Exc = -149.184839473      Eck =  3080.75449704    
                              N = 214.00751512    
                          Ediel =-0.387096608540E-01
                            current damping = 0.200
 
          Norm of current diis error: 0.31406E-01
          max. resid. norm for Fia-block=  1.042D-03 for orbital    101a         
          max. resid. fock norm         =  1.153D-03 for orbital     34a         
          irrep a   : virtual orbitals shifted by    0.00803

 ITERATION  ENERGY          1e-ENERGY        2e-ENERGY     NORM[dD(SAO)]  TOL
   9  -1297.5499493754    -6737.5521581     2931.6387146    0.927D-01 0.720D-12
                            Exc = -149.190692073      Eck =  3080.82940663    
                              N = 214.00751194    
                          Ediel =-0.387910257425E-01
                            current damping = 0.100
 
          Norm of current diis error: 0.12700E-01
          max. resid. norm for Fia-block=  3.858D-04 for orbital    101a         
          max. resid. fock norm         =  6.784D-04 for orbital     89a         
          irrep a   : virtual orbitals shifted by    0.01566

 ITERATION  ENERGY          1e-ENERGY        2e-ENERGY     NORM[dD(SAO)]  TOL
  10  -1297.5499566317    -6737.5171680     2931.6037172    0.593D-01 0.720D-12
                            Exc = -149.189831355      Eck =  3080.79354853    
                              N = 214.00751230    
                          Ediel =-0.388725918955E-01
                            current damping = 0.150
 
          Norm of current diis error: 0.59103E-02
          max. resid. norm for Fia-block=  1.972D-04 for orbital    101a         
          max. resid. fock norm         =  2.820D-04 for orbital     89a         
          irrep a   : virtual orbitals shifted by    0.01187
          mo-orthogonalization: Cholesky decomposition

 ITERATION  ENERGY          1e-ENERGY        2e-ENERGY     NORM[dD(SAO)]  TOL
  11  -1297.5499583947    -6737.5229035     2931.6094509    0.333D-01 0.720D-12
                            Exc = -149.189045519      Eck =  3080.79849642    
                              N = 214.00751295    
                          Ediel =-0.388011222528E-01
                            current damping = 0.200
 
          Norm of current diis error: 0.25416E-02
          max. resid. norm for Fia-block=  9.068D-05 for orbital    101a         
          max. resid. fock norm         =  9.612D-05 for orbital     34a         
          irrep a   : virtual orbitals shifted by    0.00803

 ITERATION  ENERGY          1e-ENERGY        2e-ENERGY     NORM[dD(SAO)]  TOL
  12  -1297.5499586833    -6737.5191944     2931.6057415    0.242D-01 0.720D-12
                            Exc = -149.189401126      Eck =  3080.79514263    
                              N = 214.00751279    
                          Ediel =-0.388203050874E-01
                            current damping = 0.250
 
          Norm of current diis error: 0.12929E-02
          max. resid. norm for Fia-block=  3.806D-05 for orbital    101a         
          max. resid. fock norm         =  5.003D-05 for orbital    903a         
          irrep a   : virtual orbitals shifted by    0.00419

 ITERATION  ENERGY          1e-ENERGY        2e-ENERGY     NORM[dD(SAO)]  TOL
  13  -1297.5499587867    -6737.5223643     2931.6089114    0.142D-01 0.719D-12
                            Exc = -149.189381734      Eck =  3080.79829310    
                              N = 214.00751276    
                          Ediel =-0.388111888420E-01
                            current damping = 0.300
 
          Norm of current diis error: 0.37194E-03
          max. resid. norm for Fia-block=  1.202D-05 for orbital     99a         
          max. resid. fock norm         =  7.601D-05 for orbital    894a         
          irrep a   : virtual orbitals shifted by    0.00036

 ITERATION  ENERGY          1e-ENERGY        2e-ENERGY     NORM[dD(SAO)]  TOL
  14  -1297.5499588225    -6737.5218323     2931.6083793    0.266D-01 0.716D-12
                            Exc = -149.189397356      Eck =  3080.79777665    
                              N = 214.00751279    
                          Ediel =-0.388136692598E-01
                            current damping = 0.350
 
          Norm of current diis error: 0.12852E-03
          max. resid. norm for Fia-block=  7.027D-06 for orbital     99a         
          max. resid. fock norm         =  1.412D-04 for orbital    315a         

 ENERGY CONVERGED !

          Overall gridpoints after grid construction =        262421

 ITERATION  ENERGY          1e-ENERGY        2e-ENERGY     NORM[dD(SAO)]  TOL
  15  -1297.5482224662    -6737.5217717     2931.6100550    0.514D+02 0.977D-12
                            Exc = -149.187641550      Eck =  3080.79769660    
                              N = 213.99976624    
                          Ediel =-0.388117292247E-01
                            current damping = 0.400
 
          Norm of current diis error: 0.69822E-04
          max. resid. norm for Fia-block=  1.082D-05 for orbital     34a         
          max. resid. fock norm         =  1.557D-03 for orbital    853a         

 End of SCF iterations

   convergence criteria satisfied after    15 iterations


   *************************************************************************
   b3                                                                       
   *************************************************************************


                  ------------------------------------------ 
                 |  total energy      =  -1297.54822246620  |
                  ------------------------------------------ 
                 :  kinetic energy    =   1290.00325660009  :
                 :  potential energy  =  -2587.55147906629  :
                 :  virial theorem    =      1.99418521352  :
                 :  wavefunction norm =      1.00000000000  :
                  .......................................... 


 <geterg> : there is no data group $energy 


 <skperg> : $end is missing 


 orbitals $scfmo  will be written to file mos

    irrep                103a        104a        105a        106a        107a   
 eigenvalues H         -0.28340    -0.27500    -0.25731    -0.23656    -0.18911
            eV          -7.7119     -7.4833     -7.0017     -6.4371     -5.1460
 occupation              2.0000      2.0000      2.0000      2.0000      2.0000

    irrep                108a        109a        110a        111a        112a   
 eigenvalues H         -0.11246    -0.06211    -0.04385    -0.03198    -0.01660
            eV          -3.0603     -1.6902     -1.1933     -0.8701     -0.4516
 
 ==============================================================================
                                  COSMO RESULTS
 ==============================================================================
  PARAMETER:
    nppa:      1082
    nspa:        92
    nsph:        32
    nps:       1997
    npspher:    816
    disex:   10.0000    
    disex2:  4508.77    
    rsolv [A]: 1.3000
    routf:     0.8500
    phsran:    0.0    
    ampran:   0.10E-04
    cavity:  closed
    epsilon:     4.800
    refind:     1.300
    fepsi:      0.7169811
  CAVITY VOLUME/AREA [a.u.]:
    surface: V1.0, A matrix: V1.0
    area:  1644.18
    volume:  3439.15
  SCREENING CHARGE:
    cosmo      :  -0.053615
    correction :   0.052140
    total      :  -0.001475
  ENERGIES [a.u.]:
    Total energy            =   -1297.5482224662032
    Total energy + OC corr. =    -1297.5481709709
    Dielectric energy       =       -0.0388117292
    Diel. energy + OC corr. =       -0.0387602339
  ELEMENT RADIUS [A]: ATOM LIST
    c  2.00: 1-13,15,16,18-20,24-31
    n  1.83: 14,21-23
    o  1.72: 17
    h  1.30: 32-53
 ==============================================================================
 
 
 
 ==============================================================================
                           electrostatic moments
 ==============================================================================

 reference point for electrostatic moments:    0.00000   0.00000   0.00000

 
              nuc           elec       ->  total
 ------------------------------------------------------------------------------
                          charge      
 ------------------------------------------------------------------------------
         214.000000    -214.000000       0.000000
 
 ------------------------------------------------------------------------------
                       dipole moment  
 ------------------------------------------------------------------------------
   x      17.045335     -17.134524      -0.089189
   y    -191.348141     192.447217       1.099076
   z    3238.994791   -3253.361033     -14.366241
 
   | dipole moment | =    14.4085 a.u. =    36.6227 debye 
 
 ------------------------------------------------------------------------------
                     quadrupole moment
 ------------------------------------------------------------------------------
  xx     163.325974    -302.113111    -138.787137
  yy    3161.004005   -3305.967731    -144.963725
  zz   73299.062062  -73932.968608    -633.906547
  xy    -269.478700     270.040046       0.561346
  xz     -52.588729      50.335270      -2.253459
  yz     550.879743    -522.693081      28.186662
 
     1/3  trace=    -305.885803
     anisotropy=     494.492543
 
 ==============================================================================
 
HOMO-LUMO Separation
 HOMO         :   -0.18911005 H =     -5.14595 eV
 LUMO         :   -0.11246378 H =     -3.06030 eV
 HOMO-LUMO gap:    0.07664627 H =     +2.08565 eV
 
 ==============================================================================


    ------------------------------------------------------------------------
         total  cpu-time :  2 hours 18 minutes and  7 seconds
         total wall-time :  2 hours 18 minutes and 26 seconds
    ------------------------------------------------------------------------

   ****  ridft : all done  ****


    2025-03-21 22:33:39.924 

