
 eiger (nano21.int-nano.int.kit.edu) : TURBOMOLE rev. V7-6 19 Oct 2021 at 10:10:11 compiled Oct 19th 2021
 Copyright (C) 2021 TURBOMOLE GmbH, Karlsruhe


    2025-04-08 13:02:25.328 

 b3                                                                             
  
Total energy =  -1089.0917542490 H =    -29635.6961361 eV
 
 HOMO-LUMO Separation
   HOMO:    86.    86 a     -0.20339152 H =     -5.53457 eV
   LUMO:    87.    87 a     -0.10658827 H =     -2.90041 eV
   Gap :                    +0.09680326 H =     +2.63415 eV
 
Number of MOs=    710, Electrons=    172.00, Symmetry: c1   
 
   Nr.   Orbital    Occupation       Energy
  103.   103 a                     +0.028846 H =        +0.785 eV
  102.   102 a                     +0.025041 H =        +0.681 eV
  101.   101 a                     +0.020261 H =        +0.551 eV
  100.   100 a                     +0.017184 H =        +0.468 eV
   99.    99 a                     +0.015639 H =        +0.426 eV
   98.    98 a                     +0.008583 H =        +0.234 eV
   97.    97 a                     +0.006431 H =        +0.175 eV
   96.    96 a                     +0.003697 H =        +0.101 eV
   95.    95 a                     +0.002382 H =        +0.065 eV
   94.    94 a                     -0.005241 H =        -0.143 eV
   93.    93 a                     -0.008542 H =        -0.232 eV
   92.    92 a                     -0.017419 H =        -0.474 eV
   91.    91 a                     -0.024539 H =        -0.668 eV
   90.    90 a                     -0.034449 H =        -0.937 eV
   89.    89 a                     -0.051991 H =        -1.415 eV
   88.    88 a                     -0.069470 H =        -1.890 eV
   87.    87 a                     -0.106588 H =        -2.900 eV
   86.    86 a        2.000        -0.203392 H =        -5.535 eV
   85.    85 a        2.000        -0.243028 H =        -6.613 eV
   84.    84 a        2.000        -0.252544 H =        -6.872 eV
   83.    83 a        2.000        -0.272524 H =        -7.416 eV
   82.    82 a        2.000        -0.285803 H =        -7.777 eV
   81.    81 a        2.000        -0.290515 H =        -7.905 eV
   80.    80 a        2.000        -0.304091 H =        -8.275 eV
   79.    79 a        2.000        -0.305206 H =        -8.305 eV
   78.    78 a        2.000        -0.307120 H =        -8.357 eV
   77.    77 a        2.000        -0.333481 H =        -9.074 eV
   76.    76 a        2.000        -0.338110 H =        -9.200 eV
   75.    75 a        2.000        -0.346019 H =        -9.416 eV
   74.    74 a        2.000        -0.356323 H =        -9.696 eV
   73.    73 a        2.000        -0.361574 H =        -9.839 eV
   72.    72 a        2.000        -0.371312 H =       -10.104 eV
   71.    71 a        2.000        -0.371798 H =       -10.117 eV


    ------------------------------------------------------------------------
         total  cpu-time :   0.29 seconds
         total wall-time :   2.89 seconds
    ------------------------------------------------------------------------

   ****  eiger : all done  ****


    2025-04-08 13:02:28.201 

