
 riper (nano21.int-nano.int.kit.edu) : TURBOMOLE rev. V7-6 19 Oct 2021 at 10:10:11 compiled Oct 19th 2021
 Copyright (C) 2021 TURBOMOLE GmbH, Karlsruhe


    2025-04-08 19:28:40.272 

 Number of MKL threads:      1

   *************************************************************************
   b3                                                                       
   *************************************************************************


    
    *************************************************************************
    *************************************************************************
    ***            _            _                   _     _               ***
    ***           | |_ _  _ _ _| |__  ___ _ __  ___| |___( )___           ***
    ***           |  _| || | '_| '_ \/ _ \ '  \/ _ \ / -_)/(_-<           ***
    ***            \__|\_,_|_| |_.__/\___/_|_|_\___/_\___| /__/           ***
    ***                      ___   ___                                    ***
    ***             //   ) )    / /    //   ) ) //   / /  //   ) )        ***
    ***            //___/ /    / /    //___/ / //____    //___/ /         ***
    ***           / ___ (     / /    / ____ / / ____    / ___ (           ***
    ***          //   | |    / /    //       //        //   | |           ***
    ***         //    | | __/ /___ //       //____/ / //    | |           ***
    ***                                                                   ***
    *************************************************************************
    *************************************************************************
    *************************** PROGRAM RIPER *******************************
    ****** Density Functional Theory with periodic boundary conditions ******
    ******                                                             ******
    ****** Developed by the groups in Jena   (M. Sierka)               ******
    ******                        and Munich (A. Burow)                ******
    *************************************************************************
    
    
                               References:                                  
    
    (1) General implementation:                                             
        R. Lazarski, A. M. Burow, M. Sierka                                 
        Density Functional Theory for Molecular and Periodic Systems Using  
        Density Fitting and Continuous Fast Multipole Methods               
        J. Chem. Theory Comput. 2015, 11, 3029-3041                         
        R. Lazarski, A. M. Burow, L. Grajciar, M. Sierka                    
        Density Functional Theory for Molecular and Periodic Systems Using  
        Density Fitting and Continuous Fast Multipole Methods: Analytical   
        Gradients                                                           
        J. Comput. Chem. 2016, 57, 2518–2526                                
    (2) DFT implementation:                                                 
        A. M. Burow, M. Sierka                                              
        Linear Scaling Hierarchical Integration Scheme For the              
        Exchange-Correlation Term in Molecular and Periodic Systems         
        J. Chem. Theory Comput. 2011, 7, 3097-3104                          
    (3) RI/DF approximation:                                                
        A. M. Burow, M. Sierka, F. Mohamed                                  
        Resolution of Identity Approximation for the Coulomb Term in        
        Molecular and Periodic Systems                                      
        J. Chem. Phys. 2009, 131, 214101/1-214101/6                         
    (4) Low-Memory Iterative Density Fitting (LMIDF) method:                
        L. Grajciar                                                         
        Low-Memory Iterative Density Fitting                                
        J. Comput. Chem. 2015, 36, 1521-1535                                
    


              +--------------------------------------------------+
              | Atomic coordinate, charge and isotop information |
              +--------------------------------------------------+

                    atomic coordinates            atom    charge  isotop
         -3.36595242    7.00398816   -0.23076581    c      6.000     0
         -0.98564081    8.21069442   -0.35336191    c      6.000     0
          1.25128066    6.86375007   -0.31434503    c      6.000     0
          1.23719798    4.20131336   -0.14303543    c      6.000     0
          3.52655627    2.76480254   -0.12373216    c      6.000     0
          3.49551593    0.18690014    0.04818482    c      6.000     0
          1.18011380   -1.21229421    0.23591983    c      6.000     0
          1.13402115   -3.91435723    0.44317684    c      6.000     0
         -1.25400725   -5.10898657    0.56575335    c      6.000     0
         -3.49825946   -3.76385194    0.46997715    c      6.000     0
         -3.50550688   -1.10861649    0.28808263    c      6.000     0
         -5.79333698    0.32640250    0.23294186    c      6.000     0
         -5.77688486    2.90433837    0.07208494    c      6.000     0
         -3.45352212    4.30298262   -0.05555764    c      6.000     0
         -1.12528636    2.89750326   -0.00512912    c      6.000     0
         -1.14302760    0.19028626    0.17674742    c      6.000     0
         -5.67930097    8.48623284   -0.28481018    c      6.000     0
          3.46304206   -5.38914138    0.55111679    c      6.000     0
         -5.89513920   11.02096470   -0.43129784    c      6.000     0
          3.63155485   -7.89279025   -0.04202658    c      6.000     0
          5.70373259   -9.42080350    0.20539405    n      7.000     0
          5.83527610  -11.76938076   -1.20070666    c      6.000     0
          8.05085432   -8.40470002    1.17170071    c      6.000     0
         -8.37284631   12.19942105   -0.46617697    n      7.000     0
         -8.38639420   14.51383936   -0.59688547    o      8.000     0
        -10.27043053   10.87542766   -0.36694688    o      8.000     0
         -0.90352497   10.26781026   -0.48765262    h      1.000     0
          3.06031800    7.85568588   -0.41921852    h      1.000     0
          5.32372665    3.77466523   -0.26536861    h      1.000     0
          5.28817213   -0.82789481    0.01606743    h      1.000     0
         -1.34046706   -7.15599697    0.81301079    h      1.000     0
         -5.30242132   -4.76610791    0.58484508    h      1.000     0
         -7.59296109   -0.68617059    0.32425658    h      1.000     0
         -7.57835796    3.90055937    0.03863572    h      1.000     0
         -7.49034653    7.50384015   -0.20073567    h      1.000     0
          5.17674239   -4.40609514    1.13385829    h      1.000     0
         -4.39331289   12.42079810   -0.53331020    h      1.000     0
          1.97856569   -8.87595855   -0.80429421    h      1.000     0
          3.91686222  -12.47758155   -1.57416845    h      1.000     0
          6.80891784  -11.55506712   -3.04399542    h      1.000     0
          6.85545329  -13.21718326   -0.10349818    h      1.000     0
          9.35733899   -9.96194804    1.60463570    h      1.000     0
          8.99517739   -7.11957896   -0.18846843    h      1.000     0
          7.70760170   -7.33751836    2.92620953    h      1.000     0
 
       center of nuclear mass  :   -1.19719304    1.55315391   -0.01866557
       center of nuclear charge:   -1.05607567    1.35931644   -0.01827679

   * BASIS SET information:

              +--------------------------------------------------+
              |               basis set information              |
              +--------------------------------------------------+

              we will work with the 1s 3p 5d 7f 9g ... basis set
              ...i.e. with spherical basis functions...

   type   atoms  prim   cont   basis
   ---------------------------------------------------------------------------
    c       22     43     23   aug-cc-pVDZ   [4s3p2d|18s5p2d]
    n        2     43     23   aug-cc-pVDZ   [4s3p2d|18s5p2d]
    o        2     43     23   aug-cc-pVDZ   [4s3p2d|18s5p2d]
    h       18     11      9   aug-cc-pVDZ   [3s2p|5s2p]
   ---------------------------------------------------------------------------
   total:   44   1316    760
   ---------------------------------------------------------------------------

   total number of primitive shells          :   82
   total number of contracted shells         :  324
   total number of cartesian basis functions :  812
   total number of SCF-basis functions       :  760


   * AUXILIARY RI-J BASIS SET information:

              +--------------------------------------------------+
              |               basis set information              |
              +--------------------------------------------------+

              we will work with the 1s 3p 5d 7f 9g ... basis set
              ...i.e. with spherical basis functions...

   type   atoms  prim   cont   basis
   ---------------------------------------------------------------------------
    c       22     70     49   aug-cc-pVDZ   [6s4p3d1f1g|12s5p4d2f1g]
    n        2     70     49   aug-cc-pVDZ   [6s4p3d1f1g|12s5p4d2f1g]
    o        2     70     49   aug-cc-pVDZ   [6s4p3d1f1g|12s5p4d2f1g]
    h       18     16     11   aug-cc-pVDZ   [3s1p1d|5s2p1d]
   ---------------------------------------------------------------------------
   total:   44   2108   1472
   ---------------------------------------------------------------------------

   total number of primitive shells          :   80
   total number of contracted shells         :  480
   total number of cartesian basis functions : 1802
   total number of SCF-basis functions       : 1472

  Keyword $riper not found - using default options 
               
              +--------------------------------------------------+
              |       Summary of SCF and related options         |
              +--------------------------------------------------+
               
       Energy calculation only 
       Diagonalization method set to:                                2
       Maximum number of SCF iterations included in the DIIS:        4
       Automatic orbital shift for HOMO-LUMO gap below:           0.1000E+00
               
              +--------------------------------------------------+
              |      SCREENING OF BASIS FUNCTION PRODUCTS        |
              +--------------------------------------------------+
               
         Threshold for shell products neglect:          0.4E-12
         Tolerance for shell products extents:          0.1E-06
         The biggest integral is expected to be:        0.2E+01
         Number of {mu,nu} shell products:                42785
        
               
              +--------------------------------------------------+
              |             INITIAL ORBITALS/BANDS               |
              +--------------------------------------------------+
               
  Bands restarted from             RIPER.BANDS
  Bands occupations restarted from RIPER.BANDS.OCCUPATIONS
  Bands energies restarted from    RIPER.BANDS.ENERGIES
              
              +--------------------------------------------------+
              |         Calculation of quantities on grid        |
              +--------------------------------------------------+
              
 Creating .cub files
   *grid construction*
   *plotting orbital     1 of     2*
   calculating values on grid points
   writing orbital values to   orb_k_1_1_1_a_90_real.cub
   *plotting orbital     2 of     2*
   calculating values on grid points
   writing orbital values to   orb_k_1_1_1_a_91_real.cub
 

    ------------------------------------------------------------------------
    RIPER profiling                cpu                    wall         ratio
    ------------------------------------------------------------------------
    module                         sec     %               sec     %
    ------------------------------------------------------------------------
    RIPER                         4.6   99.98            8.0   99.99   0.6
    Preliminaries                 0.1    3.21            0.2    2.25   0.8
    preescrening                  0.1    1.89            0.1    1.09   1.0
    T+S matrix                    0.0    0.34            0.0    0.19   1.0
    BANDS init                    0.0    0.41            0.5    6.68   0.0
    Properties                    4.4   96.02            7.2   90.84   0.6
    Orbital plot                  4.3   93.07            7.1   89.10   0.6
    ------------------------------------------------------------------------
    sum                          13.5  294.91           23.1  290.14   0.6
    ------------------------------------------------------------------------


    ------------------------------------------------------------------------
         total  cpu-time :   4.59 seconds
         total wall-time :   7.96 seconds
    ------------------------------------------------------------------------

   ****  riper : all done  ****


    2025-04-08 19:28:48.210 

